********************************************************************************
product = Open Liberty 24.0.0.2 (wlp-1.0.86.cl240220240212-1928)
wlp.install.dir = C:/Users/user/Desktop/0Code/backend/target/liberty/wlp/
java.home = C:\Program Files\Java\jdk-21
java.version = 21.0.2
java.runtime = Java(TM) SE Runtime Environment (21.0.2+13-LTS-58)
os = Windows 10 (10.0; amd64) (fr_FR)
process = 1664@DESKTOP-2FC2OC6
Classpath = C:\Users\user\Desktop\0Code\backend\target\liberty\wlp\bin\tools\ws-server.jar
Java Library path = C:\Program Files\Java\jdk-21\bin;C:\WINDOWS\Sun\Java\bin;C:\WINDOWS\system32;C:\WINDOWS;C:\app\user\product\11.2.0\dbhome_1\bin;C:\Program Files\Common Files\Oracle\Java\javapath;C:\oraclexe\app\oracle\product\11.2.0\server\bin;"C:\xampp\php;C:\WINDOWS\system32";C:\WINDOWS;C:\WINDOWS\System32\Wbem;C:\WINDOWS\System32\WindowsPowerShell\v1.0\;C:\WINDOWS\System32\OpenSSH\;C:\Program Files\Microsoft SQL Server\150\Tools\Binn\;C:\Program Files\Microsoft SQL Server\Client SDK\ODBC\170\Tools\Binn\;C:\Program Files\Git\cmd;C:\xampp12\php;C:\ProgramData\ComposerSetup\bin;C:\Program Files\Java\jdk-21\bin;C:\Program Files\apache-maven-3.9.6-bin\apache-maven-3.9.6\bin;C:\Windows\System32\windowsPowerShell\v1.0\;C:\WINDOWS\System32\WindowsPowerShell\v1.0\;C:\Windows\System32;C:\WINDOWS\System32\cmd\;C:\WINDOWS\system32\cmd;C:\Users\user\AppData\Local\Microsoft\WindowsApps;C:\Users\user\AppData\Local\Programs\Microsoft VS Code\bin;C:\Program Files\JetBrains\IntelliJ IDEA Community Edition 2023.3.2\bin;C:\Users\user\AppData\Roaming\Composer\vendor\bin;C:\Users\user\AppData\Roaming\Microsoft\Windows\Start Menu\Programs\System Tools\cmd;.
********************************************************************************
[14/03/2024 13:36:00:728 WET] 00000001 com.ibm.ws.kernel.launch.internal.FrameworkManager           A CWWKE0001I: Le serveur gestioncontactServer a été lancé.
[14/03/2024 13:36:02:764 WET] 00000001 com.ibm.ws.kernel.launch.internal.FrameworkManager           I CWWKE0002I: Noyau démarré après 2,672 secondes
[14/03/2024 13:36:02:903 WET] 00000031 com.ibm.ws.kernel.feature.internal.FeatureManager            I CWWKF0007I: Mise à jour de fonction démarrée.
[14/03/2024 13:36:04:262 WET] 00000024 com.ibm.ws.security.registry.basic.internal.BasicRegistry    W CWWKS3103W: Aucun utilisateur n'est défini pour la configuration BasicRegistry dont l'ID est com.ibm.ws.security.registry.basic.config[basic].
[14/03/2024 13:36:04:353 WET] 00000024 com.ibm.ws.security.ready.internal.SecurityReadyServiceImpl  I CWWKS0007I: Le service de sécurité démarre...
[14/03/2024 13:36:05:125 WET] 00000025 com.ibm.ws.app.manager.internal.monitor.DropinMonitor        A CWWKZ0058I: Recherche d'applications dans dropins.
[14/03/2024 13:36:06:423 WET] 00000025 com.ibm.ws.cache.ServerCache                                 I DYNA1001I: L'initialisation de l'instance WebSphere Dynamic Cache nommée baseCache a abouti.
[14/03/2024 13:36:06:446 WET] 00000025 com.ibm.ws.cache.ServerCache                                 I DYNA1071I: Le fournisseur de cache default est en cours d'utilisation.
[14/03/2024 13:36:06:450 WET] 00000025 com.ibm.ws.cache.CacheServiceImpl                            I DYNA1056I: Dynamic Cache (cache des objets) a pu s'initialiser.
[14/03/2024 13:36:07:364 WET] 0000002d com.ibm.ws.ssl.config.WSKeyStore                             A CWPKI0820A: Le magasin de clés par défaut a été créé à l'aide de la variable d'environnement 'keystore_password'.
[14/03/2024 13:36:08:435 WET] 0000002d com.ibm.ws.ssl.config.WSKeyStore                             I Successfully loaded default keystore: C:/Users/user/Desktop/0Code/backend/target/liberty/wlp/usr/servers/gestioncontactServer/resources/security/key.p12 of type: PKCS12
[14/03/2024 13:36:09:517 WET] 00000024 com.ibm.ws.sib.utils.ras.SibMessage                          I  CWSID0108I: Le serveur JMS a démarré.  
[14/03/2024 13:36:09:567 WET] 00000035 com.ibm.ws.security.token.ltpa.internal.LTPAKeyCreateTask    I CWWKS4105I: La configuration LTPA est prête après 0,027 secondes.
[14/03/2024 13:36:09:580 WET] 00000024 com.ibm.ws.security.ready.internal.SecurityReadyServiceImpl  I CWWKS0008I: Le service de sécurité est prêt.
[14/03/2024 13:36:09:597 WET] 00000024 ibm.ws.security.authentication.internal.jaas.JAASServiceImpl I CWWKS1123I: Le plug-in d'authentification de collectivité avec le nom de classe NullCollectiveAuthenticationPlugin a été activé. 
[14/03/2024 13:36:10:565 WET] 00000024 com.ibm.ws.security.jaspi.AuthConfigFactoryWrapper           I CWWKS1655I: La classe com.ibm.ws.security.jaspi.ProviderRegistry AuthConfigFactory de JASPIC (Java Authentication SPI for Containers) par défaut est utilisée car la propriété de sécurité Java authconfigprovider.factory n'est pas définie. 
[14/03/2024 13:36:10:712 WET] 00000026 cxf.cxf.core.3.2.jakarta:1.0.86.cl240220240212-1928(id=286)] I Aries Blueprint packages not available. So namespaces will not be registered
[14/03/2024 13:36:10:884 WET] 0000002d org.apache.cxf.ext.logging.osgi.Activator                    I CXF message logging feature disabled
[14/03/2024 13:36:11:665 WET] 00000028 com.ibm.ws.transport.iiop.internal.ORBWrapperInternal        A CWWKI0001I: Le serveur de noms CORBA est maintenant disponible sur corbaloc:iiop:localhost:2809/NameService.
[14/03/2024 13:36:13:022 WET] 00000033 com.ibm.ws.app.manager.AppMessageHelper                      I CWWKZ0018I: Démarrage de l'application gestioncontact.
[14/03/2024 13:36:13:024 WET] 00000033 bm.ws.app.manager.war.internal.WARDeployedAppInfoFactoryImpl I CWWKZ0134I: L'application gestioncontact utilise la définition d'application souple à l'emplacement C:\Users\user\Desktop\0Code\backend\target\liberty\wlp\usr\servers\gestioncontactServer\apps\gestioncontact.war.xml.
[14/03/2024 13:36:16:418 WET] 00000033 com.ibm.ws.jca.cm.ConnectorService                           I J2CA8050I: Utilisez un alias d'authentification au lieu de définir un nom d'utilisateur et un mot de passe sur dataSource[default-0].
[14/03/2024 13:36:17:251 WET] 00000033 com.ibm.ws.recoverylog.spi.RecoveryDirectorImpl              I CWRLS0010I: Exécution de la procédure de reprise pour le serveur WebSphere local (gestioncontactServer).
[14/03/2024 13:36:17:355 WET] 00000033 com.ibm.ws.recoverylog.spi.RecoveryDirectorImpl              I CWRLS0012I: Le système a demandé à tous les services persistants d'exécuter la procédure de reprise pour ce serveur WebSphere (gestioncontactServer).
[14/03/2024 13:36:17:353 WET] 0000005b com.ibm.tx.jta.impl.RecoveryManager                          I WTRN0135I: Le service de transaction ne reprend pas de transactions.
[14/03/2024 13:36:18:517 WET] 00000033 eclipselink                                                  I CWWJP9990I: [eclipselink] EclipseLink, version : Eclipse Persistence Services - 4.0.2.v202306161219.
[14/03/2024 13:36:19:286 WET] 00000033 com.ibm.ws.rsadapter.impl.DatabaseHelper                     I DSRA8203I: Nom de la base de données : MySQL
[14/03/2024 13:36:19:289 WET] 00000033 com.ibm.ws.rsadapter.impl.DatabaseHelper                     I DSRA8204I: Version de la base de données : 5.5.5-10.4.27-MariaDB
[14/03/2024 13:36:19:289 WET] 00000033 com.ibm.ws.rsadapter.impl.DatabaseHelper                     I DSRA8205I: Nom du pilote JDBC : MySQL Connector/J
[14/03/2024 13:36:19:290 WET] 00000033 com.ibm.ws.rsadapter.impl.DatabaseHelper                     I DSRA8206I: Version du pilote JDBC : mysql-connector-j-8.3.0 (Revision: 805f872a57875f311cb82487efcfb070411a3fa0)
[14/03/2024 13:36:19:699 WET] 00000033 org.jboss.weld.Version                                       I WELD-000900: 5.1.1 (SP1)
[14/03/2024 13:36:22:631 WET] 00000033 org.jboss.weld.Event                                         I WELD-000411: Observer method [BackedAnnotatedMethod] org.apache.myfaces.config.annotation.CdiAnnotationProviderExtension.processAnnotatedType(@Observes ProcessAnnotatedType<T>) receives events for all annotated types. Consider restricting events using @WithAnnotations or a generic type with bounds.
[14/03/2024 13:36:22:732 WET] 00000033 org.hibernate.validator.internal.util.Version                I HV000001: Hibernate Validator 7.0.4.Final
[14/03/2024 13:36:24:666 WET] 00000033 com.ibm.ws.session.WASSessionCore                            I SESN8501I: Le gestionnaire de sessions n'a pas trouvé d'emplacement de stockage de persistance. Les objets HttpSession seront enregistrés dans la mémoire du serveur d'applications local.
[14/03/2024 13:36:24:681 WET] 00000033 com.ibm.ws.webcontainer.osgi.webapp.WebGroup                 I SRVE0169I: Chargement du module Web : gestioncontact.
[14/03/2024 13:36:24:685 WET] 00000033 com.ibm.ws.webcontainer                                      I SRVE0250I: Module Web gestioncontact lié à default_host.
[14/03/2024 13:36:24:688 WET] 00000033 com.ibm.ws.http.internal.VirtualHostImpl                     A CWWKT0016I: Application Web disponible, (default_host) : http://localhost:9080/gestioncontact/
[14/03/2024 13:36:24:780 WET] 00000034 com.ibm.ws.session.WASSessionCore                            I SESN0176I: Un nouveau contexte de session sera créé pour la clé d'application default_host/gestioncontact
[14/03/2024 13:36:24:807 WET] 00000034 com.ibm.ws.util                                              I SESN0172I: Le gestionnaire de session utilise l'implémentation Java par défaut de SecureRandom pour la génération des ID de session.
[14/03/2024 13:36:25:190 WET] 00000036 com.ibm.ws.webcontainer.osgi.mbeans.PluginGenerator          I SRVE9103I: Un fichier de configuration pour un plug-in de serveur Web a été automatiquement généré pour ce serveur à C:\Users\user\Desktop\0Code\backend\target\liberty\wlp\usr\servers\gestioncontactServer\logs\state\plugin-cfg.xml.
[14/03/2024 13:36:25:206 WET] 00000034 com.ibm.ws.cache.CacheServiceImpl                            I DYNA1056I: Dynamic Cache (cache des objets) a pu s'initialiser.
[14/03/2024 13:36:25:379 WET] 00000034 org.apache.myfaces.webapp.MyFacesContainerInitializer        I Using io.openliberty.faces40.internal.ee.WASMyFacesContainerInitializer
[14/03/2024 13:36:25:390 WET] 00000034 org.apache.myfaces.webapp.MyFacesContainerInitializer        I Added FacesServlet with mappings=[/faces/*, *.jsf, *.faces, *.xhtml]
[14/03/2024 13:36:25:391 WET] 00000034 enliberty.faces40.internal.ee.WASMyFacesContainerInitializer I Added StartupServletContextListener to the servlet context
[14/03/2024 13:36:25:710 WET] 00000034 org.apache.myfaces.config.DefaultFacesConfigurationProvider  I Found jakarta.faces.application.ApplicationFactory factory implementation: io.openliberty.faces40.internal.config.WASApplicationFactoryImpl
[14/03/2024 13:36:26:150 WET] 00000034 org.apache.myfaces.util.ExternalSpecifications               I MyFaces Core CDI support enabled
[14/03/2024 13:36:26:159 WET] 00000034 org.apache.myfaces.util.ExternalSpecifications               I MyFaces Core Bean Validation support enabled
[14/03/2024 13:36:26:330 WET] 00000034 org.apache.myfaces.application.ApplicationImpl               I Couldn't discover the current project stage, using Production
[14/03/2024 13:36:26:380 WET] 00000034 org.apache.myfaces.webapp.FacesInitializerImpl               I MyFaces Core has started, it took [926] ms.
[14/03/2024 13:36:26:386 WET] 00000034 com.ibm.ws.app.manager.AppMessageHelper                      A CWWKZ0001I: Application gestioncontact démarrée en 13,363 secondes.
[14/03/2024 13:36:26:559 WET] 00000031 com.ibm.ws.tcpchannel.internal.TCPPort                       I CWWKO0219I: Le canal TCP defaultHttpEndpoint a été démarré et écoute à présent les demandes parvenant à l'hôte localhost127.0.0.1  (IPv4: 127.0.0.1), sur le port 9080.
[14/03/2024 13:36:26:573 WET] 00000031 com.ibm.ws.tcpchannel.internal.TCPPort                       I CWWKO0219I: Le canal TCP wasJmsEndpoint489 a été démarré et écoute à présent les demandes parvenant à l'hôte localhost127.0.0.1  (IPv4: 127.0.0.1), sur le port 7276.
[14/03/2024 13:36:26:576 WET] 00000031 com.ibm.ws.tcpchannel.internal.TCPPort                       I CWWKO0219I: Le canal TCP defaultHttpEndpoint-ssl a été démarré et écoute à présent les demandes parvenant à l'hôte localhost127.0.0.1  (IPv4: 127.0.0.1), sur le port 9443.
[14/03/2024 13:36:26:579 WET] 00000031 com.ibm.ws.tcpchannel.internal.TCPPort                       I CWWKO0219I: Le canal TCP wasJmsEndpoint489-ssl a été démarré et écoute à présent les demandes parvenant à l'hôte localhost127.0.0.1  (IPv4: 127.0.0.1), sur le port 7286.
[14/03/2024 13:36:26:623 WET] 00000031 com.ibm.ws.kernel.feature.internal.FeatureManager            A CWWKF0012I: Le serveur a installé les fonctions suivantes : [appAuthentication-3.0, appAuthorization-2.1, appClientSupport-2.0, appSecurity-5.0, batch-2.1, beanValidation-3.0, cdi-4.0, concurrent-3.0, connectors-2.1, distributedMap-1.0, enterpriseBeans-4.0, enterpriseBeansHome-4.0, enterpriseBeansLite-4.0, enterpriseBeansPersistentTimer-4.0, enterpriseBeansRemote-4.0, expressionLanguage-5.0, faces-4.0, jakartaee-10.0, jdbc-4.2, jndi-1.0, jsonb-3.0, jsonp-2.1, mail-2.1, managedBeans-2.0, mdb-4.0, messaging-3.1, messagingClient-3.0, messagingSecurity-3.0, messagingServer-3.0, pages-3.1, persistence-3.1, persistenceContainer-3.1, restfulWS-3.1, restfulWSClient-3.1, servlet-6.0, ssl-1.0, transportSecurity-1.0, webProfile-10.0, websocket-2.1, xmlBinding-4.0, xmlWS-4.0].
[14/03/2024 13:36:26:627 WET] 00000031 com.ibm.ws.kernel.feature.internal.FeatureManager            I CWWKF0008I: Mise à jour de fonction terminée en 23,860 secondes.
[14/03/2024 13:36:26:627 WET] 00000031 com.ibm.ws.kernel.feature.internal.FeatureManager            A CWWKF0011I: Le serveur gestioncontactServer est prêt pour une planète plus intelligente. Il a démarré en 26,537 secondes.
[14/03/2024 13:36:27:415 WET] 00000034 org.jboss.resteasy.resteasy_jaxrs.i18n                       I RESTEASY002225: Deploying jakarta.ws.rs.core.Application: class estm.dsic.jee.rest.RestApplication$Proxy$_$$_WeldClientProxy
[14/03/2024 13:36:27:702 WET] 00000034 com.ibm.ws.webcontainer.servlet                              I SRVE0242I: [gestioncontact] [/gestioncontact] [estm.dsic.jee.rest.RestApplication]: L'initialisation a abouti.
[14/03/2024 13:36:33:182 WET] 00000036 com.ibm.ws.http.internal.VirtualHostImpl                     A CWWKT0017I: Application Web supprimée (default_host) : http://localhost:9080/gestioncontact/
[14/03/2024 13:36:33:186 WET] 00000036 com.ibm.ws.webcontainer.servlet                              I SRVE0253I: [gestioncontact] [/gestioncontact] [estm.dsic.jee.rest.RestApplication] : La suppression a abouti.
[14/03/2024 13:36:33:254 WET] 00000036 com.ibm.ws.app.manager.AppMessageHelper                      A CWWKZ0009I: L'application gestioncontact s'est arrêtée correctement.
[14/03/2024 13:36:33:328 WET] 00000036 com.ibm.ws.app.manager.AppMessageHelper                      I CWWKZ0018I: Démarrage de l'application gestioncontact.
[14/03/2024 13:36:33:329 WET] 00000036 bm.ws.app.manager.war.internal.WARDeployedAppInfoFactoryImpl I CWWKZ0134I: L'application gestioncontact utilise la définition d'application souple à l'emplacement C:\Users\user\Desktop\0Code\backend\target\liberty\wlp\usr\servers\gestioncontactServer\apps\gestioncontact.war.xml.
[14/03/2024 13:36:33:356 WET] 00000031 com.ibm.ws.webcontainer.osgi.mbeans.PluginGenerator          I SRVE9103I: Un fichier de configuration pour un plug-in de serveur Web a été automatiquement généré pour ce serveur à C:\Users\user\Desktop\0Code\backend\target\liberty\wlp\usr\servers\gestioncontactServer\logs\state\plugin-cfg.xml.
[14/03/2024 13:36:34:411 WET] 00000036 eclipselink                                                  I CWWJP9990I: [eclipselink] EclipseLink, version : Eclipse Persistence Services - 4.0.2.v202306161219.
[14/03/2024 13:36:36:333 WET] 00000036 org.jboss.weld.Event                                         I WELD-000411: Observer method [BackedAnnotatedMethod] org.apache.myfaces.config.annotation.CdiAnnotationProviderExtension.processAnnotatedType(@Observes ProcessAnnotatedType<T>) receives events for all annotated types. Consider restricting events using @WithAnnotations or a generic type with bounds.
[14/03/2024 13:36:37:315 WET] 00000036 com.ibm.ws.webcontainer.osgi.webapp.WebGroup                 I SRVE0169I: Chargement du module Web : gestioncontact.
[14/03/2024 13:36:37:315 WET] 00000036 com.ibm.ws.webcontainer                                      I SRVE0250I: Module Web gestioncontact lié à default_host.
[14/03/2024 13:36:37:315 WET] 00000036 com.ibm.ws.http.internal.VirtualHostImpl                     A CWWKT0016I: Application Web disponible, (default_host) : http://localhost:9080/gestioncontact/
[14/03/2024 13:36:37:317 WET] 0000003a com.ibm.ws.session.WASSessionCore                            I SESN0176I: Un nouveau contexte de session sera créé pour la clé d'application default_host/gestioncontact
[14/03/2024 13:36:37:318 WET] 0000003a com.ibm.ws.util                                              I SESN0172I: Le gestionnaire de session utilise l'implémentation Java par défaut de SecureRandom pour la génération des ID de session.
[14/03/2024 13:36:37:369 WET] 00000032 com.ibm.ws.webcontainer.osgi.mbeans.PluginGenerator          I SRVE9103I: Un fichier de configuration pour un plug-in de serveur Web a été automatiquement généré pour ce serveur à C:\Users\user\Desktop\0Code\backend\target\liberty\wlp\usr\servers\gestioncontactServer\logs\state\plugin-cfg.xml.
[14/03/2024 13:36:37:755 WET] 0000003a org.apache.myfaces.webapp.MyFacesContainerInitializer        I Using io.openliberty.faces40.internal.ee.WASMyFacesContainerInitializer
[14/03/2024 13:36:37:756 WET] 0000003a org.apache.myfaces.webapp.MyFacesContainerInitializer        I Added FacesServlet with mappings=[/faces/*, *.jsf, *.faces, *.xhtml]
[14/03/2024 13:36:37:757 WET] 0000003a enliberty.faces40.internal.ee.WASMyFacesContainerInitializer I Added StartupServletContextListener to the servlet context
[14/03/2024 13:36:37:865 WET] 0000003a org.apache.myfaces.config.DefaultFacesConfigurationProvider  I Found jakarta.faces.application.ApplicationFactory factory implementation: io.openliberty.faces40.internal.config.WASApplicationFactoryImpl
[14/03/2024 13:36:38:254 WET] 0000003a org.apache.myfaces.application.ApplicationImpl               I Couldn't discover the current project stage, using Production
[14/03/2024 13:36:38:268 WET] 0000003a org.apache.myfaces.webapp.FacesInitializerImpl               I MyFaces Core has started, it took [507] ms.
[14/03/2024 13:36:38:272 WET] 0000003a com.ibm.ws.app.manager.AppMessageHelper                      A CWWKZ0003I: Application gestioncontact mise à jour en 4,943 secondes.
[14/03/2024 13:36:38:488 WET] 0000003a org.jboss.resteasy.resteasy_jaxrs.i18n                       I RESTEASY002225: Deploying jakarta.ws.rs.core.Application: class estm.dsic.jee.rest.RestApplication$Proxy$_$$_WeldClientProxy
[14/03/2024 13:36:38:523 WET] 0000003a com.ibm.ws.webcontainer.servlet                              I SRVE0242I: [gestioncontact] [/gestioncontact] [estm.dsic.jee.rest.RestApplication]: L'initialisation a abouti.
[14/03/2024 13:47:36:226 WET] 00000033 com.ibm.ws.webcontainer.extension                            W SRVE0190E: Fichier non trouvé : /api/gestioncontact/users/auth
[14/03/2024 13:47:36:886 WET] 0000006f com.ibm.ws.webcontainer.extension                            W SRVE0190E: Fichier non trouvé : /api/gestioncontact/users/auth
[14/03/2024 13:48:48:289 WET] 00000033 com.ibm.ws.webcontainer.extension                            W SRVE0190E: Fichier non trouvé : /api/gestioncontact/users/auth
[14/03/2024 13:49:10:784 WET] 00000069 com.ibm.ws.webcontainer.extension                            W SRVE0190E: Fichier non trouvé : /api/gestioncontact/users/auth
[14/03/2024 13:50:01:733 WET] 00000037 com.ibm.ws.webcontainer.extension                            W SRVE0190E: Fichier non trouvé : /api/gestioncontact/users/auth
[14/03/2024 14:08:56:848 WET] 0000008d com.ibm.ws.http.internal.VirtualHostImpl                     A CWWKT0017I: Application Web supprimée (default_host) : http://localhost:9080/gestioncontact/
[14/03/2024 14:08:57:101 WET] 0000008d com.ibm.ws.webcontainer.servlet                              I SRVE0253I: [gestioncontact] [/gestioncontact] [estm.dsic.jee.rest.RestApplication] : La suppression a abouti.
[14/03/2024 14:08:59:049 WET] 0000008d com.ibm.ws.app.manager.AppMessageHelper                      A CWWKZ0009I: L'application gestioncontact s'est arrêtée correctement.
[14/03/2024 14:08:59:875 WET] 0000008d com.ibm.ws.app.manager.AppMessageHelper                      I CWWKZ0018I: Démarrage de l'application gestioncontact.
[14/03/2024 14:08:59:892 WET] 0000008d bm.ws.app.manager.war.internal.WARDeployedAppInfoFactoryImpl I CWWKZ0134I: L'application gestioncontact utilise la définition d'application souple à l'emplacement C:\Users\user\Desktop\0Code\backend\target\liberty\wlp\usr\servers\gestioncontactServer\apps\gestioncontact.war.xml.
[14/03/2024 14:09:03:569 WET] 0000008a com.ibm.ws.webcontainer.osgi.mbeans.PluginGenerator          I SRVE9103I: Un fichier de configuration pour un plug-in de serveur Web a été automatiquement généré pour ce serveur à C:\Users\user\Desktop\0Code\backend\target\liberty\wlp\usr\servers\gestioncontactServer\logs\state\plugin-cfg.xml.
[14/03/2024 14:09:09:263 WET] 0000008d eclipselink                                                  I CWWJP9990I: [eclipselink] EclipseLink, version : Eclipse Persistence Services - 4.0.2.v202306161219.
[14/03/2024 14:09:15:252 WET] 0000008d org.jboss.weld.Event                                         I WELD-000411: Observer method [BackedAnnotatedMethod] org.apache.myfaces.config.annotation.CdiAnnotationProviderExtension.processAnnotatedType(@Observes ProcessAnnotatedType<T>) receives events for all annotated types. Consider restricting events using @WithAnnotations or a generic type with bounds.
[14/03/2024 14:09:18:684 WET] 0000008d com.ibm.ws.webcontainer.osgi.webapp.WebGroup                 I SRVE0169I: Chargement du module Web : gestioncontact.
[14/03/2024 14:09:18:685 WET] 0000008d com.ibm.ws.webcontainer                                      I SRVE0250I: Module Web gestioncontact lié à default_host.
[14/03/2024 14:09:18:685 WET] 0000008d com.ibm.ws.http.internal.VirtualHostImpl                     A CWWKT0016I: Application Web disponible, (default_host) : http://localhost:9080/gestioncontact/
[14/03/2024 14:09:18:690 WET] 00000093 com.ibm.ws.session.WASSessionCore                            I SESN0176I: Un nouveau contexte de session sera créé pour la clé d'application default_host/gestioncontact
[14/03/2024 14:09:18:690 WET] 00000093 com.ibm.ws.util                                              I SESN0172I: Le gestionnaire de session utilise l'implémentation Java par défaut de SecureRandom pour la génération des ID de session.
[14/03/2024 14:09:18:747 WET] 0000008d com.ibm.ws.webcontainer.osgi.mbeans.PluginGenerator          I SRVE9103I: Un fichier de configuration pour un plug-in de serveur Web a été automatiquement généré pour ce serveur à C:\Users\user\Desktop\0Code\backend\target\liberty\wlp\usr\servers\gestioncontactServer\logs\state\plugin-cfg.xml.
[14/03/2024 14:09:19:516 WET] 00000093 org.apache.myfaces.webapp.MyFacesContainerInitializer        I Using io.openliberty.faces40.internal.ee.WASMyFacesContainerInitializer
[14/03/2024 14:09:19:517 WET] 00000093 org.apache.myfaces.webapp.MyFacesContainerInitializer        I Added FacesServlet with mappings=[/faces/*, *.jsf, *.faces, *.xhtml]
[14/03/2024 14:09:19:517 WET] 00000093 enliberty.faces40.internal.ee.WASMyFacesContainerInitializer I Added StartupServletContextListener to the servlet context
[14/03/2024 14:09:19:603 WET] 00000093 org.apache.myfaces.config.DefaultFacesConfigurationProvider  I Found jakarta.faces.application.ApplicationFactory factory implementation: io.openliberty.faces40.internal.config.WASApplicationFactoryImpl
[14/03/2024 14:09:20:041 WET] 00000093 org.apache.myfaces.application.ApplicationImpl               I Couldn't discover the current project stage, using Production
[14/03/2024 14:09:20:056 WET] 00000093 org.apache.myfaces.webapp.FacesInitializerImpl               I MyFaces Core has started, it took [509] ms.
[14/03/2024 14:09:20:061 WET] 00000093 com.ibm.ws.app.manager.AppMessageHelper                      A CWWKZ0003I: Application gestioncontact mise à jour en 20,185 secondes.
[14/03/2024 14:09:20:128 WET] 0000009e com.ibm.ws.http.internal.VirtualHostImpl                     A CWWKT0017I: Application Web supprimée (default_host) : http://localhost:9080/gestioncontact/
[14/03/2024 14:09:20:468 WET] 00000093 org.jboss.resteasy.resteasy_jaxrs.i18n                       I RESTEASY002225: Deploying jakarta.ws.rs.core.Application: class estm.dsic.jee.rest.RestApplication$Proxy$_$$_WeldClientProxy
[14/03/2024 14:09:20:508 WET] 00000093 com.ibm.ws.webcontainer.servlet                              I SRVE0242I: [gestioncontact] [/gestioncontact] [estm.dsic.jee.rest.RestApplication]: L'initialisation a abouti.
[14/03/2024 14:09:20:511 WET] 0000009e com.ibm.ws.webcontainer.servlet                              I SRVE0253I: [gestioncontact] [/gestioncontact] [estm.dsic.jee.rest.RestApplication] : La suppression a abouti.
[14/03/2024 14:09:20:680 WET] 0000009e com.ibm.ws.app.manager.AppMessageHelper                      A CWWKZ0009I: L'application gestioncontact s'est arrêtée correctement.
[14/03/2024 14:09:20:692 WET] 0000009e com.ibm.ws.app.manager.AppMessageHelper                      I CWWKZ0018I: Démarrage de l'application gestioncontact.
[14/03/2024 14:09:20:692 WET] 0000009e bm.ws.app.manager.war.internal.WARDeployedAppInfoFactoryImpl I CWWKZ0134I: L'application gestioncontact utilise la définition d'application souple à l'emplacement C:\Users\user\Desktop\0Code\backend\target\liberty\wlp\usr\servers\gestioncontactServer\apps\gestioncontact.war.xml.
[14/03/2024 14:09:20:731 WET] 00000081 com.ibm.ws.webcontainer.osgi.mbeans.PluginGenerator          I SRVE9103I: Un fichier de configuration pour un plug-in de serveur Web a été automatiquement généré pour ce serveur à C:\Users\user\Desktop\0Code\backend\target\liberty\wlp\usr\servers\gestioncontactServer\logs\state\plugin-cfg.xml.
[14/03/2024 14:09:21:819 WET] 0000009e eclipselink                                                  I CWWJP9990I: [eclipselink] EclipseLink, version : Eclipse Persistence Services - 4.0.2.v202306161219.
[14/03/2024 14:09:23:622 WET] 0000009e org.jboss.weld.Event                                         I WELD-000411: Observer method [BackedAnnotatedMethod] org.apache.myfaces.config.annotation.CdiAnnotationProviderExtension.processAnnotatedType(@Observes ProcessAnnotatedType<T>) receives events for all annotated types. Consider restricting events using @WithAnnotations or a generic type with bounds.
[14/03/2024 14:09:24:531 WET] 0000009e com.ibm.ws.webcontainer.osgi.webapp.WebGroup                 I SRVE0169I: Chargement du module Web : gestioncontact.
[14/03/2024 14:09:24:532 WET] 0000009e com.ibm.ws.webcontainer                                      I SRVE0250I: Module Web gestioncontact lié à default_host.
[14/03/2024 14:09:24:532 WET] 0000009e com.ibm.ws.http.internal.VirtualHostImpl                     A CWWKT0016I: Application Web disponible, (default_host) : http://localhost:9080/gestioncontact/
[14/03/2024 14:09:24:534 WET] 0000006f com.ibm.ws.session.WASSessionCore                            I SESN0176I: Un nouveau contexte de session sera créé pour la clé d'application default_host/gestioncontact
[14/03/2024 14:09:24:534 WET] 0000006f com.ibm.ws.util                                              I SESN0172I: Le gestionnaire de session utilise l'implémentation Java par défaut de SecureRandom pour la génération des ID de session.
[14/03/2024 14:09:24:569 WET] 0000009e com.ibm.ws.webcontainer.osgi.mbeans.PluginGenerator          I SRVE9103I: Un fichier de configuration pour un plug-in de serveur Web a été automatiquement généré pour ce serveur à C:\Users\user\Desktop\0Code\backend\target\liberty\wlp\usr\servers\gestioncontactServer\logs\state\plugin-cfg.xml.
[14/03/2024 14:09:24:809 WET] 0000006f org.apache.myfaces.webapp.MyFacesContainerInitializer        I Using io.openliberty.faces40.internal.ee.WASMyFacesContainerInitializer
[14/03/2024 14:09:24:809 WET] 0000006f org.apache.myfaces.webapp.MyFacesContainerInitializer        I Added FacesServlet with mappings=[/faces/*, *.jsf, *.faces, *.xhtml]
[14/03/2024 14:09:24:810 WET] 0000006f enliberty.faces40.internal.ee.WASMyFacesContainerInitializer I Added StartupServletContextListener to the servlet context
[14/03/2024 14:09:24:847 WET] 0000006f org.apache.myfaces.config.DefaultFacesConfigurationProvider  I Found jakarta.faces.application.ApplicationFactory factory implementation: io.openliberty.faces40.internal.config.WASApplicationFactoryImpl
[14/03/2024 14:09:25:140 WET] 0000006f org.apache.myfaces.application.ApplicationImpl               I Couldn't discover the current project stage, using Production
[14/03/2024 14:09:25:179 WET] 0000006f org.apache.myfaces.webapp.FacesInitializerImpl               I MyFaces Core has started, it took [368] ms.
[14/03/2024 14:09:25:182 WET] 0000006f com.ibm.ws.app.manager.AppMessageHelper                      A CWWKZ0003I: Application gestioncontact mise à jour en 4,485 secondes.
[14/03/2024 14:09:25:659 WET] 0000006f org.jboss.resteasy.resteasy_jaxrs.i18n                       I RESTEASY002225: Deploying jakarta.ws.rs.core.Application: class estm.dsic.jee.rest.RestApplication$Proxy$_$$_WeldClientProxy
[14/03/2024 14:09:25:701 WET] 0000006f com.ibm.ws.webcontainer.servlet                              I SRVE0242I: [gestioncontact] [/gestioncontact] [estm.dsic.jee.rest.RestApplication]: L'initialisation a abouti.
[14/03/2024 14:55:06:790 WET] 00000111 SystemErr                                                    R L'email existe déjà dans la base de données
[14/03/2024 14:55:26:117 WET] 000000ce SystemErr                                                    R L'email existe déjà dans la base de données
[14/03/2024 14:58:43:419 WET] 00000114 com.ibm.ws.http.internal.VirtualHostImpl                     A CWWKT0017I: Application Web supprimée (default_host) : http://localhost:9080/gestioncontact/
[14/03/2024 14:58:43:635 WET] 00000114 com.ibm.ws.webcontainer.servlet                              I SRVE0253I: [gestioncontact] [/gestioncontact] [estm.dsic.jee.rest.RestApplication] : La suppression a abouti.
[14/03/2024 14:58:45:406 WET] 00000114 com.ibm.ws.app.manager.AppMessageHelper                      A CWWKZ0009I: L'application gestioncontact s'est arrêtée correctement.
[14/03/2024 14:58:45:843 WET] 00000114 com.ibm.ws.app.manager.AppMessageHelper                      I CWWKZ0018I: Démarrage de l'application gestioncontact.
[14/03/2024 14:58:45:868 WET] 00000114 bm.ws.app.manager.war.internal.WARDeployedAppInfoFactoryImpl I CWWKZ0134I: L'application gestioncontact utilise la définition d'application souple à l'emplacement C:\Users\user\Desktop\0Code\backend\target\liberty\wlp\usr\servers\gestioncontactServer\apps\gestioncontact.war.xml.
[14/03/2024 14:58:47:575 WET] 00000125 com.ibm.ws.webcontainer.osgi.mbeans.PluginGenerator          I SRVE9103I: Un fichier de configuration pour un plug-in de serveur Web a été automatiquement généré pour ce serveur à C:\Users\user\Desktop\0Code\backend\target\liberty\wlp\usr\servers\gestioncontactServer\logs\state\plugin-cfg.xml.
[14/03/2024 14:58:50:066 WET] 00000114 eclipselink                                                  I CWWJP9990I: [eclipselink] EclipseLink, version : Eclipse Persistence Services - 4.0.2.v202306161219.
[14/03/2024 14:58:53:147 WET] 00000114 org.jboss.weld.Event                                         I WELD-000411: Observer method [BackedAnnotatedMethod] org.apache.myfaces.config.annotation.CdiAnnotationProviderExtension.processAnnotatedType(@Observes ProcessAnnotatedType<T>) receives events for all annotated types. Consider restricting events using @WithAnnotations or a generic type with bounds.
[14/03/2024 14:58:58:346 WET] 00000114 com.ibm.ws.webcontainer.osgi.webapp.WebGroup                 I SRVE0169I: Chargement du module Web : gestioncontact.
[14/03/2024 14:58:58:388 WET] 00000114 com.ibm.ws.webcontainer                                      I SRVE0250I: Module Web gestioncontact lié à default_host.
[14/03/2024 14:58:58:388 WET] 00000114 com.ibm.ws.http.internal.VirtualHostImpl                     A CWWKT0016I: Application Web disponible, (default_host) : http://localhost:9080/gestioncontact/
[14/03/2024 14:58:58:450 WET] 00000123 com.ibm.ws.session.WASSessionCore                            I SESN0176I: Un nouveau contexte de session sera créé pour la clé d'application default_host/gestioncontact
[14/03/2024 14:58:58:455 WET] 00000123 com.ibm.ws.util                                              I SESN0172I: Le gestionnaire de session utilise l'implémentation Java par défaut de SecureRandom pour la génération des ID de session.
[14/03/2024 14:58:58:915 WET] 00000129 com.ibm.ws.webcontainer.osgi.mbeans.PluginGenerator          I SRVE9103I: Un fichier de configuration pour un plug-in de serveur Web a été automatiquement généré pour ce serveur à C:\Users\user\Desktop\0Code\backend\target\liberty\wlp\usr\servers\gestioncontactServer\logs\state\plugin-cfg.xml.
[14/03/2024 14:58:58:998 WET] 00000123 org.apache.myfaces.webapp.MyFacesContainerInitializer        I Using io.openliberty.faces40.internal.ee.WASMyFacesContainerInitializer
[14/03/2024 14:58:59:040 WET] 00000123 org.apache.myfaces.webapp.MyFacesContainerInitializer        I Added FacesServlet with mappings=[/faces/*, *.jsf, *.faces, *.xhtml]
[14/03/2024 14:58:59:040 WET] 00000123 enliberty.faces40.internal.ee.WASMyFacesContainerInitializer I Added StartupServletContextListener to the servlet context
[14/03/2024 14:58:59:148 WET] 00000123 org.apache.myfaces.config.DefaultFacesConfigurationProvider  I Found jakarta.faces.application.ApplicationFactory factory implementation: io.openliberty.faces40.internal.config.WASApplicationFactoryImpl
[14/03/2024 14:58:59:687 WET] 00000123 org.apache.myfaces.application.ApplicationImpl               I Couldn't discover the current project stage, using Production
[14/03/2024 14:58:59:707 WET] 00000123 org.apache.myfaces.webapp.FacesInitializerImpl               I MyFaces Core has started, it took [617] ms.
[14/03/2024 14:58:59:715 WET] 00000123 com.ibm.ws.app.manager.AppMessageHelper                      A CWWKZ0003I: Application gestioncontact mise à jour en 13,882 secondes.
[14/03/2024 14:59:00:134 WET] 00000123 org.jboss.resteasy.resteasy_jaxrs.i18n                       I RESTEASY002225: Deploying jakarta.ws.rs.core.Application: class estm.dsic.jee.rest.RestApplication$Proxy$_$$_WeldClientProxy
[14/03/2024 14:59:00:181 WET] 00000123 com.ibm.ws.webcontainer.servlet                              I SRVE0242I: [gestioncontact] [/gestioncontact] [estm.dsic.jee.rest.RestApplication]: L'initialisation a abouti.
[14/03/2024 15:03:46:145 WET] 00000123 com.ibm.ws.http.internal.VirtualHostImpl                     A CWWKT0017I: Application Web supprimée (default_host) : http://localhost:9080/gestioncontact/
[14/03/2024 15:03:46:344 WET] 00000123 com.ibm.ws.webcontainer.servlet                              I SRVE0253I: [gestioncontact] [/gestioncontact] [estm.dsic.jee.rest.RestApplication] : La suppression a abouti.
[14/03/2024 15:03:47:790 WET] 00000123 com.ibm.ws.app.manager.AppMessageHelper                      A CWWKZ0009I: L'application gestioncontact s'est arrêtée correctement.
[14/03/2024 15:03:47:905 WET] 00000123 com.ibm.ws.app.manager.AppMessageHelper                      I CWWKZ0018I: Démarrage de l'application gestioncontact.
[14/03/2024 15:03:47:908 WET] 00000123 bm.ws.app.manager.war.internal.WARDeployedAppInfoFactoryImpl I CWWKZ0134I: L'application gestioncontact utilise la définition d'application souple à l'emplacement C:\Users\user\Desktop\0Code\backend\target\liberty\wlp\usr\servers\gestioncontactServer\apps\gestioncontact.war.xml.
[14/03/2024 15:03:48:580 WET] 00000132 com.ibm.ws.webcontainer.osgi.mbeans.PluginGenerator          I SRVE9103I: Un fichier de configuration pour un plug-in de serveur Web a été automatiquement généré pour ce serveur à C:\Users\user\Desktop\0Code\backend\target\liberty\wlp\usr\servers\gestioncontactServer\logs\state\plugin-cfg.xml.
[14/03/2024 15:03:50:549 WET] 00000123 eclipselink                                                  I CWWJP9990I: [eclipselink] EclipseLink, version : Eclipse Persistence Services - 4.0.2.v202306161219.
[14/03/2024 15:03:54:349 WET] 00000123 org.jboss.weld.Event                                         I WELD-000411: Observer method [BackedAnnotatedMethod] org.apache.myfaces.config.annotation.CdiAnnotationProviderExtension.processAnnotatedType(@Observes ProcessAnnotatedType<T>) receives events for all annotated types. Consider restricting events using @WithAnnotations or a generic type with bounds.
[14/03/2024 15:03:57:070 WET] 00000123 com.ibm.ws.webcontainer.osgi.webapp.WebGroup                 I SRVE0169I: Chargement du module Web : gestioncontact.
[14/03/2024 15:03:57:122 WET] 00000123 com.ibm.ws.webcontainer                                      I SRVE0250I: Module Web gestioncontact lié à default_host.
[14/03/2024 15:03:57:162 WET] 00000123 com.ibm.ws.http.internal.VirtualHostImpl                     A CWWKT0016I: Application Web disponible, (default_host) : http://localhost:9080/gestioncontact/
[14/03/2024 15:03:57:370 WET] 00000129 com.ibm.ws.session.WASSessionCore                            I SESN0176I: Un nouveau contexte de session sera créé pour la clé d'application default_host/gestioncontact
[14/03/2024 15:03:57:439 WET] 00000129 com.ibm.ws.util                                              I SESN0172I: Le gestionnaire de session utilise l'implémentation Java par défaut de SecureRandom pour la génération des ID de session.
[14/03/2024 15:03:58:107 WET] 00000129 org.apache.myfaces.webapp.MyFacesContainerInitializer        I Using io.openliberty.faces40.internal.ee.WASMyFacesContainerInitializer
[14/03/2024 15:03:58:172 WET] 00000129 org.apache.myfaces.webapp.MyFacesContainerInitializer        I Added FacesServlet with mappings=[/faces/*, *.jsf, *.faces, *.xhtml]
[14/03/2024 15:03:58:172 WET] 00000129 enliberty.faces40.internal.ee.WASMyFacesContainerInitializer I Added StartupServletContextListener to the servlet context
[14/03/2024 15:03:58:347 WET] 00000129 org.apache.myfaces.config.DefaultFacesConfigurationProvider  I Found jakarta.faces.application.ApplicationFactory factory implementation: io.openliberty.faces40.internal.config.WASApplicationFactoryImpl
[14/03/2024 15:03:59:219 WET] 00000129 org.apache.myfaces.application.ApplicationImpl               I Couldn't discover the current project stage, using Production
[14/03/2024 15:03:59:268 WET] 00000129 org.apache.myfaces.webapp.FacesInitializerImpl               I MyFaces Core has started, it took [1036] ms.
[14/03/2024 15:03:59:290 WET] 00000129 com.ibm.ws.app.manager.AppMessageHelper                      A CWWKZ0003I: Application gestioncontact mise à jour en 11,384 secondes.
[14/03/2024 15:03:59:680 WET] 00000129 org.jboss.resteasy.resteasy_jaxrs.i18n                       I RESTEASY002225: Deploying jakarta.ws.rs.core.Application: class estm.dsic.jee.rest.RestApplication$Proxy$_$$_WeldClientProxy
[14/03/2024 15:03:59:722 WET] 00000129 com.ibm.ws.webcontainer.servlet                              I SRVE0242I: [gestioncontact] [/gestioncontact] [estm.dsic.jee.rest.RestApplication]: L'initialisation a abouti.
[14/03/2024 15:03:59:767 WET] 00000136 com.ibm.ws.webcontainer.osgi.mbeans.PluginGenerator          I SRVE9103I: Un fichier de configuration pour un plug-in de serveur Web a été automatiquement généré pour ce serveur à C:\Users\user\Desktop\0Code\backend\target\liberty\wlp\usr\servers\gestioncontactServer\logs\state\plugin-cfg.xml.
[14/03/2024 15:08:04:208 WET] 00000123 com.ibm.ws.http.internal.VirtualHostImpl                     A CWWKT0017I: Application Web supprimée (default_host) : http://localhost:9080/gestioncontact/
[14/03/2024 15:08:04:761 WET] 00000123 com.ibm.ws.webcontainer.servlet                              I SRVE0253I: [gestioncontact] [/gestioncontact] [estm.dsic.jee.rest.RestApplication] : La suppression a abouti.
[14/03/2024 15:08:05:836 WET] 00000123 com.ibm.ws.app.manager.AppMessageHelper                      A CWWKZ0009I: L'application gestioncontact s'est arrêtée correctement.
[14/03/2024 15:08:06:052 WET] 00000123 com.ibm.ws.app.manager.AppMessageHelper                      I CWWKZ0018I: Démarrage de l'application gestioncontact.
[14/03/2024 15:08:06:056 WET] 00000123 bm.ws.app.manager.war.internal.WARDeployedAppInfoFactoryImpl I CWWKZ0134I: L'application gestioncontact utilise la définition d'application souple à l'emplacement C:\Users\user\Desktop\0Code\backend\target\liberty\wlp\usr\servers\gestioncontactServer\apps\gestioncontact.war.xml.
[14/03/2024 15:08:07:069 WET] 0000011a com.ibm.ws.webcontainer.osgi.mbeans.PluginGenerator          I SRVE9103I: Un fichier de configuration pour un plug-in de serveur Web a été automatiquement généré pour ce serveur à C:\Users\user\Desktop\0Code\backend\target\liberty\wlp\usr\servers\gestioncontactServer\logs\state\plugin-cfg.xml.
[14/03/2024 15:08:11:992 WET] 00000123 eclipselink                                                  I CWWJP9990I: [eclipselink] EclipseLink, version : Eclipse Persistence Services - 4.0.2.v202306161219.
[14/03/2024 15:08:20:856 WET] 00000123 org.jboss.weld.Event                                         I WELD-000411: Observer method [BackedAnnotatedMethod] org.apache.myfaces.config.annotation.CdiAnnotationProviderExtension.processAnnotatedType(@Observes ProcessAnnotatedType<T>) receives events for all annotated types. Consider restricting events using @WithAnnotations or a generic type with bounds.
[14/03/2024 15:08:28:269 WET] 00000123 com.ibm.ws.webcontainer.osgi.webapp.WebGroup                 I SRVE0169I: Chargement du module Web : gestioncontact.
[14/03/2024 15:08:28:272 WET] 00000123 com.ibm.ws.webcontainer                                      I SRVE0250I: Module Web gestioncontact lié à default_host.
[14/03/2024 15:08:28:277 WET] 00000123 com.ibm.ws.http.internal.VirtualHostImpl                     A CWWKT0016I: Application Web disponible, (default_host) : http://localhost:9080/gestioncontact/
[14/03/2024 15:08:28:301 WET] 0000013d com.ibm.ws.session.WASSessionCore                            I SESN0176I: Un nouveau contexte de session sera créé pour la clé d'application default_host/gestioncontact
[14/03/2024 15:08:28:305 WET] 0000013d com.ibm.ws.util                                              I SESN0172I: Le gestionnaire de session utilise l'implémentation Java par défaut de SecureRandom pour la génération des ID de session.
[14/03/2024 15:08:28:814 WET] 00000123 com.ibm.ws.webcontainer.osgi.mbeans.PluginGenerator          I SRVE9103I: Un fichier de configuration pour un plug-in de serveur Web a été automatiquement généré pour ce serveur à C:\Users\user\Desktop\0Code\backend\target\liberty\wlp\usr\servers\gestioncontactServer\logs\state\plugin-cfg.xml.
[14/03/2024 15:08:29:149 WET] 0000013d org.apache.myfaces.webapp.MyFacesContainerInitializer        I Using io.openliberty.faces40.internal.ee.WASMyFacesContainerInitializer
[14/03/2024 15:08:29:151 WET] 0000013d org.apache.myfaces.webapp.MyFacesContainerInitializer        I Added FacesServlet with mappings=[/faces/*, *.jsf, *.faces, *.xhtml]
[14/03/2024 15:08:29:151 WET] 0000013d enliberty.faces40.internal.ee.WASMyFacesContainerInitializer I Added StartupServletContextListener to the servlet context
[14/03/2024 15:08:29:575 WET] 0000013d org.apache.myfaces.config.DefaultFacesConfigurationProvider  I Found jakarta.faces.application.ApplicationFactory factory implementation: io.openliberty.faces40.internal.config.WASApplicationFactoryImpl
[14/03/2024 15:08:32:129 WET] 0000013d org.apache.myfaces.application.ApplicationImpl               I Couldn't discover the current project stage, using Production
[14/03/2024 15:08:32:393 WET] 0000013d org.apache.myfaces.webapp.FacesInitializerImpl               I MyFaces Core has started, it took [3218] ms.
[14/03/2024 15:08:32:401 WET] 0000013d com.ibm.ws.app.manager.AppMessageHelper                      A CWWKZ0003I: Application gestioncontact mise à jour en 26,348 secondes.
[14/03/2024 15:08:32:649 WET] 0000011a com.ibm.ws.http.internal.VirtualHostImpl                     A CWWKT0017I: Application Web supprimée (default_host) : http://localhost:9080/gestioncontact/
[14/03/2024 15:08:32:797 WET] 0000013d org.jboss.resteasy.resteasy_jaxrs.i18n                       I RESTEASY002225: Deploying jakarta.ws.rs.core.Application: class estm.dsic.jee.rest.RestApplication$Proxy$_$$_WeldClientProxy
[14/03/2024 15:08:32:835 WET] 0000013d com.ibm.ws.webcontainer.servlet                              I SRVE0242I: [gestioncontact] [/gestioncontact] [estm.dsic.jee.rest.RestApplication]: L'initialisation a abouti.
[14/03/2024 15:08:32:838 WET] 0000011a com.ibm.ws.webcontainer.servlet                              I SRVE0253I: [gestioncontact] [/gestioncontact] [estm.dsic.jee.rest.RestApplication] : La suppression a abouti.
[14/03/2024 15:08:32:861 WET] 0000011a com.ibm.ws.app.manager.AppMessageHelper                      A CWWKZ0009I: L'application gestioncontact s'est arrêtée correctement.
[14/03/2024 15:08:32:897 WET] 0000011a com.ibm.ws.app.manager.AppMessageHelper                      I CWWKZ0018I: Démarrage de l'application gestioncontact.
[14/03/2024 15:08:32:898 WET] 0000011a bm.ws.app.manager.war.internal.WARDeployedAppInfoFactoryImpl I CWWKZ0134I: L'application gestioncontact utilise la définition d'application souple à l'emplacement C:\Users\user\Desktop\0Code\backend\target\liberty\wlp\usr\servers\gestioncontactServer\apps\gestioncontact.war.xml.
[14/03/2024 15:08:33:023 WET] 00000129 com.ibm.ws.webcontainer.osgi.mbeans.PluginGenerator          I SRVE9103I: Un fichier de configuration pour un plug-in de serveur Web a été automatiquement généré pour ce serveur à C:\Users\user\Desktop\0Code\backend\target\liberty\wlp\usr\servers\gestioncontactServer\logs\state\plugin-cfg.xml.
[14/03/2024 15:08:39:441 WET] 0000011a eclipselink                                                  I CWWJP9990I: [eclipselink] EclipseLink, version : Eclipse Persistence Services - 4.0.2.v202306161219.
[14/03/2024 15:08:48:011 WET] 0000011a org.jboss.weld.Event                                         I WELD-000411: Observer method [BackedAnnotatedMethod] org.apache.myfaces.config.annotation.CdiAnnotationProviderExtension.processAnnotatedType(@Observes ProcessAnnotatedType<T>) receives events for all annotated types. Consider restricting events using @WithAnnotations or a generic type with bounds.
[14/03/2024 15:08:52:251 WET] 0000011a com.ibm.ws.webcontainer.osgi.webapp.WebGroup                 I SRVE0169I: Chargement du module Web : gestioncontact.
[14/03/2024 15:08:52:252 WET] 0000011a com.ibm.ws.webcontainer                                      I SRVE0250I: Module Web gestioncontact lié à default_host.
[14/03/2024 15:08:52:253 WET] 0000011a com.ibm.ws.http.internal.VirtualHostImpl                     A CWWKT0016I: Application Web disponible, (default_host) : http://localhost:9080/gestioncontact/
[14/03/2024 15:08:52:263 WET] 00000132 com.ibm.ws.session.WASSessionCore                            I SESN0176I: Un nouveau contexte de session sera créé pour la clé d'application default_host/gestioncontact
[14/03/2024 15:08:52:266 WET] 00000132 com.ibm.ws.util                                              I SESN0172I: Le gestionnaire de session utilise l'implémentation Java par défaut de SecureRandom pour la génération des ID de session.
[14/03/2024 15:08:52:462 WET] 00000123 com.ibm.ws.webcontainer.osgi.mbeans.PluginGenerator          I SRVE9103I: Un fichier de configuration pour un plug-in de serveur Web a été automatiquement généré pour ce serveur à C:\Users\user\Desktop\0Code\backend\target\liberty\wlp\usr\servers\gestioncontactServer\logs\state\plugin-cfg.xml.
[14/03/2024 15:08:53:396 WET] 00000132 org.apache.myfaces.webapp.MyFacesContainerInitializer        I Using io.openliberty.faces40.internal.ee.WASMyFacesContainerInitializer
[14/03/2024 15:08:53:397 WET] 00000132 org.apache.myfaces.webapp.MyFacesContainerInitializer        I Added FacesServlet with mappings=[/faces/*, *.jsf, *.faces, *.xhtml]
[14/03/2024 15:08:53:397 WET] 00000132 enliberty.faces40.internal.ee.WASMyFacesContainerInitializer I Added StartupServletContextListener to the servlet context
[14/03/2024 15:08:53:469 WET] 00000132 org.apache.myfaces.config.DefaultFacesConfigurationProvider  I Found jakarta.faces.application.ApplicationFactory factory implementation: io.openliberty.faces40.internal.config.WASApplicationFactoryImpl
[14/03/2024 15:08:53:948 WET] 00000132 org.apache.myfaces.application.ApplicationImpl               I Couldn't discover the current project stage, using Production
[14/03/2024 15:08:53:972 WET] 00000132 org.apache.myfaces.webapp.FacesInitializerImpl               I MyFaces Core has started, it took [568] ms.
[14/03/2024 15:08:53:977 WET] 00000132 com.ibm.ws.app.manager.AppMessageHelper                      A CWWKZ0003I: Application gestioncontact mise à jour en 21,079 secondes.
[14/03/2024 15:08:54:121 WET] 0000013d com.ibm.ws.http.internal.VirtualHostImpl                     A CWWKT0017I: Application Web supprimée (default_host) : http://localhost:9080/gestioncontact/
[14/03/2024 15:08:54:511 WET] 00000132 org.jboss.resteasy.resteasy_jaxrs.i18n                       I RESTEASY002225: Deploying jakarta.ws.rs.core.Application: class estm.dsic.jee.rest.RestApplication$Proxy$_$$_WeldClientProxy
[14/03/2024 15:08:54:588 WET] 00000132 com.ibm.ws.webcontainer.servlet                              I SRVE0242I: [gestioncontact] [/gestioncontact] [estm.dsic.jee.rest.RestApplication]: L'initialisation a abouti.
[14/03/2024 15:08:54:592 WET] 0000013d com.ibm.ws.webcontainer.servlet                              I SRVE0253I: [gestioncontact] [/gestioncontact] [estm.dsic.jee.rest.RestApplication] : La suppression a abouti.
[14/03/2024 15:08:54:617 WET] 0000013d com.ibm.ws.app.manager.AppMessageHelper                      A CWWKZ0009I: L'application gestioncontact s'est arrêtée correctement.
[14/03/2024 15:08:54:753 WET] 0000013d com.ibm.ws.app.manager.AppMessageHelper                      I CWWKZ0018I: Démarrage de l'application gestioncontact.
[14/03/2024 15:08:54:755 WET] 0000013d bm.ws.app.manager.war.internal.WARDeployedAppInfoFactoryImpl I CWWKZ0134I: L'application gestioncontact utilise la définition d'application souple à l'emplacement C:\Users\user\Desktop\0Code\backend\target\liberty\wlp\usr\servers\gestioncontactServer\apps\gestioncontact.war.xml.
[14/03/2024 15:08:54:781 WET] 00000125 com.ibm.ws.webcontainer.osgi.mbeans.PluginGenerator          I SRVE9103I: Un fichier de configuration pour un plug-in de serveur Web a été automatiquement généré pour ce serveur à C:\Users\user\Desktop\0Code\backend\target\liberty\wlp\usr\servers\gestioncontactServer\logs\state\plugin-cfg.xml.
[14/03/2024 15:08:56:306 WET] 0000013d eclipselink                                                  I CWWJP9990I: [eclipselink] EclipseLink, version : Eclipse Persistence Services - 4.0.2.v202306161219.
[14/03/2024 15:08:58:626 WET] 0000013d org.jboss.weld.Event                                         I WELD-000411: Observer method [BackedAnnotatedMethod] org.apache.myfaces.config.annotation.CdiAnnotationProviderExtension.processAnnotatedType(@Observes ProcessAnnotatedType<T>) receives events for all annotated types. Consider restricting events using @WithAnnotations or a generic type with bounds.
[14/03/2024 15:08:59:553 WET] 0000013d com.ibm.ws.webcontainer.osgi.webapp.WebGroup                 I SRVE0169I: Chargement du module Web : gestioncontact.
[14/03/2024 15:08:59:554 WET] 0000013d com.ibm.ws.webcontainer                                      I SRVE0250I: Module Web gestioncontact lié à default_host.
[14/03/2024 15:08:59:554 WET] 0000013d com.ibm.ws.http.internal.VirtualHostImpl                     A CWWKT0016I: Application Web disponible, (default_host) : http://localhost:9080/gestioncontact/
[14/03/2024 15:08:59:556 WET] 0000011a com.ibm.ws.session.WASSessionCore                            I SESN0176I: Un nouveau contexte de session sera créé pour la clé d'application default_host/gestioncontact
[14/03/2024 15:08:59:557 WET] 0000011a com.ibm.ws.util                                              I SESN0172I: Le gestionnaire de session utilise l'implémentation Java par défaut de SecureRandom pour la génération des ID de session.
[14/03/2024 15:08:59:612 WET] 00000125 com.ibm.ws.webcontainer.osgi.mbeans.PluginGenerator          I SRVE9103I: Un fichier de configuration pour un plug-in de serveur Web a été automatiquement généré pour ce serveur à C:\Users\user\Desktop\0Code\backend\target\liberty\wlp\usr\servers\gestioncontactServer\logs\state\plugin-cfg.xml.
[14/03/2024 15:08:59:909 WET] 0000011a org.apache.myfaces.webapp.MyFacesContainerInitializer        I Using io.openliberty.faces40.internal.ee.WASMyFacesContainerInitializer
[14/03/2024 15:08:59:910 WET] 0000011a org.apache.myfaces.webapp.MyFacesContainerInitializer        I Added FacesServlet with mappings=[/faces/*, *.jsf, *.faces, *.xhtml]
[14/03/2024 15:08:59:910 WET] 0000011a enliberty.faces40.internal.ee.WASMyFacesContainerInitializer I Added StartupServletContextListener to the servlet context
[14/03/2024 15:08:59:929 WET] 0000011a org.apache.myfaces.config.DefaultFacesConfigurationProvider  I Found jakarta.faces.application.ApplicationFactory factory implementation: io.openliberty.faces40.internal.config.WASApplicationFactoryImpl
[14/03/2024 15:09:00:335 WET] 0000011a org.apache.myfaces.application.ApplicationImpl               I Couldn't discover the current project stage, using Production
[14/03/2024 15:09:00:351 WET] 0000011a org.apache.myfaces.webapp.FacesInitializerImpl               I MyFaces Core has started, it took [438] ms.
[14/03/2024 15:09:00:357 WET] 0000011a com.ibm.ws.app.manager.AppMessageHelper                      A CWWKZ0003I: Application gestioncontact mise à jour en 5,604 secondes.
[14/03/2024 15:09:00:501 WET] 0000011a org.jboss.resteasy.resteasy_jaxrs.i18n                       I RESTEASY002225: Deploying jakarta.ws.rs.core.Application: class estm.dsic.jee.rest.RestApplication$Proxy$_$$_WeldClientProxy
[14/03/2024 15:09:00:557 WET] 0000011a com.ibm.ws.webcontainer.servlet                              I SRVE0242I: [gestioncontact] [/gestioncontact] [estm.dsic.jee.rest.RestApplication]: L'initialisation a abouti.
[14/03/2024 15:45:31:447 WET] 00000187 com.ibm.ws.http.internal.VirtualHostImpl                     A CWWKT0017I: Application Web supprimée (default_host) : http://localhost:9080/gestioncontact/
[14/03/2024 15:45:31:847 WET] 00000187 com.ibm.ws.webcontainer.servlet                              I SRVE0253I: [gestioncontact] [/gestioncontact] [estm.dsic.jee.rest.RestApplication] : La suppression a abouti.
[14/03/2024 15:45:33:099 WET] 00000187 com.ibm.ws.app.manager.AppMessageHelper                      A CWWKZ0009I: L'application gestioncontact s'est arrêtée correctement.
[14/03/2024 15:45:33:361 WET] 00000187 com.ibm.ws.app.manager.AppMessageHelper                      I CWWKZ0018I: Démarrage de l'application gestioncontact.
[14/03/2024 15:45:33:368 WET] 00000187 bm.ws.app.manager.war.internal.WARDeployedAppInfoFactoryImpl I CWWKZ0134I: L'application gestioncontact utilise la définition d'application souple à l'emplacement C:\Users\user\Desktop\0Code\backend\target\liberty\wlp\usr\servers\gestioncontactServer\apps\gestioncontact.war.xml.
[14/03/2024 15:45:34:425 WET] 000001ab com.ibm.ws.webcontainer.osgi.mbeans.PluginGenerator          I SRVE9103I: Un fichier de configuration pour un plug-in de serveur Web a été automatiquement généré pour ce serveur à C:\Users\user\Desktop\0Code\backend\target\liberty\wlp\usr\servers\gestioncontactServer\logs\state\plugin-cfg.xml.
[14/03/2024 15:45:40:270 WET] 00000187 eclipselink                                                  I CWWJP9990I: [eclipselink] EclipseLink, version : Eclipse Persistence Services - 4.0.2.v202306161219.
[14/03/2024 15:45:47:838 WET] 00000187 org.jboss.weld.Event                                         I WELD-000411: Observer method [BackedAnnotatedMethod] org.apache.myfaces.config.annotation.CdiAnnotationProviderExtension.processAnnotatedType(@Observes ProcessAnnotatedType<T>) receives events for all annotated types. Consider restricting events using @WithAnnotations or a generic type with bounds.
[14/03/2024 15:45:51:270 WET] 00000187 com.ibm.ws.webcontainer.osgi.webapp.WebGroup                 I SRVE0169I: Chargement du module Web : gestioncontact.
[14/03/2024 15:45:51:272 WET] 00000187 com.ibm.ws.webcontainer                                      I SRVE0250I: Module Web gestioncontact lié à default_host.
[14/03/2024 15:45:51:272 WET] 00000187 com.ibm.ws.http.internal.VirtualHostImpl                     A CWWKT0016I: Application Web disponible, (default_host) : http://localhost:9080/gestioncontact/
[14/03/2024 15:45:51:276 WET] 000001b1 com.ibm.ws.session.WASSessionCore                            I SESN0176I: Un nouveau contexte de session sera créé pour la clé d'application default_host/gestioncontact
[14/03/2024 15:45:51:283 WET] 000001b1 com.ibm.ws.util                                              I SESN0172I: Le gestionnaire de session utilise l'implémentation Java par défaut de SecureRandom pour la génération des ID de session.
[14/03/2024 15:45:51:379 WET] 00000187 com.ibm.ws.webcontainer.osgi.mbeans.PluginGenerator          I SRVE9103I: Un fichier de configuration pour un plug-in de serveur Web a été automatiquement généré pour ce serveur à C:\Users\user\Desktop\0Code\backend\target\liberty\wlp\usr\servers\gestioncontactServer\logs\state\plugin-cfg.xml.
[14/03/2024 15:45:51:762 WET] 000001b1 org.apache.myfaces.webapp.MyFacesContainerInitializer        I Using io.openliberty.faces40.internal.ee.WASMyFacesContainerInitializer
[14/03/2024 15:45:51:763 WET] 000001b1 org.apache.myfaces.webapp.MyFacesContainerInitializer        I Added FacesServlet with mappings=[/faces/*, *.jsf, *.faces, *.xhtml]
[14/03/2024 15:45:51:763 WET] 000001b1 enliberty.faces40.internal.ee.WASMyFacesContainerInitializer I Added StartupServletContextListener to the servlet context
[14/03/2024 15:45:51:911 WET] 000001b1 org.apache.myfaces.config.DefaultFacesConfigurationProvider  I Found jakarta.faces.application.ApplicationFactory factory implementation: io.openliberty.faces40.internal.config.WASApplicationFactoryImpl
[14/03/2024 15:45:53:177 WET] 000001b1 org.apache.myfaces.application.ApplicationImpl               I Couldn't discover the current project stage, using Production
[14/03/2024 15:45:53:274 WET] 000001b1 org.apache.myfaces.webapp.FacesInitializerImpl               I MyFaces Core has started, it took [1501] ms.
[14/03/2024 15:45:53:409 WET] 000001b1 com.ibm.ws.app.manager.AppMessageHelper                      A CWWKZ0003I: Application gestioncontact mise à jour en 20,047 secondes.
[14/03/2024 15:45:54:053 WET] 000001b1 org.jboss.resteasy.resteasy_jaxrs.i18n                       I RESTEASY002225: Deploying jakarta.ws.rs.core.Application: class estm.dsic.jee.rest.RestApplication$Proxy$_$$_WeldClientProxy
[14/03/2024 15:45:54:117 WET] 000001b1 com.ibm.ws.webcontainer.servlet                              I SRVE0242I: [gestioncontact] [/gestioncontact] [estm.dsic.jee.rest.RestApplication]: L'initialisation a abouti.
