------Start of DE processing------ = [13/03/2024 11:19:58:507 WET]
Exception = org.jboss.weld.resources.spi.ResourceLoadingException
Source = com.ibm.ws.cdi.impl.weld.BeanDeploymentArchiveImpl
probeid = 987
Stack Dump = org.jboss.weld.resources.spi.ResourceLoadingException: Error while loading class estm.dsic.jee.rest.controllers.UserController
	at org.jboss.weld.resources.ClassTransformer.getBackedAnnotatedType(ClassTransformer.java:186)
	at org.jboss.weld.resources.ClassTransformer.getBackedAnnotatedType(ClassTransformer.java:194)
	at org.jboss.weld.manager.BeanManagerImpl.createAnnotatedType(BeanManagerImpl.java:1109)
	at com.ibm.ws.cdi.impl.weld.BeanDeploymentArchiveImpl.createJEEComponentInjectionTarget(BeanDeploymentArchiveImpl.java:986)
	at com.ibm.ws.cdi.impl.weld.BeanDeploymentArchiveImpl.createInjectionTargetsForJEEComponentClass(BeanDeploymentArchiveImpl.java:941)
	at com.ibm.ws.cdi.impl.weld.BeanDeploymentArchiveImpl.createInjectionTargetsForJEEComponentClasses(BeanDeploymentArchiveImpl.java:927)
	at com.ibm.ws.cdi.impl.weld.WebSphereCDIDeploymentImpl.validateJEEComponentClasses(WebSphereCDIDeploymentImpl.java:708)
	at com.ibm.ws.cdi.impl.CDIContainerImpl.startInitialization(CDIContainerImpl.java:176)
	at com.ibm.ws.cdi.liberty.CDIRuntimeImpl.applicationStarting(CDIRuntimeImpl.java:479)
	at com.ibm.ws.container.service.state.internal.ApplicationStateManager.fireStarting(ApplicationStateManager.java:53)
	at com.ibm.ws.container.service.state.internal.StateChangeServiceImpl.fireApplicationStarting(StateChangeServiceImpl.java:52)
	at com.ibm.ws.app.manager.module.internal.SimpleDeployedAppInfoBase.preDeployApp(SimpleDeployedAppInfoBase.java:550)
	at com.ibm.ws.app.manager.module.internal.SimpleDeployedAppInfoBase.installApp(SimpleDeployedAppInfoBase.java:511)
	at com.ibm.ws.app.manager.module.internal.DeployedAppInfoBase.deployApp(DeployedAppInfoBase.java:351)
	at com.ibm.ws.app.manager.war.internal.WARApplicationHandlerImpl.install(WARApplicationHandlerImpl.java:67)
	at com.ibm.ws.app.manager.internal.statemachine.StartAction.execute(StartAction.java:184)
	at com.ibm.ws.app.manager.internal.statemachine.ApplicationStateMachineImpl.enterState(ApplicationStateMachineImpl.java:1369)
	at com.ibm.ws.app.manager.internal.statemachine.ApplicationStateMachineImpl.performAction(ApplicationStateMachineImpl.java:1233)
	at com.ibm.ws.app.manager.internal.statemachine.ApplicationStateMachineImpl.run(ApplicationStateMachineImpl.java:920)
	at com.ibm.ws.threading.internal.ExecutorServiceImpl$RunnableWrapper.run(ExecutorServiceImpl.java:280)
	at java.base/java.util.concurrent.ThreadPoolExecutor.runWorker(ThreadPoolExecutor.java:1144)
	at java.base/java.util.concurrent.ThreadPoolExecutor$Worker.run(ThreadPoolExecutor.java:642)
	at java.base/java.lang.Thread.run(Thread.java:1583)
Caused by: java.lang.ClassFormatError: Duplicate method name "find" with signature "(LUser;)LUser;" in class file estm/dsic/jee/rest/buisness/services/UserServices
	at java.base/java.lang.ClassLoader.defineClass1(Native Method)
	at java.base/java.lang.ClassLoader.defineClass(ClassLoader.java:1027)
	at com.ibm.ws.classloading.internal.AppClassLoader.definePackageAndClass(AppClassLoader.java:435)
	at com.ibm.ws.classloading.internal.AppClassLoader.findClass(AppClassLoader.java:333)
	at com.ibm.ws.classloading.internal.AppClassLoader.findOrDelegateLoadClass(AppClassLoader.java:714)
	at com.ibm.ws.classloading.internal.AppClassLoader.loadClass(AppClassLoader.java:586)
	at com.ibm.ws.classloading.internal.AppClassLoader.loadClass(AppClassLoader.java:553)
	at java.base/java.lang.ClassLoader.loadClass(ClassLoader.java:526)
	at java.base/java.lang.Class.getDeclaredFields0(Native Method)
	at java.base/java.lang.Class.privateGetDeclaredFields(Class.java:3473)
	at java.base/java.lang.Class.getDeclaredFields(Class.java:2542)
	at org.jboss.weld.annotated.slim.backed.SecurityActions.getDeclaredFields(SecurityActions.java:49)
	at org.jboss.weld.annotated.slim.backed.BackedAnnotatedType$BackedAnnotatedFields.computeValue(BackedAnnotatedType.java:182)
	at org.jboss.weld.annotated.slim.backed.BackedAnnotatedType$BackedAnnotatedFields.computeValue(BackedAnnotatedType.java:176)
	at org.jboss.weld.util.LazyValueHolder.get(LazyValueHolder.java:46)
	at org.jboss.weld.annotated.slim.backed.BackedAnnotatedType$EagerlyInitializedLazyValueHolder.<init>(BackedAnnotatedType.java:159)
	at org.jboss.weld.annotated.slim.backed.BackedAnnotatedType$BackedAnnotatedFields.<init>(BackedAnnotatedType.java:176)
	at org.jboss.weld.annotated.slim.backed.BackedAnnotatedType.<init>(BackedAnnotatedType.java:65)
	at org.jboss.weld.annotated.slim.backed.BackedAnnotatedType.of(BackedAnnotatedType.java:47)
	at org.jboss.weld.resources.ClassTransformer$TransformClassToBackedAnnotatedType.apply(ClassTransformer.java:84)
	at org.jboss.weld.resources.ClassTransformer$TransformClassToBackedAnnotatedType.apply(ClassTransformer.java:79)
	at org.jboss.weld.util.cache.ReentrantMapBackedComputingCache.lambda$new$0(ReentrantMapBackedComputingCache.java:55)
	at org.jboss.weld.util.WeakLazyValueHolder$1.computeValue(WeakLazyValueHolder.java:35)
	at org.jboss.weld.util.WeakLazyValueHolder.get(WeakLazyValueHolder.java:53)
	at org.jboss.weld.util.cache.ReentrantMapBackedComputingCache.getValue(ReentrantMapBackedComputingCache.java:72)
	at org.jboss.weld.util.cache.ReentrantMapBackedComputingCache.getCastValue(ReentrantMapBackedComputingCache.java:78)
	at org.jboss.weld.resources.ClassTransformer.getBackedAnnotatedType(ClassTransformer.java:177)
	... 22 more

Dump of callerThis
Object type = com.ibm.ws.cdi.impl.weld.BeanDeploymentArchiveImpl
  archiveClassNames = class java.util.HashSet@3cf1c13c
    serialVersionUID = "/* Could not access serialVersionUID */"
    map = "/* Could not access map */"
    PRESENT = "/* Could not access PRESENT */"
  allClasses = class java.util.HashSet@265f3400
    serialVersionUID = "/* Could not access serialVersionUID */"
    map = "/* Could not access map */"
    PRESENT = "/* Could not access PRESENT */"
  beanClasses = class java.util.TreeMap@3edc8ee
    comparator = "/* Could not access comparator */"
    root = "/* Could not access root */"
    size = "/* Could not access size */"
    modCount = "/* Could not access modCount */"
    entrySet = "/* Could not access entrySet */"
    navigableKeySet = "/* Could not access navigableKeySet */"
    descendingMap = "/* Could not access descendingMap */"
    UNBOUNDED = "/* Could not access UNBOUNDED */"
    RED = "/* Could not access RED */"
    BLACK = "/* Could not access BLACK */"
    serialVersionUID = "/* Could not access serialVersionUID */"
    keySet = "/* Could not access keySet */"
    values = "/* Could not access values */"
  classloader = class com.ibm.ws.classloading.internal.AppClassLoader@471e966d
    tc = class com.ibm.websphere.ras.TraceComponent@5afd0360
      strings[0] = "TraceComponent[com.ibm.ws.classloading.internal.AppClassLoader,class com.ibm.ws.classloading.internal.AppClassLoader,[ClassLoadingService],com.ibm.ws.classloading.internal.resources.ClassLoadingServiceMessages,null]"
    forbiddenClassNames = class java.util.Collections$UnmodifiableSet@7a0c3c3d
      serialVersionUID = "/* Could not access serialVersionUID */"
      serialVersionUID = "/* Could not access serialVersionUID */"
      c = "/* Could not access c */"
    FORBIDDEN_PROPERTIES = "forbidden.properties"
    NOTHING_FORBIDDEN_PROPERTY = "io.openliberty.classloading.nothing.forbidden"
    disableSharedClassesCache = false
    PARENT_FIRST_SEARCH_ORDER = class java.util.Collections$UnmodifiableRandomAccessList@ad7c965
      serialVersionUID = "/* Could not access serialVersionUID */"
      serialVersionUID = "/* Could not access serialVersionUID */"
      list = "/* Could not access list */"
      serialVersionUID = "/* Could not access serialVersionUID */"
      c = "/* Could not access c */"
    packagesDefined = class java.util.Collections$SetFromMap@5112d31b
      m = "/* Could not access m */"
      s = "/* Could not access s */"
      serialVersionUID = "/* Could not access serialVersionUID */"
    CLASS_LOADING_TRACE_PREFIX = "com.ibm.ws.class.load."
    DEFAULT_PACKAGE = "default.package"
    perPackageClassLoadingTraceComponents = class java.util.concurrent.ConcurrentHashMap@22073c49
      serialVersionUID = "/* Could not access serialVersionUID */"
      MAXIMUM_CAPACITY = "/* Could not access MAXIMUM_CAPACITY */"
      DEFAULT_CAPACITY = "/* Could not access DEFAULT_CAPACITY */"
      MAX_ARRAY_SIZE = "/* Could not access MAX_ARRAY_SIZE */"
      DEFAULT_CONCURRENCY_LEVEL = "/* Could not access DEFAULT_CONCURRENCY_LEVEL */"
      LOAD_FACTOR = "/* Could not access LOAD_FACTOR */"
      TREEIFY_THRESHOLD = "/* Could not access TREEIFY_THRESHOLD */"
      UNTREEIFY_THRESHOLD = "/* Could not access UNTREEIFY_THRESHOLD */"
      MIN_TREEIFY_CAPACITY = "/* Could not access MIN_TREEIFY_CAPACITY */"
      MIN_TRANSFER_STRIDE = "/* Could not access MIN_TRANSFER_STRIDE */"
      RESIZE_STAMP_BITS = "/* Could not access RESIZE_STAMP_BITS */"
      MAX_RESIZERS = "/* Could not access MAX_RESIZERS */"
      RESIZE_STAMP_SHIFT = "/* Could not access RESIZE_STAMP_SHIFT */"
      MOVED = "/* Could not access MOVED */"
      TREEBIN = "/* Could not access TREEBIN */"
      RESERVED = "/* Could not access RESERVED */"
      HASH_BITS = "/* Could not access HASH_BITS */"
      NCPU = "/* Could not access NCPU */"
      serialPersistentFields = "/* Could not access serialPersistentFields */"
      table = "/* Could not access table */"
      nextTable = "/* Could not access nextTable */"
      baseCount = "/* Could not access baseCount */"
      sizeCtl = "/* Could not access sizeCtl */"
      transferIndex = "/* Could not access transferIndex */"
      cellsBusy = "/* Could not access cellsBusy */"
      counterCells = "/* Could not access counterCells */"
      keySet = "/* Could not access keySet */"
      values = "/* Could not access values */"
      entrySet = "/* Could not access entrySet */"
      U = "/* Could not access U */"
      SIZECTL = "/* Could not access SIZECTL */"
      TRANSFERINDEX = "/* Could not access TRANSFERINDEX */"
      BASECOUNT = "/* Could not access BASECOUNT */"
      CELLSBUSY = "/* Could not access CELLSBUSY */"
      CELLVALUE = "/* Could not access CELLVALUE */"
      ABASE = "/* Could not access ABASE */"
      ASHIFT = "/* Could not access ASHIFT */"
      keySet = "/* Could not access keySet */"
      values = "/* Could not access values */"
    config = class com.ibm.ws.classloading.internal.ClassLoaderConfigurationImpl@39f111e0
      DEFAULT_PROTECTION_DOMAIN = class java.security.ProtectionDomain@6fbcc11e
      delegateLast = false
      includeAppExtensions = true
      id = class com.ibm.ws.classloading.serializable.ClassLoaderIdentityImpl@f36d5f0
      parentId = null
      sharedLibraries = class java.util.ArrayList@7fdb245d
      commonLibraries = class java.util.Collections$EmptyList@70f6971f
      providers = class java.util.Collections$EmptyList@70f6971f
      nativeLibraryContainers = class java.util.Collections$EmptyList@70f6971f
      protectionDomain = class java.security.ProtectionDomain@794b1c2e
      serialVersionUID = 9091690180200375339
      $$$tc$$$ = class com.ibm.websphere.ras.TraceComponent@4d6a621b
    privateLibraries = null
    delegateLoaders = class com.ibm.ws.classloading.internal.util.CompositeIterable@dd97b5a
      iterables = class java.util.Arrays$ArrayList@23b301bb
      serialVersionUID = -1227195994638150837
      $$$tc$$$ = class com.ibm.websphere.ras.TraceComponent@2a01c327
    nativeLibraryFiles = class java.util.ArrayList@4a94fbf1
      serialVersionUID = "/* Could not access serialVersionUID */"
      DEFAULT_CAPACITY = "/* Could not access DEFAULT_CAPACITY */"
      EMPTY_ELEMENTDATA = "/* Could not access EMPTY_ELEMENTDATA */"
      DEFAULTCAPACITY_EMPTY_ELEMENTDATA = "/* Could not access DEFAULTCAPACITY_EMPTY_ELEMENTDATA */"
      elementData = "/* Could not access elementData */"
      size = "/* Could not access size */"
      modCount = "/* Could not access modCount */"
    transformers = class java.util.ArrayList@51ea739e
      serialVersionUID = "/* Could not access serialVersionUID */"
      DEFAULT_CAPACITY = "/* Could not access DEFAULT_CAPACITY */"
      EMPTY_ELEMENTDATA = "/* Could not access EMPTY_ELEMENTDATA */"
      DEFAULTCAPACITY_EMPTY_ELEMENTDATA = "/* Could not access DEFAULTCAPACITY_EMPTY_ELEMENTDATA */"
      elementData = "/* Could not access elementData */"
      size = "/* Could not access size */"
      modCount = "/* Could not access modCount */"
    systemTransformers = class java.util.concurrent.CopyOnWriteArrayList@60a51652
      serialVersionUID = "/* Could not access serialVersionUID */"
      lock = "/* Could not access lock */"
      array = "/* Could not access array */"
    apiAccess = class com.ibm.ws.classloading.internal.GatewayClassLoader@703ba67d
      config = class com.ibm.ws.classloading.internal.GatewayConfigurationImpl@55f6aeb9
      wiringMonitor = class com.ibm.ws.classloading.internal.GatewayClassLoader$1@1fec47dc
      bundle = class org.eclipse.osgi.internal.framework.EquinoxBundle@2883999c
      wiring = class org.eclipse.osgi.container.ModuleWiring@497533fa
      cl = null
      bLoader = class org.eclipse.osgi.internal.loader.BundleLoader@72704db6
      resourceProviders = class com.ibm.ws.classloading.internal.CompositeResourceProvider@1213a627
      serialVersionUID = -5503641212193211983
      $$$tc$$$ = class com.ibm.websphere.ras.TraceComponent@6445a01b
    generator = class com.ibm.ws.classloading.internal.ClassGeneratorManager@2660b2b7
      tc = class com.ibm.websphere.ras.TraceComponent@23c1d2b6
      generatorRefs = class com.ibm.wsspi.kernel.service.utils.ConcurrentServiceReferenceSet@3899756f
      serialVersionUID = 4152663586056483310
    protectionDomains = class java.util.concurrent.ConcurrentHashMap@4b469ef9
      serialVersionUID = "/* Could not access serialVersionUID */"
      MAXIMUM_CAPACITY = "/* Could not access MAXIMUM_CAPACITY */"
      DEFAULT_CAPACITY = "/* Could not access DEFAULT_CAPACITY */"
      MAX_ARRAY_SIZE = "/* Could not access MAX_ARRAY_SIZE */"
      DEFAULT_CONCURRENCY_LEVEL = "/* Could not access DEFAULT_CONCURRENCY_LEVEL */"
      LOAD_FACTOR = "/* Could not access LOAD_FACTOR */"
      TREEIFY_THRESHOLD = "/* Could not access TREEIFY_THRESHOLD */"
      UNTREEIFY_THRESHOLD = "/* Could not access UNTREEIFY_THRESHOLD */"
      MIN_TREEIFY_CAPACITY = "/* Could not access MIN_TREEIFY_CAPACITY */"
      MIN_TRANSFER_STRIDE = "/* Could not access MIN_TRANSFER_STRIDE */"
      RESIZE_STAMP_BITS = "/* Could not access RESIZE_STAMP_BITS */"
      MAX_RESIZERS = "/* Could not access MAX_RESIZERS */"
      RESIZE_STAMP_SHIFT = "/* Could not access RESIZE_STAMP_SHIFT */"
      MOVED = "/* Could not access MOVED */"
      TREEBIN = "/* Could not access TREEBIN */"
      RESERVED = "/* Could not access RESERVED */"
      HASH_BITS = "/* Could not access HASH_BITS */"
      NCPU = "/* Could not access NCPU */"
      serialPersistentFields = "/* Could not access serialPersistentFields */"
      table = "/* Could not access table */"
      nextTable = "/* Could not access nextTable */"
      baseCount = "/* Could not access baseCount */"
      sizeCtl = "/* Could not access sizeCtl */"
      transferIndex = "/* Could not access transferIndex */"
      cellsBusy = "/* Could not access cellsBusy */"
      counterCells = "/* Could not access counterCells */"
      keySet = "/* Could not access keySet */"
      values = "/* Could not access values */"
      entrySet = "/* Could not access entrySet */"
      U = "/* Could not access U */"
      SIZECTL = "/* Could not access SIZECTL */"
      TRANSFERINDEX = "/* Could not access TRANSFERINDEX */"
      BASECOUNT = "/* Could not access BASECOUNT */"
      CELLSBUSY = "/* Could not access CELLSBUSY */"
      CELLVALUE = "/* Could not access CELLVALUE */"
      ABASE = "/* Could not access ABASE */"
      ASHIFT = "/* Could not access ASHIFT */"
      keySet = "/* Could not access keySet */"
      values = "/* Could not access values */"
    hook = null
    serialVersionUID = 5906478461061001036
    checkpointPhase = class io.openliberty.checkpoint.spi.CheckpointPhase@16dfa7e
      AFTER_APP_START = class io.openliberty.checkpoint.spi.CheckpointPhase@40ebdfa2
      BEFORE_APP_START = class io.openliberty.checkpoint.spi.CheckpointPhase@66b4e22e
      INACTIVE = class io.openliberty.checkpoint.spi.CheckpointPhase@16dfa7e
      CHECKPOINT_PROPERTY = "io.openliberty.checkpoint"
      CHECKPOINT_ACTIVE_FILTER = "(!(io.openliberty.checkpoint=INACTIVE))"
      CHECKPOINT_RESTORED_PROPERTY = "io.openliberty.checkpoint.restored"
      CONDITION_PROCESS_RUNNING_ID = "io.openliberty.process.running"
      restored = true
      noMoreAddHooks = true
      singleThreadedHooks = class java.util.ArrayList@1dbdc496
      multiThreadedHooks = class java.util.ArrayList@5c59f09d
      THE_PHASE = class io.openliberty.checkpoint.spi.CheckpointPhase@16dfa7e
      DEBUG = false
      $VALUES = class io.openliberty.checkpoint.spi.CheckpointPhase[3]
      name = "/* Could not access name */"
      ordinal = "/* Could not access ordinal */"
      hash = "/* Could not access hash */"
    tc = class com.ibm.websphere.ras.TraceComponent@36ee99d1
      strings[0] = "TraceComponent[com.ibm.ws.classloading.internal.ContainerClassLoader,class com.ibm.ws.classloading.internal.ContainerClassLoader,[ClassLoadingService],com.ibm.ws.classloading.internal.resources.ClassLoadingServiceMessages,null]"
    smartClassPath = class com.ibm.ws.classloading.internal.ContainerClassLoader$SmartClassPathImpl@223b15ee
      rwLock = class java.util.concurrent.locks.ReentrantReadWriteLock@23bd9bf0
      outstandingContainers = class java.util.concurrent.atomic.AtomicInteger@50d77265
      usePackageMap = true
      maxLastNotFound = 250
      maxLastFound = 900
      maxLastReallyNotFound = 900
      propsInUse = false
      classPath = class java.util.concurrent.CopyOnWriteArrayList@4399adfa
      MAX_LASTNOTFOUND = 250
      lastNotFound = class java.util.concurrent.CopyOnWriteArrayList@36137426
      MAX_LASTFOUND = 900
      lastFoundURL = class java.util.Collections$SynchronizedMap@79be1b0f
      MAX_LASTREALLYNOTFOUND = 900
      lastReallyNotFoundURL = class java.util.Collections$SynchronizedMap@12910a07
      packageMap = class java.util.HashMap@1ce983d2
      containers = class java.util.Collections$SetFromMap@3176662d
      serialVersionUID = 1586111247084489525
      $$$tc$$$ = class com.ibm.websphere.ras.TraceComponent@58a3238
    nativeLibraryContainers = class java.util.ArrayList@5d75f606
      serialVersionUID = "/* Could not access serialVersionUID */"
      DEFAULT_CAPACITY = "/* Could not access DEFAULT_CAPACITY */"
      EMPTY_ELEMENTDATA = "/* Could not access EMPTY_ELEMENTDATA */"
      DEFAULTCAPACITY_EMPTY_ELEMENTDATA = "/* Could not access DEFAULTCAPACITY_EMPTY_ELEMENTDATA */"
      elementData = "/* Could not access elementData */"
      size = "/* Could not access size */"
      modCount = "/* Could not access modCount */"
    redefiner = class com.ibm.ws.classloading.internal.util.ClassRedefiner@7895936
      tc = class com.ibm.websphere.ras.TraceComponent@494e467e
      LS = "
"
      inst = class jdk.proxy2.$Proxy4@1ba99cc2
      serialVersionUID = 2420101865139508526
    jarProtocol = "wsjar:"
    mapCreationQueue = class java.util.concurrent.Executors$AutoShutdownDelegatedExecutorService@69d9fdb3
      cleanable = "/* Could not access cleanable */"
      e = "/* Could not access e */"
    serialVersionUID = 251246017270836472
    parent = class com.ibm.ws.classloading.internal.GatewayClassLoader@703ba67d
    classNameLockStore = class com.ibm.ws.kernel.boot.utils.KeyBasedLockStore@13b70103
      refQueue = class java.lang.ref.ReferenceQueue@1c27bc35
      lockMap = class java.util.concurrent.ConcurrentHashMap@3357b0c1
      lockCreator = class com.ibm.ws.kernel.boot.classloader.NameBasedClassLoaderLock$1@2ba3c51d
    serialVersionUID = -3020377578845918238
    $$$tc$$$ = class com.ibm.websphere.ras.TraceComponent@72ed01e6
      strings[0] = "TraceComponent[com.ibm.ws.classloading.internal.LibertyLoader,class com.ibm.ws.classloading.internal.LibertyLoader,[ClassLoadingService],com.ibm.ws.classloading.internal.resources.ClassLoadingServiceMessages,null]"
    pdcache = "/* Could not access pdcache */"
  ejbClasses = class java.util.HashSet@16044f97
    serialVersionUID = "/* Could not access serialVersionUID */"
    map = "/* Could not access map */"
    PRESENT = "/* Could not access PRESENT */"
  managedBeanClasses = class java.util.HashSet@24ce944a
    serialVersionUID = "/* Could not access serialVersionUID */"
    map = "/* Could not access map */"
    PRESENT = "/* Could not access PRESENT */"
  injectionClasses = class java.util.HashSet@7bee5be7
    serialVersionUID = "/* Could not access serialVersionUID */"
    map = "/* Could not access map */"
    PRESENT = "/* Could not access PRESENT */"
  jeeComponentClasses = class java.util.HashSet@16a956cc
    serialVersionUID = "/* Could not access serialVersionUID */"
    map = "/* Could not access map */"
    PRESENT = "/* Could not access PRESENT */"
  additionalClasses = class java.util.HashSet@22e5db79
    serialVersionUID = "/* Could not access serialVersionUID */"
    map = "/* Could not access map */"
    PRESENT = "/* Could not access PRESENT */"
  additionalBeanDefiningAnnotations = class java.util.HashSet@72d977ab
    serialVersionUID = "/* Could not access serialVersionUID */"
    map = "/* Could not access map */"
    PRESENT = "/* Could not access PRESENT */"
  extensionClassNames = class java.util.HashSet@7b612b74
    serialVersionUID = "/* Could not access serialVersionUID */"
    map = "/* Could not access map */"
    PRESENT = "/* Could not access PRESENT */"
  spiExtensionSuppliers = class java.util.HashSet@27221de2
    serialVersionUID = "/* Could not access serialVersionUID */"
    map = "/* Could not access map */"
    PRESENT = "/* Could not access PRESENT */"
  weldServiceRegistry = class org.jboss.weld.bootstrap.api.helpers.SimpleServiceRegistry@2b10246c
    services = class java.util.HashMap@142cffe3
      serialVersionUID = "/* Could not access serialVersionUID */"
      DEFAULT_INITIAL_CAPACITY = "/* Could not access DEFAULT_INITIAL_CAPACITY */"
      MAXIMUM_CAPACITY = "/* Could not access MAXIMUM_CAPACITY */"
      DEFAULT_LOAD_FACTOR = "/* Could not access DEFAULT_LOAD_FACTOR */"
      TREEIFY_THRESHOLD = "/* Could not access TREEIFY_THRESHOLD */"
      UNTREEIFY_THRESHOLD = "/* Could not access UNTREEIFY_THRESHOLD */"
      MIN_TREEIFY_CAPACITY = "/* Could not access MIN_TREEIFY_CAPACITY */"
      table = "/* Could not access table */"
      entrySet = "/* Could not access entrySet */"
      size = "/* Could not access size */"
      modCount = "/* Could not access modCount */"
      threshold = "/* Could not access threshold */"
      loadFactor = "/* Could not access loadFactor */"
      keySet = "/* Could not access keySet */"
      values = "/* Could not access values */"
  id = "gestioncontact#gestioncontact.war"
  eeModuleDescriptor = class com.ibm.ws.cdi.impl.weld.WebSphereEEModuleDescriptor@12cd7a8a
    serialVersionUID = -215597466475883722
    $$$tc$$$ = class com.ibm.websphere.ras.TraceComponent@4b71d1e2
      strings[0] = "TraceComponent[com.ibm.ws.cdi.impl.weld.WebSphereEEModuleDescriptor,class com.ibm.ws.cdi.impl.weld.WebSphereEEModuleDescriptor,[JCDI],com.ibm.ws.cdi.internal.resources.CDI,null]"
    id = "gestioncontact#gestioncontact.war"
    moduleType = class org.jboss.weld.bootstrap.spi.EEModuleDescriptor$ModuleType@4eb0220
      EAR = class org.jboss.weld.bootstrap.spi.EEModuleDescriptor$ModuleType@2cfc1bd0
      WEB = class org.jboss.weld.bootstrap.spi.EEModuleDescriptor$ModuleType@4eb0220
      EJB_JAR = class org.jboss.weld.bootstrap.spi.EEModuleDescriptor$ModuleType@784dcd0a
      APPLICATION_CLIENT = class org.jboss.weld.bootstrap.spi.EEModuleDescriptor$ModuleType@4d6457a
      CONNECTOR = class org.jboss.weld.bootstrap.spi.EEModuleDescriptor$ModuleType@e3a3778
      $VALUES = class org.jboss.weld.bootstrap.spi.EEModuleDescriptor$ModuleType[5]
      name = "/* Could not access name */"
      ordinal = "/* Could not access ordinal */"
      hash = "/* Could not access hash */"
  accessibleBDAs = class java.util.HashSet@6005c92c
    serialVersionUID = "/* Could not access serialVersionUID */"
    map = "/* Could not access map */"
    PRESENT = "/* Could not access PRESENT */"
  descendantBDAs = class java.util.HashSet@577f15c3
    serialVersionUID = "/* Could not access serialVersionUID */"
    map = "/* Could not access map */"
    PRESENT = "/* Could not access PRESENT */"
  cdiDeployment = class com.ibm.ws.cdi.impl.weld.WebSphereCDIDeploymentImpl@7d666804
    tc = class com.ibm.websphere.ras.TraceComponent@2c3e0e48
      strings[0] = "TraceComponent[com.ibm.ws.cdi.impl.weld.WebSphereCDIDeploymentImpl,class com.ibm.ws.cdi.impl.weld.WebSphereCDIDeploymentImpl,[JCDI],com.ibm.ws.cdi.internal.resources.CDI,null]"
    id = "gestioncontact"
    deploymentDBAs = class java.util.HashMap@6f1dd23a
      serialVersionUID = "/* Could not access serialVersionUID */"
      DEFAULT_INITIAL_CAPACITY = "/* Could not access DEFAULT_INITIAL_CAPACITY */"
      MAXIMUM_CAPACITY = "/* Could not access MAXIMUM_CAPACITY */"
      DEFAULT_LOAD_FACTOR = "/* Could not access DEFAULT_LOAD_FACTOR */"
      TREEIFY_THRESHOLD = "/* Could not access TREEIFY_THRESHOLD */"
      UNTREEIFY_THRESHOLD = "/* Could not access UNTREEIFY_THRESHOLD */"
      MIN_TREEIFY_CAPACITY = "/* Could not access MIN_TREEIFY_CAPACITY */"
      table = "/* Could not access table */"
      entrySet = "/* Could not access entrySet */"
      size = "/* Could not access size */"
      modCount = "/* Could not access modCount */"
      threshold = "/* Could not access threshold */"
      loadFactor = "/* Could not access loadFactor */"
      keySet = "/* Could not access keySet */"
      values = "/* Could not access values */"
    applicationBDAs = class java.util.HashSet@7c9306b4
      serialVersionUID = "/* Could not access serialVersionUID */"
      map = "/* Could not access map */"
      PRESENT = "/* Could not access PRESENT */"
    extensionBDAs = class java.util.HashMap@1cfcc8e8
      serialVersionUID = "/* Could not access serialVersionUID */"
      DEFAULT_INITIAL_CAPACITY = "/* Could not access DEFAULT_INITIAL_CAPACITY */"
      MAXIMUM_CAPACITY = "/* Could not access MAXIMUM_CAPACITY */"
      DEFAULT_LOAD_FACTOR = "/* Could not access DEFAULT_LOAD_FACTOR */"
      TREEIFY_THRESHOLD = "/* Could not access TREEIFY_THRESHOLD */"
      UNTREEIFY_THRESHOLD = "/* Could not access UNTREEIFY_THRESHOLD */"
      MIN_TREEIFY_CAPACITY = "/* Could not access MIN_TREEIFY_CAPACITY */"
      table = "/* Could not access table */"
      entrySet = "/* Could not access entrySet */"
      size = "/* Could not access size */"
      modCount = "/* Could not access modCount */"
      threshold = "/* Could not access threshold */"
      loadFactor = "/* Could not access loadFactor */"
      keySet = "/* Could not access keySet */"
      values = "/* Could not access values */"
    orderedBDAs = class java.util.ArrayList@7c2bd8e9
      serialVersionUID = "/* Could not access serialVersionUID */"
      DEFAULT_CAPACITY = "/* Could not access DEFAULT_CAPACITY */"
      EMPTY_ELEMENTDATA = "/* Could not access EMPTY_ELEMENTDATA */"
      DEFAULTCAPACITY_EMPTY_ELEMENTDATA = "/* Could not access DEFAULTCAPACITY_EMPTY_ELEMENTDATA */"
      elementData = "/* Could not access elementData */"
      size = "/* Could not access size */"
      modCount = "/* Could not access modCount */"
    bootstrap = class org.jboss.weld.bootstrap.WeldBootstrap@7da64954
      weldStartup = class org.jboss.weld.bootstrap.WeldStartup@19c6656c
      weldRuntime = class org.jboss.weld.bootstrap.WeldRuntime@5f0410a2
      beansXmlValidator = null
    classloader = class com.ibm.ws.classloading.internal.AppClassLoader@471e966d
    extensionClassLoaders = class java.util.HashSet@196456f2
      serialVersionUID = "/* Could not access serialVersionUID */"
      map = "/* Could not access map */"
      PRESENT = "/* Could not access PRESENT */"
    cdiEnabled = true
    cdiStatusMap = class java.util.HashMap@63a576be
      serialVersionUID = "/* Could not access serialVersionUID */"
      DEFAULT_INITIAL_CAPACITY = "/* Could not access DEFAULT_INITIAL_CAPACITY */"
      MAXIMUM_CAPACITY = "/* Could not access MAXIMUM_CAPACITY */"
      DEFAULT_LOAD_FACTOR = "/* Could not access DEFAULT_LOAD_FACTOR */"
      TREEIFY_THRESHOLD = "/* Could not access TREEIFY_THRESHOLD */"
      UNTREEIFY_THRESHOLD = "/* Could not access UNTREEIFY_THRESHOLD */"
      MIN_TREEIFY_CAPACITY = "/* Could not access MIN_TREEIFY_CAPACITY */"
      table = "/* Could not access table */"
      entrySet = "/* Could not access entrySet */"
      size = "/* Could not access size */"
      modCount = "/* Could not access modCount */"
      threshold = "/* Could not access threshold */"
      loadFactor = "/* Could not access loadFactor */"
      keySet = "/* Could not access keySet */"
      values = "/* Could not access values */"
    classBDAMap = class java.util.concurrent.ConcurrentHashMap@41eb16b3
      serialVersionUID = "/* Could not access serialVersionUID */"
      MAXIMUM_CAPACITY = "/* Could not access MAXIMUM_CAPACITY */"
      DEFAULT_CAPACITY = "/* Could not access DEFAULT_CAPACITY */"
      MAX_ARRAY_SIZE = "/* Could not access MAX_ARRAY_SIZE */"
      DEFAULT_CONCURRENCY_LEVEL = "/* Could not access DEFAULT_CONCURRENCY_LEVEL */"
      LOAD_FACTOR = "/* Could not access LOAD_FACTOR */"
      TREEIFY_THRESHOLD = "/* Could not access TREEIFY_THRESHOLD */"
      UNTREEIFY_THRESHOLD = "/* Could not access UNTREEIFY_THRESHOLD */"
      MIN_TREEIFY_CAPACITY = "/* Could not access MIN_TREEIFY_CAPACITY */"
      MIN_TRANSFER_STRIDE = "/* Could not access MIN_TRANSFER_STRIDE */"
      RESIZE_STAMP_BITS = "/* Could not access RESIZE_STAMP_BITS */"
      MAX_RESIZERS = "/* Could not access MAX_RESIZERS */"
      RESIZE_STAMP_SHIFT = "/* Could not access RESIZE_STAMP_SHIFT */"
      MOVED = "/* Could not access MOVED */"
      TREEBIN = "/* Could not access TREEBIN */"
      RESERVED = "/* Could not access RESERVED */"
      HASH_BITS = "/* Could not access HASH_BITS */"
      NCPU = "/* Could not access NCPU */"
      serialPersistentFields = "/* Could not access serialPersistentFields */"
      table = "/* Could not access table */"
      nextTable = "/* Could not access nextTable */"
      baseCount = "/* Could not access baseCount */"
      sizeCtl = "/* Could not access sizeCtl */"
      transferIndex = "/* Could not access transferIndex */"
      cellsBusy = "/* Could not access cellsBusy */"
      counterCells = "/* Could not access counterCells */"
      keySet = "/* Could not access keySet */"
      values = "/* Could not access values */"
      entrySet = "/* Could not access entrySet */"
      U = "/* Could not access U */"
      SIZECTL = "/* Could not access SIZECTL */"
      TRANSFERINDEX = "/* Could not access TRANSFERINDEX */"
      BASECOUNT = "/* Could not access BASECOUNT */"
      CELLSBUSY = "/* Could not access CELLSBUSY */"
      CELLVALUE = "/* Could not access CELLVALUE */"
      ABASE = "/* Could not access ABASE */"
      ASHIFT = "/* Could not access ASHIFT */"
      keySet = "/* Could not access keySet */"
      values = "/* Could not access values */"
    application = class com.ibm.ws.cdi.internal.archive.liberty.ApplicationImpl@217992f4
    serviceRegistry = class org.jboss.weld.bootstrap.api.helpers.SimpleServiceRegistry@ec81b33
      services = class java.util.HashMap@77c48ad3
    extensions = class java.util.HashSet@35a01fde
      serialVersionUID = "/* Could not access serialVersionUID */"
      map = "/* Could not access map */"
      PRESENT = "/* Could not access PRESENT */"
    injectionServices = class com.ibm.ws.cdi.impl.weld.injection.WebSphereInjectionServicesImpl@7d788f52
      tc = class com.ibm.websphere.ras.TraceComponent@40562ab
      ANNOTATIONS_KNOWN_TO_WELD = class java.util.HashSet@2de214fe
      referenceContextMap = class java.util.concurrent.ConcurrentHashMap@6d41547d
      referenceContexts = class java.util.Collections$SetFromMap@4390066c
      injectionTargetListeners = class java.util.concurrent.ConcurrentHashMap@5c8f1353
      deployment = class com.ibm.ws.cdi.impl.weld.WebSphereCDIDeploymentImpl@7d666804
      serialVersionUID = 2515575801175940133
    cdiRuntime = class com.ibm.ws.cdi.liberty.CDIRuntimeImpl@4409db59
    cdi = class com.ibm.ws.cdi.impl.CDIImpl@643f40c0
      cdiService = class com.ibm.ws.cdi.liberty.CDIRuntimeImpl@4409db59
      serialVersionUID = -7939958868102936626
      $$$tc$$$ = class com.ibm.websphere.ras.TraceComponent@470fd9e5
      knownClassNames = class org.jboss.weld.util.collections.ImmutableTinySet$Tripleton@4c73ca6b
      instanceCache = class org.jboss.weld.util.cache.ReentrantMapBackedComputingCache@11077b1d
      lock = class java.lang.Object@4d0abd24
      providerSetManually = true
      discoveredProviders = null
      configuredProvider = class com.ibm.ws.cdi.liberty.CDIRuntimeImpl@4409db59
    serialVersionUID = 4603914438338371166
  ejbDescriptors = class java.util.HashSet@4065408
    serialVersionUID = "/* Could not access serialVersionUID */"
    map = "/* Could not access map */"
    PRESENT = "/* Could not access PRESENT */"
  ejbDescriptorMap = class java.util.HashMap@4a84b10d
    serialVersionUID = "/* Could not access serialVersionUID */"
    DEFAULT_INITIAL_CAPACITY = "/* Could not access DEFAULT_INITIAL_CAPACITY */"
    MAXIMUM_CAPACITY = "/* Could not access MAXIMUM_CAPACITY */"
    DEFAULT_LOAD_FACTOR = "/* Could not access DEFAULT_LOAD_FACTOR */"
    TREEIFY_THRESHOLD = "/* Could not access TREEIFY_THRESHOLD */"
    UNTREEIFY_THRESHOLD = "/* Could not access UNTREEIFY_THRESHOLD */"
    MIN_TREEIFY_CAPACITY = "/* Could not access MIN_TREEIFY_CAPACITY */"
    table = "/* Could not access table */"
    entrySet = "/* Could not access entrySet */"
    size = "/* Could not access size */"
    modCount = "/* Could not access modCount */"
    threshold = "/* Could not access threshold */"
    loadFactor = "/* Could not access loadFactor */"
    keySet = "/* Could not access keySet */"
    values = "/* Could not access values */"
  scanned = true
  hasBeans = true
  endpointsScanned = true
  nonCDIInterceptors = class java.util.HashSet@65fa7493
    serialVersionUID = "/* Could not access serialVersionUID */"
    map = "/* Could not access map */"
    PRESENT = "/* Could not access PRESENT */"
  beansXml = null
  beanDiscoveryMode = class org.jboss.weld.bootstrap.spi.BeanDiscoveryMode@2b921660
    NONE = class org.jboss.weld.bootstrap.spi.BeanDiscoveryMode@2ae0cef7
      NONE = class org.jboss.weld.bootstrap.spi.BeanDiscoveryMode@2ae0cef7
      ANNOTATED = class org.jboss.weld.bootstrap.spi.BeanDiscoveryMode@2b921660
      ALL = class org.jboss.weld.bootstrap.spi.BeanDiscoveryMode@1f8b7a9a
      $VALUES = class org.jboss.weld.bootstrap.spi.BeanDiscoveryMode[3]
      name = "/* Could not access name */"
      ordinal = "/* Could not access ordinal */"
      hash = "/* Could not access hash */"
    ANNOTATED = class org.jboss.weld.bootstrap.spi.BeanDiscoveryMode@2b921660
    ALL = class org.jboss.weld.bootstrap.spi.BeanDiscoveryMode@1f8b7a9a
      NONE = class org.jboss.weld.bootstrap.spi.BeanDiscoveryMode@2ae0cef7
      ANNOTATED = class org.jboss.weld.bootstrap.spi.BeanDiscoveryMode@2b921660
      ALL = class org.jboss.weld.bootstrap.spi.BeanDiscoveryMode@1f8b7a9a
      $VALUES = class org.jboss.weld.bootstrap.spi.BeanDiscoveryMode[3]
      name = "/* Could not access name */"
      ordinal = "/* Could not access ordinal */"
      hash = "/* Could not access hash */"
    $VALUES = class org.jboss.weld.bootstrap.spi.BeanDiscoveryMode[3]
      BeanDiscoveryMode[0] = class org.jboss.weld.bootstrap.spi.BeanDiscoveryMode@2ae0cef7
      BeanDiscoveryMode[1] = class org.jboss.weld.bootstrap.spi.BeanDiscoveryMode@2b921660
      BeanDiscoveryMode[2] = class org.jboss.weld.bootstrap.spi.BeanDiscoveryMode@1f8b7a9a
    name = "/* Could not access name */"
    ordinal = "/* Could not access ordinal */"
    hash = "/* Could not access hash */"
  directBeanDefiningAnnotations = class java.util.HashSet@1d02a10e
    serialVersionUID = "/* Could not access serialVersionUID */"
    map = "/* Could not access map */"
    PRESENT = "/* Could not access PRESENT */"
  accessibleBeanDefiningAnnotations = class java.util.HashSet@72e1777a
    serialVersionUID = "/* Could not access serialVersionUID */"
    map = "/* Could not access map */"
    PRESENT = "/* Could not access PRESENT */"
  cdiRuntime = class com.ibm.ws.cdi.liberty.CDIRuntimeImpl@4409db59
    tc = class com.ibm.websphere.ras.TraceComponent@4e1dfb2
      strings[0] = "TraceComponent[com.ibm.ws.cdi.liberty.CDIRuntimeImpl,class com.ibm.ws.cdi.liberty.CDIRuntimeImpl,[JCDI],com.ibm.ws.cdi.internal.resources.CDI,null]"
    metaDataSlotServiceSR = class com.ibm.wsspi.kernel.service.utils.AtomicServiceReference@643d2087
      referenceName = "metaDataSlotService"
      tuple = class java.util.concurrent.atomic.AtomicReference@672fb37
      serialVersionUID = 2226592364007985000
      $$$tc$$$ = class com.ibm.websphere.ras.TraceComponent@64092529
    ejbEndpointServiceSR = class com.ibm.wsspi.kernel.service.utils.AtomicServiceReference@1ad681bb
      referenceName = "ejbEndpointService"
      tuple = class java.util.concurrent.atomic.AtomicReference@6fb18f40
      serialVersionUID = 2226592364007985000
      $$$tc$$$ = class com.ibm.websphere.ras.TraceComponent@64092529
    classLoadingSRRef = class com.ibm.wsspi.kernel.service.utils.AtomicServiceReference@2610eee
      referenceName = "classLoadingService"
      tuple = class java.util.concurrent.atomic.AtomicReference@6ee2ebf5
      serialVersionUID = 2226592364007985000
      $$$tc$$$ = class com.ibm.websphere.ras.TraceComponent@64092529
    ejbServices = class com.ibm.wsspi.kernel.service.utils.AtomicServiceReference@5ec7e680
      referenceName = "ejbServices"
      tuple = class java.util.concurrent.atomic.AtomicReference@45122ef3
      serialVersionUID = 2226592364007985000
      $$$tc$$$ = class com.ibm.websphere.ras.TraceComponent@64092529
    transactionService = class com.ibm.wsspi.kernel.service.utils.AtomicServiceReference@5373dcc7
      referenceName = "transactionService"
      tuple = class java.util.concurrent.atomic.AtomicReference@6177a9d8
      serialVersionUID = 2226592364007985000
      $$$tc$$$ = class com.ibm.websphere.ras.TraceComponent@64092529
    securityServices = class com.ibm.wsspi.kernel.service.utils.AtomicServiceReference@7d06544b
      referenceName = "securityServices"
      tuple = class java.util.concurrent.atomic.AtomicReference@5bbfa4e5
      serialVersionUID = 2226592364007985000
      $$$tc$$$ = class com.ibm.websphere.ras.TraceComponent@64092529
    extensionsSR = class com.ibm.wsspi.kernel.service.utils.ConcurrentServiceReferenceSet@779a237b
      referenceName = "extensionService"
      contextRef = class java.util.concurrent.atomic.AtomicReference@2ca1f79d
      elementMap = class java.util.LinkedHashMap@a1498e7
      elementSet = class java.util.concurrent.ConcurrentSkipListSet@1049e744
      elementSetUnsorted = false
      serialVersionUID = 756240983881166148
      $$$tc$$$ = class com.ibm.websphere.ras.TraceComponent@6c974b39
    spiExtensionsSR = class com.ibm.wsspi.kernel.service.utils.ConcurrentServiceReferenceSet@168838ee
      referenceName = "spiExtensionService"
      contextRef = class java.util.concurrent.atomic.AtomicReference@4147a446
      elementMap = class java.util.LinkedHashMap@62f9aeec
      elementSet = class java.util.concurrent.ConcurrentSkipListSet@4c84c1f4
      elementSetUnsorted = false
      serialVersionUID = 756240983881166148
      $$$tc$$$ = class com.ibm.websphere.ras.TraceComponent@6c974b39
    containerFactorySRRef = class com.ibm.wsspi.kernel.service.utils.AtomicServiceReference@5bd05b1c
      referenceName = "containerFactory"
      tuple = class java.util.concurrent.atomic.AtomicReference@3d722790
      serialVersionUID = 2226592364007985000
      $$$tc$$$ = class com.ibm.websphere.ras.TraceComponent@64092529
    adaptableModuleFactorySRRef = class com.ibm.wsspi.kernel.service.utils.AtomicServiceReference@14bbf821
      referenceName = "adaptableModuleFactory"
      tuple = class java.util.concurrent.atomic.AtomicReference@7734bd17
      serialVersionUID = 2226592364007985000
      $$$tc$$$ = class com.ibm.websphere.ras.TraceComponent@64092529
    injectionEngineServiceRef = class com.ibm.wsspi.kernel.service.utils.AtomicServiceReference@329c9036
      referenceName = "injectionEngine"
      tuple = class java.util.concurrent.atomic.AtomicReference@75bb7889
      serialVersionUID = 2226592364007985000
      $$$tc$$$ = class com.ibm.websphere.ras.TraceComponent@64092529
    scheduledExecutorServiceRef = class com.ibm.wsspi.kernel.service.utils.AtomicServiceReference@650491c3
      referenceName = "scheduledExecutorService"
      tuple = class java.util.concurrent.atomic.AtomicReference@61a3b889
      serialVersionUID = 2226592364007985000
      $$$tc$$$ = class com.ibm.websphere.ras.TraceComponent@64092529
    executorServiceRef = class com.ibm.wsspi.kernel.service.utils.AtomicServiceReference@3cd53ec4
      referenceName = "executorService"
      tuple = class java.util.concurrent.atomic.AtomicReference@5331bdc
      serialVersionUID = 2226592364007985000
      $$$tc$$$ = class com.ibm.websphere.ras.TraceComponent@64092529
    managedExecutorServiceRef = class com.ibm.wsspi.kernel.service.utils.AtomicServiceReference@77e4b38f
      referenceName = "managedExecutorService"
      tuple = class java.util.concurrent.atomic.AtomicReference@13a87ce7
      serialVersionUID = 2226592364007985000
      $$$tc$$$ = class com.ibm.websphere.ras.TraceComponent@64092529
    resourceRefConfigFactoryRef = class com.ibm.wsspi.kernel.service.utils.AtomicServiceReference@212f8065
      referenceName = "resourceRefConfigFactory"
      tuple = class java.util.concurrent.atomic.AtomicReference@3d46f40c
      serialVersionUID = 2226592364007985000
      $$$tc$$$ = class com.ibm.websphere.ras.TraceComponent@64092529
    deferredMetaDataFactoryRef = class com.ibm.wsspi.kernel.service.utils.AtomicServiceReference@6064970a
      referenceName = "cdiDeferredMetaDataFactoryImpl"
      tuple = class java.util.concurrent.atomic.AtomicReference@4010c294
      serialVersionUID = 2226592364007985000
      $$$tc$$$ = class com.ibm.websphere.ras.TraceComponent@64092529
    beansXmlParser = class io.openliberty.cdi40.internal.weld.CDI40BeansXmlParserImpl@75d2a6dc
      tc = class com.ibm.websphere.ras.TraceComponent@4590f861
      cdiContainerConfig = class io.openliberty.cdi40.internal.weld.CDI40AggregatedConfigurationImpl@3e918f9c
      serialVersionUID = 1591115226053693575
    bceFinder = class io.openliberty.cdi40.internal.weld.CDI40BceFinder@27f80b22
      BCE_EXTENSION = "jakarta.enterprise.inject.build.compatible.spi.BuildCompatibleExtension"
      META_INF_SERVICES_BCE_EXTENSION = "META-INF/services/jakarta.enterprise.inject.build.compatible.spi.BuildCompatibleExtension"
      WEB_INF_CLASSES_META_INF_SERVICES_BCE_EXTENSION = "WEB-INF/classes/META-INF/services/jakarta.enterprise.inject.build.compatible.spi.BuildCompatibleExtension"
      serialVersionUID = 8570119591201212767
      $$$tc$$$ = class com.ibm.websphere.ras.TraceComponent@6c78974
    cdiContainerEventManager = class io.openliberty.cdi40.internal.weld.CDI40ContainerEventManagerImpl@7a099b10
      tc = class com.ibm.websphere.ras.TraceComponent@460ab10e
      LIBERTY_EE_ENVIRONMENT = class io.openliberty.cdi40.internal.weld.CDI40ContainerEventManagerImpl$LibertyEEEnvironment@8826355
      serialVersionUID = -4728261810637111019
    weldDevelopmentMode = null
    cdiContainerConfig = class io.openliberty.cdi40.internal.weld.CDI40AggregatedConfigurationImpl@3e918f9c
      serialVersionUID = 2467610951074149464
      $$$tc$$$ = class com.ibm.websphere.ras.TraceComponent@3e24c75e
      tc = class com.ibm.websphere.ras.TraceComponent@4865b26c
      ENABLE_IMPLICIT_BEAN_ARCHIVES = "enableImplicitBeanArchives"
      EMPTY_BEANS_XML_CDI3_COMPATIBILITY = "emptyBeansXmlCDI3Compatibility"
      ENABLE_IMPLICIT_BEAN_ARCHIVES_DEFAULT = true
      EMPTY_BEANS_XML_CDI3_COMPATIBILITY_DEFAULT = false
      cdi12EnableImplicitBeanArchives = null
      cdiEnableImplicitBeanArchives = null
      cdiEmptyBeansXmlCDI3Compatibility = null
      enableImplicitBeanArchives = true
      emptyBeansXmlCDI3Compatibility = false
      serialVersionUID = 2383387866469920840
    extensionArchiveProviders = class java.util.ArrayList@5e152ad4
      serialVersionUID = "/* Could not access serialVersionUID */"
      DEFAULT_CAPACITY = "/* Could not access DEFAULT_CAPACITY */"
      EMPTY_ELEMENTDATA = "/* Could not access EMPTY_ELEMENTDATA */"
      DEFAULTCAPACITY_EMPTY_ELEMENTDATA = "/* Could not access DEFAULTCAPACITY_EMPTY_ELEMENTDATA */"
      elementData = "/* Could not access elementData */"
      size = "/* Could not access size */"
      modCount = "/* Could not access modCount */"
    extensionArchiveFactories = class java.util.ArrayList@39d39b2f
      serialVersionUID = "/* Could not access serialVersionUID */"
      DEFAULT_CAPACITY = "/* Could not access DEFAULT_CAPACITY */"
      EMPTY_ELEMENTDATA = "/* Could not access EMPTY_ELEMENTDATA */"
      DEFAULTCAPACITY_EMPTY_ELEMENTDATA = "/* Could not access DEFAULTCAPACITY_EMPTY_ELEMENTDATA */"
      elementData = "/* Could not access elementData */"
      size = "/* Could not access size */"
      modCount = "/* Could not access modCount */"
    applicationSlot = class com.ibm.ws.runtime.metadata.MetaDataSlotImpl@f34561e
      id = 0
      destroyed = false
      metadataIntf = class java.lang.Class@74fde41e
      manager = class com.ibm.ws.container.service.metadata.internal.ApplicationMetaDataManager@6f6e1dd0
      bundle = class org.eclipse.osgi.internal.framework.EquinoxBundle@70a60f9f
    isClientProcess = false
    runtimeFactory = class com.ibm.ws.cdi.internal.archive.liberty.RuntimeFactory@3d6bd50b
      services = class com.ibm.ws.cdi.liberty.CDIRuntimeImpl@4409db59
      applications = class java.util.concurrent.ConcurrentHashMap@2cefb615
      serialVersionUID = -4454616462077940377
      $$$tc$$$ = class com.ibm.websphere.ras.TraceComponent@49ac7c6b
    proxyServices = class com.ibm.ws.cdi.proxy.ProxyServicesImpl@4adf0bf8
      SUPPRESS_ACCESS_CHECKS_PERMISSION = class java.lang.reflect.ReflectPermission@63b5d625
      DECLARED_MEMBERS_PERMISSION = class java.lang.RuntimePermission@689c575d
      GET_CLASS_LOADER_PERMISSION = class java.lang.RuntimePermission@51e974ca
      WELD_PACKAGES = class org.eclipse.osgi.util.ManifestElement[1]
      CLASS_LOADER_FOR_SYSTEM_CLASSES = class org.eclipse.osgi.internal.loader.EquinoxClassLoader@2d7bba7
      loaderMap = class com.ibm.ws.cdi.proxy.ProxyServicesImpl$1@7f17fe89
      serialVersionUID = -5246223089013259243
      $$$tc$$$ = class com.ibm.websphere.ras.TraceComponent@7323903c
    serialVersionUID = 7930911400118500928
    cdiContainer = class com.ibm.ws.cdi.impl.CDIContainerImpl@6dea76bd
      tc = class com.ibm.websphere.ras.TraceComponent@166af963
      CLASSLOADER = class org.eclipse.osgi.internal.loader.EquinoxClassLoader@3fcd765b
      EXTENSION_API_CLASSES = "api.classes"
      EXTENSION_BEAN_DEFINING_ANNOTATIONS = "bean.defining.annotations"
      EXTENSION_APP_BDAS_VISIBLE = "application.bdas.visible"
      EXTENSION_CLASSES_ONLY_MODE = "extension.classes.only"
      EXTENSION_API_CLASSES_SEPARATOR = ";"
      runtimeExtensionMap = class java.util.HashMap@36cc564c
      probeExtensionArchive = null
      currentDeployment = class java.lang.ThreadLocal@360a8b52
      cdiRuntime = class com.ibm.ws.cdi.liberty.CDIRuntimeImpl@4409db59
      WELD_DISABLE_BEANSXML_VALIDATING = "org.jboss.weld.xml.disableValidating"
      serialVersionUID = 4644788022379001770
    serialVersionUID = 7975911090376029176
    $$$tc$$$ = class com.ibm.websphere.ras.TraceComponent@3e9a8f99
      strings[0] = "TraceComponent[com.ibm.ws.cdi.impl.AbstractCDIRuntime,class com.ibm.ws.cdi.impl.AbstractCDIRuntime,[JCDI],com.ibm.ws.cdi.internal.resources.CDI,null]"
  isExtension = false
  extensionCanSeeApplicationBDAs = false
  resourceLoader = class com.ibm.ws.cdi.impl.weld.ResourceLoaderImpl@5ceced08
    tc = class com.ibm.websphere.ras.TraceComponent@47ce9209
      strings[0] = "TraceComponent[com.ibm.ws.cdi.impl.weld.ResourceLoaderImpl,class com.ibm.ws.cdi.impl.weld.ResourceLoaderImpl,[JCDI],com.ibm.ws.cdi.internal.resources.CDI,null]"
    delegate = class com.ibm.ws.classloading.internal.AppClassLoader@471e966d
    serialVersionUID = -7296640400698987676
  injectionTargets = class java.util.HashMap@7f93e4ae
    serialVersionUID = "/* Could not access serialVersionUID */"
    DEFAULT_INITIAL_CAPACITY = "/* Could not access DEFAULT_INITIAL_CAPACITY */"
    MAXIMUM_CAPACITY = "/* Could not access MAXIMUM_CAPACITY */"
    DEFAULT_LOAD_FACTOR = "/* Could not access DEFAULT_LOAD_FACTOR */"
    TREEIFY_THRESHOLD = "/* Could not access TREEIFY_THRESHOLD */"
    UNTREEIFY_THRESHOLD = "/* Could not access UNTREEIFY_THRESHOLD */"
    MIN_TREEIFY_CAPACITY = "/* Could not access MIN_TREEIFY_CAPACITY */"
    table = "/* Could not access table */"
    entrySet = "/* Could not access entrySet */"
    size = "/* Could not access size */"
    modCount = "/* Could not access modCount */"
    threshold = "/* Could not access threshold */"
    loadFactor = "/* Could not access loadFactor */"
    keySet = "/* Could not access keySet */"
    values = "/* Could not access values */"
  staticInjectionPoints = class java.util.HashMap@77912083
    serialVersionUID = "/* Could not access serialVersionUID */"
    DEFAULT_INITIAL_CAPACITY = "/* Could not access DEFAULT_INITIAL_CAPACITY */"
    MAXIMUM_CAPACITY = "/* Could not access MAXIMUM_CAPACITY */"
    DEFAULT_LOAD_FACTOR = "/* Could not access DEFAULT_LOAD_FACTOR */"
    TREEIFY_THRESHOLD = "/* Could not access TREEIFY_THRESHOLD */"
    UNTREEIFY_THRESHOLD = "/* Could not access UNTREEIFY_THRESHOLD */"
    MIN_TREEIFY_CAPACITY = "/* Could not access MIN_TREEIFY_CAPACITY */"
    table = "/* Could not access table */"
    entrySet = "/* Could not access entrySet */"
    size = "/* Could not access size */"
    modCount = "/* Could not access modCount */"
    threshold = "/* Could not access threshold */"
    loadFactor = "/* Could not access loadFactor */"
    keySet = "/* Could not access keySet */"
    values = "/* Could not access values */"
  archive = class com.ibm.ws.cdi.internal.archive.liberty.CDIArchiveImpl@e32c3ac
    CLASS_NAME = "CDIArchiveImpl"
    factory = class com.ibm.ws.cdi.internal.archive.liberty.RuntimeFactory@3d6bd50b
    application = class com.ibm.ws.cdi.internal.archive.liberty.ApplicationImpl@217992f4
      tc = class com.ibm.websphere.ras.TraceComponent@37378c81
      applicationInfo = class com.ibm.ws.container.service.app.deploy.internal.ApplicationInfoImpl@349bbba3
      earApplicationInfo = null
      factory = class com.ibm.ws.cdi.internal.archive.liberty.RuntimeFactory@3d6bd50b
      type = class com.ibm.ws.cdi.internal.interfaces.ApplicationType@7503c722
      moduleArchives = class java.util.HashMap$Values@75df1c6b
      libraryArchives = class java.util.HashMap$Values@67f26d4
      tccl = class com.ibm.ws.classloading.internal.ThreadContextClassLoader@6f755f00
      serialVersionUID = -1774035872069118191
    containerInfo = class com.ibm.ws.app.manager.module.internal.SimpleDeployedAppInfoBase$WebModuleContainerInfo@16408b64
      contextRoot = "/gestioncontact"
      defaultContextRoot = "gestioncontact"
      serialVersionUID = 4617657913043497664
      $$$tc$$$ = class com.ibm.websphere.ras.TraceComponent@5c84e724
      moduleHandler = class com.ibm.ws.app.manager.web.internal.WebModuleHandlerImpl@e704d47
      moduleMetaDataExtenders = class java.util.Collections$UnmodifiableRandomAccessList@13004aae
      nestedModuleMetaDataFactories = class java.util.Collections$UnmodifiableRandomAccessList@8031b50
      nestedModules = null
      moduleName = "gestioncontact"
      moduleDD = null
      moduleInfo = class com.ibm.ws.app.manager.module.internal.WebModuleInfoImpl@1a40038b
      serialVersionUID = 5122721995888983779
      $$$tc$$$ = class com.ibm.websphere.ras.TraceComponent@72ef6917
      type = class com.ibm.ws.container.service.app.deploy.ContainerInfo$Type@561bb731
      name = "gestioncontact.war"
      container = class com.ibm.ws.adaptable.module.internal.AdaptableContainerImpl@6cc9bc3b
      moduleClassLoaderFactory = class com.ibm.ws.app.manager.war.internal.WARDeployedAppInfo@475fd266
      altDDEntry = null
      classesContainerInfo = class java.util.ArrayList@57169846
      serialVersionUID = 4636874131959542427
      $$$tc$$$ = class com.ibm.websphere.ras.TraceComponent@6211195a
    path = ""
    type = class com.ibm.ws.cdi.internal.interfaces.ArchiveType@68fe4129
      MANIFEST_CLASSPATH = class com.ibm.ws.cdi.internal.interfaces.ArchiveType@1ae874a4
      WEB_INF_LIB = class com.ibm.ws.cdi.internal.interfaces.ArchiveType@3cd66390
      EAR_LIB = class com.ibm.ws.cdi.internal.interfaces.ArchiveType@227b5a88
      WEB_MODULE = class com.ibm.ws.cdi.internal.interfaces.ArchiveType@68fe4129
      EJB_MODULE = class com.ibm.ws.cdi.internal.interfaces.ArchiveType@5ab47db3
      CLIENT_MODULE = class com.ibm.ws.cdi.internal.interfaces.ArchiveType@1029f9a4
      RAR_MODULE = class com.ibm.ws.cdi.internal.interfaces.ArchiveType@7f868a27
      JAR_MODULE = class com.ibm.ws.cdi.internal.interfaces.ArchiveType@68fc3c70
      SHARED_LIB = class com.ibm.ws.cdi.internal.interfaces.ArchiveType@30c04713
      ON_DEMAND_LIB = class com.ibm.ws.cdi.internal.interfaces.ArchiveType@a4e6a26
      RUNTIME_EXTENSION = class com.ibm.ws.cdi.internal.interfaces.ArchiveType@535a729f
      $VALUES = class com.ibm.ws.cdi.internal.interfaces.ArchiveType[11]
      name = "/* Could not access name */"
      ordinal = "/* Could not access ordinal */"
      hash = "/* Could not access hash */"
    classLoader = class com.ibm.ws.classloading.internal.AppClassLoader@471e966d
    moduleLibraryArchives = class java.util.HashMap$Values@134bcde8
      this$0 = "/* Could not access this$0 */"
    extendedModuleInfo = class com.ibm.ws.app.manager.module.internal.WebModuleInfoImpl@1a40038b
      contextRoot = "/gestioncontact"
      isDefaultContextRootUsed = false
      defaultContextRoot = "gestioncontact"
      serialVersionUID = -6699247856069243844
      $$$tc$$$ = class com.ibm.websphere.ras.TraceComponent@36f7dd64
      tc = class com.ibm.websphere.ras.TraceComponent@532fb4e5
      appInfo = class com.ibm.ws.container.service.app.deploy.internal.ApplicationInfoImpl@349bbba3
      moduleName = "gestioncontact"
      path = "gestioncontact.war"
      moduleContainer = class com.ibm.ws.adaptable.module.internal.AdaptableContainerImpl@6cc9bc3b
      altDDEntry = null
      moduleClassesContainers = class java.util.ArrayList@57169846
      classLoaderFactory = class com.ibm.ws.app.manager.war.internal.WARDeployedAppInfo@475fd266
      containerInfoType = class com.ibm.ws.container.service.app.deploy.ContainerInfo$Type@561bb731
      classLoader = class com.ibm.ws.classloading.internal.AppClassLoader@471e966d
      moduleMetaData = class com.ibm.ws.webcontainer.osgi.metadata.WebModuleMetaDataImpl@622c4d5a
      nestedModuleMetaDataTypes = null
      nestedModuleMetaDataValues = null
      serialVersionUID = 3986734351620206554
    appCallbackHandlerName = null
    classNames = class java.util.TreeSet@7b08777d
      m = "/* Could not access m */"
      PRESENT = "/* Could not access PRESENT */"
      serialVersionUID = "/* Could not access serialVersionUID */"
    jeeComponentClassNames = class java.util.ArrayList@777c9c39
      serialVersionUID = "/* Could not access serialVersionUID */"
      DEFAULT_CAPACITY = "/* Could not access DEFAULT_CAPACITY */"
      EMPTY_ELEMENTDATA = "/* Could not access EMPTY_ELEMENTDATA */"
      DEFAULTCAPACITY_EMPTY_ELEMENTDATA = "/* Could not access DEFAULTCAPACITY_EMPTY_ELEMENTDATA */"
      elementData = "/* Could not access elementData */"
      size = "/* Could not access size */"
      modCount = "/* Could not access modCount */"
    allBindings = null
    serialVersionUID = -6988440722100918472
    $$$tc$$$ = class com.ibm.websphere.ras.TraceComponent@1e4a4929
      strings[0] = "TraceComponent[com.ibm.ws.cdi.internal.archive.liberty.CDIArchiveImpl,class com.ibm.ws.cdi.internal.archive.liberty.CDIArchiveImpl,[JCDI],com.ibm.ws.cdi.internal.resources.CDI,null]"
    tc = class com.ibm.websphere.ras.TraceComponent@679edd03
      strings[0] = "TraceComponent[com.ibm.ws.cdi.internal.archive.AbstractCDIArchive,class com.ibm.ws.cdi.internal.archive.AbstractCDIArchive,[JCDI],com.ibm.ws.cdi.internal.resources.CDI,null]"
    cdiRuntime = class com.ibm.ws.cdi.liberty.CDIRuntimeImpl@4409db59
    name = "gestioncontact.war"
    annotationNames = class java.util.HashSet@5796e42a
      serialVersionUID = "/* Could not access serialVersionUID */"
      map = "/* Could not access map */"
      PRESENT = "/* Could not access PRESENT */"
    referenceContext = class com.ibm.ws.injectionengine.osgi.internal.OSGiReferenceContextImpl@161802e4
      scopeData = class com.ibm.ws.injectionengine.osgi.internal.OSGiInjectionScopeData@5d837c42
      serialVersionUID = 521511923892134915
      $$$tc$$$ = class com.ibm.websphere.ras.TraceComponent@4568bb5d
      CLASS_NAME = "com.ibm.ws.injectionengine.ReferenceContextImpl"
      tc = class com.ibm.websphere.ras.TraceComponent@56e5b55b
      ivInjectionEngine = class com.ibm.ws.injectionengine.osgi.internal.OSGiInjectionEngineImpl@4fd0c886
      ivProviders = class java.util.ArrayList@227df650
      ivComponentJavaContext = null
      ivComponentNameSpace = null
      ivJavaColonCompEnvMap = class java.util.LinkedHashMap@68f22d7c
      ivEjbContext10 = class java.util.Properties@3bb3a0a3
      ivResourceRefConfigList = class com.ibm.ws.resource.internal.ResourceRefConfigListImpl@7d94bafb
      isAlreadyProcessed = true
      ivProcessFailure = null
      ivInjectionTargetMap = class java.util.concurrent.ConcurrentHashMap@49f64ecc
      svInjTarMapCacheSize = 256
      ivDeclaredInjectionTargets = class java.util.HashMap@6f6659e9
      ivProcessedInjectionClasses = class java.util.HashSet@377d659c
      svInjClassMapCacheSize = 512
      ivProcessedInjectionBindings = class java.util.ArrayList@37886278
      ivAnyProcessDynamic = false
      ivCheckAppConfig = false
    serialVersionUID = -301712185318755928
  tc = class com.ibm.websphere.ras.TraceComponent@1a8addb5
    strings[0] = "TraceComponent[com.ibm.ws.cdi.impl.weld.BeanDeploymentArchiveImpl,class com.ibm.ws.cdi.impl.weld.BeanDeploymentArchiveImpl,[JCDI],com.ibm.ws.cdi.internal.resources.CDI,null]"
  serialVersionUID = -89140366656931497

Dump of objectArray[0]
Object type = java.lang.Class
  ANNOTATION = "/* Could not access ANNOTATION */"
  ENUM = "/* Could not access ENUM */"
  SYNTHETIC = "/* Could not access SYNTHETIC */"
  cachedConstructor = "/* Could not access cachedConstructor */"
  name = "/* Could not access name */"
  module = "/* Could not access module */"
  packageName = "/* Could not access packageName */"
  componentType = "/* Could not access componentType */"
  allPermDomain = "/* Could not access allPermDomain */"
  reflectionData = "/* Could not access reflectionData */"
  classRedefinedCount = "/* Could not access classRedefinedCount */"
  genericInfo = "/* Could not access genericInfo */"
  EMPTY_CLASS_ARRAY = "/* Could not access EMPTY_CLASS_ARRAY */"
  serialVersionUID = "/* Could not access serialVersionUID */"
  serialPersistentFields = "/* Could not access serialPersistentFields */"
  reflectionFactory = "/* Could not access reflectionFactory */"
  enumConstants = "/* Could not access enumConstants */"
  enumConstantDirectory = "/* Could not access enumConstantDirectory */"
  annotationData = "/* Could not access annotationData */"
  annotationType = "/* Could not access annotationType */"
  classValueMap = "/* Could not access classValueMap */"

