------Start of DE processing------ = [13/03/2024 19:21:09:045 WET]
Exception = jakarta.persistence.PersistenceException
Source = com.ibm.ws.jpa.management.JPAPUnitInfo.createEMFactory
probeid = 759
Stack Dump = jakarta.persistence.PersistenceException: Exception [EclipseLink-4002] (Eclipse Persistence Services - 4.0.2.v202306161219): org.eclipse.persistence.exceptions.DatabaseException
Exception interne : java.sql.SQLRecoverableException: Communications link failure

The last packet sent successfully to the server was 0 milliseconds ago. The driver has not received any packets from the server. DSRA0010E: Etat SQL = 08S01, Code d'erreur = 0
Code d''erreur : 0
	at org.eclipse.persistence.internal.jpa.EntityManagerSetupImpl.deploy(EntityManagerSetupImpl.java:856)
	at org.eclipse.persistence.internal.jpa.EntityManagerFactoryDelegate.getAbstractSession(EntityManagerFactoryDelegate.java:221)
	at org.eclipse.persistence.internal.jpa.EntityManagerFactoryDelegate.getDatabaseSession(EntityManagerFactoryDelegate.java:199)
	at org.eclipse.persistence.internal.jpa.EntityManagerFactoryImpl.getDatabaseSession(EntityManagerFactoryImpl.java:534)
	at org.eclipse.persistence.jpa.PersistenceProvider.createContainerEntityManagerFactoryImpl(PersistenceProvider.java:385)
	at org.eclipse.persistence.jpa.PersistenceProvider.createContainerEntityManagerFactory(PersistenceProvider.java:313)
	at com.ibm.ws.jpa.management.JPAPUnitInfo.createEMFactory(JPAPUnitInfo.java:936)
	at com.ibm.ws.jpa.management.JPAPUnitInfo.initialize(JPAPUnitInfo.java:772)
	at com.ibm.ws.jpa.management.JPAPxmlInfo.extractPersistenceUnits(JPAPxmlInfo.java:184)
	at com.ibm.ws.jpa.management.JPAScopeInfo.processPersistenceUnit(JPAScopeInfo.java:90)
	at com.ibm.ws.jpa.management.JPAApplInfo.addPersistenceUnits(JPAApplInfo.java:121)
	at com.ibm.ws.jpa.container.osgi.internal.JPAComponentImpl.processWebModulePersistenceXml(JPAComponentImpl.java:595)
	at com.ibm.ws.jpa.container.osgi.internal.JPAComponentImpl.applicationStarting(JPAComponentImpl.java:378)
	at com.ibm.ws.container.service.state.internal.ApplicationStateManager.fireStarting(ApplicationStateManager.java:53)
	at com.ibm.ws.container.service.state.internal.StateChangeServiceImpl.fireApplicationStarting(StateChangeServiceImpl.java:52)
	at com.ibm.ws.app.manager.module.internal.SimpleDeployedAppInfoBase.preDeployApp(SimpleDeployedAppInfoBase.java:550)
	at com.ibm.ws.app.manager.module.internal.SimpleDeployedAppInfoBase.installApp(SimpleDeployedAppInfoBase.java:511)
	at com.ibm.ws.app.manager.module.internal.DeployedAppInfoBase.deployApp(DeployedAppInfoBase.java:351)
	at com.ibm.ws.app.manager.war.internal.WARApplicationHandlerImpl.install(WARApplicationHandlerImpl.java:67)
	at com.ibm.ws.app.manager.internal.statemachine.StartAction.execute(StartAction.java:184)
	at com.ibm.ws.app.manager.internal.statemachine.ApplicationStateMachineImpl.enterState(ApplicationStateMachineImpl.java:1369)
	at com.ibm.ws.app.manager.internal.statemachine.ApplicationStateMachineImpl.run(ApplicationStateMachineImpl.java:912)
	at com.ibm.ws.threading.internal.ExecutorServiceImpl$RunnableWrapper.run(ExecutorServiceImpl.java:280)
	at java.base/java.util.concurrent.ThreadPoolExecutor.runWorker(ThreadPoolExecutor.java:1144)
	at java.base/java.util.concurrent.ThreadPoolExecutor$Worker.run(ThreadPoolExecutor.java:642)
	at java.base/java.lang.Thread.run(Thread.java:1583)
Caused by: Exception [EclipseLink-4002] (Eclipse Persistence Services - 4.0.2.v202306161219): org.eclipse.persistence.exceptions.DatabaseException
Exception interne : java.sql.SQLRecoverableException: Communications link failure

The last packet sent successfully to the server was 0 milliseconds ago. The driver has not received any packets from the server. DSRA0010E: Etat SQL = 08S01, Code d'erreur = 0
Code d''erreur : 0
	at org.eclipse.persistence.exceptions.DatabaseException.sqlException(DatabaseException.java:319)
	at org.eclipse.persistence.sessions.JNDIConnector.connect(JNDIConnector.java:152)
	at org.eclipse.persistence.sessions.DatasourceLogin.connectToDatasource(DatasourceLogin.java:174)
	at org.eclipse.persistence.internal.sessions.DatabaseSessionImpl.setOrDetectDatasource(DatabaseSessionImpl.java:226)
	at org.eclipse.persistence.internal.sessions.DatabaseSessionImpl.loginAndDetectDatasource(DatabaseSessionImpl.java:809)
	at org.eclipse.persistence.internal.jpa.EntityManagerFactoryProvider.login(EntityManagerFactoryProvider.java:259)
	at org.eclipse.persistence.internal.jpa.EntityManagerSetupImpl.deploy(EntityManagerSetupImpl.java:771)
	... 25 more
Caused by: java.sql.SQLRecoverableException: Communications link failure

The last packet sent successfully to the server was 0 milliseconds ago. The driver has not received any packets from the server. DSRA0010E: Etat SQL = 08S01, Code d'erreur = 0
	at com.mysql.cj.jdbc.exceptions.SQLError.createCommunicationsException(SQLError.java:174)
	at com.mysql.cj.jdbc.exceptions.SQLExceptionsMapping.translateException(SQLExceptionsMapping.java:64)
	at com.mysql.cj.jdbc.ConnectionImpl.createNewIO(ConnectionImpl.java:815)
	at com.mysql.cj.jdbc.ConnectionImpl.<init>(ConnectionImpl.java:438)
	at com.mysql.cj.jdbc.ConnectionImpl.getInstance(ConnectionImpl.java:241)
	at com.mysql.cj.jdbc.NonRegisteringDriver.connect(NonRegisteringDriver.java:189)
	at com.mysql.cj.jdbc.MysqlDataSource.getConnection(MysqlDataSource.java:417)
	at com.mysql.cj.jdbc.MysqlDataSource.getConnection(MysqlDataSource.java:129)
	at com.mysql.cj.jdbc.MysqlDataSource.getConnection(MysqlDataSource.java:114)
	at com.mysql.cj.jdbc.MysqlConnectionPoolDataSource.getPooledConnection(MysqlConnectionPoolDataSource.java:48)
	at com.ibm.ws.rsadapter.impl.DatabaseHelper$1.run(DatabaseHelper.java:1516)
	at com.ibm.ws.rsadapter.impl.DatabaseHelper$1.run(DatabaseHelper.java:1502)
	at java.base/java.security.AccessController.doPrivileged(AccessController.java:714)
	at java.base/java.security.AccessController.doPrivilegedWithCombiner(AccessController.java:618)
	at com.ibm.ws.rsadapter.impl.DatabaseHelper.getPooledConnection(DatabaseHelper.java:1502)
	at com.ibm.ws.rsadapter.impl.WSManagedConnectionFactoryImpl.getConnection(WSManagedConnectionFactoryImpl.java:857)
	at com.ibm.ws.rsadapter.impl.WSManagedConnectionFactoryImpl.createManagedConnection(WSManagedConnectionFactoryImpl.java:698)
	at com.ibm.ejs.j2c.FreePool.createManagedConnectionWithMCWrapper(FreePool.java:1389)
	at com.ibm.ejs.j2c.FreePool.createOrWaitForConnection(FreePool.java:1263)
	at com.ibm.ejs.j2c.PoolManager.reserve(PoolManager.java:1471)
	at com.ibm.ejs.j2c.ConnectionManager.allocateMCWrapper(ConnectionManager.java:576)
	at com.ibm.ejs.j2c.ConnectionManager.allocateConnection(ConnectionManager.java:308)
	at com.ibm.ws.rsadapter.jdbc.WSJdbcDataSource.getConnection(WSJdbcDataSource.java:142)
	at com.ibm.ws.rsadapter.jdbc.WSJdbcDataSource.getConnection(WSJdbcDataSource.java:116)
	at org.eclipse.persistence.sessions.JNDIConnector.connect(JNDIConnector.java:140)
	... 30 more
Caused by: com.mysql.cj.exceptions.CJCommunicationsException: Communications link failure

The last packet sent successfully to the server was 0 milliseconds ago. The driver has not received any packets from the server.
	at java.base/jdk.internal.reflect.DirectConstructorHandleAccessor.newInstance(DirectConstructorHandleAccessor.java:62)
	at java.base/java.lang.reflect.Constructor.newInstanceWithCaller(Constructor.java:502)
	at java.base/java.lang.reflect.Constructor.newInstance(Constructor.java:486)
	at com.mysql.cj.exceptions.ExceptionFactory.createException(ExceptionFactory.java:61)
	at com.mysql.cj.exceptions.ExceptionFactory.createException(ExceptionFactory.java:104)
	at com.mysql.cj.exceptions.ExceptionFactory.createException(ExceptionFactory.java:149)
	at com.mysql.cj.exceptions.ExceptionFactory.createCommunicationsException(ExceptionFactory.java:165)
	at com.mysql.cj.protocol.a.NativeSocketConnection.connect(NativeSocketConnection.java:88)
	at com.mysql.cj.NativeSession.connect(NativeSession.java:120)
	at com.mysql.cj.jdbc.ConnectionImpl.connectOneTryOnly(ConnectionImpl.java:935)
	at com.mysql.cj.jdbc.ConnectionImpl.createNewIO(ConnectionImpl.java:805)
	... 52 more
Caused by: java.net.ConnectException: Connection refused: connect
	at java.base/sun.nio.ch.Net.connect0(Native Method)
	at java.base/sun.nio.ch.Net.connect(Net.java:589)
	at java.base/sun.nio.ch.Net.connect(Net.java:578)
	at java.base/sun.nio.ch.NioSocketImpl.connect(NioSocketImpl.java:583)
	at java.base/java.net.SocksSocketImpl.connect(SocksSocketImpl.java:327)
	at java.base/java.net.Socket.connect(Socket.java:751)
	at com.mysql.cj.protocol.StandardSocketFactory.connect(StandardSocketFactory.java:153)
	at com.mysql.cj.protocol.a.NativeSocketConnection.connect(NativeSocketConnection.java:62)
	... 55 more

Dump of callerThis
Object type = com.ibm.ws.jpa.container.osgi.internal.OSGiJPAPUnitInfo
  tc = class com.ibm.websphere.ras.TraceComponent@62067ee8
    strings[0] = "TraceComponent[com.ibm.ws.jpa.container.osgi.internal.OSGiJPAPUnitInfo,class com.ibm.ws.jpa.container.osgi.internal.OSGiJPAPUnitInfo,[JPA],com.ibm.ws.jpa.jpa,null]"
  disableWsJpaUrlProcessing = false
  ECLIPSELINK_TARGET_SERVER = "WebSphere_Liberty"
  scopeInfo = class com.ibm.ws.jpa.management.JPAScopeInfo@5de67e5b
    tc = class com.ibm.websphere.ras.TraceComponent@39edcf42
      strings[0] = "TraceComponent[com.ibm.ws.jpa.management.JPAScopeInfo,class com.ibm.ws.jpa.management.JPAScopeInfo,[JPA],com.ibm.ws.jpa.jpa,null]"
    scopeName = "gestioncontact.war"
    scope = class com.ibm.ws.jpa.management.JPAPuScope@40130d54
      EJB_Scope = class com.ibm.ws.jpa.management.JPAPuScope@45f994cd
      Web_Scope = class com.ibm.ws.jpa.management.JPAPuScope@40130d54
      EAR_Scope = class com.ibm.ws.jpa.management.JPAPuScope@3f157587
      Client_Scope = class com.ibm.ws.jpa.management.JPAPuScope@9b6ca28
      $VALUES = class com.ibm.ws.jpa.management.JPAPuScope[4]
      name = "/* Could not access name */"
      ordinal = "/* Could not access ordinal */"
      hash = "/* Could not access hash */"
    pxmlsInfo = class java.util.HashMap@794e0a1a
      serialVersionUID = "/* Could not access serialVersionUID */"
      DEFAULT_INITIAL_CAPACITY = "/* Could not access DEFAULT_INITIAL_CAPACITY */"
      MAXIMUM_CAPACITY = "/* Could not access MAXIMUM_CAPACITY */"
      DEFAULT_LOAD_FACTOR = "/* Could not access DEFAULT_LOAD_FACTOR */"
      TREEIFY_THRESHOLD = "/* Could not access TREEIFY_THRESHOLD */"
      UNTREEIFY_THRESHOLD = "/* Could not access UNTREEIFY_THRESHOLD */"
      MIN_TREEIFY_CAPACITY = "/* Could not access MIN_TREEIFY_CAPACITY */"
      table = "/* Could not access table */"
      entrySet = "/* Could not access entrySet */"
      size = "/* Could not access size */"
      modCount = "/* Could not access modCount */"
      threshold = "/* Could not access threshold */"
      loadFactor = "/* Could not access loadFactor */"
      keySet = "/* Could not access keySet */"
      values = "/* Could not access values */"
  serialVersionUID = -898488667409903028
  CLASS_NAME = "com.ibm.ws.jpa.management.JPAPUnitInfo"
  tc = class com.ibm.websphere.ras.TraceComponent@2014e1f2
    strings[0] = "TraceComponent[com.ibm.ws.jpa.management.JPAPUnitInfo,class com.ibm.ws.jpa.management.JPAPUnitInfo,[JPA],com.ibm.ws.jpa.jpa,null]"
  tcTransformer = class com.ibm.websphere.ras.TraceComponent@796b784a
    strings[0] = "TraceComponent[com.ibm.ws.jpa.management.JPAPUnitInfo_Transformer,class com.ibm.ws.jpa.management.JPAPUnitInfo,[JPA.Transformer],com.ibm.ws.jpa.jpa,null]"
  tcBytecodeCapture = class com.ibm.websphere.ras.TraceComponent@58f244e4
    strings[0] = "TraceComponent[com.ibm.ws.jpa.management.JPAPUnitInfo_BytecodeCapture,class com.ibm.ws.jpa.management.JPAPUnitInfo,[JavaPersistenceByteCode],com.ibm.ws.jpa.jpa,null]"
  svThreadContextAccessor = class com.ibm.ws.util.ThreadContextAccessor$ReflectionThreadContextAccessorImpl@4739037
    field = class java.lang.reflect.Field@8a9adec
    tc = class com.ibm.ejs.ras.TraceComponent@7c20b41a
      strings[0] = "TraceComponent[com.ibm.ws.util.ThreadContextAccessor,class com.ibm.ws.util.ThreadContextAccessor,[Runtime],null,null]"
    PRINT_STACK_ON_SET_CTX_CLASSLOADER = false
    PRIVILEGED_ACTION = class com.ibm.ws.util.ThreadContextAccessor$1@3c198730
    UNCHANGED = class com.ibm.ws.util.ThreadContextAccessor$Unchanged@523ab035
    threadContextAccessor = class com.ibm.ws.util.ThreadContextAccessor$ReflectionThreadContextAccessorImpl@4739037
  ivApplInfo = class com.ibm.ws.jpa.container.osgi.internal.OSGiJPAApplInfo@7617302d
    appInfo = class com.ibm.ws.container.service.app.deploy.internal.ApplicationInfoImpl@73f943b7
      appName = "gestioncontact"
      appMetaData = class com.ibm.ws.container.service.app.deploy.internal.ApplicationMetaDataImpl@31672a8c
      appContainer = class com.ibm.ws.adaptable.module.internal.AdaptableContainerImpl@5fbf9d58
      configHelper = class com.ibm.ws.app.manager.module.ApplicationNestedConfigHelper@4ee9b47b
      applicationInformation = class com.ibm.ws.app.manager.internal.ApplicationInstallInfo@2a3ff3d
      serialVersionUID = 5227817860647895780
      $$$tc$$$ = class com.ibm.websphere.ras.TraceComponent@7557fba1
    serialVersionUID = 4444074326423067409
    $$$tc$$$ = class com.ibm.websphere.ras.TraceComponent@68af061f
      strings[0] = "TraceComponent[com.ibm.ws.jpa.container.osgi.internal.OSGiJPAApplInfo,class com.ibm.ws.jpa.container.osgi.internal.OSGiJPAApplInfo,[JPA],com.ibm.ws.jpa.jpa,null]"
    tc = class com.ibm.websphere.ras.TraceComponent@4600f6d
      strings[0] = "TraceComponent[com.ibm.ws.jpa.management.JPAApplInfo,class com.ibm.ws.jpa.management.JPAApplInfo,[JPA],com.ibm.ws.jpa.jpa,null]"
    ivJPAComponent = class com.ibm.ws.jpa.container.osgi.internal.JPAComponentImpl@5bfb8e7a
      tc = class com.ibm.websphere.ras.TraceComponent@273630a2
      priv = class com.ibm.ws.kernel.service.util.SecureAction@59bb0dd
      REFERENCE_JPA_RUNTIME = "jpaRuntime"
      REFERENCE_TRANSACTION_MANAGER = "transactionManager"
      REFERENCE_CONTEXT_ACCESSOR = "contextAccessor"
      REFERENCE_RESOURCE_BINDING_LISTENERS = "resourceBindingListeners"
      REFERENCE_JPA_PROVIDER = "jpaProvider"
      REFERENCE_JPA_PROPS_PROVIDER = "jpaPropsProvider"
      REFERENCE_APP_COORD = "appCoord"
      REFERENCE_CLASSLOADING_SERVICE = "classLoadingService"
      DEFAULT_PROPS_PREFIX = "defaultProperties.0.property."
      DEFAULT_PROPS_NAME = ".name"
      DEFAULT_PROPS_VALUE = ".value"
      context = class org.apache.felix.scr.impl.manager.ComponentContextImpl@5ce00294
      props = class org.apache.felix.scr.impl.helper.ReadOnlyDictionary@32ee133c
      defaultProps = class java.util.HashMap@65993202
      server = true
      stuckApps = class java.util.concurrent.ConcurrentSkipListSet@3d5c6b34
      jpaRuntime = class com.ibm.wsspi.kernel.service.utils.AtomicServiceReference@61743aa9
      ivContextAccessorSR = class com.ibm.wsspi.kernel.service.utils.AtomicServiceReference@23c1a248
      resourceBindingListeners = class com.ibm.wsspi.kernel.service.utils.ConcurrentServiceReferenceSet@fe48d10
      providerIntegrationSR = class com.ibm.wsspi.kernel.service.utils.AtomicServiceReference@513f4213
      propProviderSRs = class com.ibm.wsspi.kernel.service.utils.ConcurrentServiceReferenceSet@11de8bef
      classLoadingService = class com.ibm.ws.classloading.internal.ClassLoadingServiceImpl@242c15fe
      delayEntityManagerFactoryCreate = false
      serialVersionUID = -8532659829675948435
      tc = class com.ibm.websphere.ras.TraceComponent@3bee556b
      PASSWORD_PROPS = class java.util.Arrays$ArrayList@3f23a87e
      applList = class java.util.Collections$SynchronizedMap@14843e87
      ivCallBackHandler = class com.ibm.ws.jpa.management.JPAUserTxCallBackHandler@3f80d9de
      ivTxCallbackRegistered = false
    applName = "gestioncontact"
    puScopes = class java.util.HashMap@bbbc561
      serialVersionUID = "/* Could not access serialVersionUID */"
      DEFAULT_INITIAL_CAPACITY = "/* Could not access DEFAULT_INITIAL_CAPACITY */"
      MAXIMUM_CAPACITY = "/* Could not access MAXIMUM_CAPACITY */"
      DEFAULT_LOAD_FACTOR = "/* Could not access DEFAULT_LOAD_FACTOR */"
      TREEIFY_THRESHOLD = "/* Could not access TREEIFY_THRESHOLD */"
      UNTREEIFY_THRESHOLD = "/* Could not access UNTREEIFY_THRESHOLD */"
      MIN_TREEIFY_CAPACITY = "/* Could not access MIN_TREEIFY_CAPACITY */"
      table = "/* Could not access table */"
      entrySet = "/* Could not access entrySet */"
      size = "/* Could not access size */"
      modCount = "/* Could not access modCount */"
      threshold = "/* Could not access threshold */"
      loadFactor = "/* Could not access loadFactor */"
      keySet = "/* Could not access keySet */"
      values = "/* Could not access values */"
  ivArchivePuId = class com.ibm.ws.jpa.JPAPuId@2a65f8a8
    serialVersionUID = 662612505904938066
    ivAppName = "gestioncontact"
    ivModJarName = "gestioncontact.war"
    ivPuName = "gestioncontact"
    ivCurHashCode = -798714689
  ivTxType = class jakarta.persistence.spi.PersistenceUnitTransactionType@441f4f19
    JTA = class jakarta.persistence.spi.PersistenceUnitTransactionType@441f4f19
    RESOURCE_LOCAL = class jakarta.persistence.spi.PersistenceUnitTransactionType@1ecde79
      JTA = class jakarta.persistence.spi.PersistenceUnitTransactionType@441f4f19
      RESOURCE_LOCAL = class jakarta.persistence.spi.PersistenceUnitTransactionType@1ecde79
      $VALUES = class jakarta.persistence.spi.PersistenceUnitTransactionType[2]
      name = "/* Could not access name */"
      ordinal = "/* Could not access ordinal */"
      hash = "/* Could not access hash */"
    $VALUES = class jakarta.persistence.spi.PersistenceUnitTransactionType[2]
      PersistenceUnitTransactionType[0] = class jakarta.persistence.spi.PersistenceUnitTransactionType@441f4f19
      PersistenceUnitTransactionType[1] = class jakarta.persistence.spi.PersistenceUnitTransactionType@1ecde79
    name = "/* Could not access name */"
    ordinal = "/* Could not access ordinal */"
    hash = "/* Could not access hash */"
  ivDesc = ""
  ivProviderClassName = "org.eclipse.persistence.jpa.PersistenceProvider"
  ivJtaDataSource = class com.ibm.ws.rsadapter.jdbc.WSJdbcDataSource@3108c799
    strings[0] = "_______________________________________________________________________"
    strings[1] = ""
    strings[2] = "    First Failure Data Capture information for"
    strings[3] = "          com.ibm.ws.rsadapter.jdbc.WSJdbcDataSource@3108c799"
    strings[4] = "_______________________________________________________________________"
    strings[5] = ""
    strings[6] = "ResourceRefInfo:"
    strings[7] = "  
[Resource-ref CMConfigData key items]

	res-sharing-scope:        0 (SHAREABLE)
	res-isolation-level:      0 (TRANSACTION_NONE)
	res-auth:                 1 (APPLICATION)
	commitPriority            0
	branchCoupling            -1
	loginConfigurationName:   null
	loginConfigProperties:    {}
	Resource ref name:        not set
	Queue manager id:        not set

"
    strings[8] = "Connection Manager:"
    strings[9] = "  [ConnectionManager]@4af69028
JNDI Name <jdbc/gestioncontact>
shareable <true>

"
    strings[10] = "_______________________________________________________________________"
    strings[11] = ""
    strings[12] = "    First Failure Data Capture information for"
    strings[13] = "          com.ibm.ws.rsadapter.impl.WSManagedConnectionFactoryImpl@b4f15c4"
    strings[14] = "_______________________________________________________________________"
    strings[15] = ""
    strings[16] = "com.ibm.ws.rsadapter.DSConfig@35fe9675"
    strings[17] = "[beginTranForResultSetScrollingAPIs, true, beginTranForVendorAPIs, true, commitOrRollbackOnCleanup, null, connectionSharing, MatchOriginalRequest, isolationLevel, -1, jndiName, jdbc/gestioncontact, enableConnectionCasting, false, queryTimeout, null, statementCacheSize, 10, supplementalJDBCTrace, null, syncQueryTimeoutWithTransactionTimeout, false, transactional, true]"
    strings[18] = "{serverName=localhost, password=******, databaseName=gestioncontact, user=root, portNumber=3306}"
    strings[19] = "Vendor implementation class:"
    strings[20] = "  class com.mysql.cj.jdbc.MysqlConnectionPoolDataSource
"
    strings[21] = "Type:"
    strings[22] = "  interface javax.sql.ConnectionPoolDataSource
"
    strings[23] = "Underlying DataSource or Driver Object: com.mysql.cj.jdbc.MysqlConnectionPoolDataSource@25bba92e"
    strings[24] = "  com.mysql.cj.jdbc.MysqlConnectionPoolDataSource@25bba92e
"
    strings[25] = "Instance id:"
    strings[26] = "  1
"
    strings[27] = "Log Writer:"
    strings[28] = "  null
"
    strings[29] = "Counter of fatal connection errors on ManagedConnections created by this MCF:"
    strings[30] = "  0
"
  ivNonJtaDataSource = null
  ivMappingFileNames = class java.util.ArrayList@5cf59d85
    serialVersionUID = "/* Could not access serialVersionUID */"
    DEFAULT_CAPACITY = "/* Could not access DEFAULT_CAPACITY */"
    EMPTY_ELEMENTDATA = "/* Could not access EMPTY_ELEMENTDATA */"
    DEFAULTCAPACITY_EMPTY_ELEMENTDATA = "/* Could not access DEFAULTCAPACITY_EMPTY_ELEMENTDATA */"
    elementData = "/* Could not access elementData */"
    size = "/* Could not access size */"
    modCount = "/* Could not access modCount */"
  ivJarFileURLs = class java.util.ArrayList@132c586e
    serialVersionUID = "/* Could not access serialVersionUID */"
    DEFAULT_CAPACITY = "/* Could not access DEFAULT_CAPACITY */"
    EMPTY_ELEMENTDATA = "/* Could not access EMPTY_ELEMENTDATA */"
    DEFAULTCAPACITY_EMPTY_ELEMENTDATA = "/* Could not access DEFAULTCAPACITY_EMPTY_ELEMENTDATA */"
    elementData = "/* Could not access elementData */"
    size = "/* Could not access size */"
    modCount = "/* Could not access modCount */"
  ivManagedClassNames = class java.util.ArrayList@1689421b
    serialVersionUID = "/* Could not access serialVersionUID */"
    DEFAULT_CAPACITY = "/* Could not access DEFAULT_CAPACITY */"
    EMPTY_ELEMENTDATA = "/* Could not access EMPTY_ELEMENTDATA */"
    DEFAULTCAPACITY_EMPTY_ELEMENTDATA = "/* Could not access DEFAULTCAPACITY_EMPTY_ELEMENTDATA */"
    elementData = "/* Could not access elementData */"
    size = "/* Could not access size */"
    modCount = "/* Could not access modCount */"
  ivExcludeUnlistedClasses = false
  ivProperties = class java.util.Properties@2850a054
    serialVersionUID = "/* Could not access serialVersionUID */"
    UNSAFE = "/* Could not access UNSAFE */"
    defaults = "/* Could not access defaults */"
    map = "/* Could not access map */"
    table = "/* Could not access table */"
    count = "/* Could not access count */"
    threshold = "/* Could not access threshold */"
    loadFactor = "/* Could not access loadFactor */"
    modCount = "/* Could not access modCount */"
    serialVersionUID = "/* Could not access serialVersionUID */"
    MAX_ARRAY_SIZE = "/* Could not access MAX_ARRAY_SIZE */"
    keySet = "/* Could not access keySet */"
    entrySet = "/* Could not access entrySet */"
    values = "/* Could not access values */"
    KEYS = "/* Could not access KEYS */"
    VALUES = "/* Could not access VALUES */"
    ENTRIES = "/* Could not access ENTRIES */"
  ivJtaDataSourceJNDIName = "jdbc/gestioncontact"
  ivNonJtaDataSourceJNDIName = null
  ivPUnitRootURL = class java.net.URL@58b9196e
    BUILTIN_HANDLERS_PREFIX = "/* Could not access BUILTIN_HANDLERS_PREFIX */"
    serialVersionUID = "/* Could not access serialVersionUID */"
    protocolPathProp = "/* Could not access protocolPathProp */"
    protocol = "/* Could not access protocol */"
    host = "/* Could not access host */"
    port = "/* Could not access port */"
    file = "/* Could not access file */"
    query = "/* Could not access query */"
    authority = "/* Could not access authority */"
    path = "/* Could not access path */"
    userInfo = "/* Could not access userInfo */"
    ref = "/* Could not access ref */"
    hostAddress = "/* Could not access hostAddress */"
    handler = "/* Could not access handler */"
    hashCode = "/* Could not access hashCode */"
    tempState = "/* Could not access tempState */"
    factory = "/* Could not access factory */"
    defaultFactory = "/* Could not access defaultFactory */"
    handlers = "/* Could not access handlers */"
    streamHandlerLock = "/* Could not access streamHandlerLock */"
    serialPersistentFields = "/* Could not access serialPersistentFields */"
  ivClassLoader = class com.ibm.ws.classloading.internal.AppClassLoader@7f145a9a
    tc = class com.ibm.websphere.ras.TraceComponent@7117dea
      strings[0] = "TraceComponent[com.ibm.ws.classloading.internal.AppClassLoader,class com.ibm.ws.classloading.internal.AppClassLoader,[ClassLoadingService],com.ibm.ws.classloading.internal.resources.ClassLoadingServiceMessages,null]"
    forbiddenClassNames = class java.util.Collections$UnmodifiableSet@39253cca
      serialVersionUID = "/* Could not access serialVersionUID */"
      serialVersionUID = "/* Could not access serialVersionUID */"
      c = "/* Could not access c */"
    FORBIDDEN_PROPERTIES = "forbidden.properties"
    NOTHING_FORBIDDEN_PROPERTY = "io.openliberty.classloading.nothing.forbidden"
    disableSharedClassesCache = false
    PARENT_FIRST_SEARCH_ORDER = class java.util.Collections$UnmodifiableRandomAccessList@64390c76
      serialVersionUID = "/* Could not access serialVersionUID */"
      serialVersionUID = "/* Could not access serialVersionUID */"
      list = "/* Could not access list */"
      serialVersionUID = "/* Could not access serialVersionUID */"
      c = "/* Could not access c */"
    packagesDefined = class java.util.Collections$SetFromMap@22a4dce0
      m = "/* Could not access m */"
      s = "/* Could not access s */"
      serialVersionUID = "/* Could not access serialVersionUID */"
    CLASS_LOADING_TRACE_PREFIX = "com.ibm.ws.class.load."
    DEFAULT_PACKAGE = "default.package"
    perPackageClassLoadingTraceComponents = class java.util.concurrent.ConcurrentHashMap@43f676bc
      serialVersionUID = "/* Could not access serialVersionUID */"
      MAXIMUM_CAPACITY = "/* Could not access MAXIMUM_CAPACITY */"
      DEFAULT_CAPACITY = "/* Could not access DEFAULT_CAPACITY */"
      MAX_ARRAY_SIZE = "/* Could not access MAX_ARRAY_SIZE */"
      DEFAULT_CONCURRENCY_LEVEL = "/* Could not access DEFAULT_CONCURRENCY_LEVEL */"
      LOAD_FACTOR = "/* Could not access LOAD_FACTOR */"
      TREEIFY_THRESHOLD = "/* Could not access TREEIFY_THRESHOLD */"
      UNTREEIFY_THRESHOLD = "/* Could not access UNTREEIFY_THRESHOLD */"
      MIN_TREEIFY_CAPACITY = "/* Could not access MIN_TREEIFY_CAPACITY */"
      MIN_TRANSFER_STRIDE = "/* Could not access MIN_TRANSFER_STRIDE */"
      RESIZE_STAMP_BITS = "/* Could not access RESIZE_STAMP_BITS */"
      MAX_RESIZERS = "/* Could not access MAX_RESIZERS */"
      RESIZE_STAMP_SHIFT = "/* Could not access RESIZE_STAMP_SHIFT */"
      MOVED = "/* Could not access MOVED */"
      TREEBIN = "/* Could not access TREEBIN */"
      RESERVED = "/* Could not access RESERVED */"
      HASH_BITS = "/* Could not access HASH_BITS */"
      NCPU = "/* Could not access NCPU */"
      serialPersistentFields = "/* Could not access serialPersistentFields */"
      table = "/* Could not access table */"
      nextTable = "/* Could not access nextTable */"
      baseCount = "/* Could not access baseCount */"
      sizeCtl = "/* Could not access sizeCtl */"
      transferIndex = "/* Could not access transferIndex */"
      cellsBusy = "/* Could not access cellsBusy */"
      counterCells = "/* Could not access counterCells */"
      keySet = "/* Could not access keySet */"
      values = "/* Could not access values */"
      entrySet = "/* Could not access entrySet */"
      U = "/* Could not access U */"
      SIZECTL = "/* Could not access SIZECTL */"
      TRANSFERINDEX = "/* Could not access TRANSFERINDEX */"
      BASECOUNT = "/* Could not access BASECOUNT */"
      CELLSBUSY = "/* Could not access CELLSBUSY */"
      CELLVALUE = "/* Could not access CELLVALUE */"
      ABASE = "/* Could not access ABASE */"
      ASHIFT = "/* Could not access ASHIFT */"
      keySet = "/* Could not access keySet */"
      values = "/* Could not access values */"
    config = class com.ibm.ws.classloading.internal.ClassLoaderConfigurationImpl@53a5c164
      DEFAULT_PROTECTION_DOMAIN = class java.security.ProtectionDomain@7ec1d317
      delegateLast = false
      includeAppExtensions = true
      id = class com.ibm.ws.classloading.serializable.ClassLoaderIdentityImpl@2b848163
      parentId = null
      sharedLibraries = class java.util.ArrayList@73a540ea
      commonLibraries = class java.util.Collections$EmptyList@7ab29a5e
      providers = class java.util.Collections$EmptyList@7ab29a5e
      nativeLibraryContainers = class java.util.Collections$EmptyList@7ab29a5e
      protectionDomain = class java.security.ProtectionDomain@a9bb774
      serialVersionUID = 9091690180200375339
      $$$tc$$$ = class com.ibm.websphere.ras.TraceComponent@4b7f46b
    privateLibraries = null
    delegateLoaders = class com.ibm.ws.classloading.internal.util.CompositeIterable@7f532dda
      iterables = class java.util.Arrays$ArrayList@4e189c1d
      serialVersionUID = -1227195994638150837
      $$$tc$$$ = class com.ibm.websphere.ras.TraceComponent@4f3d553e
    nativeLibraryFiles = class java.util.ArrayList@7b14ad0c
      serialVersionUID = "/* Could not access serialVersionUID */"
      DEFAULT_CAPACITY = "/* Could not access DEFAULT_CAPACITY */"
      EMPTY_ELEMENTDATA = "/* Could not access EMPTY_ELEMENTDATA */"
      DEFAULTCAPACITY_EMPTY_ELEMENTDATA = "/* Could not access DEFAULTCAPACITY_EMPTY_ELEMENTDATA */"
      elementData = "/* Could not access elementData */"
      size = "/* Could not access size */"
      modCount = "/* Could not access modCount */"
    transformers = class java.util.ArrayList@b276744
      serialVersionUID = "/* Could not access serialVersionUID */"
      DEFAULT_CAPACITY = "/* Could not access DEFAULT_CAPACITY */"
      EMPTY_ELEMENTDATA = "/* Could not access EMPTY_ELEMENTDATA */"
      DEFAULTCAPACITY_EMPTY_ELEMENTDATA = "/* Could not access DEFAULTCAPACITY_EMPTY_ELEMENTDATA */"
      elementData = "/* Could not access elementData */"
      size = "/* Could not access size */"
      modCount = "/* Could not access modCount */"
    systemTransformers = class java.util.concurrent.CopyOnWriteArrayList@7ab99483
      serialVersionUID = "/* Could not access serialVersionUID */"
      lock = "/* Could not access lock */"
      array = "/* Could not access array */"
    apiAccess = class com.ibm.ws.classloading.internal.GatewayClassLoader@26dcf516
      config = class com.ibm.ws.classloading.internal.GatewayConfigurationImpl@7140f87c
      wiringMonitor = class com.ibm.ws.classloading.internal.GatewayClassLoader$1@3cb87932
      bundle = class org.eclipse.osgi.internal.framework.EquinoxBundle@880272f
      wiring = class org.eclipse.osgi.container.ModuleWiring@4d602ccf
      cl = null
      bLoader = class org.eclipse.osgi.internal.loader.BundleLoader@4712a90a
      resourceProviders = class com.ibm.ws.classloading.internal.CompositeResourceProvider@38b94e5
      serialVersionUID = -5503641212193211983
      $$$tc$$$ = class com.ibm.websphere.ras.TraceComponent@51bd721c
    generator = class com.ibm.ws.classloading.internal.ClassGeneratorManager@2e7e0579
      tc = class com.ibm.websphere.ras.TraceComponent@59f2866b
      generatorRefs = class com.ibm.wsspi.kernel.service.utils.ConcurrentServiceReferenceSet@710d9b01
      serialVersionUID = 4152663586056483310
    protectionDomains = class java.util.concurrent.ConcurrentHashMap@76f439a5
      serialVersionUID = "/* Could not access serialVersionUID */"
      MAXIMUM_CAPACITY = "/* Could not access MAXIMUM_CAPACITY */"
      DEFAULT_CAPACITY = "/* Could not access DEFAULT_CAPACITY */"
      MAX_ARRAY_SIZE = "/* Could not access MAX_ARRAY_SIZE */"
      DEFAULT_CONCURRENCY_LEVEL = "/* Could not access DEFAULT_CONCURRENCY_LEVEL */"
      LOAD_FACTOR = "/* Could not access LOAD_FACTOR */"
      TREEIFY_THRESHOLD = "/* Could not access TREEIFY_THRESHOLD */"
      UNTREEIFY_THRESHOLD = "/* Could not access UNTREEIFY_THRESHOLD */"
      MIN_TREEIFY_CAPACITY = "/* Could not access MIN_TREEIFY_CAPACITY */"
      MIN_TRANSFER_STRIDE = "/* Could not access MIN_TRANSFER_STRIDE */"
      RESIZE_STAMP_BITS = "/* Could not access RESIZE_STAMP_BITS */"
      MAX_RESIZERS = "/* Could not access MAX_RESIZERS */"
      RESIZE_STAMP_SHIFT = "/* Could not access RESIZE_STAMP_SHIFT */"
      MOVED = "/* Could not access MOVED */"
      TREEBIN = "/* Could not access TREEBIN */"
      RESERVED = "/* Could not access RESERVED */"
      HASH_BITS = "/* Could not access HASH_BITS */"
      NCPU = "/* Could not access NCPU */"
      serialPersistentFields = "/* Could not access serialPersistentFields */"
      table = "/* Could not access table */"
      nextTable = "/* Could not access nextTable */"
      baseCount = "/* Could not access baseCount */"
      sizeCtl = "/* Could not access sizeCtl */"
      transferIndex = "/* Could not access transferIndex */"
      cellsBusy = "/* Could not access cellsBusy */"
      counterCells = "/* Could not access counterCells */"
      keySet = "/* Could not access keySet */"
      values = "/* Could not access values */"
      entrySet = "/* Could not access entrySet */"
      U = "/* Could not access U */"
      SIZECTL = "/* Could not access SIZECTL */"
      TRANSFERINDEX = "/* Could not access TRANSFERINDEX */"
      BASECOUNT = "/* Could not access BASECOUNT */"
      CELLSBUSY = "/* Could not access CELLSBUSY */"
      CELLVALUE = "/* Could not access CELLVALUE */"
      ABASE = "/* Could not access ABASE */"
      ASHIFT = "/* Could not access ASHIFT */"
      keySet = "/* Could not access keySet */"
      values = "/* Could not access values */"
    hook = null
    serialVersionUID = 5906478461061001036
    checkpointPhase = class io.openliberty.checkpoint.spi.CheckpointPhase@4e8d4488
      AFTER_APP_START = class io.openliberty.checkpoint.spi.CheckpointPhase@5a64bc32
      BEFORE_APP_START = class io.openliberty.checkpoint.spi.CheckpointPhase@78a69f58
      INACTIVE = class io.openliberty.checkpoint.spi.CheckpointPhase@4e8d4488
      CHECKPOINT_PROPERTY = "io.openliberty.checkpoint"
      CHECKPOINT_ACTIVE_FILTER = "(!(io.openliberty.checkpoint=INACTIVE))"
      CHECKPOINT_RESTORED_PROPERTY = "io.openliberty.checkpoint.restored"
      CONDITION_PROCESS_RUNNING_ID = "io.openliberty.process.running"
      restored = true
      noMoreAddHooks = true
      singleThreadedHooks = class java.util.ArrayList@bee3f1a
      multiThreadedHooks = class java.util.ArrayList@47fe2d60
      THE_PHASE = class io.openliberty.checkpoint.spi.CheckpointPhase@4e8d4488
      DEBUG = false
      $VALUES = class io.openliberty.checkpoint.spi.CheckpointPhase[3]
      name = "/* Could not access name */"
      ordinal = "/* Could not access ordinal */"
      hash = "/* Could not access hash */"
    tc = class com.ibm.websphere.ras.TraceComponent@58b37b17
      strings[0] = "TraceComponent[com.ibm.ws.classloading.internal.ContainerClassLoader,class com.ibm.ws.classloading.internal.ContainerClassLoader,[ClassLoadingService],com.ibm.ws.classloading.internal.resources.ClassLoadingServiceMessages,null]"
    smartClassPath = class com.ibm.ws.classloading.internal.ContainerClassLoader$SmartClassPathImpl@7e20075a
      rwLock = class java.util.concurrent.locks.ReentrantReadWriteLock@15689b6d
      outstandingContainers = class java.util.concurrent.atomic.AtomicInteger@63020fe
      usePackageMap = true
      maxLastNotFound = 250
      maxLastFound = 900
      maxLastReallyNotFound = 900
      propsInUse = false
      classPath = class java.util.concurrent.CopyOnWriteArrayList@323a3209
      MAX_LASTNOTFOUND = 250
      lastNotFound = class java.util.concurrent.CopyOnWriteArrayList@268bde49
      MAX_LASTFOUND = 900
      lastFoundURL = class java.util.Collections$SynchronizedMap@77699a06
      MAX_LASTREALLYNOTFOUND = 900
      lastReallyNotFoundURL = class java.util.Collections$SynchronizedMap@705973c5
      packageMap = class java.util.HashMap@1390adbd
      containers = class java.util.Collections$SetFromMap@6b914010
      serialVersionUID = 1586111247084489525
      $$$tc$$$ = class com.ibm.websphere.ras.TraceComponent@5a2d264e
    nativeLibraryContainers = class java.util.ArrayList@294e202a
      serialVersionUID = "/* Could not access serialVersionUID */"
      DEFAULT_CAPACITY = "/* Could not access DEFAULT_CAPACITY */"
      EMPTY_ELEMENTDATA = "/* Could not access EMPTY_ELEMENTDATA */"
      DEFAULTCAPACITY_EMPTY_ELEMENTDATA = "/* Could not access DEFAULTCAPACITY_EMPTY_ELEMENTDATA */"
      elementData = "/* Could not access elementData */"
      size = "/* Could not access size */"
      modCount = "/* Could not access modCount */"
    redefiner = class com.ibm.ws.classloading.internal.util.ClassRedefiner@4a97464c
      tc = class com.ibm.websphere.ras.TraceComponent@2bbbc6fd
      LS = "
"
      inst = class jdk.proxy2.$Proxy4@50ab4c9a
      serialVersionUID = 2420101865139508526
    jarProtocol = "wsjar:"
    mapCreationQueue = class java.util.concurrent.Executors$AutoShutdownDelegatedExecutorService@4634b758
      cleanable = "/* Could not access cleanable */"
      e = "/* Could not access e */"
    serialVersionUID = 251246017270836472
    parent = class com.ibm.ws.classloading.internal.GatewayClassLoader@26dcf516
    classNameLockStore = class com.ibm.ws.kernel.boot.utils.KeyBasedLockStore@62390212
      refQueue = class java.lang.ref.ReferenceQueue@5b59124c
      lockMap = class java.util.concurrent.ConcurrentHashMap@469e540d
      lockCreator = class com.ibm.ws.kernel.boot.classloader.NameBasedClassLoaderLock$1@4cdb1fd8
    serialVersionUID = -3020377578845918238
    $$$tc$$$ = class com.ibm.websphere.ras.TraceComponent@5d63d483
      strings[0] = "TraceComponent[com.ibm.ws.classloading.internal.LibertyLoader,class com.ibm.ws.classloading.internal.LibertyLoader,[ClassLoadingService],com.ibm.ws.classloading.internal.resources.ClassLoadingServiceMessages,null]"
    pdcache = "/* Could not access pdcache */"
  tempClassLoader = null
  ivTransformers = class java.util.concurrent.CopyOnWriteArrayList@2927d53f
    serialVersionUID = "/* Could not access serialVersionUID */"
    lock = "/* Could not access lock */"
    array = "/* Could not access array */"
  xmlSchemaVersion = "3.0"
  ivCaching = class jakarta.persistence.SharedCacheMode@75e2d39a
    ALL = class jakarta.persistence.SharedCacheMode@1c5dc3d8
      ALL = class jakarta.persistence.SharedCacheMode@1c5dc3d8
      NONE = class jakarta.persistence.SharedCacheMode@444aff09
      ENABLE_SELECTIVE = class jakarta.persistence.SharedCacheMode@27a70eaf
      DISABLE_SELECTIVE = class jakarta.persistence.SharedCacheMode@d24b1db
      UNSPECIFIED = class jakarta.persistence.SharedCacheMode@75e2d39a
      $VALUES = class jakarta.persistence.SharedCacheMode[5]
      name = "/* Could not access name */"
      ordinal = "/* Could not access ordinal */"
      hash = "/* Could not access hash */"
    NONE = class jakarta.persistence.SharedCacheMode@444aff09
      ALL = class jakarta.persistence.SharedCacheMode@1c5dc3d8
      NONE = class jakarta.persistence.SharedCacheMode@444aff09
      ENABLE_SELECTIVE = class jakarta.persistence.SharedCacheMode@27a70eaf
      DISABLE_SELECTIVE = class jakarta.persistence.SharedCacheMode@d24b1db
      UNSPECIFIED = class jakarta.persistence.SharedCacheMode@75e2d39a
      $VALUES = class jakarta.persistence.SharedCacheMode[5]
      name = "/* Could not access name */"
      ordinal = "/* Could not access ordinal */"
      hash = "/* Could not access hash */"
    ENABLE_SELECTIVE = class jakarta.persistence.SharedCacheMode@27a70eaf
      ALL = class jakarta.persistence.SharedCacheMode@1c5dc3d8
      NONE = class jakarta.persistence.SharedCacheMode@444aff09
      ENABLE_SELECTIVE = class jakarta.persistence.SharedCacheMode@27a70eaf
      DISABLE_SELECTIVE = class jakarta.persistence.SharedCacheMode@d24b1db
      UNSPECIFIED = class jakarta.persistence.SharedCacheMode@75e2d39a
      $VALUES = class jakarta.persistence.SharedCacheMode[5]
      name = "/* Could not access name */"
      ordinal = "/* Could not access ordinal */"
      hash = "/* Could not access hash */"
    DISABLE_SELECTIVE = class jakarta.persistence.SharedCacheMode@d24b1db
      ALL = class jakarta.persistence.SharedCacheMode@1c5dc3d8
      NONE = class jakarta.persistence.SharedCacheMode@444aff09
      ENABLE_SELECTIVE = class jakarta.persistence.SharedCacheMode@27a70eaf
      DISABLE_SELECTIVE = class jakarta.persistence.SharedCacheMode@d24b1db
      UNSPECIFIED = class jakarta.persistence.SharedCacheMode@75e2d39a
      $VALUES = class jakarta.persistence.SharedCacheMode[5]
      name = "/* Could not access name */"
      ordinal = "/* Could not access ordinal */"
      hash = "/* Could not access hash */"
    UNSPECIFIED = class jakarta.persistence.SharedCacheMode@75e2d39a
    $VALUES = class jakarta.persistence.SharedCacheMode[5]
      SharedCacheMode[0] = class jakarta.persistence.SharedCacheMode@1c5dc3d8
      SharedCacheMode[1] = class jakarta.persistence.SharedCacheMode@444aff09
      SharedCacheMode[2] = class jakarta.persistence.SharedCacheMode@27a70eaf
      SharedCacheMode[3] = class jakarta.persistence.SharedCacheMode@d24b1db
      SharedCacheMode[4] = class jakarta.persistence.SharedCacheMode@75e2d39a
    name = "/* Could not access name */"
    ordinal = "/* Could not access ordinal */"
    hash = "/* Could not access hash */"
  ivValidationMode = null
  ivEMFactory = null
  ivEMFactoryException = null
  ivCreateEMFAllowed = true
  ivEMFMap = null
  ivEMPoolMap = class java.util.HashMap@589d8f72
    serialVersionUID = "/* Could not access serialVersionUID */"
    DEFAULT_INITIAL_CAPACITY = "/* Could not access DEFAULT_INITIAL_CAPACITY */"
    MAXIMUM_CAPACITY = "/* Could not access MAXIMUM_CAPACITY */"
    DEFAULT_LOAD_FACTOR = "/* Could not access DEFAULT_LOAD_FACTOR */"
    TREEIFY_THRESHOLD = "/* Could not access TREEIFY_THRESHOLD */"
    UNTREEIFY_THRESHOLD = "/* Could not access UNTREEIFY_THRESHOLD */"
    MIN_TREEIFY_CAPACITY = "/* Could not access MIN_TREEIFY_CAPACITY */"
    table = "/* Could not access table */"
    entrySet = "/* Could not access entrySet */"
    size = "/* Could not access size */"
    modCount = "/* Could not access modCount */"
    threshold = "/* Could not access threshold */"
    loadFactor = "/* Could not access loadFactor */"
    keySet = "/* Could not access keySet */"
    values = "/* Could not access values */"
  ivEMPoolCapacity = -1
  transformExclusionRegEx = class java.lang.String[2]
    String[0] = ".*_(Stub|Tie)$"
    String[1] = ".*_(\p{XDigit}){8}$"
  transformExclusionPatterns = class java.util.regex.Pattern[2]
    Pattern[0] = class java.util.regex.Pattern@34bffadf
      UNIX_LINES = 1
      CASE_INSENSITIVE = 2
      COMMENTS = 4
      MULTILINE = 8
      LITERAL = 16
      DOTALL = 32
      UNICODE_CASE = 64
      CANON_EQ = 128
      UNICODE_CHARACTER_CLASS = 256
      ALL_FLAGS = "/* Could not access ALL_FLAGS */"
      serialVersionUID = "/* Could not access serialVersionUID */"
      pattern = "/* Could not access pattern */"
      flags = "/* Could not access flags */"
      flags0 = "/* Could not access flags0 */"
      compiled = "/* Could not access compiled */"
      normalizedPattern = "/* Could not access normalizedPattern */"
      root = "/* Could not access root */"
      matchRoot = "/* Could not access matchRoot */"
      buffer = "/* Could not access buffer */"
      predicate = "/* Could not access predicate */"
      namedGroups = "/* Could not access namedGroups */"
      groupNodes = "/* Could not access groupNodes */"
      topClosureNodes = "/* Could not access topClosureNodes */"
      localTCNCount = "/* Could not access localTCNCount */"
      hasGroupRef = "/* Could not access hasGroupRef */"
      temp = "/* Could not access temp */"
      capturingGroupCount = "/* Could not access capturingGroupCount */"
      localCount = "/* Could not access localCount */"
      cursor = "/* Could not access cursor */"
      patternLength = "/* Could not access patternLength */"
      hasSupplementary = "/* Could not access hasSupplementary */"
      MAX_REPS = "/* Could not access MAX_REPS */"
      accept = "/* Could not access accept */"
      lastAccept = "/* Could not access lastAccept */"
      $assertionsDisabled = "/* Could not access $assertionsDisabled */"
    Pattern[1] = class java.util.regex.Pattern@713ce769
      UNIX_LINES = 1
      CASE_INSENSITIVE = 2
      COMMENTS = 4
      MULTILINE = 8
      LITERAL = 16
      DOTALL = 32
      UNICODE_CASE = 64
      CANON_EQ = 128
      UNICODE_CHARACTER_CLASS = 256
      ALL_FLAGS = "/* Could not access ALL_FLAGS */"
      serialVersionUID = "/* Could not access serialVersionUID */"
      pattern = "/* Could not access pattern */"
      flags = "/* Could not access flags */"
      flags0 = "/* Could not access flags0 */"
      compiled = "/* Could not access compiled */"
      normalizedPattern = "/* Could not access normalizedPattern */"
      root = "/* Could not access root */"
      matchRoot = "/* Could not access matchRoot */"
      buffer = "/* Could not access buffer */"
      predicate = "/* Could not access predicate */"
      namedGroups = "/* Could not access namedGroups */"
      groupNodes = "/* Could not access groupNodes */"
      topClosureNodes = "/* Could not access topClosureNodes */"
      localTCNCount = "/* Could not access localTCNCount */"
      hasGroupRef = "/* Could not access hasGroupRef */"
      temp = "/* Could not access temp */"
      capturingGroupCount = "/* Could not access capturingGroupCount */"
      localCount = "/* Could not access localCount */"
      cursor = "/* Could not access cursor */"
      patternLength = "/* Could not access patternLength */"
      hasSupplementary = "/* Could not access hasSupplementary */"
      MAX_REPS = "/* Could not access MAX_REPS */"
      accept = "/* Could not access accept */"
      lastAccept = "/* Could not access lastAccept */"
      $assertionsDisabled = "/* Could not access $assertionsDisabled */"

