------Start of DE processing------ = [13/03/2024 19:37:18:020 WET]
Exception = com.ibm.ws.container.service.state.StateChangeException
Source = com.ibm.ws.app.manager.module.internal.SimpleDeployedAppInfoBase
probeid = 551
Stack Dump = com.ibm.ws.container.service.state.StateChangeException: org.jboss.weld.exceptions.DeploymentException: Exception List with 2 exceptions:
Exception 0 :
org.jboss.weld.exceptions.DeploymentException: WELD-001408: Unsatisfied dependencies for type UserServices with qualifiers @Default
  at injection point [BackedAnnotatedField] @Inject estm.dsic.jee.rest.controllers.UserController.userServices
  at estm.dsic.jee.rest.controllers.UserController.userServices(UserController.java:0)

	at org.jboss.weld.bootstrap.Validator.validateInjectionPointForDeploymentProblems(Validator.java:367)
	at org.jboss.weld.bootstrap.Validator.validateInjectionPoint(Validator.java:285)
	at org.jboss.weld.bootstrap.Validator.validateGeneralBean(Validator.java:141)
	at org.jboss.weld.bootstrap.Validator.validateRIBean(Validator.java:162)
	at org.jboss.weld.bootstrap.Validator.validateBean(Validator.java:515)
	at org.jboss.weld.bootstrap.ConcurrentValidator$1.doWork(ConcurrentValidator.java:64)
	at org.jboss.weld.bootstrap.ConcurrentValidator$1.doWork(ConcurrentValidator.java:62)
	at org.jboss.weld.executor.IterativeWorkerTaskFactory$1.call(IterativeWorkerTaskFactory.java:62)
	at org.jboss.weld.executor.IterativeWorkerTaskFactory$1.call(IterativeWorkerTaskFactory.java:55)
	at com.ibm.ws.threading.internal.PolicyTaskFutureImpl.run(PolicyTaskFutureImpl.java:765)
	at com.ibm.ws.threading.internal.PolicyExecutorImpl.runTask(PolicyExecutorImpl.java:1297)
	at com.ibm.ws.threading.internal.PolicyExecutorImpl$AsyncTask.run(PolicyExecutorImpl.java:219)
	at java.base/java.util.concurrent.ThreadPoolExecutor.runWorker(ThreadPoolExecutor.java:1144)
	at java.base/java.util.concurrent.ThreadPoolExecutor$Worker.run(ThreadPoolExecutor.java:642)
	at java.base/java.lang.Thread.run(Thread.java:1583)
Exception 1 :
org.jboss.weld.exceptions.DeploymentException: WELD-001408: Unsatisfied dependencies for type ContactServices with qualifiers @Default
  at injection point [BackedAnnotatedField] @Inject estm.dsic.jee.rest.controllers.ContactController.contactServices
  at estm.dsic.jee.rest.controllers.ContactController.contactServices(ContactController.java:0)

	at org.jboss.weld.bootstrap.Validator.validateInjectionPointForDeploymentProblems(Validator.java:367)
	at org.jboss.weld.bootstrap.Validator.validateInjectionPoint(Validator.java:285)
	at org.jboss.weld.bootstrap.Validator.validateGeneralBean(Validator.java:141)
	at org.jboss.weld.bootstrap.Validator.validateRIBean(Validator.java:162)
	at org.jboss.weld.bootstrap.Validator.validateBean(Validator.java:515)
	at org.jboss.weld.bootstrap.ConcurrentValidator$1.doWork(ConcurrentValidator.java:64)
	at org.jboss.weld.bootstrap.ConcurrentValidator$1.doWork(ConcurrentValidator.java:62)
	at org.jboss.weld.executor.IterativeWorkerTaskFactory$1.call(IterativeWorkerTaskFactory.java:62)
	at org.jboss.weld.executor.IterativeWorkerTaskFactory$1.call(IterativeWorkerTaskFactory.java:55)
	at com.ibm.ws.threading.internal.PolicyTaskFutureImpl.run(PolicyTaskFutureImpl.java:765)
	at com.ibm.ws.threading.internal.PolicyExecutorImpl.runTask(PolicyExecutorImpl.java:1297)
	at com.ibm.ws.threading.internal.PolicyExecutorImpl$AsyncTask.run(PolicyExecutorImpl.java:219)
	at java.base/java.util.concurrent.ThreadPoolExecutor.runWorker(ThreadPoolExecutor.java:1144)
	at java.base/java.util.concurrent.ThreadPoolExecutor$Worker.run(ThreadPoolExecutor.java:642)
	at java.base/java.lang.Thread.run(Thread.java:1583)

	at com.ibm.ws.container.service.state.internal.ApplicationStateManager.fireStarting(ApplicationStateManager.java:57)
	at com.ibm.ws.container.service.state.internal.StateChangeServiceImpl.fireApplicationStarting(StateChangeServiceImpl.java:52)
	at com.ibm.ws.app.manager.module.internal.SimpleDeployedAppInfoBase.preDeployApp(SimpleDeployedAppInfoBase.java:550)
	at com.ibm.ws.app.manager.module.internal.SimpleDeployedAppInfoBase.installApp(SimpleDeployedAppInfoBase.java:511)
	at com.ibm.ws.app.manager.module.internal.DeployedAppInfoBase.deployApp(DeployedAppInfoBase.java:351)
	at com.ibm.ws.app.manager.war.internal.WARApplicationHandlerImpl.install(WARApplicationHandlerImpl.java:67)
	at com.ibm.ws.app.manager.internal.statemachine.StartAction.execute(StartAction.java:184)
	at com.ibm.ws.app.manager.internal.statemachine.ApplicationStateMachineImpl.enterState(ApplicationStateMachineImpl.java:1369)
	at com.ibm.ws.app.manager.internal.statemachine.ApplicationStateMachineImpl.performAction(ApplicationStateMachineImpl.java:1233)
	at com.ibm.ws.app.manager.internal.statemachine.ApplicationStateMachineImpl.run(ApplicationStateMachineImpl.java:920)
	at com.ibm.ws.threading.internal.ExecutorServiceImpl$RunnableWrapper.run(ExecutorServiceImpl.java:280)
	at java.base/java.util.concurrent.ThreadPoolExecutor.runWorker(ThreadPoolExecutor.java:1144)
	at java.base/java.util.concurrent.ThreadPoolExecutor$Worker.run(ThreadPoolExecutor.java:642)
	at java.base/java.lang.Thread.run(Thread.java:1583)
Caused by: org.jboss.weld.exceptions.DeploymentException: Exception List with 2 exceptions:
Exception 0 :
org.jboss.weld.exceptions.DeploymentException: WELD-001408: Unsatisfied dependencies for type UserServices with qualifiers @Default
  at injection point [BackedAnnotatedField] @Inject estm.dsic.jee.rest.controllers.UserController.userServices
  at estm.dsic.jee.rest.controllers.UserController.userServices(UserController.java:0)

	at org.jboss.weld.bootstrap.Validator.validateInjectionPointForDeploymentProblems(Validator.java:367)
	at org.jboss.weld.bootstrap.Validator.validateInjectionPoint(Validator.java:285)
	at org.jboss.weld.bootstrap.Validator.validateGeneralBean(Validator.java:141)
	at org.jboss.weld.bootstrap.Validator.validateRIBean(Validator.java:162)
	at org.jboss.weld.bootstrap.Validator.validateBean(Validator.java:515)
	at org.jboss.weld.bootstrap.ConcurrentValidator$1.doWork(ConcurrentValidator.java:64)
	at org.jboss.weld.bootstrap.ConcurrentValidator$1.doWork(ConcurrentValidator.java:62)
	at org.jboss.weld.executor.IterativeWorkerTaskFactory$1.call(IterativeWorkerTaskFactory.java:62)
	at org.jboss.weld.executor.IterativeWorkerTaskFactory$1.call(IterativeWorkerTaskFactory.java:55)
	at com.ibm.ws.threading.internal.PolicyTaskFutureImpl.run(PolicyTaskFutureImpl.java:765)
	at com.ibm.ws.threading.internal.PolicyExecutorImpl.runTask(PolicyExecutorImpl.java:1297)
	at com.ibm.ws.threading.internal.PolicyExecutorImpl$AsyncTask.run(PolicyExecutorImpl.java:219)
	at java.base/java.util.concurrent.ThreadPoolExecutor.runWorker(ThreadPoolExecutor.java:1144)
	at java.base/java.util.concurrent.ThreadPoolExecutor$Worker.run(ThreadPoolExecutor.java:642)
	at java.base/java.lang.Thread.run(Thread.java:1583)
Exception 1 :
org.jboss.weld.exceptions.DeploymentException: WELD-001408: Unsatisfied dependencies for type ContactServices with qualifiers @Default
  at injection point [BackedAnnotatedField] @Inject estm.dsic.jee.rest.controllers.ContactController.contactServices
  at estm.dsic.jee.rest.controllers.ContactController.contactServices(ContactController.java:0)

	at org.jboss.weld.bootstrap.Validator.validateInjectionPointForDeploymentProblems(Validator.java:367)
	at org.jboss.weld.bootstrap.Validator.validateInjectionPoint(Validator.java:285)
	at org.jboss.weld.bootstrap.Validator.validateGeneralBean(Validator.java:141)
	at org.jboss.weld.bootstrap.Validator.validateRIBean(Validator.java:162)
	at org.jboss.weld.bootstrap.Validator.validateBean(Validator.java:515)
	at org.jboss.weld.bootstrap.ConcurrentValidator$1.doWork(ConcurrentValidator.java:64)
	at org.jboss.weld.bootstrap.ConcurrentValidator$1.doWork(ConcurrentValidator.java:62)
	at org.jboss.weld.executor.IterativeWorkerTaskFactory$1.call(IterativeWorkerTaskFactory.java:62)
	at org.jboss.weld.executor.IterativeWorkerTaskFactory$1.call(IterativeWorkerTaskFactory.java:55)
	at com.ibm.ws.threading.internal.PolicyTaskFutureImpl.run(PolicyTaskFutureImpl.java:765)
	at com.ibm.ws.threading.internal.PolicyExecutorImpl.runTask(PolicyExecutorImpl.java:1297)
	at com.ibm.ws.threading.internal.PolicyExecutorImpl$AsyncTask.run(PolicyExecutorImpl.java:219)
	at java.base/java.util.concurrent.ThreadPoolExecutor.runWorker(ThreadPoolExecutor.java:1144)
	at java.base/java.util.concurrent.ThreadPoolExecutor$Worker.run(ThreadPoolExecutor.java:642)
	at java.base/java.lang.Thread.run(Thread.java:1583)

	at org.jboss.weld.bootstrap.ConcurrentValidator.validateBeans(ConcurrentValidator.java:72)
	at org.jboss.weld.bootstrap.Validator.validateDeployment(Validator.java:476)
	at org.jboss.weld.bootstrap.WeldStartup.validateBeans(WeldStartup.java:492)
	at org.jboss.weld.bootstrap.WeldBootstrap.validateBeans(WeldBootstrap.java:94)
	at com.ibm.ws.cdi.impl.CDIContainerImpl.startInitialization(CDIContainerImpl.java:178)
	at com.ibm.ws.cdi.liberty.CDIRuntimeImpl.applicationStarting(CDIRuntimeImpl.java:479)
	at com.ibm.ws.container.service.state.internal.ApplicationStateManager.fireStarting(ApplicationStateManager.java:53)
	... 13 more
	Suppressed: org.jboss.weld.exceptions.DeploymentException: WELD-001408: Unsatisfied dependencies for type UserServices with qualifiers @Default
  at injection point [BackedAnnotatedField] @Inject estm.dsic.jee.rest.controllers.UserController.userServices
  at estm.dsic.jee.rest.controllers.UserController.userServices(UserController.java:0)

		at org.jboss.weld.bootstrap.Validator.validateInjectionPointForDeploymentProblems(Validator.java:367)
		at org.jboss.weld.bootstrap.Validator.validateInjectionPoint(Validator.java:285)
		at org.jboss.weld.bootstrap.Validator.validateGeneralBean(Validator.java:141)
		at org.jboss.weld.bootstrap.Validator.validateRIBean(Validator.java:162)
		at org.jboss.weld.bootstrap.Validator.validateBean(Validator.java:515)
		at org.jboss.weld.bootstrap.ConcurrentValidator$1.doWork(ConcurrentValidator.java:64)
		at org.jboss.weld.bootstrap.ConcurrentValidator$1.doWork(ConcurrentValidator.java:62)
		at org.jboss.weld.executor.IterativeWorkerTaskFactory$1.call(IterativeWorkerTaskFactory.java:62)
		at org.jboss.weld.executor.IterativeWorkerTaskFactory$1.call(IterativeWorkerTaskFactory.java:55)
		at com.ibm.ws.threading.internal.PolicyTaskFutureImpl.run(PolicyTaskFutureImpl.java:765)
		at com.ibm.ws.threading.internal.PolicyExecutorImpl.runTask(PolicyExecutorImpl.java:1297)
		at com.ibm.ws.threading.internal.PolicyExecutorImpl$AsyncTask.run(PolicyExecutorImpl.java:219)
		... 3 more
	Suppressed: org.jboss.weld.exceptions.DeploymentException: WELD-001408: Unsatisfied dependencies for type ContactServices with qualifiers @Default
  at injection point [BackedAnnotatedField] @Inject estm.dsic.jee.rest.controllers.ContactController.contactServices
  at estm.dsic.jee.rest.controllers.ContactController.contactServices(ContactController.java:0)

		at org.jboss.weld.bootstrap.Validator.validateInjectionPointForDeploymentProblems(Validator.java:367)
		at org.jboss.weld.bootstrap.Validator.validateInjectionPoint(Validator.java:285)
		at org.jboss.weld.bootstrap.Validator.validateGeneralBean(Validator.java:141)
		at org.jboss.weld.bootstrap.Validator.validateRIBean(Validator.java:162)
		at org.jboss.weld.bootstrap.Validator.validateBean(Validator.java:515)
		at org.jboss.weld.bootstrap.ConcurrentValidator$1.doWork(ConcurrentValidator.java:64)
		at org.jboss.weld.bootstrap.ConcurrentValidator$1.doWork(ConcurrentValidator.java:62)
		at org.jboss.weld.executor.IterativeWorkerTaskFactory$1.call(IterativeWorkerTaskFactory.java:62)
		at org.jboss.weld.executor.IterativeWorkerTaskFactory$1.call(IterativeWorkerTaskFactory.java:55)
		at com.ibm.ws.threading.internal.PolicyTaskFutureImpl.run(PolicyTaskFutureImpl.java:765)
		at com.ibm.ws.threading.internal.PolicyExecutorImpl.runTask(PolicyExecutorImpl.java:1297)
		at com.ibm.ws.threading.internal.PolicyExecutorImpl$AsyncTask.run(PolicyExecutorImpl.java:219)
		... 3 more

Dump of callerThis
Object type = com.ibm.ws.app.manager.war.internal.WARDeployedAppInfo
  CONTEXT_ROOT = "context-root"
  webContainerModuleInfo = class com.ibm.ws.app.manager.module.internal.SimpleDeployedAppInfoBase$WebModuleContainerInfo@249423c9
    contextRoot = "/gestioncontact"
    defaultContextRoot = "gestioncontact"
    serialVersionUID = 4617657913043497664
    $$$tc$$$ = class com.ibm.websphere.ras.TraceComponent@55a6c8ee
      strings[0] = "TraceComponent[com.ibm.ws.app.manager.module.internal.SimpleDeployedAppInfoBase$WebModuleContainerInfo,class com.ibm.ws.app.manager.module.internal.SimpleDeployedAppInfoBase$WebModuleContainerInfo,[applications, app.manager],null,null]"
    moduleHandler = class com.ibm.ws.app.manager.web.internal.WebModuleHandlerImpl@17f0e8f6
      serialVersionUID = 4795602325763828210
      $$$tc$$$ = class com.ibm.websphere.ras.TraceComponent@194ed494
      futureMonitor = class com.ibm.ws.threading.internal.FutureMonitorImpl@4cf4d5c2
      metaDataService = class com.ibm.ws.container.service.metadata.internal.MetaDataServiceImpl@3612ecdc
      stateChangeService = class com.ibm.ws.container.service.state.internal.StateChangeServiceImpl@70985623
      moduleRuntimeContainer = class com.ibm.ws.webcontainer.osgi.WebContainer@1460f0ae
      firstFailure = null
      serialVersionUID = -4563697739413190872
      $$$tc$$$ = class com.ibm.websphere.ras.TraceComponent@27afff19
    moduleMetaDataExtenders = class java.util.Collections$UnmodifiableRandomAccessList@6ba48461
      serialVersionUID = "/* Could not access serialVersionUID */"
      serialVersionUID = "/* Could not access serialVersionUID */"
      list = "/* Could not access list */"
      serialVersionUID = "/* Could not access serialVersionUID */"
      c = "/* Could not access c */"
    nestedModuleMetaDataFactories = class java.util.Collections$UnmodifiableRandomAccessList@7941e2c2
      serialVersionUID = "/* Could not access serialVersionUID */"
      serialVersionUID = "/* Could not access serialVersionUID */"
      list = "/* Could not access list */"
      serialVersionUID = "/* Could not access serialVersionUID */"
      c = "/* Could not access c */"
    nestedModules = null
    moduleName = "gestioncontact"
    moduleDD = null
    moduleInfo = class com.ibm.ws.app.manager.module.internal.WebModuleInfoImpl@2259371d
      contextRoot = "/gestioncontact"
      isDefaultContextRootUsed = false
      defaultContextRoot = "gestioncontact"
      serialVersionUID = -6699247856069243844
      $$$tc$$$ = class com.ibm.websphere.ras.TraceComponent@63eb31e5
      tc = class com.ibm.websphere.ras.TraceComponent@6d033982
      appInfo = class com.ibm.ws.container.service.app.deploy.internal.ApplicationInfoImpl@50659c3c
      moduleName = "gestioncontact"
      path = "gestioncontact.war"
      moduleContainer = class com.ibm.ws.adaptable.module.internal.AdaptableContainerImpl@72d2e9ce
      altDDEntry = null
      moduleClassesContainers = class java.util.ArrayList@5b06581e
      classLoaderFactory = class com.ibm.ws.app.manager.war.internal.WARDeployedAppInfo@76670646
      containerInfoType = class com.ibm.ws.container.service.app.deploy.ContainerInfo$Type@14ce416a
      classLoader = class com.ibm.ws.classloading.internal.AppClassLoader@5ce62241
      moduleMetaData = class com.ibm.ws.webcontainer.osgi.metadata.WebModuleMetaDataImpl@1de94b4e
      nestedModuleMetaDataTypes = null
      nestedModuleMetaDataValues = null
      serialVersionUID = 3986734351620206554
    serialVersionUID = 5122721995888983779
    $$$tc$$$ = class com.ibm.websphere.ras.TraceComponent@7b12a133
      strings[0] = "TraceComponent[com.ibm.ws.app.manager.module.internal.SimpleDeployedAppInfoBase$ModuleContainerInfoBase,class com.ibm.ws.app.manager.module.internal.SimpleDeployedAppInfoBase$ModuleContainerInfoBase,[applications, app.manager],null,null]"
    type = class com.ibm.ws.container.service.app.deploy.ContainerInfo$Type@14ce416a
      MANIFEST_CLASSPATH = class com.ibm.ws.container.service.app.deploy.ContainerInfo$Type@760ea279
      WEB_INF_CLASSES = class com.ibm.ws.container.service.app.deploy.ContainerInfo$Type@74f7b002
      WEB_INF_LIB = class com.ibm.ws.container.service.app.deploy.ContainerInfo$Type@3a2fb725
      EAR_LIB = class com.ibm.ws.container.service.app.deploy.ContainerInfo$Type@38c2032a
      WEB_MODULE = class com.ibm.ws.container.service.app.deploy.ContainerInfo$Type@14ce416a
      EJB_MODULE = class com.ibm.ws.container.service.app.deploy.ContainerInfo$Type@3bdc7321
      CLIENT_MODULE = class com.ibm.ws.container.service.app.deploy.ContainerInfo$Type@7262a3f8
      RAR_MODULE = class com.ibm.ws.container.service.app.deploy.ContainerInfo$Type@35b3b40e
      JAR_MODULE = class com.ibm.ws.container.service.app.deploy.ContainerInfo$Type@1d402ac1
      SHARED_LIB = class com.ibm.ws.container.service.app.deploy.ContainerInfo$Type@45dd0733
      $VALUES = class com.ibm.ws.container.service.app.deploy.ContainerInfo$Type[10]
      name = "/* Could not access name */"
      ordinal = "/* Could not access ordinal */"
      hash = "/* Could not access hash */"
    name = "gestioncontact.war"
    container = class com.ibm.ws.adaptable.module.internal.AdaptableContainerImpl@72d2e9ce
    moduleClassLoaderFactory = class com.ibm.ws.app.manager.war.internal.WARDeployedAppInfo@76670646
    altDDEntry = null
    classesContainerInfo = class java.util.ArrayList@5b06581e
      serialVersionUID = "/* Could not access serialVersionUID */"
      DEFAULT_CAPACITY = "/* Could not access DEFAULT_CAPACITY */"
      EMPTY_ELEMENTDATA = "/* Could not access EMPTY_ELEMENTDATA */"
      DEFAULTCAPACITY_EMPTY_ELEMENTDATA = "/* Could not access DEFAULTCAPACITY_EMPTY_ELEMENTDATA */"
      elementData = "/* Could not access elementData */"
      size = "/* Could not access size */"
      modCount = "/* Could not access modCount */"
    serialVersionUID = 4636874131959542427
    $$$tc$$$ = class com.ibm.websphere.ras.TraceComponent@71922d1
      strings[0] = "TraceComponent[com.ibm.ws.app.manager.module.internal.SimpleDeployedAppInfoBase$ExtendedContainerInfo,class com.ibm.ws.app.manager.module.internal.SimpleDeployedAppInfoBase$ExtendedContainerInfo,[applications, app.manager],null,null]"
  DYNAMIC_IMPORT_PACKAGE_LIST = class java.util.Collections$UnmodifiableRandomAccessList@49ad25fa
    serialVersionUID = "/* Could not access serialVersionUID */"
    serialVersionUID = "/* Could not access serialVersionUID */"
    list = "/* Could not access list */"
    serialVersionUID = "/* Could not access serialVersionUID */"
    c = "/* Could not access c */"
  serialVersionUID = 6176035338244935179
  $$$tc$$$ = class com.ibm.websphere.ras.TraceComponent@3d167fe9
    strings[0] = "TraceComponent[com.ibm.ws.app.manager.war.internal.WARDeployedAppInfo,class com.ibm.ws.app.manager.war.internal.WARDeployedAppInfo,[webcontainer, applications, app.manager],com.ibm.ws.app.manager.war.internal.resources.Messages,null]"
  _tc = class com.ibm.websphere.ras.TraceComponent@798e3175
    strings[0] = "TraceComponent[com.ibm.ws.app.manager.module.internal.DeployedAppInfoBase,class com.ibm.ws.app.manager.module.internal.DeployedAppInfoBase,[app.manager],com.ibm.ws.app.manager.module.internal.resources.Messages,null]"
  PERMISSION_XML = "permissions.xml"
  applicationInformation = class com.ibm.ws.app.manager.internal.ApplicationInstallInfo@2c4610f7
    _config = class com.ibm.ws.app.manager.internal.ApplicationConfig@3f706c
      tc = class com.ibm.websphere.ras.TraceComponent@311406e0
      _configPid = "com.ibm.ws.app.manager_0"
      _config = class com.ibm.ws.config.admin.ConfigurationDictionary@484d36b0
      _applicationManager = class com.ibm.ws.app.manager.ApplicationManager@6c80db19
      _location = "gestioncontact.war"
      _type = "war"
      _name = "gestioncontact"
      _notificationBroadcasterSupport = class javax.management.NotificationBroadcasterSupport@3a2f22a1
      ONE_TIME_JANDEX_MSGS_DISPLAYED = true
      serialVersionUID = -2151423388299667431
    _handlerInfo = class java.util.concurrent.atomic.AtomicReference@d026361
      serialVersionUID = "/* Could not access serialVersionUID */"
      VALUE = "/* Could not access VALUE */"
      value = "/* Could not access value */"
    _container = class java.util.concurrent.atomic.AtomicReference@7801fb61
      serialVersionUID = "/* Could not access serialVersionUID */"
      VALUE = "/* Could not access VALUE */"
      value = "/* Could not access value */"
    _resolvedLocation = class java.util.concurrent.atomic.AtomicReference@60c347b3
      serialVersionUID = "/* Could not access serialVersionUID */"
      VALUE = "/* Could not access VALUE */"
      value = "/* Could not access value */"
    _handler = class com.ibm.ws.app.manager.war.internal.WARApplicationHandlerImpl@bbc5a09
      futureMonitor = class com.ibm.ws.threading.internal.FutureMonitorImpl@4cf4d5c2
      deployedAppFactory = class com.ibm.ws.app.manager.war.internal.WARDeployedAppInfoFactoryImpl@2d10748
      serialVersionUID = 4622845147410944782
      $$$tc$$$ = class com.ibm.websphere.ras.TraceComponent@7888528
    _ami = class java.util.concurrent.atomic.AtomicReference@7c1e22f4
      serialVersionUID = "/* Could not access serialVersionUID */"
      VALUE = "/* Could not access VALUE */"
      value = "/* Could not access value */"
    _updateHandler = class com.ibm.ws.app.manager.internal.statemachine.ApplicationStateMachineImpl@39bf88d1
      _tc = class com.ibm.websphere.ras.TraceComponent@6e0aad6b
      EMPTY_FUTURE_ARRAY = interface java.util.concurrent.Future[0]
      asmSequenceNumber = class java.util.concurrent.atomic.AtomicLong@6b435e2d
      _qscaCounter = class java.util.concurrent.atomic.AtomicInteger@5c79222a
      _failedThrowable = null
      _interruptibleLock = class com.ibm.ws.app.manager.internal.statemachine.ApplicationStateMachineImpl$2@32e0ff8d
      _interruptible = false
      _performingQueuedActions = true
      _queuedActions = class java.util.concurrent.ConcurrentLinkedQueue@617ad791
      _callbackState = class java.util.concurrent.atomic.AtomicReference@10b95fa5
      blockAppStartingFutures = class java.util.Collections$SetFromMap@5c447ea
      waitingForAppHandlerFuture = class java.util.concurrent.atomic.AtomicReference@306dcc48
      waitingForExplicitStartFuture = class java.util.concurrent.atomic.AtomicReference@71c438b
      startAfterFutures = class java.util.Collections$SetFromMap@5d8270ba
      completionListener = class java.util.concurrent.atomic.AtomicReference@7a5e87f7
      _notifyAppStopped = class java.util.concurrent.ConcurrentLinkedQueue@248f1b78
      _notifyAppStarting = class java.util.concurrent.ConcurrentLinkedQueue@416a0479
      _notifyAppInstallCalled = class java.util.concurrent.ConcurrentLinkedQueue@fa3bb4e
      _notifyAppStarted = class java.util.concurrent.ConcurrentLinkedQueue@1cce472
      _notifyAppRemoved = class java.util.concurrent.ConcurrentLinkedQueue@5dc46be8
      _stateLock = class com.ibm.ws.app.manager.internal.statemachine.ApplicationStateMachineImpl$3@4c1ce5e5
      _internalState = class java.util.concurrent.atomic.AtomicReference@5e774ee3
      _currentAction = class java.util.concurrent.atomic.AtomicReference@38fece2b
      _rfa = class java.util.concurrent.atomic.AtomicReference@461b69f7
      _appInstallInfo = class java.util.concurrent.atomic.AtomicReference@6d038f1c
      _update = class java.util.concurrent.atomic.AtomicBoolean@967c409
      _appConfig = class java.util.concurrent.atomic.AtomicReference@47a6cc98
      _nextAppConfig = class java.util.concurrent.atomic.AtomicReference@5aef514a
      _appContainer = class java.util.concurrent.atomic.AtomicReference@2b655e64
      _resolvedLocation = class java.util.concurrent.atomic.AtomicReference@1c95908d
      _handler = class java.util.concurrent.atomic.AtomicReference@6da64d8b
      _asmSeqNo = 0
      _ctx = class org.eclipse.osgi.internal.framework.BundleContextImpl@6a492a8
      _locAdmin = class com.ibm.ws.kernel.service.location.internal.WsLocationAdminImpl@4d632474
      _futureMonitor = class com.ibm.ws.threading.internal.FutureMonitorImpl@4cf4d5c2
      _artifactFactory = class com.ibm.ws.artifact.internal.ArtifactContainerFactoryService@7ca96493
      _moduleFactory = class com.ibm.ws.adaptable.module.internal.AdaptableModuleFactoryImpl@4026b42c
      _executorService = class com.ibm.ws.threading.internal.ExecutorServiceImpl@2f2d3741
      _scheduledExecutorService = class com.ibm.ws.threading.internal.ScheduledExecutorImpl@112f93ac
      _asmHelper = class com.ibm.ws.app.manager.internal.ApplicationConfigurator$NamedApplication@882dcb8
      _appMonitor = class com.ibm.ws.app.manager.internal.monitor.ApplicationMonitor@7cd52529
      _configurator = class com.ibm.ws.app.manager.internal.ApplicationConfigurator@11eb1887
      enterStateCalled = class java.util.concurrent.atomic.AtomicBoolean@2340e52d
      serialVersionUID = 4458043999335554711
      serialVersionUID = -8760483717533387753
      $$$tc$$$ = class com.ibm.websphere.ras.TraceComponent@25536a51
    serialVersionUID = 2630639237123415755
    $$$tc$$$ = class com.ibm.websphere.ras.TraceComponent@15cae7bf
      strings[0] = "TraceComponent[com.ibm.ws.app.manager.internal.ApplicationInstallInfo,class com.ibm.ws.app.manager.internal.ApplicationInstallInfo,[applications, app.manager],com.ibm.ws.app.manager.internal.resources.AppManagerMessages,null]"
  location = "C:\Users\user\Desktop\0Code\backend\target\liberty\wlp\usr\servers\gestioncontactServer\apps\gestioncontact.war.xml"
  classLoadingService = class com.ibm.ws.classloading.internal.ClassLoadingServiceImpl@242c15fe
    tc = class com.ibm.websphere.ras.TraceComponent@49d384f4
      strings[0] = "TraceComponent[com.ibm.ws.classloading.internal.ClassLoadingServiceImpl,class com.ibm.ws.classloading.internal.ClassLoadingServiceImpl,[ClassLoadingService],com.ibm.ws.classloading.internal.resources.ClassLoadingServiceMessages,null]"
    leakDetectionMap = class java.util.concurrent.ConcurrentHashMap@344a8f91
      serialVersionUID = "/* Could not access serialVersionUID */"
      MAXIMUM_CAPACITY = "/* Could not access MAXIMUM_CAPACITY */"
      DEFAULT_CAPACITY = "/* Could not access DEFAULT_CAPACITY */"
      MAX_ARRAY_SIZE = "/* Could not access MAX_ARRAY_SIZE */"
      DEFAULT_CONCURRENCY_LEVEL = "/* Could not access DEFAULT_CONCURRENCY_LEVEL */"
      LOAD_FACTOR = "/* Could not access LOAD_FACTOR */"
      TREEIFY_THRESHOLD = "/* Could not access TREEIFY_THRESHOLD */"
      UNTREEIFY_THRESHOLD = "/* Could not access UNTREEIFY_THRESHOLD */"
      MIN_TREEIFY_CAPACITY = "/* Could not access MIN_TREEIFY_CAPACITY */"
      MIN_TRANSFER_STRIDE = "/* Could not access MIN_TRANSFER_STRIDE */"
      RESIZE_STAMP_BITS = "/* Could not access RESIZE_STAMP_BITS */"
      MAX_RESIZERS = "/* Could not access MAX_RESIZERS */"
      RESIZE_STAMP_SHIFT = "/* Could not access RESIZE_STAMP_SHIFT */"
      MOVED = "/* Could not access MOVED */"
      TREEBIN = "/* Could not access TREEBIN */"
      RESERVED = "/* Could not access RESERVED */"
      HASH_BITS = "/* Could not access HASH_BITS */"
      NCPU = "/* Could not access NCPU */"
      serialPersistentFields = "/* Could not access serialPersistentFields */"
      table = "/* Could not access table */"
      nextTable = "/* Could not access nextTable */"
      baseCount = "/* Could not access baseCount */"
      sizeCtl = "/* Could not access sizeCtl */"
      transferIndex = "/* Could not access transferIndex */"
      cellsBusy = "/* Could not access cellsBusy */"
      counterCells = "/* Could not access counterCells */"
      keySet = "/* Could not access keySet */"
      values = "/* Could not access values */"
      entrySet = "/* Could not access entrySet */"
      U = "/* Could not access U */"
      SIZECTL = "/* Could not access SIZECTL */"
      TRANSFERINDEX = "/* Could not access TRANSFERINDEX */"
      BASECOUNT = "/* Could not access BASECOUNT */"
      CELLSBUSY = "/* Could not access CELLSBUSY */"
      CELLVALUE = "/* Could not access CELLVALUE */"
      ABASE = "/* Could not access ABASE */"
      ASHIFT = "/* Could not access ASHIFT */"
      keySet = "/* Could not access keySet */"
      values = "/* Could not access values */"
    appClassLoaders = class java.util.Collections$SetFromMap@67771d92
      m = "/* Could not access m */"
      s = "/* Could not access s */"
      serialVersionUID = "/* Could not access serialVersionUID */"
    TCCL_LOCK_WAIT = 15000
    REFERENCE_GENERATORS = "generators"
    tcclLockStore = class com.ibm.ws.kernel.boot.utils.KeyBasedLockStore@16ab8ca2
      refQueue = class java.lang.ref.ReferenceQueue@7d4f8c94
      lockMap = class java.util.concurrent.ConcurrentHashMap@6fc800e5
      lockCreator = class com.ibm.ws.classloading.internal.ClassLoadingServiceImpl$1@4b4c843
    bundleContext = class org.eclipse.osgi.internal.framework.BundleContextImpl@6446ff48
      valid = true
      bundle = class org.eclipse.osgi.internal.framework.EquinoxBundle@5b857cec
      container = class org.eclipse.osgi.internal.framework.EquinoxContainer@298ff08a
      debug = class org.eclipse.osgi.internal.debug.Debug@7613e2f7
      servicesInUse = class java.util.HashMap@17c2bdfb
      activator = null
      contextLock = class java.lang.Object@16e8b8bb
    aclStore = class com.ibm.ws.classloading.internal.util.CanonicalStore@3f812ff3
      map = class java.util.concurrent.ConcurrentHashMap@da283a4
      q = class com.ibm.ws.classloading.internal.util.RefQueue@31780111
      serialVersionUID = 6715157558227169968
      $$$tc$$$ = class com.ibm.websphere.ras.TraceComponent@62c54e25
    tcclStore = class com.ibm.ws.classloading.internal.util.CanonicalStore@5f570995
      map = class java.util.concurrent.ConcurrentHashMap@1d9e2835
      q = class com.ibm.ws.classloading.internal.util.RefQueue@4c280b52
      serialVersionUID = 6715157558227169968
      $$$tc$$$ = class com.ibm.websphere.ras.TraceComponent@62c54e25
    digraph = class org.eclipse.equinox.internal.region.StandardRegionDigraph@931460
      EMPTY_EDGE_SET = class java.util.Collections$UnmodifiableSet@1d7a2902
      monitor = class java.lang.Object@52289e3c
      regions = class java.util.HashMap@58b3a7f0
      bundleIdToRegionMapping = class org.eclipse.equinox.internal.region.StandardBundleIdToRegionMapping@3924371a
      edges = class java.util.HashMap@75da3b05
      bundleContext = class org.eclipse.osgi.internal.framework.BundleContextImpl@a307a8c
      threadLocal = class java.lang.ThreadLocal@639582fc
      subgraphTraverser = class org.eclipse.equinox.internal.region.SubgraphTraverser@265c2559
      bundleCollisionHook = class org.eclipse.equinox.internal.region.hook.RegionBundleCollisionHook@3ed85a6f
      bundleEventHook = class org.eclipse.equinox.internal.region.hook.RegionBundleEventHook@1afe4ca2
      bundleFindHook = class org.eclipse.equinox.internal.region.hook.RegionBundleFindHook@55b3af63
      serviceEventHook = class org.eclipse.equinox.internal.region.hook.RegionServiceEventHook@12022e61
      serviceFindHook = class org.eclipse.equinox.internal.region.hook.RegionServiceFindHook@6ef5056c
      resolverHookFactory = class org.eclipse.equinox.internal.region.hook.RegionResolverHookFactory@686df4c
      origin = null
      originUpdateCount = -1
      updateCount = class java.util.concurrent.atomic.AtomicLong@4e06a048
      defaultRegion = null
    redefiner = class com.ibm.ws.classloading.internal.util.ClassRedefiner@4a97464c
      tc = class com.ibm.websphere.ras.TraceComponent@2bbbc6fd
      LS = "
"
      inst = class jdk.proxy2.$Proxy4@50ab4c9a
      serialVersionUID = 2420101865139508526
    listener = class com.ibm.ws.classloading.internal.ClassLoadingServiceImpl$2@7cdf165a
      this$0 = class com.ibm.ws.classloading.internal.ClassLoadingServiceImpl@242c15fe
      serialVersionUID = -5816835778307299777
      $$$tc$$$ = class com.ibm.websphere.ras.TraceComponent@164926ba
    classloaders = class java.util.Collections$SynchronizedMap@1b23a3f5
      serialVersionUID = "/* Could not access serialVersionUID */"
      m = "/* Could not access m */"
      mutex = "/* Could not access mutex */"
      keySet = "/* Could not access keySet */"
      entrySet = "/* Could not access entrySet */"
      values = "/* Could not access values */"
    resourceProviders = class com.ibm.ws.classloading.internal.CompositeResourceProvider@38b94e5
      lockFactory = class java.util.concurrent.locks.ReentrantReadWriteLock@10e7ded8
      providerMap = class com.ibm.ws.classloading.internal.util.MultiMap@6689641e
      serialVersionUID = -5576435894946156347
      $$$tc$$$ = class com.ibm.websphere.ras.TraceComponent@2d108aa7
    rememberedBundles = class java.util.concurrent.ConcurrentHashMap@735e17fe
      serialVersionUID = "/* Could not access serialVersionUID */"
      MAXIMUM_CAPACITY = "/* Could not access MAXIMUM_CAPACITY */"
      DEFAULT_CAPACITY = "/* Could not access DEFAULT_CAPACITY */"
      MAX_ARRAY_SIZE = "/* Could not access MAX_ARRAY_SIZE */"
      DEFAULT_CONCURRENCY_LEVEL = "/* Could not access DEFAULT_CONCURRENCY_LEVEL */"
      LOAD_FACTOR = "/* Could not access LOAD_FACTOR */"
      TREEIFY_THRESHOLD = "/* Could not access TREEIFY_THRESHOLD */"
      UNTREEIFY_THRESHOLD = "/* Could not access UNTREEIFY_THRESHOLD */"
      MIN_TREEIFY_CAPACITY = "/* Could not access MIN_TREEIFY_CAPACITY */"
      MIN_TRANSFER_STRIDE = "/* Could not access MIN_TRANSFER_STRIDE */"
      RESIZE_STAMP_BITS = "/* Could not access RESIZE_STAMP_BITS */"
      MAX_RESIZERS = "/* Could not access MAX_RESIZERS */"
      RESIZE_STAMP_SHIFT = "/* Could not access RESIZE_STAMP_SHIFT */"
      MOVED = "/* Could not access MOVED */"
      TREEBIN = "/* Could not access TREEBIN */"
      RESERVED = "/* Could not access RESERVED */"
      HASH_BITS = "/* Could not access HASH_BITS */"
      NCPU = "/* Could not access NCPU */"
      serialPersistentFields = "/* Could not access serialPersistentFields */"
      table = "/* Could not access table */"
      nextTable = "/* Could not access nextTable */"
      baseCount = "/* Could not access baseCount */"
      sizeCtl = "/* Could not access sizeCtl */"
      transferIndex = "/* Could not access transferIndex */"
      cellsBusy = "/* Could not access cellsBusy */"
      counterCells = "/* Could not access counterCells */"
      keySet = "/* Could not access keySet */"
      values = "/* Could not access values */"
      entrySet = "/* Could not access entrySet */"
      U = "/* Could not access U */"
      SIZECTL = "/* Could not access SIZECTL */"
      TRANSFERINDEX = "/* Could not access TRANSFERINDEX */"
      BASECOUNT = "/* Could not access BASECOUNT */"
      CELLSBUSY = "/* Could not access CELLSBUSY */"
      CELLVALUE = "/* Could not access CELLVALUE */"
      ABASE = "/* Could not access ABASE */"
      ASHIFT = "/* Could not access ASHIFT */"
      keySet = "/* Could not access keySet */"
      values = "/* Could not access values */"
    collectedBundles = class java.lang.ref.ReferenceQueue@77b7b209
      NULL = "/* Could not access NULL */"
      ENQUEUED = "/* Could not access ENQUEUED */"
      head = "/* Could not access head */"
      queueLength = "/* Could not access queueLength */"
      lock = "/* Could not access lock */"
      notEmpty = "/* Could not access notEmpty */"
      $assertionsDisabled = "/* Could not access $assertionsDisabled */"
    generatorRefs = class com.ibm.wsspi.kernel.service.utils.ConcurrentServiceReferenceSet@710d9b01
      referenceName = "generators"
      contextRef = class java.util.concurrent.atomic.AtomicReference@6b6fc852
      elementMap = class java.util.LinkedHashMap@7d046dc7
      elementSet = class java.util.concurrent.ConcurrentSkipListSet@1c7433b7
      elementSetUnsorted = false
      serialVersionUID = 756240983881166148
      $$$tc$$$ = class com.ibm.websphere.ras.TraceComponent@38bd1d44
    generatorManager = class com.ibm.ws.classloading.internal.ClassGeneratorManager@2e7e0579
      tc = class com.ibm.websphere.ras.TraceComponent@59f2866b
      generatorRefs = class com.ibm.wsspi.kernel.service.utils.ConcurrentServiceReferenceSet@710d9b01
      serialVersionUID = 4152663586056483310
    appExtLibs = class java.util.concurrent.CopyOnWriteArrayList@2d1c06af
      serialVersionUID = "/* Could not access serialVersionUID */"
      lock = "/* Could not access lock */"
      array = "/* Could not access array */"
    globalConfig = class com.ibm.ws.classloading.configuration.GlobalClassloadingConfiguration@6771ceff
      properties = class org.apache.felix.scr.impl.helper.ReadOnlyDictionary@7d8fec16
      serialVersionUID = 452562347104713756
      $$$tc$$$ = class com.ibm.websphere.ras.TraceComponent@309dc4f3
    systemTransformers = class java.util.concurrent.CopyOnWriteArrayList@7ab99483
      serialVersionUID = "/* Could not access serialVersionUID */"
      lock = "/* Could not access lock */"
      array = "/* Could not access array */"
    metaInfServicesProviders = class java.util.concurrent.ConcurrentHashMap@24321360
      serialVersionUID = "/* Could not access serialVersionUID */"
      MAXIMUM_CAPACITY = "/* Could not access MAXIMUM_CAPACITY */"
      DEFAULT_CAPACITY = "/* Could not access DEFAULT_CAPACITY */"
      MAX_ARRAY_SIZE = "/* Could not access MAX_ARRAY_SIZE */"
      DEFAULT_CONCURRENCY_LEVEL = "/* Could not access DEFAULT_CONCURRENCY_LEVEL */"
      LOAD_FACTOR = "/* Could not access LOAD_FACTOR */"
      TREEIFY_THRESHOLD = "/* Could not access TREEIFY_THRESHOLD */"
      UNTREEIFY_THRESHOLD = "/* Could not access UNTREEIFY_THRESHOLD */"
      MIN_TREEIFY_CAPACITY = "/* Could not access MIN_TREEIFY_CAPACITY */"
      MIN_TRANSFER_STRIDE = "/* Could not access MIN_TRANSFER_STRIDE */"
      RESIZE_STAMP_BITS = "/* Could not access RESIZE_STAMP_BITS */"
      MAX_RESIZERS = "/* Could not access MAX_RESIZERS */"
      RESIZE_STAMP_SHIFT = "/* Could not access RESIZE_STAMP_SHIFT */"
      MOVED = "/* Could not access MOVED */"
      TREEBIN = "/* Could not access TREEBIN */"
      RESERVED = "/* Could not access RESERVED */"
      HASH_BITS = "/* Could not access HASH_BITS */"
      NCPU = "/* Could not access NCPU */"
      serialPersistentFields = "/* Could not access serialPersistentFields */"
      table = "/* Could not access table */"
      nextTable = "/* Could not access nextTable */"
      baseCount = "/* Could not access baseCount */"
      sizeCtl = "/* Could not access sizeCtl */"
      transferIndex = "/* Could not access transferIndex */"
      cellsBusy = "/* Could not access cellsBusy */"
      counterCells = "/* Could not access counterCells */"
      keySet = "/* Could not access keySet */"
      values = "/* Could not access values */"
      entrySet = "/* Could not access entrySet */"
      U = "/* Could not access U */"
      SIZECTL = "/* Could not access SIZECTL */"
      TRANSFERINDEX = "/* Could not access TRANSFERINDEX */"
      BASECOUNT = "/* Could not access BASECOUNT */"
      CELLSBUSY = "/* Could not access CELLSBUSY */"
      CELLVALUE = "/* Could not access CELLVALUE */"
      ABASE = "/* Could not access ABASE */"
      ASHIFT = "/* Could not access ASHIFT */"
      keySet = "/* Could not access keySet */"
      values = "/* Could not access values */"
    metaInfServicesRefs = class com.ibm.wsspi.kernel.service.utils.ConcurrentServiceReferenceMap@69564037
      referenceName = "MetaInfServicesProvider"
      context = class org.apache.felix.scr.impl.manager.ComponentContextImpl@76c955f4
      elementMap = class java.util.concurrent.ConcurrentHashMap@3347e295
      serialVersionUID = 6980924785166233786
      $$$tc$$$ = class com.ibm.websphere.ras.TraceComponent@2768a61b
    protectionDomainMap = class java.util.HashMap@397dd4
      serialVersionUID = "/* Could not access serialVersionUID */"
      DEFAULT_INITIAL_CAPACITY = "/* Could not access DEFAULT_INITIAL_CAPACITY */"
      MAXIMUM_CAPACITY = "/* Could not access MAXIMUM_CAPACITY */"
      DEFAULT_LOAD_FACTOR = "/* Could not access DEFAULT_LOAD_FACTOR */"
      TREEIFY_THRESHOLD = "/* Could not access TREEIFY_THRESHOLD */"
      UNTREEIFY_THRESHOLD = "/* Could not access UNTREEIFY_THRESHOLD */"
      MIN_TREEIFY_CAPACITY = "/* Could not access MIN_TREEIFY_CAPACITY */"
      table = "/* Could not access table */"
      entrySet = "/* Could not access entrySet */"
      size = "/* Could not access size */"
      modCount = "/* Could not access modCount */"
      threshold = "/* Could not access threshold */"
      loadFactor = "/* Could not access loadFactor */"
      keySet = "/* Could not access keySet */"
      values = "/* Could not access values */"
    metadataIdentifierService = class com.ibm.ws.container.service.metadata.internal.MetaDataServiceImpl@3612ecdc
    globalSharedLibrary = class java.util.concurrent.atomic.AtomicReference@20f506d
      serialVersionUID = "/* Could not access serialVersionUID */"
      VALUE = "/* Could not access VALUE */"
      value = "/* Could not access value */"
    serialVersionUID = 4413923811772628187
  globalSharedLibrary = class com.ibm.ws.library.internal.SharedLibraryImpl@458f782
    tc = class com.ibm.websphere.ras.TraceComponent@558d2e15
      strings[0] = "TraceComponent[com.ibm.ws.library.internal.SharedLibraryImpl,class com.ibm.ws.library.internal.SharedLibraryImpl,[SharedLibrary],com.ibm.ws.classloading.internal.resources.ClassLoadingServiceMessages,null]"
    deleted = false
    libraryListenersTracker = class org.osgi.util.tracker.ServiceTracker@6b432980
      DEBUG = false
      context = class org.eclipse.osgi.internal.framework.BundleContextImpl@6446ff48
      filter = class org.eclipse.osgi.internal.framework.FilterImpl$And@57c6a286
      customizer = class org.osgi.util.tracker.ServiceTracker@6b432980
      listenerFilter = "(&(objectClass=com.ibm.wsspi.library.LibraryChangeListener)(|(library=global)(libraryRef=*com.ibm.ws.classloading.sharedlibrary_3*)))"
      trackClass = null
      trackReference = null
      tracked = class org.osgi.util.tracker.ServiceTracker$Tracked@3a63c591
      cachedReference = null
      cachedService = null
    libraryReg = class org.eclipse.osgi.internal.serviceregistry.ServiceRegistrationImpl@458858fe
      registry = class org.eclipse.osgi.internal.serviceregistry.ServiceRegistry@32987d88
      context = class org.eclipse.osgi.internal.framework.BundleContextImpl@6446ff48
      bundle = class org.eclipse.osgi.internal.framework.EquinoxBundle@5b857cec
      clazzes = class java.lang.String[1]
      service = class com.ibm.ws.library.internal.SharedLibraryImpl@458f782
      reference = class org.eclipse.osgi.internal.serviceregistry.ServiceReferenceImpl@5cd3281f
      contextsUsing = class java.util.ArrayList@45f53f82
      properties = class java.util.Collections$UnmodifiableMap@3474dea4
      serviceid = 356
      serviceranking = 1
      registrationLock = class java.lang.Object@31a11edd
      state = 0
      REGISTERED = 0
      UNREGISTERING = 1
      UNREGISTERED = 2
      FRAMEWORK_SET_SERVICE_PROPERTIES_COUNT = 4
      $assertionsDisabled = true
    ctx = class org.eclipse.osgi.internal.framework.BundleContextImpl@6446ff48
    classLoadingService = class com.ibm.ws.classloading.internal.ClassLoadingServiceImpl@242c15fe
    configAdmin = class com.ibm.ws.config.admin.internal.ConfigurationAdminImpl@66157dd4
      tc = class com.ibm.websphere.ras.TraceComponent@1a762eb7
      bundle = class org.eclipse.osgi.internal.framework.EquinoxBundle@5b857cec
      caFactory = class com.ibm.ws.config.admin.internal.ConfigAdminServiceFactory@7b46e5fe
      serialVersionUID = -2875522750804142523
    resolvedBasePath = "C:/Users/user/Desktop/0Code/backend/target/liberty/wlp/usr/servers/gestioncontactServer/"
    generationLock = class com.ibm.ws.library.internal.SharedLibraryImpl$1@6c2af1c
      this$0 = class com.ibm.ws.library.internal.SharedLibraryImpl@458f782
      serialVersionUID = 2483639803450672373
      $$$tc$$$ = class com.ibm.websphere.ras.TraceComponent@1eb51ad6
    currentGeneration = class com.ibm.ws.library.internal.LibraryGeneration@54aa86b
      tc = class com.ibm.websphere.ras.TraceComponent@295af91b
      nextInt = class java.util.concurrent.atomic.AtomicInteger@4a0d6909
      libraryId = "global"
      genId = 1
      libraryProps = class java.util.Hashtable@319310e6
      filesetRefs = class java.util.Collections$UnmodifiableRandomAccessList@49d70ef9
      apiTypeVisibility = class java.util.RegularEnumSet@491b1ce8
      files = class java.util.Collections$EmptyList@7ab29a5e
      folders = class java.util.ArrayList@68ff71e3
      fileAndFolderContainers = class java.util.LinkedList@4142583a
      filesets = class java.util.concurrent.ArrayBlockingQueue@3013362d
      filesetListenerRegs = class java.util.concurrent.ConcurrentLinkedQueue@217e809b
      cancelled = false
      library = class com.ibm.ws.library.internal.SharedLibraryImpl@458f782
      serialVersionUID = 6965220007121905717
    nextGeneration = class com.ibm.ws.library.internal.LibraryGeneration@54aa86b
    artifactContainerFactory = class com.ibm.ws.library.internal.SharedLibraryFactory$1@77b78e6b
      this$0 = class com.ibm.ws.library.internal.SharedLibraryFactory@1bd196cd
      serialVersionUID = 7730244564205089330
      $$$tc$$$ = class com.ibm.websphere.ras.TraceComponent@523f4c36
    packageExporter = class com.ibm.ws.library.internal.LibraryPackageExporter@3a81b694
      EXPORTER_POSTFIX = "_library_exporter"
      REGION_EXPORT_TO_LIBERTY = "liberty.library.export.to.liberty"
      REGION_EXPORT_TO_OSGI_APPS = "liberty.library.export.to.osgi.app"
      REGION_KERNEL = "org.eclipse.equinox.region.kernel"
      counter = class java.util.concurrent.atomic.AtomicLong@39885dab
      context = class org.eclipse.osgi.internal.framework.BundleContextImpl@6446ff48
      digraph = class org.eclipse.equinox.internal.region.StandardRegionDigraph@931460
      bundleToLibrary = class java.util.concurrent.ConcurrentHashMap@1b5c6c09
      libraryToVisibility = class java.util.concurrent.ConcurrentHashMap@197337fc
      serialVersionUID = 8074378969667956573
      $$$tc$$$ = class com.ibm.websphere.ras.TraceComponent@5e5adf6f
    serialVersionUID = 5714743499247904517
  sharedLibDeploymentInfo = class com.ibm.ws.app.manager.module.internal.DeployedAppInfoBase$SharedLibDeploymentInfo@266bd9d8
    locAdmin = class com.ibm.ws.kernel.service.location.internal.WsLocationAdminImpl@4d632474
    artifactFactory = class com.ibm.ws.artifact.internal.ArtifactContainerFactoryService@7ca96493
    moduleFactory = class com.ibm.ws.adaptable.module.internal.AdaptableModuleFactoryImpl@4026b42c
    classesContainerInfo = class java.util.ArrayList@572a9423
      serialVersionUID = "/* Could not access serialVersionUID */"
      DEFAULT_CAPACITY = "/* Could not access DEFAULT_CAPACITY */"
      EMPTY_ELEMENTDATA = "/* Could not access EMPTY_ELEMENTDATA */"
      DEFAULTCAPACITY_EMPTY_ELEMENTDATA = "/* Could not access DEFAULTCAPACITY_EMPTY_ELEMENTDATA */"
      elementData = "/* Could not access elementData */"
      size = "/* Could not access size */"
      modCount = "/* Could not access modCount */"
    serialVersionUID = 5154735746662585226
    $$$tc$$$ = class com.ibm.websphere.ras.TraceComponent@6fc16602
      strings[0] = "TraceComponent[com.ibm.ws.app.manager.module.internal.DeployedAppInfoBase$SharedLibDeploymentInfo,class com.ibm.ws.app.manager.module.internal.DeployedAppInfoBase$SharedLibDeploymentInfo,[applications, app.manager],null,null]"
  configAdmin = class com.ibm.ws.config.admin.internal.ConfigurationAdminImpl@307fc1de
    tc = class com.ibm.websphere.ras.TraceComponent@1a762eb7
      strings[0] = "TraceComponent[com.ibm.ws.config.admin.internal.ConfigurationAdminImpl,class com.ibm.ws.config.admin.internal.ConfigurationAdminImpl,[config],com.ibm.ws.config.internal.resources.ConfigMessages,null]"
    bundle = class org.eclipse.osgi.internal.framework.EquinoxBundle@1b0bace8
      equinoxContainer = class org.eclipse.osgi.internal.framework.EquinoxContainer@298ff08a
      module = class org.eclipse.osgi.internal.framework.EquinoxBundle$EquinoxModule@334b02dc
      monitor = class java.lang.Object@15bf71c2
      context = class org.eclipse.osgi.internal.framework.BundleContextImpl@6a62d6a8
      signedContent = null
      $SWITCH_TABLE$org$eclipse$osgi$container$Module$State = {1,2,3,4,5,6,7} /* array length = 7 */
    caFactory = class com.ibm.ws.config.admin.internal.ConfigAdminServiceFactory@7b46e5fe
      tc = class com.ibm.websphere.ras.TraceComponent@6aedc6d8
      configurationPermission = class org.osgi.service.cm.ConfigurationPermission@16f6f73d
      INDEX_DICTIONARY = 0
      INDEX_LOCATION = 1
      INDEX_METATYPE_PROCESSED = 2
      INDEX_IN_OVERRIDES_FILE = 3
      INDEX_REFERENCES = 4
      INDEX_UNIQUES = 5
      bundleContext = class org.eclipse.osgi.internal.framework.BundleContextImpl@3b136968
      msTracker = class com.ibm.ws.config.admin.internal.ManagedServiceTracker@3bbf8e4f
      msfTracker = class com.ibm.ws.config.admin.internal.ManagedServiceFactoryTracker@21eadfa2
      pluginManager = class com.ibm.ws.config.admin.internal.PluginManager@4d6e6954
      configurationStore = class com.ibm.ws.config.admin.internal.ConfigurationStore@6c8030db
      updateQueue = class com.ibm.ws.config.admin.internal.UpdateQueue@2b0a16f2
      ced = class com.ibm.ws.config.admin.internal.ConfigEventDispatcher@5c6adbfe
      idMap = class java.util.Collections$SynchronizedMap@62702dee
      referenceMap = class java.util.Collections$SynchronizedMap@f9bdf93
      variableRegistryTracker = class org.osgi.util.tracker.ServiceTracker@74dde514
      variableRegistry = class com.ibm.ws.kernel.service.location.internal.VariableRegistryHelper@7ee2655a
      configurationAdminRef = class org.eclipse.osgi.internal.serviceregistry.ServiceRegistrationImpl@5ba4516d
      serialVersionUID = 6695202270027014725
    serialVersionUID = -2875522750804142523
  libraryConfigHelper = class com.ibm.ws.classloading.ClassLoaderConfigHelper@7ee4b4a1
    tc = class com.ibm.websphere.ras.TraceComponent@521a4310
      strings[0] = "TraceComponent[com.ibm.ws.classloading.ClassLoaderConfigHelper,class com.ibm.ws.classloading.ClassLoaderConfigHelper,[ClassLoadingService],com.ibm.ws.classloading.internal.resources.ClassLoadingServiceMessages,null]"
    DEFAULT_API_TYPES = class java.util.RegularEnumSet@30ed9e2d
      serialVersionUID = "/* Could not access serialVersionUID */"
      elements = "/* Could not access elements */"
      serialVersionUID = "/* Could not access serialVersionUID */"
      elementType = "/* Could not access elementType */"
      universe = "/* Could not access universe */"
    sharedLibraries = class java.util.Collections$EmptyList@7ab29a5e
      serialVersionUID = "/* Could not access serialVersionUID */"
      modCount = "/* Could not access modCount */"
    commonLibraries = class java.util.Collections$EmptyList@7ab29a5e
    classProviders = class java.util.Collections$EmptyList@7ab29a5e
    sharedLibrariesPids = null
    commonLibrariesPids = null
    isDelegateLast = false
    apiTypes = class java.util.RegularEnumSet@30ed9e2d
    classLoaderConfigProps = null
    serialVersionUID = 7643888529935916418
  isDelegateLast = false
  permissionManager = class com.ibm.ws.classloading.java2sec.PermissionManager@3d43b818
    tc = class com.ibm.websphere.ras.TraceComponent@7ad9b810
      strings[0] = "TraceComponent[com.ibm.ws.classloading.java2sec.PermissionManager,class com.ibm.ws.classloading.java2sec.PermissionManager,[Java2SecurityUtil],com.ibm.ws.classloading.internal.resources.Java2SecurityUtilMessages,null]"
    bundleContext = class org.eclipse.osgi.internal.framework.BundleContextImpl@6446ff48
    classLoadingService = class com.ibm.ws.classloading.internal.ClassLoadingServiceImpl@242c15fe
    DEFAULT_SERVER_RESTRICTABLE_PERMISSIONS = class java.security.Permission[4]
      Permission[0] = class java.lang.RuntimePermission@43c3c1a0
      Permission[1] = class java.lang.RuntimePermission@4e856aff
      Permission[2] = class java.security.SecurityPermission@35bc69e2
      Permission[3] = class javax.security.auth.AuthPermission@62d8e720
    DEFAULT_CLIENT_RESTRICTABLE_PERMISSIONS = class java.security.Permission[3]
      Permission[0] = class java.lang.RuntimePermission@321d9d3e
      Permission[1] = class java.security.SecurityPermission@61cd90cf
      Permission[2] = class javax.security.auth.AuthPermission@48466085
    isServer = true
    wsjarUrlStreamHandlerAvailable = true
    LOGGING_PERMISSION = "java.util.logging.LoggingPermission"
    restrictablePermissions = class java.util.ArrayList@5fc8067
      serialVersionUID = "/* Could not access serialVersionUID */"
      DEFAULT_CAPACITY = "/* Could not access DEFAULT_CAPACITY */"
      EMPTY_ELEMENTDATA = "/* Could not access EMPTY_ELEMENTDATA */"
      DEFAULTCAPACITY_EMPTY_ELEMENTDATA = "/* Could not access DEFAULTCAPACITY_EMPTY_ELEMENTDATA */"
      elementData = "/* Could not access elementData */"
      size = "/* Could not access size */"
      modCount = "/* Could not access modCount */"
    javaAllCodeBasePermissions = class java.util.ArrayList@6e9b70b3
      serialVersionUID = "/* Could not access serialVersionUID */"
      DEFAULT_CAPACITY = "/* Could not access DEFAULT_CAPACITY */"
      EMPTY_ELEMENTDATA = "/* Could not access EMPTY_ELEMENTDATA */"
      DEFAULTCAPACITY_EMPTY_ELEMENTDATA = "/* Could not access DEFAULTCAPACITY_EMPTY_ELEMENTDATA */"
      elementData = "/* Could not access elementData */"
      size = "/* Could not access size */"
      modCount = "/* Could not access modCount */"
    expandProps = true
    grantedPermissions = class java.util.ArrayList@1adf3db9
      serialVersionUID = "/* Could not access serialVersionUID */"
      DEFAULT_CAPACITY = "/* Could not access DEFAULT_CAPACITY */"
      EMPTY_ELEMENTDATA = "/* Could not access EMPTY_ELEMENTDATA */"
      DEFAULTCAPACITY_EMPTY_ELEMENTDATA = "/* Could not access DEFAULTCAPACITY_EMPTY_ELEMENTDATA */"
      elementData = "/* Could not access elementData */"
      size = "/* Could not access size */"
      modCount = "/* Could not access modCount */"
    KEY_PERMISSION = "permission"
    INCORRECT_PERMISSION_CONFIGURATION = "INCORRECT_PERMISSION_CONFIGURATION"
    PERMISSION_CLASSNOTFOUND = "PERMISSION_CLASSNOTFOUND"
    SERVER_XML = "server.xml"
    CLIENT_XML = "client.xml"
    JAVA_POLICY = "java.policy"
    os_name = "Windows 10"
    os_version = "10.0"
    originationFile = "server.xml"
    permissions = class com.ibm.wsspi.kernel.service.utils.ConcurrentServiceReferenceSet@5dcb882d
      referenceName = "permission"
      contextRef = class java.util.concurrent.atomic.AtomicReference@48d0e9b8
      elementMap = class java.util.LinkedHashMap@9c06a3b
      elementSet = class java.util.concurrent.ConcurrentSkipListSet@16def501
      elementSetUnsorted = false
      serialVersionUID = 756240983881166148
      $$$tc$$$ = class com.ibm.websphere.ras.TraceComponent@38bd1d44
    codeBasePermissionMap = class java.util.HashMap@3cd5c44b
      serialVersionUID = "/* Could not access serialVersionUID */"
      DEFAULT_INITIAL_CAPACITY = "/* Could not access DEFAULT_INITIAL_CAPACITY */"
      MAXIMUM_CAPACITY = "/* Could not access MAXIMUM_CAPACITY */"
      DEFAULT_LOAD_FACTOR = "/* Could not access DEFAULT_LOAD_FACTOR */"
      TREEIFY_THRESHOLD = "/* Could not access TREEIFY_THRESHOLD */"
      UNTREEIFY_THRESHOLD = "/* Could not access UNTREEIFY_THRESHOLD */"
      MIN_TREEIFY_CAPACITY = "/* Could not access MIN_TREEIFY_CAPACITY */"
      table = "/* Could not access table */"
      entrySet = "/* Could not access entrySet */"
      size = "/* Could not access size */"
      modCount = "/* Could not access modCount */"
      threshold = "/* Could not access threshold */"
      loadFactor = "/* Could not access loadFactor */"
      keySet = "/* Could not access keySet */"
      values = "/* Could not access values */"
    permissionXMLPermissionMap = class java.util.HashMap@97e258a
      serialVersionUID = "/* Could not access serialVersionUID */"
      DEFAULT_INITIAL_CAPACITY = "/* Could not access DEFAULT_INITIAL_CAPACITY */"
      MAXIMUM_CAPACITY = "/* Could not access MAXIMUM_CAPACITY */"
      DEFAULT_LOAD_FACTOR = "/* Could not access DEFAULT_LOAD_FACTOR */"
      TREEIFY_THRESHOLD = "/* Could not access TREEIFY_THRESHOLD */"
      UNTREEIFY_THRESHOLD = "/* Could not access UNTREEIFY_THRESHOLD */"
      MIN_TREEIFY_CAPACITY = "/* Could not access MIN_TREEIFY_CAPACITY */"
      table = "/* Could not access table */"
      entrySet = "/* Could not access entrySet */"
      size = "/* Could not access size */"
      modCount = "/* Could not access modCount */"
      threshold = "/* Could not access threshold */"
      loadFactor = "/* Could not access loadFactor */"
      keySet = "/* Could not access keySet */"
      values = "/* Could not access values */"
    serialVersionUID = 8583289148510585888
  permissionsConfig = null
  serialVersionUID = 1131686356392279747
  appInfo = class com.ibm.ws.container.service.app.deploy.internal.ApplicationInfoImpl@50659c3c
    appName = "gestioncontact"
    appMetaData = class com.ibm.ws.container.service.app.deploy.internal.ApplicationMetaDataImpl@354817cf
      j2eeName = class com.ibm.ws.container.service.metadata.internal.J2EENameImpl@62195f7d
      serialVersionUID = -7906531148367236579
      $$$tc$$$ = class com.ibm.websphere.ras.TraceComponent@192ba35e
      tc = class com.ibm.websphere.ras.TraceComponent@1b91cbf4
      NUM_STATIC_SLOTS = 4
      ID_UNINITIALIZED = -1
      id = 0
      metaDataInterface = class java.lang.Class@68246695
      staticSlots = class java.lang.Object[4]
      dynamicSlots = class java.lang.Object[4]
    appContainer = class com.ibm.ws.adaptable.module.internal.AdaptableContainerImpl@72d2e9ce
      root = class com.ibm.ws.adaptable.module.internal.AdaptableContainerImpl@72d2e9ce
      rootOverlay = class com.ibm.ws.artifact.overlay.internal.DirectoryBasedOverlayContainerImpl@2cb8fda6
      factoryHolder = class com.ibm.ws.adaptable.module.internal.AdaptableModuleFactoryImpl@4026b42c
      delegate = class com.ibm.ws.artifact.overlay.internal.DirectoryBasedOverlayContainerImpl@2cb8fda6
      notifier = class com.ibm.ws.adaptable.module.internal.NotifierImpl@6234dfe6
      serialVersionUID = -5950528200509051684
      $$$tc$$$ = class com.ibm.websphere.ras.TraceComponent@3419a2cb
    configHelper = class com.ibm.ws.app.manager.module.ApplicationNestedConfigHelper@553a12b
      appInfo = class com.ibm.ws.app.manager.internal.ApplicationInstallInfo@2c4610f7
      serialVersionUID = -3174031738676705046
      $$$tc$$$ = class com.ibm.websphere.ras.TraceComponent@6c54a03b
    applicationInformation = class com.ibm.ws.app.manager.internal.ApplicationInstallInfo@2c4610f7
    serialVersionUID = 5227817860647895780
    $$$tc$$$ = class com.ibm.websphere.ras.TraceComponent@7557fba1
      strings[0] = "TraceComponent[com.ibm.ws.container.service.app.deploy.internal.ApplicationInfoImpl,class com.ibm.ws.container.service.app.deploy.internal.ApplicationInfoImpl,[container.service],com.ibm.ws.container.service.resources.Messages,null]"
  appInfoRegistration = null
  modulesDeployed = class java.util.ArrayList@b215b3d
    serialVersionUID = "/* Could not access serialVersionUID */"
    DEFAULT_CAPACITY = "/* Could not access DEFAULT_CAPACITY */"
    EMPTY_ELEMENTDATA = "/* Could not access EMPTY_ELEMENTDATA */"
    DEFAULTCAPACITY_EMPTY_ELEMENTDATA = "/* Could not access DEFAULTCAPACITY_EMPTY_ELEMENTDATA */"
    elementData = "/* Could not access elementData */"
    size = "/* Could not access size */"
    modCount = "/* Could not access modCount */"
  starting = true
  started = false
  deployedAppServices = class com.ibm.ws.app.manager.module.internal.DeployedAppServicesImpl@73f1c89a
    SERVER_APPS_DIR = "${server.output.dir}/apps/"
    EXPANDED_APPS_DIR = "${server.output.dir}/apps/expanded/"
    bundleContext = class org.eclipse.osgi.internal.framework.BundleContextImpl@6a62d6a8
      valid = true
      bundle = class org.eclipse.osgi.internal.framework.EquinoxBundle@1b0bace8
      container = class org.eclipse.osgi.internal.framework.EquinoxContainer@298ff08a
      debug = class org.eclipse.osgi.internal.debug.Debug@7613e2f7
      servicesInUse = class java.util.HashMap@5aae6e6b
      activator = null
      contextLock = class java.lang.Object@389e352a
    applicationInfoFactory = class com.ibm.ws.container.service.app.deploy.internal.ApplicationInfoFactoryImpl@503bb744
    futureMonitor = class com.ibm.ws.threading.internal.FutureMonitorImpl@4cf4d5c2
    classLoadingService = class com.ibm.ws.classloading.internal.ClassLoadingServiceImpl@242c15fe
    globalSharedLibrary = class com.ibm.ws.library.internal.SharedLibraryImpl@458f782
    globalSharedLibraryPid = "com.ibm.ws.classloading.sharedlibrary_3"
    configAdmin = class com.ibm.ws.config.admin.internal.ConfigurationAdminImpl@307fc1de
    metaDataService = class com.ibm.ws.container.service.metadata.internal.MetaDataServiceImpl@3612ecdc
    stateChangeService = class com.ibm.ws.container.service.state.internal.StateChangeServiceImpl@70985623
    allModuleTypes = class java.lang.String[4]
      String[0] = "ejb"
      String[1] = "web"
      String[2] = "client"
      String[3] = "connector"
    moduleMetaDataExtenders = class java.util.concurrent.ConcurrentHashMap@596dbd81
      serialVersionUID = "/* Could not access serialVersionUID */"
      MAXIMUM_CAPACITY = "/* Could not access MAXIMUM_CAPACITY */"
      DEFAULT_CAPACITY = "/* Could not access DEFAULT_CAPACITY */"
      MAX_ARRAY_SIZE = "/* Could not access MAX_ARRAY_SIZE */"
      DEFAULT_CONCURRENCY_LEVEL = "/* Could not access DEFAULT_CONCURRENCY_LEVEL */"
      LOAD_FACTOR = "/* Could not access LOAD_FACTOR */"
      TREEIFY_THRESHOLD = "/* Could not access TREEIFY_THRESHOLD */"
      UNTREEIFY_THRESHOLD = "/* Could not access UNTREEIFY_THRESHOLD */"
      MIN_TREEIFY_CAPACITY = "/* Could not access MIN_TREEIFY_CAPACITY */"
      MIN_TRANSFER_STRIDE = "/* Could not access MIN_TRANSFER_STRIDE */"
      RESIZE_STAMP_BITS = "/* Could not access RESIZE_STAMP_BITS */"
      MAX_RESIZERS = "/* Could not access MAX_RESIZERS */"
      RESIZE_STAMP_SHIFT = "/* Could not access RESIZE_STAMP_SHIFT */"
      MOVED = "/* Could not access MOVED */"
      TREEBIN = "/* Could not access TREEBIN */"
      RESERVED = "/* Could not access RESERVED */"
      HASH_BITS = "/* Could not access HASH_BITS */"
      NCPU = "/* Could not access NCPU */"
      serialPersistentFields = "/* Could not access serialPersistentFields */"
      table = "/* Could not access table */"
      nextTable = "/* Could not access nextTable */"
      baseCount = "/* Could not access baseCount */"
      sizeCtl = "/* Could not access sizeCtl */"
      transferIndex = "/* Could not access transferIndex */"
      cellsBusy = "/* Could not access cellsBusy */"
      counterCells = "/* Could not access counterCells */"
      keySet = "/* Could not access keySet */"
      values = "/* Could not access values */"
      entrySet = "/* Could not access entrySet */"
      U = "/* Could not access U */"
      SIZECTL = "/* Could not access SIZECTL */"
      TRANSFERINDEX = "/* Could not access TRANSFERINDEX */"
      BASECOUNT = "/* Could not access BASECOUNT */"
      CELLSBUSY = "/* Could not access CELLSBUSY */"
      CELLVALUE = "/* Could not access CELLVALUE */"
      ABASE = "/* Could not access ABASE */"
      ASHIFT = "/* Could not access ASHIFT */"
      keySet = "/* Could not access keySet */"
      values = "/* Could not access values */"
    nestedModuleMetaDataFactories = class java.util.concurrent.ConcurrentHashMap@7e0759d4
      serialVersionUID = "/* Could not access serialVersionUID */"
      MAXIMUM_CAPACITY = "/* Could not access MAXIMUM_CAPACITY */"
      DEFAULT_CAPACITY = "/* Could not access DEFAULT_CAPACITY */"
      MAX_ARRAY_SIZE = "/* Could not access MAX_ARRAY_SIZE */"
      DEFAULT_CONCURRENCY_LEVEL = "/* Could not access DEFAULT_CONCURRENCY_LEVEL */"
      LOAD_FACTOR = "/* Could not access LOAD_FACTOR */"
      TREEIFY_THRESHOLD = "/* Could not access TREEIFY_THRESHOLD */"
      UNTREEIFY_THRESHOLD = "/* Could not access UNTREEIFY_THRESHOLD */"
      MIN_TREEIFY_CAPACITY = "/* Could not access MIN_TREEIFY_CAPACITY */"
      MIN_TRANSFER_STRIDE = "/* Could not access MIN_TRANSFER_STRIDE */"
      RESIZE_STAMP_BITS = "/* Could not access RESIZE_STAMP_BITS */"
      MAX_RESIZERS = "/* Could not access MAX_RESIZERS */"
      RESIZE_STAMP_SHIFT = "/* Could not access RESIZE_STAMP_SHIFT */"
      MOVED = "/* Could not access MOVED */"
      TREEBIN = "/* Could not access TREEBIN */"
      RESERVED = "/* Could not access RESERVED */"
      HASH_BITS = "/* Could not access HASH_BITS */"
      NCPU = "/* Could not access NCPU */"
      serialPersistentFields = "/* Could not access serialPersistentFields */"
      table = "/* Could not access table */"
      nextTable = "/* Could not access nextTable */"
      baseCount = "/* Could not access baseCount */"
      sizeCtl = "/* Could not access sizeCtl */"
      transferIndex = "/* Could not access transferIndex */"
      cellsBusy = "/* Could not access cellsBusy */"
      counterCells = "/* Could not access counterCells */"
      keySet = "/* Could not access keySet */"
      values = "/* Could not access values */"
      entrySet = "/* Could not access entrySet */"
      U = "/* Could not access U */"
      SIZECTL = "/* Could not access SIZECTL */"
      TRANSFERINDEX = "/* Could not access TRANSFERINDEX */"
      BASECOUNT = "/* Could not access BASECOUNT */"
      CELLSBUSY = "/* Could not access CELLSBUSY */"
      CELLVALUE = "/* Could not access CELLVALUE */"
      ABASE = "/* Could not access ABASE */"
      ASHIFT = "/* Could not access ASHIFT */"
      keySet = "/* Could not access keySet */"
      values = "/* Could not access values */"
    permissionManager = class com.ibm.ws.classloading.java2sec.PermissionManager@3d43b818
    locAdmin = class com.ibm.ws.kernel.service.location.internal.WsLocationAdminImpl@4d632474
      tc = class com.ibm.websphere.ras.TraceComponent@55a9bb80
      LOC_INTERNAL_LIB_DIR = "wlp.lib.dir"
      LOC_INTERNAL_WORKAREA_DIR = "wlp.workarea.dir"
      LOC_AREA_NAME_APPS = "shared/apps/"
      LOC_AREA_NAME_CONFIG = "shared/config/"
      LOC_AREA_NAME_RESC = "shared/resources/"
      LOC_AREA_NAME_STATE = "logs/state/"
      LOC_AREA_NAME_SERVERS = "servers/"
      LOC_AREA_NAME_CLIENTS = "clients/"
      LOC_AREA_NAME_WORKING = "workarea/"
      LOC_AREA_NAME_LOGS = "logs/"
      LOC_AREA_NAME_EXTENSION = "extension/"
      instance = class com.ibm.ws.kernel.service.location.internal.WsLocationAdminImpl@4d632474
      installRoot = class com.ibm.ws.kernel.service.location.internal.SymbolicRootResource@76d630b8
      installParentRoot = class com.ibm.ws.kernel.service.location.internal.SymbolicRootResource@451bd749
      userRoot = class com.ibm.ws.kernel.service.location.internal.SymbolicRootResource@454811e8
      usrExtensionRoot = class com.ibm.ws.kernel.service.location.internal.SymbolicRootResource@54d199da
      serverConfigDir = class com.ibm.ws.kernel.service.location.internal.SymbolicRootResource@13c53008
      serverOutputDir = class com.ibm.ws.kernel.service.location.internal.SymbolicRootResource@13c53008
      bootstrapLib = class com.ibm.ws.kernel.service.location.internal.LocalFileResource@87f0ca6
      serverWorkarea = class com.ibm.ws.kernel.service.location.internal.LocalFileResource@d3d9b10
      serverState = class com.ibm.ws.kernel.service.location.internal.LocalFileResource@55fadc24
      sharedAppsRoot = class com.ibm.ws.kernel.service.location.internal.SymbolicRootResource@6f85e3e3
      sharedConfigRoot = class com.ibm.ws.kernel.service.location.internal.SymbolicRootResource@1f6fc889
      sharedResourceRoot = class com.ibm.ws.kernel.service.location.internal.SymbolicRootResource@7eeb256f
      tmpRoot = class com.ibm.ws.kernel.service.location.internal.SymbolicRootResource@7d73dd6a
      serverName = "gestioncontactServer"
      resourcePaths = class java.util.ArrayList@3da9b3dc
      resourceGroups = class java.util.HashMap@5c631f60
      commonRoot = class com.ibm.ws.kernel.service.location.internal.VirtualRootResource@7b0499de
      serverCfgDirStr = "C:/Users/user/Desktop/0Code/backend/target/liberty/wlp/usr/servers/gestioncontactServer/"
      variableSourceDirs = "C:/Users/user/Desktop/0Code/backend/target/liberty/wlp/usr/servers/gestioncontactServer/variables/"
      serialVersionUID = 7963438175177362522
    artifactFactory = class com.ibm.ws.artifact.internal.ArtifactContainerFactoryService@7ca96493
      CATEGORY_PROP_NAME = "category"
      ENTRY_KEY = "com.ibm.wsspi.artifact.ArtifactEntry"
      helperMap = class com.ibm.wsspi.kernel.service.utils.ConcurrentServiceReferenceSetMap@74a68fdf
      contributorMap = class com.ibm.wsspi.kernel.service.utils.ConcurrentServiceReferenceSetMap@32f0f6ba
      helperCategoryMap = class com.ibm.wsspi.kernel.service.utils.ConcurrentServiceReferenceSetMap@70044b8c
      contributorCategoryMap = class com.ibm.wsspi.kernel.service.utils.ConcurrentServiceReferenceSetMap@30c35797
      categories = class java.util.Collections$SynchronizedSet@705bfe27
      baseProperties = class org.apache.felix.scr.impl.helper.ReadOnlyDictionary@452b93b0
      registration = class com.ibm.ws.kernel.service.util.ServiceRegistrationModifier@17a1e8b2
      serialVersionUID = 6566424214406946230
      $$$tc$$$ = class com.ibm.websphere.ras.TraceComponent@7cca433
    moduleFactory = class com.ibm.ws.adaptable.module.internal.AdaptableModuleFactoryImpl@4026b42c
      adapterFactoryService = class com.ibm.ws.adaptable.module.internal.AdapterFactoryServiceImpl@4a7e866a
      containerFactory = class com.ibm.ws.artifact.internal.ArtifactContainerFactoryService@7ca96493
      overlayContainerFactory = class com.ibm.ws.artifact.overlay.internal.OverlayContainerFactoryImpl@113ff919
      serialVersionUID = 4200251809856292987
      $$$tc$$$ = class com.ibm.websphere.ras.TraceComponent@1133a7de
    serialVersionUID = 8537801607979767986
    $$$tc$$$ = class com.ibm.websphere.ras.TraceComponent@463ecdb3
      strings[0] = "TraceComponent[com.ibm.ws.app.manager.module.internal.DeployedAppServicesImpl,class com.ibm.ws.app.manager.module.internal.DeployedAppServicesImpl,[applications, app.manager],null,null]"
  futureMonitor = class com.ibm.ws.threading.internal.FutureMonitorImpl@4cf4d5c2
    _monitor = class java.util.concurrent.ConcurrentLinkedQueue@387e779b
      serialVersionUID = "/* Could not access serialVersionUID */"
      head = "/* Could not access head */"
      tail = "/* Could not access tail */"
      MAX_HOPS = "/* Could not access MAX_HOPS */"
      HEAD = "/* Could not access HEAD */"
      TAIL = "/* Could not access TAIL */"
      ITEM = "/* Could not access ITEM */"
      NEXT = "/* Could not access NEXT */"
    _executor = class com.ibm.ws.threading.internal.DeferrableScheduledExecutorImpl@4285716
      PERIOD_MILLISECONDS = 15000
      executor = class com.ibm.ws.threading.internal.ScheduledExecutorImpl@112f93ac
      serialVersionUID = 4761900424000004220
      $$$tc$$$ = class com.ibm.websphere.ras.TraceComponent@3293431e
    _threadRunning = class java.util.concurrent.atomic.AtomicBoolean@2f1db575
      serialVersionUID = "/* Could not access serialVersionUID */"
      VALUE = "/* Could not access VALUE */"
      value = "/* Could not access value */"
    _thread = class com.ibm.ws.threading.internal.FutureMonitorImpl$1@3faff51e
      this$0 = class com.ibm.ws.threading.internal.FutureMonitorImpl@4cf4d5c2
      serialVersionUID = 2422512430832938099
      $$$tc$$$ = class com.ibm.websphere.ras.TraceComponent@5b0ecc76
    serialVersionUID = 2765238413969174390
    $$$tc$$$ = class com.ibm.websphere.ras.TraceComponent@1f212f8c
      strings[0] = "TraceComponent[com.ibm.ws.threading.internal.FutureMonitorImpl,class com.ibm.ws.threading.internal.FutureMonitorImpl,[Threading],com.ibm.ws.threading.internal.resources.ThreadingMessages,null]"
  appInfoFactory = class com.ibm.ws.container.service.app.deploy.internal.ApplicationInfoFactoryImpl@503bb744
    j2eeNameFactory = class com.ibm.wsspi.kernel.service.utils.AtomicServiceReference@2d27e64e
      referenceName = "j2eeNameFactory"
      tuple = class java.util.concurrent.atomic.AtomicReference@733254fe
      serialVersionUID = 2226592364007985000
      $$$tc$$$ = class com.ibm.websphere.ras.TraceComponent@5d09712d
    names = class java.util.HashSet@72432a9d
      serialVersionUID = "/* Could not access serialVersionUID */"
      map = "/* Could not access map */"
      PRESENT = "/* Could not access PRESENT */"
    serialVersionUID = 6232436640731165768
    $$$tc$$$ = class com.ibm.websphere.ras.TraceComponent@3d9197e9
      strings[0] = "TraceComponent[com.ibm.ws.container.service.app.deploy.internal.ApplicationInfoFactoryImpl,class com.ibm.ws.container.service.app.deploy.internal.ApplicationInfoFactoryImpl,[container.service],com.ibm.ws.container.service.resources.Messages,null]"
  metaDataService = class com.ibm.ws.container.service.metadata.internal.MetaDataServiceImpl@3612ecdc
    applicationMetaDataManager = class com.ibm.ws.container.service.metadata.internal.ApplicationMetaDataManager@4e224fa1
      serialVersionUID = 1843747281024490904
      $$$tc$$$ = class com.ibm.websphere.ras.TraceComponent@1bb4a37
      listeners = class com.ibm.wsspi.kernel.service.utils.ConcurrentServiceReferenceSet@55a26e6d
      metaDataIDs = class com.ibm.ws.container.service.metadata.internal.IndexList@38e0dbaa
      metaDatas = class java.util.ArrayList@2706e517
      slotIDs = class com.ibm.ws.container.service.metadata.internal.IndexList@6ae0ee5c
      serialVersionUID = 5464421863354792977
      $$$tc$$$ = class com.ibm.websphere.ras.TraceComponent@158c936f
    moduleMetaDataManager = class com.ibm.ws.container.service.metadata.internal.ModuleMetaDataManager@2247accf
      serialVersionUID = 2513574389899327209
      $$$tc$$$ = class com.ibm.websphere.ras.TraceComponent@6f6c6e3d
      listeners = class com.ibm.wsspi.kernel.service.utils.ConcurrentServiceReferenceSet@74f75b26
      metaDataIDs = class com.ibm.ws.container.service.metadata.internal.IndexList@18926315
      metaDatas = class java.util.ArrayList@a810f5d
      slotIDs = class com.ibm.ws.container.service.metadata.internal.IndexList@33efaf26
      serialVersionUID = 5464421863354792977
      $$$tc$$$ = class com.ibm.websphere.ras.TraceComponent@158c936f
    componentMetaDataManager = class com.ibm.ws.container.service.metadata.internal.ComponentMetaDataManager@7142a58f
      serialVersionUID = 8629793739641703882
      $$$tc$$$ = class com.ibm.websphere.ras.TraceComponent@3cea88d7
      listeners = class com.ibm.wsspi.kernel.service.utils.ConcurrentServiceReferenceSet@1c7530e5
      metaDataIDs = class com.ibm.ws.container.service.metadata.internal.IndexList@4e9cd5ce
      metaDatas = class java.util.ArrayList@67e83740
      slotIDs = class com.ibm.ws.container.service.metadata.internal.IndexList@2e1679f2
      serialVersionUID = 5464421863354792977
      $$$tc$$$ = class com.ibm.websphere.ras.TraceComponent@158c936f
    methodMetaDataManager = class com.ibm.ws.container.service.metadata.internal.MethodMetaDataManager@45779f93
      serialVersionUID = -8002489041502300640
      $$$tc$$$ = class com.ibm.websphere.ras.TraceComponent@fc5a2ab
      listeners = class com.ibm.wsspi.kernel.service.utils.ConcurrentServiceReferenceSet@8fb436e
      metaDataIDs = class com.ibm.ws.container.service.metadata.internal.IndexList@1f0bcb42
      metaDatas = class java.util.ArrayList@74bd779d
      slotIDs = class com.ibm.ws.container.service.metadata.internal.IndexList@1a6239a9
      serialVersionUID = 5464421863354792977
      $$$tc$$$ = class com.ibm.websphere.ras.TraceComponent@158c936f
    appModuleNameToModuleContainer = class java.util.concurrent.ConcurrentHashMap@17ab710
      serialVersionUID = "/* Could not access serialVersionUID */"
      MAXIMUM_CAPACITY = "/* Could not access MAXIMUM_CAPACITY */"
      DEFAULT_CAPACITY = "/* Could not access DEFAULT_CAPACITY */"
      MAX_ARRAY_SIZE = "/* Could not access MAX_ARRAY_SIZE */"
      DEFAULT_CONCURRENCY_LEVEL = "/* Could not access DEFAULT_CONCURRENCY_LEVEL */"
      LOAD_FACTOR = "/* Could not access LOAD_FACTOR */"
      TREEIFY_THRESHOLD = "/* Could not access TREEIFY_THRESHOLD */"
      UNTREEIFY_THRESHOLD = "/* Could not access UNTREEIFY_THRESHOLD */"
      MIN_TREEIFY_CAPACITY = "/* Could not access MIN_TREEIFY_CAPACITY */"
      MIN_TRANSFER_STRIDE = "/* Could not access MIN_TRANSFER_STRIDE */"
      RESIZE_STAMP_BITS = "/* Could not access RESIZE_STAMP_BITS */"
      MAX_RESIZERS = "/* Could not access MAX_RESIZERS */"
      RESIZE_STAMP_SHIFT = "/* Could not access RESIZE_STAMP_SHIFT */"
      MOVED = "/* Could not access MOVED */"
      TREEBIN = "/* Could not access TREEBIN */"
      RESERVED = "/* Could not access RESERVED */"
      HASH_BITS = "/* Could not access HASH_BITS */"
      NCPU = "/* Could not access NCPU */"
      serialPersistentFields = "/* Could not access serialPersistentFields */"
      table = "/* Could not access table */"
      nextTable = "/* Could not access nextTable */"
      baseCount = "/* Could not access baseCount */"
      sizeCtl = "/* Could not access sizeCtl */"
      transferIndex = "/* Could not access transferIndex */"
      cellsBusy = "/* Could not access cellsBusy */"
      counterCells = "/* Could not access counterCells */"
      keySet = "/* Could not access keySet */"
      values = "/* Could not access values */"
      entrySet = "/* Could not access entrySet */"
      U = "/* Could not access U */"
      SIZECTL = "/* Could not access SIZECTL */"
      TRANSFERINDEX = "/* Could not access TRANSFERINDEX */"
      BASECOUNT = "/* Could not access BASECOUNT */"
      CELLSBUSY = "/* Could not access CELLSBUSY */"
      CELLVALUE = "/* Could not access CELLVALUE */"
      ABASE = "/* Could not access ABASE */"
      ASHIFT = "/* Could not access ASHIFT */"
      keySet = "/* Could not access keySet */"
      values = "/* Could not access values */"
    jeeNameToComponentMetaData = class java.util.concurrent.ConcurrentHashMap@1ec44224
      serialVersionUID = "/* Could not access serialVersionUID */"
      MAXIMUM_CAPACITY = "/* Could not access MAXIMUM_CAPACITY */"
      DEFAULT_CAPACITY = "/* Could not access DEFAULT_CAPACITY */"
      MAX_ARRAY_SIZE = "/* Could not access MAX_ARRAY_SIZE */"
      DEFAULT_CONCURRENCY_LEVEL = "/* Could not access DEFAULT_CONCURRENCY_LEVEL */"
      LOAD_FACTOR = "/* Could not access LOAD_FACTOR */"
      TREEIFY_THRESHOLD = "/* Could not access TREEIFY_THRESHOLD */"
      UNTREEIFY_THRESHOLD = "/* Could not access UNTREEIFY_THRESHOLD */"
      MIN_TREEIFY_CAPACITY = "/* Could not access MIN_TREEIFY_CAPACITY */"
      MIN_TRANSFER_STRIDE = "/* Could not access MIN_TRANSFER_STRIDE */"
      RESIZE_STAMP_BITS = "/* Could not access RESIZE_STAMP_BITS */"
      MAX_RESIZERS = "/* Could not access MAX_RESIZERS */"
      RESIZE_STAMP_SHIFT = "/* Could not access RESIZE_STAMP_SHIFT */"
      MOVED = "/* Could not access MOVED */"
      TREEBIN = "/* Could not access TREEBIN */"
      RESERVED = "/* Could not access RESERVED */"
      HASH_BITS = "/* Could not access HASH_BITS */"
      NCPU = "/* Could not access NCPU */"
      serialPersistentFields = "/* Could not access serialPersistentFields */"
      table = "/* Could not access table */"
      nextTable = "/* Could not access nextTable */"
      baseCount = "/* Could not access baseCount */"
      sizeCtl = "/* Could not access sizeCtl */"
      transferIndex = "/* Could not access transferIndex */"
      cellsBusy = "/* Could not access cellsBusy */"
      counterCells = "/* Could not access counterCells */"
      keySet = "/* Could not access keySet */"
      values = "/* Could not access values */"
      entrySet = "/* Could not access entrySet */"
      U = "/* Could not access U */"
      SIZECTL = "/* Could not access SIZECTL */"
      TRANSFERINDEX = "/* Could not access TRANSFERINDEX */"
      BASECOUNT = "/* Could not access BASECOUNT */"
      CELLSBUSY = "/* Could not access CELLSBUSY */"
      CELLVALUE = "/* Could not access CELLVALUE */"
      ABASE = "/* Could not access ABASE */"
      ASHIFT = "/* Could not access ASHIFT */"
      keySet = "/* Could not access keySet */"
      values = "/* Could not access values */"
    deferredMetaDataFactories = class com.ibm.wsspi.kernel.service.utils.ConcurrentServiceReferenceSet@7acee2ae
      referenceName = "deferredMetaDataFactory"
      contextRef = class java.util.concurrent.atomic.AtomicReference@cd9325a
      elementMap = class java.util.LinkedHashMap@291d3506
      elementSet = class java.util.concurrent.ConcurrentSkipListSet@4916ff1b
      elementSetUnsorted = false
      serialVersionUID = 756240983881166148
      $$$tc$$$ = class com.ibm.websphere.ras.TraceComponent@38bd1d44
    deferredMetaDataInitializers = class com.ibm.wsspi.kernel.service.utils.ConcurrentServiceReferenceMap@33c7163
      referenceName = "deferredMetaDataFactory"
      context = class org.apache.felix.scr.impl.manager.ComponentContextImpl@3f4bf41a
      elementMap = class java.util.concurrent.ConcurrentHashMap@5afca39e
      serialVersionUID = 6980924785166233786
      $$$tc$$$ = class com.ibm.websphere.ras.TraceComponent@2768a61b
    serialVersionUID = -2494605732980966097
    $$$tc$$$ = class com.ibm.websphere.ras.TraceComponent@2b27f091
      strings[0] = "TraceComponent[com.ibm.ws.container.service.metadata.internal.MetaDataServiceImpl,class com.ibm.ws.container.service.metadata.internal.MetaDataServiceImpl,[Runtime],null,null]"
  stateChangeService = class com.ibm.ws.container.service.state.internal.StateChangeServiceImpl@70985623
    applicationStateManager = class com.ibm.ws.container.service.state.internal.ApplicationStateManager@168c1c1c
      serialVersionUID = -6685368059484454124
      $$$tc$$$ = class com.ibm.websphere.ras.TraceComponent@174d0a70
      listeners = class com.ibm.wsspi.kernel.service.utils.ConcurrentServiceReferenceSet@6282ebfe
      serialVersionUID = 2284273176985484160
      $$$tc$$$ = class com.ibm.websphere.ras.TraceComponent@23425564
    moduleStateManager = class com.ibm.ws.container.service.state.internal.ModuleStateManager@6a2fe3e9
      serialVersionUID = -5540260902341249963
      $$$tc$$$ = class com.ibm.websphere.ras.TraceComponent@68a2fd37
      listeners = class com.ibm.wsspi.kernel.service.utils.ConcurrentServiceReferenceSet@56508d68
      serialVersionUID = 2284273176985484160
      $$$tc$$$ = class com.ibm.websphere.ras.TraceComponent@23425564
    serialVersionUID = -537917915330350560
    $$$tc$$$ = class com.ibm.websphere.ras.TraceComponent@3562ab22
      strings[0] = "TraceComponent[com.ibm.ws.container.service.state.internal.StateChangeServiceImpl,class com.ibm.ws.container.service.state.internal.StateChangeServiceImpl,[Runtime],null,null]"
  moduleClassesInfo = class com.ibm.ws.app.manager.module.internal.SimpleDeployedAppInfoBase$ModuleClassesInfoProvider@45a8c6ca
    entryContainerInfosMap = class java.util.HashMap@785be2ca
      serialVersionUID = "/* Could not access serialVersionUID */"
      DEFAULT_INITIAL_CAPACITY = "/* Could not access DEFAULT_INITIAL_CAPACITY */"
      MAXIMUM_CAPACITY = "/* Could not access MAXIMUM_CAPACITY */"
      DEFAULT_LOAD_FACTOR = "/* Could not access DEFAULT_LOAD_FACTOR */"
      TREEIFY_THRESHOLD = "/* Could not access TREEIFY_THRESHOLD */"
      UNTREEIFY_THRESHOLD = "/* Could not access UNTREEIFY_THRESHOLD */"
      MIN_TREEIFY_CAPACITY = "/* Could not access MIN_TREEIFY_CAPACITY */"
      table = "/* Could not access table */"
      entrySet = "/* Could not access entrySet */"
      size = "/* Could not access size */"
      modCount = "/* Could not access modCount */"
      threshold = "/* Could not access threshold */"
      loadFactor = "/* Could not access loadFactor */"
      keySet = "/* Could not access keySet */"
      values = "/* Could not access values */"
    serialVersionUID = -70332790531324534
    $$$tc$$$ = class com.ibm.websphere.ras.TraceComponent@1a3fc688
      strings[0] = "TraceComponent[com.ibm.ws.app.manager.module.internal.SimpleDeployedAppInfoBase$ModuleClassesInfoProvider,class com.ibm.ws.app.manager.module.internal.SimpleDeployedAppInfoBase$ModuleClassesInfoProvider,[applications, app.manager],null,null]"
  moduleContainerInfos = class java.util.ArrayList@44d195f1
    serialVersionUID = "/* Could not access serialVersionUID */"
    DEFAULT_CAPACITY = "/* Could not access DEFAULT_CAPACITY */"
    EMPTY_ELEMENTDATA = "/* Could not access EMPTY_ELEMENTDATA */"
    DEFAULTCAPACITY_EMPTY_ELEMENTDATA = "/* Could not access DEFAULTCAPACITY_EMPTY_ELEMENTDATA */"
    elementData = "/* Could not access elementData */"
    size = "/* Could not access size */"
    modCount = "/* Could not access modCount */"
  activeModuleHandlers = class java.util.IdentityHashMap@495d8bb8
    DEFAULT_CAPACITY = "/* Could not access DEFAULT_CAPACITY */"
    MINIMUM_CAPACITY = "/* Could not access MINIMUM_CAPACITY */"
    MAXIMUM_CAPACITY = "/* Could not access MAXIMUM_CAPACITY */"
    table = "/* Could not access table */"
    size = "/* Could not access size */"
    modCount = "/* Could not access modCount */"
    NULL_KEY = "/* Could not access NULL_KEY */"
    entrySet = "/* Could not access entrySet */"
    serialVersionUID = "/* Could not access serialVersionUID */"
    keySet = "/* Could not access keySet */"
    values = "/* Could not access values */"
  serialVersionUID = -2685719801501752993
  $$$tc$$$ = class com.ibm.websphere.ras.TraceComponent@268b839d
    strings[0] = "TraceComponent[com.ibm.ws.app.manager.module.internal.SimpleDeployedAppInfoBase,class com.ibm.ws.app.manager.module.internal.SimpleDeployedAppInfoBase,[applications, app.manager],null,null]"

Dump of objectArray[0]
Object type = com.ibm.ws.threading.internal.NonCancelableResultFuture
  _done = false
  _result = null
  _failure = null
  _listeners = class java.util.concurrent.ConcurrentLinkedQueue@310fbb85
    serialVersionUID = "/* Could not access serialVersionUID */"
    head = "/* Could not access head */"
    tail = "/* Could not access tail */"
    MAX_HOPS = "/* Could not access MAX_HOPS */"
    HEAD = "/* Could not access HEAD */"
    TAIL = "/* Could not access TAIL */"
    ITEM = "/* Could not access ITEM */"
    NEXT = "/* Could not access NEXT */"
  _notifiedListeners = class java.util.concurrent.atomic.AtomicBoolean@24f2a1c
    serialVersionUID = "/* Could not access serialVersionUID */"
    VALUE = "/* Could not access VALUE */"
    value = "/* Could not access value */"
  serialVersionUID = -296387658814354272
  $$$tc$$$ = class com.ibm.websphere.ras.TraceComponent@2682b715
    strings[0] = "TraceComponent[com.ibm.ws.threading.internal.NonCancelableResultFuture,class com.ibm.ws.threading.internal.NonCancelableResultFuture,[Threading],com.ibm.ws.threading.internal.resources.ThreadingMessages,null]"

