------Start of DE processing------ = [13/03/2024 19:37:04:286 WET]
Exception = com.ibm.wsspi.annocache.info.InfoStoreException
Source = com.ibm.ws.annocache.info.internal.ClassInfoCacheImpl
probeid = 1142
Stack Dump = com.ibm.wsspi.annocache.info.InfoStoreException: [ InfoStoreImpl@4820f73d ] Failed to open input stream for resource [ estm/dsic/jee/rest/controllers/ContactController.class ] class [ estm.dsic.jee.rest.controllers.ContactController ] from [ gestioncontact:gestioncontact ]
	at com.ibm.wsspi.annocache.info.InfoStoreException.wrap(InfoStoreException.java:43)
	at com.ibm.ws.annocache.info.internal.InfoStoreImpl.scanNewClass(InfoStoreImpl.java:194)
	at com.ibm.ws.annocache.info.internal.InfoStoreImpl.scanClass(InfoStoreImpl.java:155)
	at com.ibm.ws.annocache.info.internal.ClassInfoCacheImpl.scanClass(ClassInfoCacheImpl.java:158)
	at com.ibm.ws.annocache.info.internal.ClassInfoCacheImpl.resolveClassInfo(ClassInfoCacheImpl.java:1139)
	at com.ibm.ws.annocache.info.internal.InfoStoreImpl.resolveClassInfo(InfoStoreImpl.java:378)
	at com.ibm.ws.annocache.info.internal.DelayedClassInfoImpl.getClassInfo(DelayedClassInfoImpl.java:130)
	at com.ibm.ws.annocache.info.internal.DelayedClassInfoImpl.isInterface(DelayedClassInfoImpl.java:268)
	at io.openliberty.org.jboss.resteasy.common.component.ResteasyInjectionClassListCollaborator.getRESTfulWSInjectionClasses(ResteasyInjectionClassListCollaborator.java:160)
	at io.openliberty.org.jboss.resteasy.common.component.ResteasyInjectionClassListCollaborator.getInjectionClasses(ResteasyInjectionClassListCollaborator.java:55)
	at com.ibm.ws.webcontainer.osgi.webapp.WebAppInjectionClassListAdapter.getInjectionClasses(WebAppInjectionClassListAdapter.java:100)
	at com.ibm.ws.container.service.app.deploy.internal.InjectionClassListAdapter.adapt(InjectionClassListAdapter.java:43)
	at com.ibm.ws.container.service.app.deploy.internal.InjectionClassListAdapter.adapt(InjectionClassListAdapter.java:33)
	at com.ibm.ws.adaptable.module.internal.AdapterFactoryServiceImpl.adapt(AdapterFactoryServiceImpl.java:202)
	at com.ibm.ws.adaptable.module.internal.AdaptableContainerImpl.adapt(AdaptableContainerImpl.java:176)
	at com.ibm.ws.cdi.internal.archive.liberty.CDIArchiveImpl.getInjectionClassList(CDIArchiveImpl.java:404)
	at com.ibm.ws.cdi.impl.weld.BeanDeploymentArchiveImpl.initializeJEEComponentClasses(BeanDeploymentArchiveImpl.java:407)
	at com.ibm.ws.cdi.impl.weld.BeanDeploymentArchiveImpl.scan(BeanDeploymentArchiveImpl.java:316)
	at com.ibm.ws.cdi.impl.weld.BeanDeploymentArchiveImpl.scan(BeanDeploymentArchiveImpl.java:269)
	at com.ibm.ws.cdi.impl.weld.BeanDeploymentArchiveImpl.scan(BeanDeploymentArchiveImpl.java:269)
	at com.ibm.ws.cdi.impl.weld.BeanDeploymentArchiveImpl.scan(BeanDeploymentArchiveImpl.java:269)
	at com.ibm.ws.cdi.impl.weld.WebSphereCDIDeploymentImpl.scan(WebSphereCDIDeploymentImpl.java:635)
	at com.ibm.ws.cdi.impl.CDIContainerImpl.startInitialization(CDIContainerImpl.java:143)
	at com.ibm.ws.cdi.liberty.CDIRuntimeImpl.applicationStarting(CDIRuntimeImpl.java:479)
	at com.ibm.ws.container.service.state.internal.ApplicationStateManager.fireStarting(ApplicationStateManager.java:53)
	at com.ibm.ws.container.service.state.internal.StateChangeServiceImpl.fireApplicationStarting(StateChangeServiceImpl.java:52)
	at com.ibm.ws.app.manager.module.internal.SimpleDeployedAppInfoBase.preDeployApp(SimpleDeployedAppInfoBase.java:550)
	at com.ibm.ws.app.manager.module.internal.SimpleDeployedAppInfoBase.installApp(SimpleDeployedAppInfoBase.java:511)
	at com.ibm.ws.app.manager.module.internal.DeployedAppInfoBase.deployApp(DeployedAppInfoBase.java:351)
	at com.ibm.ws.app.manager.war.internal.WARApplicationHandlerImpl.install(WARApplicationHandlerImpl.java:67)
	at com.ibm.ws.app.manager.internal.statemachine.StartAction.execute(StartAction.java:184)
	at com.ibm.ws.app.manager.internal.statemachine.ApplicationStateMachineImpl.enterState(ApplicationStateMachineImpl.java:1369)
	at com.ibm.ws.app.manager.internal.statemachine.ApplicationStateMachineImpl.performAction(ApplicationStateMachineImpl.java:1233)
	at com.ibm.ws.app.manager.internal.statemachine.ApplicationStateMachineImpl.run(ApplicationStateMachineImpl.java:920)
	at com.ibm.ws.threading.internal.ExecutorServiceImpl$RunnableWrapper.run(ExecutorServiceImpl.java:280)
	at java.base/java.util.concurrent.ThreadPoolExecutor.runWorker(ThreadPoolExecutor.java:1144)
	at java.base/java.util.concurrent.ThreadPoolExecutor$Worker.run(ThreadPoolExecutor.java:642)
	at java.base/java.lang.Thread.run(Thread.java:1583)
Caused by: com.ibm.wsspi.annocache.classsource.ClassSource_Exception: [ ClassSourceImpl_ClassLoader@7a02ec1d(classloader, com.ibm.ws.classloading.internal.AppClassLoader@5ce62241) ] Failed to open resource [ estm/dsic/jee/rest/controllers/ContactController.class ] for class [ estm.dsic.jee.rest.controllers.ContactController ]
	at com.ibm.ws.annocache.classsource.internal.ClassSourceImpl_Factory.wrapIntoClassSourceException(ClassSourceImpl_Factory.java:126)
	at com.ibm.ws.annocache.classsource.internal.ClassSourceImpl_ClassLoader.openResourceStream(ClassSourceImpl_ClassLoader.java:190)
	at com.ibm.ws.annocache.classsource.internal.ClassSourceImpl_Aggregate.openResourceStream(ClassSourceImpl_Aggregate.java:751)
	at com.ibm.ws.annocache.info.internal.InfoStoreImpl.scanNewClass(InfoStoreImpl.java:182)
	... 36 more
Caused by: java.io.FileNotFoundException: C:\Users\user\Desktop\0Code\backend\target\classes\estm\dsic\jee\rest\controllers\ContactController.class (Le chemin d’accès spécifié est introuvable)
	at java.base/java.io.FileInputStream.open0(Native Method)
	at java.base/java.io.FileInputStream.open(FileInputStream.java:213)
	at java.base/java.io.FileInputStream.<init>(FileInputStream.java:152)
	at java.base/java.io.FileInputStream.<init>(FileInputStream.java:106)
	at java.base/sun.net.www.protocol.file.FileURLConnection.connect(FileURLConnection.java:84)
	at java.base/sun.net.www.protocol.file.FileURLConnection.getInputStream(FileURLConnection.java:180)
	at java.base/java.net.URL.openStream(URL.java:1325)
	at com.ibm.ws.annocache.classsource.internal.ClassSourceImpl_ClassLoader.openResourceStream(ClassSourceImpl_ClassLoader.java:177)
	... 38 more

Dump of callerThis
Object type = com.ibm.ws.annocache.info.internal.ClassInfoCacheImpl
  logger = class com.ibm.ws.logging.internal.WsLogger@1f52e1a6
    ivCachedResourceBundleName = null
    ivCachedResourceBundle = null
    ivComponent = null
    ivOrganization = null
    ivProduct = null
    ivMinimumLocalizationLevelIntValue = 625
    ivTC = class com.ibm.websphere.ras.TraceComponent@280236a7
      strings[0] = "TraceComponent[com.ibm.ws.annocache.info,class com.ibm.ws.annocache.info.internal.InfoStoreFactoryImpl,[com.ibm.ws.annocache.info],null,null]"
    loggerRegistrationComponent = class java.lang.ThreadLocal@ffd7479
      TRACE_VTHREAD_LOCALS = "/* Could not access TRACE_VTHREAD_LOCALS */"
      threadLocalHashCode = "/* Could not access threadLocalHashCode */"
      nextHashCode = "/* Could not access nextHashCode */"
      HASH_INCREMENT = "/* Could not access HASH_INCREMENT */"
      $assertionsDisabled = "/* Could not access $assertionsDisabled */"
    emptyHandlers = "/* Could not access emptyHandlers */"
    offValue = "/* Could not access offValue */"
    SYSTEM_LOGGER_RB_NAME = "/* Could not access SYSTEM_LOGGER_RB_NAME */"
    SYSTEM_BUNDLE = "/* Could not access SYSTEM_BUNDLE */"
    NO_RESOURCE_BUNDLE = "/* Could not access NO_RESOURCE_BUNDLE */"
    config = "/* Could not access config */"
    manager = "/* Could not access manager */"
    name = "/* Could not access name */"
    loggerBundle = "/* Could not access loggerBundle */"
    anonymous = "/* Could not access anonymous */"
    catalogRef = "/* Could not access catalogRef */"
    catalogName = "/* Could not access catalogName */"
    catalogLocale = "/* Could not access catalogLocale */"
    treeLock = "/* Could not access treeLock */"
    parent = "/* Could not access parent */"
    kids = "/* Could not access kids */"
    callerModuleRef = "/* Could not access callerModuleRef */"
    isSystemLogger = "/* Could not access isSystemLogger */"
    GLOBAL_LOGGER_NAME = "global"
    global = class java.util.logging.Logger@6dcfddb7
      emptyHandlers = "/* Could not access emptyHandlers */"
      offValue = "/* Could not access offValue */"
      SYSTEM_LOGGER_RB_NAME = "/* Could not access SYSTEM_LOGGER_RB_NAME */"
      SYSTEM_BUNDLE = "/* Could not access SYSTEM_BUNDLE */"
      NO_RESOURCE_BUNDLE = "/* Could not access NO_RESOURCE_BUNDLE */"
      config = "/* Could not access config */"
      manager = "/* Could not access manager */"
      name = "/* Could not access name */"
      loggerBundle = "/* Could not access loggerBundle */"
      anonymous = "/* Could not access anonymous */"
      catalogRef = "/* Could not access catalogRef */"
      catalogName = "/* Could not access catalogName */"
      catalogLocale = "/* Could not access catalogLocale */"
      treeLock = "/* Could not access treeLock */"
      parent = "/* Could not access parent */"
      kids = "/* Could not access kids */"
      callerModuleRef = "/* Could not access callerModuleRef */"
      isSystemLogger = "/* Could not access isSystemLogger */"
      GLOBAL_LOGGER_NAME = "global"
      global = class java.util.logging.Logger@6dcfddb7
  CLASS_NAME = "ClassInfoCacheImpl"
  hashText = "ClassInfoCacheImpl@21b665ef"
  infoStore = class com.ibm.ws.annocache.info.internal.InfoStoreImpl@4820f73d
    logger = class com.ibm.ws.logging.internal.WsLogger@1f52e1a6
    stateLogger = class com.ibm.ws.logging.internal.WsLogger@624e0b1a
      ivCachedResourceBundleName = null
      ivCachedResourceBundle = null
      ivComponent = null
      ivOrganization = null
      ivProduct = null
      ivMinimumLocalizationLevelIntValue = 625
      ivTC = class com.ibm.websphere.ras.TraceComponent@41f4d76b
      loggerRegistrationComponent = class java.lang.ThreadLocal@ffd7479
      emptyHandlers = "/* Could not access emptyHandlers */"
      offValue = "/* Could not access offValue */"
      SYSTEM_LOGGER_RB_NAME = "/* Could not access SYSTEM_LOGGER_RB_NAME */"
      SYSTEM_BUNDLE = "/* Could not access SYSTEM_BUNDLE */"
      NO_RESOURCE_BUNDLE = "/* Could not access NO_RESOURCE_BUNDLE */"
      config = "/* Could not access config */"
      manager = "/* Could not access manager */"
      name = "/* Could not access name */"
      loggerBundle = "/* Could not access loggerBundle */"
      anonymous = "/* Could not access anonymous */"
      catalogRef = "/* Could not access catalogRef */"
      catalogName = "/* Could not access catalogName */"
      catalogLocale = "/* Could not access catalogLocale */"
      treeLock = "/* Could not access treeLock */"
      parent = "/* Could not access parent */"
      kids = "/* Could not access kids */"
      callerModuleRef = "/* Could not access callerModuleRef */"
      isSystemLogger = "/* Could not access isSystemLogger */"
      GLOBAL_LOGGER_NAME = "global"
      global = class java.util.logging.Logger@6dcfddb7
    CLASS_NAME = "InfoStoreImpl"
    hashText = "InfoStoreImpl@4820f73d"
    infoStoreFactory = class com.ibm.ws.annocache.info.internal.InfoStoreFactoryImpl@257d2656
      logger = class com.ibm.ws.logging.internal.WsLogger@1f52e1a6
      CLASS_NAME = "InfoStoreFactoryImpl"
      hashText = "InfoStoreFactoryImpl@257d2656"
      utilFactory = class com.ibm.ws.annocache.util.internal.UtilImpl_Factory@41a32a4c
      serialVersionUID = -6877463853184206313
    classSource = class com.ibm.ws.annocache.classsource.internal.ClassSourceImpl_Aggregate@172f5457
      logger = class com.ibm.ws.logging.internal.WsLogger@62e2d163
      stateLogger = class com.ibm.ws.logging.internal.WsLogger@10a93110
      jandexLogger = class com.ibm.ws.logging.internal.WsLogger@4bc0dafe
      CLASS_NAME = "ClassSourceImpl_Aggregate"
      hashText = "ClassSourceImpl_Aggregate@172f5457(gestioncontact:gestioncontact:null)"
      options = class com.ibm.ws.annocache.classsource.internal.ClassSourceImpl_Options@6f895682
      factory = class com.ibm.ws.annocache.classsource.internal.ClassSourceImpl_Factory@463fff9d
      internMap = class com.ibm.ws.annocache.util.internal.UtilImpl_InternMap@6ac6f699
      applicationName = "gestioncontact"
      moduleName = "gestioncontact"
      moduleCategoryName = null
      openCount = 1
      successfulOpens = class java.util.ArrayList@58fca159
      failedOpens = class java.util.ArrayList@2168a0dc
      classSources = class java.util.ArrayList@69e14172
      classSourceNames = class java.util.HashMap@4c79278a
      internalSourceCount = 27
      seedClassSources = class java.util.HashSet@71b2b135
      partialClassSources = class java.util.HashSet@15b8919f
      excludedClassSources = class java.util.HashSet@76b1a88b
      externalClassSources = class java.util.HashSet@737184a0
      totalLookups = 4
      repeatLookups = 0
      i_lookupCounts = class java.util.IdentityHashMap@17aea8e2
      i_globalResults = class java.util.IdentityHashMap@464be7e1
      i_failedLookups = class java.util.IdentityHashMap@3dc5ea53
      i_firstSuccesses = class java.util.IdentityHashMap@426e3dcf
      cacheReadTime = 23168600
      cacheWriteTime = 2362756400
      timingData = null
      serialVersionUID = -1471546409106125551
    classInfoCache = class com.ibm.ws.annocache.info.internal.ClassInfoCacheImpl@21b665ef
    streamCount = 4
    activityTimer = class com.ibm.ws.annocache.info.internal.ActivityTimerImpl@69e4ac5f
      activityStarts = class java.util.ArrayList@5fde973b
      activityWindows = class java.util.ArrayList@7b428b97
      serialVersionUID = -5316758017578969622
      $$$tc$$$ = class com.ibm.websphere.ras.TraceComponent@43ef00ec
    streamTime = 2
    scanTime = 1
    ruleTime = 0
    serialVersionUID = 7291389056753665444
  descriptionInternMap = class com.ibm.ws.annocache.util.internal.UtilImpl_InternMap@6a82a36b
    logger = class com.ibm.ws.logging.internal.WsLogger@3908ebda
    stateLogger = class com.ibm.ws.logging.internal.WsLogger@2b8d09da
    CLASS_NAME = "UtilImpl_InternMap"
    DEFAULT_LOG_THRESHHOLD = 4096
    logThreshHold = 4096
    factory = class com.ibm.ws.annocache.util.internal.UtilImpl_Factory@41a32a4c
    valueType = class com.ibm.wsspi.anno.util.Util_InternMap$ValueType@28e996b4
      VT_CLASS_RESOURCE = class com.ibm.wsspi.anno.util.Util_InternMap$ValueType@5caf5e43
      VT_CLASS_REFERENCE = class com.ibm.wsspi.anno.util.Util_InternMap$ValueType@6225e7bc
      VT_CLASS_NAME = class com.ibm.wsspi.anno.util.Util_InternMap$ValueType@18bec921
      VT_FIELD_NAME = class com.ibm.wsspi.anno.util.Util_InternMap$ValueType@7232dd05
      VT_METHOD_NAME = class com.ibm.wsspi.anno.util.Util_InternMap$ValueType@e128c73
      VT_OTHER = class com.ibm.wsspi.anno.util.Util_InternMap$ValueType@28e996b4
      $VALUES = class com.ibm.wsspi.anno.util.Util_InternMap$ValueType[6]
      name = "/* Could not access name */"
      ordinal = "/* Could not access ordinal */"
      hash = "/* Could not access hash */"
    checkValues = false
    name = "DescriptionMap"
    internMap = class java.util.HashMap@f4d18b8
      serialVersionUID = "/* Could not access serialVersionUID */"
      DEFAULT_INITIAL_CAPACITY = "/* Could not access DEFAULT_INITIAL_CAPACITY */"
      MAXIMUM_CAPACITY = "/* Could not access MAXIMUM_CAPACITY */"
      DEFAULT_LOAD_FACTOR = "/* Could not access DEFAULT_LOAD_FACTOR */"
      TREEIFY_THRESHOLD = "/* Could not access TREEIFY_THRESHOLD */"
      UNTREEIFY_THRESHOLD = "/* Could not access UNTREEIFY_THRESHOLD */"
      MIN_TREEIFY_CAPACITY = "/* Could not access MIN_TREEIFY_CAPACITY */"
      table = "/* Could not access table */"
      entrySet = "/* Could not access entrySet */"
      size = "/* Could not access size */"
      modCount = "/* Could not access modCount */"
      threshold = "/* Could not access threshold */"
      loadFactor = "/* Could not access loadFactor */"
      keySet = "/* Could not access keySet */"
      values = "/* Could not access values */"
    lastReportedLength = 0
    totalLength = 666
    serialVersionUID = -1074462789641188197
  packageNameInternMap = class com.ibm.ws.annocache.util.internal.UtilImpl_InternMap@62d5204c
    logger = class com.ibm.ws.logging.internal.WsLogger@3908ebda
    stateLogger = class com.ibm.ws.logging.internal.WsLogger@2b8d09da
    CLASS_NAME = "UtilImpl_InternMap"
    DEFAULT_LOG_THRESHHOLD = 4096
    logThreshHold = 4096
    factory = class com.ibm.ws.annocache.util.internal.UtilImpl_Factory@41a32a4c
    valueType = class com.ibm.wsspi.anno.util.Util_InternMap$ValueType@18bec921
    checkValues = false
    name = "PackageNameMap"
    internMap = class java.util.HashMap@60bc390b
      serialVersionUID = "/* Could not access serialVersionUID */"
      DEFAULT_INITIAL_CAPACITY = "/* Could not access DEFAULT_INITIAL_CAPACITY */"
      MAXIMUM_CAPACITY = "/* Could not access MAXIMUM_CAPACITY */"
      DEFAULT_LOAD_FACTOR = "/* Could not access DEFAULT_LOAD_FACTOR */"
      TREEIFY_THRESHOLD = "/* Could not access TREEIFY_THRESHOLD */"
      UNTREEIFY_THRESHOLD = "/* Could not access UNTREEIFY_THRESHOLD */"
      MIN_TREEIFY_CAPACITY = "/* Could not access MIN_TREEIFY_CAPACITY */"
      table = "/* Could not access table */"
      entrySet = "/* Could not access entrySet */"
      size = "/* Could not access size */"
      modCount = "/* Could not access modCount */"
      threshold = "/* Could not access threshold */"
      loadFactor = "/* Could not access loadFactor */"
      keySet = "/* Could not access keySet */"
      values = "/* Could not access values */"
    lastReportedLength = 0
    totalLength = 170
    serialVersionUID = -1074462789641188197
  classNameInternMap = class com.ibm.ws.annocache.util.internal.UtilImpl_InternMap@7051e1d7
    logger = class com.ibm.ws.logging.internal.WsLogger@3908ebda
      ivCachedResourceBundleName = null
      ivCachedResourceBundle = null
      ivComponent = null
      ivOrganization = null
      ivProduct = null
      ivMinimumLocalizationLevelIntValue = 625
      ivTC = class com.ibm.websphere.ras.TraceComponent@547534c8
      loggerRegistrationComponent = class java.lang.ThreadLocal@ffd7479
      emptyHandlers = "/* Could not access emptyHandlers */"
      offValue = "/* Could not access offValue */"
      SYSTEM_LOGGER_RB_NAME = "/* Could not access SYSTEM_LOGGER_RB_NAME */"
      SYSTEM_BUNDLE = "/* Could not access SYSTEM_BUNDLE */"
      NO_RESOURCE_BUNDLE = "/* Could not access NO_RESOURCE_BUNDLE */"
      config = "/* Could not access config */"
      manager = "/* Could not access manager */"
      name = "/* Could not access name */"
      loggerBundle = "/* Could not access loggerBundle */"
      anonymous = "/* Could not access anonymous */"
      catalogRef = "/* Could not access catalogRef */"
      catalogName = "/* Could not access catalogName */"
      catalogLocale = "/* Could not access catalogLocale */"
      treeLock = "/* Could not access treeLock */"
      parent = "/* Could not access parent */"
      kids = "/* Could not access kids */"
      callerModuleRef = "/* Could not access callerModuleRef */"
      isSystemLogger = "/* Could not access isSystemLogger */"
      GLOBAL_LOGGER_NAME = "global"
      global = class java.util.logging.Logger@6dcfddb7
    stateLogger = class com.ibm.ws.logging.internal.WsLogger@2b8d09da
      ivCachedResourceBundleName = null
      ivCachedResourceBundle = null
      ivComponent = null
      ivOrganization = null
      ivProduct = null
      ivMinimumLocalizationLevelIntValue = 625
      ivTC = class com.ibm.websphere.ras.TraceComponent@422ca64c
      loggerRegistrationComponent = class java.lang.ThreadLocal@ffd7479
      emptyHandlers = "/* Could not access emptyHandlers */"
      offValue = "/* Could not access offValue */"
      SYSTEM_LOGGER_RB_NAME = "/* Could not access SYSTEM_LOGGER_RB_NAME */"
      SYSTEM_BUNDLE = "/* Could not access SYSTEM_BUNDLE */"
      NO_RESOURCE_BUNDLE = "/* Could not access NO_RESOURCE_BUNDLE */"
      config = "/* Could not access config */"
      manager = "/* Could not access manager */"
      name = "/* Could not access name */"
      loggerBundle = "/* Could not access loggerBundle */"
      anonymous = "/* Could not access anonymous */"
      catalogRef = "/* Could not access catalogRef */"
      catalogName = "/* Could not access catalogName */"
      catalogLocale = "/* Could not access catalogLocale */"
      treeLock = "/* Could not access treeLock */"
      parent = "/* Could not access parent */"
      kids = "/* Could not access kids */"
      callerModuleRef = "/* Could not access callerModuleRef */"
      isSystemLogger = "/* Could not access isSystemLogger */"
      GLOBAL_LOGGER_NAME = "global"
      global = class java.util.logging.Logger@6dcfddb7
    CLASS_NAME = "UtilImpl_InternMap"
    DEFAULT_LOG_THRESHHOLD = 4096
    logThreshHold = 4096
    factory = class com.ibm.ws.annocache.util.internal.UtilImpl_Factory@41a32a4c
      logger = class com.ibm.ws.logging.internal.WsLogger@3908ebda
      CLASS_NAME = "UtilImpl_Factory"
      hashText = "UtilImpl_Factory@41a32a4c"
      DO_RECORD_ADDED = true
      DO_NOT_RECORD_ADDED = false
      DO_RECORD_REMOVED = true
      DO_NOT_RECORD_REMOVED = false
      DO_RECORD_CHANGED = true
      DO_NOT_RECORD_CHANGED = false
      DO_RECORD_STILL = true
      DO_NOT_RECORD_STILL = false
      ZERO_ADDED = 0
      ZERO_REMOVED = 0
      ZERO_CHANGED = 0
      ZERO_STILL = 0
      ANY_NUMBER_OF_ADDED = -1
      ANY_NUMBER_OF_REMOVED = -1
      ANY_NUMBER_OF_CHANGED = -1
      ANY_NUMBER_OF_STILL = -1
      AS_ADDED = true
      AS_REMOVED = false
      serialVersionUID = -7506346230910368202
    valueType = class com.ibm.wsspi.anno.util.Util_InternMap$ValueType@18bec921
      VT_CLASS_RESOURCE = class com.ibm.wsspi.anno.util.Util_InternMap$ValueType@5caf5e43
      VT_CLASS_REFERENCE = class com.ibm.wsspi.anno.util.Util_InternMap$ValueType@6225e7bc
      VT_CLASS_NAME = class com.ibm.wsspi.anno.util.Util_InternMap$ValueType@18bec921
      VT_FIELD_NAME = class com.ibm.wsspi.anno.util.Util_InternMap$ValueType@7232dd05
      VT_METHOD_NAME = class com.ibm.wsspi.anno.util.Util_InternMap$ValueType@e128c73
      VT_OTHER = class com.ibm.wsspi.anno.util.Util_InternMap$ValueType@28e996b4
      $VALUES = class com.ibm.wsspi.anno.util.Util_InternMap$ValueType[6]
      name = "/* Could not access name */"
      ordinal = "/* Could not access ordinal */"
      hash = "/* Could not access hash */"
    checkValues = false
    name = "ClassNameMap"
    internMap = class java.util.HashMap@836d8f5
      serialVersionUID = "/* Could not access serialVersionUID */"
      DEFAULT_INITIAL_CAPACITY = "/* Could not access DEFAULT_INITIAL_CAPACITY */"
      MAXIMUM_CAPACITY = "/* Could not access MAXIMUM_CAPACITY */"
      DEFAULT_LOAD_FACTOR = "/* Could not access DEFAULT_LOAD_FACTOR */"
      TREEIFY_THRESHOLD = "/* Could not access TREEIFY_THRESHOLD */"
      UNTREEIFY_THRESHOLD = "/* Could not access UNTREEIFY_THRESHOLD */"
      MIN_TREEIFY_CAPACITY = "/* Could not access MIN_TREEIFY_CAPACITY */"
      table = "/* Could not access table */"
      entrySet = "/* Could not access entrySet */"
      size = "/* Could not access size */"
      modCount = "/* Could not access modCount */"
      threshold = "/* Could not access threshold */"
      loadFactor = "/* Could not access loadFactor */"
      keySet = "/* Could not access keySet */"
      values = "/* Could not access values */"
    lastReportedLength = 0
    totalLength = 845
    serialVersionUID = -1074462789641188197
  fieldNameInternMap = class com.ibm.ws.annocache.util.internal.UtilImpl_InternMap@3c1b2dd6
    logger = class com.ibm.ws.logging.internal.WsLogger@3908ebda
    stateLogger = class com.ibm.ws.logging.internal.WsLogger@2b8d09da
    CLASS_NAME = "UtilImpl_InternMap"
    DEFAULT_LOG_THRESHHOLD = 4096
    logThreshHold = 4096
    factory = class com.ibm.ws.annocache.util.internal.UtilImpl_Factory@41a32a4c
    valueType = class com.ibm.wsspi.anno.util.Util_InternMap$ValueType@7232dd05
      VT_CLASS_RESOURCE = class com.ibm.wsspi.anno.util.Util_InternMap$ValueType@5caf5e43
      VT_CLASS_REFERENCE = class com.ibm.wsspi.anno.util.Util_InternMap$ValueType@6225e7bc
      VT_CLASS_NAME = class com.ibm.wsspi.anno.util.Util_InternMap$ValueType@18bec921
      VT_FIELD_NAME = class com.ibm.wsspi.anno.util.Util_InternMap$ValueType@7232dd05
      VT_METHOD_NAME = class com.ibm.wsspi.anno.util.Util_InternMap$ValueType@e128c73
      VT_OTHER = class com.ibm.wsspi.anno.util.Util_InternMap$ValueType@28e996b4
      $VALUES = class com.ibm.wsspi.anno.util.Util_InternMap$ValueType[6]
      name = "/* Could not access name */"
      ordinal = "/* Could not access ordinal */"
      hash = "/* Could not access hash */"
    checkValues = false
    name = "FieldNameMap"
    internMap = class java.util.HashMap@4b700811
      serialVersionUID = "/* Could not access serialVersionUID */"
      DEFAULT_INITIAL_CAPACITY = "/* Could not access DEFAULT_INITIAL_CAPACITY */"
      MAXIMUM_CAPACITY = "/* Could not access MAXIMUM_CAPACITY */"
      DEFAULT_LOAD_FACTOR = "/* Could not access DEFAULT_LOAD_FACTOR */"
      TREEIFY_THRESHOLD = "/* Could not access TREEIFY_THRESHOLD */"
      UNTREEIFY_THRESHOLD = "/* Could not access UNTREEIFY_THRESHOLD */"
      MIN_TREEIFY_CAPACITY = "/* Could not access MIN_TREEIFY_CAPACITY */"
      table = "/* Could not access table */"
      entrySet = "/* Could not access entrySet */"
      size = "/* Could not access size */"
      modCount = "/* Could not access modCount */"
      threshold = "/* Could not access threshold */"
      loadFactor = "/* Could not access loadFactor */"
      keySet = "/* Could not access keySet */"
      values = "/* Could not access values */"
    lastReportedLength = 0
    totalLength = 333
    serialVersionUID = -1074462789641188197
  methodNameInternMap = class com.ibm.ws.annocache.util.internal.UtilImpl_InternMap@43fd48c5
    logger = class com.ibm.ws.logging.internal.WsLogger@3908ebda
    stateLogger = class com.ibm.ws.logging.internal.WsLogger@2b8d09da
    CLASS_NAME = "UtilImpl_InternMap"
    DEFAULT_LOG_THRESHHOLD = 4096
    logThreshHold = 4096
    factory = class com.ibm.ws.annocache.util.internal.UtilImpl_Factory@41a32a4c
    valueType = class com.ibm.wsspi.anno.util.Util_InternMap$ValueType@e128c73
      VT_CLASS_RESOURCE = class com.ibm.wsspi.anno.util.Util_InternMap$ValueType@5caf5e43
      VT_CLASS_REFERENCE = class com.ibm.wsspi.anno.util.Util_InternMap$ValueType@6225e7bc
      VT_CLASS_NAME = class com.ibm.wsspi.anno.util.Util_InternMap$ValueType@18bec921
      VT_FIELD_NAME = class com.ibm.wsspi.anno.util.Util_InternMap$ValueType@7232dd05
      VT_METHOD_NAME = class com.ibm.wsspi.anno.util.Util_InternMap$ValueType@e128c73
      VT_OTHER = class com.ibm.wsspi.anno.util.Util_InternMap$ValueType@28e996b4
      $VALUES = class com.ibm.wsspi.anno.util.Util_InternMap$ValueType[6]
      name = "/* Could not access name */"
      ordinal = "/* Could not access ordinal */"
      hash = "/* Could not access hash */"
    checkValues = false
    name = "MethodNameMap"
    internMap = class java.util.HashMap@310288d4
      serialVersionUID = "/* Could not access serialVersionUID */"
      DEFAULT_INITIAL_CAPACITY = "/* Could not access DEFAULT_INITIAL_CAPACITY */"
      MAXIMUM_CAPACITY = "/* Could not access MAXIMUM_CAPACITY */"
      DEFAULT_LOAD_FACTOR = "/* Could not access DEFAULT_LOAD_FACTOR */"
      TREEIFY_THRESHOLD = "/* Could not access TREEIFY_THRESHOLD */"
      UNTREEIFY_THRESHOLD = "/* Could not access UNTREEIFY_THRESHOLD */"
      MIN_TREEIFY_CAPACITY = "/* Could not access MIN_TREEIFY_CAPACITY */"
      table = "/* Could not access table */"
      entrySet = "/* Could not access entrySet */"
      size = "/* Could not access size */"
      modCount = "/* Could not access modCount */"
      threshold = "/* Could not access threshold */"
      loadFactor = "/* Could not access loadFactor */"
      keySet = "/* Could not access keySet */"
      values = "/* Could not access values */"
    lastReportedLength = 0
    totalLength = 530
    serialVersionUID = -1074462789641188197
  packageInfos = class java.util.HashMap@8e1d7b6
    serialVersionUID = "/* Could not access serialVersionUID */"
    DEFAULT_INITIAL_CAPACITY = "/* Could not access DEFAULT_INITIAL_CAPACITY */"
    MAXIMUM_CAPACITY = "/* Could not access MAXIMUM_CAPACITY */"
    DEFAULT_LOAD_FACTOR = "/* Could not access DEFAULT_LOAD_FACTOR */"
    TREEIFY_THRESHOLD = "/* Could not access TREEIFY_THRESHOLD */"
    UNTREEIFY_THRESHOLD = "/* Could not access UNTREEIFY_THRESHOLD */"
    MIN_TREEIFY_CAPACITY = "/* Could not access MIN_TREEIFY_CAPACITY */"
    table = "/* Could not access table */"
    entrySet = "/* Could not access entrySet */"
    size = "/* Could not access size */"
    modCount = "/* Could not access modCount */"
    threshold = "/* Could not access threshold */"
    loadFactor = "/* Could not access loadFactor */"
    keySet = "/* Could not access keySet */"
    values = "/* Could not access values */"
  DO_FORCE_PACKAGE = true
  DO_NOT_FORCE_PACKAGE = false
  FOR_FAILED_LOAD = true
  NOT_FOR_FAILED_LOAD = false
  primitiveClassInfos = class java.util.HashMap@77c1c024
    serialVersionUID = "/* Could not access serialVersionUID */"
    DEFAULT_INITIAL_CAPACITY = "/* Could not access DEFAULT_INITIAL_CAPACITY */"
    MAXIMUM_CAPACITY = "/* Could not access MAXIMUM_CAPACITY */"
    DEFAULT_LOAD_FACTOR = "/* Could not access DEFAULT_LOAD_FACTOR */"
    TREEIFY_THRESHOLD = "/* Could not access TREEIFY_THRESHOLD */"
    UNTREEIFY_THRESHOLD = "/* Could not access UNTREEIFY_THRESHOLD */"
    MIN_TREEIFY_CAPACITY = "/* Could not access MIN_TREEIFY_CAPACITY */"
    table = "/* Could not access table */"
    entrySet = "/* Could not access entrySet */"
    size = "/* Could not access size */"
    modCount = "/* Could not access modCount */"
    threshold = "/* Could not access threshold */"
    loadFactor = "/* Could not access loadFactor */"
    keySet = "/* Could not access keySet */"
    values = "/* Could not access values */"
  DO_ALLOW_PRIMITIVE = true
  DO_NOT_ALLOW_PRIMITIVE = false
  delayedClassInfos = class java.util.HashMap@12513697
    serialVersionUID = "/* Could not access serialVersionUID */"
    DEFAULT_INITIAL_CAPACITY = "/* Could not access DEFAULT_INITIAL_CAPACITY */"
    MAXIMUM_CAPACITY = "/* Could not access MAXIMUM_CAPACITY */"
    DEFAULT_LOAD_FACTOR = "/* Could not access DEFAULT_LOAD_FACTOR */"
    TREEIFY_THRESHOLD = "/* Could not access TREEIFY_THRESHOLD */"
    UNTREEIFY_THRESHOLD = "/* Could not access UNTREEIFY_THRESHOLD */"
    MIN_TREEIFY_CAPACITY = "/* Could not access MIN_TREEIFY_CAPACITY */"
    table = "/* Could not access table */"
    entrySet = "/* Could not access entrySet */"
    size = "/* Could not access size */"
    modCount = "/* Could not access modCount */"
    threshold = "/* Could not access threshold */"
    loadFactor = "/* Could not access loadFactor */"
    keySet = "/* Could not access keySet */"
    values = "/* Could not access values */"
  CLASSINFO_CACHE_LIMIT_PROPERTY_NAME = "classinfocachesize"
  MIN_CLASSINFO_CACHE_LIMIT = 100
  MAX_CLASSINFO_CACHE_LIMIT = 10000
  DEFAULT_CLASSINFO_CACHE_LIMIT = 2000
  classInfoCacheLimit = 2000
  javaClassInfos = class java.util.HashMap@3b43ef78
    serialVersionUID = "/* Could not access serialVersionUID */"
    DEFAULT_INITIAL_CAPACITY = "/* Could not access DEFAULT_INITIAL_CAPACITY */"
    MAXIMUM_CAPACITY = "/* Could not access MAXIMUM_CAPACITY */"
    DEFAULT_LOAD_FACTOR = "/* Could not access DEFAULT_LOAD_FACTOR */"
    TREEIFY_THRESHOLD = "/* Could not access TREEIFY_THRESHOLD */"
    UNTREEIFY_THRESHOLD = "/* Could not access UNTREEIFY_THRESHOLD */"
    MIN_TREEIFY_CAPACITY = "/* Could not access MIN_TREEIFY_CAPACITY */"
    table = "/* Could not access table */"
    entrySet = "/* Could not access entrySet */"
    size = "/* Could not access size */"
    modCount = "/* Could not access modCount */"
    threshold = "/* Could not access threshold */"
    loadFactor = "/* Could not access loadFactor */"
    keySet = "/* Could not access keySet */"
    values = "/* Could not access values */"
  annotatedClassInfos = class java.util.HashMap@3d99c3c1
    serialVersionUID = "/* Could not access serialVersionUID */"
    DEFAULT_INITIAL_CAPACITY = "/* Could not access DEFAULT_INITIAL_CAPACITY */"
    MAXIMUM_CAPACITY = "/* Could not access MAXIMUM_CAPACITY */"
    DEFAULT_LOAD_FACTOR = "/* Could not access DEFAULT_LOAD_FACTOR */"
    TREEIFY_THRESHOLD = "/* Could not access TREEIFY_THRESHOLD */"
    UNTREEIFY_THRESHOLD = "/* Could not access UNTREEIFY_THRESHOLD */"
    MIN_TREEIFY_CAPACITY = "/* Could not access MIN_TREEIFY_CAPACITY */"
    table = "/* Could not access table */"
    entrySet = "/* Could not access entrySet */"
    size = "/* Could not access size */"
    modCount = "/* Could not access modCount */"
    threshold = "/* Could not access threshold */"
    loadFactor = "/* Could not access loadFactor */"
    keySet = "/* Could not access keySet */"
    values = "/* Could not access values */"
  firstClassInfo = null
  lastClassInfo = null
  classInfos = class java.util.HashMap@44a0e4b6
    serialVersionUID = "/* Could not access serialVersionUID */"
    DEFAULT_INITIAL_CAPACITY = "/* Could not access DEFAULT_INITIAL_CAPACITY */"
    MAXIMUM_CAPACITY = "/* Could not access MAXIMUM_CAPACITY */"
    DEFAULT_LOAD_FACTOR = "/* Could not access DEFAULT_LOAD_FACTOR */"
    TREEIFY_THRESHOLD = "/* Could not access TREEIFY_THRESHOLD */"
    UNTREEIFY_THRESHOLD = "/* Could not access UNTREEIFY_THRESHOLD */"
    MIN_TREEIFY_CAPACITY = "/* Could not access MIN_TREEIFY_CAPACITY */"
    table = "/* Could not access table */"
    entrySet = "/* Could not access entrySet */"
    size = "/* Could not access size */"
    modCount = "/* Could not access modCount */"
    threshold = "/* Could not access threshold */"
    loadFactor = "/* Could not access loadFactor */"
    keySet = "/* Could not access keySet */"
    values = "/* Could not access values */"
  serialVersionUID = -3992144556991087542

Dump of objectArray[0]
Object type = java.lang.String
  String value = "estm.dsic.jee.rest.controllers.ContactController"

