------Start of DE processing------ = [13/03/2024 11:20:44:368 WET]
Exception = jakarta.servlet.ServletException
Source = com.ibm.ws.webcontainer.filter.WebAppFilterChain.doFilter
probeid = 82
Stack Dump = jakarta.servlet.ServletException: SRVE0207E: Exception d'initialisation non interceptée créée par le servlet
	at com.ibm.ws.webcontainer.servlet.ServletWrapper.init(ServletWrapper.java:370)
	at com.ibm.ws.webcontainer.servlet.ServletWrapper.handleRequest(ServletWrapper.java:603)
	at com.ibm.ws.webcontainer.servlet.ServletWrapper.handleRequest(ServletWrapper.java:445)
	at com.ibm.ws.webcontainer.filter.WebAppFilterChain.invokeTarget(WebAppFilterChain.java:197)
	at com.ibm.ws.webcontainer.filter.WebAppFilterChain.doFilter(WebAppFilterChain.java:100)
	at com.ibm.ws.security.jaspi.JaspiServletFilter.doFilter(JaspiServletFilter.java:58)
	at com.ibm.ws.webcontainer.filter.FilterInstanceWrapper.doFilter(FilterInstanceWrapper.java:203)
	at com.ibm.ws.webcontainer.filter.WebAppFilterChain.doFilter(WebAppFilterChain.java:93)
	at com.ibm.ws.webcontainer.filter.WebAppFilterManager.doFilter(WebAppFilterManager.java:1068)
	at com.ibm.ws.webcontainer.filter.WebAppFilterManager.invokeFilters(WebAppFilterManager.java:1259)
	at com.ibm.ws.webcontainer.webapp.WebApp.handleRequest(WebApp.java:5076)
	at com.ibm.ws.webcontainer.osgi.DynamicVirtualHost$2.handleRequest(DynamicVirtualHost.java:328)
	at com.ibm.ws.webcontainer.WebContainer.handleRequest(WebContainer.java:1038)
	at com.ibm.ws.webcontainer.osgi.DynamicVirtualHost$2.run(DynamicVirtualHost.java:293)
	at com.ibm.ws.http.dispatcher.internal.channel.HttpDispatcherLink$TaskWrapper.run(HttpDispatcherLink.java:1260)
	at com.ibm.ws.http.dispatcher.internal.channel.HttpDispatcherLink.wrapHandlerAndExecute(HttpDispatcherLink.java:476)
	at com.ibm.ws.http.dispatcher.internal.channel.HttpDispatcherLink.ready(HttpDispatcherLink.java:435)
	at com.ibm.ws.http.channel.internal.inbound.HttpInboundLink.handleDiscrimination(HttpInboundLink.java:569)
	at com.ibm.ws.http.channel.internal.inbound.HttpInboundLink.handleNewRequest(HttpInboundLink.java:503)
	at com.ibm.ws.http.channel.internal.inbound.HttpInboundLink.processRequest(HttpInboundLink.java:363)
	at com.ibm.ws.http.channel.internal.inbound.HttpInboundLink.ready(HttpInboundLink.java:330)
	at com.ibm.ws.tcpchannel.internal.NewConnectionInitialReadCallback.sendToDiscriminators(NewConnectionInitialReadCallback.java:169)
	at com.ibm.ws.tcpchannel.internal.NewConnectionInitialReadCallback.complete(NewConnectionInitialReadCallback.java:77)
	at com.ibm.ws.tcpchannel.internal.WorkQueueManager.requestComplete(WorkQueueManager.java:516)
	at com.ibm.ws.tcpchannel.internal.WorkQueueManager.attemptIO(WorkQueueManager.java:586)
	at com.ibm.ws.tcpchannel.internal.WorkQueueManager.workerRun(WorkQueueManager.java:970)
	at com.ibm.ws.tcpchannel.internal.WorkQueueManager$Worker.run(WorkQueueManager.java:1059)
	at com.ibm.ws.threading.internal.ExecutorServiceImpl$RunnableWrapper.run(ExecutorServiceImpl.java:280)
	at java.base/java.util.concurrent.ThreadPoolExecutor.runWorker(ThreadPoolExecutor.java:1144)
	at java.base/java.util.concurrent.ThreadPoolExecutor$Worker.run(ThreadPoolExecutor.java:642)
	at java.base/java.lang.Thread.run(Thread.java:1583)
Caused by: java.lang.NoClassDefFoundError: User
	at java.base/java.lang.Class.getDeclaredMethods0(Native Method)
	at java.base/java.lang.Class.privateGetDeclaredMethods(Class.java:3578)
	at java.base/java.lang.Class.getDeclaredMethods(Class.java:2676)
	at io.openliberty.restfulWS.utils.RestfulWSUtils$3.run(RestfulWSUtils.java:222)
	at io.openliberty.restfulWS.utils.RestfulWSUtils$3.run(RestfulWSUtils.java:220)
	at java.base/java.security.AccessController.doPrivileged(AccessController.java:319)
	at io.openliberty.restfulWS.utils.RestfulWSUtils.getMethods(RestfulWSUtils.java:220)
	at io.openliberty.restfulWS.utils.RestfulWSUtils.logEndpoints(RestfulWSUtils.java:97)
	at org.jboss.resteasy.plugins.server.servlet.ServletContainerDispatcher.<init>(ServletContainerDispatcher.java:55)
	at org.jboss.resteasy.plugins.server.servlet.HttpServletDispatcher.init(HttpServletDispatcher.java:40)
	at com.ibm.ws.webcontainer.servlet.ServletWrapper.init(ServletWrapper.java:301)
	... 30 more
Caused by: java.lang.ClassNotFoundException: User
	at com.ibm.ws.classloading.internal.AppClassLoader.findClassCommonLibraryClassLoaders(AppClassLoader.java:742)
	at com.ibm.ws.classloading.internal.AppClassLoader.findClass(AppClassLoader.java:327)
	at com.ibm.ws.classloading.internal.AppClassLoader.findOrDelegateLoadClass(AppClassLoader.java:714)
	at com.ibm.ws.classloading.internal.AppClassLoader.loadClass(AppClassLoader.java:586)
	at com.ibm.ws.classloading.internal.AppClassLoader.loadClass(AppClassLoader.java:553)
	at java.base/java.lang.ClassLoader.loadClass(ClassLoader.java:526)
	... 41 more

Dump of callerThis
Object type = com.ibm.ws.webcontainer.filter.WebAppFilterChain
  _filters = class java.util.ArrayList@3b5b3d7
    serialVersionUID = "/* Could not access serialVersionUID */"
    DEFAULT_CAPACITY = "/* Could not access DEFAULT_CAPACITY */"
    EMPTY_ELEMENTDATA = "/* Could not access EMPTY_ELEMENTDATA */"
    DEFAULTCAPACITY_EMPTY_ELEMENTDATA = "/* Could not access DEFAULTCAPACITY_EMPTY_ELEMENTDATA */"
    elementData = "/* Could not access elementData */"
    size = "/* Could not access size */"
    modCount = "/* Could not access modCount */"
  _currentFilterIndex = 1
  _numberOfFilters = 1
  requestProcessor = class com.ibm.ws.webcontainer.osgi.servlet.ServletWrapper@276bc86a
    serialVersionUID = 1
    _mo = class com.ibm.ws.cdi.impl.managedobject.CDIManagedObject@6bc1e964
      tc = class com.ibm.websphere.ras.TraceComponent@36e91a86
      managedObject = class com.ibm.websphere.jaxrs.server.IBMRestServlet@4be2ed90
      creationalContext = class org.jboss.weld.contexts.CreationalContextImpl@2db987dc
      injectionTarget = class org.jboss.weld.injection.producer.BeanInjectionTarget@68a99abe
      lifecycleManaged = true
      beanScope = null
      identity = "com.ibm.websphere.jaxrs.server.IBMRestServlet@4be2ed90"
      websphereInjectionServices = class com.ibm.ws.cdi.impl.weld.injection.WebSphereInjectionServicesImpl@29a804f
      currentInjectionTargets = null
      currentInjectionContext = null
      serialVersionUID = 642874158156701263
    serialVersionUID = -4479626085298397598
    notifyInvocationListeners = false
    UNINITIALIZED_STATE = -1
    AVAILABLE_STATE = 0
    UNAVAILABLE_STATE = 1
    UNAVAILABLE_PERMANENTLY_STATE = 2
    collabHelper = class com.ibm.ws.webcontainer.osgi.collaborator.CollaboratorHelperImpl@4544d4c0
      webAppInvCollabs = class java.util.Collections$UnmodifiableSet@559899ec
      securityDomainForApp = null
      logger = class com.ibm.ws.logging.internal.WsLogger@62a4ee83
      staticDefaultSecurityCollaborator = class com.ibm.ws.webcontainer.collaborator.WebAppSecurityCollaborator@2a1ecee6
      staticDefaultWebAppTransactionCollaborator = class com.ibm.ws.webcontainer.collaborator.WebAppTransactionCollaborator@78a2c0fe
      logger = class com.ibm.ws.logging.internal.WsLogger@243b19a6
      CLASS_NAME = "com.ibm.wsspi.webcontainer.collaborator.CollaboratorHelper"
      webApp = class com.ibm.ws.webcontainer40.osgi.webapp.WebApp40@63994eb7
      securityCollaborator = class com.ibm.ws.webcontainer.security.WebAppSecurityCollaboratorImpl@61ae3b54
      nameSpaceCollaborator = class com.ibm.ws.webcontainer.osgi.collaborator.WebAppNameSpaceCollaboratorImpl@32d0aaeb
      transactionCollaborator = class com.ibm.ws.transaction.services.WebAppTransactionCollaboratorImpl@6c60c0ef
      connectionCollaborator = class com.ibm.ws.webcontainer.collaborator.ConnectionHandleCollaborator@52f54e9e
      allCollabEnum = class java.util.RegularEnumSet@3d1ba079
      servlet_23_or_greater = true
      DEFER_SERVLET_REQUEST_LISTENER_DESTROY_ON_ERROR = true
    nServicing = class java.util.concurrent.atomic.AtomicInteger@3c956c9a
      serialVersionUID = "/* Could not access serialVersionUID */"
      U = "/* Could not access U */"
      VALUE = "/* Could not access VALUE */"
      value = "/* Could not access value */"
      serialVersionUID = "/* Could not access serialVersionUID */"
    lastAccessTime = 1710328823040
    state = -1
    logger = class com.ibm.ws.logging.internal.WsLogger@3b128021
      ivCachedResourceBundleName = "com.ibm.ws.webcontainer.resources.Messages"
      ivCachedResourceBundle = class com.ibm.ws.webcontainer.resources.Messages_fr@59669aeb
      ivComponent = null
      ivOrganization = null
      ivProduct = null
      ivMinimumLocalizationLevelIntValue = 625
      ivTC = class com.ibm.websphere.ras.TraceComponent@7fe68e1b
      loggerRegistrationComponent = class java.lang.ThreadLocal@4e05eb74
      emptyHandlers = "/* Could not access emptyHandlers */"
      offValue = "/* Could not access offValue */"
      SYSTEM_LOGGER_RB_NAME = "/* Could not access SYSTEM_LOGGER_RB_NAME */"
      SYSTEM_BUNDLE = "/* Could not access SYSTEM_BUNDLE */"
      NO_RESOURCE_BUNDLE = "/* Could not access NO_RESOURCE_BUNDLE */"
      config = "/* Could not access config */"
      manager = "/* Could not access manager */"
      name = "/* Could not access name */"
      loggerBundle = "/* Could not access loggerBundle */"
      anonymous = "/* Could not access anonymous */"
      catalogRef = "/* Could not access catalogRef */"
      catalogName = "/* Could not access catalogName */"
      catalogLocale = "/* Could not access catalogLocale */"
      treeLock = "/* Could not access treeLock */"
      parent = "/* Could not access parent */"
      kids = "/* Could not access kids */"
      callerModuleRef = "/* Could not access callerModuleRef */"
      isSystemLogger = "/* Could not access isSystemLogger */"
      GLOBAL_LOGGER_NAME = "global"
      global = class java.util.logging.Logger@65c5a6ef
    CLASS_NAME = "com.ibm.ws.webcontainer.servlet.ServletWrapper"
    nls = class com.ibm.ejs.ras.TraceNLS@6e0d7692
      resolver = class com.ibm.ws.logging.internal.TraceNLSResolver@7e4bbe78
      finder = class com.ibm.ws.logging.internal.StackFinder@427ddbb8
      ivBundleName = "com.ibm.ws.webcontainer.resources.Messages"
      caller = class java.lang.Class@1397c410
    servletConfig = class com.ibm.ws.webcontainer.servlet.ServletConfig@22d98a5f
      logger = class com.ibm.ws.logging.internal.WsLogger@3b128021
      CLASS_NAME = "com.ibm.ws.webcontainer.servlet.ServletConfig"
      nls = class com.ibm.ejs.ras.TraceNLS@53502214
      liberty_nls = class com.ibm.ejs.ras.TraceNLS@2f5af7f1
      enabled = true
      servletName = "estm.dsic.jee.rest.RestApplication"
      className = null
      mappings = class java.util.ArrayList@118df35a
      startUpWeight = 1
      DEFAULT_STARTUP = -1
      isCachingEnabled = true
      isStatisticsEnabled = true
      isInternal = false
      metaData = class com.ibm.ws.webcontainer.osgi.metadata.WebComponentMetaDataImpl@28c219f2
      singleThreadModelServlet = false
      isJsp = false
      webAppConfig = class com.ibm.ws.webcontainer.osgi.webapp.WebAppConfiguration@24979126
      servletWrapper = class com.ibm.ws.webcontainer.osgi.servlet.ServletWrapper@276bc86a
      servletClass = class java.lang.Class@6d42a32a
      servlet = null
      addedToLoadOnStartup = true
      previousWeight = null
      multipartConfig = class jakarta.servlet.MultipartConfigElement@4dcda442
      multipartConfigBaseLocation = null
      runAsRole = null
      servletSecurityElement = null
      declareRolesAnnotation = null
      logger = class com.ibm.ws.logging.internal.WsLogger@3b128021
      CLASS_NAME = "com.ibm.ws.webcontainer.servlet.TargetConfig"
      initParams = class java.util.HashMap@5c8b13ee
      fileName = null
      displayName = null
      name = "estm.dsic.jee.rest.RestApplication"
      description = null
      smallIcon = null
      largeIcon = null
      context = class com.ibm.ws.webcontainer40.facade.ServletContextFacade40@77775cb2
      className = null
      asyncSupported = true
      _id = "DYN_estm.dsic.jee.rest.RestApplication_1710328823040"
      _attributes = null
      serialVersionUID = 7511545662945734886
      $$$tc$$$ = class com.ibm.websphere.ras.TraceComponent@4d17513b
    context = class com.ibm.ws.webcontainer40.osgi.webapp.WebApp40@63994eb7
    target = class com.ibm.websphere.jaxrs.server.IBMRestServlet@4be2ed90
      serialVersionUID = -7916305366621576524
      asyncCancelScheduler = class java.util.concurrent.ScheduledThreadPoolExecutor@67295af7
      serialVersionUID = 6655984720159438370
      $$$tc$$$ = class com.ibm.websphere.ras.TraceComponent@41ba146a
      servletContainerDispatcher = null
      serialVersionUID = -1908385981247679754
      $$$tc$$$ = class com.ibm.websphere.ras.TraceComponent@20cd4c3
      serialVersionUID = 8466325577512134784
      METHOD_DELETE = "DELETE"
      METHOD_HEAD = "HEAD"
      METHOD_GET = "GET"
      METHOD_OPTIONS = "OPTIONS"
      METHOD_POST = "POST"
      METHOD_PUT = "PUT"
      METHOD_TRACE = "TRACE"
      HEADER_IFMODSINCE = "If-Modified-Since"
      HEADER_LASTMOD = "Last-Modified"
      LEGACY_DO_HEAD = "jakarta.servlet.http.legacyDoHead"
      LSTRING_FILE = "jakarta.servlet.http.LocalStrings"
      lStrings = class java.util.PropertyResourceBundle@6ec7953e
      legacyHeadHandling = false
      serialVersionUID = -8592279577370996712
      LSTRING_FILE = "jakarta.servlet.LocalStrings"
      lStrings = class java.util.PropertyResourceBundle@2a27d9ac
      config = class com.ibm.ws.webcontainer.servlet.ServletConfig@22d98a5f
    cacheWrappers = null
    targetLoader = class com.ibm.ws.classloading.internal.ThreadContextClassLoader@6b8b8c38
      tc = class com.ibm.websphere.ras.TraceComponent@5426c808
      bundle = class java.util.concurrent.atomic.AtomicReference@320e5bbe
      key = "WebModule:gestioncontact#gestioncontact.war"
      refCount = class java.util.concurrent.atomic.AtomicInteger@2d1e6702
      appLoader = class com.ibm.ws.classloading.internal.AppClassLoader@3ad423d5
      clSvc = class com.ibm.ws.classloading.internal.ClassLoadingServiceImpl@87aec29
      serialVersionUID = 7417331337980111787
      tc = class com.ibm.websphere.ras.TraceComponent@26858e1c
      followOnClassLoaders = class java.util.ArrayList@74525494
      serialVersionUID = 4255658571728280816
      parent = class com.ibm.ws.classloading.internal.GatewayClassLoader@31b49644
      classNameLockStore = class com.ibm.ws.kernel.boot.utils.KeyBasedLockStore@225014f2
      serialVersionUID = -3020377578845918238
      $$$tc$$$ = class com.ibm.websphere.ras.TraceComponent@72ed01e6
      pdcache = "/* Could not access pdcache */"
    evtSource = class com.ibm.ws.webcontainer.webapp.WebAppEventSource@46b7dda9
      _invocationListeners = class com.ibm.ws.webcontainer.util.EventListeners@22623c06
      _servletListeners = class com.ibm.ws.webcontainer.util.EventListeners@1ad7bc31
      _errorListeners = class com.ibm.ws.webcontainer.util.EventListeners@3a98f49d
      _applicationListeners = class com.ibm.ws.webcontainer.util.EventListeners@3e088443
      _filterInvocationListeners = class com.ibm.ws.webcontainer.util.EventListeners@db91d88
      _filterListeners = class com.ibm.ws.webcontainer.util.EventListeners@2aa80e3a
      _filterErrorListeners = class com.ibm.ws.webcontainer.util.EventListeners@57693bee
    event = class com.ibm.websphere.servlet.event.ServletEvent@2536e36b
      serialVersionUID = 3906650803920713522
      _servletName = "estm.dsic.jee.rest.RestApplication"
      _servletClassName = "com.ibm.websphere.jaxrs.server.IBMRestServlet"
      $$$tc$$$ = class com.ibm.websphere.ras.TraceComponent@5e940ee4
      serialVersionUID = 3546927969739289392
      _context = class com.ibm.ws.webcontainer40.facade.ServletContextFacade40@77775cb2
      _servletNames = class com.ibm.ws.webcontainer.util.EmptyEnumeration@341a048e
      $$$tc$$$ = class com.ibm.websphere.ras.TraceComponent@6d39fbfd
      serialVersionUID = "/* Could not access serialVersionUID */"
      source = "/* Could not access source */"
    unavailableMessage = null
    unavailableUntil = -1
    isSTM = false
    internalServlet = false
    webAppInvocationCollaborators = null
    platformHelper = class com.ibm.ws.webcontainer.PlatformHelper@2736abf1
    webAppNameSpaceCollab = class com.ibm.ws.webcontainer.osgi.collaborator.WebAppNameSpaceCollaboratorImpl@32d0aaeb
      cmdai = class com.ibm.ws.threadContext.ComponentMetaDataAccessorImpl@4c93efd
    txCollab = class com.ibm.ws.transaction.services.WebAppTransactionCollaboratorImpl@6c60c0ef
      tc = class com.ibm.websphere.ras.TraceComponent@65043bc1
      ltCurrentRef = class com.ibm.wsspi.kernel.service.utils.AtomicServiceReference@14c4e4dd
      tranMgrRef = class com.ibm.wsspi.kernel.service.utils.AtomicServiceReference@129d0198
      userTranRef = class com.ibm.wsspi.kernel.service.utils.AtomicServiceReference@5f6eebe0
      uowCallbackRef = class com.ibm.wsspi.kernel.service.utils.AtomicServiceReference@3845f62d
      serialVersionUID = -8319003162899973281
    connCollab = class com.ibm.ws.webcontainer.collaborator.ConnectionHandleCollaborator@52f54e9e
      tc = class com.ibm.websphere.ras.TraceComponent@201fd110
      threadContext = class com.ibm.ws.threadContext.ThreadContextImpl@1f9f1a6a
    suppressServletExceptionLogging = false
    throwExceptionEnum = class java.util.RegularEnumSet@408e1e12
      serialVersionUID = "/* Could not access serialVersionUID */"
      elements = "/* Could not access elements */"
      serialVersionUID = "/* Could not access serialVersionUID */"
      elementType = "/* Could not access elementType */"
      universe = "/* Could not access universe */"
    discernUnavailableServlet = false
    reInitServletonInitUnavailableException = true
    destroyServletonServiceUnavailableException = false
    servlet23 = true
    PARAMS_HEAD_TRACE = class java.lang.Class[2]
      Class[0] = class java.lang.Class@1e77d96a
      Class[1] = class java.lang.Class@62e95b72
    defaultHeadMethodInUse = false
    defaultTraceMethodInUse = false
    checkedForDefaultMethods = null
    defaultTraceRequestBehavior = false
    defaultHeadRequestBehavior = false
    useOriginalRequestState = false
    warningStatusSet = false
    serialVersionUID = -8592279577370996712
    LSTRING_FILE = "jakarta.servlet.LocalStrings"
    lStrings = class java.util.PropertyResourceBundle@2a27d9ac
      encoding = "/* Could not access encoding */"
      lookup = "/* Could not access lookup */"
      INITIAL_CACHE_SIZE = "/* Could not access INITIAL_CACHE_SIZE */"
      NONEXISTENT_BUNDLE = "/* Could not access NONEXISTENT_BUNDLE */"
      cacheList = "/* Could not access cacheList */"
      referenceQueue = "/* Could not access referenceQueue */"
      parent = "/* Could not access parent */"
      locale = "/* Could not access locale */"
      name = "/* Could not access name */"
      expired = "/* Could not access expired */"
      cacheKey = "/* Could not access cacheKey */"
      keySet = "/* Could not access keySet */"
      UNKNOWN_FORMAT = "/* Could not access UNKNOWN_FORMAT */"
      TRACE_ON = "/* Could not access TRACE_ON */"
      $assertionsDisabled = "/* Could not access $assertionsDisabled */"
    config = null
  _filtersDefined = true
  logger = class com.ibm.ws.logging.internal.WsLogger@764d03f4
    ivCachedResourceBundleName = null
    ivCachedResourceBundle = null
    ivComponent = null
    ivOrganization = null
    ivProduct = null
    ivMinimumLocalizationLevelIntValue = 625
    ivTC = class com.ibm.websphere.ras.TraceComponent@146dcb26
      strings[0] = "TraceComponent[com.ibm.ws.webcontainer.filter,class com.ibm.wsspi.webcontainer.logging.LoggerFactory$1,[com.ibm.ws.webcontainer.filter],null,null]"
    loggerRegistrationComponent = class java.lang.ThreadLocal@4e05eb74
      TRACE_VTHREAD_LOCALS = "/* Could not access TRACE_VTHREAD_LOCALS */"
      threadLocalHashCode = "/* Could not access threadLocalHashCode */"
      nextHashCode = "/* Could not access nextHashCode */"
      HASH_INCREMENT = "/* Could not access HASH_INCREMENT */"
      $assertionsDisabled = "/* Could not access $assertionsDisabled */"
    emptyHandlers = "/* Could not access emptyHandlers */"
    offValue = "/* Could not access offValue */"
    SYSTEM_LOGGER_RB_NAME = "/* Could not access SYSTEM_LOGGER_RB_NAME */"
    SYSTEM_BUNDLE = "/* Could not access SYSTEM_BUNDLE */"
    NO_RESOURCE_BUNDLE = "/* Could not access NO_RESOURCE_BUNDLE */"
    config = "/* Could not access config */"
    manager = "/* Could not access manager */"
    name = "/* Could not access name */"
    loggerBundle = "/* Could not access loggerBundle */"
    anonymous = "/* Could not access anonymous */"
    catalogRef = "/* Could not access catalogRef */"
    catalogName = "/* Could not access catalogName */"
    catalogLocale = "/* Could not access catalogLocale */"
    treeLock = "/* Could not access treeLock */"
    parent = "/* Could not access parent */"
    kids = "/* Could not access kids */"
    callerModuleRef = "/* Could not access callerModuleRef */"
    isSystemLogger = "/* Could not access isSystemLogger */"
    GLOBAL_LOGGER_NAME = "global"
    global = class java.util.logging.Logger@65c5a6ef
      emptyHandlers = "/* Could not access emptyHandlers */"
      offValue = "/* Could not access offValue */"
      SYSTEM_LOGGER_RB_NAME = "/* Could not access SYSTEM_LOGGER_RB_NAME */"
      SYSTEM_BUNDLE = "/* Could not access SYSTEM_BUNDLE */"
      NO_RESOURCE_BUNDLE = "/* Could not access NO_RESOURCE_BUNDLE */"
      config = "/* Could not access config */"
      manager = "/* Could not access manager */"
      name = "/* Could not access name */"
      loggerBundle = "/* Could not access loggerBundle */"
      anonymous = "/* Could not access anonymous */"
      catalogRef = "/* Could not access catalogRef */"
      catalogName = "/* Could not access catalogName */"
      catalogLocale = "/* Could not access catalogLocale */"
      treeLock = "/* Could not access treeLock */"
      parent = "/* Could not access parent */"
      kids = "/* Could not access kids */"
      callerModuleRef = "/* Could not access callerModuleRef */"
      isSystemLogger = "/* Could not access isSystemLogger */"
      GLOBAL_LOGGER_NAME = "global"
      global = class java.util.logging.Logger@65c5a6ef
  CLASS_NAME = "com.ibm.ws.webcontainer.filter.WebAppFilterChain"
  webapp = class com.ibm.ws.webcontainer40.osgi.webapp.WebApp40@63994eb7
    tc = class com.ibm.websphere.ras.TraceComponent@4a8b8ff8
      strings[0] = "TraceComponent[com.ibm.ws.webcontainer40.osgi.webapp.WebApp40,class com.ibm.ws.webcontainer40.osgi.webapp.WebApp40,[webcontainer],com.ibm.ws.webcontainer31.resources.Messages,null]"
    servlet40NLS = class com.ibm.ejs.ras.TraceNLS@700b32d2
      resolver = class com.ibm.ws.logging.internal.TraceNLSResolver@7e4bbe78
      finder = class com.ibm.ws.logging.internal.StackFinder@427ddbb8
      ivBundleName = "com.ibm.ws.webcontainer40.resources.Messages"
      caller = class java.lang.Class@7197a895
    CLASS_NAME = "com.ibm.ws.webcontainer40.osgi.webapp.WebApp40"
    defaultSessionTimeout = 30
    tc = class com.ibm.websphere.ras.TraceComponent@15ec6e4d
      strings[0] = "TraceComponent[com.ibm.ws.webcontainer31.osgi.webapp.WebApp31,class com.ibm.ws.webcontainer31.osgi.webapp.WebApp31,[webcontainer],com.ibm.ws.webcontainer31.resources.Messages,null]"
    CLASS_NAME = "com.ibm.ws.webcontainer31.osgi.webapp.WebApp31"
    servlet31NLS = class com.ibm.ejs.ras.TraceNLS@a5db461
      resolver = class com.ibm.ws.logging.internal.TraceNLSResolver@7e4bbe78
      finder = class com.ibm.ws.logging.internal.StackFinder@427ddbb8
      ivBundleName = "com.ibm.ws.webcontainer31.resources.Messages"
      caller = class java.lang.Class@45d0aa05
    validListenerClasses = class java.lang.Class[7]
      Class[0] = class java.lang.Class@481ad94a
      Class[1] = class java.lang.Class@76ae66a6
      Class[2] = class java.lang.Class@7186ed8a
      Class[3] = class java.lang.Class@163103a1
      Class[4] = class java.lang.Class@47990570
      Class[5] = class java.lang.Class@27b0507e
      Class[6] = class java.lang.Class@75b86ed6
    wsocServHandler = class com.ibm.ws.wsoc.external.WsocHandlerImpl@5c35559c
      tc = class com.ibm.websphere.ras.TraceComponent@2d36d016
      noMoreAddsCalled = true
      serialVersionUID = -2067291126638824067
    tc = class com.ibm.websphere.ras.TraceComponent@29c3cb51
      strings[0] = "TraceComponent[com.ibm.ws.webcontainer.osgi.webapp.WebApp,class com.ibm.ws.webcontainer.osgi.webapp.WebApp,[webcontainer],com.ibm.ws.webcontainer.resources.LShimMessages,null]"
    CLASS_NAME = "com.ibm.ws.webcontainer.osgi.webapp.WebApp"
    metaDataService = class com.ibm.ws.container.service.metadata.internal.MetaDataServiceImpl@290f550b
      applicationMetaDataManager = class com.ibm.ws.container.service.metadata.internal.ApplicationMetaDataManager@6f6e1dd0
      moduleMetaDataManager = class com.ibm.ws.container.service.metadata.internal.ModuleMetaDataManager@1f4c06b5
      componentMetaDataManager = class com.ibm.ws.container.service.metadata.internal.ComponentMetaDataManager@1b6bfd34
      methodMetaDataManager = class com.ibm.ws.container.service.metadata.internal.MethodMetaDataManager@560200c4
      appModuleNameToModuleContainer = class java.util.concurrent.ConcurrentHashMap@7348617e
      jeeNameToComponentMetaData = class java.util.concurrent.ConcurrentHashMap@ccea80c
      deferredMetaDataFactories = class com.ibm.wsspi.kernel.service.utils.ConcurrentServiceReferenceSet@480876fc
      deferredMetaDataInitializers = class com.ibm.wsspi.kernel.service.utils.ConcurrentServiceReferenceMap@e4a5b19
      serialVersionUID = -2494605732980966097
      $$$tc$$$ = class com.ibm.websphere.ras.TraceComponent@52277ce3
    namespacePopulated = false
    referenceContext = class com.ibm.ws.injectionengine.osgi.internal.OSGiReferenceContextImpl@6c1a42e6
      scopeData = class com.ibm.ws.injectionengine.osgi.internal.OSGiInjectionScopeData@1d6fdb7b
      serialVersionUID = 521511923892134915
      $$$tc$$$ = class com.ibm.websphere.ras.TraceComponent@4568bb5d
      CLASS_NAME = "com.ibm.ws.injectionengine.ReferenceContextImpl"
      tc = class com.ibm.websphere.ras.TraceComponent@56e5b55b
      ivInjectionEngine = class com.ibm.ws.injectionengine.osgi.internal.OSGiInjectionEngineImpl@4fd0c886
      ivProviders = class java.util.ArrayList@6a24a0a0
      ivComponentJavaContext = null
      ivComponentNameSpace = null
      ivJavaColonCompEnvMap = class java.util.LinkedHashMap@50f252d3
      ivEjbContext10 = class java.util.Properties@4df25d09
      ivResourceRefConfigList = class com.ibm.ws.resource.internal.ResourceRefConfigListImpl@19c57de
      isAlreadyProcessed = true
      ivProcessFailure = null
      ivInjectionTargetMap = class java.util.concurrent.ConcurrentHashMap@4e72c6ed
      svInjTarMapCacheSize = 256
      ivDeclaredInjectionTargets = class java.util.HashMap@cd4613a
      ivProcessedInjectionClasses = class java.util.HashSet@53917fbc
      svInjClassMapCacheSize = 512
      ivProcessedInjectionBindings = class java.util.LinkedHashSet@30d0e0b7
      ivAnyProcessDynamic = true
      ivCheckAppConfig = false
    j2eeNameFactory = class com.ibm.ws.container.service.metadata.internal.J2EENameFactoryImpl@70f7182b
      serialVersionUID = 3486344295038028821
      $$$tc$$$ = class com.ibm.websphere.ras.TraceComponent@62d04fe8
    moduleLoader = class com.ibm.ws.classloading.internal.AppClassLoader@3ad423d5
      tc = class com.ibm.websphere.ras.TraceComponent@5afd0360
      forbiddenClassNames = class java.util.Collections$UnmodifiableSet@7a0c3c3d
      FORBIDDEN_PROPERTIES = "forbidden.properties"
      NOTHING_FORBIDDEN_PROPERTY = "io.openliberty.classloading.nothing.forbidden"
      disableSharedClassesCache = false
      PARENT_FIRST_SEARCH_ORDER = class java.util.Collections$UnmodifiableRandomAccessList@ad7c965
      packagesDefined = class java.util.Collections$SetFromMap@6513e51a
      CLASS_LOADING_TRACE_PREFIX = "com.ibm.ws.class.load."
      DEFAULT_PACKAGE = "default.package"
      perPackageClassLoadingTraceComponents = class java.util.concurrent.ConcurrentHashMap@7691ea56
      config = class com.ibm.ws.classloading.internal.ClassLoaderConfigurationImpl@5b74d9ad
      privateLibraries = null
      delegateLoaders = class com.ibm.ws.classloading.internal.util.CompositeIterable@4bf5335
      nativeLibraryFiles = class java.util.ArrayList@7efe5d8d
      transformers = class java.util.ArrayList@7c4cb5e
      systemTransformers = class java.util.concurrent.CopyOnWriteArrayList@60a51652
      apiAccess = class com.ibm.ws.classloading.internal.GatewayClassLoader@29ef1186
      generator = class com.ibm.ws.classloading.internal.ClassGeneratorManager@2660b2b7
      protectionDomains = class java.util.concurrent.ConcurrentHashMap@7a80d3ba
      hook = null
      serialVersionUID = 5906478461061001036
      checkpointPhase = class io.openliberty.checkpoint.spi.CheckpointPhase@16dfa7e
      tc = class com.ibm.websphere.ras.TraceComponent@36ee99d1
      smartClassPath = class com.ibm.ws.classloading.internal.ContainerClassLoader$SmartClassPathImpl@4580124
      nativeLibraryContainers = class java.util.ArrayList@8c63617
      redefiner = class com.ibm.ws.classloading.internal.util.ClassRedefiner@7895936
      jarProtocol = "wsjar:"
      mapCreationQueue = class java.util.concurrent.Executors$AutoShutdownDelegatedExecutorService@69d9fdb3
      serialVersionUID = 251246017270836472
      parent = class com.ibm.ws.classloading.internal.GatewayClassLoader@29ef1186
      classNameLockStore = class com.ibm.ws.kernel.boot.utils.KeyBasedLockStore@29f9926a
      serialVersionUID = -3020377578845918238
      $$$tc$$$ = class com.ibm.websphere.ras.TraceComponent@72ed01e6
      pdcache = "/* Could not access pdcache */"
    webAppConfig = class com.ibm.ws.webcontainer.osgi.webapp.WebAppConfiguration@24979126
      webModuleMetaData = class com.ibm.ws.webcontainer.osgi.metadata.WebModuleMetaDataImpl@55aa4c9d
      webComponentMetaData = class com.ibm.ws.webcontainer.osgi.metadata.WebComponentMetaDataImpl@6465f6a0
      dVirtualHost = class com.ibm.ws.webcontainer.osgi.DynamicVirtualHost@4a0e478
      orderedLibPaths = class java.util.Collections$UnmodifiableRandomAccessList@11860b8
      bundleHeaders = null
      cdiEnabled = true
      CLASS_NAME = "com.ibm.ws.webcontainer.webapp.WebAppConfiguration"
      logger = class com.ibm.ws.logging.internal.WsLogger@a6faba
      tc = class com.ibm.websphere.ras.TraceComponent@5fcb912f
      nls = class com.ibm.ejs.ras.TraceNLS@3da9c326
      version = 30
      contextRoot = "/gestioncontact"
      isDefaultContextRootUsed = false
      sessionTimeout = 0
      moduleSessionTimeoutSet = false
      moduleSessionTrackingModeSet = false
      sessionCookieConfig = class io.openliberty.session.impl.SessionCookieConfigImpl60@7cdc574c
      hasProgrammaticCookieConfig = false
      sessionDefaultTrackingModeSet = class java.util.RegularEnumSet@6866b118
      sessionManagerConfig = class com.ibm.ws.session.SessionManagerConfig@694193ad
      displayName = "gestioncontact"
      description = null
      reloadInterval = 0
      distributable = false
      denyUncoveredHttpMethods = false
      reloadingEnabled = false
      serveServletsByClassnameEnabled = false
      defaultErrorPage = null
      additionalClassPath = null
      fileServingEnabled = null
      directoryBrowsingEnabled = false
      autoRequestEncoding = false
      autoResponseEncoding = false
      autoLoadFilters = false
      requestListeners = null
      requestAttributeListeners = null
      sessionListeners = null
      localeMap = null
      moduleName = "gestioncontact"
      j2eeModuleName = "gestioncontact.war"
      moduleId = null
      isSyncToThreadEnabled = false
      encodeDispatchedRequestURI = false
      isSystemApp = false
      ardEnabled = false
      ardDispatchType = null
      listeners = class java.util.ArrayList@225aa8d3
      welcomeFileList = class java.util.ArrayList@3c22fde3
      servletMappings = class java.util.HashMap@6111650e
      lastIndexBeforeDeclaredFilters = 1
      filterMappings = class java.util.ArrayList@4285e7a
      servletInfo = class java.util.concurrent.ConcurrentHashMap@73c3721c
      filterInfo = class java.util.HashMap@58254462
      mimeMappings = class java.util.HashMap@3276737d
      mimeFilters = null
      isMimeFilteringEnabled = false
      theWebGroup = null
      jspAttributes = class java.util.HashMap@74eb30c7
      fileServingAttributes = class java.util.HashMap@1c50efd4
      invokerAttributes = class java.util.HashMap@6ea4be68
      contextParams = class java.util.HashMap@6f48d55a
      virtualHost = "default_host"
      exceptionErrorPages = class java.util.HashMap@4288ad7c
      codeErrorPages = class java.util.HashMap@593dc4b6
      tagLibList = null
      precompileJsps = false
      webApp = class com.ibm.ws.webcontainer40.osgi.webapp.WebApp40@63994eb7
      virtualHostList = class java.util.Collections$EmptyList@70f6971f
      appStartupWeight = 0
      moduleStartupWeight = 0
      metaDataComplete = false
      classesToScan = class java.util.ArrayList@12a17607
      uriFilterMappingInfos = class java.util.ArrayList@3bea930c
      servletFilterMappingInfos = null
      dynamicServletRegistrationMap = class java.util.HashMap@3c0e2a40
      applicationName = "gestioncontact"
      libBinPathList = class java.util.ArrayList@b215103
      webXmlDefinedListeners = class java.util.HashSet@12291f2e
      allRefs = class java.util.EnumMap@7db48c94
      allRefBindings = class java.util.EnumMap@3025f548
      envEntryValues = class java.util.HashMap@310d0306
      resourceRefConfigList = null
      disallowAllFileServingProp = "false"
      disallowServeServletsByClassnameProp = "true"
      disableStaticMappingCache = false
      jspCachedLocations = class java.util.HashMap@6b07ba66
      primedSTSHeader = "NoValue"
      enablemultireadofpostdata = false
      requestEncoding = null
      responseEncoding = null
      NULLSERVLETNAME = "com.ibm.ws.webcontainer.NullServletName"
      skipEncodedCharVerification = false
      _id = "WebAppGeneratedId56"
      _attributes = null
      serialVersionUID = 7511545662945734886
      $$$tc$$$ = class com.ibm.websphere.ras.TraceComponent@4d17513b
    extensionProcessingDisabled = false
    managedObjectService = class com.ibm.ws.cdi.impl.managedobject.CDIManagedObjectService@176e44e8
      defaultMOS = class com.ibm.ws.managedobject.internal.ManagedObjectServiceImpl@2c07d307
      cdiRuntime = class com.ibm.ws.cdi.liberty.CDIRuntimeImpl@4409db59
      isActive = class java.util.concurrent.atomic.AtomicBoolean@5513edd1
      serialVersionUID = 5211943849551391960
      $$$tc$$$ = class com.ibm.websphere.ras.TraceComponent@7d6765d6
    internalServletMetaData = interface com.ibm.wsspi.webcontainer.metadata.WebComponentMetaData[2]
      WebComponentMetaData[0] = null
      WebComponentMetaData[1] = null
    loginProcessor = null
    logoutProcessor = null
    collabHelper = class com.ibm.ws.webcontainer.osgi.collaborator.CollaboratorHelperImpl@4544d4c0
    envObject = class com.ibm.ws.util.WSThreadLocal@15ffd924
      tc = class com.ibm.ejs.ras.TraceComponent@86c593f
      count = 10
      index = 6
      SUSPECTED_MISUSAGE_THRESHOLD = 200
      TRACE_VTHREAD_LOCALS = "/* Could not access TRACE_VTHREAD_LOCALS */"
      threadLocalHashCode = "/* Could not access threadLocalHashCode */"
      nextHashCode = "/* Could not access nextHashCode */"
      HASH_INCREMENT = "/* Could not access HASH_INCREMENT */"
      $assertionsDisabled = "/* Could not access $assertionsDisabled */"
    orderedLibPaths = class java.util.Collections$UnmodifiableRandomAccessList@11860b8
      serialVersionUID = "/* Could not access serialVersionUID */"
      serialVersionUID = "/* Could not access serialVersionUID */"
      list = "/* Could not access list */"
      serialVersionUID = "/* Could not access serialVersionUID */"
      c = "/* Could not access c */"
    perm = class com.ibm.websphere.security.WebSphereRuntimePermission@26eea6bd
      serialVersionUID = -3306242789188168337
      $$$tc$$$ = class com.ibm.websphere.ras.TraceComponent@a177b20
      serialVersionUID = "/* Could not access serialVersionUID */"
      wildcard = "/* Could not access wildcard */"
      path = "/* Could not access path */"
      exitVM = "/* Could not access exitVM */"
      serialVersionUID = "/* Could not access serialVersionUID */"
      name = "/* Could not access name */"
    WELCOME_FILE_LIST = "com.ibm.ws.webcontainer.config.WelcomeFileList"
    DIR_BROWSING_MAPPING = "__dirBrowsing__1710324691403"
    FILTER_PROXY_MAPPING = "/__filterProxy__1710324691403"
    logger = class com.ibm.ws.logging.internal.WsLogger@a6faba
      ivCachedResourceBundleName = "com.ibm.ws.webcontainer.resources.Messages"
      ivCachedResourceBundle = class com.ibm.ws.webcontainer.resources.Messages_fr@59669aeb
      ivComponent = null
      ivOrganization = null
      ivProduct = null
      ivMinimumLocalizationLevelIntValue = 625
      ivTC = class com.ibm.websphere.ras.TraceComponent@5f77c8e9
      loggerRegistrationComponent = class java.lang.ThreadLocal@4e05eb74
      emptyHandlers = "/* Could not access emptyHandlers */"
      offValue = "/* Could not access offValue */"
      SYSTEM_LOGGER_RB_NAME = "/* Could not access SYSTEM_LOGGER_RB_NAME */"
      SYSTEM_BUNDLE = "/* Could not access SYSTEM_BUNDLE */"
      NO_RESOURCE_BUNDLE = "/* Could not access NO_RESOURCE_BUNDLE */"
      config = "/* Could not access config */"
      manager = "/* Could not access manager */"
      name = "/* Could not access name */"
      loggerBundle = "/* Could not access loggerBundle */"
      anonymous = "/* Could not access anonymous */"
      catalogRef = "/* Could not access catalogRef */"
      catalogName = "/* Could not access catalogName */"
      catalogLocale = "/* Could not access catalogLocale */"
      treeLock = "/* Could not access treeLock */"
      parent = "/* Could not access parent */"
      kids = "/* Could not access kids */"
      callerModuleRef = "/* Could not access callerModuleRef */"
      isSystemLogger = "/* Could not access isSystemLogger */"
      GLOBAL_LOGGER_NAME = "global"
      global = class java.util.logging.Logger@65c5a6ef
    CLASS_NAME = "com.ibm.ws.webcontainer.webapp.WebApp"
    loader = class com.ibm.ws.classloading.internal.ThreadContextClassLoader@6b8b8c38
    facade = class com.ibm.ws.webcontainer40.facade.ServletContextFacade40@77775cb2
      context = class com.ibm.ws.webcontainer40.osgi.webapp.WebApp40@63994eb7
    features = class java.util.ArrayList@6f71eddb
      serialVersionUID = "/* Could not access serialVersionUID */"
      DEFAULT_CAPACITY = "/* Could not access DEFAULT_CAPACITY */"
      EMPTY_ELEMENTDATA = "/* Could not access EMPTY_ELEMENTDATA */"
      DEFAULTCAPACITY_EMPTY_ELEMENTDATA = "/* Could not access DEFAULTCAPACITY_EMPTY_ELEMENTDATA */"
      elementData = "/* Could not access elementData */"
      size = "/* Could not access size */"
      modCount = "/* Could not access modCount */"
    applicationName = "gestioncontact"
    config = class com.ibm.ws.webcontainer.osgi.webapp.WebAppConfiguration@24979126
    securityEnabledForApp = true
    webExtensionProcessor = class com.ibm.ws.webcontainer.osgi.extension.WebExtensionProcessor@19b46062
      webApp = class com.ibm.ws.webcontainer40.osgi.webapp.WebApp40@63994eb7
      extensionContext = class com.ibm.ws.webcontainer40.osgi.webapp.WebApp40@63994eb7
    production = true
    isServlet23 = true
    contextPath = "/gestioncontact"
    internalServletList = class [Ljava.lang.String;[2]
      String[][0] = class java.lang.String[2]
      String[][1] = class java.lang.String[2]
    BY_NAME_ONLY = "/_1710328818527_/"
    filterManager = class com.ibm.ws.webcontainer.osgi.filter.WebAppFilterManagerImpl@16b48b4f
      _filterWrappers = class java.util.concurrent.ConcurrentHashMap@244e26a0
      chainCache = class com.ibm.ws.webcontainer.filter.WebAppFilterManager$ChainCache@49649fd0
      forwardChainCache = class com.ibm.ws.webcontainer.filter.WebAppFilterManager$ChainCache@6480bdb0
      includeChainCache = class com.ibm.ws.webcontainer.filter.WebAppFilterManager$ChainCache@337123b4
      errorChainCache = class com.ibm.ws.webcontainer.filter.WebAppFilterManager$ChainCache@665f785c
      chainCacheMRUThreshold = 10
      _filtersDefined = true
      FMI_MAPPING_SINGLE_SLASH = 0
      FMI_MAPPING_PATH_MATCH = 1
      FMI_MAPPING_EXTENSION_MATCH = 2
      FMI_MAPPING_EXACT_MATCH = 3
      logger = class com.ibm.ws.logging.internal.WsLogger@764d03f4
      CLASS_NAME = "com.ibm.ws.webcontainer.filter.WebAppFilterManager"
      nls = class com.ibm.ejs.ras.TraceNLS@ba8f158
      webAppConfig = class com.ibm.ws.webcontainer.osgi.webapp.WebAppConfiguration@24979126
      webApp = class com.ibm.ws.webcontainer40.osgi.webapp.WebApp40@63994eb7
      collabHelper = class com.ibm.ws.webcontainer.osgi.collaborator.CollaboratorHelperImpl@4544d4c0
      secCollab = class com.ibm.ws.webcontainer.security.WebAppSecurityCollaboratorImpl@61ae3b54
      sessionSecurityIntegrationEnabled = true
      assumeFilterSuccessOnSecurityError = false
      useOriginalRequestState = false
      _evtSource = class com.ibm.ws.webcontainer.webapp.WebAppEventSource@46b7dda9
      defaultComponentMetaData = class com.ibm.ws.webcontainer.osgi.metadata.WebComponentMetaDataImpl@6465f6a0
      DEFER_SERVLET_REQUEST_LISTENER_DESTROY_ON_ERROR = true
    documentRoot = null
    SERVLET_API_VERSION = "Servlet 2.5"
    disableServletAuditLogging = -1
    serverInfo = "IBM WebSphere Liberty/24.0.0.2"
    sessionCtx = class io.openliberty.webcontainer60.session.impl.HttpSessionContextImpl60@764bb377
      methodClassName = "HttpSessionContextImpl60"
      methodClassName = "HttpSessionContextImpl"
      _smc = class com.ibm.ws.session.SessionManagerConfig@694193ad
      sessionStoreService = null
      _sap = class com.ibm.ws.session.SessionApplicationParameters@787e4844
      _coreHttpSessionManager = class com.ibm.ws.session.SessionManager@181d1e6
      _coreHttpAppSessionManager = null
      _sam = class com.ibm.ws.webcontainer.session.impl.SessionAffinityManagerImpl@6473e363
      isSIPApplication = false
      sessionAttributeListener = false
      sessionListener = true
      mHttpSessionAttributeListeners = class java.util.ArrayList@67d8cf12
      mHttpSessionListeners = class java.util.ArrayList@6dee97c5
      mHttpSessionIdListeners = class java.util.ArrayList@626f757f
      mHttpSessionAttributeListenersJ2eeNames = class java.util.ArrayList@19fcfaaa
      mHttpSessionListenersJ2eeNames = class java.util.ArrayList@38fd06d8
      mHttpSessionIdListenersJ2eeNames = class java.util.ArrayList@21b4febd
      mLocalHost = null
      _refCount = 1
      currentThreadSacHashtable = null
      methodClassName = "SessionContext"
      ANONYMOUS_USER = "anonymous"
      wasHttpSessionObserver = class com.ibm.ws.session.WasHttpSessionObserver@38e9a379
      wasHttpSessionAttributeObserver = null
      _invalidator = class com.ibm.ws.session.SessionInvalidatorWithThreadPool@463e2764
      _storer = class com.ibm.ws.session.EOSSessionStorer@16a532bd
      wasHttpAppSessionObserver = null
      mHttpAppSessionListeners = null
      cmvcInfo = "CMVC Version 1.9 6/24/07 11:12:24"
      _loggedVersion = true
      CREATE_CORE_SESSION_MANAGER = 0
      GET_REQUESTED_SESSION_ID = 1
      GET_IHTTP_SESSION = 2
      SESSION_PRE_INVOKE = 3
      SESSION_POST_INVOKE = 4
      STOP = 5
      STOP_LISTENERS = 6
      IS_VALID = 7
      ENCODE_URL = 8
      SHOULD_ENCODE_URL = 9
      IS_PROTOCOL_SWITCH = 10
      GET_LOCAL_HOST = 11
      ADD_HTTP_SESSION_ATTRIBUTE_LISTENER = 12
      ADD_HTTP_SESSION_LISTENER = 13
      GET_SESSION_AFFINITY_CONTEXT = 14
      CHECK_SECURITY = 15
      INVALIDATE = 16
      CHECK_SESSSIONID_IS_RIGHT_LENGTH = 17
      LOCK_SESSION = 18
      UNLOCK_SESSION = 19
      ADD_HTTP_SESSION_ID_LISTENER = 20
      methodNames = class java.lang.String[21]
    eventSource = class com.ibm.ws.webcontainer.webapp.WebAppEventSource@46b7dda9
    nls = class com.ibm.ejs.ras.TraceNLS@e42bc6a
      resolver = class com.ibm.ws.logging.internal.TraceNLSResolver@7e4bbe78
      finder = class com.ibm.ws.logging.internal.StackFinder@427ddbb8
      ivBundleName = "com.ibm.ws.webcontainer.resources.Messages"
      caller = class java.lang.Class@705fc0a5
    liberty_nls = class com.ibm.ejs.ras.TraceNLS@67c3de58
      resolver = class com.ibm.ws.logging.internal.TraceNLSResolver@7e4bbe78
      finder = class com.ibm.ws.logging.internal.StackFinder@427ddbb8
      ivBundleName = "com.ibm.ws.webcontainer.resources.LShimMessages"
      caller = class java.lang.Class@705fc0a5
    error_nls = class com.ibm.ejs.ras.TraceNLS@1b2a7bd3
      resolver = class com.ibm.ws.logging.internal.TraceNLSResolver@7e4bbe78
      finder = class com.ibm.ws.logging.internal.StackFinder@427ddbb8
      ivBundleName = "com.ibm.ws.webcontainer.resources.ErrorPage"
      caller = class java.lang.Class@705fc0a5
    sessionListeners = class java.util.ArrayList@4c467aac
      serialVersionUID = "/* Could not access serialVersionUID */"
      DEFAULT_CAPACITY = "/* Could not access DEFAULT_CAPACITY */"
      EMPTY_ELEMENTDATA = "/* Could not access EMPTY_ELEMENTDATA */"
      DEFAULTCAPACITY_EMPTY_ELEMENTDATA = "/* Could not access DEFAULTCAPACITY_EMPTY_ELEMENTDATA */"
      elementData = "/* Could not access elementData */"
      size = "/* Could not access size */"
      modCount = "/* Could not access modCount */"
    sessionIdListeners = class java.util.ArrayList@495ac4d6
      serialVersionUID = "/* Could not access serialVersionUID */"
      DEFAULT_CAPACITY = "/* Could not access DEFAULT_CAPACITY */"
      EMPTY_ELEMENTDATA = "/* Could not access EMPTY_ELEMENTDATA */"
      DEFAULTCAPACITY_EMPTY_ELEMENTDATA = "/* Could not access DEFAULTCAPACITY_EMPTY_ELEMENTDATA */"
      elementData = "/* Could not access elementData */"
      size = "/* Could not access size */"
      modCount = "/* Could not access modCount */"
    sessionAttrListeners = class java.util.ArrayList@7b86c041
      serialVersionUID = "/* Could not access serialVersionUID */"
      DEFAULT_CAPACITY = "/* Could not access DEFAULT_CAPACITY */"
      EMPTY_ELEMENTDATA = "/* Could not access EMPTY_ELEMENTDATA */"
      DEFAULTCAPACITY_EMPTY_ELEMENTDATA = "/* Could not access DEFAULTCAPACITY_EMPTY_ELEMENTDATA */"
      elementData = "/* Could not access elementData */"
      size = "/* Could not access size */"
      modCount = "/* Could not access modCount */"
    addedSessionListeners = class java.util.ArrayList@507d044d
      serialVersionUID = "/* Could not access serialVersionUID */"
      DEFAULT_CAPACITY = "/* Could not access DEFAULT_CAPACITY */"
      EMPTY_ELEMENTDATA = "/* Could not access EMPTY_ELEMENTDATA */"
      DEFAULTCAPACITY_EMPTY_ELEMENTDATA = "/* Could not access DEFAULTCAPACITY_EMPTY_ELEMENTDATA */"
      elementData = "/* Could not access elementData */"
      size = "/* Could not access size */"
      modCount = "/* Could not access modCount */"
    addedSessionAttrListeners = class java.util.ArrayList@2f1197f4
      serialVersionUID = "/* Could not access serialVersionUID */"
      DEFAULT_CAPACITY = "/* Could not access DEFAULT_CAPACITY */"
      EMPTY_ELEMENTDATA = "/* Could not access EMPTY_ELEMENTDATA */"
      DEFAULTCAPACITY_EMPTY_ELEMENTDATA = "/* Could not access DEFAULTCAPACITY_EMPTY_ELEMENTDATA */"
      elementData = "/* Could not access elementData */"
      size = "/* Could not access size */"
      modCount = "/* Could not access modCount */"
    servletContextListeners = class java.util.ArrayList@30729ab4
      serialVersionUID = "/* Could not access serialVersionUID */"
      DEFAULT_CAPACITY = "/* Could not access DEFAULT_CAPACITY */"
      EMPTY_ELEMENTDATA = "/* Could not access EMPTY_ELEMENTDATA */"
      DEFAULTCAPACITY_EMPTY_ELEMENTDATA = "/* Could not access DEFAULTCAPACITY_EMPTY_ELEMENTDATA */"
      elementData = "/* Could not access elementData */"
      size = "/* Could not access size */"
      modCount = "/* Could not access modCount */"
    servletContextLAttrListeners = class java.util.ArrayList@7d3bd033
      serialVersionUID = "/* Could not access serialVersionUID */"
      DEFAULT_CAPACITY = "/* Could not access DEFAULT_CAPACITY */"
      EMPTY_ELEMENTDATA = "/* Could not access EMPTY_ELEMENTDATA */"
      DEFAULTCAPACITY_EMPTY_ELEMENTDATA = "/* Could not access DEFAULTCAPACITY_EMPTY_ELEMENTDATA */"
      elementData = "/* Could not access elementData */"
      size = "/* Could not access size */"
      modCount = "/* Could not access modCount */"
    servletRequestListeners = class java.util.ArrayList@455cfcb5
      serialVersionUID = "/* Could not access serialVersionUID */"
      DEFAULT_CAPACITY = "/* Could not access DEFAULT_CAPACITY */"
      EMPTY_ELEMENTDATA = "/* Could not access EMPTY_ELEMENTDATA */"
      DEFAULTCAPACITY_EMPTY_ELEMENTDATA = "/* Could not access DEFAULTCAPACITY_EMPTY_ELEMENTDATA */"
      elementData = "/* Could not access elementData */"
      size = "/* Could not access size */"
      modCount = "/* Could not access modCount */"
    servletRequestLAttrListeners = class java.util.ArrayList@66517ddd
      serialVersionUID = "/* Could not access serialVersionUID */"
      DEFAULT_CAPACITY = "/* Could not access DEFAULT_CAPACITY */"
      EMPTY_ELEMENTDATA = "/* Could not access EMPTY_ELEMENTDATA */"
      DEFAULTCAPACITY_EMPTY_ELEMENTDATA = "/* Could not access DEFAULTCAPACITY_EMPTY_ELEMENTDATA */"
      elementData = "/* Could not access elementData */"
      size = "/* Could not access size */"
      modCount = "/* Could not access modCount */"
    prependSlashToResource = false
    destroyed = false
    webAppNameSpaceCollab = class com.ibm.ws.webcontainer.osgi.collaborator.WebAppNameSpaceCollaboratorImpl@32d0aaeb
    txCollab = class com.ibm.ws.transaction.services.WebAppTransactionCollaboratorImpl@6c60c0ef
    sessionActivationListeners = class java.util.ArrayList@4252ec99
      serialVersionUID = "/* Could not access serialVersionUID */"
      DEFAULT_CAPACITY = "/* Could not access DEFAULT_CAPACITY */"
      EMPTY_ELEMENTDATA = "/* Could not access EMPTY_ELEMENTDATA */"
      DEFAULTCAPACITY_EMPTY_ELEMENTDATA = "/* Could not access DEFAULTCAPACITY_EMPTY_ELEMENTDATA */"
      elementData = "/* Could not access elementData */"
      size = "/* Could not access size */"
      modCount = "/* Could not access modCount */"
    sessionBindingListeners = class java.util.ArrayList@61cb06a8
      serialVersionUID = "/* Could not access serialVersionUID */"
      DEFAULT_CAPACITY = "/* Could not access DEFAULT_CAPACITY */"
      EMPTY_ELEMENTDATA = "/* Could not access EMPTY_ELEMENTDATA */"
      DEFAULTCAPACITY_EMPTY_ELEMENTDATA = "/* Could not access DEFAULTCAPACITY_EMPTY_ELEMENTDATA */"
      elementData = "/* Could not access elementData */"
      size = "/* Could not access size */"
      modCount = "/* Could not access modCount */"
    scratchdir = null
    jspClassLoaderLimit = 0
    jspClassLoaderExclusionList = null
    jspClassLoadersMap = null
    jspClassLoaderLimitTrackIF = false
    defaultExtProc = null
    directoryBrowsingServlet = null
    cdiContexts = class java.util.concurrent.ConcurrentHashMap@4350f770
      serialVersionUID = "/* Could not access serialVersionUID */"
      MAXIMUM_CAPACITY = "/* Could not access MAXIMUM_CAPACITY */"
      DEFAULT_CAPACITY = "/* Could not access DEFAULT_CAPACITY */"
      MAX_ARRAY_SIZE = "/* Could not access MAX_ARRAY_SIZE */"
      DEFAULT_CONCURRENCY_LEVEL = "/* Could not access DEFAULT_CONCURRENCY_LEVEL */"
      LOAD_FACTOR = "/* Could not access LOAD_FACTOR */"
      TREEIFY_THRESHOLD = "/* Could not access TREEIFY_THRESHOLD */"
      UNTREEIFY_THRESHOLD = "/* Could not access UNTREEIFY_THRESHOLD */"
      MIN_TREEIFY_CAPACITY = "/* Could not access MIN_TREEIFY_CAPACITY */"
      MIN_TRANSFER_STRIDE = "/* Could not access MIN_TRANSFER_STRIDE */"
      RESIZE_STAMP_BITS = "/* Could not access RESIZE_STAMP_BITS */"
      MAX_RESIZERS = "/* Could not access MAX_RESIZERS */"
      RESIZE_STAMP_SHIFT = "/* Could not access RESIZE_STAMP_SHIFT */"
      MOVED = "/* Could not access MOVED */"
      TREEBIN = "/* Could not access TREEBIN */"
      RESERVED = "/* Could not access RESERVED */"
      HASH_BITS = "/* Could not access HASH_BITS */"
      NCPU = "/* Could not access NCPU */"
      serialPersistentFields = "/* Could not access serialPersistentFields */"
      table = "/* Could not access table */"
      nextTable = "/* Could not access nextTable */"
      baseCount = "/* Could not access baseCount */"
      sizeCtl = "/* Could not access sizeCtl */"
      transferIndex = "/* Could not access transferIndex */"
      cellsBusy = "/* Could not access cellsBusy */"
      counterCells = "/* Could not access counterCells */"
      keySet = "/* Could not access keySet */"
      values = "/* Could not access values */"
      entrySet = "/* Could not access entrySet */"
      U = "/* Could not access U */"
      SIZECTL = "/* Could not access SIZECTL */"
      TRANSFERINDEX = "/* Could not access TRANSFERINDEX */"
      BASECOUNT = "/* Could not access BASECOUNT */"
      CELLSBUSY = "/* Could not access CELLSBUSY */"
      CELLVALUE = "/* Could not access CELLVALUE */"
      ABASE = "/* Could not access ABASE */"
      ASHIFT = "/* Could not access ASHIFT */"
      keySet = "/* Could not access keySet */"
      values = "/* Could not access values */"
    moduleConfig = class com.ibm.ws.webcontainer.osgi.container.DeployedModule@2e02c552
      tc = class com.ibm.websphere.ras.TraceComponent@3054e3fe
      loader = class com.ibm.ws.classloading.internal.ThreadContextClassLoader@6b8b8c38
      webApp = class com.ibm.ws.webcontainer40.osgi.webapp.WebApp40@63994eb7
      webAppConfig = class com.ibm.ws.webcontainer.osgi.webapp.WebAppConfiguration@24979126
      contextRootAdded = class com.ibm.ws.threading.internal.NonCancelableResultFuture@6565fccc
      properContextRoot = "/gestioncontact"
      mappingContextRoot = "/gestioncontact/*"
      initTaskCount = class java.util.concurrent.atomic.AtomicInteger@5257e203
      initTasksDoneListener = class com.ibm.ws.webcontainer.osgi.WebContainer$2@6dd8122e
      serialVersionUID = -2104814060051592457
      $$$tc$$$ = class com.ibm.websphere.ras.TraceComponent@5d58e5b2
    extensionFactories = class java.util.ArrayList@76eecf72
      serialVersionUID = "/* Could not access serialVersionUID */"
      DEFAULT_CAPACITY = "/* Could not access DEFAULT_CAPACITY */"
      EMPTY_ELEMENTDATA = "/* Could not access EMPTY_ELEMENTDATA */"
      DEFAULTCAPACITY_EMPTY_ELEMENTDATA = "/* Could not access DEFAULTCAPACITY_EMPTY_ELEMENTDATA */"
      elementData = "/* Could not access elementData */"
      size = "/* Could not access size */"
      modCount = "/* Could not access modCount */"
    initialized = true
    lock = class com.ibm.ws.webcontainer.webapp.WebApp$1@7b61d22f
      this$0 = class com.ibm.ws.webcontainer40.osgi.webapp.WebApp40@63994eb7
    afterServletContextCreated = false
    redirectContextRoot = false
    errorExceptionTypeFirst = false
    initFilterBeforeServletInit = false
    SET_400_SC_ON_TOO_MANY_PARENT_DIRS = false
    sortedServletConfigs = class java.util.ArrayList@422665ad
      serialVersionUID = "/* Could not access serialVersionUID */"
      DEFAULT_CAPACITY = "/* Could not access DEFAULT_CAPACITY */"
      EMPTY_ELEMENTDATA = "/* Could not access EMPTY_ELEMENTDATA */"
      DEFAULTCAPACITY_EMPTY_ELEMENTDATA = "/* Could not access DEFAULTCAPACITY_EMPTY_ELEMENTDATA */"
      elementData = "/* Could not access elementData */"
      size = "/* Could not access size */"
      modCount = "/* Could not access modCount */"
    effectiveMajorVersion = 3
    effectiveMinorVersion = 0
    canAddServletContextListener = true
    withinContextInitOfProgAddListener = false
    lastProgAddListenerInitialized = "com.ibm.ws.cache.CacheServiceImpl"
    webInfLibClassloader = null
    metaInfCache = class com.ibm.ws.webcontainer.webapp.WebApp$2@689e1ee
      this$0 = class com.ibm.ws.webcontainer40.osgi.webapp.WebApp40@63994eb7
      serialVersionUID = "/* Could not access serialVersionUID */"
      head = "/* Could not access head */"
      tail = "/* Could not access tail */"
      accessOrder = "/* Could not access accessOrder */"
      PUT_NORM = "/* Could not access PUT_NORM */"
      PUT_FIRST = "/* Could not access PUT_FIRST */"
      PUT_LAST = "/* Could not access PUT_LAST */"
      putMode = "/* Could not access putMode */"
      serialVersionUID = "/* Could not access serialVersionUID */"
      DEFAULT_INITIAL_CAPACITY = "/* Could not access DEFAULT_INITIAL_CAPACITY */"
      MAXIMUM_CAPACITY = "/* Could not access MAXIMUM_CAPACITY */"
      DEFAULT_LOAD_FACTOR = "/* Could not access DEFAULT_LOAD_FACTOR */"
      TREEIFY_THRESHOLD = "/* Could not access TREEIFY_THRESHOLD */"
      UNTREEIFY_THRESHOLD = "/* Could not access UNTREEIFY_THRESHOLD */"
      MIN_TREEIFY_CAPACITY = "/* Could not access MIN_TREEIFY_CAPACITY */"
      table = "/* Could not access table */"
      entrySet = "/* Could not access entrySet */"
      size = "/* Could not access size */"
      modCount = "/* Could not access modCount */"
      threshold = "/* Could not access threshold */"
      loadFactor = "/* Could not access loadFactor */"
      keySet = "/* Could not access keySet */"
      values = "/* Could not access values */"
    hasSlashStarMapping = false
    useMetaInfCache = true
    SUN_CONFIGURE_LISTENER_CLASSNAME = "com.sun.faces.config.ConfigureListener"
    MYFACES_LIFECYCLE_LISTENER_CLASSNAME = "org.apache.myfaces.webapp.StartupServletContextListener"
    JSF_IMPL_ENABLED_PARAM = "com.ibm.ws.jsf.JSF_IMPL_ENABLED"
    JSF_IMPL_ENABLED_CUSTOM = "Custom"
    JSF_IMPL_ENABLED_NONE = "None"
    staticDocRoot = class com.ibm.ws.webcontainer.util.DocumentRootUtils@3e998c38
      logger = class com.ibm.ws.logging.internal.WsLogger@75a19b91
      CLASS_NAME = "com.ibm.ws.webcontainer.util.DocumentRootUtils"
      useContentLength = false
      matchedFile = null
      matchedZipFile = null
      matchedEntry = null
      matchedURL = null
      edrRoot = null
      pfedrRoot = null
      ctxt = class com.ibm.ws.webcontainer40.osgi.webapp.WebApp40@63994eb7
      baseDir = null
      edr = null
      pfedr = null
      metaInfRes = null
      searchpfEDR = false
      searchEDR = false
      searchMetaInfRes = true
      matchFromEDR = false
      matchFromMetaInfRes = false
      matchIsADirectory = false
      appConfig = class com.ibm.ws.webcontainer.osgi.webapp.WebAppConfiguration@24979126
      attributeType = "staticFile"
      STATIC_FILE = "staticFile"
      JSP = "jsp"
      PFEDR = "preFragmentExtendedDocumentRoot"
      EDR = "extendedDocumentRoot"
    jspDocRoot = class com.ibm.ws.webcontainer.util.DocumentRootUtils@4b1cc16e
      logger = class com.ibm.ws.logging.internal.WsLogger@75a19b91
      CLASS_NAME = "com.ibm.ws.webcontainer.util.DocumentRootUtils"
      useContentLength = false
      matchedFile = null
      matchedZipFile = null
      matchedEntry = null
      matchedURL = null
      edrRoot = null
      pfedrRoot = null
      ctxt = class com.ibm.ws.webcontainer40.osgi.webapp.WebApp40@63994eb7
      baseDir = null
      edr = null
      pfedr = null
      metaInfRes = null
      searchpfEDR = false
      searchEDR = false
      searchMetaInfRes = true
      matchFromEDR = false
      matchFromMetaInfRes = false
      matchIsADirectory = false
      appConfig = class com.ibm.ws.webcontainer.osgi.webapp.WebAppConfiguration@24979126
      attributeType = "jsp"
      STATIC_FILE = "staticFile"
      JSP = "jsp"
      PFEDR = "preFragmentExtendedDocumentRoot"
      EDR = "extendedDocumentRoot"
    container = class com.ibm.ws.adaptable.module.internal.AdaptableContainerImpl@2d0308fe
      root = class com.ibm.ws.adaptable.module.internal.AdaptableContainerImpl@2d0308fe
      rootOverlay = class com.ibm.ws.artifact.overlay.internal.DirectoryBasedOverlayContainerImpl@2494a1ec
      factoryHolder = class com.ibm.ws.adaptable.module.internal.AdaptableModuleFactoryImpl@823f19e
      delegate = class com.ibm.ws.artifact.overlay.internal.DirectoryBasedOverlayContainerImpl@2494a1ec
      notifier = class com.ibm.ws.adaptable.module.internal.NotifierImpl@684d1dee
      serialVersionUID = -5950528200509051684
      $$$tc$$$ = class com.ibm.websphere.ras.TraceComponent@59ff606a
    metaInfResourceFinder = class com.ibm.ws.webcontainer.util.MetaInfResourceFinder@3ae6dead
      jarResourceContainers = class java.util.ArrayList@10e277c2
      container = class com.ibm.ws.adaptable.module.internal.AdaptableContainerImpl@2d0308fe
    postConstructMethods = class com.ibm.ws.webcontainer.webapp.WebApp$AnnotatedMethods@73a9ce8e
      annotationClass = class java.lang.Class@337b6688
      noOpClassNames = class java.util.HashSet@590c87ea
      annotatedMethodNames = class java.util.concurrent.ConcurrentHashMap@f42fc7c
      EMPTY_METHODS = class java.lang.reflect.Method[0]
    preDestroyMethods = class com.ibm.ws.webcontainer.webapp.WebApp$AnnotatedMethods@123648f
      annotationClass = class java.lang.Class@13ceae84
      noOpClassNames = class java.util.HashSet@129798
      annotatedMethodNames = class java.util.concurrent.ConcurrentHashMap@59eb19a0
      EMPTY_METHODS = class java.lang.reflect.Method[0]
    OBJ_EMPTY = class java.lang.Object[0]
    CLASS_EMPTY = class java.lang.Class[0]
    checkpointPhase = class io.openliberty.checkpoint.spi.CheckpointPhase@16dfa7e
      AFTER_APP_START = class io.openliberty.checkpoint.spi.CheckpointPhase@40ebdfa2
      BEFORE_APP_START = class io.openliberty.checkpoint.spi.CheckpointPhase@66b4e22e
      INACTIVE = class io.openliberty.checkpoint.spi.CheckpointPhase@16dfa7e
      CHECKPOINT_PROPERTY = "io.openliberty.checkpoint"
      CHECKPOINT_ACTIVE_FILTER = "(!(io.openliberty.checkpoint=INACTIVE))"
      CHECKPOINT_RESTORED_PROPERTY = "io.openliberty.checkpoint.restored"
      CONDITION_PROCESS_RUNNING_ID = "io.openliberty.process.running"
      restored = true
      noMoreAddHooks = true
      singleThreadedHooks = class java.util.ArrayList@1dbdc496
      multiThreadedHooks = class java.util.ArrayList@5c59f09d
      THE_PHASE = class io.openliberty.checkpoint.spi.CheckpointPhase@16dfa7e
      DEBUG = false
      $VALUES = class io.openliberty.checkpoint.spi.CheckpointPhase[3]
      name = "/* Could not access name */"
      ordinal = "/* Could not access ordinal */"
      hash = "/* Could not access hash */"
    DEFAULT_JSP_EXTENSIONS = class java.util.ArrayList@6a616ed
      serialVersionUID = "/* Could not access serialVersionUID */"
      DEFAULT_CAPACITY = "/* Could not access DEFAULT_CAPACITY */"
      EMPTY_ELEMENTDATA = "/* Could not access EMPTY_ELEMENTDATA */"
      DEFAULTCAPACITY_EMPTY_ELEMENTDATA = "/* Could not access DEFAULTCAPACITY_EMPTY_ELEMENTDATA */"
      elementData = "/* Could not access elementData */"
      size = "/* Could not access size */"
      modCount = "/* Could not access modCount */"
    DEFER_SERVLET_REQUEST_LISTENER_DESTROY_ON_ERROR = true
    DO_ACCEPT_PARTIAL = true
    DO_NOT_ACCEPT_PARTIAL = false
    DO_ACCEPT_EXCLUDED = true
    DO_NOT_ACCEPT_EXCLUDED = false
    commands = class java.util.ArrayList@2c19d274
      serialVersionUID = "/* Could not access serialVersionUID */"
      DEFAULT_CAPACITY = "/* Could not access DEFAULT_CAPACITY */"
      EMPTY_ELEMENTDATA = "/* Could not access EMPTY_ELEMENTDATA */"
      DEFAULTCAPACITY_EMPTY_ELEMENTDATA = "/* Could not access DEFAULTCAPACITY_EMPTY_ELEMENTDATA */"
      elementData = "/* Could not access elementData */"
      size = "/* Could not access size */"
      modCount = "/* Could not access modCount */"
    requestMapper = class com.ibm.wsspi.webcontainer.util.URIMapper@200662ec
      matcher = class com.ibm.wsspi.webcontainer40.util.URIMatcher40@6e072430
    parent = class com.ibm.ws.webcontainer.osgi.webapp.WebGroup@1d6615dc
      tc = class com.ibm.websphere.ras.TraceComponent@13d76dec
      logger = class com.ibm.ws.logging.internal.WsLogger@a6faba
      CLASS_NAME = "com.ibm.ws.webcontainer.webapp.WebGroup"
      sessUrlRewritePrefix = ";jsessionid="
      qMark = "?"
      config = class com.ibm.ws.webcontainer.osgi.webapp.WebGroupConfiguration@62c368ad
      webApp = class com.ibm.ws.webcontainer40.osgi.webapp.WebApp40@63994eb7
      commands = class java.util.ArrayList@3cbb3580
      requestMapper = null
      parent = class com.ibm.ws.webcontainer.osgi.DynamicVirtualHost@4a0e478
      name = "/gestioncontact/*"
      isAlive = true
      subElements = class java.util.HashMap@5a2b3077
      attributes = null
      config = null
      serialVersionUID = -8271459000149267764
      $$$tc$$$ = class com.ibm.websphere.ras.TraceComponent@6446ef9c
    name = "gestioncontact"
    isAlive = true
    subElements = null
    attributes = class java.util.concurrent.ConcurrentHashMap@7fb0de3
      serialVersionUID = "/* Could not access serialVersionUID */"
      MAXIMUM_CAPACITY = "/* Could not access MAXIMUM_CAPACITY */"
      DEFAULT_CAPACITY = "/* Could not access DEFAULT_CAPACITY */"
      MAX_ARRAY_SIZE = "/* Could not access MAX_ARRAY_SIZE */"
      DEFAULT_CONCURRENCY_LEVEL = "/* Could not access DEFAULT_CONCURRENCY_LEVEL */"
      LOAD_FACTOR = "/* Could not access LOAD_FACTOR */"
      TREEIFY_THRESHOLD = "/* Could not access TREEIFY_THRESHOLD */"
      UNTREEIFY_THRESHOLD = "/* Could not access UNTREEIFY_THRESHOLD */"
      MIN_TREEIFY_CAPACITY = "/* Could not access MIN_TREEIFY_CAPACITY */"
      MIN_TRANSFER_STRIDE = "/* Could not access MIN_TRANSFER_STRIDE */"
      RESIZE_STAMP_BITS = "/* Could not access RESIZE_STAMP_BITS */"
      MAX_RESIZERS = "/* Could not access MAX_RESIZERS */"
      RESIZE_STAMP_SHIFT = "/* Could not access RESIZE_STAMP_SHIFT */"
      MOVED = "/* Could not access MOVED */"
      TREEBIN = "/* Could not access TREEBIN */"
      RESERVED = "/* Could not access RESERVED */"
      HASH_BITS = "/* Could not access HASH_BITS */"
      NCPU = "/* Could not access NCPU */"
      serialPersistentFields = "/* Could not access serialPersistentFields */"
      table = "/* Could not access table */"
      nextTable = "/* Could not access nextTable */"
      baseCount = "/* Could not access baseCount */"
      sizeCtl = "/* Could not access sizeCtl */"
      transferIndex = "/* Could not access transferIndex */"
      cellsBusy = "/* Could not access cellsBusy */"
      counterCells = "/* Could not access counterCells */"
      keySet = "/* Could not access keySet */"
      values = "/* Could not access values */"
      entrySet = "/* Could not access entrySet */"
      U = "/* Could not access U */"
      SIZECTL = "/* Could not access SIZECTL */"
      TRANSFERINDEX = "/* Could not access TRANSFERINDEX */"
      BASECOUNT = "/* Could not access BASECOUNT */"
      CELLSBUSY = "/* Could not access CELLSBUSY */"
      CELLVALUE = "/* Could not access CELLVALUE */"
      ABASE = "/* Could not access ABASE */"
      ASHIFT = "/* Could not access ASHIFT */"
      keySet = "/* Could not access keySet */"
      values = "/* Could not access values */"
    config = null
    serialVersionUID = -8271459000149267764
    $$$tc$$$ = class com.ibm.websphere.ras.TraceComponent@6446ef9c
      strings[0] = "TraceComponent[com.ibm.ws.container.AbstractContainer,class com.ibm.ws.container.AbstractContainer,[],null,null]"

