------Start of DE processing------ = [13/03/2024 19:37:00:746 WET]
Exception = java.io.FileNotFoundException
Source = com.ibm.ws.annocache.classsource.internal.ClassSourceImpl_ClassLoader
probeid = 179
Stack Dump = java.io.FileNotFoundException: C:\Users\user\Desktop\0Code\backend\target\classes\estm\dsic\jee\rest\controllers\ContactController.class (Le chemin d’accès spécifié est introuvable)
	at java.base/java.io.FileInputStream.open0(Native Method)
	at java.base/java.io.FileInputStream.open(FileInputStream.java:213)
	at java.base/java.io.FileInputStream.<init>(FileInputStream.java:152)
	at java.base/java.io.FileInputStream.<init>(FileInputStream.java:106)
	at java.base/sun.net.www.protocol.file.FileURLConnection.connect(FileURLConnection.java:84)
	at java.base/sun.net.www.protocol.file.FileURLConnection.getInputStream(FileURLConnection.java:180)
	at java.base/java.net.URL.openStream(URL.java:1325)
	at com.ibm.ws.annocache.classsource.internal.ClassSourceImpl_ClassLoader.openResourceStream(ClassSourceImpl_ClassLoader.java:177)
	at com.ibm.ws.annocache.classsource.internal.ClassSourceImpl_Aggregate.openResourceStream(ClassSourceImpl_Aggregate.java:751)
	at com.ibm.ws.annocache.info.internal.InfoStoreImpl.scanNewClass(InfoStoreImpl.java:182)
	at com.ibm.ws.annocache.info.internal.InfoStoreImpl.scanClass(InfoStoreImpl.java:155)
	at com.ibm.ws.annocache.info.internal.ClassInfoCacheImpl.scanClass(ClassInfoCacheImpl.java:158)
	at com.ibm.ws.annocache.info.internal.ClassInfoCacheImpl.resolveClassInfo(ClassInfoCacheImpl.java:1139)
	at com.ibm.ws.annocache.info.internal.InfoStoreImpl.resolveClassInfo(InfoStoreImpl.java:378)
	at com.ibm.ws.annocache.info.internal.DelayedClassInfoImpl.getClassInfo(DelayedClassInfoImpl.java:130)
	at com.ibm.ws.annocache.info.internal.DelayedClassInfoImpl.isInterface(DelayedClassInfoImpl.java:268)
	at io.openliberty.org.jboss.resteasy.common.component.ResteasyInjectionClassListCollaborator.getRESTfulWSInjectionClasses(ResteasyInjectionClassListCollaborator.java:160)
	at io.openliberty.org.jboss.resteasy.common.component.ResteasyInjectionClassListCollaborator.getInjectionClasses(ResteasyInjectionClassListCollaborator.java:55)
	at com.ibm.ws.webcontainer.osgi.webapp.WebAppInjectionClassListAdapter.getInjectionClasses(WebAppInjectionClassListAdapter.java:100)
	at com.ibm.ws.container.service.app.deploy.internal.InjectionClassListAdapter.adapt(InjectionClassListAdapter.java:43)
	at com.ibm.ws.container.service.app.deploy.internal.InjectionClassListAdapter.adapt(InjectionClassListAdapter.java:33)
	at com.ibm.ws.adaptable.module.internal.AdapterFactoryServiceImpl.adapt(AdapterFactoryServiceImpl.java:202)
	at com.ibm.ws.adaptable.module.internal.AdaptableContainerImpl.adapt(AdaptableContainerImpl.java:176)
	at com.ibm.ws.cdi.internal.archive.liberty.CDIArchiveImpl.getInjectionClassList(CDIArchiveImpl.java:404)
	at com.ibm.ws.cdi.impl.weld.BeanDeploymentArchiveImpl.initializeJEEComponentClasses(BeanDeploymentArchiveImpl.java:407)
	at com.ibm.ws.cdi.impl.weld.BeanDeploymentArchiveImpl.scan(BeanDeploymentArchiveImpl.java:316)
	at com.ibm.ws.cdi.impl.weld.BeanDeploymentArchiveImpl.scan(BeanDeploymentArchiveImpl.java:269)
	at com.ibm.ws.cdi.impl.weld.BeanDeploymentArchiveImpl.scan(BeanDeploymentArchiveImpl.java:269)
	at com.ibm.ws.cdi.impl.weld.BeanDeploymentArchiveImpl.scan(BeanDeploymentArchiveImpl.java:269)
	at com.ibm.ws.cdi.impl.weld.WebSphereCDIDeploymentImpl.scan(WebSphereCDIDeploymentImpl.java:635)
	at com.ibm.ws.cdi.impl.CDIContainerImpl.startInitialization(CDIContainerImpl.java:143)
	at com.ibm.ws.cdi.liberty.CDIRuntimeImpl.applicationStarting(CDIRuntimeImpl.java:479)
	at com.ibm.ws.container.service.state.internal.ApplicationStateManager.fireStarting(ApplicationStateManager.java:53)
	at com.ibm.ws.container.service.state.internal.StateChangeServiceImpl.fireApplicationStarting(StateChangeServiceImpl.java:52)
	at com.ibm.ws.app.manager.module.internal.SimpleDeployedAppInfoBase.preDeployApp(SimpleDeployedAppInfoBase.java:550)
	at com.ibm.ws.app.manager.module.internal.SimpleDeployedAppInfoBase.installApp(SimpleDeployedAppInfoBase.java:511)
	at com.ibm.ws.app.manager.module.internal.DeployedAppInfoBase.deployApp(DeployedAppInfoBase.java:351)
	at com.ibm.ws.app.manager.war.internal.WARApplicationHandlerImpl.install(WARApplicationHandlerImpl.java:67)
	at com.ibm.ws.app.manager.internal.statemachine.StartAction.execute(StartAction.java:184)
	at com.ibm.ws.app.manager.internal.statemachine.ApplicationStateMachineImpl.enterState(ApplicationStateMachineImpl.java:1369)
	at com.ibm.ws.app.manager.internal.statemachine.ApplicationStateMachineImpl.performAction(ApplicationStateMachineImpl.java:1233)
	at com.ibm.ws.app.manager.internal.statemachine.ApplicationStateMachineImpl.run(ApplicationStateMachineImpl.java:920)
	at com.ibm.ws.threading.internal.ExecutorServiceImpl$RunnableWrapper.run(ExecutorServiceImpl.java:280)
	at java.base/java.util.concurrent.ThreadPoolExecutor.runWorker(ThreadPoolExecutor.java:1144)
	at java.base/java.util.concurrent.ThreadPoolExecutor$Worker.run(ThreadPoolExecutor.java:642)
	at java.base/java.lang.Thread.run(Thread.java:1583)

Dump of callerThis
Object type = com.ibm.ws.annocache.classsource.internal.ClassSourceImpl_ClassLoader
  CLASS_NAME = "ClassSourceImpl_ClassLoader"
  classLoader = class com.ibm.ws.classloading.internal.AppClassLoader@5ce62241
    tc = class com.ibm.websphere.ras.TraceComponent@7117dea
      strings[0] = "TraceComponent[com.ibm.ws.classloading.internal.AppClassLoader,class com.ibm.ws.classloading.internal.AppClassLoader,[ClassLoadingService],com.ibm.ws.classloading.internal.resources.ClassLoadingServiceMessages,null]"
    forbiddenClassNames = class java.util.Collections$UnmodifiableSet@39253cca
      serialVersionUID = "/* Could not access serialVersionUID */"
      serialVersionUID = "/* Could not access serialVersionUID */"
      c = "/* Could not access c */"
    FORBIDDEN_PROPERTIES = "forbidden.properties"
    NOTHING_FORBIDDEN_PROPERTY = "io.openliberty.classloading.nothing.forbidden"
    disableSharedClassesCache = false
    PARENT_FIRST_SEARCH_ORDER = class java.util.Collections$UnmodifiableRandomAccessList@64390c76
      serialVersionUID = "/* Could not access serialVersionUID */"
      serialVersionUID = "/* Could not access serialVersionUID */"
      list = "/* Could not access list */"
      serialVersionUID = "/* Could not access serialVersionUID */"
      c = "/* Could not access c */"
    packagesDefined = class java.util.Collections$SetFromMap@61f4d3e6
      m = "/* Could not access m */"
      s = "/* Could not access s */"
      serialVersionUID = "/* Could not access serialVersionUID */"
    CLASS_LOADING_TRACE_PREFIX = "com.ibm.ws.class.load."
    DEFAULT_PACKAGE = "default.package"
    perPackageClassLoadingTraceComponents = class java.util.concurrent.ConcurrentHashMap@54e3d1d
      serialVersionUID = "/* Could not access serialVersionUID */"
      MAXIMUM_CAPACITY = "/* Could not access MAXIMUM_CAPACITY */"
      DEFAULT_CAPACITY = "/* Could not access DEFAULT_CAPACITY */"
      MAX_ARRAY_SIZE = "/* Could not access MAX_ARRAY_SIZE */"
      DEFAULT_CONCURRENCY_LEVEL = "/* Could not access DEFAULT_CONCURRENCY_LEVEL */"
      LOAD_FACTOR = "/* Could not access LOAD_FACTOR */"
      TREEIFY_THRESHOLD = "/* Could not access TREEIFY_THRESHOLD */"
      UNTREEIFY_THRESHOLD = "/* Could not access UNTREEIFY_THRESHOLD */"
      MIN_TREEIFY_CAPACITY = "/* Could not access MIN_TREEIFY_CAPACITY */"
      MIN_TRANSFER_STRIDE = "/* Could not access MIN_TRANSFER_STRIDE */"
      RESIZE_STAMP_BITS = "/* Could not access RESIZE_STAMP_BITS */"
      MAX_RESIZERS = "/* Could not access MAX_RESIZERS */"
      RESIZE_STAMP_SHIFT = "/* Could not access RESIZE_STAMP_SHIFT */"
      MOVED = "/* Could not access MOVED */"
      TREEBIN = "/* Could not access TREEBIN */"
      RESERVED = "/* Could not access RESERVED */"
      HASH_BITS = "/* Could not access HASH_BITS */"
      NCPU = "/* Could not access NCPU */"
      serialPersistentFields = "/* Could not access serialPersistentFields */"
      table = "/* Could not access table */"
      nextTable = "/* Could not access nextTable */"
      baseCount = "/* Could not access baseCount */"
      sizeCtl = "/* Could not access sizeCtl */"
      transferIndex = "/* Could not access transferIndex */"
      cellsBusy = "/* Could not access cellsBusy */"
      counterCells = "/* Could not access counterCells */"
      keySet = "/* Could not access keySet */"
      values = "/* Could not access values */"
      entrySet = "/* Could not access entrySet */"
      U = "/* Could not access U */"
      SIZECTL = "/* Could not access SIZECTL */"
      TRANSFERINDEX = "/* Could not access TRANSFERINDEX */"
      BASECOUNT = "/* Could not access BASECOUNT */"
      CELLSBUSY = "/* Could not access CELLSBUSY */"
      CELLVALUE = "/* Could not access CELLVALUE */"
      ABASE = "/* Could not access ABASE */"
      ASHIFT = "/* Could not access ASHIFT */"
      keySet = "/* Could not access keySet */"
      values = "/* Could not access values */"
    config = class com.ibm.ws.classloading.internal.ClassLoaderConfigurationImpl@167f6a66
      DEFAULT_PROTECTION_DOMAIN = class java.security.ProtectionDomain@7ec1d317
      delegateLast = false
      includeAppExtensions = true
      id = class com.ibm.ws.classloading.serializable.ClassLoaderIdentityImpl@258376fc
      parentId = null
      sharedLibraries = class java.util.ArrayList@5a8951cc
      commonLibraries = class java.util.Collections$EmptyList@7ab29a5e
      providers = class java.util.Collections$EmptyList@7ab29a5e
      nativeLibraryContainers = class java.util.Collections$EmptyList@7ab29a5e
      protectionDomain = class java.security.ProtectionDomain@50859b33
      serialVersionUID = 9091690180200375339
      $$$tc$$$ = class com.ibm.websphere.ras.TraceComponent@4b7f46b
    privateLibraries = null
    delegateLoaders = class com.ibm.ws.classloading.internal.util.CompositeIterable@72c76dc4
      iterables = class java.util.Arrays$ArrayList@6d5ed2d5
      serialVersionUID = -1227195994638150837
      $$$tc$$$ = class com.ibm.websphere.ras.TraceComponent@4f3d553e
    nativeLibraryFiles = class java.util.ArrayList@356bfb99
      serialVersionUID = "/* Could not access serialVersionUID */"
      DEFAULT_CAPACITY = "/* Could not access DEFAULT_CAPACITY */"
      EMPTY_ELEMENTDATA = "/* Could not access EMPTY_ELEMENTDATA */"
      DEFAULTCAPACITY_EMPTY_ELEMENTDATA = "/* Could not access DEFAULTCAPACITY_EMPTY_ELEMENTDATA */"
      elementData = "/* Could not access elementData */"
      size = "/* Could not access size */"
      modCount = "/* Could not access modCount */"
    transformers = class java.util.ArrayList@41398efc
      serialVersionUID = "/* Could not access serialVersionUID */"
      DEFAULT_CAPACITY = "/* Could not access DEFAULT_CAPACITY */"
      EMPTY_ELEMENTDATA = "/* Could not access EMPTY_ELEMENTDATA */"
      DEFAULTCAPACITY_EMPTY_ELEMENTDATA = "/* Could not access DEFAULTCAPACITY_EMPTY_ELEMENTDATA */"
      elementData = "/* Could not access elementData */"
      size = "/* Could not access size */"
      modCount = "/* Could not access modCount */"
    systemTransformers = class java.util.concurrent.CopyOnWriteArrayList@7ab99483
      serialVersionUID = "/* Could not access serialVersionUID */"
      lock = "/* Could not access lock */"
      array = "/* Could not access array */"
    apiAccess = class com.ibm.ws.classloading.internal.GatewayClassLoader@338e0f6
      config = class com.ibm.ws.classloading.internal.GatewayConfigurationImpl@667d8f69
      wiringMonitor = class com.ibm.ws.classloading.internal.GatewayClassLoader$1@7dae2109
      bundle = class org.eclipse.osgi.internal.framework.EquinoxBundle@880272f
      wiring = class org.eclipse.osgi.container.ModuleWiring@4d602ccf
      cl = null
      bLoader = class org.eclipse.osgi.internal.loader.BundleLoader@4712a90a
      resourceProviders = class com.ibm.ws.classloading.internal.CompositeResourceProvider@38b94e5
      serialVersionUID = -5503641212193211983
      $$$tc$$$ = class com.ibm.websphere.ras.TraceComponent@51bd721c
    generator = class com.ibm.ws.classloading.internal.ClassGeneratorManager@2e7e0579
      tc = class com.ibm.websphere.ras.TraceComponent@59f2866b
      generatorRefs = class com.ibm.wsspi.kernel.service.utils.ConcurrentServiceReferenceSet@710d9b01
      serialVersionUID = 4152663586056483310
    protectionDomains = class java.util.concurrent.ConcurrentHashMap@2c78e0e7
      serialVersionUID = "/* Could not access serialVersionUID */"
      MAXIMUM_CAPACITY = "/* Could not access MAXIMUM_CAPACITY */"
      DEFAULT_CAPACITY = "/* Could not access DEFAULT_CAPACITY */"
      MAX_ARRAY_SIZE = "/* Could not access MAX_ARRAY_SIZE */"
      DEFAULT_CONCURRENCY_LEVEL = "/* Could not access DEFAULT_CONCURRENCY_LEVEL */"
      LOAD_FACTOR = "/* Could not access LOAD_FACTOR */"
      TREEIFY_THRESHOLD = "/* Could not access TREEIFY_THRESHOLD */"
      UNTREEIFY_THRESHOLD = "/* Could not access UNTREEIFY_THRESHOLD */"
      MIN_TREEIFY_CAPACITY = "/* Could not access MIN_TREEIFY_CAPACITY */"
      MIN_TRANSFER_STRIDE = "/* Could not access MIN_TRANSFER_STRIDE */"
      RESIZE_STAMP_BITS = "/* Could not access RESIZE_STAMP_BITS */"
      MAX_RESIZERS = "/* Could not access MAX_RESIZERS */"
      RESIZE_STAMP_SHIFT = "/* Could not access RESIZE_STAMP_SHIFT */"
      MOVED = "/* Could not access MOVED */"
      TREEBIN = "/* Could not access TREEBIN */"
      RESERVED = "/* Could not access RESERVED */"
      HASH_BITS = "/* Could not access HASH_BITS */"
      NCPU = "/* Could not access NCPU */"
      serialPersistentFields = "/* Could not access serialPersistentFields */"
      table = "/* Could not access table */"
      nextTable = "/* Could not access nextTable */"
      baseCount = "/* Could not access baseCount */"
      sizeCtl = "/* Could not access sizeCtl */"
      transferIndex = "/* Could not access transferIndex */"
      cellsBusy = "/* Could not access cellsBusy */"
      counterCells = "/* Could not access counterCells */"
      keySet = "/* Could not access keySet */"
      values = "/* Could not access values */"
      entrySet = "/* Could not access entrySet */"
      U = "/* Could not access U */"
      SIZECTL = "/* Could not access SIZECTL */"
      TRANSFERINDEX = "/* Could not access TRANSFERINDEX */"
      BASECOUNT = "/* Could not access BASECOUNT */"
      CELLSBUSY = "/* Could not access CELLSBUSY */"
      CELLVALUE = "/* Could not access CELLVALUE */"
      ABASE = "/* Could not access ABASE */"
      ASHIFT = "/* Could not access ASHIFT */"
      keySet = "/* Could not access keySet */"
      values = "/* Could not access values */"
    hook = null
    serialVersionUID = 5906478461061001036
    checkpointPhase = class io.openliberty.checkpoint.spi.CheckpointPhase@4e8d4488
      AFTER_APP_START = class io.openliberty.checkpoint.spi.CheckpointPhase@5a64bc32
      BEFORE_APP_START = class io.openliberty.checkpoint.spi.CheckpointPhase@78a69f58
      INACTIVE = class io.openliberty.checkpoint.spi.CheckpointPhase@4e8d4488
      CHECKPOINT_PROPERTY = "io.openliberty.checkpoint"
      CHECKPOINT_ACTIVE_FILTER = "(!(io.openliberty.checkpoint=INACTIVE))"
      CHECKPOINT_RESTORED_PROPERTY = "io.openliberty.checkpoint.restored"
      CONDITION_PROCESS_RUNNING_ID = "io.openliberty.process.running"
      restored = true
      noMoreAddHooks = true
      singleThreadedHooks = class java.util.ArrayList@bee3f1a
      multiThreadedHooks = class java.util.ArrayList@47fe2d60
      THE_PHASE = class io.openliberty.checkpoint.spi.CheckpointPhase@4e8d4488
      DEBUG = false
      $VALUES = class io.openliberty.checkpoint.spi.CheckpointPhase[3]
      name = "/* Could not access name */"
      ordinal = "/* Could not access ordinal */"
      hash = "/* Could not access hash */"
    tc = class com.ibm.websphere.ras.TraceComponent@58b37b17
      strings[0] = "TraceComponent[com.ibm.ws.classloading.internal.ContainerClassLoader,class com.ibm.ws.classloading.internal.ContainerClassLoader,[ClassLoadingService],com.ibm.ws.classloading.internal.resources.ClassLoadingServiceMessages,null]"
    smartClassPath = class com.ibm.ws.classloading.internal.ContainerClassLoader$SmartClassPathImpl@651811e1
      rwLock = class java.util.concurrent.locks.ReentrantReadWriteLock@1b69ca02
      outstandingContainers = class java.util.concurrent.atomic.AtomicInteger@7fd1b3ed
      usePackageMap = true
      maxLastNotFound = 250
      maxLastFound = 900
      maxLastReallyNotFound = 900
      propsInUse = false
      classPath = class java.util.concurrent.CopyOnWriteArrayList@7e8cec09
      MAX_LASTNOTFOUND = 250
      lastNotFound = class java.util.concurrent.CopyOnWriteArrayList@6a601c8a
      MAX_LASTFOUND = 900
      lastFoundURL = class java.util.Collections$SynchronizedMap@3f8cf21e
      MAX_LASTREALLYNOTFOUND = 900
      lastReallyNotFoundURL = class java.util.Collections$SynchronizedMap@4d3070d9
      packageMap = class java.util.HashMap@54c531d2
      containers = class java.util.Collections$SetFromMap@3e2bf38c
      serialVersionUID = 1586111247084489525
      $$$tc$$$ = class com.ibm.websphere.ras.TraceComponent@5a2d264e
    nativeLibraryContainers = class java.util.ArrayList@fc599e8
      serialVersionUID = "/* Could not access serialVersionUID */"
      DEFAULT_CAPACITY = "/* Could not access DEFAULT_CAPACITY */"
      EMPTY_ELEMENTDATA = "/* Could not access EMPTY_ELEMENTDATA */"
      DEFAULTCAPACITY_EMPTY_ELEMENTDATA = "/* Could not access DEFAULTCAPACITY_EMPTY_ELEMENTDATA */"
      elementData = "/* Could not access elementData */"
      size = "/* Could not access size */"
      modCount = "/* Could not access modCount */"
    redefiner = class com.ibm.ws.classloading.internal.util.ClassRedefiner@4a97464c
      tc = class com.ibm.websphere.ras.TraceComponent@2bbbc6fd
      LS = "
"
      inst = class jdk.proxy2.$Proxy4@50ab4c9a
      serialVersionUID = 2420101865139508526
    jarProtocol = "wsjar:"
    mapCreationQueue = class java.util.concurrent.Executors$AutoShutdownDelegatedExecutorService@4634b758
      cleanable = "/* Could not access cleanable */"
      e = "/* Could not access e */"
    serialVersionUID = 251246017270836472
    parent = class com.ibm.ws.classloading.internal.GatewayClassLoader@338e0f6
    classNameLockStore = class com.ibm.ws.kernel.boot.utils.KeyBasedLockStore@286b882
      refQueue = class java.lang.ref.ReferenceQueue@2eded57d
      lockMap = class java.util.concurrent.ConcurrentHashMap@4047f646
      lockCreator = class com.ibm.ws.kernel.boot.classloader.NameBasedClassLoaderLock$1@4cdb1fd8
    serialVersionUID = -3020377578845918238
    $$$tc$$$ = class com.ibm.websphere.ras.TraceComponent@5d63d483
      strings[0] = "TraceComponent[com.ibm.ws.classloading.internal.LibertyLoader,class com.ibm.ws.classloading.internal.LibertyLoader,[ClassLoadingService],com.ibm.ws.classloading.internal.resources.ClassLoadingServiceMessages,null]"
    pdcache = "/* Could not access pdcache */"
  classLoaderThunk = null
  serialVersionUID = 4103688129337620201
  $$$tc$$$ = class com.ibm.websphere.ras.TraceComponent@db3e967
    strings[0] = "TraceComponent[com.ibm.ws.annocache.classsource.internal.ClassSourceImpl_ClassLoader,class com.ibm.ws.annocache.classsource.internal.ClassSourceImpl_ClassLoader,[com.ibm.ws.annocache],com.ibm.ws.anno.resources.internal.AnnoMessages,null]"
  logger = class com.ibm.ws.logging.internal.WsLogger@62e2d163
    ivCachedResourceBundleName = null
    ivCachedResourceBundle = null
    ivComponent = null
    ivOrganization = null
    ivProduct = null
    ivMinimumLocalizationLevelIntValue = 625
    ivTC = class com.ibm.websphere.ras.TraceComponent@d4a3223
      strings[0] = "TraceComponent[com.ibm.ws.annocache,class com.ibm.ws.annocache.service.internal.AnnotationCacheServiceImpl_Logging,[com.ibm.ws.annocache],null,null]"
    loggerRegistrationComponent = class java.lang.ThreadLocal@ffd7479
      TRACE_VTHREAD_LOCALS = "/* Could not access TRACE_VTHREAD_LOCALS */"
      threadLocalHashCode = "/* Could not access threadLocalHashCode */"
      nextHashCode = "/* Could not access nextHashCode */"
      HASH_INCREMENT = "/* Could not access HASH_INCREMENT */"
      $assertionsDisabled = "/* Could not access $assertionsDisabled */"
    emptyHandlers = "/* Could not access emptyHandlers */"
    offValue = "/* Could not access offValue */"
    SYSTEM_LOGGER_RB_NAME = "/* Could not access SYSTEM_LOGGER_RB_NAME */"
    SYSTEM_BUNDLE = "/* Could not access SYSTEM_BUNDLE */"
    NO_RESOURCE_BUNDLE = "/* Could not access NO_RESOURCE_BUNDLE */"
    config = "/* Could not access config */"
    manager = "/* Could not access manager */"
    name = "/* Could not access name */"
    loggerBundle = "/* Could not access loggerBundle */"
    anonymous = "/* Could not access anonymous */"
    catalogRef = "/* Could not access catalogRef */"
    catalogName = "/* Could not access catalogName */"
    catalogLocale = "/* Could not access catalogLocale */"
    treeLock = "/* Could not access treeLock */"
    parent = "/* Could not access parent */"
    kids = "/* Could not access kids */"
    callerModuleRef = "/* Could not access callerModuleRef */"
    isSystemLogger = "/* Could not access isSystemLogger */"
    GLOBAL_LOGGER_NAME = "global"
    global = class java.util.logging.Logger@6dcfddb7
      emptyHandlers = "/* Could not access emptyHandlers */"
      offValue = "/* Could not access offValue */"
      SYSTEM_LOGGER_RB_NAME = "/* Could not access SYSTEM_LOGGER_RB_NAME */"
      SYSTEM_BUNDLE = "/* Could not access SYSTEM_BUNDLE */"
      NO_RESOURCE_BUNDLE = "/* Could not access NO_RESOURCE_BUNDLE */"
      config = "/* Could not access config */"
      manager = "/* Could not access manager */"
      name = "/* Could not access name */"
      loggerBundle = "/* Could not access loggerBundle */"
      anonymous = "/* Could not access anonymous */"
      catalogRef = "/* Could not access catalogRef */"
      catalogName = "/* Could not access catalogName */"
      catalogLocale = "/* Could not access catalogLocale */"
      treeLock = "/* Could not access treeLock */"
      parent = "/* Could not access parent */"
      kids = "/* Could not access kids */"
      callerModuleRef = "/* Could not access callerModuleRef */"
      isSystemLogger = "/* Could not access isSystemLogger */"
      GLOBAL_LOGGER_NAME = "global"
      global = class java.util.logging.Logger@6dcfddb7
  stateLogger = class com.ibm.ws.logging.internal.WsLogger@10a93110
    ivCachedResourceBundleName = null
    ivCachedResourceBundle = null
    ivComponent = null
    ivOrganization = null
    ivProduct = null
    ivMinimumLocalizationLevelIntValue = 625
    ivTC = class com.ibm.websphere.ras.TraceComponent@4010809d
      strings[0] = "TraceComponent[com.ibm.ws.annocache.state,class com.ibm.ws.annocache.service.internal.AnnotationCacheServiceImpl_Logging,[com.ibm.ws.annocache.state],null,null]"
    loggerRegistrationComponent = class java.lang.ThreadLocal@ffd7479
    emptyHandlers = "/* Could not access emptyHandlers */"
    offValue = "/* Could not access offValue */"
    SYSTEM_LOGGER_RB_NAME = "/* Could not access SYSTEM_LOGGER_RB_NAME */"
    SYSTEM_BUNDLE = "/* Could not access SYSTEM_BUNDLE */"
    NO_RESOURCE_BUNDLE = "/* Could not access NO_RESOURCE_BUNDLE */"
    config = "/* Could not access config */"
    manager = "/* Could not access manager */"
    name = "/* Could not access name */"
    loggerBundle = "/* Could not access loggerBundle */"
    anonymous = "/* Could not access anonymous */"
    catalogRef = "/* Could not access catalogRef */"
    catalogName = "/* Could not access catalogName */"
    catalogLocale = "/* Could not access catalogLocale */"
    treeLock = "/* Could not access treeLock */"
    parent = "/* Could not access parent */"
    kids = "/* Could not access kids */"
    callerModuleRef = "/* Could not access callerModuleRef */"
    isSystemLogger = "/* Could not access isSystemLogger */"
    GLOBAL_LOGGER_NAME = "global"
    global = class java.util.logging.Logger@6dcfddb7
  jandexLogger = class com.ibm.ws.logging.internal.WsLogger@4bc0dafe
    ivCachedResourceBundleName = null
    ivCachedResourceBundle = null
    ivComponent = null
    ivOrganization = null
    ivProduct = null
    ivMinimumLocalizationLevelIntValue = 625
    ivTC = class com.ibm.websphere.ras.TraceComponent@68e3651
      strings[0] = "TraceComponent[com.ibm.ws.annocache.jandex,class com.ibm.ws.annocache.service.internal.AnnotationCacheServiceImpl_Logging,[com.ibm.ws.annocache.jandex],null,null]"
    loggerRegistrationComponent = class java.lang.ThreadLocal@ffd7479
    emptyHandlers = "/* Could not access emptyHandlers */"
    offValue = "/* Could not access offValue */"
    SYSTEM_LOGGER_RB_NAME = "/* Could not access SYSTEM_LOGGER_RB_NAME */"
    SYSTEM_BUNDLE = "/* Could not access SYSTEM_BUNDLE */"
    NO_RESOURCE_BUNDLE = "/* Could not access NO_RESOURCE_BUNDLE */"
    config = "/* Could not access config */"
    manager = "/* Could not access manager */"
    name = "/* Could not access name */"
    loggerBundle = "/* Could not access loggerBundle */"
    anonymous = "/* Could not access anonymous */"
    catalogRef = "/* Could not access catalogRef */"
    catalogName = "/* Could not access catalogName */"
    catalogLocale = "/* Could not access catalogLocale */"
    treeLock = "/* Could not access treeLock */"
    parent = "/* Could not access parent */"
    kids = "/* Could not access kids */"
    callerModuleRef = "/* Could not access callerModuleRef */"
    isSystemLogger = "/* Could not access isSystemLogger */"
    GLOBAL_LOGGER_NAME = "global"
    global = class java.util.logging.Logger@6dcfddb7
  CLASS_NAME = "ClassSourceImpl"
  hashText = "ClassSourceImpl_ClassLoader@7a02ec1d(classloader, com.ibm.ws.classloading.internal.AppClassLoader@5ce62241)"
  factory = class com.ibm.ws.annocache.classsource.internal.ClassSourceImpl_Factory@463fff9d
    logger = class com.ibm.ws.logging.internal.WsLogger@62e2d163
    CLASS_NAME = "ClassSourceImpl_Factory"
    hashText = "ClassSourceImpl_Factory@463fff9d"
    bundleEntryUrlConverter = class org.eclipse.osgi.storage.url.BundleURLConverter@6b91e9a4
    utilFactory = class com.ibm.ws.annocache.util.internal.UtilImpl_Factory@41a32a4c
      logger = class com.ibm.ws.logging.internal.WsLogger@3908ebda
      CLASS_NAME = "UtilImpl_Factory"
      hashText = "UtilImpl_Factory@41a32a4c"
      DO_RECORD_ADDED = true
      DO_NOT_RECORD_ADDED = false
      DO_RECORD_REMOVED = true
      DO_NOT_RECORD_REMOVED = false
      DO_RECORD_CHANGED = true
      DO_NOT_RECORD_CHANGED = false
      DO_RECORD_STILL = true
      DO_NOT_RECORD_STILL = false
      ZERO_ADDED = 0
      ZERO_REMOVED = 0
      ZERO_CHANGED = 0
      ZERO_STILL = 0
      ANY_NUMBER_OF_ADDED = -1
      ANY_NUMBER_OF_REMOVED = -1
      ANY_NUMBER_OF_CHANGED = -1
      ANY_NUMBER_OF_STILL = -1
      AS_ADDED = true
      AS_REMOVED = false
      serialVersionUID = -7506346230910368202
    serialVersionUID = -7830745105939504969
  entryPrefix = null
  name = "classloader"
  canonicalName = "classloader"
  parentSource = class com.ibm.ws.annocache.classsource.internal.ClassSourceImpl_Aggregate@172f5457
    logger = class com.ibm.ws.logging.internal.WsLogger@62e2d163
    stateLogger = class com.ibm.ws.logging.internal.WsLogger@10a93110
    jandexLogger = class com.ibm.ws.logging.internal.WsLogger@4bc0dafe
    CLASS_NAME = "ClassSourceImpl_Aggregate"
    hashText = "ClassSourceImpl_Aggregate@172f5457(gestioncontact:gestioncontact:null)"
    options = class com.ibm.ws.annocache.classsource.internal.ClassSourceImpl_Options@6f895682
      CLASS_NAME = "ClassSourceImpl_Options"
      USE_JANDEX_OVERRIDE = null
      HAS_JANDEX_PATH_OVERRIDE = false
      JANDEX_PATH_OVERRIDE = "META-INF/jandex.idx"
      HAS_SCAN_THREADS_OVERRIDE = false
      SCAN_THREADS_OVERRIDE = 1
      useJandex = false
      isSetJandexPath = false
      jandexPath = "META-INF/jandex.idx"
      isSetScanThreads = false
      scanThreads = 1
      serialVersionUID = 6298948239364426260
      $$$tc$$$ = class com.ibm.websphere.ras.TraceComponent@1ac8d583
    factory = class com.ibm.ws.annocache.classsource.internal.ClassSourceImpl_Factory@463fff9d
    internMap = class com.ibm.ws.annocache.util.internal.UtilImpl_InternMap@6ac6f699
    applicationName = "gestioncontact"
    moduleName = "gestioncontact"
    moduleCategoryName = null
    openCount = 1
    successfulOpens = class java.util.ArrayList@58fca159
      serialVersionUID = "/* Could not access serialVersionUID */"
      DEFAULT_CAPACITY = "/* Could not access DEFAULT_CAPACITY */"
      EMPTY_ELEMENTDATA = "/* Could not access EMPTY_ELEMENTDATA */"
      DEFAULTCAPACITY_EMPTY_ELEMENTDATA = "/* Could not access DEFAULTCAPACITY_EMPTY_ELEMENTDATA */"
      elementData = "/* Could not access elementData */"
      size = "/* Could not access size */"
      modCount = "/* Could not access modCount */"
    failedOpens = class java.util.ArrayList@2168a0dc
      serialVersionUID = "/* Could not access serialVersionUID */"
      DEFAULT_CAPACITY = "/* Could not access DEFAULT_CAPACITY */"
      EMPTY_ELEMENTDATA = "/* Could not access EMPTY_ELEMENTDATA */"
      DEFAULTCAPACITY_EMPTY_ELEMENTDATA = "/* Could not access DEFAULTCAPACITY_EMPTY_ELEMENTDATA */"
      elementData = "/* Could not access elementData */"
      size = "/* Could not access size */"
      modCount = "/* Could not access modCount */"
    classSources = class java.util.ArrayList@69e14172
      serialVersionUID = "/* Could not access serialVersionUID */"
      DEFAULT_CAPACITY = "/* Could not access DEFAULT_CAPACITY */"
      EMPTY_ELEMENTDATA = "/* Could not access EMPTY_ELEMENTDATA */"
      DEFAULTCAPACITY_EMPTY_ELEMENTDATA = "/* Could not access DEFAULTCAPACITY_EMPTY_ELEMENTDATA */"
      elementData = "/* Could not access elementData */"
      size = "/* Could not access size */"
      modCount = "/* Could not access modCount */"
    classSourceNames = class java.util.HashMap@4c79278a
      serialVersionUID = "/* Could not access serialVersionUID */"
      DEFAULT_INITIAL_CAPACITY = "/* Could not access DEFAULT_INITIAL_CAPACITY */"
      MAXIMUM_CAPACITY = "/* Could not access MAXIMUM_CAPACITY */"
      DEFAULT_LOAD_FACTOR = "/* Could not access DEFAULT_LOAD_FACTOR */"
      TREEIFY_THRESHOLD = "/* Could not access TREEIFY_THRESHOLD */"
      UNTREEIFY_THRESHOLD = "/* Could not access UNTREEIFY_THRESHOLD */"
      MIN_TREEIFY_CAPACITY = "/* Could not access MIN_TREEIFY_CAPACITY */"
      table = "/* Could not access table */"
      entrySet = "/* Could not access entrySet */"
      size = "/* Could not access size */"
      modCount = "/* Could not access modCount */"
      threshold = "/* Could not access threshold */"
      loadFactor = "/* Could not access loadFactor */"
      keySet = "/* Could not access keySet */"
      values = "/* Could not access values */"
    internalSourceCount = 27
    seedClassSources = class java.util.HashSet@71b2b135
      serialVersionUID = "/* Could not access serialVersionUID */"
      map = "/* Could not access map */"
      PRESENT = "/* Could not access PRESENT */"
    partialClassSources = class java.util.HashSet@15b8919f
      serialVersionUID = "/* Could not access serialVersionUID */"
      map = "/* Could not access map */"
      PRESENT = "/* Could not access PRESENT */"
    excludedClassSources = class java.util.HashSet@76b1a88b
      serialVersionUID = "/* Could not access serialVersionUID */"
      map = "/* Could not access map */"
      PRESENT = "/* Could not access PRESENT */"
    externalClassSources = class java.util.HashSet@737184a0
      serialVersionUID = "/* Could not access serialVersionUID */"
      map = "/* Could not access map */"
      PRESENT = "/* Could not access PRESENT */"
    totalLookups = 4
    repeatLookups = 0
    i_lookupCounts = class java.util.IdentityHashMap@17aea8e2
      DEFAULT_CAPACITY = "/* Could not access DEFAULT_CAPACITY */"
      MINIMUM_CAPACITY = "/* Could not access MINIMUM_CAPACITY */"
      MAXIMUM_CAPACITY = "/* Could not access MAXIMUM_CAPACITY */"
      table = "/* Could not access table */"
      size = "/* Could not access size */"
      modCount = "/* Could not access modCount */"
      NULL_KEY = "/* Could not access NULL_KEY */"
      entrySet = "/* Could not access entrySet */"
      serialVersionUID = "/* Could not access serialVersionUID */"
      keySet = "/* Could not access keySet */"
      values = "/* Could not access values */"
    i_globalResults = class java.util.IdentityHashMap@464be7e1
      DEFAULT_CAPACITY = "/* Could not access DEFAULT_CAPACITY */"
      MINIMUM_CAPACITY = "/* Could not access MINIMUM_CAPACITY */"
      MAXIMUM_CAPACITY = "/* Could not access MAXIMUM_CAPACITY */"
      table = "/* Could not access table */"
      size = "/* Could not access size */"
      modCount = "/* Could not access modCount */"
      NULL_KEY = "/* Could not access NULL_KEY */"
      entrySet = "/* Could not access entrySet */"
      serialVersionUID = "/* Could not access serialVersionUID */"
      keySet = "/* Could not access keySet */"
      values = "/* Could not access values */"
    i_failedLookups = class java.util.IdentityHashMap@3dc5ea53
      DEFAULT_CAPACITY = "/* Could not access DEFAULT_CAPACITY */"
      MINIMUM_CAPACITY = "/* Could not access MINIMUM_CAPACITY */"
      MAXIMUM_CAPACITY = "/* Could not access MAXIMUM_CAPACITY */"
      table = "/* Could not access table */"
      size = "/* Could not access size */"
      modCount = "/* Could not access modCount */"
      NULL_KEY = "/* Could not access NULL_KEY */"
      entrySet = "/* Could not access entrySet */"
      serialVersionUID = "/* Could not access serialVersionUID */"
      keySet = "/* Could not access keySet */"
      values = "/* Could not access values */"
    i_firstSuccesses = class java.util.IdentityHashMap@426e3dcf
      DEFAULT_CAPACITY = "/* Could not access DEFAULT_CAPACITY */"
      MINIMUM_CAPACITY = "/* Could not access MINIMUM_CAPACITY */"
      MAXIMUM_CAPACITY = "/* Could not access MAXIMUM_CAPACITY */"
      table = "/* Could not access table */"
      size = "/* Could not access size */"
      modCount = "/* Could not access modCount */"
      NULL_KEY = "/* Could not access NULL_KEY */"
      entrySet = "/* Could not access entrySet */"
      serialVersionUID = "/* Could not access serialVersionUID */"
      keySet = "/* Could not access keySet */"
      values = "/* Could not access values */"
    cacheReadTime = 23168600
    cacheWriteTime = 2362756400
    timingData = null
    serialVersionUID = -1471546409106125551
  NS_IN_MS = 1000000
  stamp = "** UNRECORDED **"
  internMap = class com.ibm.ws.annocache.util.internal.UtilImpl_InternMap@6ac6f699
    logger = class com.ibm.ws.logging.internal.WsLogger@3908ebda
      ivCachedResourceBundleName = null
      ivCachedResourceBundle = null
      ivComponent = null
      ivOrganization = null
      ivProduct = null
      ivMinimumLocalizationLevelIntValue = 625
      ivTC = class com.ibm.websphere.ras.TraceComponent@547534c8
      loggerRegistrationComponent = class java.lang.ThreadLocal@ffd7479
      emptyHandlers = "/* Could not access emptyHandlers */"
      offValue = "/* Could not access offValue */"
      SYSTEM_LOGGER_RB_NAME = "/* Could not access SYSTEM_LOGGER_RB_NAME */"
      SYSTEM_BUNDLE = "/* Could not access SYSTEM_BUNDLE */"
      NO_RESOURCE_BUNDLE = "/* Could not access NO_RESOURCE_BUNDLE */"
      config = "/* Could not access config */"
      manager = "/* Could not access manager */"
      name = "/* Could not access name */"
      loggerBundle = "/* Could not access loggerBundle */"
      anonymous = "/* Could not access anonymous */"
      catalogRef = "/* Could not access catalogRef */"
      catalogName = "/* Could not access catalogName */"
      catalogLocale = "/* Could not access catalogLocale */"
      treeLock = "/* Could not access treeLock */"
      parent = "/* Could not access parent */"
      kids = "/* Could not access kids */"
      callerModuleRef = "/* Could not access callerModuleRef */"
      isSystemLogger = "/* Could not access isSystemLogger */"
      GLOBAL_LOGGER_NAME = "global"
      global = class java.util.logging.Logger@6dcfddb7
    stateLogger = class com.ibm.ws.logging.internal.WsLogger@2b8d09da
      ivCachedResourceBundleName = null
      ivCachedResourceBundle = null
      ivComponent = null
      ivOrganization = null
      ivProduct = null
      ivMinimumLocalizationLevelIntValue = 625
      ivTC = class com.ibm.websphere.ras.TraceComponent@422ca64c
      loggerRegistrationComponent = class java.lang.ThreadLocal@ffd7479
      emptyHandlers = "/* Could not access emptyHandlers */"
      offValue = "/* Could not access offValue */"
      SYSTEM_LOGGER_RB_NAME = "/* Could not access SYSTEM_LOGGER_RB_NAME */"
      SYSTEM_BUNDLE = "/* Could not access SYSTEM_BUNDLE */"
      NO_RESOURCE_BUNDLE = "/* Could not access NO_RESOURCE_BUNDLE */"
      config = "/* Could not access config */"
      manager = "/* Could not access manager */"
      name = "/* Could not access name */"
      loggerBundle = "/* Could not access loggerBundle */"
      anonymous = "/* Could not access anonymous */"
      catalogRef = "/* Could not access catalogRef */"
      catalogName = "/* Could not access catalogName */"
      catalogLocale = "/* Could not access catalogLocale */"
      treeLock = "/* Could not access treeLock */"
      parent = "/* Could not access parent */"
      kids = "/* Could not access kids */"
      callerModuleRef = "/* Could not access callerModuleRef */"
      isSystemLogger = "/* Could not access isSystemLogger */"
      GLOBAL_LOGGER_NAME = "global"
      global = class java.util.logging.Logger@6dcfddb7
    CLASS_NAME = "UtilImpl_InternMap"
    DEFAULT_LOG_THRESHHOLD = 4096
    logThreshHold = 4096
    factory = class com.ibm.ws.annocache.util.internal.UtilImpl_Factory@41a32a4c
    valueType = class com.ibm.wsspi.anno.util.Util_InternMap$ValueType@18bec921
      VT_CLASS_RESOURCE = class com.ibm.wsspi.anno.util.Util_InternMap$ValueType@5caf5e43
      VT_CLASS_REFERENCE = class com.ibm.wsspi.anno.util.Util_InternMap$ValueType@6225e7bc
      VT_CLASS_NAME = class com.ibm.wsspi.anno.util.Util_InternMap$ValueType@18bec921
      VT_FIELD_NAME = class com.ibm.wsspi.anno.util.Util_InternMap$ValueType@7232dd05
      VT_METHOD_NAME = class com.ibm.wsspi.anno.util.Util_InternMap$ValueType@e128c73
      VT_OTHER = class com.ibm.wsspi.anno.util.Util_InternMap$ValueType@28e996b4
      $VALUES = class com.ibm.wsspi.anno.util.Util_InternMap$ValueType[6]
      name = "/* Could not access name */"
      ordinal = "/* Could not access ordinal */"
      hash = "/* Could not access hash */"
    checkValues = false
    name = "classes and packages"
    internMap = class java.util.HashMap@1376ad5a
      serialVersionUID = "/* Could not access serialVersionUID */"
      DEFAULT_INITIAL_CAPACITY = "/* Could not access DEFAULT_INITIAL_CAPACITY */"
      MAXIMUM_CAPACITY = "/* Could not access MAXIMUM_CAPACITY */"
      DEFAULT_LOAD_FACTOR = "/* Could not access DEFAULT_LOAD_FACTOR */"
      TREEIFY_THRESHOLD = "/* Could not access TREEIFY_THRESHOLD */"
      UNTREEIFY_THRESHOLD = "/* Could not access UNTREEIFY_THRESHOLD */"
      MIN_TREEIFY_CAPACITY = "/* Could not access MIN_TREEIFY_CAPACITY */"
      table = "/* Could not access table */"
      entrySet = "/* Could not access entrySet */"
      size = "/* Could not access size */"
      modCount = "/* Could not access modCount */"
      threshold = "/* Could not access threshold */"
      loadFactor = "/* Could not access loadFactor */"
      keySet = "/* Could not access keySet */"
      values = "/* Could not access values */"
    lastReportedLength = 0
    totalLength = 611
    serialVersionUID = -1074462789641188197
  processedUsingJandex = false
  readFromCache = false
  processTime = 35400
  processCount = 1
  serialVersionUID = -35582084739072802

Dump of objectArray[0]
Object type = java.lang.String
  String value = "estm.dsic.jee.rest.controllers.ContactController"

Dump of objectArray[1]
Object type = java.lang.String
  String value = "estm/dsic/jee/rest/controllers/ContactController.class"

