------Start of DE processing------ = [13/03/2024 19:37:17:098 WET]
Exception = org.jboss.weld.exceptions.DeploymentException
Source = com.ibm.ws.cdi.liberty.CDIRuntimeImpl
probeid = 478
Stack Dump = org.jboss.weld.exceptions.DeploymentException: Exception List with 2 exceptions:
Exception 0 :
org.jboss.weld.exceptions.DeploymentException: WELD-001408: Unsatisfied dependencies for type UserServices with qualifiers @Default
  at injection point [BackedAnnotatedField] @Inject estm.dsic.jee.rest.controllers.UserController.userServices
  at estm.dsic.jee.rest.controllers.UserController.userServices(UserController.java:0)

	at org.jboss.weld.bootstrap.Validator.validateInjectionPointForDeploymentProblems(Validator.java:367)
	at org.jboss.weld.bootstrap.Validator.validateInjectionPoint(Validator.java:285)
	at org.jboss.weld.bootstrap.Validator.validateGeneralBean(Validator.java:141)
	at org.jboss.weld.bootstrap.Validator.validateRIBean(Validator.java:162)
	at org.jboss.weld.bootstrap.Validator.validateBean(Validator.java:515)
	at org.jboss.weld.bootstrap.ConcurrentValidator$1.doWork(ConcurrentValidator.java:64)
	at org.jboss.weld.bootstrap.ConcurrentValidator$1.doWork(ConcurrentValidator.java:62)
	at org.jboss.weld.executor.IterativeWorkerTaskFactory$1.call(IterativeWorkerTaskFactory.java:62)
	at org.jboss.weld.executor.IterativeWorkerTaskFactory$1.call(IterativeWorkerTaskFactory.java:55)
	at com.ibm.ws.threading.internal.PolicyTaskFutureImpl.run(PolicyTaskFutureImpl.java:765)
	at com.ibm.ws.threading.internal.PolicyExecutorImpl.runTask(PolicyExecutorImpl.java:1297)
	at com.ibm.ws.threading.internal.PolicyExecutorImpl$AsyncTask.run(PolicyExecutorImpl.java:219)
	at java.base/java.util.concurrent.ThreadPoolExecutor.runWorker(ThreadPoolExecutor.java:1144)
	at java.base/java.util.concurrent.ThreadPoolExecutor$Worker.run(ThreadPoolExecutor.java:642)
	at java.base/java.lang.Thread.run(Thread.java:1583)
Exception 1 :
org.jboss.weld.exceptions.DeploymentException: WELD-001408: Unsatisfied dependencies for type ContactServices with qualifiers @Default
  at injection point [BackedAnnotatedField] @Inject estm.dsic.jee.rest.controllers.ContactController.contactServices
  at estm.dsic.jee.rest.controllers.ContactController.contactServices(ContactController.java:0)

	at org.jboss.weld.bootstrap.Validator.validateInjectionPointForDeploymentProblems(Validator.java:367)
	at org.jboss.weld.bootstrap.Validator.validateInjectionPoint(Validator.java:285)
	at org.jboss.weld.bootstrap.Validator.validateGeneralBean(Validator.java:141)
	at org.jboss.weld.bootstrap.Validator.validateRIBean(Validator.java:162)
	at org.jboss.weld.bootstrap.Validator.validateBean(Validator.java:515)
	at org.jboss.weld.bootstrap.ConcurrentValidator$1.doWork(ConcurrentValidator.java:64)
	at org.jboss.weld.bootstrap.ConcurrentValidator$1.doWork(ConcurrentValidator.java:62)
	at org.jboss.weld.executor.IterativeWorkerTaskFactory$1.call(IterativeWorkerTaskFactory.java:62)
	at org.jboss.weld.executor.IterativeWorkerTaskFactory$1.call(IterativeWorkerTaskFactory.java:55)
	at com.ibm.ws.threading.internal.PolicyTaskFutureImpl.run(PolicyTaskFutureImpl.java:765)
	at com.ibm.ws.threading.internal.PolicyExecutorImpl.runTask(PolicyExecutorImpl.java:1297)
	at com.ibm.ws.threading.internal.PolicyExecutorImpl$AsyncTask.run(PolicyExecutorImpl.java:219)
	at java.base/java.util.concurrent.ThreadPoolExecutor.runWorker(ThreadPoolExecutor.java:1144)
	at java.base/java.util.concurrent.ThreadPoolExecutor$Worker.run(ThreadPoolExecutor.java:642)
	at java.base/java.lang.Thread.run(Thread.java:1583)

	at org.jboss.weld.bootstrap.ConcurrentValidator.validateBeans(ConcurrentValidator.java:72)
	at org.jboss.weld.bootstrap.Validator.validateDeployment(Validator.java:476)
	at org.jboss.weld.bootstrap.WeldStartup.validateBeans(WeldStartup.java:492)
	at org.jboss.weld.bootstrap.WeldBootstrap.validateBeans(WeldBootstrap.java:94)
	at com.ibm.ws.cdi.impl.CDIContainerImpl.startInitialization(CDIContainerImpl.java:178)
	at com.ibm.ws.cdi.liberty.CDIRuntimeImpl.applicationStarting(CDIRuntimeImpl.java:479)
	at com.ibm.ws.container.service.state.internal.ApplicationStateManager.fireStarting(ApplicationStateManager.java:53)
	at com.ibm.ws.container.service.state.internal.StateChangeServiceImpl.fireApplicationStarting(StateChangeServiceImpl.java:52)
	at com.ibm.ws.app.manager.module.internal.SimpleDeployedAppInfoBase.preDeployApp(SimpleDeployedAppInfoBase.java:550)
	at com.ibm.ws.app.manager.module.internal.SimpleDeployedAppInfoBase.installApp(SimpleDeployedAppInfoBase.java:511)
	at com.ibm.ws.app.manager.module.internal.DeployedAppInfoBase.deployApp(DeployedAppInfoBase.java:351)
	at com.ibm.ws.app.manager.war.internal.WARApplicationHandlerImpl.install(WARApplicationHandlerImpl.java:67)
	at com.ibm.ws.app.manager.internal.statemachine.StartAction.execute(StartAction.java:184)
	at com.ibm.ws.app.manager.internal.statemachine.ApplicationStateMachineImpl.enterState(ApplicationStateMachineImpl.java:1369)
	at com.ibm.ws.app.manager.internal.statemachine.ApplicationStateMachineImpl.performAction(ApplicationStateMachineImpl.java:1233)
	at com.ibm.ws.app.manager.internal.statemachine.ApplicationStateMachineImpl.run(ApplicationStateMachineImpl.java:920)
	at com.ibm.ws.threading.internal.ExecutorServiceImpl$RunnableWrapper.run(ExecutorServiceImpl.java:280)
	at java.base/java.util.concurrent.ThreadPoolExecutor.runWorker(ThreadPoolExecutor.java:1144)
	at java.base/java.util.concurrent.ThreadPoolExecutor$Worker.run(ThreadPoolExecutor.java:642)
	at java.base/java.lang.Thread.run(Thread.java:1583)
	Suppressed: org.jboss.weld.exceptions.DeploymentException: WELD-001408: Unsatisfied dependencies for type UserServices with qualifiers @Default
  at injection point [BackedAnnotatedField] @Inject estm.dsic.jee.rest.controllers.UserController.userServices
  at estm.dsic.jee.rest.controllers.UserController.userServices(UserController.java:0)

		at org.jboss.weld.bootstrap.Validator.validateInjectionPointForDeploymentProblems(Validator.java:367)
		at org.jboss.weld.bootstrap.Validator.validateInjectionPoint(Validator.java:285)
		at org.jboss.weld.bootstrap.Validator.validateGeneralBean(Validator.java:141)
		at org.jboss.weld.bootstrap.Validator.validateRIBean(Validator.java:162)
		at org.jboss.weld.bootstrap.Validator.validateBean(Validator.java:515)
		at org.jboss.weld.bootstrap.ConcurrentValidator$1.doWork(ConcurrentValidator.java:64)
		at org.jboss.weld.bootstrap.ConcurrentValidator$1.doWork(ConcurrentValidator.java:62)
		at org.jboss.weld.executor.IterativeWorkerTaskFactory$1.call(IterativeWorkerTaskFactory.java:62)
		at org.jboss.weld.executor.IterativeWorkerTaskFactory$1.call(IterativeWorkerTaskFactory.java:55)
		at com.ibm.ws.threading.internal.PolicyTaskFutureImpl.run(PolicyTaskFutureImpl.java:765)
		at com.ibm.ws.threading.internal.PolicyExecutorImpl.runTask(PolicyExecutorImpl.java:1297)
		at com.ibm.ws.threading.internal.PolicyExecutorImpl$AsyncTask.run(PolicyExecutorImpl.java:219)
		... 3 more
	Suppressed: org.jboss.weld.exceptions.DeploymentException: WELD-001408: Unsatisfied dependencies for type ContactServices with qualifiers @Default
  at injection point [BackedAnnotatedField] @Inject estm.dsic.jee.rest.controllers.ContactController.contactServices
  at estm.dsic.jee.rest.controllers.ContactController.contactServices(ContactController.java:0)

		at org.jboss.weld.bootstrap.Validator.validateInjectionPointForDeploymentProblems(Validator.java:367)
		at org.jboss.weld.bootstrap.Validator.validateInjectionPoint(Validator.java:285)
		at org.jboss.weld.bootstrap.Validator.validateGeneralBean(Validator.java:141)
		at org.jboss.weld.bootstrap.Validator.validateRIBean(Validator.java:162)
		at org.jboss.weld.bootstrap.Validator.validateBean(Validator.java:515)
		at org.jboss.weld.bootstrap.ConcurrentValidator$1.doWork(ConcurrentValidator.java:64)
		at org.jboss.weld.bootstrap.ConcurrentValidator$1.doWork(ConcurrentValidator.java:62)
		at org.jboss.weld.executor.IterativeWorkerTaskFactory$1.call(IterativeWorkerTaskFactory.java:62)
		at org.jboss.weld.executor.IterativeWorkerTaskFactory$1.call(IterativeWorkerTaskFactory.java:55)
		at com.ibm.ws.threading.internal.PolicyTaskFutureImpl.run(PolicyTaskFutureImpl.java:765)
		at com.ibm.ws.threading.internal.PolicyExecutorImpl.runTask(PolicyExecutorImpl.java:1297)
		at com.ibm.ws.threading.internal.PolicyExecutorImpl$AsyncTask.run(PolicyExecutorImpl.java:219)
		... 3 more

Dump of callerThis
Object type = com.ibm.ws.cdi.liberty.CDIRuntimeImpl
  tc = class com.ibm.websphere.ras.TraceComponent@29261052
    strings[0] = "TraceComponent[com.ibm.ws.cdi.liberty.CDIRuntimeImpl,class com.ibm.ws.cdi.liberty.CDIRuntimeImpl,[JCDI],com.ibm.ws.cdi.internal.resources.CDI,null]"
  metaDataSlotServiceSR = class com.ibm.wsspi.kernel.service.utils.AtomicServiceReference@2cf3e98d
    referenceName = "metaDataSlotService"
    tuple = class java.util.concurrent.atomic.AtomicReference@134bdc0f
      serialVersionUID = "/* Could not access serialVersionUID */"
      VALUE = "/* Could not access VALUE */"
      value = "/* Could not access value */"
    serialVersionUID = 2226592364007985000
    $$$tc$$$ = class com.ibm.websphere.ras.TraceComponent@5d09712d
  ejbEndpointServiceSR = class com.ibm.wsspi.kernel.service.utils.AtomicServiceReference@156aafd3
    referenceName = "ejbEndpointService"
    tuple = class java.util.concurrent.atomic.AtomicReference@69bed8f1
      serialVersionUID = "/* Could not access serialVersionUID */"
      VALUE = "/* Could not access VALUE */"
      value = "/* Could not access value */"
    serialVersionUID = 2226592364007985000
    $$$tc$$$ = class com.ibm.websphere.ras.TraceComponent@5d09712d
  classLoadingSRRef = class com.ibm.wsspi.kernel.service.utils.AtomicServiceReference@5cf09a10
    referenceName = "classLoadingService"
    tuple = class java.util.concurrent.atomic.AtomicReference@41a903da
      serialVersionUID = "/* Could not access serialVersionUID */"
      VALUE = "/* Could not access VALUE */"
      value = "/* Could not access value */"
    serialVersionUID = 2226592364007985000
    $$$tc$$$ = class com.ibm.websphere.ras.TraceComponent@5d09712d
  ejbServices = class com.ibm.wsspi.kernel.service.utils.AtomicServiceReference@50513318
    referenceName = "ejbServices"
    tuple = class java.util.concurrent.atomic.AtomicReference@431795fd
      serialVersionUID = "/* Could not access serialVersionUID */"
      VALUE = "/* Could not access VALUE */"
      value = "/* Could not access value */"
    serialVersionUID = 2226592364007985000
    $$$tc$$$ = class com.ibm.websphere.ras.TraceComponent@5d09712d
  transactionService = class com.ibm.wsspi.kernel.service.utils.AtomicServiceReference@635d171e
    referenceName = "transactionService"
    tuple = class java.util.concurrent.atomic.AtomicReference@713e1e3c
      serialVersionUID = "/* Could not access serialVersionUID */"
      VALUE = "/* Could not access VALUE */"
      value = "/* Could not access value */"
    serialVersionUID = 2226592364007985000
    $$$tc$$$ = class com.ibm.websphere.ras.TraceComponent@5d09712d
      strings[0] = "TraceComponent[com.ibm.wsspi.kernel.service.utils.AtomicServiceReference,class com.ibm.wsspi.kernel.service.utils.AtomicServiceReference,[kernelUtils],com.ibm.ws.kernel.service.utils.resources.ServiceMessages,null]"
  securityServices = class com.ibm.wsspi.kernel.service.utils.AtomicServiceReference@23893891
    referenceName = "securityServices"
    tuple = class java.util.concurrent.atomic.AtomicReference@117047cd
      serialVersionUID = "/* Could not access serialVersionUID */"
      VALUE = "/* Could not access VALUE */"
      value = "/* Could not access value */"
    serialVersionUID = 2226592364007985000
    $$$tc$$$ = class com.ibm.websphere.ras.TraceComponent@5d09712d
  extensionsSR = class com.ibm.wsspi.kernel.service.utils.ConcurrentServiceReferenceSet@7b7116ea
    referenceName = "extensionService"
    contextRef = class java.util.concurrent.atomic.AtomicReference@3331da16
      serialVersionUID = "/* Could not access serialVersionUID */"
      VALUE = "/* Could not access VALUE */"
      value = "/* Could not access value */"
    elementMap = class java.util.LinkedHashMap@6aec0603
      serialVersionUID = "/* Could not access serialVersionUID */"
      head = "/* Could not access head */"
      tail = "/* Could not access tail */"
      accessOrder = "/* Could not access accessOrder */"
      PUT_NORM = "/* Could not access PUT_NORM */"
      PUT_FIRST = "/* Could not access PUT_FIRST */"
      PUT_LAST = "/* Could not access PUT_LAST */"
      putMode = "/* Could not access putMode */"
      serialVersionUID = "/* Could not access serialVersionUID */"
      DEFAULT_INITIAL_CAPACITY = "/* Could not access DEFAULT_INITIAL_CAPACITY */"
      MAXIMUM_CAPACITY = "/* Could not access MAXIMUM_CAPACITY */"
      DEFAULT_LOAD_FACTOR = "/* Could not access DEFAULT_LOAD_FACTOR */"
      TREEIFY_THRESHOLD = "/* Could not access TREEIFY_THRESHOLD */"
      UNTREEIFY_THRESHOLD = "/* Could not access UNTREEIFY_THRESHOLD */"
      MIN_TREEIFY_CAPACITY = "/* Could not access MIN_TREEIFY_CAPACITY */"
      table = "/* Could not access table */"
      entrySet = "/* Could not access entrySet */"
      size = "/* Could not access size */"
      modCount = "/* Could not access modCount */"
      threshold = "/* Could not access threshold */"
      loadFactor = "/* Could not access loadFactor */"
      keySet = "/* Could not access keySet */"
      values = "/* Could not access values */"
    elementSet = class java.util.concurrent.ConcurrentSkipListSet@5faca89a
      serialVersionUID = "/* Could not access serialVersionUID */"
      m = "/* Could not access m */"
    elementSetUnsorted = false
    serialVersionUID = 756240983881166148
    $$$tc$$$ = class com.ibm.websphere.ras.TraceComponent@38bd1d44
  spiExtensionsSR = class com.ibm.wsspi.kernel.service.utils.ConcurrentServiceReferenceSet@22e1236f
    referenceName = "spiExtensionService"
    contextRef = class java.util.concurrent.atomic.AtomicReference@42d9bc5d
      serialVersionUID = "/* Could not access serialVersionUID */"
      VALUE = "/* Could not access VALUE */"
      value = "/* Could not access value */"
    elementMap = class java.util.LinkedHashMap@1e5abce0
      serialVersionUID = "/* Could not access serialVersionUID */"
      head = "/* Could not access head */"
      tail = "/* Could not access tail */"
      accessOrder = "/* Could not access accessOrder */"
      PUT_NORM = "/* Could not access PUT_NORM */"
      PUT_FIRST = "/* Could not access PUT_FIRST */"
      PUT_LAST = "/* Could not access PUT_LAST */"
      putMode = "/* Could not access putMode */"
      serialVersionUID = "/* Could not access serialVersionUID */"
      DEFAULT_INITIAL_CAPACITY = "/* Could not access DEFAULT_INITIAL_CAPACITY */"
      MAXIMUM_CAPACITY = "/* Could not access MAXIMUM_CAPACITY */"
      DEFAULT_LOAD_FACTOR = "/* Could not access DEFAULT_LOAD_FACTOR */"
      TREEIFY_THRESHOLD = "/* Could not access TREEIFY_THRESHOLD */"
      UNTREEIFY_THRESHOLD = "/* Could not access UNTREEIFY_THRESHOLD */"
      MIN_TREEIFY_CAPACITY = "/* Could not access MIN_TREEIFY_CAPACITY */"
      table = "/* Could not access table */"
      entrySet = "/* Could not access entrySet */"
      size = "/* Could not access size */"
      modCount = "/* Could not access modCount */"
      threshold = "/* Could not access threshold */"
      loadFactor = "/* Could not access loadFactor */"
      keySet = "/* Could not access keySet */"
      values = "/* Could not access values */"
    elementSet = class java.util.concurrent.ConcurrentSkipListSet@6bb491f8
      serialVersionUID = "/* Could not access serialVersionUID */"
      m = "/* Could not access m */"
    elementSetUnsorted = false
    serialVersionUID = 756240983881166148
    $$$tc$$$ = class com.ibm.websphere.ras.TraceComponent@38bd1d44
      strings[0] = "TraceComponent[com.ibm.wsspi.kernel.service.utils.ConcurrentServiceReferenceSet,class com.ibm.wsspi.kernel.service.utils.ConcurrentServiceReferenceSet,[kernelUtils],com.ibm.ws.kernel.service.utils.resources.ServiceMessages,null]"
  containerFactorySRRef = class com.ibm.wsspi.kernel.service.utils.AtomicServiceReference@298f25ca
    referenceName = "containerFactory"
    tuple = class java.util.concurrent.atomic.AtomicReference@553405e6
      serialVersionUID = "/* Could not access serialVersionUID */"
      VALUE = "/* Could not access VALUE */"
      value = "/* Could not access value */"
    serialVersionUID = 2226592364007985000
    $$$tc$$$ = class com.ibm.websphere.ras.TraceComponent@5d09712d
  adaptableModuleFactorySRRef = class com.ibm.wsspi.kernel.service.utils.AtomicServiceReference@4328cdda
    referenceName = "adaptableModuleFactory"
    tuple = class java.util.concurrent.atomic.AtomicReference@7b57bf14
      serialVersionUID = "/* Could not access serialVersionUID */"
      VALUE = "/* Could not access VALUE */"
      value = "/* Could not access value */"
    serialVersionUID = 2226592364007985000
    $$$tc$$$ = class com.ibm.websphere.ras.TraceComponent@5d09712d
  injectionEngineServiceRef = class com.ibm.wsspi.kernel.service.utils.AtomicServiceReference@301d4513
    referenceName = "injectionEngine"
    tuple = class java.util.concurrent.atomic.AtomicReference@1473490e
      serialVersionUID = "/* Could not access serialVersionUID */"
      VALUE = "/* Could not access VALUE */"
      value = "/* Could not access value */"
    serialVersionUID = 2226592364007985000
    $$$tc$$$ = class com.ibm.websphere.ras.TraceComponent@5d09712d
  scheduledExecutorServiceRef = class com.ibm.wsspi.kernel.service.utils.AtomicServiceReference@1bccf224
    referenceName = "scheduledExecutorService"
    tuple = class java.util.concurrent.atomic.AtomicReference@10cb758
      serialVersionUID = "/* Could not access serialVersionUID */"
      VALUE = "/* Could not access VALUE */"
      value = "/* Could not access value */"
    serialVersionUID = 2226592364007985000
    $$$tc$$$ = class com.ibm.websphere.ras.TraceComponent@5d09712d
  executorServiceRef = class com.ibm.wsspi.kernel.service.utils.AtomicServiceReference@4bbd35e2
    referenceName = "executorService"
    tuple = class java.util.concurrent.atomic.AtomicReference@7b7b8c57
      serialVersionUID = "/* Could not access serialVersionUID */"
      VALUE = "/* Could not access VALUE */"
      value = "/* Could not access value */"
    serialVersionUID = 2226592364007985000
    $$$tc$$$ = class com.ibm.websphere.ras.TraceComponent@5d09712d
  managedExecutorServiceRef = class com.ibm.wsspi.kernel.service.utils.AtomicServiceReference@4efe6752
    referenceName = "managedExecutorService"
    tuple = class java.util.concurrent.atomic.AtomicReference@157dfe4f
      serialVersionUID = "/* Could not access serialVersionUID */"
      VALUE = "/* Could not access VALUE */"
      value = "/* Could not access value */"
    serialVersionUID = 2226592364007985000
    $$$tc$$$ = class com.ibm.websphere.ras.TraceComponent@5d09712d
  resourceRefConfigFactoryRef = class com.ibm.wsspi.kernel.service.utils.AtomicServiceReference@14918643
    referenceName = "resourceRefConfigFactory"
    tuple = class java.util.concurrent.atomic.AtomicReference@1b473489
      serialVersionUID = "/* Could not access serialVersionUID */"
      VALUE = "/* Could not access VALUE */"
      value = "/* Could not access value */"
    serialVersionUID = 2226592364007985000
    $$$tc$$$ = class com.ibm.websphere.ras.TraceComponent@5d09712d
  deferredMetaDataFactoryRef = class com.ibm.wsspi.kernel.service.utils.AtomicServiceReference@68300b27
    referenceName = "cdiDeferredMetaDataFactoryImpl"
    tuple = class java.util.concurrent.atomic.AtomicReference@1f454612
      serialVersionUID = "/* Could not access serialVersionUID */"
      VALUE = "/* Could not access VALUE */"
      value = "/* Could not access value */"
    serialVersionUID = 2226592364007985000
    $$$tc$$$ = class com.ibm.websphere.ras.TraceComponent@5d09712d
  beansXmlParser = class io.openliberty.cdi40.internal.weld.CDI40BeansXmlParserImpl@4a8021e6
    tc = class com.ibm.websphere.ras.TraceComponent@4d36d7e5
      strings[0] = "TraceComponent[io.openliberty.cdi40.internal.weld.CDI40BeansXmlParserImpl,class io.openliberty.cdi40.internal.weld.CDI40BeansXmlParserImpl,[JCDI],com.ibm.ws.cdi.internal.resources.CDI,null]"
    cdiContainerConfig = class io.openliberty.cdi40.internal.weld.CDI40AggregatedConfigurationImpl@7c36fdd
    serialVersionUID = 1591115226053693575
  bceFinder = class io.openliberty.cdi40.internal.weld.CDI40BceFinder@77f91b13
    BCE_EXTENSION = "jakarta.enterprise.inject.build.compatible.spi.BuildCompatibleExtension"
    META_INF_SERVICES_BCE_EXTENSION = "META-INF/services/jakarta.enterprise.inject.build.compatible.spi.BuildCompatibleExtension"
    WEB_INF_CLASSES_META_INF_SERVICES_BCE_EXTENSION = "WEB-INF/classes/META-INF/services/jakarta.enterprise.inject.build.compatible.spi.BuildCompatibleExtension"
    serialVersionUID = 8570119591201212767
    $$$tc$$$ = class com.ibm.websphere.ras.TraceComponent@413b8a39
      strings[0] = "TraceComponent[io.openliberty.cdi40.internal.weld.CDI40BceFinder,class io.openliberty.cdi40.internal.weld.CDI40BceFinder,[JCDI],com.ibm.ws.cdi.internal.resources.CDI,null]"
  cdiContainerEventManager = class io.openliberty.cdi40.internal.weld.CDI40ContainerEventManagerImpl@6fc23831
    tc = class com.ibm.websphere.ras.TraceComponent@4270397
      strings[0] = "TraceComponent[io.openliberty.cdi40.internal.weld.CDI40ContainerEventManagerImpl,class io.openliberty.cdi40.internal.weld.CDI40ContainerEventManagerImpl,[JCDI],com.ibm.ws.cdi.internal.resources.CDI,null]"
    LIBERTY_EE_ENVIRONMENT = class io.openliberty.cdi40.internal.weld.CDI40ContainerEventManagerImpl$LibertyEEEnvironment@dec0863
      requiredBeanDeploymentArchiveServices = class java.util.HashSet@5d86fc6d
      requiredDeploymentServices = class java.util.HashSet@157f5f8
      serialVersionUID = -3640258028692295283
      $$$tc$$$ = class com.ibm.websphere.ras.TraceComponent@1540abd3
    serialVersionUID = -4728261810637111019
  weldDevelopmentMode = null
  cdiContainerConfig = class io.openliberty.cdi40.internal.weld.CDI40AggregatedConfigurationImpl@7c36fdd
    serialVersionUID = 2467610951074149464
    $$$tc$$$ = class com.ibm.websphere.ras.TraceComponent@afe1a06
      strings[0] = "TraceComponent[io.openliberty.cdi40.internal.weld.CDI40AggregatedConfigurationImpl,class io.openliberty.cdi40.internal.weld.CDI40AggregatedConfigurationImpl,[JCDI],com.ibm.ws.cdi.internal.resources.CDI,null]"
    tc = class com.ibm.websphere.ras.TraceComponent@3ae3c726
      strings[0] = "TraceComponent[com.ibm.ws.cdi.internal.config.AggregatedConfiguration,class com.ibm.ws.cdi.internal.config.AggregatedConfiguration,[JCDI],com.ibm.ws.cdi.internal.resources.CDI,null]"
    ENABLE_IMPLICIT_BEAN_ARCHIVES = "enableImplicitBeanArchives"
    EMPTY_BEANS_XML_CDI3_COMPATIBILITY = "emptyBeansXmlCDI3Compatibility"
    ENABLE_IMPLICIT_BEAN_ARCHIVES_DEFAULT = true
    EMPTY_BEANS_XML_CDI3_COMPATIBILITY_DEFAULT = false
    cdi12EnableImplicitBeanArchives = null
    cdiEnableImplicitBeanArchives = null
    cdiEmptyBeansXmlCDI3Compatibility = null
    enableImplicitBeanArchives = true
    emptyBeansXmlCDI3Compatibility = false
    serialVersionUID = 2383387866469920840
  extensionArchiveProviders = class java.util.ArrayList@4c07f1d2
    serialVersionUID = "/* Could not access serialVersionUID */"
    DEFAULT_CAPACITY = "/* Could not access DEFAULT_CAPACITY */"
    EMPTY_ELEMENTDATA = "/* Could not access EMPTY_ELEMENTDATA */"
    DEFAULTCAPACITY_EMPTY_ELEMENTDATA = "/* Could not access DEFAULTCAPACITY_EMPTY_ELEMENTDATA */"
    elementData = "/* Could not access elementData */"
    size = "/* Could not access size */"
    modCount = "/* Could not access modCount */"
  extensionArchiveFactories = class java.util.ArrayList@73195ac2
    serialVersionUID = "/* Could not access serialVersionUID */"
    DEFAULT_CAPACITY = "/* Could not access DEFAULT_CAPACITY */"
    EMPTY_ELEMENTDATA = "/* Could not access EMPTY_ELEMENTDATA */"
    DEFAULTCAPACITY_EMPTY_ELEMENTDATA = "/* Could not access DEFAULTCAPACITY_EMPTY_ELEMENTDATA */"
    elementData = "/* Could not access elementData */"
    size = "/* Could not access size */"
    modCount = "/* Could not access modCount */"
  applicationSlot = class com.ibm.ws.runtime.metadata.MetaDataSlotImpl@d64e720
    id = 0
    destroyed = false
    metadataIntf = class java.lang.Class@68246695
      ANNOTATION = "/* Could not access ANNOTATION */"
      ENUM = "/* Could not access ENUM */"
      SYNTHETIC = "/* Could not access SYNTHETIC */"
      cachedConstructor = "/* Could not access cachedConstructor */"
      name = "/* Could not access name */"
      module = "/* Could not access module */"
      packageName = "/* Could not access packageName */"
      componentType = "/* Could not access componentType */"
      allPermDomain = "/* Could not access allPermDomain */"
      reflectionData = "/* Could not access reflectionData */"
      classRedefinedCount = "/* Could not access classRedefinedCount */"
      genericInfo = "/* Could not access genericInfo */"
      EMPTY_CLASS_ARRAY = "/* Could not access EMPTY_CLASS_ARRAY */"
      serialVersionUID = "/* Could not access serialVersionUID */"
      serialPersistentFields = "/* Could not access serialPersistentFields */"
      reflectionFactory = "/* Could not access reflectionFactory */"
      enumConstants = "/* Could not access enumConstants */"
      enumConstantDirectory = "/* Could not access enumConstantDirectory */"
      annotationData = "/* Could not access annotationData */"
      annotationType = "/* Could not access annotationType */"
      classValueMap = "/* Could not access classValueMap */"
    manager = class com.ibm.ws.container.service.metadata.internal.ApplicationMetaDataManager@4e224fa1
      serialVersionUID = 1843747281024490904
      $$$tc$$$ = class com.ibm.websphere.ras.TraceComponent@1bb4a37
      listeners = class com.ibm.wsspi.kernel.service.utils.ConcurrentServiceReferenceSet@55a26e6d
      metaDataIDs = class com.ibm.ws.container.service.metadata.internal.IndexList@38e0dbaa
      metaDatas = class java.util.ArrayList@2706e517
      slotIDs = class com.ibm.ws.container.service.metadata.internal.IndexList@6ae0ee5c
      serialVersionUID = 5464421863354792977
      $$$tc$$$ = class com.ibm.websphere.ras.TraceComponent@158c936f
    bundle = class org.eclipse.osgi.internal.framework.EquinoxBundle@622a7939
      equinoxContainer = class org.eclipse.osgi.internal.framework.EquinoxContainer@298ff08a
      module = class org.eclipse.osgi.internal.framework.EquinoxBundle$EquinoxModule@8be00d0
      monitor = class java.lang.Object@187eef49
      context = class org.eclipse.osgi.internal.framework.BundleContextImpl@16d3c608
      signedContent = null
      $SWITCH_TABLE$org$eclipse$osgi$container$Module$State = {1,2,3,4,5,6,7} /* array length = 7 */
  isClientProcess = false
  runtimeFactory = class com.ibm.ws.cdi.internal.archive.liberty.RuntimeFactory@11c5dcd6
    services = class com.ibm.ws.cdi.liberty.CDIRuntimeImpl@26154719
    applications = class java.util.concurrent.ConcurrentHashMap@503126bd
      serialVersionUID = "/* Could not access serialVersionUID */"
      MAXIMUM_CAPACITY = "/* Could not access MAXIMUM_CAPACITY */"
      DEFAULT_CAPACITY = "/* Could not access DEFAULT_CAPACITY */"
      MAX_ARRAY_SIZE = "/* Could not access MAX_ARRAY_SIZE */"
      DEFAULT_CONCURRENCY_LEVEL = "/* Could not access DEFAULT_CONCURRENCY_LEVEL */"
      LOAD_FACTOR = "/* Could not access LOAD_FACTOR */"
      TREEIFY_THRESHOLD = "/* Could not access TREEIFY_THRESHOLD */"
      UNTREEIFY_THRESHOLD = "/* Could not access UNTREEIFY_THRESHOLD */"
      MIN_TREEIFY_CAPACITY = "/* Could not access MIN_TREEIFY_CAPACITY */"
      MIN_TRANSFER_STRIDE = "/* Could not access MIN_TRANSFER_STRIDE */"
      RESIZE_STAMP_BITS = "/* Could not access RESIZE_STAMP_BITS */"
      MAX_RESIZERS = "/* Could not access MAX_RESIZERS */"
      RESIZE_STAMP_SHIFT = "/* Could not access RESIZE_STAMP_SHIFT */"
      MOVED = "/* Could not access MOVED */"
      TREEBIN = "/* Could not access TREEBIN */"
      RESERVED = "/* Could not access RESERVED */"
      HASH_BITS = "/* Could not access HASH_BITS */"
      NCPU = "/* Could not access NCPU */"
      serialPersistentFields = "/* Could not access serialPersistentFields */"
      table = "/* Could not access table */"
      nextTable = "/* Could not access nextTable */"
      baseCount = "/* Could not access baseCount */"
      sizeCtl = "/* Could not access sizeCtl */"
      transferIndex = "/* Could not access transferIndex */"
      cellsBusy = "/* Could not access cellsBusy */"
      counterCells = "/* Could not access counterCells */"
      keySet = "/* Could not access keySet */"
      values = "/* Could not access values */"
      entrySet = "/* Could not access entrySet */"
      U = "/* Could not access U */"
      SIZECTL = "/* Could not access SIZECTL */"
      TRANSFERINDEX = "/* Could not access TRANSFERINDEX */"
      BASECOUNT = "/* Could not access BASECOUNT */"
      CELLSBUSY = "/* Could not access CELLSBUSY */"
      CELLVALUE = "/* Could not access CELLVALUE */"
      ABASE = "/* Could not access ABASE */"
      ASHIFT = "/* Could not access ASHIFT */"
      keySet = "/* Could not access keySet */"
      values = "/* Could not access values */"
    serialVersionUID = -4454616462077940377
    $$$tc$$$ = class com.ibm.websphere.ras.TraceComponent@5793a354
      strings[0] = "TraceComponent[com.ibm.ws.cdi.internal.archive.liberty.RuntimeFactory,class com.ibm.ws.cdi.internal.archive.liberty.RuntimeFactory,[JCDI],com.ibm.ws.cdi.internal.resources.CDI,null]"
  proxyServices = class com.ibm.ws.cdi.proxy.ProxyServicesImpl@623f365d
    SUPPRESS_ACCESS_CHECKS_PERMISSION = class java.lang.reflect.ReflectPermission@38ed4c8
      serialVersionUID = "/* Could not access serialVersionUID */"
      serialVersionUID = "/* Could not access serialVersionUID */"
      wildcard = "/* Could not access wildcard */"
      path = "/* Could not access path */"
      exitVM = "/* Could not access exitVM */"
      serialVersionUID = "/* Could not access serialVersionUID */"
      name = "/* Could not access name */"
    DECLARED_MEMBERS_PERMISSION = class java.lang.RuntimePermission@183b426e
      serialVersionUID = "/* Could not access serialVersionUID */"
      serialVersionUID = "/* Could not access serialVersionUID */"
      wildcard = "/* Could not access wildcard */"
      path = "/* Could not access path */"
      exitVM = "/* Could not access exitVM */"
      serialVersionUID = "/* Could not access serialVersionUID */"
      name = "/* Could not access name */"
    GET_CLASS_LOADER_PERMISSION = class java.lang.RuntimePermission@3f056c0a
      serialVersionUID = "/* Could not access serialVersionUID */"
      serialVersionUID = "/* Could not access serialVersionUID */"
      wildcard = "/* Could not access wildcard */"
      path = "/* Could not access path */"
      exitVM = "/* Could not access exitVM */"
      serialVersionUID = "/* Could not access serialVersionUID */"
      name = "/* Could not access name */"
    WELD_PACKAGES = class org.eclipse.osgi.util.ManifestElement[1]
      ManifestElement[0] = class org.eclipse.osgi.util.ManifestElement@72f10dbf
    CLASS_LOADER_FOR_SYSTEM_CLASSES = class org.eclipse.osgi.internal.loader.EquinoxClassLoader@20a21099
      EQUINOX_REGISTERED_AS_PARALLEL = true
      configuration = class org.eclipse.osgi.internal.framework.EquinoxConfiguration@2c77346b
      debug = class org.eclipse.osgi.internal.debug.Debug@7613e2f7
      delegate = class org.eclipse.osgi.internal.loader.BundleLoader@4cb7ce2c
      generation = class org.eclipse.osgi.storage.BundleInfo$Generation@34f7efea
      manager = class org.eclipse.osgi.internal.loader.classpath.ClasspathManager@5b9c4a9a
      isRegisteredAsParallel = true
      ALLPERMISSIONS = class java.security.AllPermissionCollection@7a74cf3a
      REGISTERED_AS_PARALLEL = true
      classNameLocks = class java.util.HashMap@21fa28a3
      pkgLock = class java.lang.Object@534e541e
    loaderMap = class com.ibm.ws.cdi.proxy.ProxyServicesImpl$1@43e6a578
      this$0 = class com.ibm.ws.cdi.proxy.ProxyServicesImpl@623f365d
      serialVersionUID = 7414824288598027114
      $$$tc$$$ = class com.ibm.websphere.ras.TraceComponent@2e737293
      EMPTY_CACHE = "/* Could not access EMPTY_CACHE */"
      hashCodeForCache = "/* Could not access hashCodeForCache */"
      nextHashCode = "/* Could not access nextHashCode */"
      HASH_INCREMENT = "/* Could not access HASH_INCREMENT */"
      HASH_MASK = "/* Could not access HASH_MASK */"
      identity = "/* Could not access identity */"
      version = "/* Could not access version */"
      CRITICAL_SECTION = "/* Could not access CRITICAL_SECTION */"
      UNSAFE = "/* Could not access UNSAFE */"
    serialVersionUID = -5246223089013259243
    $$$tc$$$ = class com.ibm.websphere.ras.TraceComponent@4c733182
      strings[0] = "TraceComponent[com.ibm.ws.cdi.proxy.ProxyServicesImpl,class com.ibm.ws.cdi.proxy.ProxyServicesImpl,[],null,null]"
  serialVersionUID = 7930911400118500928
  cdiContainer = class com.ibm.ws.cdi.impl.CDIContainerImpl@5b49bf92
    tc = class com.ibm.websphere.ras.TraceComponent@39501ce5
      strings[0] = "TraceComponent[com.ibm.ws.cdi.impl.CDIContainerImpl,class com.ibm.ws.cdi.impl.CDIContainerImpl,[JCDI],com.ibm.ws.cdi.internal.resources.CDI,null]"
    CLASSLOADER = class org.eclipse.osgi.internal.loader.EquinoxClassLoader@55cebc01
      EQUINOX_REGISTERED_AS_PARALLEL = true
      configuration = class org.eclipse.osgi.internal.framework.EquinoxConfiguration@2c77346b
      debug = class org.eclipse.osgi.internal.debug.Debug@7613e2f7
      delegate = class org.eclipse.osgi.internal.loader.BundleLoader@12f487c4
      generation = class org.eclipse.osgi.storage.BundleInfo$Generation@2cae6d0
      manager = class org.eclipse.osgi.internal.loader.classpath.ClasspathManager@6f356adb
      isRegisteredAsParallel = true
      ALLPERMISSIONS = class java.security.AllPermissionCollection@7a74cf3a
      REGISTERED_AS_PARALLEL = true
      classNameLocks = class java.util.HashMap@4c88ad17
      pkgLock = class java.lang.Object@19a13e30
    EXTENSION_API_CLASSES = "api.classes"
    EXTENSION_BEAN_DEFINING_ANNOTATIONS = "bean.defining.annotations"
    EXTENSION_APP_BDAS_VISIBLE = "application.bdas.visible"
    EXTENSION_CLASSES_ONLY_MODE = "extension.classes.only"
    EXTENSION_API_CLASSES_SEPARATOR = ";"
    runtimeExtensionMap = class java.util.HashMap@4c71c28d
      serialVersionUID = "/* Could not access serialVersionUID */"
      DEFAULT_INITIAL_CAPACITY = "/* Could not access DEFAULT_INITIAL_CAPACITY */"
      MAXIMUM_CAPACITY = "/* Could not access MAXIMUM_CAPACITY */"
      DEFAULT_LOAD_FACTOR = "/* Could not access DEFAULT_LOAD_FACTOR */"
      TREEIFY_THRESHOLD = "/* Could not access TREEIFY_THRESHOLD */"
      UNTREEIFY_THRESHOLD = "/* Could not access UNTREEIFY_THRESHOLD */"
      MIN_TREEIFY_CAPACITY = "/* Could not access MIN_TREEIFY_CAPACITY */"
      table = "/* Could not access table */"
      entrySet = "/* Could not access entrySet */"
      size = "/* Could not access size */"
      modCount = "/* Could not access modCount */"
      threshold = "/* Could not access threshold */"
      loadFactor = "/* Could not access loadFactor */"
      keySet = "/* Could not access keySet */"
      values = "/* Could not access values */"
    probeExtensionArchive = null
    currentDeployment = class java.lang.ThreadLocal@71ad507f
      TRACE_VTHREAD_LOCALS = "/* Could not access TRACE_VTHREAD_LOCALS */"
      threadLocalHashCode = "/* Could not access threadLocalHashCode */"
      nextHashCode = "/* Could not access nextHashCode */"
      HASH_INCREMENT = "/* Could not access HASH_INCREMENT */"
      $assertionsDisabled = "/* Could not access $assertionsDisabled */"
    cdiRuntime = class com.ibm.ws.cdi.liberty.CDIRuntimeImpl@26154719
    WELD_DISABLE_BEANSXML_VALIDATING = "org.jboss.weld.xml.disableValidating"
    serialVersionUID = 4644788022379001770
  serialVersionUID = 7975911090376029176
  $$$tc$$$ = class com.ibm.websphere.ras.TraceComponent@77a98add
    strings[0] = "TraceComponent[com.ibm.ws.cdi.impl.AbstractCDIRuntime,class com.ibm.ws.cdi.impl.AbstractCDIRuntime,[JCDI],com.ibm.ws.cdi.internal.resources.CDI,null]"

Dump of objectArray[0]
Object type = com.ibm.ws.container.service.app.deploy.internal.ApplicationInfoImpl
  appName = "gestioncontact"
  appMetaData = class com.ibm.ws.container.service.app.deploy.internal.ApplicationMetaDataImpl@354817cf
    j2eeName = class com.ibm.ws.container.service.metadata.internal.J2EENameImpl@62195f7d
      serialVersionUID = 7488184044073147667
      application = "gestioncontact"
      module = null
      component = null
      string = "gestioncontact"
      j2eeNameBytes = null
      $$$tc$$$ = class com.ibm.websphere.ras.TraceComponent@2e1d765a
    serialVersionUID = -7906531148367236579
    $$$tc$$$ = class com.ibm.websphere.ras.TraceComponent@192ba35e
      strings[0] = "TraceComponent[com.ibm.ws.container.service.app.deploy.internal.ApplicationMetaDataImpl,class com.ibm.ws.container.service.app.deploy.internal.ApplicationMetaDataImpl,[container.service],com.ibm.ws.container.service.resources.Messages,null]"
    tc = class com.ibm.websphere.ras.TraceComponent@1b91cbf4
      strings[0] = "TraceComponent[com.ibm.ws.runtime.metadata.MetaDataImpl,class com.ibm.ws.runtime.metadata.MetaDataImpl,[Runtime],null,null]"
    NUM_STATIC_SLOTS = 4
    ID_UNINITIALIZED = -1
    id = 0
    metaDataInterface = class java.lang.Class@68246695
      ANNOTATION = "/* Could not access ANNOTATION */"
      ENUM = "/* Could not access ENUM */"
      SYNTHETIC = "/* Could not access SYNTHETIC */"
      cachedConstructor = "/* Could not access cachedConstructor */"
      name = "/* Could not access name */"
      module = "/* Could not access module */"
      packageName = "/* Could not access packageName */"
      componentType = "/* Could not access componentType */"
      allPermDomain = "/* Could not access allPermDomain */"
      reflectionData = "/* Could not access reflectionData */"
      classRedefinedCount = "/* Could not access classRedefinedCount */"
      genericInfo = "/* Could not access genericInfo */"
      EMPTY_CLASS_ARRAY = "/* Could not access EMPTY_CLASS_ARRAY */"
      serialVersionUID = "/* Could not access serialVersionUID */"
      serialPersistentFields = "/* Could not access serialPersistentFields */"
      reflectionFactory = "/* Could not access reflectionFactory */"
      enumConstants = "/* Could not access enumConstants */"
      enumConstantDirectory = "/* Could not access enumConstantDirectory */"
      annotationData = "/* Could not access annotationData */"
      annotationType = "/* Could not access annotationType */"
      classValueMap = "/* Could not access classValueMap */"
    staticSlots = class java.lang.Object[4]
      Object[0] = class com.ibm.ws.cdi.impl.weld.WebSphereCDIDeploymentImpl@23084914
      Object[1] = class com.ibm.ws.injectionengine.osgi.internal.OSGiInjectionScopeData@49ba067f
      Object[2] = null
      Object[3] = null
    dynamicSlots = class java.lang.Object[4]
      Object[0] = null
      Object[1] = "gestioncontact"
      Object[2] = null
      Object[3] = null
  appContainer = class com.ibm.ws.adaptable.module.internal.AdaptableContainerImpl@72d2e9ce
    root = class com.ibm.ws.adaptable.module.internal.AdaptableContainerImpl@72d2e9ce
    rootOverlay = class com.ibm.ws.artifact.overlay.internal.DirectoryBasedOverlayContainerImpl@2cb8fda6
      tc = class com.ibm.websphere.ras.TraceComponent@2b9f6c2d
      base = class com.ibm.ws.artifact.loose.internal.LooseArchive@ac30fc3
      maskSet = class java.util.HashSet@a2b294
      cfHolder = class com.ibm.ws.artifact.overlay.internal.OverlayContainerFactoryImpl@113ff919
      fileOverlayContainer = class com.ibm.ws.artifact.file.internal.FileContainer@61831b7d
      overlayDirectory = class java.io.File@781360cc
      cacheDirForOverlay = class java.io.File@6a3cc51a
      overlayNotifier = class com.ibm.ws.artifact.overlay.internal.DirectoryBasedOverlayNotifier@77d435b5
      enclosingContainer = null
      entryInEnclosingContainer = null
      nestedOverlays = class java.util.concurrent.ConcurrentHashMap@7f1ffcdb
      cacheStore = class com.ibm.ws.artifact.overlay.internal.OverlayCache@63e48b6
      parentOverlay = null
      isPassThroughMode = true
      serialVersionUID = -8445278173803874173
    factoryHolder = class com.ibm.ws.adaptable.module.internal.AdaptableModuleFactoryImpl@4026b42c
      adapterFactoryService = class com.ibm.ws.adaptable.module.internal.AdapterFactoryServiceImpl@4a7e866a
      containerFactory = class com.ibm.ws.artifact.internal.ArtifactContainerFactoryService@7ca96493
      overlayContainerFactory = class com.ibm.ws.artifact.overlay.internal.OverlayContainerFactoryImpl@113ff919
      serialVersionUID = 4200251809856292987
      $$$tc$$$ = class com.ibm.websphere.ras.TraceComponent@1133a7de
    delegate = class com.ibm.ws.artifact.overlay.internal.DirectoryBasedOverlayContainerImpl@2cb8fda6
    notifier = class com.ibm.ws.adaptable.module.internal.NotifierImpl@6234dfe6
      root = class com.ibm.ws.adaptable.module.internal.AdaptableContainerImpl@72d2e9ce
      delegateNotifier = class com.ibm.ws.artifact.overlay.internal.DirectoryBasedOverlayNotifier@77d435b5
      delegateRoot = class com.ibm.ws.artifact.overlay.internal.DirectoryBasedOverlayContainerImpl@2cb8fda6
      listenerDelegates = class java.util.HashMap@1de4a448
      serialVersionUID = 6839382523957017880
      $$$tc$$$ = class com.ibm.websphere.ras.TraceComponent@db65481
    serialVersionUID = -5950528200509051684
    $$$tc$$$ = class com.ibm.websphere.ras.TraceComponent@3419a2cb
      strings[0] = "TraceComponent[com.ibm.ws.adaptable.module.internal.AdaptableContainerImpl,class com.ibm.ws.adaptable.module.internal.AdaptableContainerImpl,[archive.adaptable],null,null]"
  configHelper = class com.ibm.ws.app.manager.module.ApplicationNestedConfigHelper@553a12b
    appInfo = class com.ibm.ws.app.manager.internal.ApplicationInstallInfo@2c4610f7
    serialVersionUID = -3174031738676705046
    $$$tc$$$ = class com.ibm.websphere.ras.TraceComponent@6c54a03b
      strings[0] = "TraceComponent[com.ibm.ws.app.manager.module.ApplicationNestedConfigHelper,class com.ibm.ws.app.manager.module.ApplicationNestedConfigHelper,[applications, app.manager],null,null]"
  applicationInformation = class com.ibm.ws.app.manager.internal.ApplicationInstallInfo@2c4610f7
    _config = class com.ibm.ws.app.manager.internal.ApplicationConfig@3f706c
      tc = class com.ibm.websphere.ras.TraceComponent@311406e0
      _configPid = "com.ibm.ws.app.manager_0"
      _config = class com.ibm.ws.config.admin.ConfigurationDictionary@484d36b0
      _applicationManager = class com.ibm.ws.app.manager.ApplicationManager@6c80db19
      _location = "gestioncontact.war"
      _type = "war"
      _name = "gestioncontact"
      _notificationBroadcasterSupport = class javax.management.NotificationBroadcasterSupport@3a2f22a1
      ONE_TIME_JANDEX_MSGS_DISPLAYED = true
      serialVersionUID = -2151423388299667431
    _handlerInfo = class java.util.concurrent.atomic.AtomicReference@d026361
      serialVersionUID = "/* Could not access serialVersionUID */"
      VALUE = "/* Could not access VALUE */"
      value = "/* Could not access value */"
    _container = class java.util.concurrent.atomic.AtomicReference@7801fb61
      serialVersionUID = "/* Could not access serialVersionUID */"
      VALUE = "/* Could not access VALUE */"
      value = "/* Could not access value */"
    _resolvedLocation = class java.util.concurrent.atomic.AtomicReference@60c347b3
      serialVersionUID = "/* Could not access serialVersionUID */"
      VALUE = "/* Could not access VALUE */"
      value = "/* Could not access value */"
    _handler = class com.ibm.ws.app.manager.war.internal.WARApplicationHandlerImpl@bbc5a09
      futureMonitor = class com.ibm.ws.threading.internal.FutureMonitorImpl@4cf4d5c2
      deployedAppFactory = class com.ibm.ws.app.manager.war.internal.WARDeployedAppInfoFactoryImpl@2d10748
      serialVersionUID = 4622845147410944782
      $$$tc$$$ = class com.ibm.websphere.ras.TraceComponent@7888528
    _ami = class java.util.concurrent.atomic.AtomicReference@7c1e22f4
      serialVersionUID = "/* Could not access serialVersionUID */"
      VALUE = "/* Could not access VALUE */"
      value = "/* Could not access value */"
    _updateHandler = class com.ibm.ws.app.manager.internal.statemachine.ApplicationStateMachineImpl@39bf88d1
      _tc = class com.ibm.websphere.ras.TraceComponent@6e0aad6b
      EMPTY_FUTURE_ARRAY = interface java.util.concurrent.Future[0]
      asmSequenceNumber = class java.util.concurrent.atomic.AtomicLong@6b435e2d
      _qscaCounter = class java.util.concurrent.atomic.AtomicInteger@5c79222a
      _failedThrowable = null
      _interruptibleLock = class com.ibm.ws.app.manager.internal.statemachine.ApplicationStateMachineImpl$2@32e0ff8d
      _interruptible = false
      _performingQueuedActions = true
      _queuedActions = class java.util.concurrent.ConcurrentLinkedQueue@617ad791
      _callbackState = class java.util.concurrent.atomic.AtomicReference@10b95fa5
      blockAppStartingFutures = class java.util.Collections$SetFromMap@5c447ea
      waitingForAppHandlerFuture = class java.util.concurrent.atomic.AtomicReference@306dcc48
      waitingForExplicitStartFuture = class java.util.concurrent.atomic.AtomicReference@71c438b
      startAfterFutures = class java.util.Collections$SetFromMap@5d8270ba
      completionListener = class java.util.concurrent.atomic.AtomicReference@7a5e87f7
      _notifyAppStopped = class java.util.concurrent.ConcurrentLinkedQueue@248f1b78
      _notifyAppStarting = class java.util.concurrent.ConcurrentLinkedQueue@416a0479
      _notifyAppInstallCalled = class java.util.concurrent.ConcurrentLinkedQueue@fa3bb4e
      _notifyAppStarted = class java.util.concurrent.ConcurrentLinkedQueue@1cce472
      _notifyAppRemoved = class java.util.concurrent.ConcurrentLinkedQueue@5dc46be8
      _stateLock = class com.ibm.ws.app.manager.internal.statemachine.ApplicationStateMachineImpl$3@4c1ce5e5
      _internalState = class java.util.concurrent.atomic.AtomicReference@5e774ee3
      _currentAction = class java.util.concurrent.atomic.AtomicReference@38fece2b
      _rfa = class java.util.concurrent.atomic.AtomicReference@461b69f7
      _appInstallInfo = class java.util.concurrent.atomic.AtomicReference@6d038f1c
      _update = class java.util.concurrent.atomic.AtomicBoolean@967c409
      _appConfig = class java.util.concurrent.atomic.AtomicReference@47a6cc98
      _nextAppConfig = class java.util.concurrent.atomic.AtomicReference@5aef514a
      _appContainer = class java.util.concurrent.atomic.AtomicReference@2b655e64
      _resolvedLocation = class java.util.concurrent.atomic.AtomicReference@1c95908d
      _handler = class java.util.concurrent.atomic.AtomicReference@6da64d8b
      _asmSeqNo = 0
      _ctx = class org.eclipse.osgi.internal.framework.BundleContextImpl@6a492a8
      _locAdmin = class com.ibm.ws.kernel.service.location.internal.WsLocationAdminImpl@4d632474
      _futureMonitor = class com.ibm.ws.threading.internal.FutureMonitorImpl@4cf4d5c2
      _artifactFactory = class com.ibm.ws.artifact.internal.ArtifactContainerFactoryService@7ca96493
      _moduleFactory = class com.ibm.ws.adaptable.module.internal.AdaptableModuleFactoryImpl@4026b42c
      _executorService = class com.ibm.ws.threading.internal.ExecutorServiceImpl@2f2d3741
      _scheduledExecutorService = class com.ibm.ws.threading.internal.ScheduledExecutorImpl@112f93ac
      _asmHelper = class com.ibm.ws.app.manager.internal.ApplicationConfigurator$NamedApplication@882dcb8
      _appMonitor = class com.ibm.ws.app.manager.internal.monitor.ApplicationMonitor@7cd52529
      _configurator = class com.ibm.ws.app.manager.internal.ApplicationConfigurator@11eb1887
      enterStateCalled = class java.util.concurrent.atomic.AtomicBoolean@2340e52d
      serialVersionUID = 4458043999335554711
      serialVersionUID = -8760483717533387753
      $$$tc$$$ = class com.ibm.websphere.ras.TraceComponent@25536a51
    serialVersionUID = 2630639237123415755
    $$$tc$$$ = class com.ibm.websphere.ras.TraceComponent@15cae7bf
      strings[0] = "TraceComponent[com.ibm.ws.app.manager.internal.ApplicationInstallInfo,class com.ibm.ws.app.manager.internal.ApplicationInstallInfo,[applications, app.manager],com.ibm.ws.app.manager.internal.resources.AppManagerMessages,null]"
  serialVersionUID = 5227817860647895780
  $$$tc$$$ = class com.ibm.websphere.ras.TraceComponent@7557fba1
    strings[0] = "TraceComponent[com.ibm.ws.container.service.app.deploy.internal.ApplicationInfoImpl,class com.ibm.ws.container.service.app.deploy.internal.ApplicationInfoImpl,[container.service],com.ibm.ws.container.service.resources.Messages,null]"

