------Start of DE processing------ = [13/03/2024 11:31:27:458 WET]
Exception = com.ibm.wsspi.injectionengine.InjectionException
Source = com.ibm.ws.cdi.impl.weld.injection.WebSphereInjectionServicesImpl
probeid = 201
Stack Dump = com.ibm.wsspi.injectionengine.InjectionException: The java:comp/env/gestioncontact reference of type jakarta.persistence.EntityManager for the null component in the gestioncontact.war module of the gestioncontact application cannot be resolved.
	at com.ibm.wsspi.injectionengine.InjectionBinding.getInjectionObject(InjectionBinding.java:1497)
	at com.ibm.wsspi.injectionengine.InjectionBinding.getInjectableObject(InjectionBinding.java:1376)
	at com.ibm.wsspi.injectionengine.InjectionTarget.inject(InjectionTarget.java:106)
	at com.ibm.ws.cdi.impl.weld.injection.WebSphereInjectionServicesImpl.inject(WebSphereInjectionServicesImpl.java:200)
	at com.ibm.ws.cdi.impl.weld.injection.WebSphereInjectionServicesImpl.inject(WebSphereInjectionServicesImpl.java:152)
	at com.ibm.ws.cdi.impl.weld.injection.WebSphereInjectionServicesImpl.access$000(WebSphereInjectionServicesImpl.java:76)
	at com.ibm.ws.cdi.impl.weld.injection.WebSphereInjectionServicesImpl$1.run(WebSphereInjectionServicesImpl.java:136)
	at com.ibm.ws.cdi.impl.weld.injection.WebSphereInjectionServicesImpl$1.run(WebSphereInjectionServicesImpl.java:132)
	at java.base/java.security.AccessController.doPrivileged(AccessController.java:571)
	at com.ibm.ws.cdi.impl.weld.injection.WebSphereInjectionServicesImpl.callInject(WebSphereInjectionServicesImpl.java:132)
	at com.ibm.ws.cdi.impl.weld.injection.WebSphereInjectionServicesImpl.injectJavaEEResources(WebSphereInjectionServicesImpl.java:114)
	at com.ibm.ws.cdi.impl.weld.injection.WebSphereInjectionServicesImpl.aroundInject(WebSphereInjectionServicesImpl.java:319)
	at org.jboss.weld.injection.InjectionContextImpl.run(InjectionContextImpl.java:46)
	at org.jboss.weld.injection.producer.ResourceInjector.inject(ResourceInjector.java:71)
	at org.jboss.weld.injection.producer.BasicInjectionTarget.inject(BasicInjectionTarget.java:117)
	at org.jboss.weld.bean.ManagedBean.create(ManagedBean.java:161)
	at org.jboss.weld.contexts.AbstractContext.get(AbstractContext.java:96)
	at org.jboss.weld.bean.ContextualInstanceStrategy$DefaultContextualInstanceStrategy.get(ContextualInstanceStrategy.java:100)
	at org.jboss.weld.bean.ContextualInstanceStrategy$CachingContextualInstanceStrategy.get(ContextualInstanceStrategy.java:177)
	at org.jboss.weld.bean.ContextualInstance.get(ContextualInstance.java:50)
	at org.jboss.weld.bean.proxy.ContextBeanInstance.getInstance(ContextBeanInstance.java:102)
	at org.jboss.weld.bean.proxy.ProxyMethodHandler.getInstance(ProxyMethodHandler.java:131)
	at estm.dsic.jee.rest.dao.UserDao$Proxy$_$$_WeldClientProxy.auth(Unknown Source)
	at estm.dsic.jee.rest.buisness.services.UserServices.authentification(UserServices.java:20)
	at estm.dsic.jee.rest.buisness.services.UserServices$Proxy$_$$_WeldClientProxy.authentification(Unknown Source)
	at estm.dsic.jee.rest.controllers.UserController.auth(UserController.java:29)
	at java.base/jdk.internal.reflect.DirectMethodHandleAccessor.invoke(DirectMethodHandleAccessor.java:103)
	at java.base/java.lang.reflect.Method.invoke(Method.java:580)
	at org.jboss.resteasy.core.MethodInjectorImpl.invoke(MethodInjectorImpl.java:170)
	at org.jboss.resteasy.core.MethodInjectorImpl.invoke(MethodInjectorImpl.java:130)
	at org.jboss.resteasy.core.ResourceMethodInvoker.internalInvokeOnTarget(ResourceMethodInvoker.java:660)
	at org.jboss.resteasy.core.ResourceMethodInvoker.invokeOnTargetAfterFilter(ResourceMethodInvoker.java:524)
	at org.jboss.resteasy.core.ResourceMethodInvoker.lambda$invokeOnTarget$2(ResourceMethodInvoker.java:474)
	at org.jboss.resteasy.core.interception.jaxrs.PreMatchContainerRequestContext.filter(PreMatchContainerRequestContext.java:434)
	at org.jboss.resteasy.core.ResourceMethodInvoker.invokeOnTarget(ResourceMethodInvoker.java:476)
	at org.jboss.resteasy.core.ResourceMethodInvoker.invoke(ResourceMethodInvoker.java:434)
	at org.jboss.resteasy.core.ResourceMethodInvoker.invoke(ResourceMethodInvoker.java:408)
	at org.jboss.resteasy.core.ResourceMethodInvoker.invoke(ResourceMethodInvoker.java:69)
	at org.jboss.resteasy.core.SynchronousDispatcher.invoke(SynchronousDispatcher.java:492)
	at org.jboss.resteasy.core.SynchronousDispatcher.lambda$invoke$4(SynchronousDispatcher.java:261)
	at org.jboss.resteasy.core.SynchronousDispatcher.lambda$preprocess$0(SynchronousDispatcher.java:161)
	at org.jboss.resteasy.core.interception.jaxrs.PreMatchContainerRequestContext.filter(PreMatchContainerRequestContext.java:434)
	at org.jboss.resteasy.core.SynchronousDispatcher.preprocess(SynchronousDispatcher.java:164)
	at org.jboss.resteasy.core.SynchronousDispatcher.invoke(SynchronousDispatcher.java:247)
	at org.jboss.resteasy.plugins.server.servlet.ServletContainerDispatcher.service(ServletContainerDispatcher.java:255)
	at org.jboss.resteasy.plugins.server.servlet.HttpServletDispatcher.service(HttpServletDispatcher.java:60)
	at org.jboss.resteasy.plugins.server.servlet.HttpServletDispatcher.service(HttpServletDispatcher.java:55)
	at jakarta.servlet.http.HttpServlet.service(HttpServlet.java:614)
	at com.ibm.ws.webcontainer.servlet.ServletWrapper.service(ServletWrapper.java:1260)
	at com.ibm.ws.webcontainer.servlet.ServletWrapper.handleRequest(ServletWrapper.java:748)
	at com.ibm.ws.webcontainer.servlet.ServletWrapper.handleRequest(ServletWrapper.java:445)
	at com.ibm.ws.webcontainer.filter.WebAppFilterChain.invokeTarget(WebAppFilterChain.java:197)
	at com.ibm.ws.webcontainer.filter.WebAppFilterChain.doFilter(WebAppFilterChain.java:100)
	at com.ibm.ws.security.jaspi.JaspiServletFilter.doFilter(JaspiServletFilter.java:58)
	at com.ibm.ws.webcontainer.filter.FilterInstanceWrapper.doFilter(FilterInstanceWrapper.java:203)
	at com.ibm.ws.webcontainer.filter.WebAppFilterChain.doFilter(WebAppFilterChain.java:93)
	at com.ibm.ws.webcontainer.filter.WebAppFilterManager.doFilter(WebAppFilterManager.java:1068)
	at com.ibm.ws.webcontainer.filter.WebAppFilterManager.invokeFilters(WebAppFilterManager.java:1259)
	at com.ibm.ws.webcontainer.webapp.WebApp.handleRequest(WebApp.java:5076)
	at com.ibm.ws.webcontainer.osgi.DynamicVirtualHost$2.handleRequest(DynamicVirtualHost.java:328)
	at com.ibm.ws.webcontainer.WebContainer.handleRequest(WebContainer.java:1038)
	at com.ibm.ws.webcontainer.osgi.DynamicVirtualHost$2.run(DynamicVirtualHost.java:293)
	at com.ibm.ws.http.dispatcher.internal.channel.HttpDispatcherLink$TaskWrapper.run(HttpDispatcherLink.java:1260)
	at com.ibm.ws.http.dispatcher.internal.channel.HttpDispatcherLink.wrapHandlerAndExecute(HttpDispatcherLink.java:476)
	at com.ibm.ws.http.dispatcher.internal.channel.HttpDispatcherLink.ready(HttpDispatcherLink.java:435)
	at com.ibm.ws.http.channel.internal.inbound.HttpInboundLink.handleDiscrimination(HttpInboundLink.java:569)
	at com.ibm.ws.http.channel.internal.inbound.HttpInboundLink.handleNewRequest(HttpInboundLink.java:503)
	at com.ibm.ws.http.channel.internal.inbound.HttpInboundLink.processRequest(HttpInboundLink.java:363)
	at com.ibm.ws.http.channel.internal.inbound.HttpInboundLink.ready(HttpInboundLink.java:330)
	at com.ibm.ws.tcpchannel.internal.NewConnectionInitialReadCallback.sendToDiscriminators(NewConnectionInitialReadCallback.java:169)
	at com.ibm.ws.tcpchannel.internal.NewConnectionInitialReadCallback.complete(NewConnectionInitialReadCallback.java:77)
	at com.ibm.ws.tcpchannel.internal.WorkQueueManager.requestComplete(WorkQueueManager.java:516)
	at com.ibm.ws.tcpchannel.internal.WorkQueueManager.attemptIO(WorkQueueManager.java:586)
	at com.ibm.ws.tcpchannel.internal.WorkQueueManager.workerRun(WorkQueueManager.java:970)
	at com.ibm.ws.tcpchannel.internal.WorkQueueManager$Worker.run(WorkQueueManager.java:1059)
	at com.ibm.ws.threading.internal.ExecutorServiceImpl$RunnableWrapper.run(ExecutorServiceImpl.java:280)
	at java.base/java.util.concurrent.ThreadPoolExecutor.runWorker(ThreadPoolExecutor.java:1144)
	at java.base/java.util.concurrent.ThreadPoolExecutor$Worker.run(ThreadPoolExecutor.java:642)
	at java.base/java.lang.Thread.run(Thread.java:1583)

Dump of callerThis
Object type = com.ibm.ws.cdi.impl.weld.injection.WebSphereInjectionServicesImpl
  tc = class com.ibm.websphere.ras.TraceComponent@3da5d2d2
    strings[0] = "TraceComponent[com.ibm.ws.cdi.impl.weld.injection.WebSphereInjectionServicesImpl,class com.ibm.ws.cdi.impl.weld.injection.WebSphereInjectionServicesImpl,[JCDI],com.ibm.ws.cdi.internal.resources.CDI,null]"
  ANNOTATIONS_KNOWN_TO_WELD = class java.util.HashSet@70a698e8
    serialVersionUID = "/* Could not access serialVersionUID */"
    map = "/* Could not access map */"
    PRESENT = "/* Could not access PRESENT */"
  referenceContextMap = class java.util.concurrent.ConcurrentHashMap@42bdd30c
    serialVersionUID = "/* Could not access serialVersionUID */"
    MAXIMUM_CAPACITY = "/* Could not access MAXIMUM_CAPACITY */"
    DEFAULT_CAPACITY = "/* Could not access DEFAULT_CAPACITY */"
    MAX_ARRAY_SIZE = "/* Could not access MAX_ARRAY_SIZE */"
    DEFAULT_CONCURRENCY_LEVEL = "/* Could not access DEFAULT_CONCURRENCY_LEVEL */"
    LOAD_FACTOR = "/* Could not access LOAD_FACTOR */"
    TREEIFY_THRESHOLD = "/* Could not access TREEIFY_THRESHOLD */"
    UNTREEIFY_THRESHOLD = "/* Could not access UNTREEIFY_THRESHOLD */"
    MIN_TREEIFY_CAPACITY = "/* Could not access MIN_TREEIFY_CAPACITY */"
    MIN_TRANSFER_STRIDE = "/* Could not access MIN_TRANSFER_STRIDE */"
    RESIZE_STAMP_BITS = "/* Could not access RESIZE_STAMP_BITS */"
    MAX_RESIZERS = "/* Could not access MAX_RESIZERS */"
    RESIZE_STAMP_SHIFT = "/* Could not access RESIZE_STAMP_SHIFT */"
    MOVED = "/* Could not access MOVED */"
    TREEBIN = "/* Could not access TREEBIN */"
    RESERVED = "/* Could not access RESERVED */"
    HASH_BITS = "/* Could not access HASH_BITS */"
    NCPU = "/* Could not access NCPU */"
    serialPersistentFields = "/* Could not access serialPersistentFields */"
    table = "/* Could not access table */"
    nextTable = "/* Could not access nextTable */"
    baseCount = "/* Could not access baseCount */"
    sizeCtl = "/* Could not access sizeCtl */"
    transferIndex = "/* Could not access transferIndex */"
    cellsBusy = "/* Could not access cellsBusy */"
    counterCells = "/* Could not access counterCells */"
    keySet = "/* Could not access keySet */"
    values = "/* Could not access values */"
    entrySet = "/* Could not access entrySet */"
    U = "/* Could not access U */"
    SIZECTL = "/* Could not access SIZECTL */"
    TRANSFERINDEX = "/* Could not access TRANSFERINDEX */"
    BASECOUNT = "/* Could not access BASECOUNT */"
    CELLSBUSY = "/* Could not access CELLSBUSY */"
    CELLVALUE = "/* Could not access CELLVALUE */"
    ABASE = "/* Could not access ABASE */"
    ASHIFT = "/* Could not access ASHIFT */"
    keySet = "/* Could not access keySet */"
    values = "/* Could not access values */"
  referenceContexts = class java.util.Collections$SetFromMap@4d95c0d7
    m = "/* Could not access m */"
    s = "/* Could not access s */"
    serialVersionUID = "/* Could not access serialVersionUID */"
  injectionTargetListeners = class java.util.concurrent.ConcurrentHashMap@40d367f4
    serialVersionUID = "/* Could not access serialVersionUID */"
    MAXIMUM_CAPACITY = "/* Could not access MAXIMUM_CAPACITY */"
    DEFAULT_CAPACITY = "/* Could not access DEFAULT_CAPACITY */"
    MAX_ARRAY_SIZE = "/* Could not access MAX_ARRAY_SIZE */"
    DEFAULT_CONCURRENCY_LEVEL = "/* Could not access DEFAULT_CONCURRENCY_LEVEL */"
    LOAD_FACTOR = "/* Could not access LOAD_FACTOR */"
    TREEIFY_THRESHOLD = "/* Could not access TREEIFY_THRESHOLD */"
    UNTREEIFY_THRESHOLD = "/* Could not access UNTREEIFY_THRESHOLD */"
    MIN_TREEIFY_CAPACITY = "/* Could not access MIN_TREEIFY_CAPACITY */"
    MIN_TRANSFER_STRIDE = "/* Could not access MIN_TRANSFER_STRIDE */"
    RESIZE_STAMP_BITS = "/* Could not access RESIZE_STAMP_BITS */"
    MAX_RESIZERS = "/* Could not access MAX_RESIZERS */"
    RESIZE_STAMP_SHIFT = "/* Could not access RESIZE_STAMP_SHIFT */"
    MOVED = "/* Could not access MOVED */"
    TREEBIN = "/* Could not access TREEBIN */"
    RESERVED = "/* Could not access RESERVED */"
    HASH_BITS = "/* Could not access HASH_BITS */"
    NCPU = "/* Could not access NCPU */"
    serialPersistentFields = "/* Could not access serialPersistentFields */"
    table = "/* Could not access table */"
    nextTable = "/* Could not access nextTable */"
    baseCount = "/* Could not access baseCount */"
    sizeCtl = "/* Could not access sizeCtl */"
    transferIndex = "/* Could not access transferIndex */"
    cellsBusy = "/* Could not access cellsBusy */"
    counterCells = "/* Could not access counterCells */"
    keySet = "/* Could not access keySet */"
    values = "/* Could not access values */"
    entrySet = "/* Could not access entrySet */"
    U = "/* Could not access U */"
    SIZECTL = "/* Could not access SIZECTL */"
    TRANSFERINDEX = "/* Could not access TRANSFERINDEX */"
    BASECOUNT = "/* Could not access BASECOUNT */"
    CELLSBUSY = "/* Could not access CELLSBUSY */"
    CELLVALUE = "/* Could not access CELLVALUE */"
    ABASE = "/* Could not access ABASE */"
    ASHIFT = "/* Could not access ASHIFT */"
    keySet = "/* Could not access keySet */"
    values = "/* Could not access values */"
  deployment = class com.ibm.ws.cdi.impl.weld.WebSphereCDIDeploymentImpl@4f6c6de
    tc = class com.ibm.websphere.ras.TraceComponent@6cdcc0f9
      strings[0] = "TraceComponent[com.ibm.ws.cdi.impl.weld.WebSphereCDIDeploymentImpl,class com.ibm.ws.cdi.impl.weld.WebSphereCDIDeploymentImpl,[JCDI],com.ibm.ws.cdi.internal.resources.CDI,null]"
    id = "gestioncontact"
    deploymentDBAs = class java.util.HashMap@28ff40ff
      serialVersionUID = "/* Could not access serialVersionUID */"
      DEFAULT_INITIAL_CAPACITY = "/* Could not access DEFAULT_INITIAL_CAPACITY */"
      MAXIMUM_CAPACITY = "/* Could not access MAXIMUM_CAPACITY */"
      DEFAULT_LOAD_FACTOR = "/* Could not access DEFAULT_LOAD_FACTOR */"
      TREEIFY_THRESHOLD = "/* Could not access TREEIFY_THRESHOLD */"
      UNTREEIFY_THRESHOLD = "/* Could not access UNTREEIFY_THRESHOLD */"
      MIN_TREEIFY_CAPACITY = "/* Could not access MIN_TREEIFY_CAPACITY */"
      table = "/* Could not access table */"
      entrySet = "/* Could not access entrySet */"
      size = "/* Could not access size */"
      modCount = "/* Could not access modCount */"
      threshold = "/* Could not access threshold */"
      loadFactor = "/* Could not access loadFactor */"
      keySet = "/* Could not access keySet */"
      values = "/* Could not access values */"
    applicationBDAs = class java.util.HashSet@4b8fbe4f
      serialVersionUID = "/* Could not access serialVersionUID */"
      map = "/* Could not access map */"
      PRESENT = "/* Could not access PRESENT */"
    extensionBDAs = class java.util.HashMap@10389c0d
      serialVersionUID = "/* Could not access serialVersionUID */"
      DEFAULT_INITIAL_CAPACITY = "/* Could not access DEFAULT_INITIAL_CAPACITY */"
      MAXIMUM_CAPACITY = "/* Could not access MAXIMUM_CAPACITY */"
      DEFAULT_LOAD_FACTOR = "/* Could not access DEFAULT_LOAD_FACTOR */"
      TREEIFY_THRESHOLD = "/* Could not access TREEIFY_THRESHOLD */"
      UNTREEIFY_THRESHOLD = "/* Could not access UNTREEIFY_THRESHOLD */"
      MIN_TREEIFY_CAPACITY = "/* Could not access MIN_TREEIFY_CAPACITY */"
      table = "/* Could not access table */"
      entrySet = "/* Could not access entrySet */"
      size = "/* Could not access size */"
      modCount = "/* Could not access modCount */"
      threshold = "/* Could not access threshold */"
      loadFactor = "/* Could not access loadFactor */"
      keySet = "/* Could not access keySet */"
      values = "/* Could not access values */"
    orderedBDAs = class java.util.ArrayList@22ca68e2
      serialVersionUID = "/* Could not access serialVersionUID */"
      DEFAULT_CAPACITY = "/* Could not access DEFAULT_CAPACITY */"
      EMPTY_ELEMENTDATA = "/* Could not access EMPTY_ELEMENTDATA */"
      DEFAULTCAPACITY_EMPTY_ELEMENTDATA = "/* Could not access DEFAULTCAPACITY_EMPTY_ELEMENTDATA */"
      elementData = "/* Could not access elementData */"
      size = "/* Could not access size */"
      modCount = "/* Could not access modCount */"
    bootstrap = class org.jboss.weld.bootstrap.WeldBootstrap@70602cfc
      weldStartup = null
      weldRuntime = class org.jboss.weld.bootstrap.WeldRuntime@7eca976a
      beansXmlValidator = null
    classloader = class com.ibm.ws.classloading.internal.AppClassLoader@6c394003
      tc = class com.ibm.websphere.ras.TraceComponent@1558cd11
      forbiddenClassNames = class java.util.Collections$UnmodifiableSet@2066f6d7
      FORBIDDEN_PROPERTIES = "forbidden.properties"
      NOTHING_FORBIDDEN_PROPERTY = "io.openliberty.classloading.nothing.forbidden"
      disableSharedClassesCache = false
      PARENT_FIRST_SEARCH_ORDER = class java.util.Collections$UnmodifiableRandomAccessList@7e119dfb
      packagesDefined = class java.util.Collections$SetFromMap@705b66c8
      CLASS_LOADING_TRACE_PREFIX = "com.ibm.ws.class.load."
      DEFAULT_PACKAGE = "default.package"
      perPackageClassLoadingTraceComponents = class java.util.concurrent.ConcurrentHashMap@6c82de4e
      config = class com.ibm.ws.classloading.internal.ClassLoaderConfigurationImpl@7bc55d47
      privateLibraries = null
      delegateLoaders = class com.ibm.ws.classloading.internal.util.CompositeIterable@949e981
      nativeLibraryFiles = class java.util.ArrayList@228fa346
      transformers = class java.util.ArrayList@580569f7
      systemTransformers = class java.util.concurrent.CopyOnWriteArrayList@97b28d5
      apiAccess = class com.ibm.ws.classloading.internal.GatewayClassLoader@2eef53d8
      generator = class com.ibm.ws.classloading.internal.ClassGeneratorManager@4f38cd9a
      protectionDomains = class java.util.concurrent.ConcurrentHashMap@1072c2a8
      hook = null
      serialVersionUID = 5906478461061001036
      checkpointPhase = class io.openliberty.checkpoint.spi.CheckpointPhase@33a6eabc
      tc = class com.ibm.websphere.ras.TraceComponent@7e08ba0f
      smartClassPath = class com.ibm.ws.classloading.internal.ContainerClassLoader$SmartClassPathImpl@3a7ba54f
      nativeLibraryContainers = class java.util.ArrayList@3c1a572a
      redefiner = class com.ibm.ws.classloading.internal.util.ClassRedefiner@5b41c62
      jarProtocol = "wsjar:"
      mapCreationQueue = class java.util.concurrent.Executors$AutoShutdownDelegatedExecutorService@143e562
      serialVersionUID = 251246017270836472
      parent = class com.ibm.ws.classloading.internal.GatewayClassLoader@2eef53d8
      classNameLockStore = class com.ibm.ws.kernel.boot.utils.KeyBasedLockStore@667569d8
      serialVersionUID = -3020377578845918238
      $$$tc$$$ = class com.ibm.websphere.ras.TraceComponent@35d570e3
      pdcache = "/* Could not access pdcache */"
    extensionClassLoaders = class java.util.HashSet@462b9979
      serialVersionUID = "/* Could not access serialVersionUID */"
      map = "/* Could not access map */"
      PRESENT = "/* Could not access PRESENT */"
    cdiEnabled = true
    cdiStatusMap = class java.util.HashMap@1227bd45
      serialVersionUID = "/* Could not access serialVersionUID */"
      DEFAULT_INITIAL_CAPACITY = "/* Could not access DEFAULT_INITIAL_CAPACITY */"
      MAXIMUM_CAPACITY = "/* Could not access MAXIMUM_CAPACITY */"
      DEFAULT_LOAD_FACTOR = "/* Could not access DEFAULT_LOAD_FACTOR */"
      TREEIFY_THRESHOLD = "/* Could not access TREEIFY_THRESHOLD */"
      UNTREEIFY_THRESHOLD = "/* Could not access UNTREEIFY_THRESHOLD */"
      MIN_TREEIFY_CAPACITY = "/* Could not access MIN_TREEIFY_CAPACITY */"
      table = "/* Could not access table */"
      entrySet = "/* Could not access entrySet */"
      size = "/* Could not access size */"
      modCount = "/* Could not access modCount */"
      threshold = "/* Could not access threshold */"
      loadFactor = "/* Could not access loadFactor */"
      keySet = "/* Could not access keySet */"
      values = "/* Could not access values */"
    classBDAMap = class java.util.concurrent.ConcurrentHashMap@63db5a9b
      serialVersionUID = "/* Could not access serialVersionUID */"
      MAXIMUM_CAPACITY = "/* Could not access MAXIMUM_CAPACITY */"
      DEFAULT_CAPACITY = "/* Could not access DEFAULT_CAPACITY */"
      MAX_ARRAY_SIZE = "/* Could not access MAX_ARRAY_SIZE */"
      DEFAULT_CONCURRENCY_LEVEL = "/* Could not access DEFAULT_CONCURRENCY_LEVEL */"
      LOAD_FACTOR = "/* Could not access LOAD_FACTOR */"
      TREEIFY_THRESHOLD = "/* Could not access TREEIFY_THRESHOLD */"
      UNTREEIFY_THRESHOLD = "/* Could not access UNTREEIFY_THRESHOLD */"
      MIN_TREEIFY_CAPACITY = "/* Could not access MIN_TREEIFY_CAPACITY */"
      MIN_TRANSFER_STRIDE = "/* Could not access MIN_TRANSFER_STRIDE */"
      RESIZE_STAMP_BITS = "/* Could not access RESIZE_STAMP_BITS */"
      MAX_RESIZERS = "/* Could not access MAX_RESIZERS */"
      RESIZE_STAMP_SHIFT = "/* Could not access RESIZE_STAMP_SHIFT */"
      MOVED = "/* Could not access MOVED */"
      TREEBIN = "/* Could not access TREEBIN */"
      RESERVED = "/* Could not access RESERVED */"
      HASH_BITS = "/* Could not access HASH_BITS */"
      NCPU = "/* Could not access NCPU */"
      serialPersistentFields = "/* Could not access serialPersistentFields */"
      table = "/* Could not access table */"
      nextTable = "/* Could not access nextTable */"
      baseCount = "/* Could not access baseCount */"
      sizeCtl = "/* Could not access sizeCtl */"
      transferIndex = "/* Could not access transferIndex */"
      cellsBusy = "/* Could not access cellsBusy */"
      counterCells = "/* Could not access counterCells */"
      keySet = "/* Could not access keySet */"
      values = "/* Could not access values */"
      entrySet = "/* Could not access entrySet */"
      U = "/* Could not access U */"
      SIZECTL = "/* Could not access SIZECTL */"
      TRANSFERINDEX = "/* Could not access TRANSFERINDEX */"
      BASECOUNT = "/* Could not access BASECOUNT */"
      CELLSBUSY = "/* Could not access CELLSBUSY */"
      CELLVALUE = "/* Could not access CELLVALUE */"
      ABASE = "/* Could not access ABASE */"
      ASHIFT = "/* Could not access ASHIFT */"
      keySet = "/* Could not access keySet */"
      values = "/* Could not access values */"
    application = class com.ibm.ws.cdi.internal.archive.liberty.ApplicationImpl@12ad8dd0
      tc = class com.ibm.websphere.ras.TraceComponent@4525fcad
      applicationInfo = class com.ibm.ws.container.service.app.deploy.internal.ApplicationInfoImpl@6e3b287c
      earApplicationInfo = null
      factory = class com.ibm.ws.cdi.internal.archive.liberty.RuntimeFactory@44f61647
      type = class com.ibm.ws.cdi.internal.interfaces.ApplicationType@1a2860fa
      moduleArchives = class java.util.HashMap$Values@3073d512
      libraryArchives = class java.util.HashMap$Values@295b5a35
      tccl = class com.ibm.ws.classloading.internal.ThreadContextClassLoader@4abddf3a
      serialVersionUID = -1774035872069118191
    serviceRegistry = class org.jboss.weld.bootstrap.api.helpers.SimpleServiceRegistry@8572ead
      services = class java.util.HashMap@8b8c13b
    extensions = class java.util.HashSet@27356777
      serialVersionUID = "/* Could not access serialVersionUID */"
      map = "/* Could not access map */"
      PRESENT = "/* Could not access PRESENT */"
    injectionServices = class com.ibm.ws.cdi.impl.weld.injection.WebSphereInjectionServicesImpl@1ee6bf1e
    cdiRuntime = class com.ibm.ws.cdi.liberty.CDIRuntimeImpl@1e03ee88
      tc = class com.ibm.websphere.ras.TraceComponent@20720a41
      metaDataSlotServiceSR = class com.ibm.wsspi.kernel.service.utils.AtomicServiceReference@5daf90f4
      ejbEndpointServiceSR = class com.ibm.wsspi.kernel.service.utils.AtomicServiceReference@5cd94267
      classLoadingSRRef = class com.ibm.wsspi.kernel.service.utils.AtomicServiceReference@4deae0e2
      ejbServices = class com.ibm.wsspi.kernel.service.utils.AtomicServiceReference@76a78cb5
      transactionService = class com.ibm.wsspi.kernel.service.utils.AtomicServiceReference@57ae8aa5
      securityServices = class com.ibm.wsspi.kernel.service.utils.AtomicServiceReference@41f2204d
      extensionsSR = class com.ibm.wsspi.kernel.service.utils.ConcurrentServiceReferenceSet@5b053561
      spiExtensionsSR = class com.ibm.wsspi.kernel.service.utils.ConcurrentServiceReferenceSet@110dd890
      containerFactorySRRef = class com.ibm.wsspi.kernel.service.utils.AtomicServiceReference@325593b6
      adaptableModuleFactorySRRef = class com.ibm.wsspi.kernel.service.utils.AtomicServiceReference@62752df9
      injectionEngineServiceRef = class com.ibm.wsspi.kernel.service.utils.AtomicServiceReference@10a9a2eb
      scheduledExecutorServiceRef = class com.ibm.wsspi.kernel.service.utils.AtomicServiceReference@6f9f2136
      executorServiceRef = class com.ibm.wsspi.kernel.service.utils.AtomicServiceReference@71c9c750
      managedExecutorServiceRef = class com.ibm.wsspi.kernel.service.utils.AtomicServiceReference@3a982675
      resourceRefConfigFactoryRef = class com.ibm.wsspi.kernel.service.utils.AtomicServiceReference@67fb7537
      deferredMetaDataFactoryRef = class com.ibm.wsspi.kernel.service.utils.AtomicServiceReference@71fb7e6f
      beansXmlParser = class io.openliberty.cdi40.internal.weld.CDI40BeansXmlParserImpl@4eb7d447
      bceFinder = class io.openliberty.cdi40.internal.weld.CDI40BceFinder@3567f86a
      cdiContainerEventManager = class io.openliberty.cdi40.internal.weld.CDI40ContainerEventManagerImpl@989613c
      weldDevelopmentMode = null
      cdiContainerConfig = class io.openliberty.cdi40.internal.weld.CDI40AggregatedConfigurationImpl@23ab7e64
      extensionArchiveProviders = class java.util.ArrayList@534e93ba
      extensionArchiveFactories = class java.util.ArrayList@59e09511
      applicationSlot = class com.ibm.ws.runtime.metadata.MetaDataSlotImpl@1ba29f90
      isClientProcess = false
      runtimeFactory = class com.ibm.ws.cdi.internal.archive.liberty.RuntimeFactory@44f61647
      proxyServices = class com.ibm.ws.cdi.proxy.ProxyServicesImpl@19e34bd5
      serialVersionUID = 7930911400118500928
      cdiContainer = class com.ibm.ws.cdi.impl.CDIContainerImpl@16320966
      serialVersionUID = 7975911090376029176
      $$$tc$$$ = class com.ibm.websphere.ras.TraceComponent@553e9dfb
    cdi = class com.ibm.ws.cdi.impl.CDIImpl@603e2395
      cdiService = class com.ibm.ws.cdi.liberty.CDIRuntimeImpl@1e03ee88
      serialVersionUID = -7939958868102936626
      $$$tc$$$ = class com.ibm.websphere.ras.TraceComponent@71b5b464
      knownClassNames = class org.jboss.weld.util.collections.ImmutableTinySet$Tripleton@61113504
      instanceCache = class org.jboss.weld.util.cache.ReentrantMapBackedComputingCache@15a1434f
      lock = class java.lang.Object@161f1fcd
      providerSetManually = true
      discoveredProviders = null
      configuredProvider = class com.ibm.ws.cdi.liberty.CDIRuntimeImpl@1e03ee88
    serialVersionUID = 4603914438338371166
  serialVersionUID = 2515575801175940133

Dump of objectArray[0]
Object type = estm.dsic.jee.rest.dao.UserDao$Proxy$_$$_WeldSubclass
  weld$$$200 = class java.lang.reflect.Method@51a87a7e
    parameterData = "/* Could not access parameterData */"
    declaredAnnotations = "/* Could not access declaredAnnotations */"
  weld$$$211 = class java.lang.reflect.Method@2eb87895
    parameterData = "/* Could not access parameterData */"
    declaredAnnotations = "/* Could not access declaredAnnotations */"
  weld$$$199 = class java.lang.reflect.Method@10875448
    parameterData = "/* Could not access parameterData */"
    declaredAnnotations = "/* Could not access declaredAnnotations */"
  weld$$$210 = class java.lang.reflect.Method@25aee4cc
    parameterData = "/* Could not access parameterData */"
    declaredAnnotations = "/* Could not access declaredAnnotations */"
  weld$$$202 = class java.lang.reflect.Method@3747118d
    parameterData = "/* Could not access parameterData */"
    declaredAnnotations = "/* Could not access declaredAnnotations */"
  weld$$$213 = class java.lang.reflect.Method@5a56ab20
    parameterData = "/* Could not access parameterData */"
    declaredAnnotations = "/* Could not access declaredAnnotations */"
  constructed = true
  weld$$$201 = class java.lang.reflect.Method@70d98136
    parameterData = "/* Could not access parameterData */"
    declaredAnnotations = "/* Could not access declaredAnnotations */"
  weld$$$212 = class java.lang.reflect.Method@22038365
    parameterData = "/* Could not access parameterData */"
    declaredAnnotations = "/* Could not access declaredAnnotations */"
  weld$$$204 = class java.lang.reflect.Method@2d4735d1
    parameterData = "/* Could not access parameterData */"
    declaredAnnotations = "/* Could not access declaredAnnotations */"
  weld$$$203 = class java.lang.reflect.Method@422784f2
    parameterData = "/* Could not access parameterData */"
    declaredAnnotations = "/* Could not access declaredAnnotations */"
  weld$$$214 = class java.lang.reflect.Method@7e4b7db1
    parameterData = "/* Could not access parameterData */"
    declaredAnnotations = "/* Could not access declaredAnnotations */"
  weld$$$206 = class java.lang.reflect.Method@406dc1b6
    parameterData = "/* Could not access parameterData */"
    declaredAnnotations = "/* Could not access declaredAnnotations */"
  weld$$$205 = class java.lang.reflect.Method@54109dd7
    parameterData = "/* Could not access parameterData */"
    declaredAnnotations = "/* Could not access declaredAnnotations */"
  weld$$$208 = class java.lang.reflect.Method@2aee93b3
    parameterData = "/* Could not access parameterData */"
    declaredAnnotations = "/* Could not access declaredAnnotations */"
  weld$$$207 = class java.lang.reflect.Method@f6dc5aa
    parameterData = "/* Could not access parameterData */"
    declaredAnnotations = "/* Could not access declaredAnnotations */"
  weld$$$209 = class java.lang.reflect.Method@2123d580
    parameterData = "/* Could not access parameterData */"
    declaredAnnotations = "/* Could not access declaredAnnotations */"
  methodHandler = class org.jboss.weld.bean.proxy.CombinedInterceptorAndDecoratorStackMethodHandler@718d0a56
    NULL_INSTANCE = class org.jboss.weld.bean.proxy.CombinedInterceptorAndDecoratorStackMethodHandler$1@2fa07cdf
      NULL_INSTANCE = class org.jboss.weld.bean.proxy.CombinedInterceptorAndDecoratorStackMethodHandler$1@2fa07cdf
      interceptorMethodHandler = null
      outerDecorator = null
    interceptorMethodHandler = class org.jboss.weld.interceptor.proxy.InterceptorMethodHandler@4e81ac14
      serialVersionUID = 1
      ctx = class org.jboss.weld.interceptor.proxy.InterceptionContext@7131ff91
      cachedChains = class java.util.concurrent.ConcurrentHashMap@68f7945b
    outerDecorator = null
  em = null

Dump of objectArray[1]
Object type = java.lang.Class
  ANNOTATION = "/* Could not access ANNOTATION */"
  ENUM = "/* Could not access ENUM */"
  SYNTHETIC = "/* Could not access SYNTHETIC */"
  cachedConstructor = "/* Could not access cachedConstructor */"
  name = "/* Could not access name */"
  module = "/* Could not access module */"
  packageName = "/* Could not access packageName */"
  componentType = "/* Could not access componentType */"
  allPermDomain = "/* Could not access allPermDomain */"
  reflectionData = "/* Could not access reflectionData */"
  classRedefinedCount = "/* Could not access classRedefinedCount */"
  genericInfo = "/* Could not access genericInfo */"
  EMPTY_CLASS_ARRAY = "/* Could not access EMPTY_CLASS_ARRAY */"
  serialVersionUID = "/* Could not access serialVersionUID */"
  serialPersistentFields = "/* Could not access serialPersistentFields */"
  reflectionFactory = "/* Could not access reflectionFactory */"
  enumConstants = "/* Could not access enumConstants */"
  enumConstantDirectory = "/* Could not access enumConstantDirectory */"
  annotationData = "/* Could not access annotationData */"
  annotationType = "/* Could not access annotationType */"
  classValueMap = "/* Could not access classValueMap */"

Dump of objectArray[2]
Object type = org.jboss.weld.injection.producer.ResourceInjector$1
  val$instance = class estm.dsic.jee.rest.dao.UserDao$Proxy$_$$_WeldSubclass@13746daf
    weld$$$200 = class java.lang.reflect.Method@51a87a7e
      parameterData = "/* Could not access parameterData */"
      declaredAnnotations = "/* Could not access declaredAnnotations */"
    weld$$$211 = class java.lang.reflect.Method@2eb87895
      parameterData = "/* Could not access parameterData */"
      declaredAnnotations = "/* Could not access declaredAnnotations */"
    weld$$$199 = class java.lang.reflect.Method@10875448
      parameterData = "/* Could not access parameterData */"
      declaredAnnotations = "/* Could not access declaredAnnotations */"
    weld$$$210 = class java.lang.reflect.Method@25aee4cc
      parameterData = "/* Could not access parameterData */"
      declaredAnnotations = "/* Could not access declaredAnnotations */"
    weld$$$202 = class java.lang.reflect.Method@3747118d
      parameterData = "/* Could not access parameterData */"
      declaredAnnotations = "/* Could not access declaredAnnotations */"
    weld$$$213 = class java.lang.reflect.Method@5a56ab20
      parameterData = "/* Could not access parameterData */"
      declaredAnnotations = "/* Could not access declaredAnnotations */"
    constructed = true
    weld$$$201 = class java.lang.reflect.Method@70d98136
      parameterData = "/* Could not access parameterData */"
      declaredAnnotations = "/* Could not access declaredAnnotations */"
    weld$$$212 = class java.lang.reflect.Method@22038365
      parameterData = "/* Could not access parameterData */"
      declaredAnnotations = "/* Could not access declaredAnnotations */"
    weld$$$204 = class java.lang.reflect.Method@2d4735d1
      parameterData = "/* Could not access parameterData */"
      declaredAnnotations = "/* Could not access declaredAnnotations */"
    weld$$$203 = class java.lang.reflect.Method@422784f2
      parameterData = "/* Could not access parameterData */"
      declaredAnnotations = "/* Could not access declaredAnnotations */"
    weld$$$214 = class java.lang.reflect.Method@7e4b7db1
      parameterData = "/* Could not access parameterData */"
      declaredAnnotations = "/* Could not access declaredAnnotations */"
    weld$$$206 = class java.lang.reflect.Method@406dc1b6
      parameterData = "/* Could not access parameterData */"
      declaredAnnotations = "/* Could not access declaredAnnotations */"
    weld$$$205 = class java.lang.reflect.Method@54109dd7
      parameterData = "/* Could not access parameterData */"
      declaredAnnotations = "/* Could not access declaredAnnotations */"
    weld$$$208 = class java.lang.reflect.Method@2aee93b3
      parameterData = "/* Could not access parameterData */"
      declaredAnnotations = "/* Could not access declaredAnnotations */"
    weld$$$207 = class java.lang.reflect.Method@f6dc5aa
      parameterData = "/* Could not access parameterData */"
      declaredAnnotations = "/* Could not access declaredAnnotations */"
    weld$$$209 = class java.lang.reflect.Method@2123d580
      parameterData = "/* Could not access parameterData */"
      declaredAnnotations = "/* Could not access declaredAnnotations */"
    methodHandler = class org.jboss.weld.bean.proxy.CombinedInterceptorAndDecoratorStackMethodHandler@718d0a56
      NULL_INSTANCE = class org.jboss.weld.bean.proxy.CombinedInterceptorAndDecoratorStackMethodHandler$1@2fa07cdf
      interceptorMethodHandler = class org.jboss.weld.interceptor.proxy.InterceptorMethodHandler@4e81ac14
      outerDecorator = null
    em = null
  val$ctx = class org.jboss.weld.contexts.CreationalContextImpl@253b31ff
    serialVersionUID = 7375854583908262422
    SERIALIZATION_PROXY = class org.jboss.weld.contexts.CreationalContextImpl$SerializationProxy@177b9741
      serialVersionUID = 5261112077771498097
    incompleteInstances = class java.util.HashMap@18e5ae5b
      serialVersionUID = "/* Could not access serialVersionUID */"
      DEFAULT_INITIAL_CAPACITY = "/* Could not access DEFAULT_INITIAL_CAPACITY */"
      MAXIMUM_CAPACITY = "/* Could not access MAXIMUM_CAPACITY */"
      DEFAULT_LOAD_FACTOR = "/* Could not access DEFAULT_LOAD_FACTOR */"
      TREEIFY_THRESHOLD = "/* Could not access TREEIFY_THRESHOLD */"
      UNTREEIFY_THRESHOLD = "/* Could not access UNTREEIFY_THRESHOLD */"
      MIN_TREEIFY_CAPACITY = "/* Could not access MIN_TREEIFY_CAPACITY */"
      table = "/* Could not access table */"
      entrySet = "/* Could not access entrySet */"
      size = "/* Could not access size */"
      modCount = "/* Could not access modCount */"
      threshold = "/* Could not access threshold */"
      loadFactor = "/* Could not access loadFactor */"
      keySet = "/* Could not access keySet */"
      values = "/* Could not access values */"
    contextual = class org.jboss.weld.bean.ManagedBean@4771aaae
      proxiable = true
      passivationCapableBean = false
      passivationCapableDependency = true
      hasPostConstructCallback = false
      annotatedType = class org.jboss.weld.annotated.slim.backed.BackedAnnotatedType@366e9a6
      enhancedAnnotatedItem = null
      producer = class org.jboss.weld.injection.producer.BeanInjectionTarget@5111cc36
      type = class java.lang.Class@5922913b
      preInitialized = false
      proxyRequired = true
      producer = null
      ignoreFinalMethods = false
      beanManager = class org.jboss.weld.manager.BeanManagerImpl@2d8d02a2
      initialized = true
      qualifiers = class org.jboss.weld.util.collections.ImmutableTinySet$Tripleton@58099f63
      contextualInstanceStrategy = class org.jboss.weld.bean.ContextualInstanceStrategy$CachingContextualInstanceStrategy@4927a37c
      attributes = class org.jboss.weld.bean.attributes.ImmutableBeanAttributes@5e4b0b5
      identifier = class org.jboss.weld.bean.StringBeanIdentifier@190ae3db
    dependentInstances = class java.util.Collections$SynchronizedRandomAccessList@125e6b6a
      serialVersionUID = "/* Could not access serialVersionUID */"
      serialVersionUID = "/* Could not access serialVersionUID */"
      list = "/* Could not access list */"
      serialVersionUID = "/* Could not access serialVersionUID */"
      c = "/* Could not access c */"
      mutex = "/* Could not access mutex */"
    parentDependentInstances = class java.util.Collections$SynchronizedRandomAccessList@59d427ff
      serialVersionUID = "/* Could not access serialVersionUID */"
      serialVersionUID = "/* Could not access serialVersionUID */"
      list = "/* Could not access list */"
      serialVersionUID = "/* Could not access serialVersionUID */"
      c = "/* Could not access c */"
      mutex = "/* Could not access mutex */"
    parentCreationalContext = null
    destroyed = null
    resourceReferences = null
    constructorInterceptionSuppressed = false
    aroundConstructCallbacks = null
    aroundConstructInterceptionContext = null
  val$manager = class org.jboss.weld.manager.BeanManagerImpl@2d8d02a2
    serialVersionUID = 3021562879133838561
    CREATIONAL_CONTEXT = "creationalContext"
    services = class org.jboss.weld.bootstrap.api.helpers.SimpleServiceRegistry@65ac3bd7
      services = class java.util.HashMap@7e921a45
    contexts = class java.util.concurrent.ConcurrentHashMap@223f1de
      serialVersionUID = "/* Could not access serialVersionUID */"
      MAXIMUM_CAPACITY = "/* Could not access MAXIMUM_CAPACITY */"
      DEFAULT_CAPACITY = "/* Could not access DEFAULT_CAPACITY */"
      MAX_ARRAY_SIZE = "/* Could not access MAX_ARRAY_SIZE */"
      DEFAULT_CONCURRENCY_LEVEL = "/* Could not access DEFAULT_CONCURRENCY_LEVEL */"
      LOAD_FACTOR = "/* Could not access LOAD_FACTOR */"
      TREEIFY_THRESHOLD = "/* Could not access TREEIFY_THRESHOLD */"
      UNTREEIFY_THRESHOLD = "/* Could not access UNTREEIFY_THRESHOLD */"
      MIN_TREEIFY_CAPACITY = "/* Could not access MIN_TREEIFY_CAPACITY */"
      MIN_TRANSFER_STRIDE = "/* Could not access MIN_TRANSFER_STRIDE */"
      RESIZE_STAMP_BITS = "/* Could not access RESIZE_STAMP_BITS */"
      MAX_RESIZERS = "/* Could not access MAX_RESIZERS */"
      RESIZE_STAMP_SHIFT = "/* Could not access RESIZE_STAMP_SHIFT */"
      MOVED = "/* Could not access MOVED */"
      TREEBIN = "/* Could not access TREEBIN */"
      RESERVED = "/* Could not access RESERVED */"
      HASH_BITS = "/* Could not access HASH_BITS */"
      NCPU = "/* Could not access NCPU */"
      serialPersistentFields = "/* Could not access serialPersistentFields */"
      table = "/* Could not access table */"
      nextTable = "/* Could not access nextTable */"
      baseCount = "/* Could not access baseCount */"
      sizeCtl = "/* Could not access sizeCtl */"
      transferIndex = "/* Could not access transferIndex */"
      cellsBusy = "/* Could not access cellsBusy */"
      counterCells = "/* Could not access counterCells */"
      keySet = "/* Could not access keySet */"
      values = "/* Could not access values */"
      entrySet = "/* Could not access entrySet */"
      U = "/* Could not access U */"
      SIZECTL = "/* Could not access SIZECTL */"
      TRANSFERINDEX = "/* Could not access TRANSFERINDEX */"
      BASECOUNT = "/* Could not access BASECOUNT */"
      CELLSBUSY = "/* Could not access CELLSBUSY */"
      CELLVALUE = "/* Could not access CELLVALUE */"
      ABASE = "/* Could not access ABASE */"
      ASHIFT = "/* Could not access ASHIFT */"
      keySet = "/* Could not access keySet */"
      values = "/* Could not access values */"
    clientProxyProvider = class org.jboss.weld.bean.proxy.ClientProxyProvider@255cbd8e
      BEAN_NOT_PROXYABLE_MARKER = class java.lang.Object@174cb6e4
      beanTypeClosureProxyPool = class org.jboss.weld.util.cache.ReentrantMapBackedComputingCache@dbc5f86
      requestedTypeClosureProxyPool = class org.jboss.weld.util.cache.ReentrantMapBackedComputingCache@1e1ac399
      contextId = "gestioncontact"
      services = class org.jboss.weld.bootstrap.api.helpers.ServiceRegistries$1@1d9369d8
    enterpriseBeans = class java.util.concurrent.ConcurrentHashMap@63b7542a
      serialVersionUID = "/* Could not access serialVersionUID */"
      MAXIMUM_CAPACITY = "/* Could not access MAXIMUM_CAPACITY */"
      DEFAULT_CAPACITY = "/* Could not access DEFAULT_CAPACITY */"
      MAX_ARRAY_SIZE = "/* Could not access MAX_ARRAY_SIZE */"
      DEFAULT_CONCURRENCY_LEVEL = "/* Could not access DEFAULT_CONCURRENCY_LEVEL */"
      LOAD_FACTOR = "/* Could not access LOAD_FACTOR */"
      TREEIFY_THRESHOLD = "/* Could not access TREEIFY_THRESHOLD */"
      UNTREEIFY_THRESHOLD = "/* Could not access UNTREEIFY_THRESHOLD */"
      MIN_TREEIFY_CAPACITY = "/* Could not access MIN_TREEIFY_CAPACITY */"
      MIN_TRANSFER_STRIDE = "/* Could not access MIN_TRANSFER_STRIDE */"
      RESIZE_STAMP_BITS = "/* Could not access RESIZE_STAMP_BITS */"
      MAX_RESIZERS = "/* Could not access MAX_RESIZERS */"
      RESIZE_STAMP_SHIFT = "/* Could not access RESIZE_STAMP_SHIFT */"
      MOVED = "/* Could not access MOVED */"
      TREEBIN = "/* Could not access TREEBIN */"
      RESERVED = "/* Could not access RESERVED */"
      HASH_BITS = "/* Could not access HASH_BITS */"
      NCPU = "/* Could not access NCPU */"
      serialPersistentFields = "/* Could not access serialPersistentFields */"
      table = "/* Could not access table */"
      nextTable = "/* Could not access nextTable */"
      baseCount = "/* Could not access baseCount */"
      sizeCtl = "/* Could not access sizeCtl */"
      transferIndex = "/* Could not access transferIndex */"
      cellsBusy = "/* Could not access cellsBusy */"
      counterCells = "/* Could not access counterCells */"
      keySet = "/* Could not access keySet */"
      values = "/* Could not access values */"
      entrySet = "/* Could not access entrySet */"
      U = "/* Could not access U */"
      SIZECTL = "/* Could not access SIZECTL */"
      TRANSFERINDEX = "/* Could not access TRANSFERINDEX */"
      BASECOUNT = "/* Could not access BASECOUNT */"
      CELLSBUSY = "/* Could not access CELLSBUSY */"
      CELLVALUE = "/* Could not access CELLVALUE */"
      ABASE = "/* Could not access ABASE */"
      ASHIFT = "/* Could not access ASHIFT */"
      keySet = "/* Could not access keySet */"
      values = "/* Could not access values */"
    enabled = class org.jboss.weld.bootstrap.enablement.ModuleEnablement@67c1a908
      EMPTY_ENABLEMENT = class org.jboss.weld.bootstrap.enablement.ModuleEnablement@af55e69
      interceptors = class org.jboss.weld.util.collections.ImmutableArrayList@3013a4a3
      decorators = class java.util.Collections$EmptyList@5bf5831
      interceptorMap = class java.util.Collections$UnmodifiableMap@2866518a
      decoratorMap = class java.util.Collections$EmptyMap@4ec3f496
      globalAlternatives = class java.util.Collections$EmptyMap@4ec3f496
      localAlternativeClasses = class java.util.Collections$EmptySet@26983e12
      localAlternativeStereotypes = class java.util.Collections$EmptySet@26983e12
      decoratorComparator = class org.jboss.weld.bootstrap.enablement.ModuleEnablement$EnablementComparator@1af12880
      interceptorComparator = class org.jboss.weld.bootstrap.enablement.ModuleEnablement$EnablementComparator@3ad72ba1
    beanResolver = class org.jboss.weld.resolution.TypeSafeBeanResolver@7af1092f
      beanManager = class org.jboss.weld.manager.BeanManagerImpl@2d8d02a2
      disambiguatedBeans = class org.jboss.weld.util.cache.ReentrantMapBackedComputingCache@6f1a0718
      store = class org.jboss.weld.metadata.cache.MetaAnnotationStore@1cb8079a
      beansByType = class org.jboss.weld.resolution.AbstractTypeSafeBeanResolver$1@b52512
      resolved = class org.jboss.weld.util.cache.ReentrantMapBackedComputingCache@487b3896
      allBeans = class org.jboss.weld.util.collections.Iterables$$Lambda/0x0000015e199dec08@4e2045e8
      resolverFunction = class org.jboss.weld.resolution.TypeSafeResolver$ResolvableToBeanCollection@71bdb9f3
    decoratorResolver = class org.jboss.weld.resolution.TypeSafeDecoratorResolver@3a816b32
      rules = class org.jboss.weld.resolution.DelegateInjectionPointAssignabilityRules@6c6f4029
      beanManager = class org.jboss.weld.manager.BeanManagerImpl@2d8d02a2
      disambiguatedBeans = class org.jboss.weld.util.cache.ReentrantMapBackedComputingCache@f4c85c3
      store = class org.jboss.weld.metadata.cache.MetaAnnotationStore@1cb8079a
      beansByType = class org.jboss.weld.resolution.AbstractTypeSafeBeanResolver$1@18180b2f
      resolved = class org.jboss.weld.util.cache.ReentrantMapBackedComputingCache@e606e0d
      allBeans = class org.jboss.weld.util.collections.Iterables$$Lambda/0x0000015e199dec08@6569909f
      resolverFunction = class org.jboss.weld.resolution.TypeSafeResolver$ResolvableToBeanCollection@39b1cf7f
    interceptorResolver = class org.jboss.weld.resolution.TypeSafeInterceptorResolver@634e7e4c
      manager = class org.jboss.weld.manager.BeanManagerImpl@2d8d02a2
      resolved = class org.jboss.weld.util.cache.ReentrantMapBackedComputingCache@32d4c9be
      allBeans = class org.jboss.weld.util.collections.Iterables$$Lambda/0x0000015e199dec08@3957310a
      resolverFunction = class org.jboss.weld.resolution.TypeSafeResolver$ResolvableToBeanCollection@785f4fc
    nameBasedResolver = class org.jboss.weld.resolution.NameBasedResolver@9ad02c4
      resolvedNames = class org.jboss.weld.util.cache.ReentrantMapBackedComputingCache@dec851e
    weldELResolver = class org.jboss.weld.module.web.el.WeldELResolver@7b67daaf
      beanManager = class org.jboss.weld.manager.BeanManagerImpl@2d8d02a2
      rootNamespace = class org.jboss.weld.util.LazyValueHolder$1@4f2fa15f
      TYPE = "type"
      RESOLVABLE_AT_DESIGN_TIME = "resolvableAtDesignTime"
    accessibleLenientObserverNotifier = class org.jboss.weld.module.jta.TransactionalObserverNotifier@4a8ee60a
      FACTORY = class org.jboss.weld.module.jta.TransactionalObserverNotifier$1@297aa2ae
      transactionServices = class com.ibm.ws.cdi.impl.weld.TransactionServicesImpl@3d770706
      contextId = "gestioncontact"
      NO_EXCEPTION_MARKER = class java.lang.RuntimeException@3d28aec3
      resolver = class org.jboss.weld.resolution.TypeSafeObserverResolver@15a29f8e
      sharedObjectCache = class org.jboss.weld.resources.SharedObjectCache@10d5b0aa
      strict = false
      currentEventMetadata = class org.jboss.weld.event.CurrentEventMetadata@69313046
      eventTypeCheckCache = null
      asyncEventExecutor = class com.ibm.ws.concurrent.internal.ManagedExecutorServiceImpl@40a1c953
      timerExecutor = class com.ibm.ws.threading.internal.ScheduledExecutorImpl@7b004ca5
      securityServices = class io.openliberty.cdi40.internal.weld.DefaultCDI40SecurityService@6c7b4551
      requestContextHolder = class org.jboss.weld.util.LazyValueHolder$1@145da0ab
    globalLenientObserverNotifier = class org.jboss.weld.module.jta.TransactionalObserverNotifier@5aa25d09
      FACTORY = class org.jboss.weld.module.jta.TransactionalObserverNotifier$1@297aa2ae
      transactionServices = class com.ibm.ws.cdi.impl.weld.TransactionServicesImpl@3d770706
      contextId = "gestioncontact"
      NO_EXCEPTION_MARKER = class java.lang.RuntimeException@3d28aec3
      resolver = class org.jboss.weld.resolution.TypeSafeObserverResolver@39454454
      sharedObjectCache = class org.jboss.weld.resources.SharedObjectCache@10d5b0aa
      strict = false
      currentEventMetadata = class org.jboss.weld.event.CurrentEventMetadata@69313046
      eventTypeCheckCache = null
      asyncEventExecutor = class com.ibm.ws.concurrent.internal.ManagedExecutorServiceImpl@40a1c953
      timerExecutor = class com.ibm.ws.threading.internal.ScheduledExecutorImpl@7b004ca5
      securityServices = class io.openliberty.cdi40.internal.weld.DefaultCDI40SecurityService@6c7b4551
      requestContextHolder = class org.jboss.weld.util.LazyValueHolder$1@63bcf319
    globalStrictObserverNotifier = class org.jboss.weld.module.jta.TransactionalObserverNotifier@3bf8cfbb
      FACTORY = class org.jboss.weld.module.jta.TransactionalObserverNotifier$1@297aa2ae
      transactionServices = class com.ibm.ws.cdi.impl.weld.TransactionServicesImpl@3d770706
      contextId = "gestioncontact"
      NO_EXCEPTION_MARKER = class java.lang.RuntimeException@3d28aec3
      resolver = class org.jboss.weld.resolution.TypeSafeObserverResolver@39454454
      sharedObjectCache = class org.jboss.weld.resources.SharedObjectCache@10d5b0aa
      strict = true
      currentEventMetadata = class org.jboss.weld.event.CurrentEventMetadata@69313046
      eventTypeCheckCache = class org.jboss.weld.util.cache.ReentrantMapBackedComputingCache@6128fa15
      asyncEventExecutor = class com.ibm.ws.concurrent.internal.ManagedExecutorServiceImpl@40a1c953
      timerExecutor = class com.ibm.ws.threading.internal.ScheduledExecutorImpl@7b004ca5
      securityServices = class io.openliberty.cdi40.internal.weld.DefaultCDI40SecurityService@6c7b4551
      requestContextHolder = class org.jboss.weld.util.LazyValueHolder$1@6c35f03b
    enabledBeans = class java.util.concurrent.CopyOnWriteArrayList@7e8fc8c9
      serialVersionUID = "/* Could not access serialVersionUID */"
      lock = "/* Could not access lock */"
      array = "/* Could not access array */"
    sharedBeans = class java.util.concurrent.CopyOnWriteArrayList@438ccfa4
      serialVersionUID = "/* Could not access serialVersionUID */"
      lock = "/* Could not access lock */"
      array = "/* Could not access array */"
    specializedBeans = class java.util.concurrent.CopyOnWriteArrayList@b8e88c9
      serialVersionUID = "/* Could not access serialVersionUID */"
      lock = "/* Could not access lock */"
      array = "/* Could not access array */"
    decorators = class java.util.concurrent.CopyOnWriteArrayList@76760b14
      serialVersionUID = "/* Could not access serialVersionUID */"
      lock = "/* Could not access lock */"
      array = "/* Could not access array */"
    interceptors = class java.util.concurrent.CopyOnWriteArrayList@76bf5c93
      serialVersionUID = "/* Could not access serialVersionUID */"
      lock = "/* Could not access lock */"
      array = "/* Could not access array */"
    namespaces = class java.util.concurrent.CopyOnWriteArrayList@53eb5c0f
      serialVersionUID = "/* Could not access serialVersionUID */"
      lock = "/* Could not access lock */"
      array = "/* Could not access array */"
    observers = class java.util.concurrent.CopyOnWriteArrayList@2cdc5e7b
      serialVersionUID = "/* Could not access serialVersionUID */"
      lock = "/* Could not access lock */"
      array = "/* Could not access array */"
    beanSet = null
    managers = class java.util.HashSet@6ab4ce5f
      serialVersionUID = "/* Could not access serialVersionUID */"
      map = "/* Could not access map */"
      PRESENT = "/* Could not access PRESENT */"
    accessibleManagers = class java.util.HashSet@66e34c5e
      serialVersionUID = "/* Could not access serialVersionUID */"
      map = "/* Could not access map */"
      PRESENT = "/* Could not access PRESENT */"
    id = "gestioncontact#gestioncontact.war"
    contextId = "gestioncontact"
    interceptorModelRegistry = class java.util.concurrent.ConcurrentHashMap@6fe17fa9
      serialVersionUID = "/* Could not access serialVersionUID */"
      MAXIMUM_CAPACITY = "/* Could not access MAXIMUM_CAPACITY */"
      DEFAULT_CAPACITY = "/* Could not access DEFAULT_CAPACITY */"
      MAX_ARRAY_SIZE = "/* Could not access MAX_ARRAY_SIZE */"
      DEFAULT_CONCURRENCY_LEVEL = "/* Could not access DEFAULT_CONCURRENCY_LEVEL */"
      LOAD_FACTOR = "/* Could not access LOAD_FACTOR */"
      TREEIFY_THRESHOLD = "/* Could not access TREEIFY_THRESHOLD */"
      UNTREEIFY_THRESHOLD = "/* Could not access UNTREEIFY_THRESHOLD */"
      MIN_TREEIFY_CAPACITY = "/* Could not access MIN_TREEIFY_CAPACITY */"
      MIN_TRANSFER_STRIDE = "/* Could not access MIN_TRANSFER_STRIDE */"
      RESIZE_STAMP_BITS = "/* Could not access RESIZE_STAMP_BITS */"
      MAX_RESIZERS = "/* Could not access MAX_RESIZERS */"
      RESIZE_STAMP_SHIFT = "/* Could not access RESIZE_STAMP_SHIFT */"
      MOVED = "/* Could not access MOVED */"
      TREEBIN = "/* Could not access TREEBIN */"
      RESERVED = "/* Could not access RESERVED */"
      HASH_BITS = "/* Could not access HASH_BITS */"
      NCPU = "/* Could not access NCPU */"
      serialPersistentFields = "/* Could not access serialPersistentFields */"
      table = "/* Could not access table */"
      nextTable = "/* Could not access nextTable */"
      baseCount = "/* Could not access baseCount */"
      sizeCtl = "/* Could not access sizeCtl */"
      transferIndex = "/* Could not access transferIndex */"
      cellsBusy = "/* Could not access cellsBusy */"
      counterCells = "/* Could not access counterCells */"
      keySet = "/* Could not access keySet */"
      values = "/* Could not access values */"
      entrySet = "/* Could not access entrySet */"
      U = "/* Could not access U */"
      SIZECTL = "/* Could not access SIZECTL */"
      TRANSFERINDEX = "/* Could not access TRANSFERINDEX */"
      BASECOUNT = "/* Could not access BASECOUNT */"
      CELLSBUSY = "/* Could not access CELLSBUSY */"
      CELLVALUE = "/* Could not access CELLVALUE */"
      ABASE = "/* Could not access ABASE */"
      ASHIFT = "/* Could not access ASHIFT */"
      keySet = "/* Could not access keySet */"
      values = "/* Could not access values */"
    interceptorMetadataReader = class org.jboss.weld.interceptor.reader.InterceptorMetadataReader@2180cba8
      manager = class org.jboss.weld.manager.BeanManagerImpl@2d8d02a2
      plainInterceptorMetadataCache = class org.jboss.weld.util.cache.ReentrantMapBackedComputingCache@3fbcb3e6
      cdiInterceptorMetadataCache = class org.jboss.weld.util.cache.ReentrantMapBackedComputingCache@25c54324
      interceptorToInterceptorMetadataFunction = class org.jboss.weld.interceptor.reader.InterceptorMetadataReader$$Lambda/0x0000015e199e0a88@5cc7f0ef
    containerLifecycleEvents = class org.jboss.weld.bootstrap.events.ContainerLifecycleEvents@6d0a2ff1
      everythingObserved = false
      processAnnotatedTypeObserved = true
      processBeanObserved = true
      processBeanAttributesObserved = true
      processInjectionPointObserved = false
      processInjectionTargetObserved = true
      processProducerObserved = false
      processObserverMethodObserved = false
      discovery = class org.jboss.weld.bootstrap.events.RequiredAnnotationDiscovery@20b46600
      preloader = class org.jboss.weld.bootstrap.events.ContainerLifecycleEventPreloader@554cda36
    registry = class org.jboss.weld.bootstrap.SpecializationAndEnablementRegistry@11770fb2
      specializedBeanResolvers = class org.jboss.weld.util.cache.ReentrantMapBackedComputingCache@45f1684a
      environmentByManager = class java.util.concurrent.ConcurrentHashMap@728c8dbc
      specializedBeans = class org.jboss.weld.util.cache.ReentrantMapBackedComputingCache@54d229aa
      specializedBeansMap = class java.util.concurrent.ConcurrentHashMap@1725af23
    currentInjectionPoint = class org.jboss.weld.injection.CurrentInjectionPoint@758f2602
      threadLocalStack = class org.jboss.weld.injection.ThreadLocalStack$1@15821341
      NULL_REFERENCE = class org.jboss.weld.injection.ThreadLocalStack$2@75d1b2b7
    clientProxyOptimization = false
    validationFailureCallbacks = class java.util.concurrent.CopyOnWriteArrayList@52f56e90
      serialVersionUID = "/* Could not access serialVersionUID */"
      lock = "/* Could not access lock */"
      array = "/* Could not access array */"
    requestInitializedEvent = class org.jboss.weld.util.LazyValueHolder$1@6e3cb698
      val$supplier = class org.jboss.weld.manager.BeanManagerImpl$$Lambda/0x0000015e199e3d38@8de34bf
      value = class org.jboss.weld.event.FastEvent@656000fb
    requestBeforeDestroyedEvent = class org.jboss.weld.util.LazyValueHolder$1@479f3e72
      val$supplier = class org.jboss.weld.manager.BeanManagerImpl$$Lambda/0x0000015e199e3f58@59659d15
      value = class org.jboss.weld.event.FastEvent@17bfb9d9
    requestDestroyedEvent = class org.jboss.weld.util.LazyValueHolder$1@4bacbfb5
      val$supplier = class org.jboss.weld.manager.BeanManagerImpl$$Lambda/0x0000015e199e4178@43362091
      value = class org.jboss.weld.event.FastEvent@3a9798a4
  this$0 = class org.jboss.weld.injection.producer.ResourceInjector@11a4d727
    resourceInjectionsHierarchy = class java.util.Collections$EmptyList@5bf5831
      serialVersionUID = "/* Could not access serialVersionUID */"
      modCount = "/* Could not access modCount */"
    injectableFields = class org.jboss.weld.util.collections.ImmutableTinyList$Singleton@8eae425
      serialVersionUID = 1
      element = class java.util.Collections$EmptySet@26983e12
      modCount = "/* Could not access modCount */"
    initializerMethods = class org.jboss.weld.util.collections.ImmutableTinyList$Singleton@4222fb19
      serialVersionUID = 1
      element = class java.util.Collections$EmptySet@26983e12
      modCount = "/* Could not access modCount */"
  beanManager = class org.jboss.weld.manager.BeanManagerImpl@2d8d02a2
  injectionTarget = class org.jboss.weld.injection.producer.BeanInjectionTarget@5111cc36
    bean = class org.jboss.weld.bean.ManagedBean@4771aaae
    beanManager = class org.jboss.weld.manager.BeanManagerImpl@2d8d02a2
    type = class org.jboss.weld.annotated.slim.backed.BackedAnnotatedType@366e9a6
    injectionPoints = class java.util.Collections$EmptySet@26983e12
      serialVersionUID = "/* Could not access serialVersionUID */"
    instantiator = class org.jboss.weld.injection.producer.InterceptorApplyingInstantiator@47fc0490
      interceptionModel = class org.jboss.weld.interceptor.builder.InterceptionModelImpl@30df674e
      annotatedType = class org.jboss.weld.annotated.slim.backed.BackedAnnotatedType@366e9a6
      delegate = class org.jboss.weld.injection.producer.SubclassedComponentInstantiator@7924eb9c
    injector = class org.jboss.weld.injection.producer.ResourceInjector@11a4d727
    invoker = class org.jboss.weld.injection.producer.DefaultLifecycleCallbackInvoker@3f6f384f
      accessiblePostConstructMethods = class java.util.Collections$EmptyList@5bf5831
      accessiblePreDestroyMethods = class java.util.Collections$EmptyList@5bf5831
  annotatedType = class org.jboss.weld.annotated.slim.backed.BackedAnnotatedType@366e9a6
    javaClass = class java.lang.Class@5922913b
      ANNOTATION = "/* Could not access ANNOTATION */"
      ENUM = "/* Could not access ENUM */"
      SYNTHETIC = "/* Could not access SYNTHETIC */"
      cachedConstructor = "/* Could not access cachedConstructor */"
      name = "/* Could not access name */"
      module = "/* Could not access module */"
      packageName = "/* Could not access packageName */"
      componentType = "/* Could not access componentType */"
      allPermDomain = "/* Could not access allPermDomain */"
      reflectionData = "/* Could not access reflectionData */"
      classRedefinedCount = "/* Could not access classRedefinedCount */"
      genericInfo = "/* Could not access genericInfo */"
      EMPTY_CLASS_ARRAY = "/* Could not access EMPTY_CLASS_ARRAY */"
      serialVersionUID = "/* Could not access serialVersionUID */"
      serialPersistentFields = "/* Could not access serialPersistentFields */"
      reflectionFactory = "/* Could not access reflectionFactory */"
      enumConstants = "/* Could not access enumConstants */"
      enumConstantDirectory = "/* Could not access enumConstantDirectory */"
      annotationData = "/* Could not access annotationData */"
      annotationType = "/* Could not access annotationType */"
      classValueMap = "/* Could not access classValueMap */"
    constructors = class org.jboss.weld.annotated.slim.backed.BackedAnnotatedType$BackedAnnotatedConstructors@4183578
      this$0 = class org.jboss.weld.annotated.slim.backed.BackedAnnotatedType@366e9a6
      this$0 = class org.jboss.weld.annotated.slim.backed.BackedAnnotatedType@366e9a6
      value = null
    methods = class org.jboss.weld.annotated.slim.backed.BackedAnnotatedType$BackedAnnotatedMethods@78d048cd
      this$0 = class org.jboss.weld.annotated.slim.backed.BackedAnnotatedType@366e9a6
      this$0 = class org.jboss.weld.annotated.slim.backed.BackedAnnotatedType@366e9a6
      value = null
    fields = class org.jboss.weld.annotated.slim.backed.BackedAnnotatedType$BackedAnnotatedFields@4ffab51f
      this$0 = class org.jboss.weld.annotated.slim.backed.BackedAnnotatedType@366e9a6
      this$0 = class org.jboss.weld.annotated.slim.backed.BackedAnnotatedType@366e9a6
      value = null
    sharedObjectCache = class org.jboss.weld.resources.SharedObjectCache@10d5b0aa
      sharedSets = class org.jboss.weld.util.cache.ReentrantMapBackedComputingCache@3f57d037
      sharedMaps = class org.jboss.weld.util.cache.ReentrantMapBackedComputingCache@51f9a5aa
      typeClosureHolders = class org.jboss.weld.util.cache.ReentrantMapBackedComputingCache@52fe5df3
    reflectionCache = class org.jboss.weld.resources.HotspotReflectionCache@55a3f43d
      annotationTypeLock = class java.lang.Class@73a1e9a9
      store = class org.jboss.weld.metadata.TypeStore@3f0a9cac
      ANNOTATIONS_FUNCTION = class org.jboss.weld.resources.DefaultReflectionCache$$Lambda/0x0000015e199c52a0@47b6c5f0
      DECLARED_ANNOTATIONS_FUNCTION = class org.jboss.weld.resources.DefaultReflectionCache$$Lambda/0x0000015e199c54e0@35f6573f
      annotations = class org.jboss.weld.util.cache.ReentrantMapBackedComputingCache@3322bb9d
      declaredAnnotations = class org.jboss.weld.util.cache.ReentrantMapBackedComputingCache@5826bea9
      backedAnnotatedTypeAnnotations = class org.jboss.weld.util.cache.ReentrantMapBackedComputingCache@294e6918
      annotationClasses = class org.jboss.weld.util.cache.ReentrantMapBackedComputingCache@2e869ca1
    identifier = class org.jboss.weld.annotated.slim.AnnotatedTypeIdentifier@2fcf5864
      NULL_BDA_ID = "org.jboss.weld.annotated.slim.AnnotatedTypeIdentifier.null"
      SYNTHETIC_ANNOTATION_SUFFIX = "syntheticAnnotation"
      serialVersionUID = -264184070652700144
      contextId = "gestioncontact"
      bdaId = "gestioncontact#gestioncontact.war"
      className = "estm.dsic.jee.rest.dao.UserDao"
      suffix = null
      modified = false
      hashCode = -1572796383
    typeClosure = class org.jboss.weld.annotated.enhanced.TypeClosureLazyValueHolder@350742cf
      type = class java.lang.Class@5922913b
      value = class org.jboss.weld.util.collections.ImmutableTinySet$Tripleton@59d836b5
    baseType = class java.lang.Class@5922913b
  target = class estm.dsic.jee.rest.dao.UserDao$Proxy$_$$_WeldSubclass@13746daf

