------Start of DE processing------ = [13/03/2024 11:20:04:096 WET]
Exception = java.lang.NoClassDefFoundError
Source = com.ibm.ws.webcontainer.servlet.ServletWrapper.init
probeid = 181
Stack Dump = java.lang.NoClassDefFoundError: User
	at java.base/java.lang.Class.getDeclaredMethods0(Native Method)
	at java.base/java.lang.Class.privateGetDeclaredMethods(Class.java:3578)
	at java.base/java.lang.Class.getDeclaredMethods(Class.java:2676)
	at io.openliberty.restfulWS.utils.RestfulWSUtils$3.run(RestfulWSUtils.java:222)
	at io.openliberty.restfulWS.utils.RestfulWSUtils$3.run(RestfulWSUtils.java:220)
	at java.base/java.security.AccessController.doPrivileged(AccessController.java:319)
	at io.openliberty.restfulWS.utils.RestfulWSUtils.getMethods(RestfulWSUtils.java:220)
	at io.openliberty.restfulWS.utils.RestfulWSUtils.logEndpoints(RestfulWSUtils.java:97)
	at org.jboss.resteasy.plugins.server.servlet.ServletContainerDispatcher.<init>(ServletContainerDispatcher.java:55)
	at org.jboss.resteasy.plugins.server.servlet.HttpServletDispatcher.init(HttpServletDispatcher.java:40)
	at com.ibm.ws.webcontainer.servlet.ServletWrapper.init(ServletWrapper.java:301)
	at com.ibm.ws.webcontainer.servlet.ServletWrapper.loadOnStartupCheck(ServletWrapper.java:1403)
	at com.ibm.ws.webcontainer.webapp.WebApp.doLoadOnStartupActions(WebApp.java:1229)
	at com.ibm.ws.webcontainer.webapp.WebApp.commonInitializationFinally(WebApp.java:1197)
	at com.ibm.ws.webcontainer.webapp.WebApp.initialize(WebApp.java:1095)
	at com.ibm.ws.webcontainer.webapp.WebApp.initialize(WebApp.java:6702)
	at com.ibm.ws.webcontainer.osgi.DynamicVirtualHost.startWebApp(DynamicVirtualHost.java:484)
	at com.ibm.ws.webcontainer.osgi.DynamicVirtualHost.startWebApplication(DynamicVirtualHost.java:479)
	at com.ibm.ws.webcontainer.osgi.WebContainer.startWebApplication(WebContainer.java:1208)
	at com.ibm.ws.webcontainer.osgi.WebContainer.access$100(WebContainer.java:113)
	at com.ibm.ws.webcontainer.osgi.WebContainer$3.run(WebContainer.java:996)
	at com.ibm.ws.threading.internal.ExecutorServiceImpl$RunnableWrapper.run(ExecutorServiceImpl.java:280)
	at java.base/java.util.concurrent.Executors$RunnableAdapter.call(Executors.java:572)
	at java.base/java.util.concurrent.FutureTask.run(FutureTask.java:317)
	at java.base/java.util.concurrent.ThreadPoolExecutor.runWorker(ThreadPoolExecutor.java:1144)
	at java.base/java.util.concurrent.ThreadPoolExecutor$Worker.run(ThreadPoolExecutor.java:642)
	at java.base/java.lang.Thread.run(Thread.java:1583)
Caused by: java.lang.ClassNotFoundException: User
	at com.ibm.ws.classloading.internal.AppClassLoader.findClassCommonLibraryClassLoaders(AppClassLoader.java:742)
	at com.ibm.ws.classloading.internal.AppClassLoader.findClass(AppClassLoader.java:327)
	at com.ibm.ws.classloading.internal.AppClassLoader.findOrDelegateLoadClass(AppClassLoader.java:714)
	at com.ibm.ws.classloading.internal.AppClassLoader.loadClass(AppClassLoader.java:586)
	at com.ibm.ws.classloading.internal.AppClassLoader.loadClass(AppClassLoader.java:553)
	at java.base/java.lang.ClassLoader.loadClass(ClassLoader.java:526)
	... 27 more

Dump of callerThis
Object type = com.ibm.ws.webcontainer.osgi.servlet.ServletWrapper
  serialVersionUID = 1
  _mo = class com.ibm.ws.cdi.impl.managedobject.CDIManagedObject@47c29eb2
    tc = class com.ibm.websphere.ras.TraceComponent@36e91a86
      strings[0] = "TraceComponent[com.ibm.ws.cdi.impl.managedobject.CDIManagedObject,class com.ibm.ws.cdi.impl.managedobject.CDIManagedObject,[JCDI],com.ibm.ws.cdi.internal.resources.CDI,null]"
    managedObject = class com.ibm.websphere.jaxrs.server.IBMRestServlet@4b0f93bb
    creationalContext = class org.jboss.weld.contexts.CreationalContextImpl@b940ff4
      serialVersionUID = 7375854583908262422
      SERIALIZATION_PROXY = class org.jboss.weld.contexts.CreationalContextImpl$SerializationProxy@4954419
      incompleteInstances = null
      contextual = null
      dependentInstances = class java.util.Collections$SynchronizedRandomAccessList@6dd0a369
      parentDependentInstances = class java.util.Collections$SynchronizedRandomAccessList@41b1bac5
      parentCreationalContext = null
      destroyed = null
      resourceReferences = null
      constructorInterceptionSuppressed = false
      aroundConstructCallbacks = null
      aroundConstructInterceptionContext = null
    injectionTarget = class org.jboss.weld.injection.producer.BeanInjectionTarget@71ff4edf
      bean = null
      beanManager = class org.jboss.weld.manager.BeanManagerImpl@5408001d
      type = class org.jboss.weld.annotated.slim.backed.BackedAnnotatedType@63553e31
      injectionPoints = class java.util.Collections$EmptySet@7a1d1393
      instantiator = class org.jboss.weld.injection.producer.DefaultInstantiator@2b461387
      injector = class org.jboss.weld.injection.producer.ResourceInjector@3fdae61a
      invoker = class org.jboss.weld.injection.producer.DefaultLifecycleCallbackInvoker@75b4f366
    lifecycleManaged = true
    beanScope = null
    identity = "com.ibm.websphere.jaxrs.server.IBMRestServlet@4b0f93bb"
    websphereInjectionServices = class com.ibm.ws.cdi.impl.weld.injection.WebSphereInjectionServicesImpl@7d788f52
      tc = class com.ibm.websphere.ras.TraceComponent@40562ab
      ANNOTATIONS_KNOWN_TO_WELD = class java.util.HashSet@2de214fe
      referenceContextMap = class java.util.concurrent.ConcurrentHashMap@6d41547d
      referenceContexts = class java.util.Collections$SetFromMap@4390066c
      injectionTargetListeners = class java.util.concurrent.ConcurrentHashMap@5c8f1353
      deployment = class com.ibm.ws.cdi.impl.weld.WebSphereCDIDeploymentImpl@7d666804
      serialVersionUID = 2515575801175940133
    currentInjectionTargets = null
    currentInjectionContext = null
    serialVersionUID = 642874158156701263
  serialVersionUID = -4479626085298397598
  notifyInvocationListeners = false
  UNINITIALIZED_STATE = -1
  AVAILABLE_STATE = 0
  UNAVAILABLE_STATE = 1
  UNAVAILABLE_PERMANENTLY_STATE = 2
  collabHelper = class com.ibm.ws.webcontainer.osgi.collaborator.CollaboratorHelperImpl@2df15d84
    webAppInvCollabs = class java.util.Collections$UnmodifiableSet@39bfbcf
      serialVersionUID = "/* Could not access serialVersionUID */"
      serialVersionUID = "/* Could not access serialVersionUID */"
      c = "/* Could not access c */"
    securityDomainForApp = null
    logger = class com.ibm.ws.logging.internal.WsLogger@62a4ee83
      ivCachedResourceBundleName = null
      ivCachedResourceBundle = null
      ivComponent = null
      ivOrganization = null
      ivProduct = null
      ivMinimumLocalizationLevelIntValue = 625
      ivTC = class com.ibm.websphere.ras.TraceComponent@622939e4
      loggerRegistrationComponent = class java.lang.ThreadLocal@4e05eb74
      emptyHandlers = "/* Could not access emptyHandlers */"
      offValue = "/* Could not access offValue */"
      SYSTEM_LOGGER_RB_NAME = "/* Could not access SYSTEM_LOGGER_RB_NAME */"
      SYSTEM_BUNDLE = "/* Could not access SYSTEM_BUNDLE */"
      NO_RESOURCE_BUNDLE = "/* Could not access NO_RESOURCE_BUNDLE */"
      config = "/* Could not access config */"
      manager = "/* Could not access manager */"
      name = "/* Could not access name */"
      loggerBundle = "/* Could not access loggerBundle */"
      anonymous = "/* Could not access anonymous */"
      catalogRef = "/* Could not access catalogRef */"
      catalogName = "/* Could not access catalogName */"
      catalogLocale = "/* Could not access catalogLocale */"
      treeLock = "/* Could not access treeLock */"
      parent = "/* Could not access parent */"
      kids = "/* Could not access kids */"
      callerModuleRef = "/* Could not access callerModuleRef */"
      isSystemLogger = "/* Could not access isSystemLogger */"
      GLOBAL_LOGGER_NAME = "global"
      global = class java.util.logging.Logger@65c5a6ef
    staticDefaultSecurityCollaborator = class com.ibm.ws.webcontainer.collaborator.WebAppSecurityCollaborator@2a1ecee6
    staticDefaultWebAppTransactionCollaborator = class com.ibm.ws.webcontainer.collaborator.WebAppTransactionCollaborator@78a2c0fe
      logger = class com.ibm.ws.logging.internal.WsLogger@62a4ee83
      CLASS_NAME = "com.ibm.ws.webcontainer.collaborator.WebAppTransactionCollaborator"
    logger = class com.ibm.ws.logging.internal.WsLogger@243b19a6
      ivCachedResourceBundleName = null
      ivCachedResourceBundle = null
      ivComponent = null
      ivOrganization = null
      ivProduct = null
      ivMinimumLocalizationLevelIntValue = 625
      ivTC = class com.ibm.websphere.ras.TraceComponent@52d19380
      loggerRegistrationComponent = class java.lang.ThreadLocal@4e05eb74
      emptyHandlers = "/* Could not access emptyHandlers */"
      offValue = "/* Could not access offValue */"
      SYSTEM_LOGGER_RB_NAME = "/* Could not access SYSTEM_LOGGER_RB_NAME */"
      SYSTEM_BUNDLE = "/* Could not access SYSTEM_BUNDLE */"
      NO_RESOURCE_BUNDLE = "/* Could not access NO_RESOURCE_BUNDLE */"
      config = "/* Could not access config */"
      manager = "/* Could not access manager */"
      name = "/* Could not access name */"
      loggerBundle = "/* Could not access loggerBundle */"
      anonymous = "/* Could not access anonymous */"
      catalogRef = "/* Could not access catalogRef */"
      catalogName = "/* Could not access catalogName */"
      catalogLocale = "/* Could not access catalogLocale */"
      treeLock = "/* Could not access treeLock */"
      parent = "/* Could not access parent */"
      kids = "/* Could not access kids */"
      callerModuleRef = "/* Could not access callerModuleRef */"
      isSystemLogger = "/* Could not access isSystemLogger */"
      GLOBAL_LOGGER_NAME = "global"
      global = class java.util.logging.Logger@65c5a6ef
    CLASS_NAME = "com.ibm.wsspi.webcontainer.collaborator.CollaboratorHelper"
    webApp = class com.ibm.ws.webcontainer40.osgi.webapp.WebApp40@4ec11166
    securityCollaborator = class com.ibm.ws.webcontainer.security.WebAppSecurityCollaboratorImpl@61ae3b54
      tc = class com.ibm.websphere.ras.TraceComponent@21fa5088
      KEY_ID = "id"
      KEY_SERVICE_ID = "service.id"
      KEY_COMPONENT_NAME = "component.name"
      KEY_SECURITY_SERVICE = "securityService"
      KEY_SSO_SERVICE = "ssoAuthFilter"
      KEY_TAI_SERVICE = "taiService"
      KEY_INTERCEPTOR_SERVICE = "interceptorService"
      KEY_JACC_SERVICE = "jaccService"
      JASPI_SERVICE_COMPONENT_NAME = "com.ibm.ws.security.jaspi"
      KEY_WEB_AUTHENTICATOR = "webAuthenticator"
      KEY_UNPROTECTED_RESOURCE_SERVICE = "unprotectedResourceService"
      KEY_CONFIG_CHANGE_LISTENER = "webAppSecurityConfigChangeListener"
      DELEGATION_USERS_LIST = "DELEGATION_USERS_LIST"
      webAuthenticatorRef = class com.ibm.wsspi.kernel.service.utils.ConcurrentServiceReferenceMap@608f38fd
      unprotectedResourceServiceRef = class com.ibm.wsspi.kernel.service.utils.ConcurrentServiceReferenceMap@1eef831e
      ssoAuthFilterRef = class com.ibm.wsspi.kernel.service.utils.AtomicServiceReference@49744177
      taiServiceRef = class com.ibm.wsspi.kernel.service.utils.AtomicServiceReference@7ae1dce
      interceptorServiceRef = class com.ibm.wsspi.kernel.service.utils.ConcurrentServiceReferenceMap@1eff8516
      securityServiceRef = class com.ibm.wsspi.kernel.service.utils.AtomicServiceReference@7cea02a4
      jaccServiceRef = class com.ibm.wsspi.kernel.service.utils.AtomicServiceReference@17fe9bb7
      webAppSecurityConfigchangeListenerRef = class com.ibm.wsspi.kernel.service.utils.ConcurrentServiceReferenceSet@60c9a4eb
      KEY_LOCATION_ADMIN = "locationAdmin"
      locationAdminRef = class com.ibm.wsspi.kernel.service.utils.AtomicServiceReference@2fc5ad1
      PERMIT_REPLY = class com.ibm.ws.webcontainer.security.internal.PermitReply@2eaf8708
      DENY_AUTHZ_FAILED = class com.ibm.ws.webcontainer.security.internal.DenyReply@4def9249
      AUTH_TYPE = "AUTH_TYPE"
      SECURITY_CONTEXT = "SECURITY_CONTEXT"
      ALL_AUTHENTICATED_ROLE = "**"
      STARSTAR_ROLE = "_starstar_"
      globalConfig = class com.ibm.ws.webcontainer.security.internal.WebAppSecurityConfigImpl@60ac99e3
      globalWebAuthenticatorFactory = class com.ibm.ws.webcontainer.security.internal.WebAuthenticatorFactoryImpl@666df5
      currentProps = class java.util.HashMap@52232d36
      authenticatorFactory = class com.ibm.ws.webcontainer.security.internal.WebAuthenticatorFactoryImpl@666df5
      webAppSecConfig = class com.ibm.ws.webcontainer.security.internal.WebAppSecurityConfigImpl@60ac99e3
      authenticateApi = class com.ibm.ws.webcontainer.security.AuthenticateApi@63ef80e1
      postParameterHelper = class com.ibm.ws.webcontainer.security.PostParameterHelper@67887efe
      collabUtils = class com.ibm.ws.security.collaborator.CollaboratorUtils@5432ae3f
      subjectHelper = class com.ibm.ws.security.authentication.utility.SubjectHelper@1f337312
      subjectManager = class com.ibm.ws.security.context.SubjectManager@44109d
      httpsRedirectHandler = class com.ibm.ws.webcontainer.security.internal.HTTPSRedirectHandler@249ff1e5
      auditManager = class com.ibm.websphere.security.audit.context.AuditManager@651de01f
      authenticatorProxy = class com.ibm.ws.webcontainer.security.WebAuthenticatorProxy@6132b44d
      providerAuthenticatorProxy = class com.ibm.ws.webcontainer.security.WebProviderAuthenticatorProxy@4152800e
      unauthenticatedSubjectService = class com.ibm.ws.security.authentication.internal.UnauthenticatedSubjectServiceImpl@1a995118
      wasch = class com.ibm.ws.webcontainer.security.WebAppSecurityCollaboratorImpl@61ae3b54
      provisionerService = class com.ibm.ws.kernel.feature.internal.FeatureManager@108e574c
      isJaspiEnabled = true
      savedSubject = null
      isActive = true
      serialVersionUID = 6185041286117417669
    nameSpaceCollaborator = class com.ibm.ws.webcontainer.osgi.collaborator.WebAppNameSpaceCollaboratorImpl@3586a441
    transactionCollaborator = class com.ibm.ws.transaction.services.WebAppTransactionCollaboratorImpl@6c60c0ef
    connectionCollaborator = class com.ibm.ws.webcontainer.collaborator.ConnectionHandleCollaborator@52f54e9e
    allCollabEnum = class java.util.RegularEnumSet@3d1ba079
      serialVersionUID = "/* Could not access serialVersionUID */"
      elements = "/* Could not access elements */"
      serialVersionUID = "/* Could not access serialVersionUID */"
      elementType = "/* Could not access elementType */"
      universe = "/* Could not access universe */"
    servlet_23_or_greater = true
    DEFER_SERVLET_REQUEST_LISTENER_DESTROY_ON_ERROR = true
  nServicing = class java.util.concurrent.atomic.AtomicInteger@6d8b149f
    serialVersionUID = "/* Could not access serialVersionUID */"
    U = "/* Could not access U */"
    VALUE = "/* Could not access VALUE */"
    value = "/* Could not access value */"
    serialVersionUID = "/* Could not access serialVersionUID */"
  lastAccessTime = 1710328802105
  state = -1
  logger = class com.ibm.ws.logging.internal.WsLogger@3b128021
    ivCachedResourceBundleName = "com.ibm.ws.webcontainer.resources.Messages"
    ivCachedResourceBundle = class com.ibm.ws.webcontainer.resources.Messages_fr@59669aeb
      resources = class [Ljava.lang.Object;[347]
      lookup = "/* Could not access lookup */"
      INITIAL_CACHE_SIZE = "/* Could not access INITIAL_CACHE_SIZE */"
      NONEXISTENT_BUNDLE = "/* Could not access NONEXISTENT_BUNDLE */"
      cacheList = "/* Could not access cacheList */"
      referenceQueue = "/* Could not access referenceQueue */"
      parent = "/* Could not access parent */"
      locale = "/* Could not access locale */"
      name = "/* Could not access name */"
      expired = "/* Could not access expired */"
      cacheKey = "/* Could not access cacheKey */"
      keySet = "/* Could not access keySet */"
      UNKNOWN_FORMAT = "/* Could not access UNKNOWN_FORMAT */"
      TRACE_ON = "/* Could not access TRACE_ON */"
      $assertionsDisabled = "/* Could not access $assertionsDisabled */"
    ivComponent = null
    ivOrganization = null
    ivProduct = null
    ivMinimumLocalizationLevelIntValue = 625
    ivTC = class com.ibm.websphere.ras.TraceComponent@7fe68e1b
      strings[0] = "TraceComponent[com.ibm.ws.webcontainer.servlet,class com.ibm.wsspi.webcontainer.logging.LoggerFactory$1,[com.ibm.ws.webcontainer.servlet],null,null]"
    loggerRegistrationComponent = class java.lang.ThreadLocal@4e05eb74
      TRACE_VTHREAD_LOCALS = "/* Could not access TRACE_VTHREAD_LOCALS */"
      threadLocalHashCode = "/* Could not access threadLocalHashCode */"
      nextHashCode = "/* Could not access nextHashCode */"
      HASH_INCREMENT = "/* Could not access HASH_INCREMENT */"
      $assertionsDisabled = "/* Could not access $assertionsDisabled */"
    emptyHandlers = "/* Could not access emptyHandlers */"
    offValue = "/* Could not access offValue */"
    SYSTEM_LOGGER_RB_NAME = "/* Could not access SYSTEM_LOGGER_RB_NAME */"
    SYSTEM_BUNDLE = "/* Could not access SYSTEM_BUNDLE */"
    NO_RESOURCE_BUNDLE = "/* Could not access NO_RESOURCE_BUNDLE */"
    config = "/* Could not access config */"
    manager = "/* Could not access manager */"
    name = "/* Could not access name */"
    loggerBundle = "/* Could not access loggerBundle */"
    anonymous = "/* Could not access anonymous */"
    catalogRef = "/* Could not access catalogRef */"
    catalogName = "/* Could not access catalogName */"
    catalogLocale = "/* Could not access catalogLocale */"
    treeLock = "/* Could not access treeLock */"
    parent = "/* Could not access parent */"
    kids = "/* Could not access kids */"
    callerModuleRef = "/* Could not access callerModuleRef */"
    isSystemLogger = "/* Could not access isSystemLogger */"
    GLOBAL_LOGGER_NAME = "global"
    global = class java.util.logging.Logger@65c5a6ef
      emptyHandlers = "/* Could not access emptyHandlers */"
      offValue = "/* Could not access offValue */"
      SYSTEM_LOGGER_RB_NAME = "/* Could not access SYSTEM_LOGGER_RB_NAME */"
      SYSTEM_BUNDLE = "/* Could not access SYSTEM_BUNDLE */"
      NO_RESOURCE_BUNDLE = "/* Could not access NO_RESOURCE_BUNDLE */"
      config = "/* Could not access config */"
      manager = "/* Could not access manager */"
      name = "/* Could not access name */"
      loggerBundle = "/* Could not access loggerBundle */"
      anonymous = "/* Could not access anonymous */"
      catalogRef = "/* Could not access catalogRef */"
      catalogName = "/* Could not access catalogName */"
      catalogLocale = "/* Could not access catalogLocale */"
      treeLock = "/* Could not access treeLock */"
      parent = "/* Could not access parent */"
      kids = "/* Could not access kids */"
      callerModuleRef = "/* Could not access callerModuleRef */"
      isSystemLogger = "/* Could not access isSystemLogger */"
      GLOBAL_LOGGER_NAME = "global"
      global = class java.util.logging.Logger@65c5a6ef
  CLASS_NAME = "com.ibm.ws.webcontainer.servlet.ServletWrapper"
  nls = class com.ibm.ejs.ras.TraceNLS@6e0d7692
    resolver = class com.ibm.ws.logging.internal.TraceNLSResolver@7e4bbe78
      tc = class com.ibm.websphere.ras.TraceComponent@43195e57
      DEBUG_TRACE_NLS_PROPERTY = "com.ibm.ejs.ras.debugTraceNLSResolver"
      debugTraceNLSResolver = false
      makeNoise = false
      nullKey = "null"
      svNullBundleName = "Resource Bundle name is null, key = {0}"
      svBundleNotLoaded = "Unable to load ResourceBundle {0}"
      svNullKeyMessage = "Null key passed while using ResourceBundle {0}"
      svMalformedMessage = "No message text associated with key {0} in bundle {1}"
    finder = class com.ibm.ws.logging.internal.StackFinder@427ddbb8
      initialized = "/* Could not access initialized */"
      rootGroup = "/* Could not access rootGroup */"
      packageAccessValid = "/* Could not access packageAccessValid */"
      packageAccess = "/* Could not access packageAccess */"
      packageAccessLock = "/* Could not access packageAccessLock */"
      packageDefinitionValid = "/* Could not access packageDefinitionValid */"
      packageDefinition = "/* Could not access packageDefinition */"
      packageDefinitionLock = "/* Could not access packageDefinitionLock */"
      nonExportedPkgs = "/* Could not access nonExportedPkgs */"
    ivBundleName = "com.ibm.ws.webcontainer.resources.Messages"
    caller = class java.lang.Class@1397c410
      ANNOTATION = "/* Could not access ANNOTATION */"
      ENUM = "/* Could not access ENUM */"
      SYNTHETIC = "/* Could not access SYNTHETIC */"
      cachedConstructor = "/* Could not access cachedConstructor */"
      name = "/* Could not access name */"
      module = "/* Could not access module */"
      packageName = "/* Could not access packageName */"
      componentType = "/* Could not access componentType */"
      allPermDomain = "/* Could not access allPermDomain */"
      reflectionData = "/* Could not access reflectionData */"
      classRedefinedCount = "/* Could not access classRedefinedCount */"
      genericInfo = "/* Could not access genericInfo */"
      EMPTY_CLASS_ARRAY = "/* Could not access EMPTY_CLASS_ARRAY */"
      serialVersionUID = "/* Could not access serialVersionUID */"
      serialPersistentFields = "/* Could not access serialPersistentFields */"
      reflectionFactory = "/* Could not access reflectionFactory */"
      enumConstants = "/* Could not access enumConstants */"
      enumConstantDirectory = "/* Could not access enumConstantDirectory */"
      annotationData = "/* Could not access annotationData */"
      annotationType = "/* Could not access annotationType */"
      classValueMap = "/* Could not access classValueMap */"
  servletConfig = class com.ibm.ws.webcontainer.servlet.ServletConfig@49b70baa
    logger = class com.ibm.ws.logging.internal.WsLogger@3b128021
    CLASS_NAME = "com.ibm.ws.webcontainer.servlet.ServletConfig"
    nls = class com.ibm.ejs.ras.TraceNLS@53502214
      resolver = class com.ibm.ws.logging.internal.TraceNLSResolver@7e4bbe78
      finder = class com.ibm.ws.logging.internal.StackFinder@427ddbb8
      ivBundleName = "com.ibm.ws.webcontainer.resources.Messages"
      caller = class java.lang.Class@28d75539
    liberty_nls = class com.ibm.ejs.ras.TraceNLS@2f5af7f1
      resolver = class com.ibm.ws.logging.internal.TraceNLSResolver@7e4bbe78
      finder = class com.ibm.ws.logging.internal.StackFinder@427ddbb8
      ivBundleName = "com.ibm.ws.webcontainer.resources.LShimMessages"
      caller = class java.lang.Class@28d75539
    enabled = true
    servletName = "estm.dsic.jee.rest.RestApplication"
    className = null
    mappings = class java.util.ArrayList@3f3e0dd5
      serialVersionUID = "/* Could not access serialVersionUID */"
      DEFAULT_CAPACITY = "/* Could not access DEFAULT_CAPACITY */"
      EMPTY_ELEMENTDATA = "/* Could not access EMPTY_ELEMENTDATA */"
      DEFAULTCAPACITY_EMPTY_ELEMENTDATA = "/* Could not access DEFAULTCAPACITY_EMPTY_ELEMENTDATA */"
      elementData = "/* Could not access elementData */"
      size = "/* Could not access size */"
      modCount = "/* Could not access modCount */"
    startUpWeight = 1
    DEFAULT_STARTUP = -1
    isCachingEnabled = true
    isStatisticsEnabled = true
    isInternal = false
    metaData = class com.ibm.ws.webcontainer.osgi.metadata.WebComponentMetaDataImpl@5f466a23
      j2eeName = class com.ibm.ws.container.service.metadata.internal.J2EENameImpl@5165cac4
      webModuleMetaData = class com.ibm.ws.webcontainer.osgi.metadata.WebModuleMetaDataImpl@622c4d5a
      mBeanServiceReg = null
      tc = class com.ibm.websphere.ras.TraceComponent@47d57e8b
      NUM_STATIC_SLOTS = 4
      ID_UNINITIALIZED = -1
      id = 2
      metaDataInterface = class java.lang.Class@69aae25e
      staticSlots = class java.lang.Object[4]
      dynamicSlots = null
    singleThreadModelServlet = false
    isJsp = false
    webAppConfig = class com.ibm.ws.webcontainer.osgi.webapp.WebAppConfiguration@241180a5
    servletWrapper = class com.ibm.ws.webcontainer.osgi.servlet.ServletWrapper@3e9f5e7a
    servletClass = class java.lang.Class@6d42a32a
      ANNOTATION = "/* Could not access ANNOTATION */"
      ENUM = "/* Could not access ENUM */"
      SYNTHETIC = "/* Could not access SYNTHETIC */"
      cachedConstructor = "/* Could not access cachedConstructor */"
      name = "/* Could not access name */"
      module = "/* Could not access module */"
      packageName = "/* Could not access packageName */"
      componentType = "/* Could not access componentType */"
      allPermDomain = "/* Could not access allPermDomain */"
      reflectionData = "/* Could not access reflectionData */"
      classRedefinedCount = "/* Could not access classRedefinedCount */"
      genericInfo = "/* Could not access genericInfo */"
      EMPTY_CLASS_ARRAY = "/* Could not access EMPTY_CLASS_ARRAY */"
      serialVersionUID = "/* Could not access serialVersionUID */"
      serialPersistentFields = "/* Could not access serialPersistentFields */"
      reflectionFactory = "/* Could not access reflectionFactory */"
      enumConstants = "/* Could not access enumConstants */"
      enumConstantDirectory = "/* Could not access enumConstantDirectory */"
      annotationData = "/* Could not access annotationData */"
      annotationType = "/* Could not access annotationType */"
      classValueMap = "/* Could not access classValueMap */"
    servlet = null
    addedToLoadOnStartup = true
    previousWeight = null
    multipartConfig = class jakarta.servlet.MultipartConfigElement@dd4b35d
      location = ""
      maxFileSize = -1
      maxRequestSize = -1
      fileSizeThreshold = 0
    multipartConfigBaseLocation = null
    runAsRole = null
    servletSecurityElement = null
    declareRolesAnnotation = null
    logger = class com.ibm.ws.logging.internal.WsLogger@3b128021
    CLASS_NAME = "com.ibm.ws.webcontainer.servlet.TargetConfig"
    initParams = class java.util.HashMap@56adb1ab
      serialVersionUID = "/* Could not access serialVersionUID */"
      DEFAULT_INITIAL_CAPACITY = "/* Could not access DEFAULT_INITIAL_CAPACITY */"
      MAXIMUM_CAPACITY = "/* Could not access MAXIMUM_CAPACITY */"
      DEFAULT_LOAD_FACTOR = "/* Could not access DEFAULT_LOAD_FACTOR */"
      TREEIFY_THRESHOLD = "/* Could not access TREEIFY_THRESHOLD */"
      UNTREEIFY_THRESHOLD = "/* Could not access UNTREEIFY_THRESHOLD */"
      MIN_TREEIFY_CAPACITY = "/* Could not access MIN_TREEIFY_CAPACITY */"
      table = "/* Could not access table */"
      entrySet = "/* Could not access entrySet */"
      size = "/* Could not access size */"
      modCount = "/* Could not access modCount */"
      threshold = "/* Could not access threshold */"
      loadFactor = "/* Could not access loadFactor */"
      keySet = "/* Could not access keySet */"
      values = "/* Could not access values */"
    fileName = null
    displayName = null
    name = "estm.dsic.jee.rest.RestApplication"
    description = null
    smallIcon = null
    largeIcon = null
    context = class com.ibm.ws.webcontainer40.facade.ServletContextFacade40@470e0fb7
    className = null
    asyncSupported = true
    _id = "DYN_estm.dsic.jee.rest.RestApplication_1710328802105"
    _attributes = null
    serialVersionUID = 7511545662945734886
    $$$tc$$$ = class com.ibm.websphere.ras.TraceComponent@4d17513b
      strings[0] = "TraceComponent[com.ibm.ws.container.BaseConfiguration,class com.ibm.ws.container.BaseConfiguration,[],null,null]"
  context = class com.ibm.ws.webcontainer40.osgi.webapp.WebApp40@4ec11166
    tc = class com.ibm.websphere.ras.TraceComponent@4a8b8ff8
      strings[0] = "TraceComponent[com.ibm.ws.webcontainer40.osgi.webapp.WebApp40,class com.ibm.ws.webcontainer40.osgi.webapp.WebApp40,[webcontainer],com.ibm.ws.webcontainer31.resources.Messages,null]"
    servlet40NLS = class com.ibm.ejs.ras.TraceNLS@700b32d2
      resolver = class com.ibm.ws.logging.internal.TraceNLSResolver@7e4bbe78
      finder = class com.ibm.ws.logging.internal.StackFinder@427ddbb8
      ivBundleName = "com.ibm.ws.webcontainer40.resources.Messages"
      caller = class java.lang.Class@7197a895
    CLASS_NAME = "com.ibm.ws.webcontainer40.osgi.webapp.WebApp40"
    defaultSessionTimeout = 30
    tc = class com.ibm.websphere.ras.TraceComponent@15ec6e4d
      strings[0] = "TraceComponent[com.ibm.ws.webcontainer31.osgi.webapp.WebApp31,class com.ibm.ws.webcontainer31.osgi.webapp.WebApp31,[webcontainer],com.ibm.ws.webcontainer31.resources.Messages,null]"
    CLASS_NAME = "com.ibm.ws.webcontainer31.osgi.webapp.WebApp31"
    servlet31NLS = class com.ibm.ejs.ras.TraceNLS@a5db461
      resolver = class com.ibm.ws.logging.internal.TraceNLSResolver@7e4bbe78
      finder = class com.ibm.ws.logging.internal.StackFinder@427ddbb8
      ivBundleName = "com.ibm.ws.webcontainer31.resources.Messages"
      caller = class java.lang.Class@45d0aa05
    validListenerClasses = class java.lang.Class[7]
      Class[0] = class java.lang.Class@481ad94a
      Class[1] = class java.lang.Class@76ae66a6
      Class[2] = class java.lang.Class@7186ed8a
      Class[3] = class java.lang.Class@163103a1
      Class[4] = class java.lang.Class@47990570
      Class[5] = class java.lang.Class@27b0507e
      Class[6] = class java.lang.Class@75b86ed6
    wsocServHandler = class com.ibm.ws.wsoc.external.WsocHandlerImpl@59433c73
      tc = class com.ibm.websphere.ras.TraceComponent@2d36d016
      noMoreAddsCalled = false
      serialVersionUID = -2067291126638824067
    tc = class com.ibm.websphere.ras.TraceComponent@29c3cb51
      strings[0] = "TraceComponent[com.ibm.ws.webcontainer.osgi.webapp.WebApp,class com.ibm.ws.webcontainer.osgi.webapp.WebApp,[webcontainer],com.ibm.ws.webcontainer.resources.LShimMessages,null]"
    CLASS_NAME = "com.ibm.ws.webcontainer.osgi.webapp.WebApp"
    metaDataService = class com.ibm.ws.container.service.metadata.internal.MetaDataServiceImpl@290f550b
      applicationMetaDataManager = class com.ibm.ws.container.service.metadata.internal.ApplicationMetaDataManager@6f6e1dd0
      moduleMetaDataManager = class com.ibm.ws.container.service.metadata.internal.ModuleMetaDataManager@1f4c06b5
      componentMetaDataManager = class com.ibm.ws.container.service.metadata.internal.ComponentMetaDataManager@1b6bfd34
      methodMetaDataManager = class com.ibm.ws.container.service.metadata.internal.MethodMetaDataManager@560200c4
      appModuleNameToModuleContainer = class java.util.concurrent.ConcurrentHashMap@7348617e
      jeeNameToComponentMetaData = class java.util.concurrent.ConcurrentHashMap@ccea80c
      deferredMetaDataFactories = class com.ibm.wsspi.kernel.service.utils.ConcurrentServiceReferenceSet@480876fc
      deferredMetaDataInitializers = class com.ibm.wsspi.kernel.service.utils.ConcurrentServiceReferenceMap@e4a5b19
      serialVersionUID = -2494605732980966097
      $$$tc$$$ = class com.ibm.websphere.ras.TraceComponent@52277ce3
    namespacePopulated = false
    referenceContext = class com.ibm.ws.injectionengine.osgi.internal.OSGiReferenceContextImpl@161802e4
      scopeData = class com.ibm.ws.injectionengine.osgi.internal.OSGiInjectionScopeData@5d837c42
      serialVersionUID = 521511923892134915
      $$$tc$$$ = class com.ibm.websphere.ras.TraceComponent@4568bb5d
      CLASS_NAME = "com.ibm.ws.injectionengine.ReferenceContextImpl"
      tc = class com.ibm.websphere.ras.TraceComponent@56e5b55b
      ivInjectionEngine = class com.ibm.ws.injectionengine.osgi.internal.OSGiInjectionEngineImpl@4fd0c886
      ivProviders = class java.util.ArrayList@227df650
      ivComponentJavaContext = null
      ivComponentNameSpace = null
      ivJavaColonCompEnvMap = class java.util.LinkedHashMap@68f22d7c
      ivEjbContext10 = class java.util.Properties@3bb3a0a3
      ivResourceRefConfigList = class com.ibm.ws.resource.internal.ResourceRefConfigListImpl@7d94bafb
      isAlreadyProcessed = true
      ivProcessFailure = null
      ivInjectionTargetMap = class java.util.concurrent.ConcurrentHashMap@49f64ecc
      svInjTarMapCacheSize = 256
      ivDeclaredInjectionTargets = class java.util.HashMap@6f6659e9
      ivProcessedInjectionClasses = class java.util.HashSet@377d659c
      svInjClassMapCacheSize = 512
      ivProcessedInjectionBindings = class java.util.LinkedHashSet@64ea19cc
      ivAnyProcessDynamic = true
      ivCheckAppConfig = false
    j2eeNameFactory = class com.ibm.ws.container.service.metadata.internal.J2EENameFactoryImpl@70f7182b
      serialVersionUID = 3486344295038028821
      $$$tc$$$ = class com.ibm.websphere.ras.TraceComponent@62d04fe8
    moduleLoader = class com.ibm.ws.classloading.internal.AppClassLoader@471e966d
      tc = class com.ibm.websphere.ras.TraceComponent@5afd0360
      forbiddenClassNames = class java.util.Collections$UnmodifiableSet@7a0c3c3d
      FORBIDDEN_PROPERTIES = "forbidden.properties"
      NOTHING_FORBIDDEN_PROPERTY = "io.openliberty.classloading.nothing.forbidden"
      disableSharedClassesCache = false
      PARENT_FIRST_SEARCH_ORDER = class java.util.Collections$UnmodifiableRandomAccessList@ad7c965
      packagesDefined = class java.util.Collections$SetFromMap@5112d31b
      CLASS_LOADING_TRACE_PREFIX = "com.ibm.ws.class.load."
      DEFAULT_PACKAGE = "default.package"
      perPackageClassLoadingTraceComponents = class java.util.concurrent.ConcurrentHashMap@22073c49
      config = class com.ibm.ws.classloading.internal.ClassLoaderConfigurationImpl@39f111e0
      privateLibraries = null
      delegateLoaders = class com.ibm.ws.classloading.internal.util.CompositeIterable@dd97b5a
      nativeLibraryFiles = class java.util.ArrayList@4a94fbf1
      transformers = class java.util.ArrayList@51ea739e
      systemTransformers = class java.util.concurrent.CopyOnWriteArrayList@60a51652
      apiAccess = class com.ibm.ws.classloading.internal.GatewayClassLoader@703ba67d
      generator = class com.ibm.ws.classloading.internal.ClassGeneratorManager@2660b2b7
      protectionDomains = class java.util.concurrent.ConcurrentHashMap@4b469ef9
      hook = null
      serialVersionUID = 5906478461061001036
      checkpointPhase = class io.openliberty.checkpoint.spi.CheckpointPhase@16dfa7e
      tc = class com.ibm.websphere.ras.TraceComponent@36ee99d1
      smartClassPath = class com.ibm.ws.classloading.internal.ContainerClassLoader$SmartClassPathImpl@223b15ee
      nativeLibraryContainers = class java.util.ArrayList@5d75f606
      redefiner = class com.ibm.ws.classloading.internal.util.ClassRedefiner@7895936
      jarProtocol = "wsjar:"
      mapCreationQueue = class java.util.concurrent.Executors$AutoShutdownDelegatedExecutorService@69d9fdb3
      serialVersionUID = 251246017270836472
      parent = class com.ibm.ws.classloading.internal.GatewayClassLoader@703ba67d
      classNameLockStore = class com.ibm.ws.kernel.boot.utils.KeyBasedLockStore@13b70103
      serialVersionUID = -3020377578845918238
      $$$tc$$$ = class com.ibm.websphere.ras.TraceComponent@72ed01e6
      pdcache = "/* Could not access pdcache */"
    webAppConfig = class com.ibm.ws.webcontainer.osgi.webapp.WebAppConfiguration@241180a5
      webModuleMetaData = class com.ibm.ws.webcontainer.osgi.metadata.WebModuleMetaDataImpl@622c4d5a
      webComponentMetaData = class com.ibm.ws.webcontainer.osgi.metadata.WebComponentMetaDataImpl@146e8208
      dVirtualHost = class com.ibm.ws.webcontainer.osgi.DynamicVirtualHost@44cf754a
      orderedLibPaths = class java.util.Collections$UnmodifiableRandomAccessList@4bf0c7a6
      bundleHeaders = null
      cdiEnabled = true
      CLASS_NAME = "com.ibm.ws.webcontainer.webapp.WebAppConfiguration"
      logger = class com.ibm.ws.logging.internal.WsLogger@a6faba
      tc = class com.ibm.websphere.ras.TraceComponent@5fcb912f
      nls = class com.ibm.ejs.ras.TraceNLS@3da9c326
      version = 30
      contextRoot = "/gestioncontact"
      isDefaultContextRootUsed = false
      sessionTimeout = 0
      moduleSessionTimeoutSet = false
      moduleSessionTrackingModeSet = false
      sessionCookieConfig = class io.openliberty.session.impl.SessionCookieConfigImpl60@56f604f6
      hasProgrammaticCookieConfig = false
      sessionDefaultTrackingModeSet = class java.util.RegularEnumSet@44b67566
      sessionManagerConfig = class com.ibm.ws.session.SessionManagerConfig@7faaf5e0
      displayName = "gestioncontact"
      description = null
      reloadInterval = 0
      distributable = false
      denyUncoveredHttpMethods = false
      reloadingEnabled = false
      serveServletsByClassnameEnabled = null
      defaultErrorPage = null
      additionalClassPath = null
      fileServingEnabled = null
      directoryBrowsingEnabled = null
      autoRequestEncoding = false
      autoResponseEncoding = false
      autoLoadFilters = false
      requestListeners = null
      requestAttributeListeners = null
      sessionListeners = null
      localeMap = null
      moduleName = "gestioncontact"
      j2eeModuleName = "gestioncontact.war"
      moduleId = null
      isSyncToThreadEnabled = false
      encodeDispatchedRequestURI = false
      isSystemApp = false
      ardEnabled = false
      ardDispatchType = null
      listeners = class java.util.ArrayList@2428d13a
      welcomeFileList = class java.util.ArrayList@57eb966a
      servletMappings = class java.util.HashMap@315cf9d5
      lastIndexBeforeDeclaredFilters = 1
      filterMappings = class java.util.ArrayList@4636a7dd
      servletInfo = class java.util.concurrent.ConcurrentHashMap@24f50f20
      filterInfo = class java.util.HashMap@2fa69512
      mimeMappings = class java.util.HashMap@79e25362
      mimeFilters = null
      isMimeFilteringEnabled = false
      theWebGroup = null
      jspAttributes = class java.util.HashMap@a190bcc
      fileServingAttributes = class java.util.HashMap@61989a0
      invokerAttributes = class java.util.HashMap@1d0c9274
      contextParams = class java.util.HashMap@769ebbf4
      virtualHost = "default_host"
      exceptionErrorPages = class java.util.HashMap@341b9980
      codeErrorPages = class java.util.HashMap@7e05522a
      tagLibList = null
      precompileJsps = false
      webApp = class com.ibm.ws.webcontainer40.osgi.webapp.WebApp40@4ec11166
      virtualHostList = class java.util.Collections$EmptyList@70f6971f
      appStartupWeight = 0
      moduleStartupWeight = 0
      metaDataComplete = false
      classesToScan = class java.util.ArrayList@763e0ac
      uriFilterMappingInfos = null
      servletFilterMappingInfos = null
      dynamicServletRegistrationMap = class java.util.HashMap@4a1baaf
      applicationName = "gestioncontact"
      libBinPathList = class java.util.ArrayList@6c1ee422
      webXmlDefinedListeners = class java.util.HashSet@385e6f89
      allRefs = class java.util.EnumMap@20208eae
      allRefBindings = class java.util.EnumMap@29dd3cc7
      envEntryValues = class java.util.HashMap@32f9e22a
      resourceRefConfigList = null
      disallowAllFileServingProp = "false"
      disallowServeServletsByClassnameProp = "true"
      disableStaticMappingCache = false
      jspCachedLocations = class java.util.HashMap@7910f1db
      primedSTSHeader = "NoValue"
      enablemultireadofpostdata = false
      requestEncoding = null
      responseEncoding = null
      NULLSERVLETNAME = "com.ibm.ws.webcontainer.NullServletName"
      skipEncodedCharVerification = false
      _id = "WebAppGeneratedId54"
      _attributes = null
      serialVersionUID = 7511545662945734886
      $$$tc$$$ = class com.ibm.websphere.ras.TraceComponent@4d17513b
    extensionProcessingDisabled = false
    managedObjectService = class com.ibm.ws.cdi.impl.managedobject.CDIManagedObjectService@176e44e8
      defaultMOS = class com.ibm.ws.managedobject.internal.ManagedObjectServiceImpl@2c07d307
      cdiRuntime = class com.ibm.ws.cdi.liberty.CDIRuntimeImpl@4409db59
      isActive = class java.util.concurrent.atomic.AtomicBoolean@5513edd1
      serialVersionUID = 5211943849551391960
      $$$tc$$$ = class com.ibm.websphere.ras.TraceComponent@7d6765d6
    internalServletMetaData = interface com.ibm.wsspi.webcontainer.metadata.WebComponentMetaData[2]
      WebComponentMetaData[0] = null
      WebComponentMetaData[1] = null
    loginProcessor = null
    logoutProcessor = null
    collabHelper = class com.ibm.ws.webcontainer.osgi.collaborator.CollaboratorHelperImpl@2df15d84
    envObject = class com.ibm.ws.util.WSThreadLocal@15ffd924
      tc = class com.ibm.ejs.ras.TraceComponent@86c593f
      count = 10
      index = 6
      SUSPECTED_MISUSAGE_THRESHOLD = 200
      TRACE_VTHREAD_LOCALS = "/* Could not access TRACE_VTHREAD_LOCALS */"
      threadLocalHashCode = "/* Could not access threadLocalHashCode */"
      nextHashCode = "/* Could not access nextHashCode */"
      HASH_INCREMENT = "/* Could not access HASH_INCREMENT */"
      $assertionsDisabled = "/* Could not access $assertionsDisabled */"
    orderedLibPaths = class java.util.Collections$UnmodifiableRandomAccessList@4bf0c7a6
      serialVersionUID = "/* Could not access serialVersionUID */"
      serialVersionUID = "/* Could not access serialVersionUID */"
      list = "/* Could not access list */"
      serialVersionUID = "/* Could not access serialVersionUID */"
      c = "/* Could not access c */"
    perm = class com.ibm.websphere.security.WebSphereRuntimePermission@26eea6bd
      serialVersionUID = -3306242789188168337
      $$$tc$$$ = class com.ibm.websphere.ras.TraceComponent@a177b20
      serialVersionUID = "/* Could not access serialVersionUID */"
      wildcard = "/* Could not access wildcard */"
      path = "/* Could not access path */"
      exitVM = "/* Could not access exitVM */"
      serialVersionUID = "/* Could not access serialVersionUID */"
      name = "/* Could not access name */"
    WELCOME_FILE_LIST = "com.ibm.ws.webcontainer.config.WelcomeFileList"
    DIR_BROWSING_MAPPING = "__dirBrowsing__1710324691403"
    FILTER_PROXY_MAPPING = "/__filterProxy__1710324691403"
    logger = class com.ibm.ws.logging.internal.WsLogger@a6faba
      ivCachedResourceBundleName = null
      ivCachedResourceBundle = null
      ivComponent = null
      ivOrganization = null
      ivProduct = null
      ivMinimumLocalizationLevelIntValue = 625
      ivTC = class com.ibm.websphere.ras.TraceComponent@5f77c8e9
      loggerRegistrationComponent = class java.lang.ThreadLocal@4e05eb74
      emptyHandlers = "/* Could not access emptyHandlers */"
      offValue = "/* Could not access offValue */"
      SYSTEM_LOGGER_RB_NAME = "/* Could not access SYSTEM_LOGGER_RB_NAME */"
      SYSTEM_BUNDLE = "/* Could not access SYSTEM_BUNDLE */"
      NO_RESOURCE_BUNDLE = "/* Could not access NO_RESOURCE_BUNDLE */"
      config = "/* Could not access config */"
      manager = "/* Could not access manager */"
      name = "/* Could not access name */"
      loggerBundle = "/* Could not access loggerBundle */"
      anonymous = "/* Could not access anonymous */"
      catalogRef = "/* Could not access catalogRef */"
      catalogName = "/* Could not access catalogName */"
      catalogLocale = "/* Could not access catalogLocale */"
      treeLock = "/* Could not access treeLock */"
      parent = "/* Could not access parent */"
      kids = "/* Could not access kids */"
      callerModuleRef = "/* Could not access callerModuleRef */"
      isSystemLogger = "/* Could not access isSystemLogger */"
      GLOBAL_LOGGER_NAME = "global"
      global = class java.util.logging.Logger@65c5a6ef
    CLASS_NAME = "com.ibm.ws.webcontainer.webapp.WebApp"
    loader = class com.ibm.ws.classloading.internal.ThreadContextClassLoader@6f755f00
    facade = class com.ibm.ws.webcontainer40.facade.ServletContextFacade40@470e0fb7
    features = class java.util.ArrayList@6bfb3573
      serialVersionUID = "/* Could not access serialVersionUID */"
      DEFAULT_CAPACITY = "/* Could not access DEFAULT_CAPACITY */"
      EMPTY_ELEMENTDATA = "/* Could not access EMPTY_ELEMENTDATA */"
      DEFAULTCAPACITY_EMPTY_ELEMENTDATA = "/* Could not access DEFAULTCAPACITY_EMPTY_ELEMENTDATA */"
      elementData = "/* Could not access elementData */"
      size = "/* Could not access size */"
      modCount = "/* Could not access modCount */"
    applicationName = "gestioncontact"
    config = class com.ibm.ws.webcontainer.osgi.webapp.WebAppConfiguration@241180a5
    securityEnabledForApp = null
    webExtensionProcessor = class com.ibm.ws.webcontainer.osgi.extension.WebExtensionProcessor@267b025d
      webApp = class com.ibm.ws.webcontainer40.osgi.webapp.WebApp40@4ec11166
      extensionContext = class com.ibm.ws.webcontainer40.osgi.webapp.WebApp40@4ec11166
    production = true
    isServlet23 = true
    contextPath = "/gestioncontact"
    internalServletList = class [Ljava.lang.String;[2]
      String[][0] = class java.lang.String[2]
      String[][1] = class java.lang.String[2]
    BY_NAME_ONLY = "/_1710328790468_/"
    filterManager = null
    documentRoot = null
    SERVLET_API_VERSION = "Servlet 2.5"
    disableServletAuditLogging = -1
    serverInfo = "IBM WebSphere Liberty/24.0.0.2"
    sessionCtx = class io.openliberty.webcontainer60.session.impl.HttpSessionContextImpl60@70d531c7
      methodClassName = "HttpSessionContextImpl60"
      methodClassName = "HttpSessionContextImpl"
      _smc = class com.ibm.ws.session.SessionManagerConfig@7faaf5e0
      sessionStoreService = null
      _sap = class com.ibm.ws.session.SessionApplicationParameters@7f8ae52f
      _coreHttpSessionManager = class com.ibm.ws.session.SessionManager@54e63834
      _coreHttpAppSessionManager = null
      _sam = class com.ibm.ws.webcontainer.session.impl.SessionAffinityManagerImpl@7ccbc2bd
      isSIPApplication = false
      sessionAttributeListener = false
      sessionListener = true
      mHttpSessionAttributeListeners = class java.util.ArrayList@568d671
      mHttpSessionListeners = class java.util.ArrayList@2de3f86e
      mHttpSessionIdListeners = class java.util.ArrayList@48a1527e
      mHttpSessionAttributeListenersJ2eeNames = class java.util.ArrayList@6a5dbffd
      mHttpSessionListenersJ2eeNames = class java.util.ArrayList@29452799
      mHttpSessionIdListenersJ2eeNames = class java.util.ArrayList@1bd78a57
      mLocalHost = null
      _refCount = 1
      currentThreadSacHashtable = null
      methodClassName = "SessionContext"
      ANONYMOUS_USER = "anonymous"
      wasHttpSessionObserver = class com.ibm.ws.session.WasHttpSessionObserver@592709f1
      wasHttpSessionAttributeObserver = null
      _invalidator = class com.ibm.ws.session.SessionInvalidatorWithThreadPool@5e82f77f
      _storer = class com.ibm.ws.session.EOSSessionStorer@5efb6ad9
      wasHttpAppSessionObserver = null
      mHttpAppSessionListeners = null
      cmvcInfo = "CMVC Version 1.9 6/24/07 11:12:24"
      _loggedVersion = true
      CREATE_CORE_SESSION_MANAGER = 0
      GET_REQUESTED_SESSION_ID = 1
      GET_IHTTP_SESSION = 2
      SESSION_PRE_INVOKE = 3
      SESSION_POST_INVOKE = 4
      STOP = 5
      STOP_LISTENERS = 6
      IS_VALID = 7
      ENCODE_URL = 8
      SHOULD_ENCODE_URL = 9
      IS_PROTOCOL_SWITCH = 10
      GET_LOCAL_HOST = 11
      ADD_HTTP_SESSION_ATTRIBUTE_LISTENER = 12
      ADD_HTTP_SESSION_LISTENER = 13
      GET_SESSION_AFFINITY_CONTEXT = 14
      CHECK_SECURITY = 15
      INVALIDATE = 16
      CHECK_SESSSIONID_IS_RIGHT_LENGTH = 17
      LOCK_SESSION = 18
      UNLOCK_SESSION = 19
      ADD_HTTP_SESSION_ID_LISTENER = 20
      methodNames = class java.lang.String[21]
    eventSource = class com.ibm.ws.webcontainer.webapp.WebAppEventSource@7cadc1ef
    nls = class com.ibm.ejs.ras.TraceNLS@e42bc6a
      resolver = class com.ibm.ws.logging.internal.TraceNLSResolver@7e4bbe78
      finder = class com.ibm.ws.logging.internal.StackFinder@427ddbb8
      ivBundleName = "com.ibm.ws.webcontainer.resources.Messages"
      caller = class java.lang.Class@705fc0a5
    liberty_nls = class com.ibm.ejs.ras.TraceNLS@67c3de58
      resolver = class com.ibm.ws.logging.internal.TraceNLSResolver@7e4bbe78
      finder = class com.ibm.ws.logging.internal.StackFinder@427ddbb8
      ivBundleName = "com.ibm.ws.webcontainer.resources.LShimMessages"
      caller = class java.lang.Class@705fc0a5
    error_nls = class com.ibm.ejs.ras.TraceNLS@1b2a7bd3
      resolver = class com.ibm.ws.logging.internal.TraceNLSResolver@7e4bbe78
      finder = class com.ibm.ws.logging.internal.StackFinder@427ddbb8
      ivBundleName = "com.ibm.ws.webcontainer.resources.ErrorPage"
      caller = class java.lang.Class@705fc0a5
    sessionListeners = class java.util.ArrayList@42a83a78
      serialVersionUID = "/* Could not access serialVersionUID */"
      DEFAULT_CAPACITY = "/* Could not access DEFAULT_CAPACITY */"
      EMPTY_ELEMENTDATA = "/* Could not access EMPTY_ELEMENTDATA */"
      DEFAULTCAPACITY_EMPTY_ELEMENTDATA = "/* Could not access DEFAULTCAPACITY_EMPTY_ELEMENTDATA */"
      elementData = "/* Could not access elementData */"
      size = "/* Could not access size */"
      modCount = "/* Could not access modCount */"
    sessionIdListeners = class java.util.ArrayList@59927fab
      serialVersionUID = "/* Could not access serialVersionUID */"
      DEFAULT_CAPACITY = "/* Could not access DEFAULT_CAPACITY */"
      EMPTY_ELEMENTDATA = "/* Could not access EMPTY_ELEMENTDATA */"
      DEFAULTCAPACITY_EMPTY_ELEMENTDATA = "/* Could not access DEFAULTCAPACITY_EMPTY_ELEMENTDATA */"
      elementData = "/* Could not access elementData */"
      size = "/* Could not access size */"
      modCount = "/* Could not access modCount */"
    sessionAttrListeners = class java.util.ArrayList@205a4bdf
      serialVersionUID = "/* Could not access serialVersionUID */"
      DEFAULT_CAPACITY = "/* Could not access DEFAULT_CAPACITY */"
      EMPTY_ELEMENTDATA = "/* Could not access EMPTY_ELEMENTDATA */"
      DEFAULTCAPACITY_EMPTY_ELEMENTDATA = "/* Could not access DEFAULTCAPACITY_EMPTY_ELEMENTDATA */"
      elementData = "/* Could not access elementData */"
      size = "/* Could not access size */"
      modCount = "/* Could not access modCount */"
    addedSessionListeners = class java.util.ArrayList@686658e4
      serialVersionUID = "/* Could not access serialVersionUID */"
      DEFAULT_CAPACITY = "/* Could not access DEFAULT_CAPACITY */"
      EMPTY_ELEMENTDATA = "/* Could not access EMPTY_ELEMENTDATA */"
      DEFAULTCAPACITY_EMPTY_ELEMENTDATA = "/* Could not access DEFAULTCAPACITY_EMPTY_ELEMENTDATA */"
      elementData = "/* Could not access elementData */"
      size = "/* Could not access size */"
      modCount = "/* Could not access modCount */"
    addedSessionAttrListeners = class java.util.ArrayList@6b1ec46a
      serialVersionUID = "/* Could not access serialVersionUID */"
      DEFAULT_CAPACITY = "/* Could not access DEFAULT_CAPACITY */"
      EMPTY_ELEMENTDATA = "/* Could not access EMPTY_ELEMENTDATA */"
      DEFAULTCAPACITY_EMPTY_ELEMENTDATA = "/* Could not access DEFAULTCAPACITY_EMPTY_ELEMENTDATA */"
      elementData = "/* Could not access elementData */"
      size = "/* Could not access size */"
      modCount = "/* Could not access modCount */"
    servletContextListeners = class java.util.ArrayList@213b9185
      serialVersionUID = "/* Could not access serialVersionUID */"
      DEFAULT_CAPACITY = "/* Could not access DEFAULT_CAPACITY */"
      EMPTY_ELEMENTDATA = "/* Could not access EMPTY_ELEMENTDATA */"
      DEFAULTCAPACITY_EMPTY_ELEMENTDATA = "/* Could not access DEFAULTCAPACITY_EMPTY_ELEMENTDATA */"
      elementData = "/* Could not access elementData */"
      size = "/* Could not access size */"
      modCount = "/* Could not access modCount */"
    servletContextLAttrListeners = class java.util.ArrayList@53cd32ce
      serialVersionUID = "/* Could not access serialVersionUID */"
      DEFAULT_CAPACITY = "/* Could not access DEFAULT_CAPACITY */"
      EMPTY_ELEMENTDATA = "/* Could not access EMPTY_ELEMENTDATA */"
      DEFAULTCAPACITY_EMPTY_ELEMENTDATA = "/* Could not access DEFAULTCAPACITY_EMPTY_ELEMENTDATA */"
      elementData = "/* Could not access elementData */"
      size = "/* Could not access size */"
      modCount = "/* Could not access modCount */"
    servletRequestListeners = class java.util.ArrayList@9b6e12b
      serialVersionUID = "/* Could not access serialVersionUID */"
      DEFAULT_CAPACITY = "/* Could not access DEFAULT_CAPACITY */"
      EMPTY_ELEMENTDATA = "/* Could not access EMPTY_ELEMENTDATA */"
      DEFAULTCAPACITY_EMPTY_ELEMENTDATA = "/* Could not access DEFAULTCAPACITY_EMPTY_ELEMENTDATA */"
      elementData = "/* Could not access elementData */"
      size = "/* Could not access size */"
      modCount = "/* Could not access modCount */"
    servletRequestLAttrListeners = class java.util.ArrayList@149659e3
      serialVersionUID = "/* Could not access serialVersionUID */"
      DEFAULT_CAPACITY = "/* Could not access DEFAULT_CAPACITY */"
      EMPTY_ELEMENTDATA = "/* Could not access EMPTY_ELEMENTDATA */"
      DEFAULTCAPACITY_EMPTY_ELEMENTDATA = "/* Could not access DEFAULTCAPACITY_EMPTY_ELEMENTDATA */"
      elementData = "/* Could not access elementData */"
      size = "/* Could not access size */"
      modCount = "/* Could not access modCount */"
    prependSlashToResource = false
    destroyed = false
    webAppNameSpaceCollab = class com.ibm.ws.webcontainer.osgi.collaborator.WebAppNameSpaceCollaboratorImpl@3586a441
    txCollab = class com.ibm.ws.transaction.services.WebAppTransactionCollaboratorImpl@6c60c0ef
    sessionActivationListeners = class java.util.ArrayList@695c454d
      serialVersionUID = "/* Could not access serialVersionUID */"
      DEFAULT_CAPACITY = "/* Could not access DEFAULT_CAPACITY */"
      EMPTY_ELEMENTDATA = "/* Could not access EMPTY_ELEMENTDATA */"
      DEFAULTCAPACITY_EMPTY_ELEMENTDATA = "/* Could not access DEFAULTCAPACITY_EMPTY_ELEMENTDATA */"
      elementData = "/* Could not access elementData */"
      size = "/* Could not access size */"
      modCount = "/* Could not access modCount */"
    sessionBindingListeners = class java.util.ArrayList@533d41ea
      serialVersionUID = "/* Could not access serialVersionUID */"
      DEFAULT_CAPACITY = "/* Could not access DEFAULT_CAPACITY */"
      EMPTY_ELEMENTDATA = "/* Could not access EMPTY_ELEMENTDATA */"
      DEFAULTCAPACITY_EMPTY_ELEMENTDATA = "/* Could not access DEFAULTCAPACITY_EMPTY_ELEMENTDATA */"
      elementData = "/* Could not access elementData */"
      size = "/* Could not access size */"
      modCount = "/* Could not access modCount */"
    scratchdir = null
    jspClassLoaderLimit = 0
    jspClassLoaderExclusionList = null
    jspClassLoadersMap = null
    jspClassLoaderLimitTrackIF = false
    defaultExtProc = null
    directoryBrowsingServlet = null
    cdiContexts = class java.util.concurrent.ConcurrentHashMap@40be1a12
      serialVersionUID = "/* Could not access serialVersionUID */"
      MAXIMUM_CAPACITY = "/* Could not access MAXIMUM_CAPACITY */"
      DEFAULT_CAPACITY = "/* Could not access DEFAULT_CAPACITY */"
      MAX_ARRAY_SIZE = "/* Could not access MAX_ARRAY_SIZE */"
      DEFAULT_CONCURRENCY_LEVEL = "/* Could not access DEFAULT_CONCURRENCY_LEVEL */"
      LOAD_FACTOR = "/* Could not access LOAD_FACTOR */"
      TREEIFY_THRESHOLD = "/* Could not access TREEIFY_THRESHOLD */"
      UNTREEIFY_THRESHOLD = "/* Could not access UNTREEIFY_THRESHOLD */"
      MIN_TREEIFY_CAPACITY = "/* Could not access MIN_TREEIFY_CAPACITY */"
      MIN_TRANSFER_STRIDE = "/* Could not access MIN_TRANSFER_STRIDE */"
      RESIZE_STAMP_BITS = "/* Could not access RESIZE_STAMP_BITS */"
      MAX_RESIZERS = "/* Could not access MAX_RESIZERS */"
      RESIZE_STAMP_SHIFT = "/* Could not access RESIZE_STAMP_SHIFT */"
      MOVED = "/* Could not access MOVED */"
      TREEBIN = "/* Could not access TREEBIN */"
      RESERVED = "/* Could not access RESERVED */"
      HASH_BITS = "/* Could not access HASH_BITS */"
      NCPU = "/* Could not access NCPU */"
      serialPersistentFields = "/* Could not access serialPersistentFields */"
      table = "/* Could not access table */"
      nextTable = "/* Could not access nextTable */"
      baseCount = "/* Could not access baseCount */"
      sizeCtl = "/* Could not access sizeCtl */"
      transferIndex = "/* Could not access transferIndex */"
      cellsBusy = "/* Could not access cellsBusy */"
      counterCells = "/* Could not access counterCells */"
      keySet = "/* Could not access keySet */"
      values = "/* Could not access values */"
      entrySet = "/* Could not access entrySet */"
      U = "/* Could not access U */"
      SIZECTL = "/* Could not access SIZECTL */"
      TRANSFERINDEX = "/* Could not access TRANSFERINDEX */"
      BASECOUNT = "/* Could not access BASECOUNT */"
      CELLSBUSY = "/* Could not access CELLSBUSY */"
      CELLVALUE = "/* Could not access CELLVALUE */"
      ABASE = "/* Could not access ABASE */"
      ASHIFT = "/* Could not access ASHIFT */"
      keySet = "/* Could not access keySet */"
      values = "/* Could not access values */"
    moduleConfig = class com.ibm.ws.webcontainer.osgi.container.DeployedModule@79b521fe
      tc = class com.ibm.websphere.ras.TraceComponent@3054e3fe
      loader = class com.ibm.ws.classloading.internal.ThreadContextClassLoader@6f755f00
      webApp = class com.ibm.ws.webcontainer40.osgi.webapp.WebApp40@4ec11166
      webAppConfig = class com.ibm.ws.webcontainer.osgi.webapp.WebAppConfiguration@241180a5
      contextRootAdded = class com.ibm.ws.threading.internal.NonCancelableResultFuture@1ed881a5
      properContextRoot = "/gestioncontact"
      mappingContextRoot = "/gestioncontact/*"
      initTaskCount = class java.util.concurrent.atomic.AtomicInteger@52a6baf4
      initTasksDoneListener = class com.ibm.ws.webcontainer.osgi.WebContainer$2@60b9c459
      serialVersionUID = -2104814060051592457
      $$$tc$$$ = class com.ibm.websphere.ras.TraceComponent@5d58e5b2
    extensionFactories = class java.util.ArrayList@76eecf72
      serialVersionUID = "/* Could not access serialVersionUID */"
      DEFAULT_CAPACITY = "/* Could not access DEFAULT_CAPACITY */"
      EMPTY_ELEMENTDATA = "/* Could not access EMPTY_ELEMENTDATA */"
      DEFAULTCAPACITY_EMPTY_ELEMENTDATA = "/* Could not access DEFAULTCAPACITY_EMPTY_ELEMENTDATA */"
      elementData = "/* Could not access elementData */"
      size = "/* Could not access size */"
      modCount = "/* Could not access modCount */"
    initialized = false
    lock = class com.ibm.ws.webcontainer.webapp.WebApp$1@273cdaad
      this$0 = class com.ibm.ws.webcontainer40.osgi.webapp.WebApp40@4ec11166
    afterServletContextCreated = false
    redirectContextRoot = false
    errorExceptionTypeFirst = false
    initFilterBeforeServletInit = false
    SET_400_SC_ON_TOO_MANY_PARENT_DIRS = false
    sortedServletConfigs = class java.util.ArrayList@17623ad2
      serialVersionUID = "/* Could not access serialVersionUID */"
      DEFAULT_CAPACITY = "/* Could not access DEFAULT_CAPACITY */"
      EMPTY_ELEMENTDATA = "/* Could not access EMPTY_ELEMENTDATA */"
      DEFAULTCAPACITY_EMPTY_ELEMENTDATA = "/* Could not access DEFAULTCAPACITY_EMPTY_ELEMENTDATA */"
      elementData = "/* Could not access elementData */"
      size = "/* Could not access size */"
      modCount = "/* Could not access modCount */"
    effectiveMajorVersion = 3
    effectiveMinorVersion = 0
    canAddServletContextListener = true
    withinContextInitOfProgAddListener = false
    lastProgAddListenerInitialized = "com.ibm.ws.cache.CacheServiceImpl"
    webInfLibClassloader = null
    metaInfCache = class com.ibm.ws.webcontainer.webapp.WebApp$2@47885311
      this$0 = class com.ibm.ws.webcontainer40.osgi.webapp.WebApp40@4ec11166
      serialVersionUID = "/* Could not access serialVersionUID */"
      head = "/* Could not access head */"
      tail = "/* Could not access tail */"
      accessOrder = "/* Could not access accessOrder */"
      PUT_NORM = "/* Could not access PUT_NORM */"
      PUT_FIRST = "/* Could not access PUT_FIRST */"
      PUT_LAST = "/* Could not access PUT_LAST */"
      putMode = "/* Could not access putMode */"
      serialVersionUID = "/* Could not access serialVersionUID */"
      DEFAULT_INITIAL_CAPACITY = "/* Could not access DEFAULT_INITIAL_CAPACITY */"
      MAXIMUM_CAPACITY = "/* Could not access MAXIMUM_CAPACITY */"
      DEFAULT_LOAD_FACTOR = "/* Could not access DEFAULT_LOAD_FACTOR */"
      TREEIFY_THRESHOLD = "/* Could not access TREEIFY_THRESHOLD */"
      UNTREEIFY_THRESHOLD = "/* Could not access UNTREEIFY_THRESHOLD */"
      MIN_TREEIFY_CAPACITY = "/* Could not access MIN_TREEIFY_CAPACITY */"
      table = "/* Could not access table */"
      entrySet = "/* Could not access entrySet */"
      size = "/* Could not access size */"
      modCount = "/* Could not access modCount */"
      threshold = "/* Could not access threshold */"
      loadFactor = "/* Could not access loadFactor */"
      keySet = "/* Could not access keySet */"
      values = "/* Could not access values */"
    hasSlashStarMapping = false
    useMetaInfCache = true
    SUN_CONFIGURE_LISTENER_CLASSNAME = "com.sun.faces.config.ConfigureListener"
    MYFACES_LIFECYCLE_LISTENER_CLASSNAME = "org.apache.myfaces.webapp.StartupServletContextListener"
    JSF_IMPL_ENABLED_PARAM = "com.ibm.ws.jsf.JSF_IMPL_ENABLED"
    JSF_IMPL_ENABLED_CUSTOM = "Custom"
    JSF_IMPL_ENABLED_NONE = "None"
    staticDocRoot = class com.ibm.ws.webcontainer.util.DocumentRootUtils@479d91cd
      logger = class com.ibm.ws.logging.internal.WsLogger@75a19b91
      CLASS_NAME = "com.ibm.ws.webcontainer.util.DocumentRootUtils"
      useContentLength = false
      matchedFile = null
      matchedZipFile = null
      matchedEntry = null
      matchedURL = null
      edrRoot = null
      pfedrRoot = null
      ctxt = class com.ibm.ws.webcontainer40.osgi.webapp.WebApp40@4ec11166
      baseDir = null
      edr = null
      pfedr = null
      metaInfRes = null
      searchpfEDR = false
      searchEDR = false
      searchMetaInfRes = true
      matchFromEDR = false
      matchFromMetaInfRes = false
      matchIsADirectory = false
      appConfig = class com.ibm.ws.webcontainer.osgi.webapp.WebAppConfiguration@241180a5
      attributeType = "staticFile"
      STATIC_FILE = "staticFile"
      JSP = "jsp"
      PFEDR = "preFragmentExtendedDocumentRoot"
      EDR = "extendedDocumentRoot"
    jspDocRoot = class com.ibm.ws.webcontainer.util.DocumentRootUtils@6b5d221
      logger = class com.ibm.ws.logging.internal.WsLogger@75a19b91
      CLASS_NAME = "com.ibm.ws.webcontainer.util.DocumentRootUtils"
      useContentLength = false
      matchedFile = null
      matchedZipFile = null
      matchedEntry = null
      matchedURL = null
      edrRoot = null
      pfedrRoot = null
      ctxt = class com.ibm.ws.webcontainer40.osgi.webapp.WebApp40@4ec11166
      baseDir = null
      edr = null
      pfedr = null
      metaInfRes = null
      searchpfEDR = false
      searchEDR = false
      searchMetaInfRes = true
      matchFromEDR = false
      matchFromMetaInfRes = false
      matchIsADirectory = false
      appConfig = class com.ibm.ws.webcontainer.osgi.webapp.WebAppConfiguration@241180a5
      attributeType = "jsp"
      STATIC_FILE = "staticFile"
      JSP = "jsp"
      PFEDR = "preFragmentExtendedDocumentRoot"
      EDR = "extendedDocumentRoot"
    container = class com.ibm.ws.adaptable.module.internal.AdaptableContainerImpl@6cc9bc3b
      root = class com.ibm.ws.adaptable.module.internal.AdaptableContainerImpl@6cc9bc3b
      rootOverlay = class com.ibm.ws.artifact.overlay.internal.DirectoryBasedOverlayContainerImpl@3cc985b8
      factoryHolder = class com.ibm.ws.adaptable.module.internal.AdaptableModuleFactoryImpl@823f19e
      delegate = class com.ibm.ws.artifact.overlay.internal.DirectoryBasedOverlayContainerImpl@3cc985b8
      notifier = class com.ibm.ws.adaptable.module.internal.NotifierImpl@2368a031
      serialVersionUID = -5950528200509051684
      $$$tc$$$ = class com.ibm.websphere.ras.TraceComponent@59ff606a
    metaInfResourceFinder = class com.ibm.ws.webcontainer.util.MetaInfResourceFinder@7cc8f
      jarResourceContainers = class java.util.ArrayList@3f02cd9e
      container = class com.ibm.ws.adaptable.module.internal.AdaptableContainerImpl@6cc9bc3b
    postConstructMethods = class com.ibm.ws.webcontainer.webapp.WebApp$AnnotatedMethods@5120745
      annotationClass = class java.lang.Class@337b6688
      noOpClassNames = class java.util.HashSet@31c3a1cf
      annotatedMethodNames = class java.util.concurrent.ConcurrentHashMap@1360749b
      EMPTY_METHODS = class java.lang.reflect.Method[0]
    preDestroyMethods = class com.ibm.ws.webcontainer.webapp.WebApp$AnnotatedMethods@2e2aedd3
      annotationClass = class java.lang.Class@13ceae84
      noOpClassNames = class java.util.HashSet@5d6155a9
      annotatedMethodNames = class java.util.concurrent.ConcurrentHashMap@1d1a61c6
      EMPTY_METHODS = class java.lang.reflect.Method[0]
    OBJ_EMPTY = class java.lang.Object[0]
    CLASS_EMPTY = class java.lang.Class[0]
    checkpointPhase = class io.openliberty.checkpoint.spi.CheckpointPhase@16dfa7e
      AFTER_APP_START = class io.openliberty.checkpoint.spi.CheckpointPhase@40ebdfa2
      BEFORE_APP_START = class io.openliberty.checkpoint.spi.CheckpointPhase@66b4e22e
      INACTIVE = class io.openliberty.checkpoint.spi.CheckpointPhase@16dfa7e
      CHECKPOINT_PROPERTY = "io.openliberty.checkpoint"
      CHECKPOINT_ACTIVE_FILTER = "(!(io.openliberty.checkpoint=INACTIVE))"
      CHECKPOINT_RESTORED_PROPERTY = "io.openliberty.checkpoint.restored"
      CONDITION_PROCESS_RUNNING_ID = "io.openliberty.process.running"
      restored = true
      noMoreAddHooks = true
      singleThreadedHooks = class java.util.ArrayList@1dbdc496
      multiThreadedHooks = class java.util.ArrayList@5c59f09d
      THE_PHASE = class io.openliberty.checkpoint.spi.CheckpointPhase@16dfa7e
      DEBUG = false
      $VALUES = class io.openliberty.checkpoint.spi.CheckpointPhase[3]
      name = "/* Could not access name */"
      ordinal = "/* Could not access ordinal */"
      hash = "/* Could not access hash */"
    DEFAULT_JSP_EXTENSIONS = class java.util.ArrayList@6a616ed
      serialVersionUID = "/* Could not access serialVersionUID */"
      DEFAULT_CAPACITY = "/* Could not access DEFAULT_CAPACITY */"
      EMPTY_ELEMENTDATA = "/* Could not access EMPTY_ELEMENTDATA */"
      DEFAULTCAPACITY_EMPTY_ELEMENTDATA = "/* Could not access DEFAULTCAPACITY_EMPTY_ELEMENTDATA */"
      elementData = "/* Could not access elementData */"
      size = "/* Could not access size */"
      modCount = "/* Could not access modCount */"
    DEFER_SERVLET_REQUEST_LISTENER_DESTROY_ON_ERROR = true
    DO_ACCEPT_PARTIAL = true
    DO_NOT_ACCEPT_PARTIAL = false
    DO_ACCEPT_EXCLUDED = true
    DO_NOT_ACCEPT_EXCLUDED = false
    commands = class java.util.ArrayList@38fbd102
      serialVersionUID = "/* Could not access serialVersionUID */"
      DEFAULT_CAPACITY = "/* Could not access DEFAULT_CAPACITY */"
      EMPTY_ELEMENTDATA = "/* Could not access EMPTY_ELEMENTDATA */"
      DEFAULTCAPACITY_EMPTY_ELEMENTDATA = "/* Could not access DEFAULTCAPACITY_EMPTY_ELEMENTDATA */"
      elementData = "/* Could not access elementData */"
      size = "/* Could not access size */"
      modCount = "/* Could not access modCount */"
    requestMapper = class com.ibm.wsspi.webcontainer.util.URIMapper@2d46c177
      matcher = class com.ibm.wsspi.webcontainer40.util.URIMatcher40@6727e7c8
    parent = class com.ibm.ws.webcontainer.osgi.webapp.WebGroup@547bf579
      tc = class com.ibm.websphere.ras.TraceComponent@13d76dec
      logger = class com.ibm.ws.logging.internal.WsLogger@a6faba
      CLASS_NAME = "com.ibm.ws.webcontainer.webapp.WebGroup"
      sessUrlRewritePrefix = ";jsessionid="
      qMark = "?"
      config = class com.ibm.ws.webcontainer.osgi.webapp.WebGroupConfiguration@563a5323
      webApp = class com.ibm.ws.webcontainer40.osgi.webapp.WebApp40@4ec11166
      commands = class java.util.ArrayList@7a36e247
      requestMapper = null
      parent = class com.ibm.ws.webcontainer.osgi.DynamicVirtualHost@44cf754a
      name = "/gestioncontact/*"
      isAlive = true
      subElements = class java.util.HashMap@664874fe
      attributes = null
      config = null
      serialVersionUID = -8271459000149267764
      $$$tc$$$ = class com.ibm.websphere.ras.TraceComponent@6446ef9c
    name = "gestioncontact"
    isAlive = true
    subElements = null
    attributes = class java.util.concurrent.ConcurrentHashMap@62dc9065
      serialVersionUID = "/* Could not access serialVersionUID */"
      MAXIMUM_CAPACITY = "/* Could not access MAXIMUM_CAPACITY */"
      DEFAULT_CAPACITY = "/* Could not access DEFAULT_CAPACITY */"
      MAX_ARRAY_SIZE = "/* Could not access MAX_ARRAY_SIZE */"
      DEFAULT_CONCURRENCY_LEVEL = "/* Could not access DEFAULT_CONCURRENCY_LEVEL */"
      LOAD_FACTOR = "/* Could not access LOAD_FACTOR */"
      TREEIFY_THRESHOLD = "/* Could not access TREEIFY_THRESHOLD */"
      UNTREEIFY_THRESHOLD = "/* Could not access UNTREEIFY_THRESHOLD */"
      MIN_TREEIFY_CAPACITY = "/* Could not access MIN_TREEIFY_CAPACITY */"
      MIN_TRANSFER_STRIDE = "/* Could not access MIN_TRANSFER_STRIDE */"
      RESIZE_STAMP_BITS = "/* Could not access RESIZE_STAMP_BITS */"
      MAX_RESIZERS = "/* Could not access MAX_RESIZERS */"
      RESIZE_STAMP_SHIFT = "/* Could not access RESIZE_STAMP_SHIFT */"
      MOVED = "/* Could not access MOVED */"
      TREEBIN = "/* Could not access TREEBIN */"
      RESERVED = "/* Could not access RESERVED */"
      HASH_BITS = "/* Could not access HASH_BITS */"
      NCPU = "/* Could not access NCPU */"
      serialPersistentFields = "/* Could not access serialPersistentFields */"
      table = "/* Could not access table */"
      nextTable = "/* Could not access nextTable */"
      baseCount = "/* Could not access baseCount */"
      sizeCtl = "/* Could not access sizeCtl */"
      transferIndex = "/* Could not access transferIndex */"
      cellsBusy = "/* Could not access cellsBusy */"
      counterCells = "/* Could not access counterCells */"
      keySet = "/* Could not access keySet */"
      values = "/* Could not access values */"
      entrySet = "/* Could not access entrySet */"
      U = "/* Could not access U */"
      SIZECTL = "/* Could not access SIZECTL */"
      TRANSFERINDEX = "/* Could not access TRANSFERINDEX */"
      BASECOUNT = "/* Could not access BASECOUNT */"
      CELLSBUSY = "/* Could not access CELLSBUSY */"
      CELLVALUE = "/* Could not access CELLVALUE */"
      ABASE = "/* Could not access ABASE */"
      ASHIFT = "/* Could not access ASHIFT */"
      keySet = "/* Could not access keySet */"
      values = "/* Could not access values */"
    config = null
    serialVersionUID = -8271459000149267764
    $$$tc$$$ = class com.ibm.websphere.ras.TraceComponent@6446ef9c
      strings[0] = "TraceComponent[com.ibm.ws.container.AbstractContainer,class com.ibm.ws.container.AbstractContainer,[],null,null]"
  target = class com.ibm.websphere.jaxrs.server.IBMRestServlet@4b0f93bb
    serialVersionUID = -7916305366621576524
    asyncCancelScheduler = class java.util.concurrent.ScheduledThreadPoolExecutor@64c2f955
      continueExistingPeriodicTasksAfterShutdown = "/* Could not access continueExistingPeriodicTasksAfterShutdown */"
      executeExistingDelayedTasksAfterShutdown = "/* Could not access executeExistingDelayedTasksAfterShutdown */"
      removeOnCancel = "/* Could not access removeOnCancel */"
      sequencer = "/* Could not access sequencer */"
      DEFAULT_KEEPALIVE_MILLIS = "/* Could not access DEFAULT_KEEPALIVE_MILLIS */"
      ctl = "/* Could not access ctl */"
      COUNT_BITS = "/* Could not access COUNT_BITS */"
      COUNT_MASK = "/* Could not access COUNT_MASK */"
      RUNNING = "/* Could not access RUNNING */"
      SHUTDOWN = "/* Could not access SHUTDOWN */"
      STOP = "/* Could not access STOP */"
      TIDYING = "/* Could not access TIDYING */"
      TERMINATED = "/* Could not access TERMINATED */"
      workQueue = "/* Could not access workQueue */"
      mainLock = "/* Could not access mainLock */"
      workers = "/* Could not access workers */"
      termination = "/* Could not access termination */"
      container = "/* Could not access container */"
      largestPoolSize = "/* Could not access largestPoolSize */"
      completedTaskCount = "/* Could not access completedTaskCount */"
      threadFactory = "/* Could not access threadFactory */"
      handler = "/* Could not access handler */"
      keepAliveTime = "/* Could not access keepAliveTime */"
      allowCoreThreadTimeOut = "/* Could not access allowCoreThreadTimeOut */"
      corePoolSize = "/* Could not access corePoolSize */"
      maximumPoolSize = "/* Could not access maximumPoolSize */"
      defaultHandler = "/* Could not access defaultHandler */"
      shutdownPerm = "/* Could not access shutdownPerm */"
      ONLY_ONE = "/* Could not access ONLY_ONE */"
      $assertionsDisabled = "/* Could not access $assertionsDisabled */"
    serialVersionUID = 6655984720159438370
    $$$tc$$$ = class com.ibm.websphere.ras.TraceComponent@41ba146a
      strings[0] = "TraceComponent[org.jboss.resteasy.plugins.server.servlet.HttpServlet30Dispatcher,class org.jboss.resteasy.plugins.server.servlet.HttpServlet30Dispatcher,[],null,null]"
    servletContainerDispatcher = null
    serialVersionUID = -1908385981247679754
    $$$tc$$$ = class com.ibm.websphere.ras.TraceComponent@20cd4c3
      strings[0] = "TraceComponent[org.jboss.resteasy.plugins.server.servlet.HttpServletDispatcher,class org.jboss.resteasy.plugins.server.servlet.HttpServletDispatcher,[],null,null]"
    serialVersionUID = 8466325577512134784
    METHOD_DELETE = "DELETE"
    METHOD_HEAD = "HEAD"
    METHOD_GET = "GET"
    METHOD_OPTIONS = "OPTIONS"
    METHOD_POST = "POST"
    METHOD_PUT = "PUT"
    METHOD_TRACE = "TRACE"
    HEADER_IFMODSINCE = "If-Modified-Since"
    HEADER_LASTMOD = "Last-Modified"
    LEGACY_DO_HEAD = "jakarta.servlet.http.legacyDoHead"
    LSTRING_FILE = "jakarta.servlet.http.LocalStrings"
    lStrings = class java.util.PropertyResourceBundle@6ec7953e
      encoding = "/* Could not access encoding */"
      lookup = "/* Could not access lookup */"
      INITIAL_CACHE_SIZE = "/* Could not access INITIAL_CACHE_SIZE */"
      NONEXISTENT_BUNDLE = "/* Could not access NONEXISTENT_BUNDLE */"
      cacheList = "/* Could not access cacheList */"
      referenceQueue = "/* Could not access referenceQueue */"
      parent = "/* Could not access parent */"
      locale = "/* Could not access locale */"
      name = "/* Could not access name */"
      expired = "/* Could not access expired */"
      cacheKey = "/* Could not access cacheKey */"
      keySet = "/* Could not access keySet */"
      UNKNOWN_FORMAT = "/* Could not access UNKNOWN_FORMAT */"
      TRACE_ON = "/* Could not access TRACE_ON */"
      $assertionsDisabled = "/* Could not access $assertionsDisabled */"
    legacyHeadHandling = false
    serialVersionUID = -8592279577370996712
    LSTRING_FILE = "jakarta.servlet.LocalStrings"
    lStrings = class java.util.PropertyResourceBundle@2a27d9ac
    config = class com.ibm.ws.webcontainer.servlet.ServletConfig@49b70baa
  cacheWrappers = null
  targetLoader = class com.ibm.ws.classloading.internal.ThreadContextClassLoader@6f755f00
    tc = class com.ibm.websphere.ras.TraceComponent@5426c808
      strings[0] = "TraceComponent[com.ibm.ws.classloading.internal.ThreadContextClassLoader,class com.ibm.ws.classloading.internal.ThreadContextClassLoader,[ClassLoadingService],com.ibm.ws.classloading.internal.resources.ClassLoadingServiceMessages,null]"
    bundle = class java.util.concurrent.atomic.AtomicReference@484fec88
      serialVersionUID = "/* Could not access serialVersionUID */"
      VALUE = "/* Could not access VALUE */"
      value = "/* Could not access value */"
    key = "WebModule:gestioncontact#gestioncontact.war"
    refCount = class java.util.concurrent.atomic.AtomicInteger@559d7fa5
      serialVersionUID = "/* Could not access serialVersionUID */"
      U = "/* Could not access U */"
      VALUE = "/* Could not access VALUE */"
      value = "/* Could not access value */"
      serialVersionUID = "/* Could not access serialVersionUID */"
    appLoader = class com.ibm.ws.classloading.internal.AppClassLoader@471e966d
    clSvc = class com.ibm.ws.classloading.internal.ClassLoadingServiceImpl@87aec29
      tc = class com.ibm.websphere.ras.TraceComponent@1b7032b1
      leakDetectionMap = class java.util.concurrent.ConcurrentHashMap@1eeb767d
      appClassLoaders = class java.util.Collections$SetFromMap@294a5158
      TCCL_LOCK_WAIT = 15000
      REFERENCE_GENERATORS = "generators"
      tcclLockStore = class com.ibm.ws.kernel.boot.utils.KeyBasedLockStore@75ec0114
      bundleContext = class org.eclipse.osgi.internal.framework.BundleContextImpl@796dc98a
      aclStore = class com.ibm.ws.classloading.internal.util.CanonicalStore@53296010
      tcclStore = class com.ibm.ws.classloading.internal.util.CanonicalStore@16b4ac96
      digraph = class org.eclipse.equinox.internal.region.StandardRegionDigraph@6d8fef89
      redefiner = class com.ibm.ws.classloading.internal.util.ClassRedefiner@7895936
      listener = class com.ibm.ws.classloading.internal.ClassLoadingServiceImpl$2@787ea78d
      classloaders = class java.util.Collections$SynchronizedMap@604f6172
      resourceProviders = class com.ibm.ws.classloading.internal.CompositeResourceProvider@1213a627
      rememberedBundles = class java.util.concurrent.ConcurrentHashMap@53aca1f1
      collectedBundles = class java.lang.ref.ReferenceQueue@414dffaa
      generatorRefs = class com.ibm.wsspi.kernel.service.utils.ConcurrentServiceReferenceSet@3899756f
      generatorManager = class com.ibm.ws.classloading.internal.ClassGeneratorManager@2660b2b7
      appExtLibs = class java.util.concurrent.CopyOnWriteArrayList@4c827ac1
      globalConfig = class com.ibm.ws.classloading.configuration.GlobalClassloadingConfiguration@57ddd6d2
      systemTransformers = class java.util.concurrent.CopyOnWriteArrayList@60a51652
      metaInfServicesProviders = class java.util.concurrent.ConcurrentHashMap@614846f1
      metaInfServicesRefs = class com.ibm.wsspi.kernel.service.utils.ConcurrentServiceReferenceMap@4fd645dd
      protectionDomainMap = class java.util.HashMap@105d7a94
      metadataIdentifierService = class com.ibm.ws.container.service.metadata.internal.MetaDataServiceImpl@290f550b
      globalSharedLibrary = class java.util.concurrent.atomic.AtomicReference@ad3e115
      serialVersionUID = 4413923811772628187
    serialVersionUID = 7417331337980111787
    tc = class com.ibm.websphere.ras.TraceComponent@26858e1c
      strings[0] = "TraceComponent[com.ibm.ws.classloading.internal.UnifiedClassLoader,class com.ibm.ws.classloading.internal.UnifiedClassLoader,[ClassLoadingService],com.ibm.ws.classloading.internal.resources.ClassLoadingServiceMessages,null]"
    followOnClassLoaders = class java.util.ArrayList@78efa996
      serialVersionUID = "/* Could not access serialVersionUID */"
      DEFAULT_CAPACITY = "/* Could not access DEFAULT_CAPACITY */"
      EMPTY_ELEMENTDATA = "/* Could not access EMPTY_ELEMENTDATA */"
      DEFAULTCAPACITY_EMPTY_ELEMENTDATA = "/* Could not access DEFAULTCAPACITY_EMPTY_ELEMENTDATA */"
      elementData = "/* Could not access elementData */"
      size = "/* Could not access size */"
      modCount = "/* Could not access modCount */"
    serialVersionUID = 4255658571728280816
    parent = class com.ibm.ws.classloading.internal.GatewayClassLoader@1b6f1a60
      config = class com.ibm.ws.classloading.internal.GatewayConfigurationImpl@474ed92c
      wiringMonitor = class com.ibm.ws.classloading.internal.GatewayClassLoader$1@4cfae8af
      bundle = class org.eclipse.osgi.internal.framework.EquinoxBundle@fadf173
      wiring = class org.eclipse.osgi.container.ModuleWiring@1034f0ba
      cl = null
      bLoader = class org.eclipse.osgi.internal.loader.BundleLoader@62be6af3
      resourceProviders = class com.ibm.ws.classloading.internal.CompositeResourceProvider@1213a627
      serialVersionUID = -5503641212193211983
      $$$tc$$$ = class com.ibm.websphere.ras.TraceComponent@6445a01b
    classNameLockStore = class com.ibm.ws.kernel.boot.utils.KeyBasedLockStore@4750b34
      refQueue = class java.lang.ref.ReferenceQueue@1464d920
      lockMap = class java.util.concurrent.ConcurrentHashMap@46192709
      lockCreator = class com.ibm.ws.kernel.boot.classloader.NameBasedClassLoaderLock$1@2ba3c51d
    serialVersionUID = -3020377578845918238
    $$$tc$$$ = class com.ibm.websphere.ras.TraceComponent@72ed01e6
      strings[0] = "TraceComponent[com.ibm.ws.classloading.internal.LibertyLoader,class com.ibm.ws.classloading.internal.LibertyLoader,[ClassLoadingService],com.ibm.ws.classloading.internal.resources.ClassLoadingServiceMessages,null]"
    pdcache = "/* Could not access pdcache */"
  evtSource = class com.ibm.ws.webcontainer.webapp.WebAppEventSource@7cadc1ef
    _invocationListeners = class com.ibm.ws.webcontainer.util.EventListeners@52def3c8
      EMPTY_LISTENERS = interface java.util.EventListener[0]
      logger = class com.ibm.ws.logging.internal.WsLogger@75a19b91
      CLASS_NAME = "com.ibm.ws.webcontainer.util.EventListeners"
      listeners = interface java.util.EventListener[0]
    _servletListeners = class com.ibm.ws.webcontainer.util.EventListeners@6210190f
      EMPTY_LISTENERS = interface java.util.EventListener[0]
      logger = class com.ibm.ws.logging.internal.WsLogger@75a19b91
      CLASS_NAME = "com.ibm.ws.webcontainer.util.EventListeners"
      listeners = interface java.util.EventListener[0]
    _errorListeners = class com.ibm.ws.webcontainer.util.EventListeners@72ddb6dd
      EMPTY_LISTENERS = interface java.util.EventListener[0]
      logger = class com.ibm.ws.logging.internal.WsLogger@75a19b91
      CLASS_NAME = "com.ibm.ws.webcontainer.util.EventListeners"
      listeners = interface java.util.EventListener[0]
    _applicationListeners = class com.ibm.ws.webcontainer.util.EventListeners@66a3eb93
      EMPTY_LISTENERS = interface java.util.EventListener[0]
      logger = class com.ibm.ws.logging.internal.WsLogger@75a19b91
      CLASS_NAME = "com.ibm.ws.webcontainer.util.EventListeners"
      listeners = interface java.util.EventListener[0]
    _filterInvocationListeners = class com.ibm.ws.webcontainer.util.EventListeners@43c6043c
      EMPTY_LISTENERS = interface java.util.EventListener[0]
      logger = class com.ibm.ws.logging.internal.WsLogger@75a19b91
      CLASS_NAME = "com.ibm.ws.webcontainer.util.EventListeners"
      listeners = interface java.util.EventListener[0]
    _filterListeners = class com.ibm.ws.webcontainer.util.EventListeners@21fca52a
      EMPTY_LISTENERS = interface java.util.EventListener[0]
      logger = class com.ibm.ws.logging.internal.WsLogger@75a19b91
      CLASS_NAME = "com.ibm.ws.webcontainer.util.EventListeners"
      listeners = interface java.util.EventListener[0]
    _filterErrorListeners = class com.ibm.ws.webcontainer.util.EventListeners@3e089496
      EMPTY_LISTENERS = interface java.util.EventListener[0]
      logger = class com.ibm.ws.logging.internal.WsLogger@75a19b91
      CLASS_NAME = "com.ibm.ws.webcontainer.util.EventListeners"
      listeners = interface java.util.EventListener[0]
  event = class com.ibm.websphere.servlet.event.ServletEvent@531155d3
    serialVersionUID = 3906650803920713522
    _servletName = "estm.dsic.jee.rest.RestApplication"
    _servletClassName = "com.ibm.websphere.jaxrs.server.IBMRestServlet"
    $$$tc$$$ = class com.ibm.websphere.ras.TraceComponent@5e940ee4
      strings[0] = "TraceComponent[com.ibm.websphere.servlet.event.ServletEvent,class com.ibm.websphere.servlet.event.ServletEvent,[],null,null]"
    serialVersionUID = 3546927969739289392
    _context = class com.ibm.ws.webcontainer40.facade.ServletContextFacade40@470e0fb7
      context = class com.ibm.ws.webcontainer40.osgi.webapp.WebApp40@4ec11166
    _servletNames = class com.ibm.ws.webcontainer.util.EmptyEnumeration@341a048e
      serialVersionUID = 3546642126931963953
      _instance = class com.ibm.ws.webcontainer.util.EmptyEnumeration@341a048e
    $$$tc$$$ = class com.ibm.websphere.ras.TraceComponent@6d39fbfd
      strings[0] = "TraceComponent[com.ibm.websphere.servlet.event.ApplicationEvent,class com.ibm.websphere.servlet.event.ApplicationEvent,[],null,null]"
    serialVersionUID = "/* Could not access serialVersionUID */"
    source = "/* Could not access source */"
  unavailableMessage = null
  unavailableUntil = -1
  isSTM = false
  internalServlet = false
  webAppInvocationCollaborators = null
  platformHelper = class com.ibm.ws.webcontainer.PlatformHelper@2736abf1
  webAppNameSpaceCollab = class com.ibm.ws.webcontainer.osgi.collaborator.WebAppNameSpaceCollaboratorImpl@3586a441
    cmdai = class com.ibm.ws.threadContext.ComponentMetaDataAccessorImpl@4c93efd
      tc = class com.ibm.websphere.ras.TraceComponent@553221d5
      cmdai = class com.ibm.ws.threadContext.ComponentMetaDataAccessorImpl@4c93efd
      threadContext = class com.ibm.ws.threadContext.ThreadContextImpl@7c660a80
      defaultCMD = null
  txCollab = class com.ibm.ws.transaction.services.WebAppTransactionCollaboratorImpl@6c60c0ef
    tc = class com.ibm.websphere.ras.TraceComponent@65043bc1
      strings[0] = "TraceComponent[com.ibm.ws.transaction.services.WebAppTransactionCollaboratorImpl,class com.ibm.ws.transaction.services.WebAppTransactionCollaboratorImpl,[transaction],com.ibm.ws.transaction.services.TransactionMessages,null]"
    ltCurrentRef = class com.ibm.wsspi.kernel.service.utils.AtomicServiceReference@14c4e4dd
      referenceName = "ltCurrent"
      tuple = class java.util.concurrent.atomic.AtomicReference@51200542
      serialVersionUID = 2226592364007985000
      $$$tc$$$ = class com.ibm.websphere.ras.TraceComponent@64092529
    tranMgrRef = class com.ibm.wsspi.kernel.service.utils.AtomicServiceReference@129d0198
      referenceName = "tranMgr"
      tuple = class java.util.concurrent.atomic.AtomicReference@3eb9883f
      serialVersionUID = 2226592364007985000
      $$$tc$$$ = class com.ibm.websphere.ras.TraceComponent@64092529
    userTranRef = class com.ibm.wsspi.kernel.service.utils.AtomicServiceReference@5f6eebe0
      referenceName = "userTran"
      tuple = class java.util.concurrent.atomic.AtomicReference@5e598177
      serialVersionUID = 2226592364007985000
      $$$tc$$$ = class com.ibm.websphere.ras.TraceComponent@64092529
    uowCallbackRef = class com.ibm.wsspi.kernel.service.utils.AtomicServiceReference@3845f62d
      referenceName = "uowCallback"
      tuple = class java.util.concurrent.atomic.AtomicReference@24bae3ec
      serialVersionUID = 2226592364007985000
      $$$tc$$$ = class com.ibm.websphere.ras.TraceComponent@64092529
    serialVersionUID = -8319003162899973281
  connCollab = class com.ibm.ws.webcontainer.collaborator.ConnectionHandleCollaborator@52f54e9e
    tc = class com.ibm.websphere.ras.TraceComponent@201fd110
      strings[0] = "TraceComponent[com.ibm.ws.webcontainer.collaborator.ConnectionHandleCollaborator,class com.ibm.ws.webcontainer.collaborator.ConnectionHandleCollaborator,[webcontainer],com.ibm.ws.webcontainer.resources.LShimMessages,null]"
    threadContext = class com.ibm.ws.threadContext.ThreadContextImpl@1f9f1a6a
      ivInitialStackEntry = null
      tc = class com.ibm.ejs.ras.TraceComponent@86c593f
      count = 10
      index = 2
      SUSPECTED_MISUSAGE_THRESHOLD = 200
      TRACE_VTHREAD_LOCALS = "/* Could not access TRACE_VTHREAD_LOCALS */"
      threadLocalHashCode = "/* Could not access threadLocalHashCode */"
      nextHashCode = "/* Could not access nextHashCode */"
      HASH_INCREMENT = "/* Could not access HASH_INCREMENT */"
      $assertionsDisabled = "/* Could not access $assertionsDisabled */"
  suppressServletExceptionLogging = false
  throwExceptionEnum = class java.util.RegularEnumSet@408e1e12
    serialVersionUID = "/* Could not access serialVersionUID */"
    elements = "/* Could not access elements */"
    serialVersionUID = "/* Could not access serialVersionUID */"
    elementType = "/* Could not access elementType */"
    universe = "/* Could not access universe */"
  discernUnavailableServlet = false
  reInitServletonInitUnavailableException = true
  destroyServletonServiceUnavailableException = false
  servlet23 = true
  PARAMS_HEAD_TRACE = class java.lang.Class[2]
    Class[0] = class java.lang.Class@1e77d96a
      ANNOTATION = "/* Could not access ANNOTATION */"
      ENUM = "/* Could not access ENUM */"
      SYNTHETIC = "/* Could not access SYNTHETIC */"
      cachedConstructor = "/* Could not access cachedConstructor */"
      name = "/* Could not access name */"
      module = "/* Could not access module */"
      packageName = "/* Could not access packageName */"
      componentType = "/* Could not access componentType */"
      allPermDomain = "/* Could not access allPermDomain */"
      reflectionData = "/* Could not access reflectionData */"
      classRedefinedCount = "/* Could not access classRedefinedCount */"
      genericInfo = "/* Could not access genericInfo */"
      EMPTY_CLASS_ARRAY = "/* Could not access EMPTY_CLASS_ARRAY */"
      serialVersionUID = "/* Could not access serialVersionUID */"
      serialPersistentFields = "/* Could not access serialPersistentFields */"
      reflectionFactory = "/* Could not access reflectionFactory */"
      enumConstants = "/* Could not access enumConstants */"
      enumConstantDirectory = "/* Could not access enumConstantDirectory */"
      annotationData = "/* Could not access annotationData */"
      annotationType = "/* Could not access annotationType */"
      classValueMap = "/* Could not access classValueMap */"
    Class[1] = class java.lang.Class@62e95b72
      ANNOTATION = "/* Could not access ANNOTATION */"
      ENUM = "/* Could not access ENUM */"
      SYNTHETIC = "/* Could not access SYNTHETIC */"
      cachedConstructor = "/* Could not access cachedConstructor */"
      name = "/* Could not access name */"
      module = "/* Could not access module */"
      packageName = "/* Could not access packageName */"
      componentType = "/* Could not access componentType */"
      allPermDomain = "/* Could not access allPermDomain */"
      reflectionData = "/* Could not access reflectionData */"
      classRedefinedCount = "/* Could not access classRedefinedCount */"
      genericInfo = "/* Could not access genericInfo */"
      EMPTY_CLASS_ARRAY = "/* Could not access EMPTY_CLASS_ARRAY */"
      serialVersionUID = "/* Could not access serialVersionUID */"
      serialPersistentFields = "/* Could not access serialPersistentFields */"
      reflectionFactory = "/* Could not access reflectionFactory */"
      enumConstants = "/* Could not access enumConstants */"
      enumConstantDirectory = "/* Could not access enumConstantDirectory */"
      annotationData = "/* Could not access annotationData */"
      annotationType = "/* Could not access annotationType */"
      classValueMap = "/* Could not access classValueMap */"
  defaultHeadMethodInUse = false
  defaultTraceMethodInUse = false
  checkedForDefaultMethods = null
  defaultTraceRequestBehavior = false
  defaultHeadRequestBehavior = false
  useOriginalRequestState = false
  warningStatusSet = false
  serialVersionUID = -8592279577370996712
  LSTRING_FILE = "jakarta.servlet.LocalStrings"
  lStrings = class java.util.PropertyResourceBundle@2a27d9ac
    encoding = "/* Could not access encoding */"
    lookup = "/* Could not access lookup */"
    INITIAL_CACHE_SIZE = "/* Could not access INITIAL_CACHE_SIZE */"
    NONEXISTENT_BUNDLE = "/* Could not access NONEXISTENT_BUNDLE */"
    cacheList = "/* Could not access cacheList */"
    referenceQueue = "/* Could not access referenceQueue */"
    parent = "/* Could not access parent */"
    locale = "/* Could not access locale */"
    name = "/* Could not access name */"
    expired = "/* Could not access expired */"
    cacheKey = "/* Could not access cacheKey */"
    keySet = "/* Could not access keySet */"
    UNKNOWN_FORMAT = "/* Could not access UNKNOWN_FORMAT */"
    TRACE_ON = "/* Could not access TRACE_ON */"
    $assertionsDisabled = "/* Could not access $assertionsDisabled */"
  config = null

