------Start of DE processing------ = [08/03/2024 11:50:41:947 WEST]
Exception = org.jboss.weld.exceptions.DefinitionException
Source = com.ibm.ws.cdi.liberty.CDIRuntimeImpl
probeid = 478
Stack Dump = org.jboss.weld.exceptions.DefinitionException: WELD-000075: Normal scoped managed bean implementation class has a public field:  [EnhancedAnnotatedFieldImpl] public estm.dsic.jee.rest.dao.UserDao.auth
	at org.jboss.weld.bean.ManagedBean.checkBeanImplementation(ManagedBean.java:235)
	at org.jboss.weld.bean.AbstractClassBean.internalInitialize(AbstractClassBean.java:74)
	at org.jboss.weld.bean.ManagedBean.internalInitialize(ManagedBean.java:107)
	at org.jboss.weld.bean.RIBean.initialize(RIBean.java:69)
	at org.jboss.weld.bootstrap.ConcurrentBeanDeployer$4.doWork(ConcurrentBeanDeployer.java:96)
	at org.jboss.weld.bootstrap.ConcurrentBeanDeployer$4.doWork(ConcurrentBeanDeployer.java:93)
	at org.jboss.weld.executor.IterativeWorkerTaskFactory$1.call(IterativeWorkerTaskFactory.java:62)
	at org.jboss.weld.executor.IterativeWorkerTaskFactory$1.call(IterativeWorkerTaskFactory.java:55)
	at com.ibm.ws.threading.internal.PolicyTaskFutureImpl.run(PolicyTaskFutureImpl.java:765)
	at com.ibm.ws.threading.internal.PolicyExecutorImpl.runTask(PolicyExecutorImpl.java:1297)
	at com.ibm.ws.threading.internal.PolicyExecutorImpl.invokeAll(PolicyExecutorImpl.java:820)
	at com.ibm.ws.concurrent.internal.ManagedExecutorServiceImpl.invokeAll(ManagedExecutorServiceImpl.java:605)
	at org.jboss.weld.executor.AbstractExecutorServices.invokeAllAndCheckForExceptions(AbstractExecutorServices.java:59)
	at org.jboss.weld.executor.AbstractExecutorServices.invokeAllAndCheckForExceptions(AbstractExecutorServices.java:67)
	at org.jboss.weld.bootstrap.ConcurrentBeanDeployer.initializeBeans(ConcurrentBeanDeployer.java:93)
	at org.jboss.weld.bootstrap.BeanDeployer.deploy(BeanDeployer.java:371)
	at org.jboss.weld.bootstrap.BeanDeployment.deployBeans(BeanDeployment.java:264)
	at org.jboss.weld.bootstrap.WeldStartup.deployBeans(WeldStartup.java:449)
	at org.jboss.weld.bootstrap.WeldBootstrap.deployBeans(WeldBootstrap.java:87)
	at com.ibm.ws.cdi.impl.CDIContainerImpl.startInitialization(CDIContainerImpl.java:177)
	at com.ibm.ws.cdi.liberty.CDIRuntimeImpl.applicationStarting(CDIRuntimeImpl.java:479)
	at com.ibm.ws.container.service.state.internal.ApplicationStateManager.fireStarting(ApplicationStateManager.java:53)
	at com.ibm.ws.container.service.state.internal.StateChangeServiceImpl.fireApplicationStarting(StateChangeServiceImpl.java:52)
	at com.ibm.ws.app.manager.module.internal.SimpleDeployedAppInfoBase.preDeployApp(SimpleDeployedAppInfoBase.java:550)
	at com.ibm.ws.app.manager.module.internal.SimpleDeployedAppInfoBase.installApp(SimpleDeployedAppInfoBase.java:511)
	at com.ibm.ws.app.manager.module.internal.DeployedAppInfoBase.deployApp(DeployedAppInfoBase.java:351)
	at com.ibm.ws.app.manager.war.internal.WARApplicationHandlerImpl.install(WARApplicationHandlerImpl.java:67)
	at com.ibm.ws.app.manager.internal.statemachine.StartAction.execute(StartAction.java:184)
	at com.ibm.ws.app.manager.internal.statemachine.ApplicationStateMachineImpl.enterState(ApplicationStateMachineImpl.java:1369)
	at com.ibm.ws.app.manager.internal.statemachine.ApplicationStateMachineImpl.performAction(ApplicationStateMachineImpl.java:1233)
	at com.ibm.ws.app.manager.internal.statemachine.ApplicationStateMachineImpl.run(ApplicationStateMachineImpl.java:920)
	at com.ibm.ws.threading.internal.ExecutorServiceImpl$RunnableWrapper.run(ExecutorServiceImpl.java:280)
	at java.base/java.util.concurrent.ThreadPoolExecutor.runWorker(ThreadPoolExecutor.java:1144)
	at java.base/java.util.concurrent.ThreadPoolExecutor$Worker.run(ThreadPoolExecutor.java:642)
	at java.base/java.lang.Thread.run(Thread.java:1583)

Dump of callerThis
Object type = com.ibm.ws.cdi.liberty.CDIRuntimeImpl
  tc = class com.ibm.websphere.ras.TraceComponent@1311ee31
    strings[0] = "TraceComponent[com.ibm.ws.cdi.liberty.CDIRuntimeImpl,class com.ibm.ws.cdi.liberty.CDIRuntimeImpl,[JCDI],com.ibm.ws.cdi.internal.resources.CDI,null]"
  metaDataSlotServiceSR = class com.ibm.wsspi.kernel.service.utils.AtomicServiceReference@6afde076
    referenceName = "metaDataSlotService"
    tuple = class java.util.concurrent.atomic.AtomicReference@3490ade9
      serialVersionUID = "/* Could not access serialVersionUID */"
      VALUE = "/* Could not access VALUE */"
      value = "/* Could not access value */"
    serialVersionUID = 2226592364007985000
    $$$tc$$$ = class com.ibm.websphere.ras.TraceComponent@7edfb40
  ejbEndpointServiceSR = class com.ibm.wsspi.kernel.service.utils.AtomicServiceReference@318b55c8
    referenceName = "ejbEndpointService"
    tuple = class java.util.concurrent.atomic.AtomicReference@5f38212e
      serialVersionUID = "/* Could not access serialVersionUID */"
      VALUE = "/* Could not access VALUE */"
      value = "/* Could not access value */"
    serialVersionUID = 2226592364007985000
    $$$tc$$$ = class com.ibm.websphere.ras.TraceComponent@7edfb40
  classLoadingSRRef = class com.ibm.wsspi.kernel.service.utils.AtomicServiceReference@77aff654
    referenceName = "classLoadingService"
    tuple = class java.util.concurrent.atomic.AtomicReference@34d28233
      serialVersionUID = "/* Could not access serialVersionUID */"
      VALUE = "/* Could not access VALUE */"
      value = "/* Could not access value */"
    serialVersionUID = 2226592364007985000
    $$$tc$$$ = class com.ibm.websphere.ras.TraceComponent@7edfb40
  ejbServices = class com.ibm.wsspi.kernel.service.utils.AtomicServiceReference@7c592fcd
    referenceName = "ejbServices"
    tuple = class java.util.concurrent.atomic.AtomicReference@223951a3
      serialVersionUID = "/* Could not access serialVersionUID */"
      VALUE = "/* Could not access VALUE */"
      value = "/* Could not access value */"
    serialVersionUID = 2226592364007985000
    $$$tc$$$ = class com.ibm.websphere.ras.TraceComponent@7edfb40
  transactionService = class com.ibm.wsspi.kernel.service.utils.AtomicServiceReference@79a29e60
    referenceName = "transactionService"
    tuple = class java.util.concurrent.atomic.AtomicReference@74f92ac4
      serialVersionUID = "/* Could not access serialVersionUID */"
      VALUE = "/* Could not access VALUE */"
      value = "/* Could not access value */"
    serialVersionUID = 2226592364007985000
    $$$tc$$$ = class com.ibm.websphere.ras.TraceComponent@7edfb40
      strings[0] = "TraceComponent[com.ibm.wsspi.kernel.service.utils.AtomicServiceReference,class com.ibm.wsspi.kernel.service.utils.AtomicServiceReference,[kernelUtils],com.ibm.ws.kernel.service.utils.resources.ServiceMessages,null]"
  securityServices = class com.ibm.wsspi.kernel.service.utils.AtomicServiceReference@12ecb189
    referenceName = "securityServices"
    tuple = class java.util.concurrent.atomic.AtomicReference@5ab13df3
      serialVersionUID = "/* Could not access serialVersionUID */"
      VALUE = "/* Could not access VALUE */"
      value = "/* Could not access value */"
    serialVersionUID = 2226592364007985000
    $$$tc$$$ = class com.ibm.websphere.ras.TraceComponent@7edfb40
  extensionsSR = class com.ibm.wsspi.kernel.service.utils.ConcurrentServiceReferenceSet@1a79e8d6
    referenceName = "extensionService"
    contextRef = class java.util.concurrent.atomic.AtomicReference@5f609400
      serialVersionUID = "/* Could not access serialVersionUID */"
      VALUE = "/* Could not access VALUE */"
      value = "/* Could not access value */"
    elementMap = class java.util.LinkedHashMap@7b2050e0
      serialVersionUID = "/* Could not access serialVersionUID */"
      head = "/* Could not access head */"
      tail = "/* Could not access tail */"
      accessOrder = "/* Could not access accessOrder */"
      PUT_NORM = "/* Could not access PUT_NORM */"
      PUT_FIRST = "/* Could not access PUT_FIRST */"
      PUT_LAST = "/* Could not access PUT_LAST */"
      putMode = "/* Could not access putMode */"
      serialVersionUID = "/* Could not access serialVersionUID */"
      DEFAULT_INITIAL_CAPACITY = "/* Could not access DEFAULT_INITIAL_CAPACITY */"
      MAXIMUM_CAPACITY = "/* Could not access MAXIMUM_CAPACITY */"
      DEFAULT_LOAD_FACTOR = "/* Could not access DEFAULT_LOAD_FACTOR */"
      TREEIFY_THRESHOLD = "/* Could not access TREEIFY_THRESHOLD */"
      UNTREEIFY_THRESHOLD = "/* Could not access UNTREEIFY_THRESHOLD */"
      MIN_TREEIFY_CAPACITY = "/* Could not access MIN_TREEIFY_CAPACITY */"
      table = "/* Could not access table */"
      entrySet = "/* Could not access entrySet */"
      size = "/* Could not access size */"
      modCount = "/* Could not access modCount */"
      threshold = "/* Could not access threshold */"
      loadFactor = "/* Could not access loadFactor */"
      keySet = "/* Could not access keySet */"
      values = "/* Could not access values */"
    elementSet = class java.util.concurrent.ConcurrentSkipListSet@6363816f
      serialVersionUID = "/* Could not access serialVersionUID */"
      m = "/* Could not access m */"
    elementSetUnsorted = false
    serialVersionUID = 756240983881166148
    $$$tc$$$ = class com.ibm.websphere.ras.TraceComponent@538ea2c6
      strings[0] = "TraceComponent[com.ibm.wsspi.kernel.service.utils.ConcurrentServiceReferenceSet,class com.ibm.wsspi.kernel.service.utils.ConcurrentServiceReferenceSet,[kernelUtils],com.ibm.ws.kernel.service.utils.resources.ServiceMessages,null]"
  spiExtensionsSR = class com.ibm.wsspi.kernel.service.utils.ConcurrentServiceReferenceSet@2f6b8b13
    referenceName = "spiExtensionService"
    contextRef = class java.util.concurrent.atomic.AtomicReference@33cd8ecf
      serialVersionUID = "/* Could not access serialVersionUID */"
      VALUE = "/* Could not access VALUE */"
      value = "/* Could not access value */"
    elementMap = class java.util.LinkedHashMap@4a136f06
      serialVersionUID = "/* Could not access serialVersionUID */"
      head = "/* Could not access head */"
      tail = "/* Could not access tail */"
      accessOrder = "/* Could not access accessOrder */"
      PUT_NORM = "/* Could not access PUT_NORM */"
      PUT_FIRST = "/* Could not access PUT_FIRST */"
      PUT_LAST = "/* Could not access PUT_LAST */"
      putMode = "/* Could not access putMode */"
      serialVersionUID = "/* Could not access serialVersionUID */"
      DEFAULT_INITIAL_CAPACITY = "/* Could not access DEFAULT_INITIAL_CAPACITY */"
      MAXIMUM_CAPACITY = "/* Could not access MAXIMUM_CAPACITY */"
      DEFAULT_LOAD_FACTOR = "/* Could not access DEFAULT_LOAD_FACTOR */"
      TREEIFY_THRESHOLD = "/* Could not access TREEIFY_THRESHOLD */"
      UNTREEIFY_THRESHOLD = "/* Could not access UNTREEIFY_THRESHOLD */"
      MIN_TREEIFY_CAPACITY = "/* Could not access MIN_TREEIFY_CAPACITY */"
      table = "/* Could not access table */"
      entrySet = "/* Could not access entrySet */"
      size = "/* Could not access size */"
      modCount = "/* Could not access modCount */"
      threshold = "/* Could not access threshold */"
      loadFactor = "/* Could not access loadFactor */"
      keySet = "/* Could not access keySet */"
      values = "/* Could not access values */"
    elementSet = class java.util.concurrent.ConcurrentSkipListSet@3584e7d2
      serialVersionUID = "/* Could not access serialVersionUID */"
      m = "/* Could not access m */"
    elementSetUnsorted = false
    serialVersionUID = 756240983881166148
    $$$tc$$$ = class com.ibm.websphere.ras.TraceComponent@538ea2c6
  containerFactorySRRef = class com.ibm.wsspi.kernel.service.utils.AtomicServiceReference@42d74100
    referenceName = "containerFactory"
    tuple = class java.util.concurrent.atomic.AtomicReference@2443fcfa
      serialVersionUID = "/* Could not access serialVersionUID */"
      VALUE = "/* Could not access VALUE */"
      value = "/* Could not access value */"
    serialVersionUID = 2226592364007985000
    $$$tc$$$ = class com.ibm.websphere.ras.TraceComponent@7edfb40
  adaptableModuleFactorySRRef = class com.ibm.wsspi.kernel.service.utils.AtomicServiceReference@3540c02a
    referenceName = "adaptableModuleFactory"
    tuple = class java.util.concurrent.atomic.AtomicReference@68f993a7
      serialVersionUID = "/* Could not access serialVersionUID */"
      VALUE = "/* Could not access VALUE */"
      value = "/* Could not access value */"
    serialVersionUID = 2226592364007985000
    $$$tc$$$ = class com.ibm.websphere.ras.TraceComponent@7edfb40
  injectionEngineServiceRef = class com.ibm.wsspi.kernel.service.utils.AtomicServiceReference@60aaa10c
    referenceName = "injectionEngine"
    tuple = class java.util.concurrent.atomic.AtomicReference@2f7c2b35
      serialVersionUID = "/* Could not access serialVersionUID */"
      VALUE = "/* Could not access VALUE */"
      value = "/* Could not access value */"
    serialVersionUID = 2226592364007985000
    $$$tc$$$ = class com.ibm.websphere.ras.TraceComponent@7edfb40
  scheduledExecutorServiceRef = class com.ibm.wsspi.kernel.service.utils.AtomicServiceReference@13ea9d19
    referenceName = "scheduledExecutorService"
    tuple = class java.util.concurrent.atomic.AtomicReference@6856c751
      serialVersionUID = "/* Could not access serialVersionUID */"
      VALUE = "/* Could not access VALUE */"
      value = "/* Could not access value */"
    serialVersionUID = 2226592364007985000
    $$$tc$$$ = class com.ibm.websphere.ras.TraceComponent@7edfb40
  executorServiceRef = class com.ibm.wsspi.kernel.service.utils.AtomicServiceReference@6b4d1125
    referenceName = "executorService"
    tuple = class java.util.concurrent.atomic.AtomicReference@61897b8e
      serialVersionUID = "/* Could not access serialVersionUID */"
      VALUE = "/* Could not access VALUE */"
      value = "/* Could not access value */"
    serialVersionUID = 2226592364007985000
    $$$tc$$$ = class com.ibm.websphere.ras.TraceComponent@7edfb40
  managedExecutorServiceRef = class com.ibm.wsspi.kernel.service.utils.AtomicServiceReference@583fddf6
    referenceName = "managedExecutorService"
    tuple = class java.util.concurrent.atomic.AtomicReference@a3feff7
      serialVersionUID = "/* Could not access serialVersionUID */"
      VALUE = "/* Could not access VALUE */"
      value = "/* Could not access value */"
    serialVersionUID = 2226592364007985000
    $$$tc$$$ = class com.ibm.websphere.ras.TraceComponent@7edfb40
  resourceRefConfigFactoryRef = class com.ibm.wsspi.kernel.service.utils.AtomicServiceReference@6d28a53c
    referenceName = "resourceRefConfigFactory"
    tuple = class java.util.concurrent.atomic.AtomicReference@51f6f164
      serialVersionUID = "/* Could not access serialVersionUID */"
      VALUE = "/* Could not access VALUE */"
      value = "/* Could not access value */"
    serialVersionUID = 2226592364007985000
    $$$tc$$$ = class com.ibm.websphere.ras.TraceComponent@7edfb40
  deferredMetaDataFactoryRef = class com.ibm.wsspi.kernel.service.utils.AtomicServiceReference@2aedffd5
    referenceName = "cdiDeferredMetaDataFactoryImpl"
    tuple = class java.util.concurrent.atomic.AtomicReference@6bb6c27c
      serialVersionUID = "/* Could not access serialVersionUID */"
      VALUE = "/* Could not access VALUE */"
      value = "/* Could not access value */"
    serialVersionUID = 2226592364007985000
    $$$tc$$$ = class com.ibm.websphere.ras.TraceComponent@7edfb40
  beansXmlParser = class io.openliberty.cdi40.internal.weld.CDI40BeansXmlParserImpl@29aa1794
    tc = class com.ibm.websphere.ras.TraceComponent@36e9ffc8
      strings[0] = "TraceComponent[io.openliberty.cdi40.internal.weld.CDI40BeansXmlParserImpl,class io.openliberty.cdi40.internal.weld.CDI40BeansXmlParserImpl,[JCDI],com.ibm.ws.cdi.internal.resources.CDI,null]"
    cdiContainerConfig = class io.openliberty.cdi40.internal.weld.CDI40AggregatedConfigurationImpl@62a3aac4
    serialVersionUID = 1591115226053693575
  bceFinder = class io.openliberty.cdi40.internal.weld.CDI40BceFinder@f5caf3a
    BCE_EXTENSION = "jakarta.enterprise.inject.build.compatible.spi.BuildCompatibleExtension"
    META_INF_SERVICES_BCE_EXTENSION = "META-INF/services/jakarta.enterprise.inject.build.compatible.spi.BuildCompatibleExtension"
    WEB_INF_CLASSES_META_INF_SERVICES_BCE_EXTENSION = "WEB-INF/classes/META-INF/services/jakarta.enterprise.inject.build.compatible.spi.BuildCompatibleExtension"
    serialVersionUID = 8570119591201212767
    $$$tc$$$ = class com.ibm.websphere.ras.TraceComponent@7ddec994
      strings[0] = "TraceComponent[io.openliberty.cdi40.internal.weld.CDI40BceFinder,class io.openliberty.cdi40.internal.weld.CDI40BceFinder,[JCDI],com.ibm.ws.cdi.internal.resources.CDI,null]"
  cdiContainerEventManager = class io.openliberty.cdi40.internal.weld.CDI40ContainerEventManagerImpl@2775eaa8
    tc = class com.ibm.websphere.ras.TraceComponent@4ddf85f8
      strings[0] = "TraceComponent[io.openliberty.cdi40.internal.weld.CDI40ContainerEventManagerImpl,class io.openliberty.cdi40.internal.weld.CDI40ContainerEventManagerImpl,[JCDI],com.ibm.ws.cdi.internal.resources.CDI,null]"
    LIBERTY_EE_ENVIRONMENT = class io.openliberty.cdi40.internal.weld.CDI40ContainerEventManagerImpl$LibertyEEEnvironment@20552595
      requiredBeanDeploymentArchiveServices = class java.util.HashSet@5eaf1130
      requiredDeploymentServices = class java.util.HashSet@333878a3
      serialVersionUID = -3640258028692295283
      $$$tc$$$ = class com.ibm.websphere.ras.TraceComponent@6e210162
    serialVersionUID = -4728261810637111019
  weldDevelopmentMode = null
  cdiContainerConfig = class io.openliberty.cdi40.internal.weld.CDI40AggregatedConfigurationImpl@62a3aac4
    serialVersionUID = 2467610951074149464
    $$$tc$$$ = class com.ibm.websphere.ras.TraceComponent@637829c0
      strings[0] = "TraceComponent[io.openliberty.cdi40.internal.weld.CDI40AggregatedConfigurationImpl,class io.openliberty.cdi40.internal.weld.CDI40AggregatedConfigurationImpl,[JCDI],com.ibm.ws.cdi.internal.resources.CDI,null]"
    tc = class com.ibm.websphere.ras.TraceComponent@6cf7ad53
      strings[0] = "TraceComponent[com.ibm.ws.cdi.internal.config.AggregatedConfiguration,class com.ibm.ws.cdi.internal.config.AggregatedConfiguration,[JCDI],com.ibm.ws.cdi.internal.resources.CDI,null]"
    ENABLE_IMPLICIT_BEAN_ARCHIVES = "enableImplicitBeanArchives"
    EMPTY_BEANS_XML_CDI3_COMPATIBILITY = "emptyBeansXmlCDI3Compatibility"
    ENABLE_IMPLICIT_BEAN_ARCHIVES_DEFAULT = true
    EMPTY_BEANS_XML_CDI3_COMPATIBILITY_DEFAULT = false
    cdi12EnableImplicitBeanArchives = null
    cdiEnableImplicitBeanArchives = null
    cdiEmptyBeansXmlCDI3Compatibility = null
    enableImplicitBeanArchives = true
    emptyBeansXmlCDI3Compatibility = false
    serialVersionUID = 2383387866469920840
  extensionArchiveProviders = class java.util.ArrayList@1bcc17b3
    serialVersionUID = "/* Could not access serialVersionUID */"
    DEFAULT_CAPACITY = "/* Could not access DEFAULT_CAPACITY */"
    EMPTY_ELEMENTDATA = "/* Could not access EMPTY_ELEMENTDATA */"
    DEFAULTCAPACITY_EMPTY_ELEMENTDATA = "/* Could not access DEFAULTCAPACITY_EMPTY_ELEMENTDATA */"
    elementData = "/* Could not access elementData */"
    size = "/* Could not access size */"
    modCount = "/* Could not access modCount */"
  extensionArchiveFactories = class java.util.ArrayList@71035e8f
    serialVersionUID = "/* Could not access serialVersionUID */"
    DEFAULT_CAPACITY = "/* Could not access DEFAULT_CAPACITY */"
    EMPTY_ELEMENTDATA = "/* Could not access EMPTY_ELEMENTDATA */"
    DEFAULTCAPACITY_EMPTY_ELEMENTDATA = "/* Could not access DEFAULTCAPACITY_EMPTY_ELEMENTDATA */"
    elementData = "/* Could not access elementData */"
    size = "/* Could not access size */"
    modCount = "/* Could not access modCount */"
  applicationSlot = class com.ibm.ws.runtime.metadata.MetaDataSlotImpl@79abdaad
    id = 0
    destroyed = false
    metadataIntf = class java.lang.Class@287dc695
      ANNOTATION = "/* Could not access ANNOTATION */"
      ENUM = "/* Could not access ENUM */"
      SYNTHETIC = "/* Could not access SYNTHETIC */"
      cachedConstructor = "/* Could not access cachedConstructor */"
      name = "/* Could not access name */"
      module = "/* Could not access module */"
      packageName = "/* Could not access packageName */"
      componentType = "/* Could not access componentType */"
      allPermDomain = "/* Could not access allPermDomain */"
      reflectionData = "/* Could not access reflectionData */"
      classRedefinedCount = "/* Could not access classRedefinedCount */"
      genericInfo = "/* Could not access genericInfo */"
      EMPTY_CLASS_ARRAY = "/* Could not access EMPTY_CLASS_ARRAY */"
      serialVersionUID = "/* Could not access serialVersionUID */"
      serialPersistentFields = "/* Could not access serialPersistentFields */"
      reflectionFactory = "/* Could not access reflectionFactory */"
      enumConstants = "/* Could not access enumConstants */"
      enumConstantDirectory = "/* Could not access enumConstantDirectory */"
      annotationData = "/* Could not access annotationData */"
      annotationType = "/* Could not access annotationType */"
      classValueMap = "/* Could not access classValueMap */"
    manager = class com.ibm.ws.container.service.metadata.internal.ApplicationMetaDataManager@31f84888
      serialVersionUID = 1843747281024490904
      $$$tc$$$ = class com.ibm.websphere.ras.TraceComponent@62839a82
      listeners = class com.ibm.wsspi.kernel.service.utils.ConcurrentServiceReferenceSet@559a1f8d
      metaDataIDs = class com.ibm.ws.container.service.metadata.internal.IndexList@654819d
      metaDatas = class java.util.ArrayList@12983756
      slotIDs = class com.ibm.ws.container.service.metadata.internal.IndexList@73fab00a
      serialVersionUID = 5464421863354792977
      $$$tc$$$ = class com.ibm.websphere.ras.TraceComponent@18e609b3
    bundle = class org.eclipse.osgi.internal.framework.EquinoxBundle@16ab372d
      equinoxContainer = class org.eclipse.osgi.internal.framework.EquinoxContainer@691bd685
      module = class org.eclipse.osgi.internal.framework.EquinoxBundle$EquinoxModule@4bec35f7
      monitor = class java.lang.Object@55d0c9ba
      context = class org.eclipse.osgi.internal.framework.BundleContextImpl@6348c6a6
      signedContent = null
      $SWITCH_TABLE$org$eclipse$osgi$container$Module$State = {1,2,3,4,5,6,7} /* array length = 7 */
  isClientProcess = false
  runtimeFactory = class com.ibm.ws.cdi.internal.archive.liberty.RuntimeFactory@3a122f0a
    services = class com.ibm.ws.cdi.liberty.CDIRuntimeImpl@129688ff
    applications = class java.util.concurrent.ConcurrentHashMap@7dd10d35
      serialVersionUID = "/* Could not access serialVersionUID */"
      MAXIMUM_CAPACITY = "/* Could not access MAXIMUM_CAPACITY */"
      DEFAULT_CAPACITY = "/* Could not access DEFAULT_CAPACITY */"
      MAX_ARRAY_SIZE = "/* Could not access MAX_ARRAY_SIZE */"
      DEFAULT_CONCURRENCY_LEVEL = "/* Could not access DEFAULT_CONCURRENCY_LEVEL */"
      LOAD_FACTOR = "/* Could not access LOAD_FACTOR */"
      TREEIFY_THRESHOLD = "/* Could not access TREEIFY_THRESHOLD */"
      UNTREEIFY_THRESHOLD = "/* Could not access UNTREEIFY_THRESHOLD */"
      MIN_TREEIFY_CAPACITY = "/* Could not access MIN_TREEIFY_CAPACITY */"
      MIN_TRANSFER_STRIDE = "/* Could not access MIN_TRANSFER_STRIDE */"
      RESIZE_STAMP_BITS = "/* Could not access RESIZE_STAMP_BITS */"
      MAX_RESIZERS = "/* Could not access MAX_RESIZERS */"
      RESIZE_STAMP_SHIFT = "/* Could not access RESIZE_STAMP_SHIFT */"
      MOVED = "/* Could not access MOVED */"
      TREEBIN = "/* Could not access TREEBIN */"
      RESERVED = "/* Could not access RESERVED */"
      HASH_BITS = "/* Could not access HASH_BITS */"
      NCPU = "/* Could not access NCPU */"
      serialPersistentFields = "/* Could not access serialPersistentFields */"
      table = "/* Could not access table */"
      nextTable = "/* Could not access nextTable */"
      baseCount = "/* Could not access baseCount */"
      sizeCtl = "/* Could not access sizeCtl */"
      transferIndex = "/* Could not access transferIndex */"
      cellsBusy = "/* Could not access cellsBusy */"
      counterCells = "/* Could not access counterCells */"
      keySet = "/* Could not access keySet */"
      values = "/* Could not access values */"
      entrySet = "/* Could not access entrySet */"
      U = "/* Could not access U */"
      SIZECTL = "/* Could not access SIZECTL */"
      TRANSFERINDEX = "/* Could not access TRANSFERINDEX */"
      BASECOUNT = "/* Could not access BASECOUNT */"
      CELLSBUSY = "/* Could not access CELLSBUSY */"
      CELLVALUE = "/* Could not access CELLVALUE */"
      ABASE = "/* Could not access ABASE */"
      ASHIFT = "/* Could not access ASHIFT */"
      keySet = "/* Could not access keySet */"
      values = "/* Could not access values */"
    serialVersionUID = -4454616462077940377
    $$$tc$$$ = class com.ibm.websphere.ras.TraceComponent@7a3adeab
      strings[0] = "TraceComponent[com.ibm.ws.cdi.internal.archive.liberty.RuntimeFactory,class com.ibm.ws.cdi.internal.archive.liberty.RuntimeFactory,[JCDI],com.ibm.ws.cdi.internal.resources.CDI,null]"
  proxyServices = class com.ibm.ws.cdi.proxy.ProxyServicesImpl@1dbf96c2
    SUPPRESS_ACCESS_CHECKS_PERMISSION = class java.lang.reflect.ReflectPermission@65e8a0f0
      serialVersionUID = "/* Could not access serialVersionUID */"
      serialVersionUID = "/* Could not access serialVersionUID */"
      wildcard = "/* Could not access wildcard */"
      path = "/* Could not access path */"
      exitVM = "/* Could not access exitVM */"
      serialVersionUID = "/* Could not access serialVersionUID */"
      name = "/* Could not access name */"
    DECLARED_MEMBERS_PERMISSION = class java.lang.RuntimePermission@774071e8
      serialVersionUID = "/* Could not access serialVersionUID */"
      serialVersionUID = "/* Could not access serialVersionUID */"
      wildcard = "/* Could not access wildcard */"
      path = "/* Could not access path */"
      exitVM = "/* Could not access exitVM */"
      serialVersionUID = "/* Could not access serialVersionUID */"
      name = "/* Could not access name */"
    GET_CLASS_LOADER_PERMISSION = class java.lang.RuntimePermission@2a38e85e
      serialVersionUID = "/* Could not access serialVersionUID */"
      serialVersionUID = "/* Could not access serialVersionUID */"
      wildcard = "/* Could not access wildcard */"
      path = "/* Could not access path */"
      exitVM = "/* Could not access exitVM */"
      serialVersionUID = "/* Could not access serialVersionUID */"
      name = "/* Could not access name */"
    WELD_PACKAGES = class org.eclipse.osgi.util.ManifestElement[1]
      ManifestElement[0] = class org.eclipse.osgi.util.ManifestElement@7f73de19
    CLASS_LOADER_FOR_SYSTEM_CLASSES = class org.eclipse.osgi.internal.loader.EquinoxClassLoader@72626fa7
      EQUINOX_REGISTERED_AS_PARALLEL = true
      configuration = class org.eclipse.osgi.internal.framework.EquinoxConfiguration@6dddcfcb
      debug = class org.eclipse.osgi.internal.debug.Debug@4bdd75d1
      delegate = class org.eclipse.osgi.internal.loader.BundleLoader@3b50e169
      generation = class org.eclipse.osgi.storage.BundleInfo$Generation@3c7f66c4
      manager = class org.eclipse.osgi.internal.loader.classpath.ClasspathManager@562ed5e3
      isRegisteredAsParallel = true
      ALLPERMISSIONS = class java.security.AllPermissionCollection@550efb7a
      REGISTERED_AS_PARALLEL = true
      classNameLocks = class java.util.HashMap@75dd7ff7
      pkgLock = class java.lang.Object@493a938c
    loaderMap = class com.ibm.ws.cdi.proxy.ProxyServicesImpl$1@2a94fabb
      this$0 = class com.ibm.ws.cdi.proxy.ProxyServicesImpl@1dbf96c2
      serialVersionUID = 7414824288598027114
      $$$tc$$$ = class com.ibm.websphere.ras.TraceComponent@1fee5730
      EMPTY_CACHE = "/* Could not access EMPTY_CACHE */"
      hashCodeForCache = "/* Could not access hashCodeForCache */"
      nextHashCode = "/* Could not access nextHashCode */"
      HASH_INCREMENT = "/* Could not access HASH_INCREMENT */"
      HASH_MASK = "/* Could not access HASH_MASK */"
      identity = "/* Could not access identity */"
      version = "/* Could not access version */"
      CRITICAL_SECTION = "/* Could not access CRITICAL_SECTION */"
      UNSAFE = "/* Could not access UNSAFE */"
    serialVersionUID = -5246223089013259243
    $$$tc$$$ = class com.ibm.websphere.ras.TraceComponent@13f83c7b
      strings[0] = "TraceComponent[com.ibm.ws.cdi.proxy.ProxyServicesImpl,class com.ibm.ws.cdi.proxy.ProxyServicesImpl,[],null,null]"
  serialVersionUID = 7930911400118500928
  cdiContainer = class com.ibm.ws.cdi.impl.CDIContainerImpl@3773795d
    tc = class com.ibm.websphere.ras.TraceComponent@280c1bb8
      strings[0] = "TraceComponent[com.ibm.ws.cdi.impl.CDIContainerImpl,class com.ibm.ws.cdi.impl.CDIContainerImpl,[JCDI],com.ibm.ws.cdi.internal.resources.CDI,null]"
    CLASSLOADER = class org.eclipse.osgi.internal.loader.EquinoxClassLoader@2b7f7fc9
      EQUINOX_REGISTERED_AS_PARALLEL = true
      configuration = class org.eclipse.osgi.internal.framework.EquinoxConfiguration@6dddcfcb
      debug = class org.eclipse.osgi.internal.debug.Debug@4bdd75d1
      delegate = class org.eclipse.osgi.internal.loader.BundleLoader@7699af8f
      generation = class org.eclipse.osgi.storage.BundleInfo$Generation@ffaa6af
      manager = class org.eclipse.osgi.internal.loader.classpath.ClasspathManager@54e390a8
      isRegisteredAsParallel = true
      ALLPERMISSIONS = class java.security.AllPermissionCollection@550efb7a
      REGISTERED_AS_PARALLEL = true
      classNameLocks = class java.util.HashMap@7923fe5
      pkgLock = class java.lang.Object@214ea5fd
    EXTENSION_API_CLASSES = "api.classes"
    EXTENSION_BEAN_DEFINING_ANNOTATIONS = "bean.defining.annotations"
    EXTENSION_APP_BDAS_VISIBLE = "application.bdas.visible"
    EXTENSION_CLASSES_ONLY_MODE = "extension.classes.only"
    EXTENSION_API_CLASSES_SEPARATOR = ";"
    runtimeExtensionMap = class java.util.HashMap@3b7475ee
      serialVersionUID = "/* Could not access serialVersionUID */"
      DEFAULT_INITIAL_CAPACITY = "/* Could not access DEFAULT_INITIAL_CAPACITY */"
      MAXIMUM_CAPACITY = "/* Could not access MAXIMUM_CAPACITY */"
      DEFAULT_LOAD_FACTOR = "/* Could not access DEFAULT_LOAD_FACTOR */"
      TREEIFY_THRESHOLD = "/* Could not access TREEIFY_THRESHOLD */"
      UNTREEIFY_THRESHOLD = "/* Could not access UNTREEIFY_THRESHOLD */"
      MIN_TREEIFY_CAPACITY = "/* Could not access MIN_TREEIFY_CAPACITY */"
      table = "/* Could not access table */"
      entrySet = "/* Could not access entrySet */"
      size = "/* Could not access size */"
      modCount = "/* Could not access modCount */"
      threshold = "/* Could not access threshold */"
      loadFactor = "/* Could not access loadFactor */"
      keySet = "/* Could not access keySet */"
      values = "/* Could not access values */"
    probeExtensionArchive = null
    currentDeployment = class java.lang.ThreadLocal@759fd436
      TRACE_VTHREAD_LOCALS = "/* Could not access TRACE_VTHREAD_LOCALS */"
      threadLocalHashCode = "/* Could not access threadLocalHashCode */"
      nextHashCode = "/* Could not access nextHashCode */"
      HASH_INCREMENT = "/* Could not access HASH_INCREMENT */"
      $assertionsDisabled = "/* Could not access $assertionsDisabled */"
    cdiRuntime = class com.ibm.ws.cdi.liberty.CDIRuntimeImpl@129688ff
    WELD_DISABLE_BEANSXML_VALIDATING = "org.jboss.weld.xml.disableValidating"
    serialVersionUID = 4644788022379001770
  serialVersionUID = 7975911090376029176
  $$$tc$$$ = class com.ibm.websphere.ras.TraceComponent@4c419d70
    strings[0] = "TraceComponent[com.ibm.ws.cdi.impl.AbstractCDIRuntime,class com.ibm.ws.cdi.impl.AbstractCDIRuntime,[JCDI],com.ibm.ws.cdi.internal.resources.CDI,null]"

Dump of objectArray[0]
Object type = com.ibm.ws.container.service.app.deploy.internal.ApplicationInfoImpl
  appName = "g-note"
  appMetaData = class com.ibm.ws.container.service.app.deploy.internal.ApplicationMetaDataImpl@6645f35
    j2eeName = class com.ibm.ws.container.service.metadata.internal.J2EENameImpl@12d4d5d6
      serialVersionUID = 7488184044073147667
      application = "g-note"
      module = null
      component = null
      string = "g-note"
      j2eeNameBytes = null
      $$$tc$$$ = class com.ibm.websphere.ras.TraceComponent@648503ec
    serialVersionUID = -7906531148367236579
    $$$tc$$$ = class com.ibm.websphere.ras.TraceComponent@79f4b218
      strings[0] = "TraceComponent[com.ibm.ws.container.service.app.deploy.internal.ApplicationMetaDataImpl,class com.ibm.ws.container.service.app.deploy.internal.ApplicationMetaDataImpl,[container.service],com.ibm.ws.container.service.resources.Messages,null]"
    tc = class com.ibm.websphere.ras.TraceComponent@71d0fc55
      strings[0] = "TraceComponent[com.ibm.ws.runtime.metadata.MetaDataImpl,class com.ibm.ws.runtime.metadata.MetaDataImpl,[Runtime],null,null]"
    NUM_STATIC_SLOTS = 4
    ID_UNINITIALIZED = -1
    id = 0
    metaDataInterface = class java.lang.Class@287dc695
      ANNOTATION = "/* Could not access ANNOTATION */"
      ENUM = "/* Could not access ENUM */"
      SYNTHETIC = "/* Could not access SYNTHETIC */"
      cachedConstructor = "/* Could not access cachedConstructor */"
      name = "/* Could not access name */"
      module = "/* Could not access module */"
      packageName = "/* Could not access packageName */"
      componentType = "/* Could not access componentType */"
      allPermDomain = "/* Could not access allPermDomain */"
      reflectionData = "/* Could not access reflectionData */"
      classRedefinedCount = "/* Could not access classRedefinedCount */"
      genericInfo = "/* Could not access genericInfo */"
      EMPTY_CLASS_ARRAY = "/* Could not access EMPTY_CLASS_ARRAY */"
      serialVersionUID = "/* Could not access serialVersionUID */"
      serialPersistentFields = "/* Could not access serialPersistentFields */"
      reflectionFactory = "/* Could not access reflectionFactory */"
      enumConstants = "/* Could not access enumConstants */"
      enumConstantDirectory = "/* Could not access enumConstantDirectory */"
      annotationData = "/* Could not access annotationData */"
      annotationType = "/* Could not access annotationType */"
      classValueMap = "/* Could not access classValueMap */"
    staticSlots = class java.lang.Object[4]
      Object[0] = class com.ibm.ws.cdi.impl.weld.WebSphereCDIDeploymentImpl@3beb9e0f
      Object[1] = class com.ibm.ws.injectionengine.osgi.internal.OSGiInjectionScopeData@254091b0
      Object[2] = null
      Object[3] = null
    dynamicSlots = class java.lang.Object[4]
      Object[0] = null
      Object[1] = "g-note"
      Object[2] = null
      Object[3] = null
  appContainer = class com.ibm.ws.adaptable.module.internal.AdaptableContainerImpl@25780b5b
    root = class com.ibm.ws.adaptable.module.internal.AdaptableContainerImpl@25780b5b
    rootOverlay = class com.ibm.ws.artifact.overlay.internal.DirectoryBasedOverlayContainerImpl@f7b8601
      tc = class com.ibm.websphere.ras.TraceComponent@46aab60a
      base = class com.ibm.ws.artifact.loose.internal.LooseArchive@36dcba8
      maskSet = class java.util.HashSet@657279b
      cfHolder = class com.ibm.ws.artifact.overlay.internal.OverlayContainerFactoryImpl@1419d7fe
      fileOverlayContainer = class com.ibm.ws.artifact.file.internal.FileContainer@378f514e
      overlayDirectory = class java.io.File@73e5483
      cacheDirForOverlay = class java.io.File@6ae3ef47
      overlayNotifier = class com.ibm.ws.artifact.overlay.internal.DirectoryBasedOverlayNotifier@39911f00
      enclosingContainer = null
      entryInEnclosingContainer = null
      nestedOverlays = class java.util.concurrent.ConcurrentHashMap@5537667f
      cacheStore = class com.ibm.ws.artifact.overlay.internal.OverlayCache@18ff48b6
      parentOverlay = null
      isPassThroughMode = true
      serialVersionUID = -8445278173803874173
    factoryHolder = class com.ibm.ws.adaptable.module.internal.AdaptableModuleFactoryImpl@2e0db882
      adapterFactoryService = class com.ibm.ws.adaptable.module.internal.AdapterFactoryServiceImpl@114c415c
      containerFactory = class com.ibm.ws.artifact.internal.ArtifactContainerFactoryService@2016cc33
      overlayContainerFactory = class com.ibm.ws.artifact.overlay.internal.OverlayContainerFactoryImpl@1419d7fe
      serialVersionUID = 4200251809856292987
      $$$tc$$$ = class com.ibm.websphere.ras.TraceComponent@1e82a7d6
    delegate = class com.ibm.ws.artifact.overlay.internal.DirectoryBasedOverlayContainerImpl@f7b8601
    notifier = class com.ibm.ws.adaptable.module.internal.NotifierImpl@64fabba3
      root = class com.ibm.ws.adaptable.module.internal.AdaptableContainerImpl@25780b5b
      delegateNotifier = class com.ibm.ws.artifact.overlay.internal.DirectoryBasedOverlayNotifier@39911f00
      delegateRoot = class com.ibm.ws.artifact.overlay.internal.DirectoryBasedOverlayContainerImpl@f7b8601
      listenerDelegates = class java.util.HashMap@3310622e
      serialVersionUID = 6839382523957017880
      $$$tc$$$ = class com.ibm.websphere.ras.TraceComponent@5b4486cf
    serialVersionUID = -5950528200509051684
    $$$tc$$$ = class com.ibm.websphere.ras.TraceComponent@2997c463
      strings[0] = "TraceComponent[com.ibm.ws.adaptable.module.internal.AdaptableContainerImpl,class com.ibm.ws.adaptable.module.internal.AdaptableContainerImpl,[archive.adaptable],null,null]"
  configHelper = class com.ibm.ws.app.manager.module.ApplicationNestedConfigHelper@699fbbe9
    appInfo = class com.ibm.ws.app.manager.internal.ApplicationInstallInfo@54594888
    serialVersionUID = -3174031738676705046
    $$$tc$$$ = class com.ibm.websphere.ras.TraceComponent@2340f617
      strings[0] = "TraceComponent[com.ibm.ws.app.manager.module.ApplicationNestedConfigHelper,class com.ibm.ws.app.manager.module.ApplicationNestedConfigHelper,[applications, app.manager],null,null]"
  applicationInformation = class com.ibm.ws.app.manager.internal.ApplicationInstallInfo@54594888
    _config = class com.ibm.ws.app.manager.internal.ApplicationConfig@3c3a195e
      tc = class com.ibm.websphere.ras.TraceComponent@5225c733
      _configPid = "com.ibm.ws.app.manager_0"
      _config = class com.ibm.ws.config.admin.ConfigurationDictionary@66cae432
      _applicationManager = class com.ibm.ws.app.manager.ApplicationManager@57dc7ceb
      _location = "g-note.war"
      _type = "war"
      _name = "g-note"
      _notificationBroadcasterSupport = class javax.management.NotificationBroadcasterSupport@30209bf9
      ONE_TIME_JANDEX_MSGS_DISPLAYED = true
      serialVersionUID = -2151423388299667431
    _handlerInfo = class java.util.concurrent.atomic.AtomicReference@8f4016a
      serialVersionUID = "/* Could not access serialVersionUID */"
      VALUE = "/* Could not access VALUE */"
      value = "/* Could not access value */"
    _container = class java.util.concurrent.atomic.AtomicReference@5328daf7
      serialVersionUID = "/* Could not access serialVersionUID */"
      VALUE = "/* Could not access VALUE */"
      value = "/* Could not access value */"
    _resolvedLocation = class java.util.concurrent.atomic.AtomicReference@393ffd4b
      serialVersionUID = "/* Could not access serialVersionUID */"
      VALUE = "/* Could not access VALUE */"
      value = "/* Could not access value */"
    _handler = class com.ibm.ws.app.manager.war.internal.WARApplicationHandlerImpl@5523e3db
      futureMonitor = class com.ibm.ws.threading.internal.FutureMonitorImpl@2e15fc55
      deployedAppFactory = class com.ibm.ws.app.manager.war.internal.WARDeployedAppInfoFactoryImpl@38e7ab1d
      serialVersionUID = 4622845147410944782
      $$$tc$$$ = class com.ibm.websphere.ras.TraceComponent@224994b5
    _ami = class java.util.concurrent.atomic.AtomicReference@7df45744
      serialVersionUID = "/* Could not access serialVersionUID */"
      VALUE = "/* Could not access VALUE */"
      value = "/* Could not access value */"
    _updateHandler = class com.ibm.ws.app.manager.internal.statemachine.ApplicationStateMachineImpl@681ed56f
      _tc = class com.ibm.websphere.ras.TraceComponent@4c964d69
      EMPTY_FUTURE_ARRAY = interface java.util.concurrent.Future[0]
      asmSequenceNumber = class java.util.concurrent.atomic.AtomicLong@53679a30
      _qscaCounter = class java.util.concurrent.atomic.AtomicInteger@4586a33b
      _failedThrowable = null
      _interruptibleLock = class com.ibm.ws.app.manager.internal.statemachine.ApplicationStateMachineImpl$2@1ffa2a52
      _interruptible = false
      _performingQueuedActions = true
      _queuedActions = class java.util.concurrent.ConcurrentLinkedQueue@2c55e4bb
      _callbackState = class java.util.concurrent.atomic.AtomicReference@430c4d1b
      blockAppStartingFutures = class java.util.Collections$SetFromMap@33e3b13a
      waitingForAppHandlerFuture = class java.util.concurrent.atomic.AtomicReference@7d05b5ae
      waitingForExplicitStartFuture = class java.util.concurrent.atomic.AtomicReference@7ef6e689
      startAfterFutures = class java.util.Collections$SetFromMap@5f3318d9
      completionListener = class java.util.concurrent.atomic.AtomicReference@71f70864
      _notifyAppStopped = class java.util.concurrent.ConcurrentLinkedQueue@218f6b31
      _notifyAppStarting = class java.util.concurrent.ConcurrentLinkedQueue@68841327
      _notifyAppInstallCalled = class java.util.concurrent.ConcurrentLinkedQueue@2f363b3e
      _notifyAppStarted = class java.util.concurrent.ConcurrentLinkedQueue@664ba294
      _notifyAppRemoved = class java.util.concurrent.ConcurrentLinkedQueue@3c478b8f
      _stateLock = class com.ibm.ws.app.manager.internal.statemachine.ApplicationStateMachineImpl$3@7412ba0b
      _internalState = class java.util.concurrent.atomic.AtomicReference@6a63907c
      _currentAction = class java.util.concurrent.atomic.AtomicReference@5187d0a6
      _rfa = class java.util.concurrent.atomic.AtomicReference@519c32ea
      _appInstallInfo = class java.util.concurrent.atomic.AtomicReference@30bf1830
      _update = class java.util.concurrent.atomic.AtomicBoolean@46a99e2b
      _appConfig = class java.util.concurrent.atomic.AtomicReference@29c474b8
      _nextAppConfig = class java.util.concurrent.atomic.AtomicReference@197f1808
      _appContainer = class java.util.concurrent.atomic.AtomicReference@5149ed8f
      _resolvedLocation = class java.util.concurrent.atomic.AtomicReference@5b1b694b
      _handler = class java.util.concurrent.atomic.AtomicReference@5170a724
      _asmSeqNo = 0
      _ctx = class org.eclipse.osgi.internal.framework.BundleContextImpl@73886355
      _locAdmin = class com.ibm.ws.kernel.service.location.internal.WsLocationAdminImpl@30ae5a5a
      _futureMonitor = class com.ibm.ws.threading.internal.FutureMonitorImpl@2e15fc55
      _artifactFactory = class com.ibm.ws.artifact.internal.ArtifactContainerFactoryService@2016cc33
      _moduleFactory = class com.ibm.ws.adaptable.module.internal.AdaptableModuleFactoryImpl@2e0db882
      _executorService = class com.ibm.ws.threading.internal.ExecutorServiceImpl@32e4a433
      _scheduledExecutorService = class com.ibm.ws.threading.internal.ScheduledExecutorImpl@572d65fe
      _asmHelper = class com.ibm.ws.app.manager.internal.ApplicationConfigurator$NamedApplication@30f274ae
      _appMonitor = class com.ibm.ws.app.manager.internal.monitor.ApplicationMonitor@2e4499ed
      _configurator = class com.ibm.ws.app.manager.internal.ApplicationConfigurator@29a342b7
      enterStateCalled = class java.util.concurrent.atomic.AtomicBoolean@7a595286
      serialVersionUID = 4458043999335554711
      serialVersionUID = -8760483717533387753
      $$$tc$$$ = class com.ibm.websphere.ras.TraceComponent@4949b579
    serialVersionUID = 2630639237123415755
    $$$tc$$$ = class com.ibm.websphere.ras.TraceComponent@42e73587
      strings[0] = "TraceComponent[com.ibm.ws.app.manager.internal.ApplicationInstallInfo,class com.ibm.ws.app.manager.internal.ApplicationInstallInfo,[applications, app.manager],com.ibm.ws.app.manager.internal.resources.AppManagerMessages,null]"
  serialVersionUID = 5227817860647895780
  $$$tc$$$ = class com.ibm.websphere.ras.TraceComponent@32ea7fd0
    strings[0] = "TraceComponent[com.ibm.ws.container.service.app.deploy.internal.ApplicationInfoImpl,class com.ibm.ws.container.service.app.deploy.internal.ApplicationInfoImpl,[container.service],com.ibm.ws.container.service.resources.Messages,null]"

