------Start of DE processing------ = [03/03/2024 19:51:25:869 WEST]
Exception = java.sql.SQLDataException
Source = com.ibm.ws.rsadapter.jdbc.WSJdbcResultSet.getLong
probeid = 1509
Stack Dump = java.sql.SQLDataException: Cannot determine value type from string 'hind'
	at com.mysql.cj.jdbc.exceptions.SQLError.createSQLException(SQLError.java:115)
	at com.mysql.cj.jdbc.exceptions.SQLError.createSQLException(SQLError.java:98)
	at com.mysql.cj.jdbc.exceptions.SQLError.createSQLException(SQLError.java:90)
	at com.mysql.cj.jdbc.exceptions.SQLError.createSQLException(SQLError.java:64)
	at com.mysql.cj.jdbc.exceptions.SQLError.createSQLException(SQLError.java:74)
	at com.mysql.cj.jdbc.exceptions.SQLExceptionsMapping.translateException(SQLExceptionsMapping.java:96)
	at com.mysql.cj.jdbc.result.ResultSetImpl.getObject(ResultSetImpl.java:1356)
	at com.mysql.cj.jdbc.result.ResultSetImpl.getLong(ResultSetImpl.java:852)
	at com.ibm.ws.rsadapter.jdbc.WSJdbcResultSet.getLong(WSJdbcResultSet.java:1119)
	at estm.dsic.jee.rest.dao.UserDao.auth(UserDao.java:48)
	at estm.dsic.jee.rest.dao.UserDao$Proxy$_$$_WeldClientProxy.auth(Unknown Source)
	at estm.dsic.jee.rest.controllers.UserController.auth(UserController.java:26)
	at java.base/jdk.internal.reflect.DirectMethodHandleAccessor.invoke(DirectMethodHandleAccessor.java:103)
	at java.base/java.lang.reflect.Method.invoke(Method.java:580)
	at org.jboss.resteasy.core.MethodInjectorImpl.invoke(MethodInjectorImpl.java:170)
	at org.jboss.resteasy.core.MethodInjectorImpl.invoke(MethodInjectorImpl.java:130)
	at org.jboss.resteasy.core.ResourceMethodInvoker.internalInvokeOnTarget(ResourceMethodInvoker.java:660)
	at org.jboss.resteasy.core.ResourceMethodInvoker.invokeOnTargetAfterFilter(ResourceMethodInvoker.java:524)
	at org.jboss.resteasy.core.ResourceMethodInvoker.lambda$invokeOnTarget$2(ResourceMethodInvoker.java:474)
	at org.jboss.resteasy.core.interception.jaxrs.PreMatchContainerRequestContext.filter(PreMatchContainerRequestContext.java:434)
	at org.jboss.resteasy.core.ResourceMethodInvoker.invokeOnTarget(ResourceMethodInvoker.java:476)
	at org.jboss.resteasy.core.ResourceMethodInvoker.invoke(ResourceMethodInvoker.java:434)
	at org.jboss.resteasy.core.ResourceMethodInvoker.invoke(ResourceMethodInvoker.java:408)
	at org.jboss.resteasy.core.ResourceMethodInvoker.invoke(ResourceMethodInvoker.java:69)
	at org.jboss.resteasy.core.SynchronousDispatcher.invoke(SynchronousDispatcher.java:492)
	at org.jboss.resteasy.core.SynchronousDispatcher.lambda$invoke$4(SynchronousDispatcher.java:261)
	at org.jboss.resteasy.core.SynchronousDispatcher.lambda$preprocess$0(SynchronousDispatcher.java:161)
	at org.jboss.resteasy.core.interception.jaxrs.PreMatchContainerRequestContext.filter(PreMatchContainerRequestContext.java:434)
	at org.jboss.resteasy.core.SynchronousDispatcher.preprocess(SynchronousDispatcher.java:164)
	at org.jboss.resteasy.core.SynchronousDispatcher.invoke(SynchronousDispatcher.java:247)
	at org.jboss.resteasy.plugins.server.servlet.ServletContainerDispatcher.service(ServletContainerDispatcher.java:255)
	at org.jboss.resteasy.plugins.server.servlet.HttpServletDispatcher.service(HttpServletDispatcher.java:60)
	at org.jboss.resteasy.plugins.server.servlet.HttpServletDispatcher.service(HttpServletDispatcher.java:55)
	at jakarta.servlet.http.HttpServlet.service(HttpServlet.java:614)
	at com.ibm.ws.webcontainer.servlet.ServletWrapper.service(ServletWrapper.java:1260)
	at com.ibm.ws.webcontainer.servlet.ServletWrapper.handleRequest(ServletWrapper.java:748)
	at com.ibm.ws.webcontainer.servlet.ServletWrapper.handleRequest(ServletWrapper.java:445)
	at com.ibm.ws.webcontainer.filter.WebAppFilterChain.invokeTarget(WebAppFilterChain.java:197)
	at com.ibm.ws.webcontainer.filter.WebAppFilterChain.doFilter(WebAppFilterChain.java:100)
	at com.ibm.ws.security.jaspi.JaspiServletFilter.doFilter(JaspiServletFilter.java:58)
	at com.ibm.ws.webcontainer.filter.FilterInstanceWrapper.doFilter(FilterInstanceWrapper.java:203)
	at com.ibm.ws.webcontainer.filter.WebAppFilterChain.doFilter(WebAppFilterChain.java:93)
	at com.ibm.ws.webcontainer.filter.WebAppFilterManager.doFilter(WebAppFilterManager.java:1068)
	at com.ibm.ws.webcontainer.filter.WebAppFilterManager.invokeFilters(WebAppFilterManager.java:1259)
	at com.ibm.ws.webcontainer.webapp.WebApp.handleRequest(WebApp.java:5076)
	at com.ibm.ws.webcontainer.osgi.DynamicVirtualHost$2.handleRequest(DynamicVirtualHost.java:328)
	at com.ibm.ws.webcontainer.WebContainer.handleRequest(WebContainer.java:1038)
	at com.ibm.ws.webcontainer.osgi.DynamicVirtualHost$2.run(DynamicVirtualHost.java:293)
	at com.ibm.ws.http.dispatcher.internal.channel.HttpDispatcherLink$TaskWrapper.run(HttpDispatcherLink.java:1260)
	at com.ibm.ws.http.dispatcher.internal.channel.HttpDispatcherLink.wrapHandlerAndExecute(HttpDispatcherLink.java:476)
	at com.ibm.ws.http.dispatcher.internal.channel.HttpDispatcherLink.ready(HttpDispatcherLink.java:435)
	at com.ibm.ws.http.channel.internal.inbound.HttpInboundLink.handleDiscrimination(HttpInboundLink.java:569)
	at com.ibm.ws.http.channel.internal.inbound.HttpInboundLink.handleNewRequest(HttpInboundLink.java:503)
	at com.ibm.ws.http.channel.internal.inbound.HttpInboundLink.processRequest(HttpInboundLink.java:363)
	at com.ibm.ws.http.channel.internal.inbound.HttpInboundLink.ready(HttpInboundLink.java:330)
	at com.ibm.ws.tcpchannel.internal.NewConnectionInitialReadCallback.sendToDiscriminators(NewConnectionInitialReadCallback.java:169)
	at com.ibm.ws.tcpchannel.internal.NewConnectionInitialReadCallback.complete(NewConnectionInitialReadCallback.java:77)
	at com.ibm.ws.tcpchannel.internal.WorkQueueManager.requestComplete(WorkQueueManager.java:516)
	at com.ibm.ws.tcpchannel.internal.WorkQueueManager.attemptIO(WorkQueueManager.java:586)
	at com.ibm.ws.tcpchannel.internal.WorkQueueManager.workerRun(WorkQueueManager.java:970)
	at com.ibm.ws.tcpchannel.internal.WorkQueueManager$Worker.run(WorkQueueManager.java:1059)
	at com.ibm.ws.threading.internal.ExecutorServiceImpl$RunnableWrapper.run(ExecutorServiceImpl.java:280)
	at java.base/java.util.concurrent.ThreadPoolExecutor.runWorker(ThreadPoolExecutor.java:1144)
	at java.base/java.util.concurrent.ThreadPoolExecutor$Worker.run(ThreadPoolExecutor.java:642)
	at java.base/java.lang.Thread.run(Thread.java:1583)
Caused by: com.mysql.cj.exceptions.DataConversionException: Cannot determine value type from string 'hind'
	at com.mysql.cj.result.AbstractNumericValueFactory.createFromBytes(AbstractNumericValueFactory.java:65)
	at com.mysql.cj.protocol.a.MysqlTextValueDecoder.decodeByteArray(MysqlTextValueDecoder.java:159)
	at com.mysql.cj.protocol.result.AbstractResultsetRow.decodeAndCreateReturnValue(AbstractResultsetRow.java:136)
	at com.mysql.cj.protocol.result.AbstractResultsetRow.getValueFromBytes(AbstractResultsetRow.java:244)
	at com.mysql.cj.protocol.a.result.ByteArrayRow.getValue(ByteArrayRow.java:91)
	at com.mysql.cj.jdbc.result.ResultSetImpl.getObject(ResultSetImpl.java:1266)
	... 58 more

Dump of callerThis
Object type = com.ibm.ws.rsadapter.jdbc.v42.WSJdbc42ResultSet
  strings[0] = "_______________________________________________________________________"
  strings[1] = ""
  strings[2] = "    First Failure Data Capture information for"
  strings[3] = "          com.ibm.ws.rsadapter.jdbc.v42.WSJdbc42ResultSet@18514ea6"
  strings[4] = "_______________________________________________________________________"
  strings[5] = ""
  strings[6] = "com.ibm.ws.rsadapter.jdbc.v42.WSJdbc42ResultSet@18514ea6
"
  strings[7] = "Underlying ResultSet: com.mysql.cj.jdbc.result.ResultSetImpl@6a6ae25d"
  strings[8] = "  com.mysql.cj.jdbc.result.ResultSetImpl@6a6ae25d
"
  strings[9] = "Wrapper State: "
  strings[10] = "  ACTIVE
"
  strings[11] = "Parent wrapper:"
  strings[12] = "  com.ibm.ws.rsadapter.jdbc.v42.WSJdbc42PreparedStatement@49ac3ecb
"
  strings[13] = "Child wrapper:
"
  strings[14] = "  null"
  strings[15] = ""
  strings[16] = "_______________________________________________________________________"
  strings[17] = ""
  strings[18] = "    First Failure Data Capture information for"
  strings[19] = "          com.ibm.ws.rsadapter.jdbc.v41.WSJdbc41Connection@7448b04e"
  strings[20] = "_______________________________________________________________________"
  strings[21] = ""
  strings[22] = "com.ibm.ws.rsadapter.jdbc.v41.WSJdbc41Connection@7448b04e
"
  strings[23] = "Transaction Manager global transaction status is"
  strings[24] = "  STATUS NO TRANSACTION (6)
"
  strings[25] = "Underlying Connection: com.mysql.cj.jdbc.ConnectionWrapper@667ef41f"
  strings[26] = "  com.mysql.cj.jdbc.ConnectionWrapper@667ef41f
"
  strings[27] = "Key Object:"
  strings[28] = "  [B@5bbb9a87
"
  strings[29] = "Connection Manager:"
  strings[30] = "  [ConnectionManager]@7349ad5d
JNDI Name <jdbc/authentification>
shareable <true>

"
  strings[31] = "ConnectionManager supports lazy association?"
  strings[32] = "  true
"
  strings[33] = "ConnectionManager supports lazy enlistment?"
  strings[34] = "  true
"
  strings[35] = "Handle is reserved? false
"
  strings[36] = "AutoCommit value tracked by handle: true
"
  strings[37] = "Thread id:"
  strings[38] = "  null
"
  strings[39] = "Wrapper State: "
  strings[40] = "  ACTIVE
"
  strings[41] = "Parent wrapper:"
  strings[42] = "  null
"
  strings[43] = "Child wrapper:
"
  strings[44] = "  null"
  strings[45] = "# of Child Wrappers 1
"
  strings[46] = "Child wrappers:
"
  strings[47] = "  com.ibm.ws.rsadapter.jdbc.v42.WSJdbc42PreparedStatement@49ac3ecb"
  strings[48] = ""
  strings[49] = ""
  strings[50] = "ConnectionRequestInfo:"
  strings[51] = "  null
"
  strings[52] = "_______________________________________________________________________"
  strings[53] = ""
  strings[54] = "    First Failure Data Capture information for"
  strings[55] = "          com.ibm.ws.rsadapter.impl.WSManagedConnectionFactoryImpl@4232b9ba"
  strings[56] = "_______________________________________________________________________"
  strings[57] = ""
  strings[58] = "com.ibm.ws.rsadapter.DSConfig@53fd63ef"
  strings[59] = "[beginTranForResultSetScrollingAPIs, true, beginTranForVendorAPIs, true, commitOrRollbackOnCleanup, null, connectionSharing, MatchOriginalRequest, isolationLevel, -1, jndiName, jdbc/authentification, enableConnectionCasting, false, queryTimeout, null, statementCacheSize, 10, supplementalJDBCTrace, null, syncQueryTimeoutWithTransactionTimeout, false, transactional, true]"
  strings[60] = "{serverName=localhost, password=******, databaseName=authentification, user=root, portNumber=3306}"
  strings[61] = "Vendor implementation class:"
  strings[62] = "  class com.mysql.cj.jdbc.MysqlConnectionPoolDataSource
"
  strings[63] = "Type:"
  strings[64] = "  interface javax.sql.ConnectionPoolDataSource
"
  strings[65] = "Underlying DataSource or Driver Object: com.mysql.cj.jdbc.MysqlConnectionPoolDataSource@5415a4b5"
  strings[66] = "  com.mysql.cj.jdbc.MysqlConnectionPoolDataSource@5415a4b5
"
  strings[67] = "Instance id:"
  strings[68] = "  2
"
  strings[69] = "Log Writer:"
  strings[70] = "  null
"
  strings[71] = "Counter of fatal connection errors on ManagedConnections created by this MCF:"
  strings[72] = "  0
"
  strings[73] = "_______________________________________________________________________"
  strings[74] = ""
  strings[75] = "    First Failure Data Capture information for"
  strings[76] = "          com.ibm.ws.rsadapter.impl.WSRdbManagedConnectionImpl@3aac03a1"
  strings[77] = "_______________________________________________________________________"
  strings[78] = ""
  strings[79] = "ONE PHASE ENABLED
"
  strings[80] = "Connection sharing: "
  strings[81] = "  MatchOriginalRequest
"
  strings[82] = "Transaction State:"
  strings[83] = "  NO_TRANSACTION_ACTIVE
"
  strings[84] = "Key:"
  strings[85] = "  [B@5bbb9a87
"
  strings[86] = "Log Writer:"
  strings[87] = "  null
"
  strings[88] = "Subject:"
  strings[89] = "  null
"
  strings[90] = "ManagedConnection:"
  strings[91] = "  WSRdbManagedConnectionImpl@3aac03a1
"
  strings[92] = "Counter of fatal connection errors for the ManagedConnectionFactory as of the most recent getConnection on this ManagedConnection:"
  strings[93] = "  0
"
  strings[94] = "Default AutoCommit:"
  strings[95] = "  true
"
  strings[96] = "Current AutoCommit:"
  strings[97] = "  true
"
  strings[98] = "Current Isolation:"
  strings[99] = "  READ COMMITTED (2)
"
  strings[100] = "Isolation level has changed? :"
  strings[101] = "  false
"
  strings[102] = "Support isolation level switching: "
  strings[103] = "  false
"
  strings[104] = "The gssCredential is: 
"
  strings[105] = "null
"
  strings[106] = "The gssName is: 
"
  strings[107] = "null
"
  strings[108] = "Catalog, IsReadOnly, TypeMap, Schema, ShardingKey, SuperShardingKey, or NetworkTimeout has changed? :"
  strings[109] = "  false
"
  strings[110] = "Default Holdability:"
  strings[111] = "  DEFAULT CURSOR HOLDABILITY VALUE (0)
"
  strings[112] = "Current Holdability:"
  strings[113] = "  DEFAULT CURSOR HOLDABILITY VALUE (0)
"
  strings[114] = "Holdability value has changed? :"
  strings[115] = "  false
"
  strings[116] = "Thread ID:"
  strings[117] = "  null
"
  strings[118] = "Lazily enlisted in the current transaction? :"
  strings[119] = "  false
"
  strings[120] = "Underlying Connection Object: com.mysql.cj.jdbc.ConnectionWrapper@667ef41f"
  strings[121] = "  com.mysql.cj.jdbc.ConnectionWrapper@667ef41f
"
  strings[122] = "Underlying PooledConnection Object: com.mysql.cj.jdbc.MysqlPooledConnection@6a88d82f"
  strings[123] = "  com.mysql.cj.jdbc.MysqlPooledConnection@6a88d82f
"
  strings[124] = "SQLJ Default Context: null"
  strings[125] = "  null
"
  strings[126] = "Fatal connection error was detected? :"
  strings[127] = "  false
"
  strings[128] = "Currently cleaning up handles? :"
  strings[129] = "  false
"
  strings[130] = "Last ConnectionEvent sent for this ManagedConnection:
"
  strings[131] = "  com.ibm.ws.rsadapter.impl.WSConnectionEvent@3da043ad"
  strings[132] = "  Connection Handle: null"
  strings[133] = "  Event ID: UNKNOWN CONNECTION EVENT CONSTANT (0)"
  strings[134] = "  Exception: null"
  strings[135] = ""
  strings[136] = "Connection Event Listeners:
"
  strings[137] = "  com.ibm.ejs.j2c.ConnectionEventListener@5faaded"
  strings[138] = ""
  strings[139] = "Maximum Handle List Size: 15
"
  strings[140] = "Handle Count: 1
"
  strings[141] = "Handles:
"
  strings[142] = "  com.ibm.ws.rsadapter.jdbc.v41.WSJdbc41Connection@7448b04e"
  strings[143] = "  null"
  strings[144] = "  null"
  strings[145] = "  null"
  strings[146] = "  null"
  strings[147] = "  null"
  strings[148] = "  null"
  strings[149] = "  null"
  strings[150] = "  null"
  strings[151] = "  null"
  strings[152] = "  null"
  strings[153] = "  null"
  strings[154] = "  null"
  strings[155] = "  null"
  strings[156] = "  null"
  strings[157] = ""
  strings[158] = "State Manager:"
  strings[159] = "  com.ibm.ws.rsadapter.impl.WSStateManager@7cb391eb
"
  strings[160] = "XA Resource:"
  strings[161] = "  null
"
  strings[162] = "_______________________________________________________________________"
  strings[163] = ""
  strings[164] = "    First Failure Data Capture information for"
  strings[165] = "          com.ibm.ws.rsadapter.impl.WSRdbSpiLocalTransactionImpl@50d677f2"
  strings[166] = "_______________________________________________________________________"
  strings[167] = ""
  strings[168] = "Connection:"
  strings[169] = "  com.mysql.cj.jdbc.ConnectionWrapper@667ef41f
"
  strings[170] = "ManagedConnection:"
  strings[171] = "  WSRdbManagedConnectionImpl@3aac03a1
"
  strings[172] = "Statement Cache:"
  strings[173] = "  
com.ibm.ws.rsadapter.impl.CacheMap@6fd4eb6e
Number of entries:   0
Maximum entries:     10
Number of buckets:   13
Maximum bucket size: 5
Number of discards:  0

BUCKET SIZE PREV NEXT
  000  000  013  013
  001  000  013  013
  002  000  013  013
  003  000  013  013
  004  000  013  013
  005  000  013  013
  006  000  013  013
  007  000  013  013
  008  000  013  013
  009  000  013  013
  010  000  013  013
  011  000  013  013
  012  000  013  013
  013  LRU       014
  014  MRU  013

"
  strings[174] = "_______________________________________________________________________"
  strings[175] = ""
  strings[176] = "    First Failure Data Capture information for"
  strings[177] = "          com.ibm.ws.rsadapter.impl.WSConnectionRequestInfoImpl@3f91a6bc"
  strings[178] = "_______________________________________________________________________"
  strings[179] = ""
  changable CRI = ""
  strings[181] = "  true
"
  strings[182] = "User Name:"
  strings[183] = "  null
"
  strings[184] = "Password:"
  strings[185] = "  null
"
  strings[186] = "Isolation Level:"
  strings[187] = "  READ COMMITTED (2)
"
  strings[188] = "Catalog:"
  strings[189] = "  null
"
  strings[190] = "Schema:"
  strings[191] = "  null
"
  strings[192] = "Sharding key:"
  strings[193] = "  null
"
  strings[194] = "Super Sharding key:"
  strings[195] = "  null
"
  strings[196] = "Is Read Only?"
  strings[197] = "  null
"
  strings[198] = "Type Map:"
  strings[199] = "  null
"
  strings[200] = "Cursor Holdability:"
  strings[201] = "  DEFAULT CURSOR HOLDABILITY VALUE (0)
"
  strings[202] = "Config ID: 2
"
  strings[203] = "Hash Code:"
  strings[204] = "  2
"
  strings[205] = "Support isolation switching on connection:"
  strings[206] = "  false
"
  gssName = "
"
  strings[208] = "null
"
  gssCredential = "
"
  strings[210] = "null
"
  strings[211] = "_______________________________________________________________________"
  strings[212] = ""
  strings[213] = "    First Failure Data Capture information for"
  strings[214] = "          com.ibm.ws.rsadapter.impl.WSManagedConnectionFactoryImpl@4232b9ba"
  strings[215] = "_______________________________________________________________________"
  strings[216] = ""
  strings[217] = "com.ibm.ws.rsadapter.DSConfig@53fd63ef"
  strings[218] = "[beginTranForResultSetScrollingAPIs, true, beginTranForVendorAPIs, true, commitOrRollbackOnCleanup, null, connectionSharing, MatchOriginalRequest, isolationLevel, -1, jndiName, jdbc/authentification, enableConnectionCasting, false, queryTimeout, null, statementCacheSize, 10, supplementalJDBCTrace, null, syncQueryTimeoutWithTransactionTimeout, false, transactional, true]"
  strings[219] = "{serverName=localhost, password=******, databaseName=authentification, user=root, portNumber=3306}"
  strings[220] = "Vendor implementation class:"
  strings[221] = "  class com.mysql.cj.jdbc.MysqlConnectionPoolDataSource
"
  strings[222] = "Type:"
  strings[223] = "  interface javax.sql.ConnectionPoolDataSource
"
  strings[224] = "Underlying DataSource or Driver Object: com.mysql.cj.jdbc.MysqlConnectionPoolDataSource@5415a4b5"
  strings[225] = "  com.mysql.cj.jdbc.MysqlConnectionPoolDataSource@5415a4b5
"
  strings[226] = "Instance id:"
  strings[227] = "  2
"
  strings[228] = "Log Writer:"
  strings[229] = "  null
"
  strings[230] = "Counter of fatal connection errors on ManagedConnections created by this MCF:"
  strings[231] = "  0
"

