------Start of DE processing------ = [04/03/2024 18:55:39:209 WEST]
Exception = com.ibm.websphere.servlet.error.ServletErrorReport
Source = com.ibm.ws.webcontainer.filter.FilterInstanceWrapper.doFilter
probeid = 144
Stack Dump = com.ibm.websphere.servlet.error.ServletErrorReport: java.lang.Error: Unresolved compilation problem: 
	Syntax error, insert &quot;}&quot; to complete BlockStatements

	at com.ibm.ws.webcontainer.servlet.ServletWrapper.service(ServletWrapper.java:1358)
	at com.ibm.ws.webcontainer.servlet.ServletWrapper.handleRequest(ServletWrapper.java:748)
	at com.ibm.ws.webcontainer.servlet.ServletWrapper.handleRequest(ServletWrapper.java:445)
	at com.ibm.ws.webcontainer.filter.WebAppFilterChain.invokeTarget(WebAppFilterChain.java:197)
	at com.ibm.ws.webcontainer.filter.WebAppFilterChain.doFilter(WebAppFilterChain.java:100)
	at com.ibm.ws.security.jaspi.JaspiServletFilter.doFilter(JaspiServletFilter.java:58)
	at com.ibm.ws.webcontainer.filter.FilterInstanceWrapper.doFilter(FilterInstanceWrapper.java:203)
	at com.ibm.ws.webcontainer.filter.WebAppFilterChain.doFilter(WebAppFilterChain.java:93)
	at com.ibm.ws.webcontainer.filter.WebAppFilterManager.doFilter(WebAppFilterManager.java:1068)
	at com.ibm.ws.webcontainer.filter.WebAppFilterManager.invokeFilters(WebAppFilterManager.java:1259)
	at com.ibm.ws.webcontainer.webapp.WebApp.handleRequest(WebApp.java:5076)
	at com.ibm.ws.webcontainer.osgi.DynamicVirtualHost$2.handleRequest(DynamicVirtualHost.java:328)
	at com.ibm.ws.webcontainer.WebContainer.handleRequest(WebContainer.java:1038)
	at com.ibm.ws.webcontainer.osgi.DynamicVirtualHost$2.run(DynamicVirtualHost.java:293)
	at com.ibm.ws.http.dispatcher.internal.channel.HttpDispatcherLink$TaskWrapper.run(HttpDispatcherLink.java:1260)
	at com.ibm.ws.http.dispatcher.internal.channel.HttpDispatcherLink.wrapHandlerAndExecute(HttpDispatcherLink.java:476)
	at com.ibm.ws.http.dispatcher.internal.channel.HttpDispatcherLink.ready(HttpDispatcherLink.java:435)
	at com.ibm.ws.http.channel.internal.inbound.HttpInboundLink.handleDiscrimination(HttpInboundLink.java:569)
	at com.ibm.ws.http.channel.internal.inbound.HttpInboundLink.handleNewRequest(HttpInboundLink.java:503)
	at com.ibm.ws.http.channel.internal.inbound.HttpInboundLink.processRequest(HttpInboundLink.java:363)
	at com.ibm.ws.http.channel.internal.inbound.HttpInboundLink.ready(HttpInboundLink.java:330)
	at com.ibm.ws.tcpchannel.internal.NewConnectionInitialReadCallback.sendToDiscriminators(NewConnectionInitialReadCallback.java:169)
	at com.ibm.ws.tcpchannel.internal.NewConnectionInitialReadCallback.complete(NewConnectionInitialReadCallback.java:77)
	at com.ibm.ws.tcpchannel.internal.WorkQueueManager.requestComplete(WorkQueueManager.java:516)
	at com.ibm.ws.tcpchannel.internal.WorkQueueManager.attemptIO(WorkQueueManager.java:586)
	at com.ibm.ws.tcpchannel.internal.WorkQueueManager.workerRun(WorkQueueManager.java:970)
	at com.ibm.ws.tcpchannel.internal.WorkQueueManager$Worker.run(WorkQueueManager.java:1059)
	at com.ibm.ws.threading.internal.ExecutorServiceImpl$RunnableWrapper.run(ExecutorServiceImpl.java:280)
	at java.base/java.util.concurrent.ThreadPoolExecutor.runWorker(ThreadPoolExecutor.java:1144)
	at java.base/java.util.concurrent.ThreadPoolExecutor$Worker.run(ThreadPoolExecutor.java:642)
	at java.base/java.lang.Thread.run(Thread.java:1583)
Caused by: java.lang.Error: Unresolved compilation problem: 
	Syntax error, insert "}" to complete BlockStatements

	at estm.dsic.jee.rest.controllers.CorsFilter.filter(CorsFilter.java:16)
	at estm.dsic.jee.rest.controllers.CorsFilter$Proxy$_$$_WeldClientProxy.filter(Unknown Source)
	at org.jboss.resteasy.core.interception.jaxrs.ContainerResponseContextImpl.filter(ContainerResponseContextImpl.java:422)
	at org.jboss.resteasy.core.ServerResponseWriter.executeFilters(ServerResponseWriter.java:297)
	at org.jboss.resteasy.core.ServerResponseWriter.writeNomapResponse(ServerResponseWriter.java:132)
	at org.jboss.resteasy.core.ServerResponseWriter.writeNomapResponse(ServerResponseWriter.java:105)
	at org.jboss.resteasy.core.SynchronousDispatcher.writeException(SynchronousDispatcher.java:226)
	at org.jboss.resteasy.core.SynchronousDispatcher.lambda$invoke$4(SynchronousDispatcher.java:258)
	at org.jboss.resteasy.core.SynchronousDispatcher.lambda$preprocess$0(SynchronousDispatcher.java:161)
	at org.jboss.resteasy.core.interception.jaxrs.PreMatchContainerRequestContext.filter(PreMatchContainerRequestContext.java:434)
	at org.jboss.resteasy.core.SynchronousDispatcher.preprocess(SynchronousDispatcher.java:164)
	at org.jboss.resteasy.core.SynchronousDispatcher.invoke(SynchronousDispatcher.java:247)
	at org.jboss.resteasy.plugins.server.servlet.ServletContainerDispatcher.service(ServletContainerDispatcher.java:255)
	at org.jboss.resteasy.plugins.server.servlet.HttpServletDispatcher.service(HttpServletDispatcher.java:60)
	at org.jboss.resteasy.plugins.server.servlet.HttpServletDispatcher.service(HttpServletDispatcher.java:55)
	at jakarta.servlet.http.HttpServlet.service(HttpServlet.java:614)
	at com.ibm.ws.webcontainer.servlet.ServletWrapper.service(ServletWrapper.java:1260)
	... 30 more

Dump of callerThis
Object type = com.ibm.ws.webcontainer.filter.FilterInstanceWrapper
  FILTER_STATE_UNINITIALIZED = 0
  FILTER_STATE_INITIALIZING = 1
  FILTER_STATE_AVAILABLE = 2
  FILTER_STATE_DESTROYING = 3
  FILTER_STATE_DESTROYED = 4
  FILTER_STATE_UNAVAILABLE = 5
  _filterName = "com.ibm.ws.security.jaspi.servlet.filter"
  _filterInstance = class com.ibm.ws.security.jaspi.JaspiServletFilter@194a69da
    serialVersionUID = -1292833612206940252
    $$$tc$$$ = class com.ibm.websphere.ras.TraceComponent@73724d56
      strings[0] = "TraceComponent[com.ibm.ws.security.jaspi.JaspiServletFilter,class com.ibm.ws.security.jaspi.JaspiServletFilter,[security],com.ibm.ws.security.jaspi.internal.resources.JaspiMessages,null]"
  _filterState = 2
  nServicing = class java.util.concurrent.atomic.AtomicInteger@6994c2b8
    serialVersionUID = "/* Could not access serialVersionUID */"
    U = "/* Could not access U */"
    VALUE = "/* Could not access VALUE */"
    value = "/* Could not access value */"
    serialVersionUID = "/* Could not access serialVersionUID */"
  logger = class com.ibm.ws.logging.internal.WsLogger@c07860d
    ivCachedResourceBundleName = null
    ivCachedResourceBundle = null
    ivComponent = null
    ivOrganization = null
    ivProduct = null
    ivMinimumLocalizationLevelIntValue = 625
    ivTC = class com.ibm.websphere.ras.TraceComponent@35995148
      strings[0] = "TraceComponent[com.ibm.ws.webcontainer.filter,class com.ibm.wsspi.webcontainer.logging.LoggerFactory$1,[com.ibm.ws.webcontainer.filter],null,null]"
    loggerRegistrationComponent = class java.lang.ThreadLocal@44ec6011
      TRACE_VTHREAD_LOCALS = "/* Could not access TRACE_VTHREAD_LOCALS */"
      threadLocalHashCode = "/* Could not access threadLocalHashCode */"
      nextHashCode = "/* Could not access nextHashCode */"
      HASH_INCREMENT = "/* Could not access HASH_INCREMENT */"
      $assertionsDisabled = "/* Could not access $assertionsDisabled */"
    emptyHandlers = "/* Could not access emptyHandlers */"
    offValue = "/* Could not access offValue */"
    SYSTEM_LOGGER_RB_NAME = "/* Could not access SYSTEM_LOGGER_RB_NAME */"
    SYSTEM_BUNDLE = "/* Could not access SYSTEM_BUNDLE */"
    NO_RESOURCE_BUNDLE = "/* Could not access NO_RESOURCE_BUNDLE */"
    config = "/* Could not access config */"
    manager = "/* Could not access manager */"
    name = "/* Could not access name */"
    loggerBundle = "/* Could not access loggerBundle */"
    anonymous = "/* Could not access anonymous */"
    catalogRef = "/* Could not access catalogRef */"
    catalogName = "/* Could not access catalogName */"
    catalogLocale = "/* Could not access catalogLocale */"
    treeLock = "/* Could not access treeLock */"
    parent = "/* Could not access parent */"
    kids = "/* Could not access kids */"
    callerModuleRef = "/* Could not access callerModuleRef */"
    isSystemLogger = "/* Could not access isSystemLogger */"
    GLOBAL_LOGGER_NAME = "global"
    global = class java.util.logging.Logger@224e38e6
      emptyHandlers = "/* Could not access emptyHandlers */"
      offValue = "/* Could not access offValue */"
      SYSTEM_LOGGER_RB_NAME = "/* Could not access SYSTEM_LOGGER_RB_NAME */"
      SYSTEM_BUNDLE = "/* Could not access SYSTEM_BUNDLE */"
      NO_RESOURCE_BUNDLE = "/* Could not access NO_RESOURCE_BUNDLE */"
      config = "/* Could not access config */"
      manager = "/* Could not access manager */"
      name = "/* Could not access name */"
      loggerBundle = "/* Could not access loggerBundle */"
      anonymous = "/* Could not access anonymous */"
      catalogRef = "/* Could not access catalogRef */"
      catalogName = "/* Could not access catalogName */"
      catalogLocale = "/* Could not access catalogLocale */"
      treeLock = "/* Could not access treeLock */"
      parent = "/* Could not access parent */"
      kids = "/* Could not access kids */"
      callerModuleRef = "/* Could not access callerModuleRef */"
      isSystemLogger = "/* Could not access isSystemLogger */"
      GLOBAL_LOGGER_NAME = "global"
      global = class java.util.logging.Logger@224e38e6
  CLASS_NAME = "com.ibm.ws.webcontainer.filter.FilterInstanceWrapper"
  _filterEvent = null
  _filterConfig = class com.ibm.ws.webcontainer.filter.FilterConfig@7486feb7
    tc = class com.ibm.websphere.ras.TraceComponent@22c12701
      strings[0] = "TraceComponent[com.ibm.ws.webcontainer.filter.FilterConfig,class com.ibm.ws.webcontainer.filter.FilterConfig,[webcontainer],com.ibm.ws.webcontainer.resources.LShimMessages,null]"
    dispatchMode = null
    filterClassLoader = null
    isInternal = false
    webAppConfig = class com.ibm.ws.webcontainer.osgi.webapp.WebAppConfiguration@1d1b410d
      webModuleMetaData = class com.ibm.ws.webcontainer.osgi.metadata.WebModuleMetaDataImpl@5a2a8610
      webComponentMetaData = class com.ibm.ws.webcontainer.osgi.metadata.WebComponentMetaDataImpl@68e21fb7
      dVirtualHost = class com.ibm.ws.webcontainer.osgi.DynamicVirtualHost@72fdffac
      orderedLibPaths = class java.util.Collections$UnmodifiableRandomAccessList@24722ec9
      bundleHeaders = null
      cdiEnabled = true
      CLASS_NAME = "com.ibm.ws.webcontainer.webapp.WebAppConfiguration"
      logger = class com.ibm.ws.logging.internal.WsLogger@4f5db73
      tc = class com.ibm.websphere.ras.TraceComponent@5ecf55d1
      nls = class com.ibm.ejs.ras.TraceNLS@5face378
      version = 30
      contextRoot = "/g-note"
      isDefaultContextRootUsed = false
      sessionTimeout = 0
      moduleSessionTimeoutSet = false
      moduleSessionTrackingModeSet = false
      sessionCookieConfig = class io.openliberty.session.impl.SessionCookieConfigImpl60@625cd4e7
      hasProgrammaticCookieConfig = false
      sessionDefaultTrackingModeSet = class java.util.RegularEnumSet@752175f3
      sessionManagerConfig = class com.ibm.ws.session.SessionManagerConfig@2ee69e51
      displayName = "g-note"
      description = null
      reloadInterval = 0
      distributable = false
      denyUncoveredHttpMethods = false
      reloadingEnabled = false
      serveServletsByClassnameEnabled = false
      defaultErrorPage = null
      additionalClassPath = null
      fileServingEnabled = null
      directoryBrowsingEnabled = false
      autoRequestEncoding = false
      autoResponseEncoding = false
      autoLoadFilters = false
      requestListeners = null
      requestAttributeListeners = null
      sessionListeners = null
      localeMap = null
      moduleName = "g-note"
      j2eeModuleName = "g-note.war"
      moduleId = null
      isSyncToThreadEnabled = false
      encodeDispatchedRequestURI = false
      isSystemApp = false
      ardEnabled = false
      ardDispatchType = null
      listeners = class java.util.ArrayList@5601339d
      welcomeFileList = class java.util.ArrayList@52fe2e56
      servletMappings = class java.util.HashMap@2c0e4717
      lastIndexBeforeDeclaredFilters = 1
      filterMappings = class java.util.ArrayList@368040d1
      servletInfo = class java.util.concurrent.ConcurrentHashMap@69421047
      filterInfo = class java.util.HashMap@4a6d1fa7
      mimeMappings = class java.util.HashMap@1405df02
      mimeFilters = null
      isMimeFilteringEnabled = false
      theWebGroup = null
      jspAttributes = class java.util.HashMap@2037939b
      fileServingAttributes = class java.util.HashMap@590e6ff2
      invokerAttributes = class java.util.HashMap@7bbcd353
      contextParams = class java.util.HashMap@417beee9
      virtualHost = "default_host"
      exceptionErrorPages = class java.util.HashMap@5dcc0616
      codeErrorPages = class java.util.HashMap@779783a2
      tagLibList = null
      precompileJsps = false
      webApp = class com.ibm.ws.webcontainer40.osgi.webapp.WebApp40@2f5a5875
      virtualHostList = class java.util.Collections$EmptyList@59942fe6
      appStartupWeight = 0
      moduleStartupWeight = 0
      metaDataComplete = false
      classesToScan = class java.util.ArrayList@6a2ce048
      uriFilterMappingInfos = class java.util.ArrayList@74be5742
      servletFilterMappingInfos = null
      dynamicServletRegistrationMap = class java.util.HashMap@497f1375
      applicationName = "g-note"
      libBinPathList = class java.util.ArrayList@23e036b
      webXmlDefinedListeners = class java.util.HashSet@f9d9dc4
      allRefs = class java.util.EnumMap@91fdf32
      allRefBindings = class java.util.EnumMap@384a91df
      envEntryValues = class java.util.HashMap@4a1de8e6
      resourceRefConfigList = null
      disallowAllFileServingProp = "false"
      disallowServeServletsByClassnameProp = "true"
      disableStaticMappingCache = false
      jspCachedLocations = class java.util.HashMap@298d2fdc
      primedSTSHeader = "NoValue"
      enablemultireadofpostdata = false
      requestEncoding = null
      responseEncoding = null
      NULLSERVLETNAME = "com.ibm.ws.webcontainer.NullServletName"
      skipEncodedCharVerification = false
      _id = "WebAppGeneratedId13"
      _attributes = null
      serialVersionUID = 7511545662945734886
      $$$tc$$$ = class com.ibm.websphere.ras.TraceComponent@6ed59460
    filter = null
    filterClass = class java.lang.Class@1a838654
      ANNOTATION = "/* Could not access ANNOTATION */"
      ENUM = "/* Could not access ENUM */"
      SYNTHETIC = "/* Could not access SYNTHETIC */"
      cachedConstructor = "/* Could not access cachedConstructor */"
      name = "/* Could not access name */"
      module = "/* Could not access module */"
      packageName = "/* Could not access packageName */"
      componentType = "/* Could not access componentType */"
      allPermDomain = "/* Could not access allPermDomain */"
      reflectionData = "/* Could not access reflectionData */"
      classRedefinedCount = "/* Could not access classRedefinedCount */"
      genericInfo = "/* Could not access genericInfo */"
      EMPTY_CLASS_ARRAY = "/* Could not access EMPTY_CLASS_ARRAY */"
      serialVersionUID = "/* Could not access serialVersionUID */"
      serialPersistentFields = "/* Could not access serialPersistentFields */"
      reflectionFactory = "/* Could not access reflectionFactory */"
      enumConstants = "/* Could not access enumConstants */"
      enumConstantDirectory = "/* Could not access enumConstantDirectory */"
      annotationData = "/* Could not access annotationData */"
      annotationType = "/* Could not access annotationType */"
      classValueMap = "/* Could not access classValueMap */"
    urlPatternMappings = class java.util.ArrayList@5eab775f
      serialVersionUID = "/* Could not access serialVersionUID */"
      DEFAULT_CAPACITY = "/* Could not access DEFAULT_CAPACITY */"
      EMPTY_ELEMENTDATA = "/* Could not access EMPTY_ELEMENTDATA */"
      DEFAULTCAPACITY_EMPTY_ELEMENTDATA = "/* Could not access DEFAULTCAPACITY_EMPTY_ELEMENTDATA */"
      elementData = "/* Could not access elementData */"
      size = "/* Could not access size */"
      modCount = "/* Could not access modCount */"
    servletNameMappings = null
    nls = class com.ibm.ejs.ras.TraceNLS@659feba6
      resolver = class com.ibm.ws.logging.internal.TraceNLSResolver@5adba2e1
      finder = class com.ibm.ws.logging.internal.StackFinder@5a4b5c95
      ivBundleName = "com.ibm.ws.webcontainer.resources.Messages"
      caller = class java.lang.Class@3e610686
    logger = class com.ibm.ws.logging.internal.WsLogger@224bdd31
      ivCachedResourceBundleName = "com.ibm.ws.webcontainer.resources.Messages"
      ivCachedResourceBundle = class com.ibm.ws.webcontainer.resources.Messages_fr@3e64612e
      ivComponent = null
      ivOrganization = null
      ivProduct = null
      ivMinimumLocalizationLevelIntValue = 625
      ivTC = class com.ibm.websphere.ras.TraceComponent@14467cdf
      loggerRegistrationComponent = class java.lang.ThreadLocal@44ec6011
      emptyHandlers = "/* Could not access emptyHandlers */"
      offValue = "/* Could not access offValue */"
      SYSTEM_LOGGER_RB_NAME = "/* Could not access SYSTEM_LOGGER_RB_NAME */"
      SYSTEM_BUNDLE = "/* Could not access SYSTEM_BUNDLE */"
      NO_RESOURCE_BUNDLE = "/* Could not access NO_RESOURCE_BUNDLE */"
      config = "/* Could not access config */"
      manager = "/* Could not access manager */"
      name = "/* Could not access name */"
      loggerBundle = "/* Could not access loggerBundle */"
      anonymous = "/* Could not access anonymous */"
      catalogRef = "/* Could not access catalogRef */"
      catalogName = "/* Could not access catalogName */"
      catalogLocale = "/* Could not access catalogLocale */"
      treeLock = "/* Could not access treeLock */"
      parent = "/* Could not access parent */"
      kids = "/* Could not access kids */"
      callerModuleRef = "/* Could not access callerModuleRef */"
      isSystemLogger = "/* Could not access isSystemLogger */"
      GLOBAL_LOGGER_NAME = "global"
      global = class java.util.logging.Logger@224e38e6
    CLASS_NAME = "com.ibm.ws.webcontainer.servlet.TargetConfig"
    initParams = null
    fileName = null
    displayName = "com.ibm.ws.security.jaspi.servlet.filter"
    name = "com.ibm.ws.security.jaspi.servlet.filter"
    description = null
    smallIcon = null
    largeIcon = null
    context = class com.ibm.ws.webcontainer40.facade.ServletContextFacade40@27df57a8
      context = class com.ibm.ws.webcontainer40.osgi.webapp.WebApp40@2f5a5875
    className = null
    asyncSupported = true
    _id = "com.ibm.ws.security.jaspi.servlet.filter"
    _attributes = null
    serialVersionUID = 7511545662945734886
    $$$tc$$$ = class com.ibm.websphere.ras.TraceComponent@6ed59460
      strings[0] = "TraceComponent[com.ibm.ws.container.BaseConfiguration,class com.ibm.ws.container.BaseConfiguration,[],null,null]"
  _eventSource = class com.ibm.ws.webcontainer.webapp.WebAppEventSource@5c405021
    _invocationListeners = class com.ibm.ws.webcontainer.util.EventListeners@6325cd
      EMPTY_LISTENERS = interface java.util.EventListener[0]
      logger = class com.ibm.ws.logging.internal.WsLogger@137c96b3
      CLASS_NAME = "com.ibm.ws.webcontainer.util.EventListeners"
      listeners = interface java.util.EventListener[0]
    _servletListeners = class com.ibm.ws.webcontainer.util.EventListeners@1a3b2cbc
      EMPTY_LISTENERS = interface java.util.EventListener[0]
      logger = class com.ibm.ws.logging.internal.WsLogger@137c96b3
      CLASS_NAME = "com.ibm.ws.webcontainer.util.EventListeners"
      listeners = interface java.util.EventListener[0]
    _errorListeners = class com.ibm.ws.webcontainer.util.EventListeners@6665d89f
      EMPTY_LISTENERS = interface java.util.EventListener[0]
      logger = class com.ibm.ws.logging.internal.WsLogger@137c96b3
      CLASS_NAME = "com.ibm.ws.webcontainer.util.EventListeners"
      listeners = interface java.util.EventListener[0]
    _applicationListeners = class com.ibm.ws.webcontainer.util.EventListeners@3bdab1ec
      EMPTY_LISTENERS = interface java.util.EventListener[0]
      logger = class com.ibm.ws.logging.internal.WsLogger@137c96b3
      CLASS_NAME = "com.ibm.ws.webcontainer.util.EventListeners"
      listeners = interface java.util.EventListener[0]
    _filterInvocationListeners = class com.ibm.ws.webcontainer.util.EventListeners@220eb617
      EMPTY_LISTENERS = interface java.util.EventListener[0]
      logger = class com.ibm.ws.logging.internal.WsLogger@137c96b3
      CLASS_NAME = "com.ibm.ws.webcontainer.util.EventListeners"
      listeners = interface java.util.EventListener[0]
    _filterListeners = class com.ibm.ws.webcontainer.util.EventListeners@61933026
      EMPTY_LISTENERS = interface java.util.EventListener[0]
      logger = class com.ibm.ws.logging.internal.WsLogger@137c96b3
      CLASS_NAME = "com.ibm.ws.webcontainer.util.EventListeners"
      listeners = interface java.util.EventListener[0]
    _filterErrorListeners = class com.ibm.ws.webcontainer.util.EventListeners@29fabdab
      EMPTY_LISTENERS = interface java.util.EventListener[0]
      logger = class com.ibm.ws.logging.internal.WsLogger@137c96b3
      CLASS_NAME = "com.ibm.ws.webcontainer.util.EventListeners"
      listeners = interface java.util.EventListener[0]
  _managedObject = class com.ibm.ws.cdi.impl.managedobject.CDIManagedObject@130ec813
    tc = class com.ibm.websphere.ras.TraceComponent@58c720aa
      strings[0] = "TraceComponent[com.ibm.ws.cdi.impl.managedobject.CDIManagedObject,class com.ibm.ws.cdi.impl.managedobject.CDIManagedObject,[JCDI],com.ibm.ws.cdi.internal.resources.CDI,null]"
    managedObject = class com.ibm.ws.security.jaspi.JaspiServletFilter@194a69da
    creationalContext = class org.jboss.weld.contexts.CreationalContextImpl@47412ca9
      serialVersionUID = 7375854583908262422
      SERIALIZATION_PROXY = class org.jboss.weld.contexts.CreationalContextImpl$SerializationProxy@e9dfc21
      incompleteInstances = null
      contextual = null
      dependentInstances = class java.util.Collections$SynchronizedRandomAccessList@7280c0c5
      parentDependentInstances = class java.util.Collections$SynchronizedRandomAccessList@2d2f2dbb
      parentCreationalContext = null
      destroyed = null
      resourceReferences = null
      constructorInterceptionSuppressed = false
      aroundConstructCallbacks = null
      aroundConstructInterceptionContext = null
    injectionTarget = class org.jboss.weld.injection.producer.BeanInjectionTarget@10289458
      bean = null
      beanManager = class org.jboss.weld.manager.BeanManagerImpl@7b8bdb31
      type = class org.jboss.weld.annotated.slim.backed.BackedAnnotatedType@2f1d630e
      injectionPoints = class java.util.Collections$EmptySet@60b97c66
      instantiator = class org.jboss.weld.injection.producer.DefaultInstantiator@2225122e
      injector = class org.jboss.weld.injection.producer.ResourceInjector@7521708
      invoker = class org.jboss.weld.injection.producer.DefaultLifecycleCallbackInvoker@431301ff
    lifecycleManaged = true
    beanScope = null
    identity = "com.ibm.ws.security.jaspi.JaspiServletFilter@194a69da"
    websphereInjectionServices = class com.ibm.ws.cdi.impl.weld.injection.WebSphereInjectionServicesImpl@68c2947b
      tc = class com.ibm.websphere.ras.TraceComponent@678bce54
      ANNOTATIONS_KNOWN_TO_WELD = class java.util.HashSet@5e1c9390
      referenceContextMap = class java.util.concurrent.ConcurrentHashMap@32b425e5
      referenceContexts = class java.util.Collections$SetFromMap@174bb18d
      injectionTargetListeners = class java.util.concurrent.ConcurrentHashMap@57788f77
      deployment = class com.ibm.ws.cdi.impl.weld.WebSphereCDIDeploymentImpl@6dc2061b
      serialVersionUID = 2515575801175940133
    currentInjectionTargets = null
    currentInjectionContext = null
    serialVersionUID = 642874158156701263

