------Start of DE processing------ = [09/03/2024 12:34:49:778 WEST]
Exception = com.ibm.ws.container.service.state.StateChangeException
Source = com.ibm.ws.app.manager.module.internal.SimpleDeployedAppInfoBase
probeid = 551
Stack Dump = com.ibm.ws.container.service.state.StateChangeException: java.util.concurrent.RejectedExecutionException: CWWKE1202E: Une tâche ne peut pas être soumise car l'exécuteur managedExecutorService[DefaultManagedExecutorService] (concurrencyPolicy[defaultConcurrencyPolicy]) a été arrêté.
	at com.ibm.ws.container.service.state.internal.ApplicationStateManager.fireStarting(ApplicationStateManager.java:57)
	at com.ibm.ws.container.service.state.internal.StateChangeServiceImpl.fireApplicationStarting(StateChangeServiceImpl.java:52)
	at com.ibm.ws.app.manager.module.internal.SimpleDeployedAppInfoBase.preDeployApp(SimpleDeployedAppInfoBase.java:550)
	at com.ibm.ws.app.manager.module.internal.SimpleDeployedAppInfoBase.installApp(SimpleDeployedAppInfoBase.java:511)
	at com.ibm.ws.app.manager.module.internal.DeployedAppInfoBase.deployApp(DeployedAppInfoBase.java:351)
	at com.ibm.ws.app.manager.war.internal.WARApplicationHandlerImpl.install(WARApplicationHandlerImpl.java:67)
	at com.ibm.ws.app.manager.internal.statemachine.StartAction.execute(StartAction.java:184)
	at com.ibm.ws.app.manager.internal.statemachine.ApplicationStateMachineImpl.enterState(ApplicationStateMachineImpl.java:1369)
	at com.ibm.ws.app.manager.internal.statemachine.ApplicationStateMachineImpl.run(ApplicationStateMachineImpl.java:912)
	at com.ibm.ws.threading.internal.ExecutorServiceImpl$RunnableWrapper.run(ExecutorServiceImpl.java:280)
	at java.base/java.util.concurrent.ThreadPoolExecutor.runWorker(ThreadPoolExecutor.java:1144)
	at java.base/java.util.concurrent.ThreadPoolExecutor$Worker.run(ThreadPoolExecutor.java:642)
	at java.base/java.lang.Thread.run(Thread.java:1583)
Caused by: java.util.concurrent.RejectedExecutionException: CWWKE1202E: Une tâche ne peut pas être soumise car l'exécuteur managedExecutorService[DefaultManagedExecutorService] (concurrencyPolicy[defaultConcurrencyPolicy]) a été arrêté.
	at com.ibm.ws.threading.internal.PolicyExecutorImpl.enqueue(PolicyExecutorImpl.java:611)
	at com.ibm.ws.threading.internal.PolicyExecutorImpl.invokeAll(PolicyExecutorImpl.java:791)
	at com.ibm.ws.concurrent.internal.ManagedExecutorServiceImpl.invokeAll(ManagedExecutorServiceImpl.java:605)
	at org.jboss.weld.executor.AbstractExecutorServices.invokeAllAndCheckForExceptions(AbstractExecutorServices.java:59)
	at org.jboss.weld.executor.AbstractExecutorServices.invokeAllAndCheckForExceptions(AbstractExecutorServices.java:67)
	at org.jboss.weld.bootstrap.ConcurrentBeanDeployer.doAfterBeanDiscovery(ConcurrentBeanDeployer.java:88)
	at org.jboss.weld.bootstrap.BeanDeployment.afterBeanDiscovery(BeanDeployment.java:268)
	at org.jboss.weld.bootstrap.WeldStartup.deployBeans(WeldStartup.java:478)
	at org.jboss.weld.bootstrap.WeldBootstrap.deployBeans(WeldBootstrap.java:87)
	at com.ibm.ws.cdi.impl.CDIContainerImpl.startInitialization(CDIContainerImpl.java:177)
	at com.ibm.ws.cdi.liberty.CDIRuntimeImpl.applicationStarting(CDIRuntimeImpl.java:479)
	at com.ibm.ws.container.service.state.internal.ApplicationStateManager.fireStarting(ApplicationStateManager.java:53)
	... 12 more

Dump of callerThis
Object type = com.ibm.ws.app.manager.war.internal.WARDeployedAppInfo
  CONTEXT_ROOT = "context-root"
  webContainerModuleInfo = class com.ibm.ws.app.manager.module.internal.SimpleDeployedAppInfoBase$WebModuleContainerInfo@3771803c
    contextRoot = "/g-note"
    defaultContextRoot = "g-note"
    serialVersionUID = 4617657913043497664
    $$$tc$$$ = class com.ibm.websphere.ras.TraceComponent@3d1fb52c
      strings[0] = "TraceComponent[com.ibm.ws.app.manager.module.internal.SimpleDeployedAppInfoBase$WebModuleContainerInfo,class com.ibm.ws.app.manager.module.internal.SimpleDeployedAppInfoBase$WebModuleContainerInfo,[applications, app.manager],null,null]"
    moduleHandler = class com.ibm.ws.app.manager.web.internal.WebModuleHandlerImpl@1ec046f8
      serialVersionUID = 4795602325763828210
      $$$tc$$$ = class com.ibm.websphere.ras.TraceComponent@773368bc
      futureMonitor = class com.ibm.ws.threading.internal.FutureMonitorImpl@1fa07e48
      metaDataService = class com.ibm.ws.container.service.metadata.internal.MetaDataServiceImpl@4e317263
      stateChangeService = class com.ibm.ws.container.service.state.internal.StateChangeServiceImpl@5c17867a
      moduleRuntimeContainer = class com.ibm.ws.webcontainer.osgi.WebContainer@2d7812ce
      firstFailure = null
      serialVersionUID = -4563697739413190872
      $$$tc$$$ = class com.ibm.websphere.ras.TraceComponent@105233c1
    moduleMetaDataExtenders = class java.util.Collections$UnmodifiableRandomAccessList@42aa906b
      serialVersionUID = "/* Could not access serialVersionUID */"
      serialVersionUID = "/* Could not access serialVersionUID */"
      list = "/* Could not access list */"
      serialVersionUID = "/* Could not access serialVersionUID */"
      c = "/* Could not access c */"
    nestedModuleMetaDataFactories = class java.util.Collections$UnmodifiableRandomAccessList@6c5e2cf8
      serialVersionUID = "/* Could not access serialVersionUID */"
      serialVersionUID = "/* Could not access serialVersionUID */"
      list = "/* Could not access list */"
      serialVersionUID = "/* Could not access serialVersionUID */"
      c = "/* Could not access c */"
    nestedModules = null
    moduleName = "g-note"
    moduleDD = null
    moduleInfo = class com.ibm.ws.app.manager.module.internal.WebModuleInfoImpl@22b1ae25
      contextRoot = "/g-note"
      isDefaultContextRootUsed = false
      defaultContextRoot = "g-note"
      serialVersionUID = -6699247856069243844
      $$$tc$$$ = class com.ibm.websphere.ras.TraceComponent@6ed502d5
      tc = class com.ibm.websphere.ras.TraceComponent@5dfe27f5
      appInfo = class com.ibm.ws.container.service.app.deploy.internal.ApplicationInfoImpl@3f7185a3
      moduleName = "g-note"
      path = "g-note.war"
      moduleContainer = class com.ibm.ws.adaptable.module.internal.AdaptableContainerImpl@fec61fc
      altDDEntry = null
      moduleClassesContainers = class java.util.ArrayList@48b975d8
      classLoaderFactory = class com.ibm.ws.app.manager.war.internal.WARDeployedAppInfo@1bd3fa6c
      containerInfoType = class com.ibm.ws.container.service.app.deploy.ContainerInfo$Type@5e868fab
      classLoader = class com.ibm.ws.classloading.internal.AppClassLoader@793fa8b7
      moduleMetaData = class com.ibm.ws.webcontainer.osgi.metadata.WebModuleMetaDataImpl@316ed12c
      nestedModuleMetaDataTypes = null
      nestedModuleMetaDataValues = null
      serialVersionUID = 3986734351620206554
    serialVersionUID = 5122721995888983779
    $$$tc$$$ = class com.ibm.websphere.ras.TraceComponent@1ecab72b
      strings[0] = "TraceComponent[com.ibm.ws.app.manager.module.internal.SimpleDeployedAppInfoBase$ModuleContainerInfoBase,class com.ibm.ws.app.manager.module.internal.SimpleDeployedAppInfoBase$ModuleContainerInfoBase,[applications, app.manager],null,null]"
    type = class com.ibm.ws.container.service.app.deploy.ContainerInfo$Type@5e868fab
      MANIFEST_CLASSPATH = class com.ibm.ws.container.service.app.deploy.ContainerInfo$Type@674eeb57
      WEB_INF_CLASSES = class com.ibm.ws.container.service.app.deploy.ContainerInfo$Type@728eb9cf
      WEB_INF_LIB = class com.ibm.ws.container.service.app.deploy.ContainerInfo$Type@2d3ab79a
      EAR_LIB = class com.ibm.ws.container.service.app.deploy.ContainerInfo$Type@2d3963f2
      WEB_MODULE = class com.ibm.ws.container.service.app.deploy.ContainerInfo$Type@5e868fab
      EJB_MODULE = class com.ibm.ws.container.service.app.deploy.ContainerInfo$Type@3dbd2151
      CLIENT_MODULE = class com.ibm.ws.container.service.app.deploy.ContainerInfo$Type@3afab7e8
      RAR_MODULE = class com.ibm.ws.container.service.app.deploy.ContainerInfo$Type@4284414a
      JAR_MODULE = class com.ibm.ws.container.service.app.deploy.ContainerInfo$Type@24449c1b
      SHARED_LIB = class com.ibm.ws.container.service.app.deploy.ContainerInfo$Type@70a7966b
      $VALUES = class com.ibm.ws.container.service.app.deploy.ContainerInfo$Type[10]
      name = "/* Could not access name */"
      ordinal = "/* Could not access ordinal */"
      hash = "/* Could not access hash */"
    name = "g-note.war"
    container = class com.ibm.ws.adaptable.module.internal.AdaptableContainerImpl@fec61fc
      root = class com.ibm.ws.adaptable.module.internal.AdaptableContainerImpl@fec61fc
      rootOverlay = class com.ibm.ws.artifact.overlay.internal.DirectoryBasedOverlayContainerImpl@4d9ec77b
      factoryHolder = class com.ibm.ws.adaptable.module.internal.AdaptableModuleFactoryImpl@419e3e19
      delegate = class com.ibm.ws.artifact.overlay.internal.DirectoryBasedOverlayContainerImpl@4d9ec77b
      notifier = class com.ibm.ws.adaptable.module.internal.NotifierImpl@6913be72
      serialVersionUID = -5950528200509051684
      $$$tc$$$ = class com.ibm.websphere.ras.TraceComponent@24420cfd
    moduleClassLoaderFactory = class com.ibm.ws.app.manager.war.internal.WARDeployedAppInfo@1bd3fa6c
    altDDEntry = null
    classesContainerInfo = class java.util.ArrayList@48b975d8
      serialVersionUID = "/* Could not access serialVersionUID */"
      DEFAULT_CAPACITY = "/* Could not access DEFAULT_CAPACITY */"
      EMPTY_ELEMENTDATA = "/* Could not access EMPTY_ELEMENTDATA */"
      DEFAULTCAPACITY_EMPTY_ELEMENTDATA = "/* Could not access DEFAULTCAPACITY_EMPTY_ELEMENTDATA */"
      elementData = "/* Could not access elementData */"
      size = "/* Could not access size */"
      modCount = "/* Could not access modCount */"
    serialVersionUID = 4636874131959542427
    $$$tc$$$ = class com.ibm.websphere.ras.TraceComponent@46a7e46a
      strings[0] = "TraceComponent[com.ibm.ws.app.manager.module.internal.SimpleDeployedAppInfoBase$ExtendedContainerInfo,class com.ibm.ws.app.manager.module.internal.SimpleDeployedAppInfoBase$ExtendedContainerInfo,[applications, app.manager],null,null]"
  DYNAMIC_IMPORT_PACKAGE_LIST = class java.util.Collections$UnmodifiableRandomAccessList@42c5fb91
    serialVersionUID = "/* Could not access serialVersionUID */"
    serialVersionUID = "/* Could not access serialVersionUID */"
    list = "/* Could not access list */"
    serialVersionUID = "/* Could not access serialVersionUID */"
    c = "/* Could not access c */"
  serialVersionUID = 6176035338244935179
  $$$tc$$$ = class com.ibm.websphere.ras.TraceComponent@31b72989
    strings[0] = "TraceComponent[com.ibm.ws.app.manager.war.internal.WARDeployedAppInfo,class com.ibm.ws.app.manager.war.internal.WARDeployedAppInfo,[webcontainer, applications, app.manager],com.ibm.ws.app.manager.war.internal.resources.Messages,null]"
  _tc = class com.ibm.websphere.ras.TraceComponent@69bb5b88
    strings[0] = "TraceComponent[com.ibm.ws.app.manager.module.internal.DeployedAppInfoBase,class com.ibm.ws.app.manager.module.internal.DeployedAppInfoBase,[app.manager],com.ibm.ws.app.manager.module.internal.resources.Messages,null]"
  PERMISSION_XML = "permissions.xml"
  applicationInformation = class com.ibm.ws.app.manager.internal.ApplicationInstallInfo@5e3bd599
    _config = class com.ibm.ws.app.manager.internal.ApplicationConfig@d0d07f5
      tc = class com.ibm.websphere.ras.TraceComponent@59107b35
      _configPid = "com.ibm.ws.app.manager_0"
      _config = class com.ibm.ws.config.admin.ConfigurationDictionary@6802d441
      _applicationManager = class com.ibm.ws.app.manager.ApplicationManager@5e492301
      _location = "g-note.war"
      _type = "war"
      _name = "g-note"
      _notificationBroadcasterSupport = class javax.management.NotificationBroadcasterSupport@420754be
      ONE_TIME_JANDEX_MSGS_DISPLAYED = true
      serialVersionUID = -2151423388299667431
    _handlerInfo = class java.util.concurrent.atomic.AtomicReference@d1a8cd0
      serialVersionUID = "/* Could not access serialVersionUID */"
      VALUE = "/* Could not access VALUE */"
      value = "/* Could not access value */"
    _container = class java.util.concurrent.atomic.AtomicReference@3d44059c
      serialVersionUID = "/* Could not access serialVersionUID */"
      VALUE = "/* Could not access VALUE */"
      value = "/* Could not access value */"
    _resolvedLocation = class java.util.concurrent.atomic.AtomicReference@49d0dc68
      serialVersionUID = "/* Could not access serialVersionUID */"
      VALUE = "/* Could not access VALUE */"
      value = "/* Could not access value */"
    _handler = class com.ibm.ws.app.manager.war.internal.WARApplicationHandlerImpl@2c875808
      futureMonitor = class com.ibm.ws.threading.internal.FutureMonitorImpl@1fa07e48
      deployedAppFactory = class com.ibm.ws.app.manager.war.internal.WARDeployedAppInfoFactoryImpl@12666610
      serialVersionUID = 4622845147410944782
      $$$tc$$$ = class com.ibm.websphere.ras.TraceComponent@4dd5b8f3
    _ami = class java.util.concurrent.atomic.AtomicReference@75a23d44
      serialVersionUID = "/* Could not access serialVersionUID */"
      VALUE = "/* Could not access VALUE */"
      value = "/* Could not access value */"
    _updateHandler = class com.ibm.ws.app.manager.internal.statemachine.ApplicationStateMachineImpl@6857ae89
      _tc = class com.ibm.websphere.ras.TraceComponent@3e1ad4da
      EMPTY_FUTURE_ARRAY = interface java.util.concurrent.Future[0]
      asmSequenceNumber = class java.util.concurrent.atomic.AtomicLong@7232f233
      _qscaCounter = class java.util.concurrent.atomic.AtomicInteger@16c6c0c1
      _failedThrowable = null
      _interruptibleLock = class com.ibm.ws.app.manager.internal.statemachine.ApplicationStateMachineImpl$2@7f66dfa6
      _interruptible = false
      _performingQueuedActions = true
      _queuedActions = class java.util.concurrent.ConcurrentLinkedQueue@32e8c6fb
      _callbackState = class java.util.concurrent.atomic.AtomicReference@572e09ff
      blockAppStartingFutures = class java.util.Collections$SetFromMap@774e0b13
      waitingForAppHandlerFuture = class java.util.concurrent.atomic.AtomicReference@3e9c61b3
      waitingForExplicitStartFuture = class java.util.concurrent.atomic.AtomicReference@4a37b785
      startAfterFutures = class java.util.Collections$SetFromMap@6d713ecd
      completionListener = class java.util.concurrent.atomic.AtomicReference@6ae0a6e3
      _notifyAppStopped = class java.util.concurrent.ConcurrentLinkedQueue@372cc3f5
      _notifyAppStarting = class java.util.concurrent.ConcurrentLinkedQueue@40d0d10a
      _notifyAppInstallCalled = class java.util.concurrent.ConcurrentLinkedQueue@2433088b
      _notifyAppStarted = class java.util.concurrent.ConcurrentLinkedQueue@4b8b6550
      _notifyAppRemoved = class java.util.concurrent.ConcurrentLinkedQueue@1ae934bf
      _stateLock = class com.ibm.ws.app.manager.internal.statemachine.ApplicationStateMachineImpl$3@5c77ee69
      _internalState = class java.util.concurrent.atomic.AtomicReference@60bcd23c
      _currentAction = class java.util.concurrent.atomic.AtomicReference@700d9a9e
      _rfa = class java.util.concurrent.atomic.AtomicReference@231214ec
      _appInstallInfo = class java.util.concurrent.atomic.AtomicReference@4075b241
      _update = class java.util.concurrent.atomic.AtomicBoolean@46dea541
      _appConfig = class java.util.concurrent.atomic.AtomicReference@5a1b0e6e
      _nextAppConfig = class java.util.concurrent.atomic.AtomicReference@691dd4b5
      _appContainer = class java.util.concurrent.atomic.AtomicReference@417846d
      _resolvedLocation = class java.util.concurrent.atomic.AtomicReference@37d0cd03
      _handler = class java.util.concurrent.atomic.AtomicReference@35bacde9
      _asmSeqNo = 0
      _ctx = class org.eclipse.osgi.internal.framework.BundleContextImpl@6a181969
      _locAdmin = class com.ibm.ws.kernel.service.location.internal.WsLocationAdminImpl@32851f97
      _futureMonitor = class com.ibm.ws.threading.internal.FutureMonitorImpl@1fa07e48
      _artifactFactory = class com.ibm.ws.artifact.internal.ArtifactContainerFactoryService@f073f47
      _moduleFactory = class com.ibm.ws.adaptable.module.internal.AdaptableModuleFactoryImpl@419e3e19
      _executorService = class com.ibm.ws.threading.internal.ExecutorServiceImpl@5f8d6077
      _scheduledExecutorService = class com.ibm.ws.threading.internal.ScheduledExecutorImpl@404b7c8e
      _asmHelper = class com.ibm.ws.app.manager.internal.ApplicationConfigurator$NamedApplication@75059f82
      _appMonitor = class com.ibm.ws.app.manager.internal.monitor.ApplicationMonitor@a89c146
      _configurator = class com.ibm.ws.app.manager.internal.ApplicationConfigurator@56f1e7b3
      enterStateCalled = class java.util.concurrent.atomic.AtomicBoolean@3b00adc1
      serialVersionUID = 4458043999335554711
      serialVersionUID = -8760483717533387753
      $$$tc$$$ = class com.ibm.websphere.ras.TraceComponent@4ddc5749
    serialVersionUID = 2630639237123415755
    $$$tc$$$ = class com.ibm.websphere.ras.TraceComponent@4d6774f1
      strings[0] = "TraceComponent[com.ibm.ws.app.manager.internal.ApplicationInstallInfo,class com.ibm.ws.app.manager.internal.ApplicationInstallInfo,[applications, app.manager],com.ibm.ws.app.manager.internal.resources.AppManagerMessages,null]"
  location = "C:\Users\user\Desktop\EST GI\g-note\target\liberty\wlp\usr\servers\g-noteServer\apps\g-note.war.xml"
  classLoadingService = class com.ibm.ws.classloading.internal.ClassLoadingServiceImpl@40d41954
    tc = class com.ibm.websphere.ras.TraceComponent@6ed53465
      strings[0] = "TraceComponent[com.ibm.ws.classloading.internal.ClassLoadingServiceImpl,class com.ibm.ws.classloading.internal.ClassLoadingServiceImpl,[ClassLoadingService],com.ibm.ws.classloading.internal.resources.ClassLoadingServiceMessages,null]"
    leakDetectionMap = class java.util.concurrent.ConcurrentHashMap@18c2fea3
      serialVersionUID = "/* Could not access serialVersionUID */"
      MAXIMUM_CAPACITY = "/* Could not access MAXIMUM_CAPACITY */"
      DEFAULT_CAPACITY = "/* Could not access DEFAULT_CAPACITY */"
      MAX_ARRAY_SIZE = "/* Could not access MAX_ARRAY_SIZE */"
      DEFAULT_CONCURRENCY_LEVEL = "/* Could not access DEFAULT_CONCURRENCY_LEVEL */"
      LOAD_FACTOR = "/* Could not access LOAD_FACTOR */"
      TREEIFY_THRESHOLD = "/* Could not access TREEIFY_THRESHOLD */"
      UNTREEIFY_THRESHOLD = "/* Could not access UNTREEIFY_THRESHOLD */"
      MIN_TREEIFY_CAPACITY = "/* Could not access MIN_TREEIFY_CAPACITY */"
      MIN_TRANSFER_STRIDE = "/* Could not access MIN_TRANSFER_STRIDE */"
      RESIZE_STAMP_BITS = "/* Could not access RESIZE_STAMP_BITS */"
      MAX_RESIZERS = "/* Could not access MAX_RESIZERS */"
      RESIZE_STAMP_SHIFT = "/* Could not access RESIZE_STAMP_SHIFT */"
      MOVED = "/* Could not access MOVED */"
      TREEBIN = "/* Could not access TREEBIN */"
      RESERVED = "/* Could not access RESERVED */"
      HASH_BITS = "/* Could not access HASH_BITS */"
      NCPU = "/* Could not access NCPU */"
      serialPersistentFields = "/* Could not access serialPersistentFields */"
      table = "/* Could not access table */"
      nextTable = "/* Could not access nextTable */"
      baseCount = "/* Could not access baseCount */"
      sizeCtl = "/* Could not access sizeCtl */"
      transferIndex = "/* Could not access transferIndex */"
      cellsBusy = "/* Could not access cellsBusy */"
      counterCells = "/* Could not access counterCells */"
      keySet = "/* Could not access keySet */"
      values = "/* Could not access values */"
      entrySet = "/* Could not access entrySet */"
      U = "/* Could not access U */"
      SIZECTL = "/* Could not access SIZECTL */"
      TRANSFERINDEX = "/* Could not access TRANSFERINDEX */"
      BASECOUNT = "/* Could not access BASECOUNT */"
      CELLSBUSY = "/* Could not access CELLSBUSY */"
      CELLVALUE = "/* Could not access CELLVALUE */"
      ABASE = "/* Could not access ABASE */"
      ASHIFT = "/* Could not access ASHIFT */"
      keySet = "/* Could not access keySet */"
      values = "/* Could not access values */"
    appClassLoaders = class java.util.Collections$SetFromMap@51634912
      m = "/* Could not access m */"
      s = "/* Could not access s */"
      serialVersionUID = "/* Could not access serialVersionUID */"
    TCCL_LOCK_WAIT = 15000
    REFERENCE_GENERATORS = "generators"
    tcclLockStore = class com.ibm.ws.kernel.boot.utils.KeyBasedLockStore@66d44f18
      refQueue = class java.lang.ref.ReferenceQueue@19d1d0f1
      lockMap = class java.util.concurrent.ConcurrentHashMap@79c93896
      lockCreator = class com.ibm.ws.classloading.internal.ClassLoadingServiceImpl$1@2d1d0abf
    bundleContext = class org.eclipse.osgi.internal.framework.BundleContextImpl@72d66595
      valid = true
      bundle = class org.eclipse.osgi.internal.framework.EquinoxBundle@f5f9f00
      container = class org.eclipse.osgi.internal.framework.EquinoxContainer@2711991
      debug = class org.eclipse.osgi.internal.debug.Debug@19ac5b1b
      servicesInUse = class java.util.HashMap@33ce0d7f
      activator = null
      contextLock = class java.lang.Object@4e456bea
    aclStore = class com.ibm.ws.classloading.internal.util.CanonicalStore@2a02b226
      map = class java.util.concurrent.ConcurrentHashMap@33a9a951
      q = class com.ibm.ws.classloading.internal.util.RefQueue@670e4b6a
      serialVersionUID = 6715157558227169968
      $$$tc$$$ = class com.ibm.websphere.ras.TraceComponent@1937226
    tcclStore = class com.ibm.ws.classloading.internal.util.CanonicalStore@253a7623
      map = class java.util.concurrent.ConcurrentHashMap@18f092c6
      q = class com.ibm.ws.classloading.internal.util.RefQueue@329a0bef
      serialVersionUID = 6715157558227169968
      $$$tc$$$ = class com.ibm.websphere.ras.TraceComponent@1937226
    digraph = class org.eclipse.equinox.internal.region.StandardRegionDigraph@6e5a904f
      EMPTY_EDGE_SET = class java.util.Collections$UnmodifiableSet@4ee63a25
      monitor = class java.lang.Object@749cda39
      regions = class java.util.HashMap@6c8a4154
      bundleIdToRegionMapping = class org.eclipse.equinox.internal.region.StandardBundleIdToRegionMapping@9748db7
      edges = class java.util.HashMap@76bca9ae
      bundleContext = class org.eclipse.osgi.internal.framework.BundleContextImpl@6e01f9b0
      threadLocal = class java.lang.ThreadLocal@64e3e852
      subgraphTraverser = class org.eclipse.equinox.internal.region.SubgraphTraverser@5a5d957b
      bundleCollisionHook = class org.eclipse.equinox.internal.region.hook.RegionBundleCollisionHook@77e9a2b2
      bundleEventHook = class org.eclipse.equinox.internal.region.hook.RegionBundleEventHook@640b8438
      bundleFindHook = class org.eclipse.equinox.internal.region.hook.RegionBundleFindHook@1f515193
      serviceEventHook = class org.eclipse.equinox.internal.region.hook.RegionServiceEventHook@2991f94f
      serviceFindHook = class org.eclipse.equinox.internal.region.hook.RegionServiceFindHook@135722fd
      resolverHookFactory = class org.eclipse.equinox.internal.region.hook.RegionResolverHookFactory@2b455eeb
      origin = null
      originUpdateCount = -1
      updateCount = class java.util.concurrent.atomic.AtomicLong@3e8d5fd9
      defaultRegion = null
    redefiner = class com.ibm.ws.classloading.internal.util.ClassRedefiner@2ab2ae13
      tc = class com.ibm.websphere.ras.TraceComponent@158f2b65
      LS = "
"
      inst = class jdk.proxy2.$Proxy4@6d33a84b
      serialVersionUID = 2420101865139508526
    listener = class com.ibm.ws.classloading.internal.ClassLoadingServiceImpl$2@159eaae1
      this$0 = class com.ibm.ws.classloading.internal.ClassLoadingServiceImpl@40d41954
      serialVersionUID = -5816835778307299777
      $$$tc$$$ = class com.ibm.websphere.ras.TraceComponent@a25a2ac
    classloaders = class java.util.Collections$SynchronizedMap@63634d1f
      serialVersionUID = "/* Could not access serialVersionUID */"
      m = "/* Could not access m */"
      mutex = "/* Could not access mutex */"
      keySet = "/* Could not access keySet */"
      entrySet = "/* Could not access entrySet */"
      values = "/* Could not access values */"
    resourceProviders = class com.ibm.ws.classloading.internal.CompositeResourceProvider@598171d4
      lockFactory = class java.util.concurrent.locks.ReentrantReadWriteLock@7480061
      providerMap = class com.ibm.ws.classloading.internal.util.MultiMap@5ac79b18
      serialVersionUID = -5576435894946156347
      $$$tc$$$ = class com.ibm.websphere.ras.TraceComponent@21aca24c
    rememberedBundles = class java.util.concurrent.ConcurrentHashMap@667c8ec1
      serialVersionUID = "/* Could not access serialVersionUID */"
      MAXIMUM_CAPACITY = "/* Could not access MAXIMUM_CAPACITY */"
      DEFAULT_CAPACITY = "/* Could not access DEFAULT_CAPACITY */"
      MAX_ARRAY_SIZE = "/* Could not access MAX_ARRAY_SIZE */"
      DEFAULT_CONCURRENCY_LEVEL = "/* Could not access DEFAULT_CONCURRENCY_LEVEL */"
      LOAD_FACTOR = "/* Could not access LOAD_FACTOR */"
      TREEIFY_THRESHOLD = "/* Could not access TREEIFY_THRESHOLD */"
      UNTREEIFY_THRESHOLD = "/* Could not access UNTREEIFY_THRESHOLD */"
      MIN_TREEIFY_CAPACITY = "/* Could not access MIN_TREEIFY_CAPACITY */"
      MIN_TRANSFER_STRIDE = "/* Could not access MIN_TRANSFER_STRIDE */"
      RESIZE_STAMP_BITS = "/* Could not access RESIZE_STAMP_BITS */"
      MAX_RESIZERS = "/* Could not access MAX_RESIZERS */"
      RESIZE_STAMP_SHIFT = "/* Could not access RESIZE_STAMP_SHIFT */"
      MOVED = "/* Could not access MOVED */"
      TREEBIN = "/* Could not access TREEBIN */"
      RESERVED = "/* Could not access RESERVED */"
      HASH_BITS = "/* Could not access HASH_BITS */"
      NCPU = "/* Could not access NCPU */"
      serialPersistentFields = "/* Could not access serialPersistentFields */"
      table = "/* Could not access table */"
      nextTable = "/* Could not access nextTable */"
      baseCount = "/* Could not access baseCount */"
      sizeCtl = "/* Could not access sizeCtl */"
      transferIndex = "/* Could not access transferIndex */"
      cellsBusy = "/* Could not access cellsBusy */"
      counterCells = "/* Could not access counterCells */"
      keySet = "/* Could not access keySet */"
      values = "/* Could not access values */"
      entrySet = "/* Could not access entrySet */"
      U = "/* Could not access U */"
      SIZECTL = "/* Could not access SIZECTL */"
      TRANSFERINDEX = "/* Could not access TRANSFERINDEX */"
      BASECOUNT = "/* Could not access BASECOUNT */"
      CELLSBUSY = "/* Could not access CELLSBUSY */"
      CELLVALUE = "/* Could not access CELLVALUE */"
      ABASE = "/* Could not access ABASE */"
      ASHIFT = "/* Could not access ASHIFT */"
      keySet = "/* Could not access keySet */"
      values = "/* Could not access values */"
    collectedBundles = class java.lang.ref.ReferenceQueue@655e94d
      NULL = "/* Could not access NULL */"
      ENQUEUED = "/* Could not access ENQUEUED */"
      head = "/* Could not access head */"
      queueLength = "/* Could not access queueLength */"
      lock = "/* Could not access lock */"
      notEmpty = "/* Could not access notEmpty */"
      $assertionsDisabled = "/* Could not access $assertionsDisabled */"
    generatorRefs = class com.ibm.wsspi.kernel.service.utils.ConcurrentServiceReferenceSet@7f27472d
      referenceName = "generators"
      contextRef = class java.util.concurrent.atomic.AtomicReference@75356092
      elementMap = class java.util.LinkedHashMap@358ad7e0
      elementSet = class java.util.concurrent.ConcurrentSkipListSet@69e5b045
      elementSetUnsorted = false
      serialVersionUID = 756240983881166148
      $$$tc$$$ = class com.ibm.websphere.ras.TraceComponent@3a731332
    generatorManager = class com.ibm.ws.classloading.internal.ClassGeneratorManager@2d7a86cc
      tc = class com.ibm.websphere.ras.TraceComponent@762445dd
      generatorRefs = class com.ibm.wsspi.kernel.service.utils.ConcurrentServiceReferenceSet@7f27472d
      serialVersionUID = 4152663586056483310
    appExtLibs = class java.util.concurrent.CopyOnWriteArrayList@2ff21f24
      serialVersionUID = "/* Could not access serialVersionUID */"
      lock = "/* Could not access lock */"
      array = "/* Could not access array */"
    globalConfig = class com.ibm.ws.classloading.configuration.GlobalClassloadingConfiguration@6c48416
      properties = class org.apache.felix.scr.impl.helper.ReadOnlyDictionary@39984c96
      serialVersionUID = 452562347104713756
      $$$tc$$$ = class com.ibm.websphere.ras.TraceComponent@2481040d
    systemTransformers = class java.util.concurrent.CopyOnWriteArrayList@431fb5cc
      serialVersionUID = "/* Could not access serialVersionUID */"
      lock = "/* Could not access lock */"
      array = "/* Could not access array */"
    metaInfServicesProviders = class java.util.concurrent.ConcurrentHashMap@3a2a0785
      serialVersionUID = "/* Could not access serialVersionUID */"
      MAXIMUM_CAPACITY = "/* Could not access MAXIMUM_CAPACITY */"
      DEFAULT_CAPACITY = "/* Could not access DEFAULT_CAPACITY */"
      MAX_ARRAY_SIZE = "/* Could not access MAX_ARRAY_SIZE */"
      DEFAULT_CONCURRENCY_LEVEL = "/* Could not access DEFAULT_CONCURRENCY_LEVEL */"
      LOAD_FACTOR = "/* Could not access LOAD_FACTOR */"
      TREEIFY_THRESHOLD = "/* Could not access TREEIFY_THRESHOLD */"
      UNTREEIFY_THRESHOLD = "/* Could not access UNTREEIFY_THRESHOLD */"
      MIN_TREEIFY_CAPACITY = "/* Could not access MIN_TREEIFY_CAPACITY */"
      MIN_TRANSFER_STRIDE = "/* Could not access MIN_TRANSFER_STRIDE */"
      RESIZE_STAMP_BITS = "/* Could not access RESIZE_STAMP_BITS */"
      MAX_RESIZERS = "/* Could not access MAX_RESIZERS */"
      RESIZE_STAMP_SHIFT = "/* Could not access RESIZE_STAMP_SHIFT */"
      MOVED = "/* Could not access MOVED */"
      TREEBIN = "/* Could not access TREEBIN */"
      RESERVED = "/* Could not access RESERVED */"
      HASH_BITS = "/* Could not access HASH_BITS */"
      NCPU = "/* Could not access NCPU */"
      serialPersistentFields = "/* Could not access serialPersistentFields */"
      table = "/* Could not access table */"
      nextTable = "/* Could not access nextTable */"
      baseCount = "/* Could not access baseCount */"
      sizeCtl = "/* Could not access sizeCtl */"
      transferIndex = "/* Could not access transferIndex */"
      cellsBusy = "/* Could not access cellsBusy */"
      counterCells = "/* Could not access counterCells */"
      keySet = "/* Could not access keySet */"
      values = "/* Could not access values */"
      entrySet = "/* Could not access entrySet */"
      U = "/* Could not access U */"
      SIZECTL = "/* Could not access SIZECTL */"
      TRANSFERINDEX = "/* Could not access TRANSFERINDEX */"
      BASECOUNT = "/* Could not access BASECOUNT */"
      CELLSBUSY = "/* Could not access CELLSBUSY */"
      CELLVALUE = "/* Could not access CELLVALUE */"
      ABASE = "/* Could not access ABASE */"
      ASHIFT = "/* Could not access ASHIFT */"
      keySet = "/* Could not access keySet */"
      values = "/* Could not access values */"
    metaInfServicesRefs = class com.ibm.wsspi.kernel.service.utils.ConcurrentServiceReferenceMap@59e24db
      referenceName = "MetaInfServicesProvider"
      context = class org.apache.felix.scr.impl.manager.ComponentContextImpl@7c548c17
      elementMap = class java.util.concurrent.ConcurrentHashMap@4e7bd4dd
      serialVersionUID = 6980924785166233786
      $$$tc$$$ = class com.ibm.websphere.ras.TraceComponent@21497330
    protectionDomainMap = class java.util.HashMap@2758f44a
      serialVersionUID = "/* Could not access serialVersionUID */"
      DEFAULT_INITIAL_CAPACITY = "/* Could not access DEFAULT_INITIAL_CAPACITY */"
      MAXIMUM_CAPACITY = "/* Could not access MAXIMUM_CAPACITY */"
      DEFAULT_LOAD_FACTOR = "/* Could not access DEFAULT_LOAD_FACTOR */"
      TREEIFY_THRESHOLD = "/* Could not access TREEIFY_THRESHOLD */"
      UNTREEIFY_THRESHOLD = "/* Could not access UNTREEIFY_THRESHOLD */"
      MIN_TREEIFY_CAPACITY = "/* Could not access MIN_TREEIFY_CAPACITY */"
      table = "/* Could not access table */"
      entrySet = "/* Could not access entrySet */"
      size = "/* Could not access size */"
      modCount = "/* Could not access modCount */"
      threshold = "/* Could not access threshold */"
      loadFactor = "/* Could not access loadFactor */"
      keySet = "/* Could not access keySet */"
      values = "/* Could not access values */"
    metadataIdentifierService = class com.ibm.ws.container.service.metadata.internal.MetaDataServiceImpl@4e317263
    globalSharedLibrary = class java.util.concurrent.atomic.AtomicReference@19d794b8
      serialVersionUID = "/* Could not access serialVersionUID */"
      VALUE = "/* Could not access VALUE */"
      value = "/* Could not access value */"
    serialVersionUID = 4413923811772628187
  globalSharedLibrary = class com.ibm.ws.library.internal.SharedLibraryImpl@7cf9d8ab
    tc = class com.ibm.websphere.ras.TraceComponent@1b50c4e1
      strings[0] = "TraceComponent[com.ibm.ws.library.internal.SharedLibraryImpl,class com.ibm.ws.library.internal.SharedLibraryImpl,[SharedLibrary],com.ibm.ws.classloading.internal.resources.ClassLoadingServiceMessages,null]"
    deleted = false
    libraryListenersTracker = class org.osgi.util.tracker.ServiceTracker@421a8bcb
      DEBUG = false
      context = class org.eclipse.osgi.internal.framework.BundleContextImpl@72d66595
      filter = class org.eclipse.osgi.internal.framework.FilterImpl$And@1ee4d5d9
      customizer = class org.osgi.util.tracker.ServiceTracker@421a8bcb
      listenerFilter = "(&(objectClass=com.ibm.wsspi.library.LibraryChangeListener)(|(library=global)(libraryRef=*com.ibm.ws.classloading.sharedlibrary_3*)))"
      trackClass = null
      trackReference = null
      tracked = class org.osgi.util.tracker.ServiceTracker$Tracked@925d8ac
      cachedReference = null
      cachedService = null
    libraryReg = class org.eclipse.osgi.internal.serviceregistry.ServiceRegistrationImpl@5b2fd519
      registry = class org.eclipse.osgi.internal.serviceregistry.ServiceRegistry@715b380a
      context = class org.eclipse.osgi.internal.framework.BundleContextImpl@72d66595
      bundle = class org.eclipse.osgi.internal.framework.EquinoxBundle@f5f9f00
      clazzes = class java.lang.String[1]
      service = class com.ibm.ws.library.internal.SharedLibraryImpl@7cf9d8ab
      reference = class org.eclipse.osgi.internal.serviceregistry.ServiceReferenceImpl@339f9c34
      contextsUsing = class java.util.ArrayList@4537ee1d
      properties = class java.util.Collections$UnmodifiableMap@2700d597
      serviceid = 336
      serviceranking = 1
      registrationLock = class java.lang.Object@62494c8f
      state = 0
      REGISTERED = 0
      UNREGISTERING = 1
      UNREGISTERED = 2
      FRAMEWORK_SET_SERVICE_PROPERTIES_COUNT = 4
      $assertionsDisabled = true
    ctx = class org.eclipse.osgi.internal.framework.BundleContextImpl@72d66595
    classLoadingService = class com.ibm.ws.classloading.internal.ClassLoadingServiceImpl@40d41954
    configAdmin = class com.ibm.ws.config.admin.internal.ConfigurationAdminImpl@707719b1
      tc = class com.ibm.websphere.ras.TraceComponent@1a3ad52
      bundle = class org.eclipse.osgi.internal.framework.EquinoxBundle@f5f9f00
      caFactory = class com.ibm.ws.config.admin.internal.ConfigAdminServiceFactory@22ebdf2b
      serialVersionUID = -2875522750804142523
    resolvedBasePath = "C:/Users/user/Desktop/EST GI/g-note/target/liberty/wlp/usr/servers/g-noteServer/"
    generationLock = class com.ibm.ws.library.internal.SharedLibraryImpl$1@2118422a
      this$0 = class com.ibm.ws.library.internal.SharedLibraryImpl@7cf9d8ab
      serialVersionUID = 2483639803450672373
      $$$tc$$$ = class com.ibm.websphere.ras.TraceComponent@3fbc8a19
    currentGeneration = class com.ibm.ws.library.internal.LibraryGeneration@562f4868
      tc = class com.ibm.websphere.ras.TraceComponent@69d8e4f9
      nextInt = class java.util.concurrent.atomic.AtomicInteger@d9d9d98
      libraryId = "global"
      genId = 1
      libraryProps = class java.util.Hashtable@68e2adfa
      filesetRefs = class java.util.Collections$UnmodifiableRandomAccessList@308eb0c5
      apiTypeVisibility = class java.util.RegularEnumSet@20434735
      files = class java.util.Collections$EmptyList@296609fa
      folders = class java.util.ArrayList@41537ff8
      fileAndFolderContainers = class java.util.LinkedList@3c239755
      filesets = class java.util.concurrent.ArrayBlockingQueue@79ee008c
      filesetListenerRegs = class java.util.concurrent.ConcurrentLinkedQueue@432e8a6b
      cancelled = false
      library = class com.ibm.ws.library.internal.SharedLibraryImpl@7cf9d8ab
      serialVersionUID = 6965220007121905717
    nextGeneration = class com.ibm.ws.library.internal.LibraryGeneration@562f4868
    artifactContainerFactory = class com.ibm.ws.library.internal.SharedLibraryFactory$1@407dc5b5
      this$0 = class com.ibm.ws.library.internal.SharedLibraryFactory@4a50d72a
      serialVersionUID = 7730244564205089330
      $$$tc$$$ = class com.ibm.websphere.ras.TraceComponent@3cf5b5d
    packageExporter = class com.ibm.ws.library.internal.LibraryPackageExporter@80ff69a
      EXPORTER_POSTFIX = "_library_exporter"
      REGION_EXPORT_TO_LIBERTY = "liberty.library.export.to.liberty"
      REGION_EXPORT_TO_OSGI_APPS = "liberty.library.export.to.osgi.app"
      REGION_KERNEL = "org.eclipse.equinox.region.kernel"
      counter = class java.util.concurrent.atomic.AtomicLong@6ec370f
      context = class org.eclipse.osgi.internal.framework.BundleContextImpl@72d66595
      digraph = class org.eclipse.equinox.internal.region.StandardRegionDigraph@6e5a904f
      bundleToLibrary = class java.util.concurrent.ConcurrentHashMap@1493c514
      libraryToVisibility = class java.util.concurrent.ConcurrentHashMap@2a13fb94
      serialVersionUID = 8074378969667956573
      $$$tc$$$ = class com.ibm.websphere.ras.TraceComponent@62bfe5aa
    serialVersionUID = 5714743499247904517
  sharedLibDeploymentInfo = class com.ibm.ws.app.manager.module.internal.DeployedAppInfoBase$SharedLibDeploymentInfo@78fd4dc2
    locAdmin = class com.ibm.ws.kernel.service.location.internal.WsLocationAdminImpl@32851f97
    artifactFactory = class com.ibm.ws.artifact.internal.ArtifactContainerFactoryService@f073f47
    moduleFactory = class com.ibm.ws.adaptable.module.internal.AdaptableModuleFactoryImpl@419e3e19
    classesContainerInfo = class java.util.ArrayList@52086a18
      serialVersionUID = "/* Could not access serialVersionUID */"
      DEFAULT_CAPACITY = "/* Could not access DEFAULT_CAPACITY */"
      EMPTY_ELEMENTDATA = "/* Could not access EMPTY_ELEMENTDATA */"
      DEFAULTCAPACITY_EMPTY_ELEMENTDATA = "/* Could not access DEFAULTCAPACITY_EMPTY_ELEMENTDATA */"
      elementData = "/* Could not access elementData */"
      size = "/* Could not access size */"
      modCount = "/* Could not access modCount */"
    serialVersionUID = 5154735746662585226
    $$$tc$$$ = class com.ibm.websphere.ras.TraceComponent@5cc63db4
      strings[0] = "TraceComponent[com.ibm.ws.app.manager.module.internal.DeployedAppInfoBase$SharedLibDeploymentInfo,class com.ibm.ws.app.manager.module.internal.DeployedAppInfoBase$SharedLibDeploymentInfo,[applications, app.manager],null,null]"
  configAdmin = class com.ibm.ws.config.admin.internal.ConfigurationAdminImpl@1509283f
    tc = class com.ibm.websphere.ras.TraceComponent@1a3ad52
      strings[0] = "TraceComponent[com.ibm.ws.config.admin.internal.ConfigurationAdminImpl,class com.ibm.ws.config.admin.internal.ConfigurationAdminImpl,[config],com.ibm.ws.config.internal.resources.ConfigMessages,null]"
    bundle = class org.eclipse.osgi.internal.framework.EquinoxBundle@2dd643f1
      equinoxContainer = class org.eclipse.osgi.internal.framework.EquinoxContainer@2711991
      module = class org.eclipse.osgi.internal.framework.EquinoxBundle$EquinoxModule@7b7493ef
      monitor = class java.lang.Object@19d33a1d
      context = class org.eclipse.osgi.internal.framework.BundleContextImpl@7849c247
      signedContent = null
      $SWITCH_TABLE$org$eclipse$osgi$container$Module$State = {1,2,3,4,5,6,7} /* array length = 7 */
    caFactory = class com.ibm.ws.config.admin.internal.ConfigAdminServiceFactory@22ebdf2b
      tc = class com.ibm.websphere.ras.TraceComponent@8c1828c
      configurationPermission = class org.osgi.service.cm.ConfigurationPermission@45ca7257
      INDEX_DICTIONARY = 0
      INDEX_LOCATION = 1
      INDEX_METATYPE_PROCESSED = 2
      INDEX_IN_OVERRIDES_FILE = 3
      INDEX_REFERENCES = 4
      INDEX_UNIQUES = 5
      bundleContext = class org.eclipse.osgi.internal.framework.BundleContextImpl@4a48eeef
      msTracker = class com.ibm.ws.config.admin.internal.ManagedServiceTracker@4a304985
      msfTracker = class com.ibm.ws.config.admin.internal.ManagedServiceFactoryTracker@41066c5e
      pluginManager = class com.ibm.ws.config.admin.internal.PluginManager@2b0d5876
      configurationStore = class com.ibm.ws.config.admin.internal.ConfigurationStore@3d43cf8a
      updateQueue = class com.ibm.ws.config.admin.internal.UpdateQueue@75f7d5c6
      ced = class com.ibm.ws.config.admin.internal.ConfigEventDispatcher@7e133ba
      idMap = class java.util.Collections$SynchronizedMap@466e05d8
      referenceMap = class java.util.Collections$SynchronizedMap@6572bd00
      variableRegistryTracker = class org.osgi.util.tracker.ServiceTracker@2e601d8d
      variableRegistry = class com.ibm.ws.kernel.service.location.internal.VariableRegistryHelper@20929718
      configurationAdminRef = class org.eclipse.osgi.internal.serviceregistry.ServiceRegistrationImpl@4959c4fe
      serialVersionUID = 6695202270027014725
    serialVersionUID = -2875522750804142523
  libraryConfigHelper = class com.ibm.ws.classloading.ClassLoaderConfigHelper@75f79d73
    tc = class com.ibm.websphere.ras.TraceComponent@298bef4f
      strings[0] = "TraceComponent[com.ibm.ws.classloading.ClassLoaderConfigHelper,class com.ibm.ws.classloading.ClassLoaderConfigHelper,[ClassLoadingService],com.ibm.ws.classloading.internal.resources.ClassLoadingServiceMessages,null]"
    DEFAULT_API_TYPES = class java.util.RegularEnumSet@732bae28
      serialVersionUID = "/* Could not access serialVersionUID */"
      elements = "/* Could not access elements */"
      serialVersionUID = "/* Could not access serialVersionUID */"
      elementType = "/* Could not access elementType */"
      universe = "/* Could not access universe */"
    sharedLibraries = class java.util.Collections$EmptyList@296609fa
      serialVersionUID = "/* Could not access serialVersionUID */"
      modCount = "/* Could not access modCount */"
    commonLibraries = class java.util.Collections$EmptyList@296609fa
    classProviders = class java.util.Collections$EmptyList@296609fa
    sharedLibrariesPids = null
    commonLibrariesPids = null
    isDelegateLast = false
    apiTypes = class java.util.RegularEnumSet@732bae28
    classLoaderConfigProps = null
    serialVersionUID = 7643888529935916418
  isDelegateLast = false
  permissionManager = class com.ibm.ws.classloading.java2sec.PermissionManager@47792fe6
    tc = class com.ibm.websphere.ras.TraceComponent@3ec0e167
      strings[0] = "TraceComponent[com.ibm.ws.classloading.java2sec.PermissionManager,class com.ibm.ws.classloading.java2sec.PermissionManager,[Java2SecurityUtil],com.ibm.ws.classloading.internal.resources.Java2SecurityUtilMessages,null]"
    bundleContext = class org.eclipse.osgi.internal.framework.BundleContextImpl@72d66595
    classLoadingService = class com.ibm.ws.classloading.internal.ClassLoadingServiceImpl@40d41954
    DEFAULT_SERVER_RESTRICTABLE_PERMISSIONS = class java.security.Permission[4]
      Permission[0] = class java.lang.RuntimePermission@4324981c
      Permission[1] = class java.lang.RuntimePermission@1acb4682
      Permission[2] = class java.security.SecurityPermission@53a1f256
      Permission[3] = class javax.security.auth.AuthPermission@1236feb0
    DEFAULT_CLIENT_RESTRICTABLE_PERMISSIONS = class java.security.Permission[3]
      Permission[0] = class java.lang.RuntimePermission@5d525815
      Permission[1] = class java.security.SecurityPermission@73e2634e
      Permission[2] = class javax.security.auth.AuthPermission@1a29c53d
    isServer = true
    wsjarUrlStreamHandlerAvailable = true
    LOGGING_PERMISSION = "java.util.logging.LoggingPermission"
    restrictablePermissions = class java.util.ArrayList@5974bae
      serialVersionUID = "/* Could not access serialVersionUID */"
      DEFAULT_CAPACITY = "/* Could not access DEFAULT_CAPACITY */"
      EMPTY_ELEMENTDATA = "/* Could not access EMPTY_ELEMENTDATA */"
      DEFAULTCAPACITY_EMPTY_ELEMENTDATA = "/* Could not access DEFAULTCAPACITY_EMPTY_ELEMENTDATA */"
      elementData = "/* Could not access elementData */"
      size = "/* Could not access size */"
      modCount = "/* Could not access modCount */"
    javaAllCodeBasePermissions = class java.util.ArrayList@688b8516
      serialVersionUID = "/* Could not access serialVersionUID */"
      DEFAULT_CAPACITY = "/* Could not access DEFAULT_CAPACITY */"
      EMPTY_ELEMENTDATA = "/* Could not access EMPTY_ELEMENTDATA */"
      DEFAULTCAPACITY_EMPTY_ELEMENTDATA = "/* Could not access DEFAULTCAPACITY_EMPTY_ELEMENTDATA */"
      elementData = "/* Could not access elementData */"
      size = "/* Could not access size */"
      modCount = "/* Could not access modCount */"
    expandProps = true
    grantedPermissions = class java.util.ArrayList@d553034
      serialVersionUID = "/* Could not access serialVersionUID */"
      DEFAULT_CAPACITY = "/* Could not access DEFAULT_CAPACITY */"
      EMPTY_ELEMENTDATA = "/* Could not access EMPTY_ELEMENTDATA */"
      DEFAULTCAPACITY_EMPTY_ELEMENTDATA = "/* Could not access DEFAULTCAPACITY_EMPTY_ELEMENTDATA */"
      elementData = "/* Could not access elementData */"
      size = "/* Could not access size */"
      modCount = "/* Could not access modCount */"
    KEY_PERMISSION = "permission"
    INCORRECT_PERMISSION_CONFIGURATION = "INCORRECT_PERMISSION_CONFIGURATION"
    PERMISSION_CLASSNOTFOUND = "PERMISSION_CLASSNOTFOUND"
    SERVER_XML = "server.xml"
    CLIENT_XML = "client.xml"
    JAVA_POLICY = "java.policy"
    os_name = "Windows 10"
    os_version = "10.0"
    originationFile = "server.xml"
    permissions = class com.ibm.wsspi.kernel.service.utils.ConcurrentServiceReferenceSet@6c36a00a
      referenceName = "permission"
      contextRef = class java.util.concurrent.atomic.AtomicReference@57c5467a
      elementMap = class java.util.LinkedHashMap@76c88d78
      elementSet = class java.util.concurrent.ConcurrentSkipListSet@5e4d8a1a
      elementSetUnsorted = false
      serialVersionUID = 756240983881166148
      $$$tc$$$ = class com.ibm.websphere.ras.TraceComponent@3a731332
    codeBasePermissionMap = class java.util.HashMap@53c35c19
      serialVersionUID = "/* Could not access serialVersionUID */"
      DEFAULT_INITIAL_CAPACITY = "/* Could not access DEFAULT_INITIAL_CAPACITY */"
      MAXIMUM_CAPACITY = "/* Could not access MAXIMUM_CAPACITY */"
      DEFAULT_LOAD_FACTOR = "/* Could not access DEFAULT_LOAD_FACTOR */"
      TREEIFY_THRESHOLD = "/* Could not access TREEIFY_THRESHOLD */"
      UNTREEIFY_THRESHOLD = "/* Could not access UNTREEIFY_THRESHOLD */"
      MIN_TREEIFY_CAPACITY = "/* Could not access MIN_TREEIFY_CAPACITY */"
      table = "/* Could not access table */"
      entrySet = "/* Could not access entrySet */"
      size = "/* Could not access size */"
      modCount = "/* Could not access modCount */"
      threshold = "/* Could not access threshold */"
      loadFactor = "/* Could not access loadFactor */"
      keySet = "/* Could not access keySet */"
      values = "/* Could not access values */"
    permissionXMLPermissionMap = class java.util.HashMap@67d4c042
      serialVersionUID = "/* Could not access serialVersionUID */"
      DEFAULT_INITIAL_CAPACITY = "/* Could not access DEFAULT_INITIAL_CAPACITY */"
      MAXIMUM_CAPACITY = "/* Could not access MAXIMUM_CAPACITY */"
      DEFAULT_LOAD_FACTOR = "/* Could not access DEFAULT_LOAD_FACTOR */"
      TREEIFY_THRESHOLD = "/* Could not access TREEIFY_THRESHOLD */"
      UNTREEIFY_THRESHOLD = "/* Could not access UNTREEIFY_THRESHOLD */"
      MIN_TREEIFY_CAPACITY = "/* Could not access MIN_TREEIFY_CAPACITY */"
      table = "/* Could not access table */"
      entrySet = "/* Could not access entrySet */"
      size = "/* Could not access size */"
      modCount = "/* Could not access modCount */"
      threshold = "/* Could not access threshold */"
      loadFactor = "/* Could not access loadFactor */"
      keySet = "/* Could not access keySet */"
      values = "/* Could not access values */"
    serialVersionUID = 8583289148510585888
  permissionsConfig = null
  serialVersionUID = 1131686356392279747
  appInfo = class com.ibm.ws.container.service.app.deploy.internal.ApplicationInfoImpl@3f7185a3
    appName = "g-note"
    appMetaData = class com.ibm.ws.container.service.app.deploy.internal.ApplicationMetaDataImpl@580e1565
      j2eeName = class com.ibm.ws.container.service.metadata.internal.J2EENameImpl@272b0c77
      serialVersionUID = -7906531148367236579
      $$$tc$$$ = class com.ibm.websphere.ras.TraceComponent@28fece43
      tc = class com.ibm.websphere.ras.TraceComponent@48df3e69
      NUM_STATIC_SLOTS = 4
      ID_UNINITIALIZED = -1
      id = 0
      metaDataInterface = class java.lang.Class@1d90b891
      staticSlots = class java.lang.Object[4]
      dynamicSlots = class java.lang.Object[4]
    appContainer = class com.ibm.ws.adaptable.module.internal.AdaptableContainerImpl@fec61fc
    configHelper = class com.ibm.ws.app.manager.module.ApplicationNestedConfigHelper@8cd86fb
      appInfo = class com.ibm.ws.app.manager.internal.ApplicationInstallInfo@5e3bd599
      serialVersionUID = -3174031738676705046
      $$$tc$$$ = class com.ibm.websphere.ras.TraceComponent@26fa56d5
    applicationInformation = class com.ibm.ws.app.manager.internal.ApplicationInstallInfo@5e3bd599
    serialVersionUID = 5227817860647895780
    $$$tc$$$ = class com.ibm.websphere.ras.TraceComponent@641642b2
      strings[0] = "TraceComponent[com.ibm.ws.container.service.app.deploy.internal.ApplicationInfoImpl,class com.ibm.ws.container.service.app.deploy.internal.ApplicationInfoImpl,[container.service],com.ibm.ws.container.service.resources.Messages,null]"
  appInfoRegistration = null
  modulesDeployed = class java.util.ArrayList@9ec6bd6
    serialVersionUID = "/* Could not access serialVersionUID */"
    DEFAULT_CAPACITY = "/* Could not access DEFAULT_CAPACITY */"
    EMPTY_ELEMENTDATA = "/* Could not access EMPTY_ELEMENTDATA */"
    DEFAULTCAPACITY_EMPTY_ELEMENTDATA = "/* Could not access DEFAULTCAPACITY_EMPTY_ELEMENTDATA */"
    elementData = "/* Could not access elementData */"
    size = "/* Could not access size */"
    modCount = "/* Could not access modCount */"
  starting = true
  started = false
  deployedAppServices = class com.ibm.ws.app.manager.module.internal.DeployedAppServicesImpl@328b8626
    SERVER_APPS_DIR = "${server.output.dir}/apps/"
    EXPANDED_APPS_DIR = "${server.output.dir}/apps/expanded/"
    bundleContext = class org.eclipse.osgi.internal.framework.BundleContextImpl@7849c247
      valid = true
      bundle = class org.eclipse.osgi.internal.framework.EquinoxBundle@2dd643f1
      container = class org.eclipse.osgi.internal.framework.EquinoxContainer@2711991
      debug = class org.eclipse.osgi.internal.debug.Debug@19ac5b1b
      servicesInUse = class java.util.HashMap@1591a3f5
      activator = null
      contextLock = class java.lang.Object@354a1a28
    applicationInfoFactory = class com.ibm.ws.container.service.app.deploy.internal.ApplicationInfoFactoryImpl@4039639d
    futureMonitor = class com.ibm.ws.threading.internal.FutureMonitorImpl@1fa07e48
    classLoadingService = class com.ibm.ws.classloading.internal.ClassLoadingServiceImpl@40d41954
    globalSharedLibrary = class com.ibm.ws.library.internal.SharedLibraryImpl@7cf9d8ab
    globalSharedLibraryPid = "com.ibm.ws.classloading.sharedlibrary_3"
    configAdmin = class com.ibm.ws.config.admin.internal.ConfigurationAdminImpl@1509283f
    metaDataService = class com.ibm.ws.container.service.metadata.internal.MetaDataServiceImpl@4e317263
    stateChangeService = class com.ibm.ws.container.service.state.internal.StateChangeServiceImpl@5c17867a
    allModuleTypes = class java.lang.String[4]
      String[0] = "ejb"
      String[1] = "web"
      String[2] = "client"
      String[3] = "connector"
    moduleMetaDataExtenders = class java.util.concurrent.ConcurrentHashMap@1374356c
      serialVersionUID = "/* Could not access serialVersionUID */"
      MAXIMUM_CAPACITY = "/* Could not access MAXIMUM_CAPACITY */"
      DEFAULT_CAPACITY = "/* Could not access DEFAULT_CAPACITY */"
      MAX_ARRAY_SIZE = "/* Could not access MAX_ARRAY_SIZE */"
      DEFAULT_CONCURRENCY_LEVEL = "/* Could not access DEFAULT_CONCURRENCY_LEVEL */"
      LOAD_FACTOR = "/* Could not access LOAD_FACTOR */"
      TREEIFY_THRESHOLD = "/* Could not access TREEIFY_THRESHOLD */"
      UNTREEIFY_THRESHOLD = "/* Could not access UNTREEIFY_THRESHOLD */"
      MIN_TREEIFY_CAPACITY = "/* Could not access MIN_TREEIFY_CAPACITY */"
      MIN_TRANSFER_STRIDE = "/* Could not access MIN_TRANSFER_STRIDE */"
      RESIZE_STAMP_BITS = "/* Could not access RESIZE_STAMP_BITS */"
      MAX_RESIZERS = "/* Could not access MAX_RESIZERS */"
      RESIZE_STAMP_SHIFT = "/* Could not access RESIZE_STAMP_SHIFT */"
      MOVED = "/* Could not access MOVED */"
      TREEBIN = "/* Could not access TREEBIN */"
      RESERVED = "/* Could not access RESERVED */"
      HASH_BITS = "/* Could not access HASH_BITS */"
      NCPU = "/* Could not access NCPU */"
      serialPersistentFields = "/* Could not access serialPersistentFields */"
      table = "/* Could not access table */"
      nextTable = "/* Could not access nextTable */"
      baseCount = "/* Could not access baseCount */"
      sizeCtl = "/* Could not access sizeCtl */"
      transferIndex = "/* Could not access transferIndex */"
      cellsBusy = "/* Could not access cellsBusy */"
      counterCells = "/* Could not access counterCells */"
      keySet = "/* Could not access keySet */"
      values = "/* Could not access values */"
      entrySet = "/* Could not access entrySet */"
      U = "/* Could not access U */"
      SIZECTL = "/* Could not access SIZECTL */"
      TRANSFERINDEX = "/* Could not access TRANSFERINDEX */"
      BASECOUNT = "/* Could not access BASECOUNT */"
      CELLSBUSY = "/* Could not access CELLSBUSY */"
      CELLVALUE = "/* Could not access CELLVALUE */"
      ABASE = "/* Could not access ABASE */"
      ASHIFT = "/* Could not access ASHIFT */"
      keySet = "/* Could not access keySet */"
      values = "/* Could not access values */"
    nestedModuleMetaDataFactories = class java.util.concurrent.ConcurrentHashMap@79651b7e
      serialVersionUID = "/* Could not access serialVersionUID */"
      MAXIMUM_CAPACITY = "/* Could not access MAXIMUM_CAPACITY */"
      DEFAULT_CAPACITY = "/* Could not access DEFAULT_CAPACITY */"
      MAX_ARRAY_SIZE = "/* Could not access MAX_ARRAY_SIZE */"
      DEFAULT_CONCURRENCY_LEVEL = "/* Could not access DEFAULT_CONCURRENCY_LEVEL */"
      LOAD_FACTOR = "/* Could not access LOAD_FACTOR */"
      TREEIFY_THRESHOLD = "/* Could not access TREEIFY_THRESHOLD */"
      UNTREEIFY_THRESHOLD = "/* Could not access UNTREEIFY_THRESHOLD */"
      MIN_TREEIFY_CAPACITY = "/* Could not access MIN_TREEIFY_CAPACITY */"
      MIN_TRANSFER_STRIDE = "/* Could not access MIN_TRANSFER_STRIDE */"
      RESIZE_STAMP_BITS = "/* Could not access RESIZE_STAMP_BITS */"
      MAX_RESIZERS = "/* Could not access MAX_RESIZERS */"
      RESIZE_STAMP_SHIFT = "/* Could not access RESIZE_STAMP_SHIFT */"
      MOVED = "/* Could not access MOVED */"
      TREEBIN = "/* Could not access TREEBIN */"
      RESERVED = "/* Could not access RESERVED */"
      HASH_BITS = "/* Could not access HASH_BITS */"
      NCPU = "/* Could not access NCPU */"
      serialPersistentFields = "/* Could not access serialPersistentFields */"
      table = "/* Could not access table */"
      nextTable = "/* Could not access nextTable */"
      baseCount = "/* Could not access baseCount */"
      sizeCtl = "/* Could not access sizeCtl */"
      transferIndex = "/* Could not access transferIndex */"
      cellsBusy = "/* Could not access cellsBusy */"
      counterCells = "/* Could not access counterCells */"
      keySet = "/* Could not access keySet */"
      values = "/* Could not access values */"
      entrySet = "/* Could not access entrySet */"
      U = "/* Could not access U */"
      SIZECTL = "/* Could not access SIZECTL */"
      TRANSFERINDEX = "/* Could not access TRANSFERINDEX */"
      BASECOUNT = "/* Could not access BASECOUNT */"
      CELLSBUSY = "/* Could not access CELLSBUSY */"
      CELLVALUE = "/* Could not access CELLVALUE */"
      ABASE = "/* Could not access ABASE */"
      ASHIFT = "/* Could not access ASHIFT */"
      keySet = "/* Could not access keySet */"
      values = "/* Could not access values */"
    permissionManager = class com.ibm.ws.classloading.java2sec.PermissionManager@47792fe6
    locAdmin = class com.ibm.ws.kernel.service.location.internal.WsLocationAdminImpl@32851f97
      tc = class com.ibm.websphere.ras.TraceComponent@7e95975e
      LOC_INTERNAL_LIB_DIR = "wlp.lib.dir"
      LOC_INTERNAL_WORKAREA_DIR = "wlp.workarea.dir"
      LOC_AREA_NAME_APPS = "shared/apps/"
      LOC_AREA_NAME_CONFIG = "shared/config/"
      LOC_AREA_NAME_RESC = "shared/resources/"
      LOC_AREA_NAME_STATE = "logs/state/"
      LOC_AREA_NAME_SERVERS = "servers/"
      LOC_AREA_NAME_CLIENTS = "clients/"
      LOC_AREA_NAME_WORKING = "workarea/"
      LOC_AREA_NAME_LOGS = "logs/"
      LOC_AREA_NAME_EXTENSION = "extension/"
      instance = class com.ibm.ws.kernel.service.location.internal.WsLocationAdminImpl@32851f97
      installRoot = class com.ibm.ws.kernel.service.location.internal.SymbolicRootResource@1429cb74
      installParentRoot = class com.ibm.ws.kernel.service.location.internal.SymbolicRootResource@14715049
      userRoot = class com.ibm.ws.kernel.service.location.internal.SymbolicRootResource@43d24460
      usrExtensionRoot = class com.ibm.ws.kernel.service.location.internal.SymbolicRootResource@7c6a50e4
      serverConfigDir = class com.ibm.ws.kernel.service.location.internal.SymbolicRootResource@26c24676
      serverOutputDir = class com.ibm.ws.kernel.service.location.internal.SymbolicRootResource@26c24676
      bootstrapLib = class com.ibm.ws.kernel.service.location.internal.LocalFileResource@38afb9ff
      serverWorkarea = class com.ibm.ws.kernel.service.location.internal.LocalFileResource@698f0bce
      serverState = class com.ibm.ws.kernel.service.location.internal.LocalFileResource@474c8b6b
      sharedAppsRoot = class com.ibm.ws.kernel.service.location.internal.SymbolicRootResource@73099402
      sharedConfigRoot = class com.ibm.ws.kernel.service.location.internal.SymbolicRootResource@362cbbdd
      sharedResourceRoot = class com.ibm.ws.kernel.service.location.internal.SymbolicRootResource@276c17ad
      tmpRoot = class com.ibm.ws.kernel.service.location.internal.SymbolicRootResource@4d8c7f8
      serverName = "g-noteServer"
      resourcePaths = class java.util.ArrayList@3b4eeae5
      resourceGroups = class java.util.HashMap@68ef4c02
      commonRoot = class com.ibm.ws.kernel.service.location.internal.VirtualRootResource@2ff9efcd
      serverCfgDirStr = "C:/Users/user/Desktop/EST GI/g-note/target/liberty/wlp/usr/servers/g-noteServer/"
      variableSourceDirs = "C:/Users/user/Desktop/EST GI/g-note/target/liberty/wlp/usr/servers/g-noteServer/variables/"
      serialVersionUID = 7963438175177362522
    artifactFactory = class com.ibm.ws.artifact.internal.ArtifactContainerFactoryService@f073f47
      CATEGORY_PROP_NAME = "category"
      ENTRY_KEY = "com.ibm.wsspi.artifact.ArtifactEntry"
      helperMap = class com.ibm.wsspi.kernel.service.utils.ConcurrentServiceReferenceSetMap@14099926
      contributorMap = class com.ibm.wsspi.kernel.service.utils.ConcurrentServiceReferenceSetMap@23161810
      helperCategoryMap = class com.ibm.wsspi.kernel.service.utils.ConcurrentServiceReferenceSetMap@76b22e46
      contributorCategoryMap = class com.ibm.wsspi.kernel.service.utils.ConcurrentServiceReferenceSetMap@6d1f9788
      categories = class java.util.Collections$SynchronizedSet@3507e3a4
      baseProperties = class org.apache.felix.scr.impl.helper.ReadOnlyDictionary@26c2ab8c
      registration = class com.ibm.ws.kernel.service.util.ServiceRegistrationModifier@4165710c
      serialVersionUID = 6566424214406946230
      $$$tc$$$ = class com.ibm.websphere.ras.TraceComponent@51d3706f
    moduleFactory = class com.ibm.ws.adaptable.module.internal.AdaptableModuleFactoryImpl@419e3e19
      adapterFactoryService = class com.ibm.ws.adaptable.module.internal.AdapterFactoryServiceImpl@23ab36b3
      containerFactory = class com.ibm.ws.artifact.internal.ArtifactContainerFactoryService@f073f47
      overlayContainerFactory = class com.ibm.ws.artifact.overlay.internal.OverlayContainerFactoryImpl@7f595a41
      serialVersionUID = 4200251809856292987
      $$$tc$$$ = class com.ibm.websphere.ras.TraceComponent@5d6080e1
    serialVersionUID = 8537801607979767986
    $$$tc$$$ = class com.ibm.websphere.ras.TraceComponent@2fadf568
      strings[0] = "TraceComponent[com.ibm.ws.app.manager.module.internal.DeployedAppServicesImpl,class com.ibm.ws.app.manager.module.internal.DeployedAppServicesImpl,[applications, app.manager],null,null]"
  futureMonitor = class com.ibm.ws.threading.internal.FutureMonitorImpl@1fa07e48
    _monitor = class java.util.concurrent.ConcurrentLinkedQueue@21eab4a1
      serialVersionUID = "/* Could not access serialVersionUID */"
      head = "/* Could not access head */"
      tail = "/* Could not access tail */"
      MAX_HOPS = "/* Could not access MAX_HOPS */"
      HEAD = "/* Could not access HEAD */"
      TAIL = "/* Could not access TAIL */"
      ITEM = "/* Could not access ITEM */"
      NEXT = "/* Could not access NEXT */"
    _executor = class com.ibm.ws.threading.internal.DeferrableScheduledExecutorImpl@1db7a17d
      PERIOD_MILLISECONDS = 15000
      executor = class com.ibm.ws.threading.internal.ScheduledExecutorImpl@404b7c8e
      serialVersionUID = 4761900424000004220
      $$$tc$$$ = class com.ibm.websphere.ras.TraceComponent@1081e72b
    _threadRunning = class java.util.concurrent.atomic.AtomicBoolean@3f91ee6f
      serialVersionUID = "/* Could not access serialVersionUID */"
      VALUE = "/* Could not access VALUE */"
      value = "/* Could not access value */"
    _thread = class com.ibm.ws.threading.internal.FutureMonitorImpl$1@32113353
      this$0 = class com.ibm.ws.threading.internal.FutureMonitorImpl@1fa07e48
      serialVersionUID = 2422512430832938099
      $$$tc$$$ = class com.ibm.websphere.ras.TraceComponent@4773d638
    serialVersionUID = 2765238413969174390
    $$$tc$$$ = class com.ibm.websphere.ras.TraceComponent@3222805
      strings[0] = "TraceComponent[com.ibm.ws.threading.internal.FutureMonitorImpl,class com.ibm.ws.threading.internal.FutureMonitorImpl,[Threading],com.ibm.ws.threading.internal.resources.ThreadingMessages,null]"
  appInfoFactory = class com.ibm.ws.container.service.app.deploy.internal.ApplicationInfoFactoryImpl@4039639d
    j2eeNameFactory = class com.ibm.wsspi.kernel.service.utils.AtomicServiceReference@767f46a
      referenceName = "j2eeNameFactory"
      tuple = class java.util.concurrent.atomic.AtomicReference@61cb7179
      serialVersionUID = 2226592364007985000
      $$$tc$$$ = class com.ibm.websphere.ras.TraceComponent@10eae999
    names = class java.util.HashSet@677daa68
      serialVersionUID = "/* Could not access serialVersionUID */"
      map = "/* Could not access map */"
      PRESENT = "/* Could not access PRESENT */"
    serialVersionUID = 6232436640731165768
    $$$tc$$$ = class com.ibm.websphere.ras.TraceComponent@4feb65e8
      strings[0] = "TraceComponent[com.ibm.ws.container.service.app.deploy.internal.ApplicationInfoFactoryImpl,class com.ibm.ws.container.service.app.deploy.internal.ApplicationInfoFactoryImpl,[container.service],com.ibm.ws.container.service.resources.Messages,null]"
  metaDataService = class com.ibm.ws.container.service.metadata.internal.MetaDataServiceImpl@4e317263
    applicationMetaDataManager = class com.ibm.ws.container.service.metadata.internal.ApplicationMetaDataManager@5b3e625c
      serialVersionUID = 1843747281024490904
      $$$tc$$$ = class com.ibm.websphere.ras.TraceComponent@7450f20c
      listeners = class com.ibm.wsspi.kernel.service.utils.ConcurrentServiceReferenceSet@3083dc4d
      metaDataIDs = class com.ibm.ws.container.service.metadata.internal.IndexList@1d457c86
      metaDatas = class java.util.ArrayList@3f1b68b
      slotIDs = class com.ibm.ws.container.service.metadata.internal.IndexList@5fd0a7f6
      serialVersionUID = 5464421863354792977
      $$$tc$$$ = class com.ibm.websphere.ras.TraceComponent@7440681f
    moduleMetaDataManager = class com.ibm.ws.container.service.metadata.internal.ModuleMetaDataManager@6b65eca3
      serialVersionUID = 2513574389899327209
      $$$tc$$$ = class com.ibm.websphere.ras.TraceComponent@13ce0a95
      listeners = class com.ibm.wsspi.kernel.service.utils.ConcurrentServiceReferenceSet@16641617
      metaDataIDs = class com.ibm.ws.container.service.metadata.internal.IndexList@668e2366
      metaDatas = class java.util.ArrayList@48acc64f
      slotIDs = class com.ibm.ws.container.service.metadata.internal.IndexList@7c32b215
      serialVersionUID = 5464421863354792977
      $$$tc$$$ = class com.ibm.websphere.ras.TraceComponent@7440681f
    componentMetaDataManager = class com.ibm.ws.container.service.metadata.internal.ComponentMetaDataManager@47a585af
      serialVersionUID = 8629793739641703882
      $$$tc$$$ = class com.ibm.websphere.ras.TraceComponent@7a0806af
      listeners = class com.ibm.wsspi.kernel.service.utils.ConcurrentServiceReferenceSet@4c8310b7
      metaDataIDs = class com.ibm.ws.container.service.metadata.internal.IndexList@12ecd845
      metaDatas = class java.util.ArrayList@713a382f
      slotIDs = class com.ibm.ws.container.service.metadata.internal.IndexList@3599d9d5
      serialVersionUID = 5464421863354792977
      $$$tc$$$ = class com.ibm.websphere.ras.TraceComponent@7440681f
    methodMetaDataManager = class com.ibm.ws.container.service.metadata.internal.MethodMetaDataManager@69dba083
      serialVersionUID = -8002489041502300640
      $$$tc$$$ = class com.ibm.websphere.ras.TraceComponent@471b2179
      listeners = class com.ibm.wsspi.kernel.service.utils.ConcurrentServiceReferenceSet@6a36a5ac
      metaDataIDs = class com.ibm.ws.container.service.metadata.internal.IndexList@4f5f1d4b
      metaDatas = class java.util.ArrayList@8d347c9
      slotIDs = class com.ibm.ws.container.service.metadata.internal.IndexList@6eaa0290
      serialVersionUID = 5464421863354792977
      $$$tc$$$ = class com.ibm.websphere.ras.TraceComponent@7440681f
    appModuleNameToModuleContainer = class java.util.concurrent.ConcurrentHashMap@1e172004
      serialVersionUID = "/* Could not access serialVersionUID */"
      MAXIMUM_CAPACITY = "/* Could not access MAXIMUM_CAPACITY */"
      DEFAULT_CAPACITY = "/* Could not access DEFAULT_CAPACITY */"
      MAX_ARRAY_SIZE = "/* Could not access MAX_ARRAY_SIZE */"
      DEFAULT_CONCURRENCY_LEVEL = "/* Could not access DEFAULT_CONCURRENCY_LEVEL */"
      LOAD_FACTOR = "/* Could not access LOAD_FACTOR */"
      TREEIFY_THRESHOLD = "/* Could not access TREEIFY_THRESHOLD */"
      UNTREEIFY_THRESHOLD = "/* Could not access UNTREEIFY_THRESHOLD */"
      MIN_TREEIFY_CAPACITY = "/* Could not access MIN_TREEIFY_CAPACITY */"
      MIN_TRANSFER_STRIDE = "/* Could not access MIN_TRANSFER_STRIDE */"
      RESIZE_STAMP_BITS = "/* Could not access RESIZE_STAMP_BITS */"
      MAX_RESIZERS = "/* Could not access MAX_RESIZERS */"
      RESIZE_STAMP_SHIFT = "/* Could not access RESIZE_STAMP_SHIFT */"
      MOVED = "/* Could not access MOVED */"
      TREEBIN = "/* Could not access TREEBIN */"
      RESERVED = "/* Could not access RESERVED */"
      HASH_BITS = "/* Could not access HASH_BITS */"
      NCPU = "/* Could not access NCPU */"
      serialPersistentFields = "/* Could not access serialPersistentFields */"
      table = "/* Could not access table */"
      nextTable = "/* Could not access nextTable */"
      baseCount = "/* Could not access baseCount */"
      sizeCtl = "/* Could not access sizeCtl */"
      transferIndex = "/* Could not access transferIndex */"
      cellsBusy = "/* Could not access cellsBusy */"
      counterCells = "/* Could not access counterCells */"
      keySet = "/* Could not access keySet */"
      values = "/* Could not access values */"
      entrySet = "/* Could not access entrySet */"
      U = "/* Could not access U */"
      SIZECTL = "/* Could not access SIZECTL */"
      TRANSFERINDEX = "/* Could not access TRANSFERINDEX */"
      BASECOUNT = "/* Could not access BASECOUNT */"
      CELLSBUSY = "/* Could not access CELLSBUSY */"
      CELLVALUE = "/* Could not access CELLVALUE */"
      ABASE = "/* Could not access ABASE */"
      ASHIFT = "/* Could not access ASHIFT */"
      keySet = "/* Could not access keySet */"
      values = "/* Could not access values */"
    jeeNameToComponentMetaData = class java.util.concurrent.ConcurrentHashMap@5a53c791
      serialVersionUID = "/* Could not access serialVersionUID */"
      MAXIMUM_CAPACITY = "/* Could not access MAXIMUM_CAPACITY */"
      DEFAULT_CAPACITY = "/* Could not access DEFAULT_CAPACITY */"
      MAX_ARRAY_SIZE = "/* Could not access MAX_ARRAY_SIZE */"
      DEFAULT_CONCURRENCY_LEVEL = "/* Could not access DEFAULT_CONCURRENCY_LEVEL */"
      LOAD_FACTOR = "/* Could not access LOAD_FACTOR */"
      TREEIFY_THRESHOLD = "/* Could not access TREEIFY_THRESHOLD */"
      UNTREEIFY_THRESHOLD = "/* Could not access UNTREEIFY_THRESHOLD */"
      MIN_TREEIFY_CAPACITY = "/* Could not access MIN_TREEIFY_CAPACITY */"
      MIN_TRANSFER_STRIDE = "/* Could not access MIN_TRANSFER_STRIDE */"
      RESIZE_STAMP_BITS = "/* Could not access RESIZE_STAMP_BITS */"
      MAX_RESIZERS = "/* Could not access MAX_RESIZERS */"
      RESIZE_STAMP_SHIFT = "/* Could not access RESIZE_STAMP_SHIFT */"
      MOVED = "/* Could not access MOVED */"
      TREEBIN = "/* Could not access TREEBIN */"
      RESERVED = "/* Could not access RESERVED */"
      HASH_BITS = "/* Could not access HASH_BITS */"
      NCPU = "/* Could not access NCPU */"
      serialPersistentFields = "/* Could not access serialPersistentFields */"
      table = "/* Could not access table */"
      nextTable = "/* Could not access nextTable */"
      baseCount = "/* Could not access baseCount */"
      sizeCtl = "/* Could not access sizeCtl */"
      transferIndex = "/* Could not access transferIndex */"
      cellsBusy = "/* Could not access cellsBusy */"
      counterCells = "/* Could not access counterCells */"
      keySet = "/* Could not access keySet */"
      values = "/* Could not access values */"
      entrySet = "/* Could not access entrySet */"
      U = "/* Could not access U */"
      SIZECTL = "/* Could not access SIZECTL */"
      TRANSFERINDEX = "/* Could not access TRANSFERINDEX */"
      BASECOUNT = "/* Could not access BASECOUNT */"
      CELLSBUSY = "/* Could not access CELLSBUSY */"
      CELLVALUE = "/* Could not access CELLVALUE */"
      ABASE = "/* Could not access ABASE */"
      ASHIFT = "/* Could not access ASHIFT */"
      keySet = "/* Could not access keySet */"
      values = "/* Could not access values */"
    deferredMetaDataFactories = class com.ibm.wsspi.kernel.service.utils.ConcurrentServiceReferenceSet@3130a989
      referenceName = "deferredMetaDataFactory"
      contextRef = class java.util.concurrent.atomic.AtomicReference@a80aead
      elementMap = class java.util.LinkedHashMap@b1718c
      elementSet = class java.util.concurrent.ConcurrentSkipListSet@35cbf555
      elementSetUnsorted = false
      serialVersionUID = 756240983881166148
      $$$tc$$$ = class com.ibm.websphere.ras.TraceComponent@3a731332
    deferredMetaDataInitializers = class com.ibm.wsspi.kernel.service.utils.ConcurrentServiceReferenceMap@5dbc894
      referenceName = "deferredMetaDataFactory"
      context = class org.apache.felix.scr.impl.manager.ComponentContextImpl@39613418
      elementMap = class java.util.concurrent.ConcurrentHashMap@3002b9d8
      serialVersionUID = 6980924785166233786
      $$$tc$$$ = class com.ibm.websphere.ras.TraceComponent@21497330
    serialVersionUID = -2494605732980966097
    $$$tc$$$ = class com.ibm.websphere.ras.TraceComponent@2774fc9f
      strings[0] = "TraceComponent[com.ibm.ws.container.service.metadata.internal.MetaDataServiceImpl,class com.ibm.ws.container.service.metadata.internal.MetaDataServiceImpl,[Runtime],null,null]"
  stateChangeService = class com.ibm.ws.container.service.state.internal.StateChangeServiceImpl@5c17867a
    applicationStateManager = class com.ibm.ws.container.service.state.internal.ApplicationStateManager@3bb33798
      serialVersionUID = -6685368059484454124
      $$$tc$$$ = class com.ibm.websphere.ras.TraceComponent@177ed2ea
      listeners = class com.ibm.wsspi.kernel.service.utils.ConcurrentServiceReferenceSet@63226fa6
      serialVersionUID = 2284273176985484160
      $$$tc$$$ = class com.ibm.websphere.ras.TraceComponent@f6d8189
    moduleStateManager = class com.ibm.ws.container.service.state.internal.ModuleStateManager@7a71a63f
      serialVersionUID = -5540260902341249963
      $$$tc$$$ = class com.ibm.websphere.ras.TraceComponent@28b46bd9
      listeners = class com.ibm.wsspi.kernel.service.utils.ConcurrentServiceReferenceSet@19d89149
      serialVersionUID = 2284273176985484160
      $$$tc$$$ = class com.ibm.websphere.ras.TraceComponent@f6d8189
    serialVersionUID = -537917915330350560
    $$$tc$$$ = class com.ibm.websphere.ras.TraceComponent@3f9c6ca5
      strings[0] = "TraceComponent[com.ibm.ws.container.service.state.internal.StateChangeServiceImpl,class com.ibm.ws.container.service.state.internal.StateChangeServiceImpl,[Runtime],null,null]"
  moduleClassesInfo = class com.ibm.ws.app.manager.module.internal.SimpleDeployedAppInfoBase$ModuleClassesInfoProvider@364ff4f5
    entryContainerInfosMap = class java.util.HashMap@66c0fba8
      serialVersionUID = "/* Could not access serialVersionUID */"
      DEFAULT_INITIAL_CAPACITY = "/* Could not access DEFAULT_INITIAL_CAPACITY */"
      MAXIMUM_CAPACITY = "/* Could not access MAXIMUM_CAPACITY */"
      DEFAULT_LOAD_FACTOR = "/* Could not access DEFAULT_LOAD_FACTOR */"
      TREEIFY_THRESHOLD = "/* Could not access TREEIFY_THRESHOLD */"
      UNTREEIFY_THRESHOLD = "/* Could not access UNTREEIFY_THRESHOLD */"
      MIN_TREEIFY_CAPACITY = "/* Could not access MIN_TREEIFY_CAPACITY */"
      table = "/* Could not access table */"
      entrySet = "/* Could not access entrySet */"
      size = "/* Could not access size */"
      modCount = "/* Could not access modCount */"
      threshold = "/* Could not access threshold */"
      loadFactor = "/* Could not access loadFactor */"
      keySet = "/* Could not access keySet */"
      values = "/* Could not access values */"
    serialVersionUID = -70332790531324534
    $$$tc$$$ = class com.ibm.websphere.ras.TraceComponent@39b933ae
      strings[0] = "TraceComponent[com.ibm.ws.app.manager.module.internal.SimpleDeployedAppInfoBase$ModuleClassesInfoProvider,class com.ibm.ws.app.manager.module.internal.SimpleDeployedAppInfoBase$ModuleClassesInfoProvider,[applications, app.manager],null,null]"
  moduleContainerInfos = class java.util.ArrayList@3de15c2a
    serialVersionUID = "/* Could not access serialVersionUID */"
    DEFAULT_CAPACITY = "/* Could not access DEFAULT_CAPACITY */"
    EMPTY_ELEMENTDATA = "/* Could not access EMPTY_ELEMENTDATA */"
    DEFAULTCAPACITY_EMPTY_ELEMENTDATA = "/* Could not access DEFAULTCAPACITY_EMPTY_ELEMENTDATA */"
    elementData = "/* Could not access elementData */"
    size = "/* Could not access size */"
    modCount = "/* Could not access modCount */"
  activeModuleHandlers = class java.util.IdentityHashMap@7886839f
    DEFAULT_CAPACITY = "/* Could not access DEFAULT_CAPACITY */"
    MINIMUM_CAPACITY = "/* Could not access MINIMUM_CAPACITY */"
    MAXIMUM_CAPACITY = "/* Could not access MAXIMUM_CAPACITY */"
    table = "/* Could not access table */"
    size = "/* Could not access size */"
    modCount = "/* Could not access modCount */"
    NULL_KEY = "/* Could not access NULL_KEY */"
    entrySet = "/* Could not access entrySet */"
    serialVersionUID = "/* Could not access serialVersionUID */"
    keySet = "/* Could not access keySet */"
    values = "/* Could not access values */"
  serialVersionUID = -2685719801501752993
  $$$tc$$$ = class com.ibm.websphere.ras.TraceComponent@5757864a
    strings[0] = "TraceComponent[com.ibm.ws.app.manager.module.internal.SimpleDeployedAppInfoBase,class com.ibm.ws.app.manager.module.internal.SimpleDeployedAppInfoBase,[applications, app.manager],null,null]"

Dump of objectArray[0]
Object type = com.ibm.ws.threading.internal.NonCancelableResultFuture
  _done = false
  _result = null
  _failure = null
  _listeners = class java.util.concurrent.ConcurrentLinkedQueue@6e5d9836
    serialVersionUID = "/* Could not access serialVersionUID */"
    head = "/* Could not access head */"
    tail = "/* Could not access tail */"
    MAX_HOPS = "/* Could not access MAX_HOPS */"
    HEAD = "/* Could not access HEAD */"
    TAIL = "/* Could not access TAIL */"
    ITEM = "/* Could not access ITEM */"
    NEXT = "/* Could not access NEXT */"
  _notifiedListeners = class java.util.concurrent.atomic.AtomicBoolean@258ed92a
    serialVersionUID = "/* Could not access serialVersionUID */"
    VALUE = "/* Could not access VALUE */"
    value = "/* Could not access value */"
  serialVersionUID = -296387658814354272
  $$$tc$$$ = class com.ibm.websphere.ras.TraceComponent@20d4c445
    strings[0] = "TraceComponent[com.ibm.ws.threading.internal.NonCancelableResultFuture,class com.ibm.ws.threading.internal.NonCancelableResultFuture,[Threading],com.ibm.ws.threading.internal.resources.ThreadingMessages,null]"

