------Start of DE processing------ = [07/03/2024 14:38:34:146 WEST]
Exception = java.lang.NoClassDefFoundError
Source = com.ibm.ws.injectionengine.InjectionProcessorManager.getAllDeclaredFields
probeid = 249
Stack Dump = java.lang.NoClassDefFoundError: NoteServices
	at java.base/java.lang.Class.getDeclaredFields0(Native Method)
	at java.base/java.lang.Class.privateGetDeclaredFields(Class.java:3473)
	at java.base/java.lang.Class.getDeclaredFields(Class.java:2542)
	at com.ibm.ws.injectionengine.InjectionProcessorManager.getAllDeclaredFields(InjectionProcessorManager.java:392)
	at com.ibm.ws.injectionengine.InjectionProcessorManager.processAnnotations(InjectionProcessorManager.java:217)
	at com.ibm.ws.injectionengine.AbstractInjectionEngine.processInjectionMetaData(AbstractInjectionEngine.java:482)
	at com.ibm.ws.injectionengine.osgi.internal.OSGiInjectionEngineImpl.processInjectionMetaData(OSGiInjectionEngineImpl.java:242)
	at com.ibm.ws.injectionengine.ReferenceContextImpl.processImpl(ReferenceContextImpl.java:590)
	at com.ibm.ws.injectionengine.ReferenceContextImpl.process(ReferenceContextImpl.java:289)
	at com.ibm.ws.injectionengine.osgi.internal.OSGiReferenceContextImpl.process(OSGiReferenceContextImpl.java:32)
	at com.ibm.ws.cdi.impl.weld.WebSphereCDIDeploymentImpl.initializeInjectionServices(WebSphereCDIDeploymentImpl.java:666)
	at com.ibm.ws.cdi.impl.CDIContainerImpl.startInitialization(CDIContainerImpl.java:153)
	at com.ibm.ws.cdi.liberty.CDIRuntimeImpl.applicationStarting(CDIRuntimeImpl.java:479)
	at com.ibm.ws.container.service.state.internal.ApplicationStateManager.fireStarting(ApplicationStateManager.java:53)
	at com.ibm.ws.container.service.state.internal.StateChangeServiceImpl.fireApplicationStarting(StateChangeServiceImpl.java:52)
	at com.ibm.ws.app.manager.module.internal.SimpleDeployedAppInfoBase.preDeployApp(SimpleDeployedAppInfoBase.java:550)
	at com.ibm.ws.app.manager.module.internal.SimpleDeployedAppInfoBase.installApp(SimpleDeployedAppInfoBase.java:511)
	at com.ibm.ws.app.manager.module.internal.DeployedAppInfoBase.deployApp(DeployedAppInfoBase.java:351)
	at com.ibm.ws.app.manager.war.internal.WARApplicationHandlerImpl.install(WARApplicationHandlerImpl.java:67)
	at com.ibm.ws.app.manager.internal.statemachine.StartAction.execute(StartAction.java:184)
	at com.ibm.ws.app.manager.internal.statemachine.ApplicationStateMachineImpl.enterState(ApplicationStateMachineImpl.java:1369)
	at com.ibm.ws.app.manager.internal.statemachine.ApplicationStateMachineImpl.performAction(ApplicationStateMachineImpl.java:1233)
	at com.ibm.ws.app.manager.internal.statemachine.ApplicationStateMachineImpl.run(ApplicationStateMachineImpl.java:920)
	at com.ibm.ws.threading.internal.ExecutorServiceImpl$RunnableWrapper.run(ExecutorServiceImpl.java:280)
	at java.base/java.util.concurrent.ThreadPoolExecutor.runWorker(ThreadPoolExecutor.java:1144)
	at java.base/java.util.concurrent.ThreadPoolExecutor$Worker.run(ThreadPoolExecutor.java:642)
	at java.base/java.lang.Thread.run(Thread.java:1583)
Caused by: java.lang.ClassNotFoundException: NoteServices
	at com.ibm.ws.classloading.internal.AppClassLoader.findClassCommonLibraryClassLoaders(AppClassLoader.java:742)
	at com.ibm.ws.classloading.internal.AppClassLoader.findClass(AppClassLoader.java:327)
	at com.ibm.ws.classloading.internal.AppClassLoader.findOrDelegateLoadClass(AppClassLoader.java:714)
	at com.ibm.ws.classloading.internal.AppClassLoader.loadClass(AppClassLoader.java:586)
	at com.ibm.ws.classloading.internal.AppClassLoader.loadClass(AppClassLoader.java:553)
	at java.base/java.lang.ClassLoader.loadClass(ClassLoader.java:526)
	... 27 more

Dump of callerThis
null
==> Performing default dump from com.ibm.ws.injectionengine.ffdc.InjectionDiagnosticModule  = Thu Mar 07 14:38:34 WEST 2024
 = *** Start InjectionDiagnosticModule Dump ***
 = > InjectionDiagnosticModule: dump Object array : 2
 = 
 =    Non-Formattable :
 =       > java.lang.Class@c55ce38
 =            class estm.dsic.jee.rest.controllers.NoteController
 =       > java.lang.Class@c55ce38
 =            class estm.dsic.jee.rest.controllers.NoteController
 = < InjectionDiagnosticModule: dump Object array complete
 = 
 = *** Start InjectionEngine Dump    ---> com.ibm.ws.injectionengine.osgi.internal.OSGiInjectionEngineImpl@59b9bd98
 = 
 =    Default Factories : 
 =       Indirect    = com.ibm.ws.injectionengine.osgi.internal.IndirectJndiLookupReferenceFactoryImpl@47ce9451
 =       ResIndirect = com.ibm.ws.injectionengine.osgi.internal.IndirectJndiLookupReferenceFactoryImpl@72c6d8a
 =       ResRef      = com.ibm.ws.injectionengine.osgi.internal.ResRefReferenceFactoryImpl@7106d303
 =       ResAuto     = com.ibm.ws.injectionengine.osgi.internal.ResAutoLinkReferenceFactoryImpl@6547f5c6
 =       EJBLink     = com.ibm.ws.injectionengine.osgi.internal.EJBLinkReferenceFactoryImpl@56188923
 =       MBLink      = com.ibm.ws.injectionengine.factory.MBLinkReferenceFactoryImpl@32bcfe57
 = 
 =    Actual Factories : 
 =       com.ibm.ws.ejbcontainer.injection.factory.MBLinkReferenceFactoryImpl@7565bdc8
 = 
 =    Registered Processors : 
 =       jakarta.persistence.PersistenceContext : com.ibm.ws.jpa.container.osgi.internal.JPAPCtxtProcessorProvider@2fd68f67
 =       jakarta.jms.JMSDestinationDefinition : com.ibm.ws.jca.processor.jms.destination.JMSDestinationDefinitionProcessorProvider@3d155a2f
 =       jakarta.persistence.PersistenceUnit : com.ibm.ws.jpa.container.osgi.internal.JPAPUnitProcessorProvider@680e559c
 =       jakarta.resource.ConnectionFactoryDefinition : com.ibm.ws.jca17.processor.ConnectionFactoryDefinitionProcessorProvider@305d2ea8
 =       jakarta.inject.Inject : com.ibm.ws.cdi.impl.inject.InjectProcessorProvider@2beb2273
 =       jakarta.annotation.Resource : com.ibm.ws.injectionengine.processor.ResourceProcessorProvider@3cb8d103
 =       jakarta.annotation.sql.DataSourceDefinition : com.ibm.ws.injectionengine.processor.DataSourceDefinitionProcessorProvider@2600c1bd
 =       jakarta.mail.MailSessionDefinition : io.openliberty.mail.internal.injection.MailSessionDefinitionInjectionProcessorProvider@7f7183bb
 =       jakarta.resource.AdministeredObjectDefinition : com.ibm.ws.jca17.processor.AdministeredObjectDefinitionProcessorProvider@d7bce9c
 =       jakarta.xml.ws.WebServiceRef : com.ibm.ws.jaxws.client.injection.WebServiceRefProcessorProvider@77b126f9
 =       jakarta.ejb.EJB : com.ibm.ws.ejb.injection.processor.EJBProcessorProvider@579c0c9b
 =       jakarta.enterprise.concurrent.ManagedExecutorDefinition : io.openliberty.concurrent.internal.processor.ManagedExecutorDefinitionProvider@24033188
 =       jakarta.enterprise.concurrent.ManagedScheduledExecutorDefinition : io.openliberty.concurrent.internal.processor.ManagedScheduledExecutorDefinitionProvider@775f04ba
 =       jakarta.jms.JMSConnectionFactoryDefinition : com.ibm.ws.jca.processor.jms.connectionfactory.JMSConnectionFactoryDefinitionProcessorProvider@9277246
 =       jakarta.enterprise.concurrent.ContextServiceDefinition : io.openliberty.concurrent.internal.processor.ContextServiceDefinitionProvider@3e685f2d
 =       jakarta.enterprise.concurrent.ManagedThreadFactoryDefinition : io.openliberty.concurrent.internal.processor.ManagedThreadFactoryDefinitionProvider@35ab619
 = 
 =    Registered Object Factories : 
 = 
 =    Registered No-Override Object Factories : 
 =       jakarta.annotation.Resource
 =          jakarta.validation.Validator : com.ibm.ws.beanvalidation.ValidatorObjectFactoryInfo@c2f181c
 =          com.ibm.websphere.ejbcontainer.EJBContextExtension : com.ibm.ws.injectionengine.ObjectFactoryInfoImpl@3ea8ee9d[class com.ibm.ws.ejbcontainer.injection.factory.EJBContextObjectFactory, null]
 =          jakarta.ejb.TimerService : com.ibm.ws.injectionengine.ObjectFactoryInfoImpl@42c54f52[class com.ibm.ws.ejbcontainer.injection.factory.TimerServiceObjectFactory, null]
 =          jakarta.ejb.EJBContext : com.ibm.ws.injectionengine.ObjectFactoryInfoImpl@14f9c36d[class com.ibm.ws.ejbcontainer.injection.factory.EJBContextObjectFactory, null]
 =          jakarta.xml.ws.WebServiceContext : com.ibm.ws.jaxws.injection.WebServiceContextObjectFactoryInfo@6062d616
 =          jakarta.validation.ValidatorFactory : com.ibm.ws.beanvalidation.ValidatorFactoryObjectFactoryInfo@19c70081
 =          com.ibm.websphere.ejbcontainer.SessionContextExtension : com.ibm.ws.injectionengine.ObjectFactoryInfoImpl@71906334[class com.ibm.ws.ejbcontainer.injection.factory.EJBContextObjectFactory, null]
 =          jakarta.ejb.MessageDrivenContext : com.ibm.ws.injectionengine.ObjectFactoryInfoImpl@2ba834c0[class com.ibm.ws.ejbcontainer.injection.factory.EJBContextObjectFactory, null]
 =          jakarta.ejb.EntityContext : com.ibm.ws.injectionengine.ObjectFactoryInfoImpl@5d0c85c5[class com.ibm.ws.ejbcontainer.injection.factory.EJBContextObjectFactory, null]
 =          org.omg.CORBA.ORB : com.ibm.ws.ejbcontainer.remote.internal.ORBObjectFactoryInfo@7cee45ed
 =          jakarta.transaction.TransactionSynchronizationRegistry : com.ibm.ws.transaction.services.TransactionSynchronizationRegistryObjectFactoryInfo@e150087
 =          jakarta.ejb.SessionContext : com.ibm.ws.injectionengine.ObjectFactoryInfoImpl@64713bb1[class com.ibm.ws.ejbcontainer.injection.factory.EJBContextObjectFactory, null]
 =          jakarta.enterprise.inject.spi.BeanManager : com.ibm.ws.cdi.jndi.liberty.BeanManagerObjectFactoryInfo@5d6ab857
 =          jakarta.transaction.UserTransaction : com.ibm.ws.transaction.services.TransactionObjectFactoryInfo@53a55f3a
 =          com.ibm.wsspi.uow.UOWManager : com.ibm.ws.transaction.services.UOWManagerObjectFactoryInfo@75127cf1
 =          com.ibm.websphere.ejbcontainer.MessageDrivenContextExtension : com.ibm.ws.injectionengine.ObjectFactoryInfoImpl@18537d51[class com.ibm.ws.ejbcontainer.injection.factory.EJBContextObjectFactory, null]
 = 
 =    Registered Override Reference Factories : 
 = 
 =    Registered MetaDataListeners : 
 =       com.ibm.ws.cdi.impl.CDIContainerImpl@10f3d60c
 =       com.ibm.ws.jaxws.support.JaxWsInjectionMetaDataListener@69d607a7
 =       com.ibm.ws.ejbcontainer.osgi.internal.EJBRuntimeImpl@f450b98
 = 
 =    isEmbeddable    : false
 = 
 = *** InjectionEngine Dump Complete ***
 = 
 = *** InjectionDiagnosticModule Dump Complete ***
+ Data for directive [Default] obtained. = 
==> Dump complete for com.ibm.ws.injectionengine.ffdc.InjectionDiagnosticModule  = Thu Mar 07 14:38:34 WEST 2024
