------Start of DE processing------ = [06/03/2024 08:47:24:283 WEST]
Exception = org.jboss.weld.resources.spi.ResourceLoadingException
Source = com.ibm.ws.cdi.impl.weld.BeanDeploymentArchiveImpl
probeid = 987
Stack Dump = org.jboss.weld.resources.spi.ResourceLoadingException: Error while loading class estm.dsic.jee.rest.controllers.NoteController
	at org.jboss.weld.resources.ClassTransformer.getBackedAnnotatedType(ClassTransformer.java:186)
	at org.jboss.weld.resources.ClassTransformer.getBackedAnnotatedType(ClassTransformer.java:194)
	at org.jboss.weld.manager.BeanManagerImpl.createAnnotatedType(BeanManagerImpl.java:1109)
	at com.ibm.ws.cdi.impl.weld.BeanDeploymentArchiveImpl.createJEEComponentInjectionTarget(BeanDeploymentArchiveImpl.java:986)
	at com.ibm.ws.cdi.impl.weld.BeanDeploymentArchiveImpl.createInjectionTargetsForJEEComponentClass(BeanDeploymentArchiveImpl.java:941)
	at com.ibm.ws.cdi.impl.weld.BeanDeploymentArchiveImpl.createInjectionTargetsForJEEComponentClasses(BeanDeploymentArchiveImpl.java:927)
	at com.ibm.ws.cdi.impl.weld.WebSphereCDIDeploymentImpl.validateJEEComponentClasses(WebSphereCDIDeploymentImpl.java:708)
	at com.ibm.ws.cdi.impl.CDIContainerImpl.startInitialization(CDIContainerImpl.java:176)
	at com.ibm.ws.cdi.liberty.CDIRuntimeImpl.applicationStarting(CDIRuntimeImpl.java:479)
	at com.ibm.ws.container.service.state.internal.ApplicationStateManager.fireStarting(ApplicationStateManager.java:53)
	at com.ibm.ws.container.service.state.internal.StateChangeServiceImpl.fireApplicationStarting(StateChangeServiceImpl.java:52)
	at com.ibm.ws.app.manager.module.internal.SimpleDeployedAppInfoBase.preDeployApp(SimpleDeployedAppInfoBase.java:550)
	at com.ibm.ws.app.manager.module.internal.SimpleDeployedAppInfoBase.installApp(SimpleDeployedAppInfoBase.java:511)
	at com.ibm.ws.app.manager.module.internal.DeployedAppInfoBase.deployApp(DeployedAppInfoBase.java:351)
	at com.ibm.ws.app.manager.war.internal.WARApplicationHandlerImpl.install(WARApplicationHandlerImpl.java:67)
	at com.ibm.ws.app.manager.internal.statemachine.StartAction.execute(StartAction.java:184)
	at com.ibm.ws.app.manager.internal.statemachine.ApplicationStateMachineImpl.enterState(ApplicationStateMachineImpl.java:1369)
	at com.ibm.ws.app.manager.internal.statemachine.ApplicationStateMachineImpl.performAction(ApplicationStateMachineImpl.java:1233)
	at com.ibm.ws.app.manager.internal.statemachine.ApplicationStateMachineImpl.run(ApplicationStateMachineImpl.java:920)
	at com.ibm.ws.threading.internal.ExecutorServiceImpl$RunnableWrapper.run(ExecutorServiceImpl.java:280)
	at java.base/java.util.concurrent.ThreadPoolExecutor.runWorker(ThreadPoolExecutor.java:1144)
	at java.base/java.util.concurrent.ThreadPoolExecutor$Worker.run(ThreadPoolExecutor.java:642)
	at java.base/java.lang.Thread.run(Thread.java:1583)
Caused by: java.lang.NoClassDefFoundError: Note
	at java.base/java.lang.Class.getDeclaredMethods0(Native Method)
	at java.base/java.lang.Class.privateGetDeclaredMethods(Class.java:3578)
	at java.base/java.lang.Class.getDeclaredMethods(Class.java:2676)
	at org.jboss.weld.annotated.slim.backed.SecurityActions.getDeclaredMethods(SecurityActions.java:41)
	at org.jboss.weld.annotated.slim.backed.BackedAnnotatedType$BackedAnnotatedMethods.computeValue(BackedAnnotatedType.java:197)
	at org.jboss.weld.annotated.slim.backed.BackedAnnotatedType$BackedAnnotatedMethods.computeValue(BackedAnnotatedType.java:191)
	at org.jboss.weld.util.LazyValueHolder.get(LazyValueHolder.java:46)
	at org.jboss.weld.annotated.slim.backed.BackedAnnotatedType$EagerlyInitializedLazyValueHolder.<init>(BackedAnnotatedType.java:159)
	at org.jboss.weld.annotated.slim.backed.BackedAnnotatedType$BackedAnnotatedMethods.<init>(BackedAnnotatedType.java:191)
	at org.jboss.weld.annotated.slim.backed.BackedAnnotatedType.<init>(BackedAnnotatedType.java:66)
	at org.jboss.weld.annotated.slim.backed.BackedAnnotatedType.of(BackedAnnotatedType.java:47)
	at org.jboss.weld.resources.ClassTransformer$TransformClassToBackedAnnotatedType.apply(ClassTransformer.java:84)
	at org.jboss.weld.resources.ClassTransformer$TransformClassToBackedAnnotatedType.apply(ClassTransformer.java:79)
	at org.jboss.weld.util.cache.ReentrantMapBackedComputingCache.lambda$new$0(ReentrantMapBackedComputingCache.java:55)
	at org.jboss.weld.util.WeakLazyValueHolder$1.computeValue(WeakLazyValueHolder.java:35)
	at org.jboss.weld.util.WeakLazyValueHolder.get(WeakLazyValueHolder.java:53)
	at org.jboss.weld.util.cache.ReentrantMapBackedComputingCache.getValue(ReentrantMapBackedComputingCache.java:72)
	at org.jboss.weld.util.cache.ReentrantMapBackedComputingCache.getCastValue(ReentrantMapBackedComputingCache.java:78)
	at org.jboss.weld.resources.ClassTransformer.getBackedAnnotatedType(ClassTransformer.java:177)
	... 22 more
Caused by: java.lang.ClassNotFoundException: Note
	at com.ibm.ws.classloading.internal.AppClassLoader.findClassCommonLibraryClassLoaders(AppClassLoader.java:742)
	at com.ibm.ws.classloading.internal.AppClassLoader.findClass(AppClassLoader.java:327)
	at com.ibm.ws.classloading.internal.AppClassLoader.findOrDelegateLoadClass(AppClassLoader.java:714)
	at com.ibm.ws.classloading.internal.AppClassLoader.loadClass(AppClassLoader.java:586)
	at com.ibm.ws.classloading.internal.AppClassLoader.loadClass(AppClassLoader.java:553)
	at java.base/java.lang.ClassLoader.loadClass(ClassLoader.java:526)
	... 41 more

Dump of callerThis
Object type = com.ibm.ws.cdi.impl.weld.BeanDeploymentArchiveImpl
  archiveClassNames = class java.util.HashSet@51de019b
    serialVersionUID = "/* Could not access serialVersionUID */"
    map = "/* Could not access map */"
    PRESENT = "/* Could not access PRESENT */"
  allClasses = class java.util.HashSet@20e07125
    serialVersionUID = "/* Could not access serialVersionUID */"
    map = "/* Could not access map */"
    PRESENT = "/* Could not access PRESENT */"
  beanClasses = class java.util.TreeMap@7e2ee2ca
    comparator = "/* Could not access comparator */"
    root = "/* Could not access root */"
    size = "/* Could not access size */"
    modCount = "/* Could not access modCount */"
    entrySet = "/* Could not access entrySet */"
    navigableKeySet = "/* Could not access navigableKeySet */"
    descendingMap = "/* Could not access descendingMap */"
    UNBOUNDED = "/* Could not access UNBOUNDED */"
    RED = "/* Could not access RED */"
    BLACK = "/* Could not access BLACK */"
    serialVersionUID = "/* Could not access serialVersionUID */"
    keySet = "/* Could not access keySet */"
    values = "/* Could not access values */"
  classloader = class com.ibm.ws.classloading.internal.AppClassLoader@7773fc58
    tc = class com.ibm.websphere.ras.TraceComponent@3a68cfd6
      strings[0] = "TraceComponent[com.ibm.ws.classloading.internal.AppClassLoader,class com.ibm.ws.classloading.internal.AppClassLoader,[ClassLoadingService],com.ibm.ws.classloading.internal.resources.ClassLoadingServiceMessages,null]"
    forbiddenClassNames = class java.util.Collections$UnmodifiableSet@612fe475
      serialVersionUID = "/* Could not access serialVersionUID */"
      serialVersionUID = "/* Could not access serialVersionUID */"
      c = "/* Could not access c */"
    FORBIDDEN_PROPERTIES = "forbidden.properties"
    NOTHING_FORBIDDEN_PROPERTY = "io.openliberty.classloading.nothing.forbidden"
    disableSharedClassesCache = false
    PARENT_FIRST_SEARCH_ORDER = class java.util.Collections$UnmodifiableRandomAccessList@67eab3ea
      serialVersionUID = "/* Could not access serialVersionUID */"
      serialVersionUID = "/* Could not access serialVersionUID */"
      list = "/* Could not access list */"
      serialVersionUID = "/* Could not access serialVersionUID */"
      c = "/* Could not access c */"
    packagesDefined = class java.util.Collections$SetFromMap@f4b5ae
      m = "/* Could not access m */"
      s = "/* Could not access s */"
      serialVersionUID = "/* Could not access serialVersionUID */"
    CLASS_LOADING_TRACE_PREFIX = "com.ibm.ws.class.load."
    DEFAULT_PACKAGE = "default.package"
    perPackageClassLoadingTraceComponents = class java.util.concurrent.ConcurrentHashMap@1ee6f589
      serialVersionUID = "/* Could not access serialVersionUID */"
      MAXIMUM_CAPACITY = "/* Could not access MAXIMUM_CAPACITY */"
      DEFAULT_CAPACITY = "/* Could not access DEFAULT_CAPACITY */"
      MAX_ARRAY_SIZE = "/* Could not access MAX_ARRAY_SIZE */"
      DEFAULT_CONCURRENCY_LEVEL = "/* Could not access DEFAULT_CONCURRENCY_LEVEL */"
      LOAD_FACTOR = "/* Could not access LOAD_FACTOR */"
      TREEIFY_THRESHOLD = "/* Could not access TREEIFY_THRESHOLD */"
      UNTREEIFY_THRESHOLD = "/* Could not access UNTREEIFY_THRESHOLD */"
      MIN_TREEIFY_CAPACITY = "/* Could not access MIN_TREEIFY_CAPACITY */"
      MIN_TRANSFER_STRIDE = "/* Could not access MIN_TRANSFER_STRIDE */"
      RESIZE_STAMP_BITS = "/* Could not access RESIZE_STAMP_BITS */"
      MAX_RESIZERS = "/* Could not access MAX_RESIZERS */"
      RESIZE_STAMP_SHIFT = "/* Could not access RESIZE_STAMP_SHIFT */"
      MOVED = "/* Could not access MOVED */"
      TREEBIN = "/* Could not access TREEBIN */"
      RESERVED = "/* Could not access RESERVED */"
      HASH_BITS = "/* Could not access HASH_BITS */"
      NCPU = "/* Could not access NCPU */"
      serialPersistentFields = "/* Could not access serialPersistentFields */"
      table = "/* Could not access table */"
      nextTable = "/* Could not access nextTable */"
      baseCount = "/* Could not access baseCount */"
      sizeCtl = "/* Could not access sizeCtl */"
      transferIndex = "/* Could not access transferIndex */"
      cellsBusy = "/* Could not access cellsBusy */"
      counterCells = "/* Could not access counterCells */"
      keySet = "/* Could not access keySet */"
      values = "/* Could not access values */"
      entrySet = "/* Could not access entrySet */"
      U = "/* Could not access U */"
      SIZECTL = "/* Could not access SIZECTL */"
      TRANSFERINDEX = "/* Could not access TRANSFERINDEX */"
      BASECOUNT = "/* Could not access BASECOUNT */"
      CELLSBUSY = "/* Could not access CELLSBUSY */"
      CELLVALUE = "/* Could not access CELLVALUE */"
      ABASE = "/* Could not access ABASE */"
      ASHIFT = "/* Could not access ASHIFT */"
      keySet = "/* Could not access keySet */"
      values = "/* Could not access values */"
    config = class com.ibm.ws.classloading.internal.ClassLoaderConfigurationImpl@6c94e13d
      DEFAULT_PROTECTION_DOMAIN = class java.security.ProtectionDomain@58a7e4f9
      delegateLast = false
      includeAppExtensions = true
      id = class com.ibm.ws.classloading.serializable.ClassLoaderIdentityImpl@dc1095c
      parentId = null
      sharedLibraries = class java.util.ArrayList@7d775cd1
      commonLibraries = class java.util.Collections$EmptyList@155493b1
      providers = class java.util.Collections$EmptyList@155493b1
      nativeLibraryContainers = class java.util.Collections$EmptyList@155493b1
      protectionDomain = class java.security.ProtectionDomain@72333dce
      serialVersionUID = 9091690180200375339
      $$$tc$$$ = class com.ibm.websphere.ras.TraceComponent@2b018c26
    privateLibraries = null
    delegateLoaders = class com.ibm.ws.classloading.internal.util.CompositeIterable@5e536aa6
      iterables = class java.util.Arrays$ArrayList@592437dd
      serialVersionUID = -1227195994638150837
      $$$tc$$$ = class com.ibm.websphere.ras.TraceComponent@3190e999
    nativeLibraryFiles = class java.util.ArrayList@7baffd07
      serialVersionUID = "/* Could not access serialVersionUID */"
      DEFAULT_CAPACITY = "/* Could not access DEFAULT_CAPACITY */"
      EMPTY_ELEMENTDATA = "/* Could not access EMPTY_ELEMENTDATA */"
      DEFAULTCAPACITY_EMPTY_ELEMENTDATA = "/* Could not access DEFAULTCAPACITY_EMPTY_ELEMENTDATA */"
      elementData = "/* Could not access elementData */"
      size = "/* Could not access size */"
      modCount = "/* Could not access modCount */"
    transformers = class java.util.ArrayList@52cc1546
      serialVersionUID = "/* Could not access serialVersionUID */"
      DEFAULT_CAPACITY = "/* Could not access DEFAULT_CAPACITY */"
      EMPTY_ELEMENTDATA = "/* Could not access EMPTY_ELEMENTDATA */"
      DEFAULTCAPACITY_EMPTY_ELEMENTDATA = "/* Could not access DEFAULTCAPACITY_EMPTY_ELEMENTDATA */"
      elementData = "/* Could not access elementData */"
      size = "/* Could not access size */"
      modCount = "/* Could not access modCount */"
    systemTransformers = class java.util.concurrent.CopyOnWriteArrayList@191a9b2b
      serialVersionUID = "/* Could not access serialVersionUID */"
      lock = "/* Could not access lock */"
      array = "/* Could not access array */"
    apiAccess = class com.ibm.ws.classloading.internal.GatewayClassLoader@27c884f9
      config = class com.ibm.ws.classloading.internal.GatewayConfigurationImpl@6a254ec9
      wiringMonitor = class com.ibm.ws.classloading.internal.GatewayClassLoader$1@778c4e19
      bundle = class org.eclipse.osgi.internal.framework.EquinoxBundle@7fbaada1
      wiring = class org.eclipse.osgi.container.ModuleWiring@1fd90f45
      cl = null
      bLoader = class org.eclipse.osgi.internal.loader.BundleLoader@26f2c8
      resourceProviders = class com.ibm.ws.classloading.internal.CompositeResourceProvider@40b5b703
      serialVersionUID = -5503641212193211983
      $$$tc$$$ = class com.ibm.websphere.ras.TraceComponent@52f2775
    generator = class com.ibm.ws.classloading.internal.ClassGeneratorManager@5cd9d4f4
      tc = class com.ibm.websphere.ras.TraceComponent@11b70a07
      generatorRefs = class com.ibm.wsspi.kernel.service.utils.ConcurrentServiceReferenceSet@77bd413d
      serialVersionUID = 4152663586056483310
    protectionDomains = class java.util.concurrent.ConcurrentHashMap@581a5dad
      serialVersionUID = "/* Could not access serialVersionUID */"
      MAXIMUM_CAPACITY = "/* Could not access MAXIMUM_CAPACITY */"
      DEFAULT_CAPACITY = "/* Could not access DEFAULT_CAPACITY */"
      MAX_ARRAY_SIZE = "/* Could not access MAX_ARRAY_SIZE */"
      DEFAULT_CONCURRENCY_LEVEL = "/* Could not access DEFAULT_CONCURRENCY_LEVEL */"
      LOAD_FACTOR = "/* Could not access LOAD_FACTOR */"
      TREEIFY_THRESHOLD = "/* Could not access TREEIFY_THRESHOLD */"
      UNTREEIFY_THRESHOLD = "/* Could not access UNTREEIFY_THRESHOLD */"
      MIN_TREEIFY_CAPACITY = "/* Could not access MIN_TREEIFY_CAPACITY */"
      MIN_TRANSFER_STRIDE = "/* Could not access MIN_TRANSFER_STRIDE */"
      RESIZE_STAMP_BITS = "/* Could not access RESIZE_STAMP_BITS */"
      MAX_RESIZERS = "/* Could not access MAX_RESIZERS */"
      RESIZE_STAMP_SHIFT = "/* Could not access RESIZE_STAMP_SHIFT */"
      MOVED = "/* Could not access MOVED */"
      TREEBIN = "/* Could not access TREEBIN */"
      RESERVED = "/* Could not access RESERVED */"
      HASH_BITS = "/* Could not access HASH_BITS */"
      NCPU = "/* Could not access NCPU */"
      serialPersistentFields = "/* Could not access serialPersistentFields */"
      table = "/* Could not access table */"
      nextTable = "/* Could not access nextTable */"
      baseCount = "/* Could not access baseCount */"
      sizeCtl = "/* Could not access sizeCtl */"
      transferIndex = "/* Could not access transferIndex */"
      cellsBusy = "/* Could not access cellsBusy */"
      counterCells = "/* Could not access counterCells */"
      keySet = "/* Could not access keySet */"
      values = "/* Could not access values */"
      entrySet = "/* Could not access entrySet */"
      U = "/* Could not access U */"
      SIZECTL = "/* Could not access SIZECTL */"
      TRANSFERINDEX = "/* Could not access TRANSFERINDEX */"
      BASECOUNT = "/* Could not access BASECOUNT */"
      CELLSBUSY = "/* Could not access CELLSBUSY */"
      CELLVALUE = "/* Could not access CELLVALUE */"
      ABASE = "/* Could not access ABASE */"
      ASHIFT = "/* Could not access ASHIFT */"
      keySet = "/* Could not access keySet */"
      values = "/* Could not access values */"
    hook = null
    serialVersionUID = 5906478461061001036
    checkpointPhase = class io.openliberty.checkpoint.spi.CheckpointPhase@2740087c
      AFTER_APP_START = class io.openliberty.checkpoint.spi.CheckpointPhase@284a7f34
      BEFORE_APP_START = class io.openliberty.checkpoint.spi.CheckpointPhase@3d9052c7
      INACTIVE = class io.openliberty.checkpoint.spi.CheckpointPhase@2740087c
      CHECKPOINT_PROPERTY = "io.openliberty.checkpoint"
      CHECKPOINT_ACTIVE_FILTER = "(!(io.openliberty.checkpoint=INACTIVE))"
      CHECKPOINT_RESTORED_PROPERTY = "io.openliberty.checkpoint.restored"
      CONDITION_PROCESS_RUNNING_ID = "io.openliberty.process.running"
      restored = true
      noMoreAddHooks = true
      singleThreadedHooks = class java.util.ArrayList@3c3a3d6f
      multiThreadedHooks = class java.util.ArrayList@159b7f23
      THE_PHASE = class io.openliberty.checkpoint.spi.CheckpointPhase@2740087c
      DEBUG = false
      $VALUES = class io.openliberty.checkpoint.spi.CheckpointPhase[3]
      name = "/* Could not access name */"
      ordinal = "/* Could not access ordinal */"
      hash = "/* Could not access hash */"
    tc = class com.ibm.websphere.ras.TraceComponent@14c1ba64
      strings[0] = "TraceComponent[com.ibm.ws.classloading.internal.ContainerClassLoader,class com.ibm.ws.classloading.internal.ContainerClassLoader,[ClassLoadingService],com.ibm.ws.classloading.internal.resources.ClassLoadingServiceMessages,null]"
    smartClassPath = class com.ibm.ws.classloading.internal.ContainerClassLoader$SmartClassPathImpl@35ac0614
      rwLock = class java.util.concurrent.locks.ReentrantReadWriteLock@43169a92
      outstandingContainers = class java.util.concurrent.atomic.AtomicInteger@4c0e9e18
      usePackageMap = true
      maxLastNotFound = 250
      maxLastFound = 900
      maxLastReallyNotFound = 900
      propsInUse = false
      classPath = class java.util.concurrent.CopyOnWriteArrayList@12127a24
      MAX_LASTNOTFOUND = 250
      lastNotFound = class java.util.concurrent.CopyOnWriteArrayList@5971b7a1
      MAX_LASTFOUND = 900
      lastFoundURL = class java.util.Collections$SynchronizedMap@2ec47417
      MAX_LASTREALLYNOTFOUND = 900
      lastReallyNotFoundURL = class java.util.Collections$SynchronizedMap@1602d189
      packageMap = class java.util.HashMap@17c04a37
      containers = class java.util.Collections$SetFromMap@43d83bd1
      serialVersionUID = 1586111247084489525
      $$$tc$$$ = class com.ibm.websphere.ras.TraceComponent@29ef04fc
    nativeLibraryContainers = class java.util.ArrayList@3f51d239
      serialVersionUID = "/* Could not access serialVersionUID */"
      DEFAULT_CAPACITY = "/* Could not access DEFAULT_CAPACITY */"
      EMPTY_ELEMENTDATA = "/* Could not access EMPTY_ELEMENTDATA */"
      DEFAULTCAPACITY_EMPTY_ELEMENTDATA = "/* Could not access DEFAULTCAPACITY_EMPTY_ELEMENTDATA */"
      elementData = "/* Could not access elementData */"
      size = "/* Could not access size */"
      modCount = "/* Could not access modCount */"
    redefiner = class com.ibm.ws.classloading.internal.util.ClassRedefiner@25ab4873
      tc = class com.ibm.websphere.ras.TraceComponent@522be25d
      LS = "
"
      inst = class jdk.proxy2.$Proxy4@4ebb9258
      serialVersionUID = 2420101865139508526
    jarProtocol = "wsjar:"
    mapCreationQueue = class java.util.concurrent.Executors$AutoShutdownDelegatedExecutorService@28fb752
      cleanable = "/* Could not access cleanable */"
      e = "/* Could not access e */"
    serialVersionUID = 251246017270836472
    parent = class com.ibm.ws.classloading.internal.GatewayClassLoader@27c884f9
    classNameLockStore = class com.ibm.ws.kernel.boot.utils.KeyBasedLockStore@57c69db1
      refQueue = class java.lang.ref.ReferenceQueue@110bdd52
      lockMap = class java.util.concurrent.ConcurrentHashMap@69e98a71
      lockCreator = class com.ibm.ws.kernel.boot.classloader.NameBasedClassLoaderLock$1@41c01d0e
    serialVersionUID = -3020377578845918238
    $$$tc$$$ = class com.ibm.websphere.ras.TraceComponent@7c1d7e37
      strings[0] = "TraceComponent[com.ibm.ws.classloading.internal.LibertyLoader,class com.ibm.ws.classloading.internal.LibertyLoader,[ClassLoadingService],com.ibm.ws.classloading.internal.resources.ClassLoadingServiceMessages,null]"
    pdcache = "/* Could not access pdcache */"
  ejbClasses = class java.util.HashSet@38bafcfc
    serialVersionUID = "/* Could not access serialVersionUID */"
    map = "/* Could not access map */"
    PRESENT = "/* Could not access PRESENT */"
  managedBeanClasses = class java.util.HashSet@19c9f0a9
    serialVersionUID = "/* Could not access serialVersionUID */"
    map = "/* Could not access map */"
    PRESENT = "/* Could not access PRESENT */"
  injectionClasses = class java.util.HashSet@3a03d3ec
    serialVersionUID = "/* Could not access serialVersionUID */"
    map = "/* Could not access map */"
    PRESENT = "/* Could not access PRESENT */"
  jeeComponentClasses = class java.util.HashSet@33325ed4
    serialVersionUID = "/* Could not access serialVersionUID */"
    map = "/* Could not access map */"
    PRESENT = "/* Could not access PRESENT */"
  additionalClasses = class java.util.HashSet@5c801952
    serialVersionUID = "/* Could not access serialVersionUID */"
    map = "/* Could not access map */"
    PRESENT = "/* Could not access PRESENT */"
  additionalBeanDefiningAnnotations = class java.util.HashSet@a1af6d3
    serialVersionUID = "/* Could not access serialVersionUID */"
    map = "/* Could not access map */"
    PRESENT = "/* Could not access PRESENT */"
  extensionClassNames = class java.util.HashSet@2ea2d8cf
    serialVersionUID = "/* Could not access serialVersionUID */"
    map = "/* Could not access map */"
    PRESENT = "/* Could not access PRESENT */"
  spiExtensionSuppliers = class java.util.HashSet@fc7e731
    serialVersionUID = "/* Could not access serialVersionUID */"
    map = "/* Could not access map */"
    PRESENT = "/* Could not access PRESENT */"
  weldServiceRegistry = class org.jboss.weld.bootstrap.api.helpers.SimpleServiceRegistry@53513512
    services = class java.util.HashMap@350c2ba
      serialVersionUID = "/* Could not access serialVersionUID */"
      DEFAULT_INITIAL_CAPACITY = "/* Could not access DEFAULT_INITIAL_CAPACITY */"
      MAXIMUM_CAPACITY = "/* Could not access MAXIMUM_CAPACITY */"
      DEFAULT_LOAD_FACTOR = "/* Could not access DEFAULT_LOAD_FACTOR */"
      TREEIFY_THRESHOLD = "/* Could not access TREEIFY_THRESHOLD */"
      UNTREEIFY_THRESHOLD = "/* Could not access UNTREEIFY_THRESHOLD */"
      MIN_TREEIFY_CAPACITY = "/* Could not access MIN_TREEIFY_CAPACITY */"
      table = "/* Could not access table */"
      entrySet = "/* Could not access entrySet */"
      size = "/* Could not access size */"
      modCount = "/* Could not access modCount */"
      threshold = "/* Could not access threshold */"
      loadFactor = "/* Could not access loadFactor */"
      keySet = "/* Could not access keySet */"
      values = "/* Could not access values */"
  id = "g-note#g-note.war"
  eeModuleDescriptor = class com.ibm.ws.cdi.impl.weld.WebSphereEEModuleDescriptor@e20fdc5
    serialVersionUID = -215597466475883722
    $$$tc$$$ = class com.ibm.websphere.ras.TraceComponent@210cfa45
      strings[0] = "TraceComponent[com.ibm.ws.cdi.impl.weld.WebSphereEEModuleDescriptor,class com.ibm.ws.cdi.impl.weld.WebSphereEEModuleDescriptor,[JCDI],com.ibm.ws.cdi.internal.resources.CDI,null]"
    id = "g-note#g-note.war"
    moduleType = class org.jboss.weld.bootstrap.spi.EEModuleDescriptor$ModuleType@4d44bf90
      EAR = class org.jboss.weld.bootstrap.spi.EEModuleDescriptor$ModuleType@d918954
      WEB = class org.jboss.weld.bootstrap.spi.EEModuleDescriptor$ModuleType@4d44bf90
      EJB_JAR = class org.jboss.weld.bootstrap.spi.EEModuleDescriptor$ModuleType@2828d067
      APPLICATION_CLIENT = class org.jboss.weld.bootstrap.spi.EEModuleDescriptor$ModuleType@f42bbf9
      CONNECTOR = class org.jboss.weld.bootstrap.spi.EEModuleDescriptor$ModuleType@6dd1a246
      $VALUES = class org.jboss.weld.bootstrap.spi.EEModuleDescriptor$ModuleType[5]
      name = "/* Could not access name */"
      ordinal = "/* Could not access ordinal */"
      hash = "/* Could not access hash */"
  accessibleBDAs = class java.util.HashSet@367c286e
    serialVersionUID = "/* Could not access serialVersionUID */"
    map = "/* Could not access map */"
    PRESENT = "/* Could not access PRESENT */"
  descendantBDAs = class java.util.HashSet@632afff
    serialVersionUID = "/* Could not access serialVersionUID */"
    map = "/* Could not access map */"
    PRESENT = "/* Could not access PRESENT */"
  cdiDeployment = class com.ibm.ws.cdi.impl.weld.WebSphereCDIDeploymentImpl@5c11f38e
    tc = class com.ibm.websphere.ras.TraceComponent@2786b76a
      strings[0] = "TraceComponent[com.ibm.ws.cdi.impl.weld.WebSphereCDIDeploymentImpl,class com.ibm.ws.cdi.impl.weld.WebSphereCDIDeploymentImpl,[JCDI],com.ibm.ws.cdi.internal.resources.CDI,null]"
    id = "g-note"
    deploymentDBAs = class java.util.HashMap@55b7db6d
      serialVersionUID = "/* Could not access serialVersionUID */"
      DEFAULT_INITIAL_CAPACITY = "/* Could not access DEFAULT_INITIAL_CAPACITY */"
      MAXIMUM_CAPACITY = "/* Could not access MAXIMUM_CAPACITY */"
      DEFAULT_LOAD_FACTOR = "/* Could not access DEFAULT_LOAD_FACTOR */"
      TREEIFY_THRESHOLD = "/* Could not access TREEIFY_THRESHOLD */"
      UNTREEIFY_THRESHOLD = "/* Could not access UNTREEIFY_THRESHOLD */"
      MIN_TREEIFY_CAPACITY = "/* Could not access MIN_TREEIFY_CAPACITY */"
      table = "/* Could not access table */"
      entrySet = "/* Could not access entrySet */"
      size = "/* Could not access size */"
      modCount = "/* Could not access modCount */"
      threshold = "/* Could not access threshold */"
      loadFactor = "/* Could not access loadFactor */"
      keySet = "/* Could not access keySet */"
      values = "/* Could not access values */"
    applicationBDAs = class java.util.HashSet@2bb25cac
      serialVersionUID = "/* Could not access serialVersionUID */"
      map = "/* Could not access map */"
      PRESENT = "/* Could not access PRESENT */"
    extensionBDAs = class java.util.HashMap@2af9d99f
      serialVersionUID = "/* Could not access serialVersionUID */"
      DEFAULT_INITIAL_CAPACITY = "/* Could not access DEFAULT_INITIAL_CAPACITY */"
      MAXIMUM_CAPACITY = "/* Could not access MAXIMUM_CAPACITY */"
      DEFAULT_LOAD_FACTOR = "/* Could not access DEFAULT_LOAD_FACTOR */"
      TREEIFY_THRESHOLD = "/* Could not access TREEIFY_THRESHOLD */"
      UNTREEIFY_THRESHOLD = "/* Could not access UNTREEIFY_THRESHOLD */"
      MIN_TREEIFY_CAPACITY = "/* Could not access MIN_TREEIFY_CAPACITY */"
      table = "/* Could not access table */"
      entrySet = "/* Could not access entrySet */"
      size = "/* Could not access size */"
      modCount = "/* Could not access modCount */"
      threshold = "/* Could not access threshold */"
      loadFactor = "/* Could not access loadFactor */"
      keySet = "/* Could not access keySet */"
      values = "/* Could not access values */"
    orderedBDAs = class java.util.ArrayList@2c1ca073
      serialVersionUID = "/* Could not access serialVersionUID */"
      DEFAULT_CAPACITY = "/* Could not access DEFAULT_CAPACITY */"
      EMPTY_ELEMENTDATA = "/* Could not access EMPTY_ELEMENTDATA */"
      DEFAULTCAPACITY_EMPTY_ELEMENTDATA = "/* Could not access DEFAULTCAPACITY_EMPTY_ELEMENTDATA */"
      elementData = "/* Could not access elementData */"
      size = "/* Could not access size */"
      modCount = "/* Could not access modCount */"
    bootstrap = class org.jboss.weld.bootstrap.WeldBootstrap@479b7a2e
      weldStartup = class org.jboss.weld.bootstrap.WeldStartup@58cfed65
      weldRuntime = class org.jboss.weld.bootstrap.WeldRuntime@6b0c9363
      beansXmlValidator = null
    classloader = class com.ibm.ws.classloading.internal.AppClassLoader@7773fc58
    extensionClassLoaders = class java.util.HashSet@7ef5094d
      serialVersionUID = "/* Could not access serialVersionUID */"
      map = "/* Could not access map */"
      PRESENT = "/* Could not access PRESENT */"
    cdiEnabled = true
    cdiStatusMap = class java.util.HashMap@1a24022d
      serialVersionUID = "/* Could not access serialVersionUID */"
      DEFAULT_INITIAL_CAPACITY = "/* Could not access DEFAULT_INITIAL_CAPACITY */"
      MAXIMUM_CAPACITY = "/* Could not access MAXIMUM_CAPACITY */"
      DEFAULT_LOAD_FACTOR = "/* Could not access DEFAULT_LOAD_FACTOR */"
      TREEIFY_THRESHOLD = "/* Could not access TREEIFY_THRESHOLD */"
      UNTREEIFY_THRESHOLD = "/* Could not access UNTREEIFY_THRESHOLD */"
      MIN_TREEIFY_CAPACITY = "/* Could not access MIN_TREEIFY_CAPACITY */"
      table = "/* Could not access table */"
      entrySet = "/* Could not access entrySet */"
      size = "/* Could not access size */"
      modCount = "/* Could not access modCount */"
      threshold = "/* Could not access threshold */"
      loadFactor = "/* Could not access loadFactor */"
      keySet = "/* Could not access keySet */"
      values = "/* Could not access values */"
    classBDAMap = class java.util.concurrent.ConcurrentHashMap@53f22622
      serialVersionUID = "/* Could not access serialVersionUID */"
      MAXIMUM_CAPACITY = "/* Could not access MAXIMUM_CAPACITY */"
      DEFAULT_CAPACITY = "/* Could not access DEFAULT_CAPACITY */"
      MAX_ARRAY_SIZE = "/* Could not access MAX_ARRAY_SIZE */"
      DEFAULT_CONCURRENCY_LEVEL = "/* Could not access DEFAULT_CONCURRENCY_LEVEL */"
      LOAD_FACTOR = "/* Could not access LOAD_FACTOR */"
      TREEIFY_THRESHOLD = "/* Could not access TREEIFY_THRESHOLD */"
      UNTREEIFY_THRESHOLD = "/* Could not access UNTREEIFY_THRESHOLD */"
      MIN_TREEIFY_CAPACITY = "/* Could not access MIN_TREEIFY_CAPACITY */"
      MIN_TRANSFER_STRIDE = "/* Could not access MIN_TRANSFER_STRIDE */"
      RESIZE_STAMP_BITS = "/* Could not access RESIZE_STAMP_BITS */"
      MAX_RESIZERS = "/* Could not access MAX_RESIZERS */"
      RESIZE_STAMP_SHIFT = "/* Could not access RESIZE_STAMP_SHIFT */"
      MOVED = "/* Could not access MOVED */"
      TREEBIN = "/* Could not access TREEBIN */"
      RESERVED = "/* Could not access RESERVED */"
      HASH_BITS = "/* Could not access HASH_BITS */"
      NCPU = "/* Could not access NCPU */"
      serialPersistentFields = "/* Could not access serialPersistentFields */"
      table = "/* Could not access table */"
      nextTable = "/* Could not access nextTable */"
      baseCount = "/* Could not access baseCount */"
      sizeCtl = "/* Could not access sizeCtl */"
      transferIndex = "/* Could not access transferIndex */"
      cellsBusy = "/* Could not access cellsBusy */"
      counterCells = "/* Could not access counterCells */"
      keySet = "/* Could not access keySet */"
      values = "/* Could not access values */"
      entrySet = "/* Could not access entrySet */"
      U = "/* Could not access U */"
      SIZECTL = "/* Could not access SIZECTL */"
      TRANSFERINDEX = "/* Could not access TRANSFERINDEX */"
      BASECOUNT = "/* Could not access BASECOUNT */"
      CELLSBUSY = "/* Could not access CELLSBUSY */"
      CELLVALUE = "/* Could not access CELLVALUE */"
      ABASE = "/* Could not access ABASE */"
      ASHIFT = "/* Could not access ASHIFT */"
      keySet = "/* Could not access keySet */"
      values = "/* Could not access values */"
    application = class com.ibm.ws.cdi.internal.archive.liberty.ApplicationImpl@4fa47c78
      tc = class com.ibm.websphere.ras.TraceComponent@602dc839
      applicationInfo = class com.ibm.ws.container.service.app.deploy.internal.ApplicationInfoImpl@2c5c1fa5
      earApplicationInfo = null
      factory = class com.ibm.ws.cdi.internal.archive.liberty.RuntimeFactory@66ea785e
      type = class com.ibm.ws.cdi.internal.interfaces.ApplicationType@6bef1bb9
      moduleArchives = class java.util.HashMap$Values@4654b762
      libraryArchives = class java.util.HashMap$Values@546fc4a2
      tccl = class com.ibm.ws.classloading.internal.ThreadContextClassLoader@20a3c2ca
      serialVersionUID = -1774035872069118191
    serviceRegistry = class org.jboss.weld.bootstrap.api.helpers.SimpleServiceRegistry@194dbba0
      services = class java.util.HashMap@73c8b9c7
    extensions = class java.util.HashSet@2342f7ce
      serialVersionUID = "/* Could not access serialVersionUID */"
      map = "/* Could not access map */"
      PRESENT = "/* Could not access PRESENT */"
    injectionServices = class com.ibm.ws.cdi.impl.weld.injection.WebSphereInjectionServicesImpl@61c316b2
      tc = class com.ibm.websphere.ras.TraceComponent@4656c8ac
      ANNOTATIONS_KNOWN_TO_WELD = class java.util.HashSet@5d3062bb
      referenceContextMap = class java.util.concurrent.ConcurrentHashMap@732f937b
      referenceContexts = class java.util.Collections$SetFromMap@451f0a58
      injectionTargetListeners = class java.util.concurrent.ConcurrentHashMap@7dfb827
      deployment = class com.ibm.ws.cdi.impl.weld.WebSphereCDIDeploymentImpl@5c11f38e
      serialVersionUID = 2515575801175940133
    cdiRuntime = class com.ibm.ws.cdi.liberty.CDIRuntimeImpl@75b2b405
    cdi = class com.ibm.ws.cdi.impl.CDIImpl@d68f14e
      cdiService = class com.ibm.ws.cdi.liberty.CDIRuntimeImpl@75b2b405
      serialVersionUID = -7939958868102936626
      $$$tc$$$ = class com.ibm.websphere.ras.TraceComponent@6fe487df
      knownClassNames = class org.jboss.weld.util.collections.ImmutableTinySet$Tripleton@78815407
      instanceCache = class org.jboss.weld.util.cache.ReentrantMapBackedComputingCache@3d5c5199
      lock = class java.lang.Object@7dbeae8e
      providerSetManually = true
      discoveredProviders = null
      configuredProvider = class com.ibm.ws.cdi.liberty.CDIRuntimeImpl@75b2b405
    serialVersionUID = 4603914438338371166
  ejbDescriptors = class java.util.HashSet@5556f31c
    serialVersionUID = "/* Could not access serialVersionUID */"
    map = "/* Could not access map */"
    PRESENT = "/* Could not access PRESENT */"
  ejbDescriptorMap = class java.util.HashMap@23e9e80
    serialVersionUID = "/* Could not access serialVersionUID */"
    DEFAULT_INITIAL_CAPACITY = "/* Could not access DEFAULT_INITIAL_CAPACITY */"
    MAXIMUM_CAPACITY = "/* Could not access MAXIMUM_CAPACITY */"
    DEFAULT_LOAD_FACTOR = "/* Could not access DEFAULT_LOAD_FACTOR */"
    TREEIFY_THRESHOLD = "/* Could not access TREEIFY_THRESHOLD */"
    UNTREEIFY_THRESHOLD = "/* Could not access UNTREEIFY_THRESHOLD */"
    MIN_TREEIFY_CAPACITY = "/* Could not access MIN_TREEIFY_CAPACITY */"
    table = "/* Could not access table */"
    entrySet = "/* Could not access entrySet */"
    size = "/* Could not access size */"
    modCount = "/* Could not access modCount */"
    threshold = "/* Could not access threshold */"
    loadFactor = "/* Could not access loadFactor */"
    keySet = "/* Could not access keySet */"
    values = "/* Could not access values */"
  scanned = true
  hasBeans = true
  endpointsScanned = true
  nonCDIInterceptors = class java.util.HashSet@423e985e
    serialVersionUID = "/* Could not access serialVersionUID */"
    map = "/* Could not access map */"
    PRESENT = "/* Could not access PRESENT */"
  beansXml = null
  beanDiscoveryMode = class org.jboss.weld.bootstrap.spi.BeanDiscoveryMode@20125d16
    NONE = class org.jboss.weld.bootstrap.spi.BeanDiscoveryMode@11d2bf75
      NONE = class org.jboss.weld.bootstrap.spi.BeanDiscoveryMode@11d2bf75
      ANNOTATED = class org.jboss.weld.bootstrap.spi.BeanDiscoveryMode@20125d16
      ALL = class org.jboss.weld.bootstrap.spi.BeanDiscoveryMode@250b7e01
      $VALUES = class org.jboss.weld.bootstrap.spi.BeanDiscoveryMode[3]
      name = "/* Could not access name */"
      ordinal = "/* Could not access ordinal */"
      hash = "/* Could not access hash */"
    ANNOTATED = class org.jboss.weld.bootstrap.spi.BeanDiscoveryMode@20125d16
    ALL = class org.jboss.weld.bootstrap.spi.BeanDiscoveryMode@250b7e01
      NONE = class org.jboss.weld.bootstrap.spi.BeanDiscoveryMode@11d2bf75
      ANNOTATED = class org.jboss.weld.bootstrap.spi.BeanDiscoveryMode@20125d16
      ALL = class org.jboss.weld.bootstrap.spi.BeanDiscoveryMode@250b7e01
      $VALUES = class org.jboss.weld.bootstrap.spi.BeanDiscoveryMode[3]
      name = "/* Could not access name */"
      ordinal = "/* Could not access ordinal */"
      hash = "/* Could not access hash */"
    $VALUES = class org.jboss.weld.bootstrap.spi.BeanDiscoveryMode[3]
      BeanDiscoveryMode[0] = class org.jboss.weld.bootstrap.spi.BeanDiscoveryMode@11d2bf75
      BeanDiscoveryMode[1] = class org.jboss.weld.bootstrap.spi.BeanDiscoveryMode@20125d16
      BeanDiscoveryMode[2] = class org.jboss.weld.bootstrap.spi.BeanDiscoveryMode@250b7e01
    name = "/* Could not access name */"
    ordinal = "/* Could not access ordinal */"
    hash = "/* Could not access hash */"
  directBeanDefiningAnnotations = class java.util.HashSet@562e0d0a
    serialVersionUID = "/* Could not access serialVersionUID */"
    map = "/* Could not access map */"
    PRESENT = "/* Could not access PRESENT */"
  accessibleBeanDefiningAnnotations = class java.util.HashSet@4378285c
    serialVersionUID = "/* Could not access serialVersionUID */"
    map = "/* Could not access map */"
    PRESENT = "/* Could not access PRESENT */"
  cdiRuntime = class com.ibm.ws.cdi.liberty.CDIRuntimeImpl@75b2b405
    tc = class com.ibm.websphere.ras.TraceComponent@46047407
      strings[0] = "TraceComponent[com.ibm.ws.cdi.liberty.CDIRuntimeImpl,class com.ibm.ws.cdi.liberty.CDIRuntimeImpl,[JCDI],com.ibm.ws.cdi.internal.resources.CDI,null]"
    metaDataSlotServiceSR = class com.ibm.wsspi.kernel.service.utils.AtomicServiceReference@281d8414
      referenceName = "metaDataSlotService"
      tuple = class java.util.concurrent.atomic.AtomicReference@5e1ac42e
      serialVersionUID = 2226592364007985000
      $$$tc$$$ = class com.ibm.websphere.ras.TraceComponent@6b25a501
    ejbEndpointServiceSR = class com.ibm.wsspi.kernel.service.utils.AtomicServiceReference@6c478650
      referenceName = "ejbEndpointService"
      tuple = class java.util.concurrent.atomic.AtomicReference@156baf73
      serialVersionUID = 2226592364007985000
      $$$tc$$$ = class com.ibm.websphere.ras.TraceComponent@6b25a501
    classLoadingSRRef = class com.ibm.wsspi.kernel.service.utils.AtomicServiceReference@709d8c6b
      referenceName = "classLoadingService"
      tuple = class java.util.concurrent.atomic.AtomicReference@561fc3c9
      serialVersionUID = 2226592364007985000
      $$$tc$$$ = class com.ibm.websphere.ras.TraceComponent@6b25a501
    ejbServices = class com.ibm.wsspi.kernel.service.utils.AtomicServiceReference@5fec7238
      referenceName = "ejbServices"
      tuple = class java.util.concurrent.atomic.AtomicReference@18c9ed5c
      serialVersionUID = 2226592364007985000
      $$$tc$$$ = class com.ibm.websphere.ras.TraceComponent@6b25a501
    transactionService = class com.ibm.wsspi.kernel.service.utils.AtomicServiceReference@1b9560f5
      referenceName = "transactionService"
      tuple = class java.util.concurrent.atomic.AtomicReference@3506acae
      serialVersionUID = 2226592364007985000
      $$$tc$$$ = class com.ibm.websphere.ras.TraceComponent@6b25a501
    securityServices = class com.ibm.wsspi.kernel.service.utils.AtomicServiceReference@4bb010d1
      referenceName = "securityServices"
      tuple = class java.util.concurrent.atomic.AtomicReference@26275b64
      serialVersionUID = 2226592364007985000
      $$$tc$$$ = class com.ibm.websphere.ras.TraceComponent@6b25a501
    extensionsSR = class com.ibm.wsspi.kernel.service.utils.ConcurrentServiceReferenceSet@57d23318
      referenceName = "extensionService"
      contextRef = class java.util.concurrent.atomic.AtomicReference@3c56ee1b
      elementMap = class java.util.LinkedHashMap@72fafcd5
      elementSet = class java.util.concurrent.ConcurrentSkipListSet@4d46338
      elementSetUnsorted = false
      serialVersionUID = 756240983881166148
      $$$tc$$$ = class com.ibm.websphere.ras.TraceComponent@cd5c684
    spiExtensionsSR = class com.ibm.wsspi.kernel.service.utils.ConcurrentServiceReferenceSet@6b93e668
      referenceName = "spiExtensionService"
      contextRef = class java.util.concurrent.atomic.AtomicReference@50ca0030
      elementMap = class java.util.LinkedHashMap@1fe4a636
      elementSet = class java.util.concurrent.ConcurrentSkipListSet@3afb0db9
      elementSetUnsorted = false
      serialVersionUID = 756240983881166148
      $$$tc$$$ = class com.ibm.websphere.ras.TraceComponent@cd5c684
    containerFactorySRRef = class com.ibm.wsspi.kernel.service.utils.AtomicServiceReference@5bb1a127
      referenceName = "containerFactory"
      tuple = class java.util.concurrent.atomic.AtomicReference@41a1782b
      serialVersionUID = 2226592364007985000
      $$$tc$$$ = class com.ibm.websphere.ras.TraceComponent@6b25a501
    adaptableModuleFactorySRRef = class com.ibm.wsspi.kernel.service.utils.AtomicServiceReference@104c0418
      referenceName = "adaptableModuleFactory"
      tuple = class java.util.concurrent.atomic.AtomicReference@786abf91
      serialVersionUID = 2226592364007985000
      $$$tc$$$ = class com.ibm.websphere.ras.TraceComponent@6b25a501
    injectionEngineServiceRef = class com.ibm.wsspi.kernel.service.utils.AtomicServiceReference@5640affa
      referenceName = "injectionEngine"
      tuple = class java.util.concurrent.atomic.AtomicReference@e64ed96
      serialVersionUID = 2226592364007985000
      $$$tc$$$ = class com.ibm.websphere.ras.TraceComponent@6b25a501
    scheduledExecutorServiceRef = class com.ibm.wsspi.kernel.service.utils.AtomicServiceReference@2294b3fc
      referenceName = "scheduledExecutorService"
      tuple = class java.util.concurrent.atomic.AtomicReference@452b0765
      serialVersionUID = 2226592364007985000
      $$$tc$$$ = class com.ibm.websphere.ras.TraceComponent@6b25a501
    executorServiceRef = class com.ibm.wsspi.kernel.service.utils.AtomicServiceReference@74fa8610
      referenceName = "executorService"
      tuple = class java.util.concurrent.atomic.AtomicReference@6fa8232d
      serialVersionUID = 2226592364007985000
      $$$tc$$$ = class com.ibm.websphere.ras.TraceComponent@6b25a501
    managedExecutorServiceRef = class com.ibm.wsspi.kernel.service.utils.AtomicServiceReference@4662053
      referenceName = "managedExecutorService"
      tuple = class java.util.concurrent.atomic.AtomicReference@6415f7b0
      serialVersionUID = 2226592364007985000
      $$$tc$$$ = class com.ibm.websphere.ras.TraceComponent@6b25a501
    resourceRefConfigFactoryRef = class com.ibm.wsspi.kernel.service.utils.AtomicServiceReference@578a705a
      referenceName = "resourceRefConfigFactory"
      tuple = class java.util.concurrent.atomic.AtomicReference@6bc89ae
      serialVersionUID = 2226592364007985000
      $$$tc$$$ = class com.ibm.websphere.ras.TraceComponent@6b25a501
    deferredMetaDataFactoryRef = class com.ibm.wsspi.kernel.service.utils.AtomicServiceReference@50862204
      referenceName = "cdiDeferredMetaDataFactoryImpl"
      tuple = class java.util.concurrent.atomic.AtomicReference@18008744
      serialVersionUID = 2226592364007985000
      $$$tc$$$ = class com.ibm.websphere.ras.TraceComponent@6b25a501
    beansXmlParser = class io.openliberty.cdi40.internal.weld.CDI40BeansXmlParserImpl@70ece402
      tc = class com.ibm.websphere.ras.TraceComponent@23f38f22
      cdiContainerConfig = class io.openliberty.cdi40.internal.weld.CDI40AggregatedConfigurationImpl@20c61a89
      serialVersionUID = 1591115226053693575
    bceFinder = class io.openliberty.cdi40.internal.weld.CDI40BceFinder@453d26f4
      BCE_EXTENSION = "jakarta.enterprise.inject.build.compatible.spi.BuildCompatibleExtension"
      META_INF_SERVICES_BCE_EXTENSION = "META-INF/services/jakarta.enterprise.inject.build.compatible.spi.BuildCompatibleExtension"
      WEB_INF_CLASSES_META_INF_SERVICES_BCE_EXTENSION = "WEB-INF/classes/META-INF/services/jakarta.enterprise.inject.build.compatible.spi.BuildCompatibleExtension"
      serialVersionUID = 8570119591201212767
      $$$tc$$$ = class com.ibm.websphere.ras.TraceComponent@60e48f4b
    cdiContainerEventManager = class io.openliberty.cdi40.internal.weld.CDI40ContainerEventManagerImpl@413186a9
      tc = class com.ibm.websphere.ras.TraceComponent@5ae84c4e
      LIBERTY_EE_ENVIRONMENT = class io.openliberty.cdi40.internal.weld.CDI40ContainerEventManagerImpl$LibertyEEEnvironment@51ce3275
      serialVersionUID = -4728261810637111019
    weldDevelopmentMode = null
    cdiContainerConfig = class io.openliberty.cdi40.internal.weld.CDI40AggregatedConfigurationImpl@20c61a89
      serialVersionUID = 2467610951074149464
      $$$tc$$$ = class com.ibm.websphere.ras.TraceComponent@5c44516b
      tc = class com.ibm.websphere.ras.TraceComponent@cf6bc7b
      ENABLE_IMPLICIT_BEAN_ARCHIVES = "enableImplicitBeanArchives"
      EMPTY_BEANS_XML_CDI3_COMPATIBILITY = "emptyBeansXmlCDI3Compatibility"
      ENABLE_IMPLICIT_BEAN_ARCHIVES_DEFAULT = true
      EMPTY_BEANS_XML_CDI3_COMPATIBILITY_DEFAULT = false
      cdi12EnableImplicitBeanArchives = null
      cdiEnableImplicitBeanArchives = null
      cdiEmptyBeansXmlCDI3Compatibility = null
      enableImplicitBeanArchives = true
      emptyBeansXmlCDI3Compatibility = false
      serialVersionUID = 2383387866469920840
    extensionArchiveProviders = class java.util.ArrayList@379d2667
      serialVersionUID = "/* Could not access serialVersionUID */"
      DEFAULT_CAPACITY = "/* Could not access DEFAULT_CAPACITY */"
      EMPTY_ELEMENTDATA = "/* Could not access EMPTY_ELEMENTDATA */"
      DEFAULTCAPACITY_EMPTY_ELEMENTDATA = "/* Could not access DEFAULTCAPACITY_EMPTY_ELEMENTDATA */"
      elementData = "/* Could not access elementData */"
      size = "/* Could not access size */"
      modCount = "/* Could not access modCount */"
    extensionArchiveFactories = class java.util.ArrayList@1b3bbce6
      serialVersionUID = "/* Could not access serialVersionUID */"
      DEFAULT_CAPACITY = "/* Could not access DEFAULT_CAPACITY */"
      EMPTY_ELEMENTDATA = "/* Could not access EMPTY_ELEMENTDATA */"
      DEFAULTCAPACITY_EMPTY_ELEMENTDATA = "/* Could not access DEFAULTCAPACITY_EMPTY_ELEMENTDATA */"
      elementData = "/* Could not access elementData */"
      size = "/* Could not access size */"
      modCount = "/* Could not access modCount */"
    applicationSlot = class com.ibm.ws.runtime.metadata.MetaDataSlotImpl@56f275e6
      id = 0
      destroyed = false
      metadataIntf = class java.lang.Class@48b92a76
      manager = class com.ibm.ws.container.service.metadata.internal.ApplicationMetaDataManager@4870bb39
      bundle = class org.eclipse.osgi.internal.framework.EquinoxBundle@29ff0d85
    isClientProcess = false
    runtimeFactory = class com.ibm.ws.cdi.internal.archive.liberty.RuntimeFactory@66ea785e
    proxyServices = class com.ibm.ws.cdi.proxy.ProxyServicesImpl@46f02fe3
      SUPPRESS_ACCESS_CHECKS_PERMISSION = class java.lang.reflect.ReflectPermission@1b02d74e
      DECLARED_MEMBERS_PERMISSION = class java.lang.RuntimePermission@5cca6cfa
      GET_CLASS_LOADER_PERMISSION = class java.lang.RuntimePermission@406cfa80
      WELD_PACKAGES = class org.eclipse.osgi.util.ManifestElement[1]
      CLASS_LOADER_FOR_SYSTEM_CLASSES = class org.eclipse.osgi.internal.loader.EquinoxClassLoader@b460e93
      loaderMap = class com.ibm.ws.cdi.proxy.ProxyServicesImpl$1@456a7be5
      serialVersionUID = -5246223089013259243
      $$$tc$$$ = class com.ibm.websphere.ras.TraceComponent@34894b8f
    serialVersionUID = 7930911400118500928
    cdiContainer = class com.ibm.ws.cdi.impl.CDIContainerImpl@4f878bb7
      tc = class com.ibm.websphere.ras.TraceComponent@13f8d93d
      CLASSLOADER = class org.eclipse.osgi.internal.loader.EquinoxClassLoader@49e11f7d
      EXTENSION_API_CLASSES = "api.classes"
      EXTENSION_BEAN_DEFINING_ANNOTATIONS = "bean.defining.annotations"
      EXTENSION_APP_BDAS_VISIBLE = "application.bdas.visible"
      EXTENSION_CLASSES_ONLY_MODE = "extension.classes.only"
      EXTENSION_API_CLASSES_SEPARATOR = ";"
      runtimeExtensionMap = class java.util.HashMap@30eb1acf
      probeExtensionArchive = null
      currentDeployment = class java.lang.ThreadLocal@193ce78
      cdiRuntime = class com.ibm.ws.cdi.liberty.CDIRuntimeImpl@75b2b405
      WELD_DISABLE_BEANSXML_VALIDATING = "org.jboss.weld.xml.disableValidating"
      serialVersionUID = 4644788022379001770
    serialVersionUID = 7975911090376029176
    $$$tc$$$ = class com.ibm.websphere.ras.TraceComponent@2f5e32d6
      strings[0] = "TraceComponent[com.ibm.ws.cdi.impl.AbstractCDIRuntime,class com.ibm.ws.cdi.impl.AbstractCDIRuntime,[JCDI],com.ibm.ws.cdi.internal.resources.CDI,null]"
  isExtension = false
  extensionCanSeeApplicationBDAs = false
  resourceLoader = class com.ibm.ws.cdi.impl.weld.ResourceLoaderImpl@1a3fae2b
    tc = class com.ibm.websphere.ras.TraceComponent@351cb9b3
      strings[0] = "TraceComponent[com.ibm.ws.cdi.impl.weld.ResourceLoaderImpl,class com.ibm.ws.cdi.impl.weld.ResourceLoaderImpl,[JCDI],com.ibm.ws.cdi.internal.resources.CDI,null]"
    delegate = class com.ibm.ws.classloading.internal.AppClassLoader@7773fc58
    serialVersionUID = -7296640400698987676
  injectionTargets = class java.util.HashMap@47faad48
    serialVersionUID = "/* Could not access serialVersionUID */"
    DEFAULT_INITIAL_CAPACITY = "/* Could not access DEFAULT_INITIAL_CAPACITY */"
    MAXIMUM_CAPACITY = "/* Could not access MAXIMUM_CAPACITY */"
    DEFAULT_LOAD_FACTOR = "/* Could not access DEFAULT_LOAD_FACTOR */"
    TREEIFY_THRESHOLD = "/* Could not access TREEIFY_THRESHOLD */"
    UNTREEIFY_THRESHOLD = "/* Could not access UNTREEIFY_THRESHOLD */"
    MIN_TREEIFY_CAPACITY = "/* Could not access MIN_TREEIFY_CAPACITY */"
    table = "/* Could not access table */"
    entrySet = "/* Could not access entrySet */"
    size = "/* Could not access size */"
    modCount = "/* Could not access modCount */"
    threshold = "/* Could not access threshold */"
    loadFactor = "/* Could not access loadFactor */"
    keySet = "/* Could not access keySet */"
    values = "/* Could not access values */"
  staticInjectionPoints = class java.util.HashMap@611aaee0
    serialVersionUID = "/* Could not access serialVersionUID */"
    DEFAULT_INITIAL_CAPACITY = "/* Could not access DEFAULT_INITIAL_CAPACITY */"
    MAXIMUM_CAPACITY = "/* Could not access MAXIMUM_CAPACITY */"
    DEFAULT_LOAD_FACTOR = "/* Could not access DEFAULT_LOAD_FACTOR */"
    TREEIFY_THRESHOLD = "/* Could not access TREEIFY_THRESHOLD */"
    UNTREEIFY_THRESHOLD = "/* Could not access UNTREEIFY_THRESHOLD */"
    MIN_TREEIFY_CAPACITY = "/* Could not access MIN_TREEIFY_CAPACITY */"
    table = "/* Could not access table */"
    entrySet = "/* Could not access entrySet */"
    size = "/* Could not access size */"
    modCount = "/* Could not access modCount */"
    threshold = "/* Could not access threshold */"
    loadFactor = "/* Could not access loadFactor */"
    keySet = "/* Could not access keySet */"
    values = "/* Could not access values */"
  archive = class com.ibm.ws.cdi.internal.archive.liberty.CDIArchiveImpl@63a25057
    CLASS_NAME = "CDIArchiveImpl"
    factory = class com.ibm.ws.cdi.internal.archive.liberty.RuntimeFactory@66ea785e
      services = class com.ibm.ws.cdi.liberty.CDIRuntimeImpl@75b2b405
      applications = class java.util.concurrent.ConcurrentHashMap@55dcc58a
      serialVersionUID = -4454616462077940377
      $$$tc$$$ = class com.ibm.websphere.ras.TraceComponent@5e366f9
    application = class com.ibm.ws.cdi.internal.archive.liberty.ApplicationImpl@4fa47c78
    containerInfo = class com.ibm.ws.app.manager.module.internal.SimpleDeployedAppInfoBase$WebModuleContainerInfo@306ff84c
      contextRoot = "/g-note"
      defaultContextRoot = "g-note"
      serialVersionUID = 4617657913043497664
      $$$tc$$$ = class com.ibm.websphere.ras.TraceComponent@756fafb2
      moduleHandler = class com.ibm.ws.app.manager.web.internal.WebModuleHandlerImpl@3f7c45
      moduleMetaDataExtenders = class java.util.Collections$UnmodifiableRandomAccessList@608721c
      nestedModuleMetaDataFactories = class java.util.Collections$UnmodifiableRandomAccessList@4f71ea66
      nestedModules = null
      moduleName = "g-note"
      moduleDD = null
      moduleInfo = class com.ibm.ws.app.manager.module.internal.WebModuleInfoImpl@7a371717
      serialVersionUID = 5122721995888983779
      $$$tc$$$ = class com.ibm.websphere.ras.TraceComponent@72dc3adc
      type = class com.ibm.ws.container.service.app.deploy.ContainerInfo$Type@1ed89c0c
      name = "g-note.war"
      container = class com.ibm.ws.adaptable.module.internal.AdaptableContainerImpl@36237c29
      moduleClassLoaderFactory = class com.ibm.ws.app.manager.war.internal.WARDeployedAppInfo@5680b198
      altDDEntry = null
      classesContainerInfo = class java.util.ArrayList@1caaf206
      serialVersionUID = 4636874131959542427
      $$$tc$$$ = class com.ibm.websphere.ras.TraceComponent@3c9f3588
    path = ""
    type = class com.ibm.ws.cdi.internal.interfaces.ArchiveType@6f7d6fc7
      MANIFEST_CLASSPATH = class com.ibm.ws.cdi.internal.interfaces.ArchiveType@4eb18b71
      WEB_INF_LIB = class com.ibm.ws.cdi.internal.interfaces.ArchiveType@4e3f85b7
      EAR_LIB = class com.ibm.ws.cdi.internal.interfaces.ArchiveType@10855a7a
      WEB_MODULE = class com.ibm.ws.cdi.internal.interfaces.ArchiveType@6f7d6fc7
      EJB_MODULE = class com.ibm.ws.cdi.internal.interfaces.ArchiveType@6e5aa612
      CLIENT_MODULE = class com.ibm.ws.cdi.internal.interfaces.ArchiveType@5591bed8
      RAR_MODULE = class com.ibm.ws.cdi.internal.interfaces.ArchiveType@3df235f
      JAR_MODULE = class com.ibm.ws.cdi.internal.interfaces.ArchiveType@5bbbffb5
      SHARED_LIB = class com.ibm.ws.cdi.internal.interfaces.ArchiveType@93102fc
      ON_DEMAND_LIB = class com.ibm.ws.cdi.internal.interfaces.ArchiveType@59bf51a0
      RUNTIME_EXTENSION = class com.ibm.ws.cdi.internal.interfaces.ArchiveType@1b17a3e5
      $VALUES = class com.ibm.ws.cdi.internal.interfaces.ArchiveType[11]
      name = "/* Could not access name */"
      ordinal = "/* Could not access ordinal */"
      hash = "/* Could not access hash */"
    classLoader = class com.ibm.ws.classloading.internal.AppClassLoader@7773fc58
    moduleLibraryArchives = class java.util.HashMap$Values@5a24a27
      this$0 = "/* Could not access this$0 */"
    extendedModuleInfo = class com.ibm.ws.app.manager.module.internal.WebModuleInfoImpl@7a371717
      contextRoot = "/g-note"
      isDefaultContextRootUsed = false
      defaultContextRoot = "g-note"
      serialVersionUID = -6699247856069243844
      $$$tc$$$ = class com.ibm.websphere.ras.TraceComponent@bf42166
      tc = class com.ibm.websphere.ras.TraceComponent@7fc60ba6
      appInfo = class com.ibm.ws.container.service.app.deploy.internal.ApplicationInfoImpl@2c5c1fa5
      moduleName = "g-note"
      path = "g-note.war"
      moduleContainer = class com.ibm.ws.adaptable.module.internal.AdaptableContainerImpl@36237c29
      altDDEntry = null
      moduleClassesContainers = class java.util.ArrayList@1caaf206
      classLoaderFactory = class com.ibm.ws.app.manager.war.internal.WARDeployedAppInfo@5680b198
      containerInfoType = class com.ibm.ws.container.service.app.deploy.ContainerInfo$Type@1ed89c0c
      classLoader = class com.ibm.ws.classloading.internal.AppClassLoader@7773fc58
      moduleMetaData = class com.ibm.ws.webcontainer.osgi.metadata.WebModuleMetaDataImpl@3e255838
      nestedModuleMetaDataTypes = null
      nestedModuleMetaDataValues = null
      serialVersionUID = 3986734351620206554
    appCallbackHandlerName = null
    classNames = class java.util.TreeSet@59220be4
      m = "/* Could not access m */"
      PRESENT = "/* Could not access PRESENT */"
      serialVersionUID = "/* Could not access serialVersionUID */"
    jeeComponentClassNames = class java.util.ArrayList@4350f9ce
      serialVersionUID = "/* Could not access serialVersionUID */"
      DEFAULT_CAPACITY = "/* Could not access DEFAULT_CAPACITY */"
      EMPTY_ELEMENTDATA = "/* Could not access EMPTY_ELEMENTDATA */"
      DEFAULTCAPACITY_EMPTY_ELEMENTDATA = "/* Could not access DEFAULTCAPACITY_EMPTY_ELEMENTDATA */"
      elementData = "/* Could not access elementData */"
      size = "/* Could not access size */"
      modCount = "/* Could not access modCount */"
    allBindings = null
    serialVersionUID = -6988440722100918472
    $$$tc$$$ = class com.ibm.websphere.ras.TraceComponent@4aedbe
      strings[0] = "TraceComponent[com.ibm.ws.cdi.internal.archive.liberty.CDIArchiveImpl,class com.ibm.ws.cdi.internal.archive.liberty.CDIArchiveImpl,[JCDI],com.ibm.ws.cdi.internal.resources.CDI,null]"
    tc = class com.ibm.websphere.ras.TraceComponent@61304755
      strings[0] = "TraceComponent[com.ibm.ws.cdi.internal.archive.AbstractCDIArchive,class com.ibm.ws.cdi.internal.archive.AbstractCDIArchive,[JCDI],com.ibm.ws.cdi.internal.resources.CDI,null]"
    cdiRuntime = class com.ibm.ws.cdi.liberty.CDIRuntimeImpl@75b2b405
    name = "g-note.war"
    annotationNames = class java.util.HashSet@61a9deee
      serialVersionUID = "/* Could not access serialVersionUID */"
      map = "/* Could not access map */"
      PRESENT = "/* Could not access PRESENT */"
    referenceContext = class com.ibm.ws.injectionengine.osgi.internal.OSGiReferenceContextImpl@18ecddce
      scopeData = class com.ibm.ws.injectionengine.osgi.internal.OSGiInjectionScopeData@7554b738
      serialVersionUID = 521511923892134915
      $$$tc$$$ = class com.ibm.websphere.ras.TraceComponent@3efbf68b
      CLASS_NAME = "com.ibm.ws.injectionengine.ReferenceContextImpl"
      tc = class com.ibm.websphere.ras.TraceComponent@e36933d
      ivInjectionEngine = class com.ibm.ws.injectionengine.osgi.internal.OSGiInjectionEngineImpl@47c3ab9f
      ivProviders = class java.util.ArrayList@260bd47b
      ivComponentJavaContext = null
      ivComponentNameSpace = null
      ivJavaColonCompEnvMap = class java.util.LinkedHashMap@7ce9044a
      ivEjbContext10 = class java.util.Properties@68997777
      ivResourceRefConfigList = class com.ibm.ws.resource.internal.ResourceRefConfigListImpl@3824f02b
      isAlreadyProcessed = true
      ivProcessFailure = null
      ivInjectionTargetMap = class java.util.concurrent.ConcurrentHashMap@748bd448
      svInjTarMapCacheSize = 256
      ivDeclaredInjectionTargets = class java.util.HashMap@578a3761
      ivProcessedInjectionClasses = class java.util.HashSet@48b03013
      svInjClassMapCacheSize = 512
      ivProcessedInjectionBindings = class java.util.ArrayList@2a3cc4de
      ivAnyProcessDynamic = false
      ivCheckAppConfig = false
    serialVersionUID = -301712185318755928
  tc = class com.ibm.websphere.ras.TraceComponent@52eefc0c
    strings[0] = "TraceComponent[com.ibm.ws.cdi.impl.weld.BeanDeploymentArchiveImpl,class com.ibm.ws.cdi.impl.weld.BeanDeploymentArchiveImpl,[JCDI],com.ibm.ws.cdi.internal.resources.CDI,null]"
  serialVersionUID = -89140366656931497

Dump of objectArray[0]
Object type = java.lang.Class
  ANNOTATION = "/* Could not access ANNOTATION */"
  ENUM = "/* Could not access ENUM */"
  SYNTHETIC = "/* Could not access SYNTHETIC */"
  cachedConstructor = "/* Could not access cachedConstructor */"
  name = "/* Could not access name */"
  module = "/* Could not access module */"
  packageName = "/* Could not access packageName */"
  componentType = "/* Could not access componentType */"
  allPermDomain = "/* Could not access allPermDomain */"
  reflectionData = "/* Could not access reflectionData */"
  classRedefinedCount = "/* Could not access classRedefinedCount */"
  genericInfo = "/* Could not access genericInfo */"
  EMPTY_CLASS_ARRAY = "/* Could not access EMPTY_CLASS_ARRAY */"
  serialVersionUID = "/* Could not access serialVersionUID */"
  serialPersistentFields = "/* Could not access serialPersistentFields */"
  reflectionFactory = "/* Could not access reflectionFactory */"
  enumConstants = "/* Could not access enumConstants */"
  enumConstantDirectory = "/* Could not access enumConstantDirectory */"
  annotationData = "/* Could not access annotationData */"
  annotationType = "/* Could not access annotationType */"
  classValueMap = "/* Could not access classValueMap */"

