------Start of DE processing------ = [06/03/2024 10:29:07:859 WEST]
Exception = java.lang.Error
Source = com.ibm.ws.webcontainer.servlet.ServletWrapper.init
probeid = 181
Stack Dump = java.lang.Error: Unresolved compilation problem: 
	The method register(Class<CorsFilter>) is undefined for the type RestApplication

	at estm.dsic.jee.rest.RestApplication.<init>(RestApplication.java:10)
	at estm.dsic.jee.rest.RestApplication$Proxy$_$$_WeldClientProxy.<init>(Unknown Source)
	at java.base/jdk.internal.reflect.DirectConstructorHandleAccessor.newInstance(DirectConstructorHandleAccessor.java:62)
	at java.base/java.lang.reflect.Constructor.newInstanceWithCaller(Constructor.java:502)
	at java.base/java.lang.reflect.ReflectAccess.newInstance(ReflectAccess.java:128)
	at java.base/jdk.internal.reflect.ReflectionFactory.newInstance(ReflectionFactory.java:304)
	at java.base/java.lang.Class.newInstance(Class.java:725)
	at org.jboss.weld.bean.proxy.DefaultProxyInstantiator.newInstance(DefaultProxyInstantiator.java:43)
	at org.jboss.weld.bean.proxy.ProxyFactory.run(ProxyFactory.java:368)
	at org.jboss.weld.bean.proxy.ProxyFactory.create(ProxyFactory.java:352)
	at org.jboss.weld.bean.proxy.ClientProxyFactory.create(ClientProxyFactory.java:83)
	at org.jboss.weld.bean.proxy.ClientProxyProvider.createClientProxy(ClientProxyProvider.java:205)
	at org.jboss.weld.bean.proxy.ClientProxyProvider.createClientProxy(ClientProxyProvider.java:195)
	at org.jboss.weld.bean.proxy.ClientProxyProvider$CreateClientProxy.apply(ClientProxyProvider.java:52)
	at org.jboss.weld.bean.proxy.ClientProxyProvider$CreateClientProxy.apply(ClientProxyProvider.java:48)
	at org.jboss.weld.util.cache.ReentrantMapBackedComputingCache.lambda$new$0(ReentrantMapBackedComputingCache.java:55)
	at org.jboss.weld.util.LazyValueHolder$1.computeValue(LazyValueHolder.java:32)
	at org.jboss.weld.util.LazyValueHolder.get(LazyValueHolder.java:46)
	at org.jboss.weld.util.cache.ReentrantMapBackedComputingCache.getValue(ReentrantMapBackedComputingCache.java:72)
	at org.jboss.weld.util.cache.ReentrantMapBackedComputingCache.getCastValue(ReentrantMapBackedComputingCache.java:78)
	at org.jboss.weld.bean.proxy.ClientProxyProvider.getClientProxy(ClientProxyProvider.java:229)
	at org.jboss.weld.manager.BeanManagerImpl.getReference(BeanManagerImpl.java:674)
	at org.jboss.weld.manager.BeanManagerImpl.getReference(BeanManagerImpl.java:703)
	at org.jboss.resteasy.cdi.CdiConstructorInjector.construct(CdiConstructorInjector.java:60)
	at org.jboss.resteasy.core.providerfactory.Utils.createProviderInstance(Utils.java:102)
	at org.jboss.resteasy.core.providerfactory.ResteasyProviderFactoryImpl.createProviderInstance(ResteasyProviderFactoryImpl.java:1408)
	at org.jboss.resteasy.core.ResteasyDeploymentImpl.createApplication(ResteasyDeploymentImpl.java:424)
	at org.jboss.resteasy.core.ResteasyDeploymentImpl.initializeObjects(ResteasyDeploymentImpl.java:271)
	at org.jboss.resteasy.core.ResteasyDeploymentImpl.startInternal(ResteasyDeploymentImpl.java:143)
	at org.jboss.resteasy.core.ResteasyDeploymentImpl.start(ResteasyDeploymentImpl.java:127)
	at org.jboss.resteasy.plugins.server.servlet.ServletContainerDispatcher.init(ServletContainerDispatcher.java:140)
	at org.jboss.resteasy.plugins.server.servlet.HttpServletDispatcher.init(HttpServletDispatcher.java:42)
	at com.ibm.ws.webcontainer.servlet.ServletWrapper.init(ServletWrapper.java:301)
	at com.ibm.ws.webcontainer.servlet.ServletWrapper.loadOnStartupCheck(ServletWrapper.java:1403)
	at com.ibm.ws.webcontainer.webapp.WebApp.doLoadOnStartupActions(WebApp.java:1229)
	at com.ibm.ws.webcontainer.webapp.WebApp.commonInitializationFinally(WebApp.java:1197)
	at com.ibm.ws.webcontainer.webapp.WebApp.initialize(WebApp.java:1095)
	at com.ibm.ws.webcontainer.webapp.WebApp.initialize(WebApp.java:6702)
	at com.ibm.ws.webcontainer.osgi.DynamicVirtualHost.startWebApp(DynamicVirtualHost.java:484)
	at com.ibm.ws.webcontainer.osgi.DynamicVirtualHost.startWebApplication(DynamicVirtualHost.java:479)
	at com.ibm.ws.webcontainer.osgi.WebContainer.startWebApplication(WebContainer.java:1208)
	at com.ibm.ws.webcontainer.osgi.WebContainer.access$100(WebContainer.java:113)
	at com.ibm.ws.webcontainer.osgi.WebContainer$3.run(WebContainer.java:996)
	at com.ibm.ws.threading.internal.ExecutorServiceImpl$RunnableWrapper.run(ExecutorServiceImpl.java:280)
	at java.base/java.util.concurrent.Executors$RunnableAdapter.call(Executors.java:572)
	at java.base/java.util.concurrent.FutureTask.run(FutureTask.java:317)
	at java.base/java.util.concurrent.ThreadPoolExecutor.runWorker(ThreadPoolExecutor.java:1144)
	at java.base/java.util.concurrent.ThreadPoolExecutor$Worker.run(ThreadPoolExecutor.java:642)
	at java.base/java.lang.Thread.run(Thread.java:1583)

Dump of callerThis
Object type = com.ibm.ws.webcontainer.osgi.servlet.ServletWrapper
  serialVersionUID = 1
  _mo = class com.ibm.ws.cdi.impl.managedobject.CDIManagedObject@6c1d0951
    tc = class com.ibm.websphere.ras.TraceComponent@59446899
      strings[0] = "TraceComponent[com.ibm.ws.cdi.impl.managedobject.CDIManagedObject,class com.ibm.ws.cdi.impl.managedobject.CDIManagedObject,[JCDI],com.ibm.ws.cdi.internal.resources.CDI,null]"
    managedObject = class com.ibm.websphere.jaxrs.server.IBMRestServlet@b29d3f1
    creationalContext = class org.jboss.weld.contexts.CreationalContextImpl@7cf992d1
      serialVersionUID = 7375854583908262422
      SERIALIZATION_PROXY = class org.jboss.weld.contexts.CreationalContextImpl$SerializationProxy@3400c115
      incompleteInstances = null
      contextual = null
      dependentInstances = class java.util.Collections$SynchronizedRandomAccessList@7cf2ff5
      parentDependentInstances = class java.util.Collections$SynchronizedRandomAccessList@2c3637a8
      parentCreationalContext = null
      destroyed = null
      resourceReferences = null
      constructorInterceptionSuppressed = false
      aroundConstructCallbacks = null
      aroundConstructInterceptionContext = null
    injectionTarget = class org.jboss.weld.injection.producer.BeanInjectionTarget@10237896
      bean = null
      beanManager = class org.jboss.weld.manager.BeanManagerImpl@3b07af53
      type = class org.jboss.weld.annotated.slim.backed.BackedAnnotatedType@20a67e50
      injectionPoints = class java.util.Collections$EmptySet@4bbe21a8
      instantiator = class org.jboss.weld.injection.producer.DefaultInstantiator@6ee41df7
      injector = class org.jboss.weld.injection.producer.ResourceInjector@681f4a4f
      invoker = class org.jboss.weld.injection.producer.DefaultLifecycleCallbackInvoker@7bd8ede2
    lifecycleManaged = true
    beanScope = null
    identity = "com.ibm.websphere.jaxrs.server.IBMRestServlet@b29d3f1"
    websphereInjectionServices = class com.ibm.ws.cdi.impl.weld.injection.WebSphereInjectionServicesImpl@4fc1fb36
      tc = class com.ibm.websphere.ras.TraceComponent@13962301
      ANNOTATIONS_KNOWN_TO_WELD = class java.util.HashSet@25ffdd62
      referenceContextMap = class java.util.concurrent.ConcurrentHashMap@564ada6f
      referenceContexts = class java.util.Collections$SetFromMap@65178f5d
      injectionTargetListeners = class java.util.concurrent.ConcurrentHashMap@65244b53
      deployment = class com.ibm.ws.cdi.impl.weld.WebSphereCDIDeploymentImpl@3e6b9e58
      serialVersionUID = 2515575801175940133
    currentInjectionTargets = null
    currentInjectionContext = null
    serialVersionUID = 642874158156701263
  serialVersionUID = -4479626085298397598
  notifyInvocationListeners = false
  UNINITIALIZED_STATE = -1
  AVAILABLE_STATE = 0
  UNAVAILABLE_STATE = 1
  UNAVAILABLE_PERMANENTLY_STATE = 2
  collabHelper = class com.ibm.ws.webcontainer.osgi.collaborator.CollaboratorHelperImpl@6445ab12
    webAppInvCollabs = class java.util.Collections$UnmodifiableSet@52cf95fb
      serialVersionUID = "/* Could not access serialVersionUID */"
      serialVersionUID = "/* Could not access serialVersionUID */"
      c = "/* Could not access c */"
    securityDomainForApp = null
    logger = class com.ibm.ws.logging.internal.WsLogger@5923b0fc
      ivCachedResourceBundleName = null
      ivCachedResourceBundle = null
      ivComponent = null
      ivOrganization = null
      ivProduct = null
      ivMinimumLocalizationLevelIntValue = 625
      ivTC = class com.ibm.websphere.ras.TraceComponent@3bd0e7a5
      loggerRegistrationComponent = class java.lang.ThreadLocal@256cad4c
      emptyHandlers = "/* Could not access emptyHandlers */"
      offValue = "/* Could not access offValue */"
      SYSTEM_LOGGER_RB_NAME = "/* Could not access SYSTEM_LOGGER_RB_NAME */"
      SYSTEM_BUNDLE = "/* Could not access SYSTEM_BUNDLE */"
      NO_RESOURCE_BUNDLE = "/* Could not access NO_RESOURCE_BUNDLE */"
      config = "/* Could not access config */"
      manager = "/* Could not access manager */"
      name = "/* Could not access name */"
      loggerBundle = "/* Could not access loggerBundle */"
      anonymous = "/* Could not access anonymous */"
      catalogRef = "/* Could not access catalogRef */"
      catalogName = "/* Could not access catalogName */"
      catalogLocale = "/* Could not access catalogLocale */"
      treeLock = "/* Could not access treeLock */"
      parent = "/* Could not access parent */"
      kids = "/* Could not access kids */"
      callerModuleRef = "/* Could not access callerModuleRef */"
      isSystemLogger = "/* Could not access isSystemLogger */"
      GLOBAL_LOGGER_NAME = "global"
      global = class java.util.logging.Logger@64f61b9f
    staticDefaultSecurityCollaborator = class com.ibm.ws.webcontainer.collaborator.WebAppSecurityCollaborator@197be8a5
    staticDefaultWebAppTransactionCollaborator = class com.ibm.ws.webcontainer.collaborator.WebAppTransactionCollaborator@7ced7494
      logger = class com.ibm.ws.logging.internal.WsLogger@5923b0fc
      CLASS_NAME = "com.ibm.ws.webcontainer.collaborator.WebAppTransactionCollaborator"
    logger = class com.ibm.ws.logging.internal.WsLogger@52a356bf
      ivCachedResourceBundleName = null
      ivCachedResourceBundle = null
      ivComponent = null
      ivOrganization = null
      ivProduct = null
      ivMinimumLocalizationLevelIntValue = 625
      ivTC = class com.ibm.websphere.ras.TraceComponent@73291420
      loggerRegistrationComponent = class java.lang.ThreadLocal@256cad4c
      emptyHandlers = "/* Could not access emptyHandlers */"
      offValue = "/* Could not access offValue */"
      SYSTEM_LOGGER_RB_NAME = "/* Could not access SYSTEM_LOGGER_RB_NAME */"
      SYSTEM_BUNDLE = "/* Could not access SYSTEM_BUNDLE */"
      NO_RESOURCE_BUNDLE = "/* Could not access NO_RESOURCE_BUNDLE */"
      config = "/* Could not access config */"
      manager = "/* Could not access manager */"
      name = "/* Could not access name */"
      loggerBundle = "/* Could not access loggerBundle */"
      anonymous = "/* Could not access anonymous */"
      catalogRef = "/* Could not access catalogRef */"
      catalogName = "/* Could not access catalogName */"
      catalogLocale = "/* Could not access catalogLocale */"
      treeLock = "/* Could not access treeLock */"
      parent = "/* Could not access parent */"
      kids = "/* Could not access kids */"
      callerModuleRef = "/* Could not access callerModuleRef */"
      isSystemLogger = "/* Could not access isSystemLogger */"
      GLOBAL_LOGGER_NAME = "global"
      global = class java.util.logging.Logger@64f61b9f
    CLASS_NAME = "com.ibm.wsspi.webcontainer.collaborator.CollaboratorHelper"
    webApp = class com.ibm.ws.webcontainer40.osgi.webapp.WebApp40@21c06e6
    securityCollaborator = class com.ibm.ws.webcontainer.security.WebAppSecurityCollaboratorImpl@1643a847
      tc = class com.ibm.websphere.ras.TraceComponent@751b999c
      KEY_ID = "id"
      KEY_SERVICE_ID = "service.id"
      KEY_COMPONENT_NAME = "component.name"
      KEY_SECURITY_SERVICE = "securityService"
      KEY_SSO_SERVICE = "ssoAuthFilter"
      KEY_TAI_SERVICE = "taiService"
      KEY_INTERCEPTOR_SERVICE = "interceptorService"
      KEY_JACC_SERVICE = "jaccService"
      JASPI_SERVICE_COMPONENT_NAME = "com.ibm.ws.security.jaspi"
      KEY_WEB_AUTHENTICATOR = "webAuthenticator"
      KEY_UNPROTECTED_RESOURCE_SERVICE = "unprotectedResourceService"
      KEY_CONFIG_CHANGE_LISTENER = "webAppSecurityConfigChangeListener"
      DELEGATION_USERS_LIST = "DELEGATION_USERS_LIST"
      webAuthenticatorRef = class com.ibm.wsspi.kernel.service.utils.ConcurrentServiceReferenceMap@fe045ae
      unprotectedResourceServiceRef = class com.ibm.wsspi.kernel.service.utils.ConcurrentServiceReferenceMap@619352e7
      ssoAuthFilterRef = class com.ibm.wsspi.kernel.service.utils.AtomicServiceReference@412592e4
      taiServiceRef = class com.ibm.wsspi.kernel.service.utils.AtomicServiceReference@271ac41b
      interceptorServiceRef = class com.ibm.wsspi.kernel.service.utils.ConcurrentServiceReferenceMap@2ada2863
      securityServiceRef = class com.ibm.wsspi.kernel.service.utils.AtomicServiceReference@51a553b5
      jaccServiceRef = class com.ibm.wsspi.kernel.service.utils.AtomicServiceReference@3cfa49d7
      webAppSecurityConfigchangeListenerRef = class com.ibm.wsspi.kernel.service.utils.ConcurrentServiceReferenceSet@4db1684f
      KEY_LOCATION_ADMIN = "locationAdmin"
      locationAdminRef = class com.ibm.wsspi.kernel.service.utils.AtomicServiceReference@3653c8aa
      PERMIT_REPLY = class com.ibm.ws.webcontainer.security.internal.PermitReply@4d900d2e
      DENY_AUTHZ_FAILED = class com.ibm.ws.webcontainer.security.internal.DenyReply@23ca51ba
      AUTH_TYPE = "AUTH_TYPE"
      SECURITY_CONTEXT = "SECURITY_CONTEXT"
      ALL_AUTHENTICATED_ROLE = "**"
      STARSTAR_ROLE = "_starstar_"
      globalConfig = class com.ibm.ws.webcontainer.security.internal.WebAppSecurityConfigImpl@65ffb69c
      globalWebAuthenticatorFactory = class com.ibm.ws.webcontainer.security.internal.WebAuthenticatorFactoryImpl@4d412411
      currentProps = class java.util.HashMap@f5a9ea
      authenticatorFactory = class com.ibm.ws.webcontainer.security.internal.WebAuthenticatorFactoryImpl@4d412411
      webAppSecConfig = class com.ibm.ws.webcontainer.security.internal.WebAppSecurityConfigImpl@65ffb69c
      authenticateApi = class com.ibm.ws.webcontainer.security.AuthenticateApi@71c36fcf
      postParameterHelper = class com.ibm.ws.webcontainer.security.PostParameterHelper@69907c3d
      collabUtils = class com.ibm.ws.security.collaborator.CollaboratorUtils@2db5bcb2
      subjectHelper = class com.ibm.ws.security.authentication.utility.SubjectHelper@a2fa17
      subjectManager = class com.ibm.ws.security.context.SubjectManager@6a7540db
      httpsRedirectHandler = class com.ibm.ws.webcontainer.security.internal.HTTPSRedirectHandler@eeb83c
      auditManager = class com.ibm.websphere.security.audit.context.AuditManager@3ec4bf
      authenticatorProxy = class com.ibm.ws.webcontainer.security.WebAuthenticatorProxy@17dbe4ed
      providerAuthenticatorProxy = class com.ibm.ws.webcontainer.security.WebProviderAuthenticatorProxy@57e80d55
      unauthenticatedSubjectService = class com.ibm.ws.security.authentication.internal.UnauthenticatedSubjectServiceImpl@22b270cc
      wasch = class com.ibm.ws.webcontainer.security.WebAppSecurityCollaboratorImpl@1643a847
      provisionerService = class com.ibm.ws.kernel.feature.internal.FeatureManager@54df5319
      isJaspiEnabled = true
      savedSubject = null
      isActive = true
      serialVersionUID = 6185041286117417669
    nameSpaceCollaborator = class com.ibm.ws.webcontainer.osgi.collaborator.WebAppNameSpaceCollaboratorImpl@3587e5ae
    transactionCollaborator = class com.ibm.ws.transaction.services.WebAppTransactionCollaboratorImpl@1f030beb
    connectionCollaborator = class com.ibm.ws.webcontainer.collaborator.ConnectionHandleCollaborator@6b839789
    allCollabEnum = class java.util.RegularEnumSet@50bb54ea
      serialVersionUID = "/* Could not access serialVersionUID */"
      elements = "/* Could not access elements */"
      serialVersionUID = "/* Could not access serialVersionUID */"
      elementType = "/* Could not access elementType */"
      universe = "/* Could not access universe */"
    servlet_23_or_greater = true
    DEFER_SERVLET_REQUEST_LISTENER_DESTROY_ON_ERROR = true
  nServicing = class java.util.concurrent.atomic.AtomicInteger@1c71bece
    serialVersionUID = "/* Could not access serialVersionUID */"
    U = "/* Could not access U */"
    VALUE = "/* Could not access VALUE */"
    value = "/* Could not access value */"
    serialVersionUID = "/* Could not access serialVersionUID */"
  lastAccessTime = 1709717347014
  state = -1
  logger = class com.ibm.ws.logging.internal.WsLogger@2e5af2fb
    ivCachedResourceBundleName = "com.ibm.ws.webcontainer.resources.Messages"
    ivCachedResourceBundle = class com.ibm.ws.webcontainer.resources.Messages_fr@7a3a2b55
      resources = class [Ljava.lang.Object;[347]
      lookup = "/* Could not access lookup */"
      INITIAL_CACHE_SIZE = "/* Could not access INITIAL_CACHE_SIZE */"
      NONEXISTENT_BUNDLE = "/* Could not access NONEXISTENT_BUNDLE */"
      cacheList = "/* Could not access cacheList */"
      referenceQueue = "/* Could not access referenceQueue */"
      parent = "/* Could not access parent */"
      locale = "/* Could not access locale */"
      name = "/* Could not access name */"
      expired = "/* Could not access expired */"
      cacheKey = "/* Could not access cacheKey */"
      keySet = "/* Could not access keySet */"
      UNKNOWN_FORMAT = "/* Could not access UNKNOWN_FORMAT */"
      TRACE_ON = "/* Could not access TRACE_ON */"
      $assertionsDisabled = "/* Could not access $assertionsDisabled */"
    ivComponent = null
    ivOrganization = null
    ivProduct = null
    ivMinimumLocalizationLevelIntValue = 625
    ivTC = class com.ibm.websphere.ras.TraceComponent@3ed5f7e9
      strings[0] = "TraceComponent[com.ibm.ws.webcontainer.servlet,class com.ibm.wsspi.webcontainer.logging.LoggerFactory$1,[com.ibm.ws.webcontainer.servlet],null,null]"
    loggerRegistrationComponent = class java.lang.ThreadLocal@256cad4c
      TRACE_VTHREAD_LOCALS = "/* Could not access TRACE_VTHREAD_LOCALS */"
      threadLocalHashCode = "/* Could not access threadLocalHashCode */"
      nextHashCode = "/* Could not access nextHashCode */"
      HASH_INCREMENT = "/* Could not access HASH_INCREMENT */"
      $assertionsDisabled = "/* Could not access $assertionsDisabled */"
    emptyHandlers = "/* Could not access emptyHandlers */"
    offValue = "/* Could not access offValue */"
    SYSTEM_LOGGER_RB_NAME = "/* Could not access SYSTEM_LOGGER_RB_NAME */"
    SYSTEM_BUNDLE = "/* Could not access SYSTEM_BUNDLE */"
    NO_RESOURCE_BUNDLE = "/* Could not access NO_RESOURCE_BUNDLE */"
    config = "/* Could not access config */"
    manager = "/* Could not access manager */"
    name = "/* Could not access name */"
    loggerBundle = "/* Could not access loggerBundle */"
    anonymous = "/* Could not access anonymous */"
    catalogRef = "/* Could not access catalogRef */"
    catalogName = "/* Could not access catalogName */"
    catalogLocale = "/* Could not access catalogLocale */"
    treeLock = "/* Could not access treeLock */"
    parent = "/* Could not access parent */"
    kids = "/* Could not access kids */"
    callerModuleRef = "/* Could not access callerModuleRef */"
    isSystemLogger = "/* Could not access isSystemLogger */"
    GLOBAL_LOGGER_NAME = "global"
    global = class java.util.logging.Logger@64f61b9f
      emptyHandlers = "/* Could not access emptyHandlers */"
      offValue = "/* Could not access offValue */"
      SYSTEM_LOGGER_RB_NAME = "/* Could not access SYSTEM_LOGGER_RB_NAME */"
      SYSTEM_BUNDLE = "/* Could not access SYSTEM_BUNDLE */"
      NO_RESOURCE_BUNDLE = "/* Could not access NO_RESOURCE_BUNDLE */"
      config = "/* Could not access config */"
      manager = "/* Could not access manager */"
      name = "/* Could not access name */"
      loggerBundle = "/* Could not access loggerBundle */"
      anonymous = "/* Could not access anonymous */"
      catalogRef = "/* Could not access catalogRef */"
      catalogName = "/* Could not access catalogName */"
      catalogLocale = "/* Could not access catalogLocale */"
      treeLock = "/* Could not access treeLock */"
      parent = "/* Could not access parent */"
      kids = "/* Could not access kids */"
      callerModuleRef = "/* Could not access callerModuleRef */"
      isSystemLogger = "/* Could not access isSystemLogger */"
      GLOBAL_LOGGER_NAME = "global"
      global = class java.util.logging.Logger@64f61b9f
  CLASS_NAME = "com.ibm.ws.webcontainer.servlet.ServletWrapper"
  nls = class com.ibm.ejs.ras.TraceNLS@31e19183
    resolver = class com.ibm.ws.logging.internal.TraceNLSResolver@4f3df4d7
      tc = class com.ibm.websphere.ras.TraceComponent@333291e3
      DEBUG_TRACE_NLS_PROPERTY = "com.ibm.ejs.ras.debugTraceNLSResolver"
      debugTraceNLSResolver = false
      makeNoise = false
      nullKey = "null"
      svNullBundleName = "Resource Bundle name is null, key = {0}"
      svBundleNotLoaded = "Unable to load ResourceBundle {0}"
      svNullKeyMessage = "Null key passed while using ResourceBundle {0}"
      svMalformedMessage = "No message text associated with key {0} in bundle {1}"
    finder = class com.ibm.ws.logging.internal.StackFinder@3a3d4244
      initialized = "/* Could not access initialized */"
      rootGroup = "/* Could not access rootGroup */"
      packageAccessValid = "/* Could not access packageAccessValid */"
      packageAccess = "/* Could not access packageAccess */"
      packageAccessLock = "/* Could not access packageAccessLock */"
      packageDefinitionValid = "/* Could not access packageDefinitionValid */"
      packageDefinition = "/* Could not access packageDefinition */"
      packageDefinitionLock = "/* Could not access packageDefinitionLock */"
      nonExportedPkgs = "/* Could not access nonExportedPkgs */"
    ivBundleName = "com.ibm.ws.webcontainer.resources.Messages"
    caller = class java.lang.Class@61466cf0
      ANNOTATION = "/* Could not access ANNOTATION */"
      ENUM = "/* Could not access ENUM */"
      SYNTHETIC = "/* Could not access SYNTHETIC */"
      cachedConstructor = "/* Could not access cachedConstructor */"
      name = "/* Could not access name */"
      module = "/* Could not access module */"
      packageName = "/* Could not access packageName */"
      componentType = "/* Could not access componentType */"
      allPermDomain = "/* Could not access allPermDomain */"
      reflectionData = "/* Could not access reflectionData */"
      classRedefinedCount = "/* Could not access classRedefinedCount */"
      genericInfo = "/* Could not access genericInfo */"
      EMPTY_CLASS_ARRAY = "/* Could not access EMPTY_CLASS_ARRAY */"
      serialVersionUID = "/* Could not access serialVersionUID */"
      serialPersistentFields = "/* Could not access serialPersistentFields */"
      reflectionFactory = "/* Could not access reflectionFactory */"
      enumConstants = "/* Could not access enumConstants */"
      enumConstantDirectory = "/* Could not access enumConstantDirectory */"
      annotationData = "/* Could not access annotationData */"
      annotationType = "/* Could not access annotationType */"
      classValueMap = "/* Could not access classValueMap */"
  servletConfig = class com.ibm.ws.webcontainer.servlet.ServletConfig@19500c78
    logger = class com.ibm.ws.logging.internal.WsLogger@2e5af2fb
    CLASS_NAME = "com.ibm.ws.webcontainer.servlet.ServletConfig"
    nls = class com.ibm.ejs.ras.TraceNLS@4874e45b
      resolver = class com.ibm.ws.logging.internal.TraceNLSResolver@4f3df4d7
      finder = class com.ibm.ws.logging.internal.StackFinder@3a3d4244
      ivBundleName = "com.ibm.ws.webcontainer.resources.Messages"
      caller = class java.lang.Class@b54507
    liberty_nls = class com.ibm.ejs.ras.TraceNLS@1d32ebc8
      resolver = class com.ibm.ws.logging.internal.TraceNLSResolver@4f3df4d7
      finder = class com.ibm.ws.logging.internal.StackFinder@3a3d4244
      ivBundleName = "com.ibm.ws.webcontainer.resources.LShimMessages"
      caller = class java.lang.Class@b54507
    enabled = true
    servletName = "estm.dsic.jee.rest.RestApplication"
    className = null
    mappings = class java.util.ArrayList@3f511955
      serialVersionUID = "/* Could not access serialVersionUID */"
      DEFAULT_CAPACITY = "/* Could not access DEFAULT_CAPACITY */"
      EMPTY_ELEMENTDATA = "/* Could not access EMPTY_ELEMENTDATA */"
      DEFAULTCAPACITY_EMPTY_ELEMENTDATA = "/* Could not access DEFAULTCAPACITY_EMPTY_ELEMENTDATA */"
      elementData = "/* Could not access elementData */"
      size = "/* Could not access size */"
      modCount = "/* Could not access modCount */"
    startUpWeight = 1
    DEFAULT_STARTUP = -1
    isCachingEnabled = true
    isStatisticsEnabled = true
    isInternal = false
    metaData = class com.ibm.ws.webcontainer.osgi.metadata.WebComponentMetaDataImpl@235f646a
      j2eeName = class com.ibm.ws.container.service.metadata.internal.J2EENameImpl@198797e3
      webModuleMetaData = class com.ibm.ws.webcontainer.osgi.metadata.WebModuleMetaDataImpl@78dcada7
      mBeanServiceReg = null
      tc = class com.ibm.websphere.ras.TraceComponent@21243458
      NUM_STATIC_SLOTS = 4
      ID_UNINITIALIZED = -1
      id = 2
      metaDataInterface = class java.lang.Class@35d4b81a
      staticSlots = class java.lang.Object[4]
      dynamicSlots = null
    singleThreadModelServlet = false
    isJsp = false
    webAppConfig = class com.ibm.ws.webcontainer.osgi.webapp.WebAppConfiguration@3fcb790
      webModuleMetaData = class com.ibm.ws.webcontainer.osgi.metadata.WebModuleMetaDataImpl@78dcada7
      webComponentMetaData = class com.ibm.ws.webcontainer.osgi.metadata.WebComponentMetaDataImpl@20bf62d0
      dVirtualHost = class com.ibm.ws.webcontainer.osgi.DynamicVirtualHost@40c2d026
      orderedLibPaths = class java.util.Collections$UnmodifiableRandomAccessList@703ddfed
      bundleHeaders = null
      cdiEnabled = true
      CLASS_NAME = "com.ibm.ws.webcontainer.webapp.WebAppConfiguration"
      logger = class com.ibm.ws.logging.internal.WsLogger@19648fad
      tc = class com.ibm.websphere.ras.TraceComponent@5965691e
      nls = class com.ibm.ejs.ras.TraceNLS@3428a1be
      version = 30
      contextRoot = "/g-note"
      isDefaultContextRootUsed = false
      sessionTimeout = 0
      moduleSessionTimeoutSet = false
      moduleSessionTrackingModeSet = false
      sessionCookieConfig = class io.openliberty.session.impl.SessionCookieConfigImpl60@26234bb7
      hasProgrammaticCookieConfig = false
      sessionDefaultTrackingModeSet = class java.util.RegularEnumSet@4878be7e
      sessionManagerConfig = class com.ibm.ws.session.SessionManagerConfig@78f1bcb2
      displayName = "g-note"
      description = null
      reloadInterval = 0
      distributable = false
      denyUncoveredHttpMethods = false
      reloadingEnabled = false
      serveServletsByClassnameEnabled = null
      defaultErrorPage = null
      additionalClassPath = null
      fileServingEnabled = null
      directoryBrowsingEnabled = null
      autoRequestEncoding = false
      autoResponseEncoding = false
      autoLoadFilters = false
      requestListeners = null
      requestAttributeListeners = null
      sessionListeners = null
      localeMap = null
      moduleName = "g-note"
      j2eeModuleName = "g-note.war"
      moduleId = null
      isSyncToThreadEnabled = false
      encodeDispatchedRequestURI = false
      isSystemApp = false
      ardEnabled = false
      ardDispatchType = null
      listeners = class java.util.ArrayList@138aec43
      welcomeFileList = class java.util.ArrayList@625e8add
      servletMappings = class java.util.HashMap@5e1c0bd2
      lastIndexBeforeDeclaredFilters = 1
      filterMappings = class java.util.ArrayList@539ac521
      servletInfo = class java.util.concurrent.ConcurrentHashMap@17b6d3e5
      filterInfo = class java.util.HashMap@128abac
      mimeMappings = class java.util.HashMap@3fd472c0
      mimeFilters = null
      isMimeFilteringEnabled = false
      theWebGroup = null
      jspAttributes = class java.util.HashMap@3ae21bd6
      fileServingAttributes = class java.util.HashMap@1beace94
      invokerAttributes = class java.util.HashMap@5fdb738e
      contextParams = class java.util.HashMap@438548c7
      virtualHost = "default_host"
      exceptionErrorPages = class java.util.HashMap@6993d7ca
      codeErrorPages = class java.util.HashMap@24402a02
      tagLibList = null
      precompileJsps = false
      webApp = class com.ibm.ws.webcontainer40.osgi.webapp.WebApp40@21c06e6
      virtualHostList = class java.util.Collections$EmptyList@20836a07
      appStartupWeight = 0
      moduleStartupWeight = 0
      metaDataComplete = false
      classesToScan = class java.util.ArrayList@4929cda0
      uriFilterMappingInfos = null
      servletFilterMappingInfos = null
      dynamicServletRegistrationMap = class java.util.HashMap@3ef37ec8
      applicationName = "g-note"
      libBinPathList = class java.util.ArrayList@1bc6532e
      webXmlDefinedListeners = class java.util.HashSet@20aed103
      allRefs = class java.util.EnumMap@276d4c7b
      allRefBindings = class java.util.EnumMap@2cd7360
      envEntryValues = class java.util.HashMap@2bbb1f34
      resourceRefConfigList = null
      disallowAllFileServingProp = "false"
      disallowServeServletsByClassnameProp = "true"
      disableStaticMappingCache = false
      jspCachedLocations = class java.util.HashMap@7d4be589
      primedSTSHeader = "NoValue"
      enablemultireadofpostdata = false
      requestEncoding = null
      responseEncoding = null
      NULLSERVLETNAME = "com.ibm.ws.webcontainer.NullServletName"
      skipEncodedCharVerification = false
      _id = "WebAppGeneratedId4"
      _attributes = null
      serialVersionUID = 7511545662945734886
      $$$tc$$$ = class com.ibm.websphere.ras.TraceComponent@1b1a9147
    servletWrapper = class com.ibm.ws.webcontainer.osgi.servlet.ServletWrapper@6e6321ae
    servletClass = class java.lang.Class@20558b64
      ANNOTATION = "/* Could not access ANNOTATION */"
      ENUM = "/* Could not access ENUM */"
      SYNTHETIC = "/* Could not access SYNTHETIC */"
      cachedConstructor = "/* Could not access cachedConstructor */"
      name = "/* Could not access name */"
      module = "/* Could not access module */"
      packageName = "/* Could not access packageName */"
      componentType = "/* Could not access componentType */"
      allPermDomain = "/* Could not access allPermDomain */"
      reflectionData = "/* Could not access reflectionData */"
      classRedefinedCount = "/* Could not access classRedefinedCount */"
      genericInfo = "/* Could not access genericInfo */"
      EMPTY_CLASS_ARRAY = "/* Could not access EMPTY_CLASS_ARRAY */"
      serialVersionUID = "/* Could not access serialVersionUID */"
      serialPersistentFields = "/* Could not access serialPersistentFields */"
      reflectionFactory = "/* Could not access reflectionFactory */"
      enumConstants = "/* Could not access enumConstants */"
      enumConstantDirectory = "/* Could not access enumConstantDirectory */"
      annotationData = "/* Could not access annotationData */"
      annotationType = "/* Could not access annotationType */"
      classValueMap = "/* Could not access classValueMap */"
    servlet = null
    addedToLoadOnStartup = true
    previousWeight = null
    multipartConfig = class jakarta.servlet.MultipartConfigElement@6cc5dd88
      location = ""
      maxFileSize = -1
      maxRequestSize = -1
      fileSizeThreshold = 0
    multipartConfigBaseLocation = null
    runAsRole = null
    servletSecurityElement = null
    declareRolesAnnotation = null
    logger = class com.ibm.ws.logging.internal.WsLogger@2e5af2fb
    CLASS_NAME = "com.ibm.ws.webcontainer.servlet.TargetConfig"
    initParams = class java.util.HashMap@37294cc5
      serialVersionUID = "/* Could not access serialVersionUID */"
      DEFAULT_INITIAL_CAPACITY = "/* Could not access DEFAULT_INITIAL_CAPACITY */"
      MAXIMUM_CAPACITY = "/* Could not access MAXIMUM_CAPACITY */"
      DEFAULT_LOAD_FACTOR = "/* Could not access DEFAULT_LOAD_FACTOR */"
      TREEIFY_THRESHOLD = "/* Could not access TREEIFY_THRESHOLD */"
      UNTREEIFY_THRESHOLD = "/* Could not access UNTREEIFY_THRESHOLD */"
      MIN_TREEIFY_CAPACITY = "/* Could not access MIN_TREEIFY_CAPACITY */"
      table = "/* Could not access table */"
      entrySet = "/* Could not access entrySet */"
      size = "/* Could not access size */"
      modCount = "/* Could not access modCount */"
      threshold = "/* Could not access threshold */"
      loadFactor = "/* Could not access loadFactor */"
      keySet = "/* Could not access keySet */"
      values = "/* Could not access values */"
    fileName = null
    displayName = null
    name = "estm.dsic.jee.rest.RestApplication"
    description = null
    smallIcon = null
    largeIcon = null
    context = class com.ibm.ws.webcontainer40.facade.ServletContextFacade40@7542fe35
      context = class com.ibm.ws.webcontainer40.osgi.webapp.WebApp40@21c06e6
    className = null
    asyncSupported = true
    _id = "DYN_estm.dsic.jee.rest.RestApplication_1709717347014"
    _attributes = null
    serialVersionUID = 7511545662945734886
    $$$tc$$$ = class com.ibm.websphere.ras.TraceComponent@1b1a9147
      strings[0] = "TraceComponent[com.ibm.ws.container.BaseConfiguration,class com.ibm.ws.container.BaseConfiguration,[],null,null]"
  context = class com.ibm.ws.webcontainer40.osgi.webapp.WebApp40@21c06e6
    tc = class com.ibm.websphere.ras.TraceComponent@41b27a7c
      strings[0] = "TraceComponent[com.ibm.ws.webcontainer40.osgi.webapp.WebApp40,class com.ibm.ws.webcontainer40.osgi.webapp.WebApp40,[webcontainer],com.ibm.ws.webcontainer31.resources.Messages,null]"
    servlet40NLS = class com.ibm.ejs.ras.TraceNLS@4b1f370
      resolver = class com.ibm.ws.logging.internal.TraceNLSResolver@4f3df4d7
      finder = class com.ibm.ws.logging.internal.StackFinder@3a3d4244
      ivBundleName = "com.ibm.ws.webcontainer40.resources.Messages"
      caller = class java.lang.Class@78b27a1e
    CLASS_NAME = "com.ibm.ws.webcontainer40.osgi.webapp.WebApp40"
    defaultSessionTimeout = 30
    tc = class com.ibm.websphere.ras.TraceComponent@61cbb089
      strings[0] = "TraceComponent[com.ibm.ws.webcontainer31.osgi.webapp.WebApp31,class com.ibm.ws.webcontainer31.osgi.webapp.WebApp31,[webcontainer],com.ibm.ws.webcontainer31.resources.Messages,null]"
    CLASS_NAME = "com.ibm.ws.webcontainer31.osgi.webapp.WebApp31"
    servlet31NLS = class com.ibm.ejs.ras.TraceNLS@ea7fb08
      resolver = class com.ibm.ws.logging.internal.TraceNLSResolver@4f3df4d7
      finder = class com.ibm.ws.logging.internal.StackFinder@3a3d4244
      ivBundleName = "com.ibm.ws.webcontainer31.resources.Messages"
      caller = class java.lang.Class@87e5808
    validListenerClasses = class java.lang.Class[7]
      Class[0] = class java.lang.Class@3061d5dc
      Class[1] = class java.lang.Class@29044c76
      Class[2] = class java.lang.Class@1781c06b
      Class[3] = class java.lang.Class@315841a9
      Class[4] = class java.lang.Class@7145cc2c
      Class[5] = class java.lang.Class@66d5099e
      Class[6] = class java.lang.Class@3740beec
    wsocServHandler = class com.ibm.ws.wsoc.external.WsocHandlerImpl@3343771f
      tc = class com.ibm.websphere.ras.TraceComponent@73775f87
      noMoreAddsCalled = false
      serialVersionUID = -2067291126638824067
    tc = class com.ibm.websphere.ras.TraceComponent@47b41f2d
      strings[0] = "TraceComponent[com.ibm.ws.webcontainer.osgi.webapp.WebApp,class com.ibm.ws.webcontainer.osgi.webapp.WebApp,[webcontainer],com.ibm.ws.webcontainer.resources.LShimMessages,null]"
    CLASS_NAME = "com.ibm.ws.webcontainer.osgi.webapp.WebApp"
    metaDataService = class com.ibm.ws.container.service.metadata.internal.MetaDataServiceImpl@38622874
      applicationMetaDataManager = class com.ibm.ws.container.service.metadata.internal.ApplicationMetaDataManager@b7e1d8e
      moduleMetaDataManager = class com.ibm.ws.container.service.metadata.internal.ModuleMetaDataManager@3afb283d
      componentMetaDataManager = class com.ibm.ws.container.service.metadata.internal.ComponentMetaDataManager@1412f3e0
      methodMetaDataManager = class com.ibm.ws.container.service.metadata.internal.MethodMetaDataManager@517374b0
      appModuleNameToModuleContainer = class java.util.concurrent.ConcurrentHashMap@2a9a817d
      jeeNameToComponentMetaData = class java.util.concurrent.ConcurrentHashMap@49c3fed3
      deferredMetaDataFactories = class com.ibm.wsspi.kernel.service.utils.ConcurrentServiceReferenceSet@4a4d99f8
      deferredMetaDataInitializers = class com.ibm.wsspi.kernel.service.utils.ConcurrentServiceReferenceMap@51a2f5
      serialVersionUID = -2494605732980966097
      $$$tc$$$ = class com.ibm.websphere.ras.TraceComponent@389ad55a
    namespacePopulated = false
    referenceContext = class com.ibm.ws.injectionengine.osgi.internal.OSGiReferenceContextImpl@3195c59
      scopeData = class com.ibm.ws.injectionengine.osgi.internal.OSGiInjectionScopeData@31b4248f
      serialVersionUID = 521511923892134915
      $$$tc$$$ = class com.ibm.websphere.ras.TraceComponent@32fb2c32
      CLASS_NAME = "com.ibm.ws.injectionengine.ReferenceContextImpl"
      tc = class com.ibm.websphere.ras.TraceComponent@1e336806
      ivInjectionEngine = class com.ibm.ws.injectionengine.osgi.internal.OSGiInjectionEngineImpl@775c4276
      ivProviders = class java.util.ArrayList@5241fbf1
      ivComponentJavaContext = null
      ivComponentNameSpace = null
      ivJavaColonCompEnvMap = class java.util.LinkedHashMap@4fedd58b
      ivEjbContext10 = class java.util.Properties@4b249bbc
      ivResourceRefConfigList = class com.ibm.ws.resource.internal.ResourceRefConfigListImpl@5efe2f5c
      isAlreadyProcessed = true
      ivProcessFailure = null
      ivInjectionTargetMap = class java.util.concurrent.ConcurrentHashMap@225d0560
      svInjTarMapCacheSize = 256
      ivDeclaredInjectionTargets = class java.util.HashMap@4dcb93ec
      ivProcessedInjectionClasses = class java.util.HashSet@6260c1c6
      svInjClassMapCacheSize = 512
      ivProcessedInjectionBindings = class java.util.LinkedHashSet@ff8f95a
      ivAnyProcessDynamic = true
      ivCheckAppConfig = false
    j2eeNameFactory = class com.ibm.ws.container.service.metadata.internal.J2EENameFactoryImpl@73d1802d
      serialVersionUID = 3486344295038028821
      $$$tc$$$ = class com.ibm.websphere.ras.TraceComponent@2a582374
    moduleLoader = class com.ibm.ws.classloading.internal.AppClassLoader@74a6d176
    webAppConfig = class com.ibm.ws.webcontainer.osgi.webapp.WebAppConfiguration@3fcb790
    extensionProcessingDisabled = false
    managedObjectService = class com.ibm.ws.cdi.impl.managedobject.CDIManagedObjectService@5ad927ab
      defaultMOS = class com.ibm.ws.managedobject.internal.ManagedObjectServiceImpl@59b753dd
      cdiRuntime = class com.ibm.ws.cdi.liberty.CDIRuntimeImpl@2a86b560
      isActive = class java.util.concurrent.atomic.AtomicBoolean@8c36a14
      serialVersionUID = 5211943849551391960
      $$$tc$$$ = class com.ibm.websphere.ras.TraceComponent@3692dad5
    internalServletMetaData = interface com.ibm.wsspi.webcontainer.metadata.WebComponentMetaData[2]
      WebComponentMetaData[0] = null
      WebComponentMetaData[1] = null
    loginProcessor = null
    logoutProcessor = null
    collabHelper = class com.ibm.ws.webcontainer.osgi.collaborator.CollaboratorHelperImpl@6445ab12
    envObject = class com.ibm.ws.util.WSThreadLocal@d8cde2e
      tc = class com.ibm.ejs.ras.TraceComponent@b3d0243
      count = 8
      index = 6
      SUSPECTED_MISUSAGE_THRESHOLD = 200
      TRACE_VTHREAD_LOCALS = "/* Could not access TRACE_VTHREAD_LOCALS */"
      threadLocalHashCode = "/* Could not access threadLocalHashCode */"
      nextHashCode = "/* Could not access nextHashCode */"
      HASH_INCREMENT = "/* Could not access HASH_INCREMENT */"
      $assertionsDisabled = "/* Could not access $assertionsDisabled */"
    orderedLibPaths = class java.util.Collections$UnmodifiableRandomAccessList@703ddfed
      serialVersionUID = "/* Could not access serialVersionUID */"
      serialVersionUID = "/* Could not access serialVersionUID */"
      list = "/* Could not access list */"
      serialVersionUID = "/* Could not access serialVersionUID */"
      c = "/* Could not access c */"
    perm = class com.ibm.websphere.security.WebSphereRuntimePermission@2620d02e
      serialVersionUID = -3306242789188168337
      $$$tc$$$ = class com.ibm.websphere.ras.TraceComponent@4d847d37
      serialVersionUID = "/* Could not access serialVersionUID */"
      wildcard = "/* Could not access wildcard */"
      path = "/* Could not access path */"
      exitVM = "/* Could not access exitVM */"
      serialVersionUID = "/* Could not access serialVersionUID */"
      name = "/* Could not access name */"
    WELCOME_FILE_LIST = "com.ibm.ws.webcontainer.config.WelcomeFileList"
    DIR_BROWSING_MAPPING = "__dirBrowsing__1709716800050"
    FILTER_PROXY_MAPPING = "/__filterProxy__1709716800050"
    logger = class com.ibm.ws.logging.internal.WsLogger@19648fad
      ivCachedResourceBundleName = null
      ivCachedResourceBundle = null
      ivComponent = null
      ivOrganization = null
      ivProduct = null
      ivMinimumLocalizationLevelIntValue = 625
      ivTC = class com.ibm.websphere.ras.TraceComponent@225b2a24
      loggerRegistrationComponent = class java.lang.ThreadLocal@256cad4c
      emptyHandlers = "/* Could not access emptyHandlers */"
      offValue = "/* Could not access offValue */"
      SYSTEM_LOGGER_RB_NAME = "/* Could not access SYSTEM_LOGGER_RB_NAME */"
      SYSTEM_BUNDLE = "/* Could not access SYSTEM_BUNDLE */"
      NO_RESOURCE_BUNDLE = "/* Could not access NO_RESOURCE_BUNDLE */"
      config = "/* Could not access config */"
      manager = "/* Could not access manager */"
      name = "/* Could not access name */"
      loggerBundle = "/* Could not access loggerBundle */"
      anonymous = "/* Could not access anonymous */"
      catalogRef = "/* Could not access catalogRef */"
      catalogName = "/* Could not access catalogName */"
      catalogLocale = "/* Could not access catalogLocale */"
      treeLock = "/* Could not access treeLock */"
      parent = "/* Could not access parent */"
      kids = "/* Could not access kids */"
      callerModuleRef = "/* Could not access callerModuleRef */"
      isSystemLogger = "/* Could not access isSystemLogger */"
      GLOBAL_LOGGER_NAME = "global"
      global = class java.util.logging.Logger@64f61b9f
    CLASS_NAME = "com.ibm.ws.webcontainer.webapp.WebApp"
    loader = class com.ibm.ws.classloading.internal.ThreadContextClassLoader@4a39943f
    facade = class com.ibm.ws.webcontainer40.facade.ServletContextFacade40@7542fe35
    features = class java.util.ArrayList@72f25f01
      serialVersionUID = "/* Could not access serialVersionUID */"
      DEFAULT_CAPACITY = "/* Could not access DEFAULT_CAPACITY */"
      EMPTY_ELEMENTDATA = "/* Could not access EMPTY_ELEMENTDATA */"
      DEFAULTCAPACITY_EMPTY_ELEMENTDATA = "/* Could not access DEFAULTCAPACITY_EMPTY_ELEMENTDATA */"
      elementData = "/* Could not access elementData */"
      size = "/* Could not access size */"
      modCount = "/* Could not access modCount */"
    applicationName = "g-note"
    config = class com.ibm.ws.webcontainer.osgi.webapp.WebAppConfiguration@3fcb790
    securityEnabledForApp = null
    webExtensionProcessor = class com.ibm.ws.webcontainer.osgi.extension.WebExtensionProcessor@6cae3405
      webApp = class com.ibm.ws.webcontainer40.osgi.webapp.WebApp40@21c06e6
      extensionContext = class com.ibm.ws.webcontainer40.osgi.webapp.WebApp40@21c06e6
    production = true
    isServlet23 = true
    contextPath = "/g-note"
    internalServletList = class [Ljava.lang.String;[2]
      String[][0] = class java.lang.String[2]
      String[][1] = class java.lang.String[2]
    BY_NAME_ONLY = "/_1709717339826_/"
    filterManager = null
    documentRoot = null
    SERVLET_API_VERSION = "Servlet 2.5"
    disableServletAuditLogging = -1
    serverInfo = "IBM WebSphere Liberty/24.0.0.2"
    sessionCtx = class io.openliberty.webcontainer60.session.impl.HttpSessionContextImpl60@11e19ca6
      methodClassName = "HttpSessionContextImpl60"
      methodClassName = "HttpSessionContextImpl"
      _smc = class com.ibm.ws.session.SessionManagerConfig@78f1bcb2
      sessionStoreService = null
      _sap = class com.ibm.ws.session.SessionApplicationParameters@44751fad
      _coreHttpSessionManager = class com.ibm.ws.session.SessionManager@299d23c2
      _coreHttpAppSessionManager = null
      _sam = class com.ibm.ws.webcontainer.session.impl.SessionAffinityManagerImpl@5cfc0e6f
      isSIPApplication = false
      sessionAttributeListener = false
      sessionListener = true
      mHttpSessionAttributeListeners = class java.util.ArrayList@14a9929d
      mHttpSessionListeners = class java.util.ArrayList@78cd7fd2
      mHttpSessionIdListeners = class java.util.ArrayList@380ec03a
      mHttpSessionAttributeListenersJ2eeNames = class java.util.ArrayList@4bd3e22
      mHttpSessionListenersJ2eeNames = class java.util.ArrayList@5c587952
      mHttpSessionIdListenersJ2eeNames = class java.util.ArrayList@4f78bee4
      mLocalHost = null
      _refCount = 1
      currentThreadSacHashtable = null
      methodClassName = "SessionContext"
      ANONYMOUS_USER = "anonymous"
      wasHttpSessionObserver = class com.ibm.ws.session.WasHttpSessionObserver@139b821
      wasHttpSessionAttributeObserver = null
      _invalidator = class com.ibm.ws.session.SessionInvalidatorWithThreadPool@6c98ca0a
      _storer = class com.ibm.ws.session.EOSSessionStorer@7315bc22
      wasHttpAppSessionObserver = null
      mHttpAppSessionListeners = null
      cmvcInfo = "CMVC Version 1.9 6/24/07 11:12:24"
      _loggedVersion = true
      CREATE_CORE_SESSION_MANAGER = 0
      GET_REQUESTED_SESSION_ID = 1
      GET_IHTTP_SESSION = 2
      SESSION_PRE_INVOKE = 3
      SESSION_POST_INVOKE = 4
      STOP = 5
      STOP_LISTENERS = 6
      IS_VALID = 7
      ENCODE_URL = 8
      SHOULD_ENCODE_URL = 9
      IS_PROTOCOL_SWITCH = 10
      GET_LOCAL_HOST = 11
      ADD_HTTP_SESSION_ATTRIBUTE_LISTENER = 12
      ADD_HTTP_SESSION_LISTENER = 13
      GET_SESSION_AFFINITY_CONTEXT = 14
      CHECK_SECURITY = 15
      INVALIDATE = 16
      CHECK_SESSSIONID_IS_RIGHT_LENGTH = 17
      LOCK_SESSION = 18
      UNLOCK_SESSION = 19
      ADD_HTTP_SESSION_ID_LISTENER = 20
      methodNames = class java.lang.String[21]
    eventSource = class com.ibm.ws.webcontainer.webapp.WebAppEventSource@7f9bc0df
    nls = class com.ibm.ejs.ras.TraceNLS@cf29c83
      resolver = class com.ibm.ws.logging.internal.TraceNLSResolver@4f3df4d7
      finder = class com.ibm.ws.logging.internal.StackFinder@3a3d4244
      ivBundleName = "com.ibm.ws.webcontainer.resources.Messages"
      caller = class java.lang.Class@7be26b54
    liberty_nls = class com.ibm.ejs.ras.TraceNLS@39282acb
      resolver = class com.ibm.ws.logging.internal.TraceNLSResolver@4f3df4d7
      finder = class com.ibm.ws.logging.internal.StackFinder@3a3d4244
      ivBundleName = "com.ibm.ws.webcontainer.resources.LShimMessages"
      caller = class java.lang.Class@7be26b54
    error_nls = class com.ibm.ejs.ras.TraceNLS@16f28ff8
      resolver = class com.ibm.ws.logging.internal.TraceNLSResolver@4f3df4d7
      finder = class com.ibm.ws.logging.internal.StackFinder@3a3d4244
      ivBundleName = "com.ibm.ws.webcontainer.resources.ErrorPage"
      caller = class java.lang.Class@7be26b54
    sessionListeners = class java.util.ArrayList@b6b352c
      serialVersionUID = "/* Could not access serialVersionUID */"
      DEFAULT_CAPACITY = "/* Could not access DEFAULT_CAPACITY */"
      EMPTY_ELEMENTDATA = "/* Could not access EMPTY_ELEMENTDATA */"
      DEFAULTCAPACITY_EMPTY_ELEMENTDATA = "/* Could not access DEFAULTCAPACITY_EMPTY_ELEMENTDATA */"
      elementData = "/* Could not access elementData */"
      size = "/* Could not access size */"
      modCount = "/* Could not access modCount */"
    sessionIdListeners = class java.util.ArrayList@1365a646
      serialVersionUID = "/* Could not access serialVersionUID */"
      DEFAULT_CAPACITY = "/* Could not access DEFAULT_CAPACITY */"
      EMPTY_ELEMENTDATA = "/* Could not access EMPTY_ELEMENTDATA */"
      DEFAULTCAPACITY_EMPTY_ELEMENTDATA = "/* Could not access DEFAULTCAPACITY_EMPTY_ELEMENTDATA */"
      elementData = "/* Could not access elementData */"
      size = "/* Could not access size */"
      modCount = "/* Could not access modCount */"
    sessionAttrListeners = class java.util.ArrayList@6b63a893
      serialVersionUID = "/* Could not access serialVersionUID */"
      DEFAULT_CAPACITY = "/* Could not access DEFAULT_CAPACITY */"
      EMPTY_ELEMENTDATA = "/* Could not access EMPTY_ELEMENTDATA */"
      DEFAULTCAPACITY_EMPTY_ELEMENTDATA = "/* Could not access DEFAULTCAPACITY_EMPTY_ELEMENTDATA */"
      elementData = "/* Could not access elementData */"
      size = "/* Could not access size */"
      modCount = "/* Could not access modCount */"
    addedSessionListeners = class java.util.ArrayList@69ec6748
      serialVersionUID = "/* Could not access serialVersionUID */"
      DEFAULT_CAPACITY = "/* Could not access DEFAULT_CAPACITY */"
      EMPTY_ELEMENTDATA = "/* Could not access EMPTY_ELEMENTDATA */"
      DEFAULTCAPACITY_EMPTY_ELEMENTDATA = "/* Could not access DEFAULTCAPACITY_EMPTY_ELEMENTDATA */"
      elementData = "/* Could not access elementData */"
      size = "/* Could not access size */"
      modCount = "/* Could not access modCount */"
    addedSessionAttrListeners = class java.util.ArrayList@3b7cfd0c
      serialVersionUID = "/* Could not access serialVersionUID */"
      DEFAULT_CAPACITY = "/* Could not access DEFAULT_CAPACITY */"
      EMPTY_ELEMENTDATA = "/* Could not access EMPTY_ELEMENTDATA */"
      DEFAULTCAPACITY_EMPTY_ELEMENTDATA = "/* Could not access DEFAULTCAPACITY_EMPTY_ELEMENTDATA */"
      elementData = "/* Could not access elementData */"
      size = "/* Could not access size */"
      modCount = "/* Could not access modCount */"
    servletContextListeners = class java.util.ArrayList@5153bb3
      serialVersionUID = "/* Could not access serialVersionUID */"
      DEFAULT_CAPACITY = "/* Could not access DEFAULT_CAPACITY */"
      EMPTY_ELEMENTDATA = "/* Could not access EMPTY_ELEMENTDATA */"
      DEFAULTCAPACITY_EMPTY_ELEMENTDATA = "/* Could not access DEFAULTCAPACITY_EMPTY_ELEMENTDATA */"
      elementData = "/* Could not access elementData */"
      size = "/* Could not access size */"
      modCount = "/* Could not access modCount */"
    servletContextLAttrListeners = class java.util.ArrayList@73442cb2
      serialVersionUID = "/* Could not access serialVersionUID */"
      DEFAULT_CAPACITY = "/* Could not access DEFAULT_CAPACITY */"
      EMPTY_ELEMENTDATA = "/* Could not access EMPTY_ELEMENTDATA */"
      DEFAULTCAPACITY_EMPTY_ELEMENTDATA = "/* Could not access DEFAULTCAPACITY_EMPTY_ELEMENTDATA */"
      elementData = "/* Could not access elementData */"
      size = "/* Could not access size */"
      modCount = "/* Could not access modCount */"
    servletRequestListeners = class java.util.ArrayList@7998d3b5
      serialVersionUID = "/* Could not access serialVersionUID */"
      DEFAULT_CAPACITY = "/* Could not access DEFAULT_CAPACITY */"
      EMPTY_ELEMENTDATA = "/* Could not access EMPTY_ELEMENTDATA */"
      DEFAULTCAPACITY_EMPTY_ELEMENTDATA = "/* Could not access DEFAULTCAPACITY_EMPTY_ELEMENTDATA */"
      elementData = "/* Could not access elementData */"
      size = "/* Could not access size */"
      modCount = "/* Could not access modCount */"
    servletRequestLAttrListeners = class java.util.ArrayList@25d0d517
      serialVersionUID = "/* Could not access serialVersionUID */"
      DEFAULT_CAPACITY = "/* Could not access DEFAULT_CAPACITY */"
      EMPTY_ELEMENTDATA = "/* Could not access EMPTY_ELEMENTDATA */"
      DEFAULTCAPACITY_EMPTY_ELEMENTDATA = "/* Could not access DEFAULTCAPACITY_EMPTY_ELEMENTDATA */"
      elementData = "/* Could not access elementData */"
      size = "/* Could not access size */"
      modCount = "/* Could not access modCount */"
    prependSlashToResource = false
    destroyed = false
    webAppNameSpaceCollab = class com.ibm.ws.webcontainer.osgi.collaborator.WebAppNameSpaceCollaboratorImpl@3587e5ae
    txCollab = class com.ibm.ws.transaction.services.WebAppTransactionCollaboratorImpl@1f030beb
    sessionActivationListeners = class java.util.ArrayList@9b4aabd
      serialVersionUID = "/* Could not access serialVersionUID */"
      DEFAULT_CAPACITY = "/* Could not access DEFAULT_CAPACITY */"
      EMPTY_ELEMENTDATA = "/* Could not access EMPTY_ELEMENTDATA */"
      DEFAULTCAPACITY_EMPTY_ELEMENTDATA = "/* Could not access DEFAULTCAPACITY_EMPTY_ELEMENTDATA */"
      elementData = "/* Could not access elementData */"
      size = "/* Could not access size */"
      modCount = "/* Could not access modCount */"
    sessionBindingListeners = class java.util.ArrayList@5bc73685
      serialVersionUID = "/* Could not access serialVersionUID */"
      DEFAULT_CAPACITY = "/* Could not access DEFAULT_CAPACITY */"
      EMPTY_ELEMENTDATA = "/* Could not access EMPTY_ELEMENTDATA */"
      DEFAULTCAPACITY_EMPTY_ELEMENTDATA = "/* Could not access DEFAULTCAPACITY_EMPTY_ELEMENTDATA */"
      elementData = "/* Could not access elementData */"
      size = "/* Could not access size */"
      modCount = "/* Could not access modCount */"
    scratchdir = null
    jspClassLoaderLimit = 0
    jspClassLoaderExclusionList = null
    jspClassLoadersMap = null
    jspClassLoaderLimitTrackIF = false
    defaultExtProc = null
    directoryBrowsingServlet = null
    cdiContexts = class java.util.concurrent.ConcurrentHashMap@6b6bf1dd
      serialVersionUID = "/* Could not access serialVersionUID */"
      MAXIMUM_CAPACITY = "/* Could not access MAXIMUM_CAPACITY */"
      DEFAULT_CAPACITY = "/* Could not access DEFAULT_CAPACITY */"
      MAX_ARRAY_SIZE = "/* Could not access MAX_ARRAY_SIZE */"
      DEFAULT_CONCURRENCY_LEVEL = "/* Could not access DEFAULT_CONCURRENCY_LEVEL */"
      LOAD_FACTOR = "/* Could not access LOAD_FACTOR */"
      TREEIFY_THRESHOLD = "/* Could not access TREEIFY_THRESHOLD */"
      UNTREEIFY_THRESHOLD = "/* Could not access UNTREEIFY_THRESHOLD */"
      MIN_TREEIFY_CAPACITY = "/* Could not access MIN_TREEIFY_CAPACITY */"
      MIN_TRANSFER_STRIDE = "/* Could not access MIN_TRANSFER_STRIDE */"
      RESIZE_STAMP_BITS = "/* Could not access RESIZE_STAMP_BITS */"
      MAX_RESIZERS = "/* Could not access MAX_RESIZERS */"
      RESIZE_STAMP_SHIFT = "/* Could not access RESIZE_STAMP_SHIFT */"
      MOVED = "/* Could not access MOVED */"
      TREEBIN = "/* Could not access TREEBIN */"
      RESERVED = "/* Could not access RESERVED */"
      HASH_BITS = "/* Could not access HASH_BITS */"
      NCPU = "/* Could not access NCPU */"
      serialPersistentFields = "/* Could not access serialPersistentFields */"
      table = "/* Could not access table */"
      nextTable = "/* Could not access nextTable */"
      baseCount = "/* Could not access baseCount */"
      sizeCtl = "/* Could not access sizeCtl */"
      transferIndex = "/* Could not access transferIndex */"
      cellsBusy = "/* Could not access cellsBusy */"
      counterCells = "/* Could not access counterCells */"
      keySet = "/* Could not access keySet */"
      values = "/* Could not access values */"
      entrySet = "/* Could not access entrySet */"
      U = "/* Could not access U */"
      SIZECTL = "/* Could not access SIZECTL */"
      TRANSFERINDEX = "/* Could not access TRANSFERINDEX */"
      BASECOUNT = "/* Could not access BASECOUNT */"
      CELLSBUSY = "/* Could not access CELLSBUSY */"
      CELLVALUE = "/* Could not access CELLVALUE */"
      ABASE = "/* Could not access ABASE */"
      ASHIFT = "/* Could not access ASHIFT */"
      keySet = "/* Could not access keySet */"
      values = "/* Could not access values */"
    moduleConfig = class com.ibm.ws.webcontainer.osgi.container.DeployedModule@97a912b
      tc = class com.ibm.websphere.ras.TraceComponent@3ce9d09c
      loader = class com.ibm.ws.classloading.internal.ThreadContextClassLoader@4a39943f
      webApp = class com.ibm.ws.webcontainer40.osgi.webapp.WebApp40@21c06e6
      webAppConfig = class com.ibm.ws.webcontainer.osgi.webapp.WebAppConfiguration@3fcb790
      contextRootAdded = class com.ibm.ws.threading.internal.NonCancelableResultFuture@3d1909af
      properContextRoot = "/g-note"
      mappingContextRoot = "/g-note/*"
      initTaskCount = class java.util.concurrent.atomic.AtomicInteger@2f0b32b9
      initTasksDoneListener = class com.ibm.ws.webcontainer.osgi.WebContainer$2@5623c2d
      serialVersionUID = -2104814060051592457
      $$$tc$$$ = class com.ibm.websphere.ras.TraceComponent@4f0362ae
    extensionFactories = class java.util.ArrayList@7102fec
      serialVersionUID = "/* Could not access serialVersionUID */"
      DEFAULT_CAPACITY = "/* Could not access DEFAULT_CAPACITY */"
      EMPTY_ELEMENTDATA = "/* Could not access EMPTY_ELEMENTDATA */"
      DEFAULTCAPACITY_EMPTY_ELEMENTDATA = "/* Could not access DEFAULTCAPACITY_EMPTY_ELEMENTDATA */"
      elementData = "/* Could not access elementData */"
      size = "/* Could not access size */"
      modCount = "/* Could not access modCount */"
    initialized = false
    lock = class com.ibm.ws.webcontainer.webapp.WebApp$1@729525b2
      this$0 = class com.ibm.ws.webcontainer40.osgi.webapp.WebApp40@21c06e6
    afterServletContextCreated = false
    redirectContextRoot = false
    errorExceptionTypeFirst = false
    initFilterBeforeServletInit = false
    SET_400_SC_ON_TOO_MANY_PARENT_DIRS = false
    sortedServletConfigs = class java.util.ArrayList@4644c724
      serialVersionUID = "/* Could not access serialVersionUID */"
      DEFAULT_CAPACITY = "/* Could not access DEFAULT_CAPACITY */"
      EMPTY_ELEMENTDATA = "/* Could not access EMPTY_ELEMENTDATA */"
      DEFAULTCAPACITY_EMPTY_ELEMENTDATA = "/* Could not access DEFAULTCAPACITY_EMPTY_ELEMENTDATA */"
      elementData = "/* Could not access elementData */"
      size = "/* Could not access size */"
      modCount = "/* Could not access modCount */"
    effectiveMajorVersion = 3
    effectiveMinorVersion = 0
    canAddServletContextListener = true
    withinContextInitOfProgAddListener = false
    lastProgAddListenerInitialized = "com.ibm.ws.cache.CacheServiceImpl"
    webInfLibClassloader = null
    metaInfCache = class com.ibm.ws.webcontainer.webapp.WebApp$2@1b6ae50e
      this$0 = class com.ibm.ws.webcontainer40.osgi.webapp.WebApp40@21c06e6
      serialVersionUID = "/* Could not access serialVersionUID */"
      head = "/* Could not access head */"
      tail = "/* Could not access tail */"
      accessOrder = "/* Could not access accessOrder */"
      PUT_NORM = "/* Could not access PUT_NORM */"
      PUT_FIRST = "/* Could not access PUT_FIRST */"
      PUT_LAST = "/* Could not access PUT_LAST */"
      putMode = "/* Could not access putMode */"
      serialVersionUID = "/* Could not access serialVersionUID */"
      DEFAULT_INITIAL_CAPACITY = "/* Could not access DEFAULT_INITIAL_CAPACITY */"
      MAXIMUM_CAPACITY = "/* Could not access MAXIMUM_CAPACITY */"
      DEFAULT_LOAD_FACTOR = "/* Could not access DEFAULT_LOAD_FACTOR */"
      TREEIFY_THRESHOLD = "/* Could not access TREEIFY_THRESHOLD */"
      UNTREEIFY_THRESHOLD = "/* Could not access UNTREEIFY_THRESHOLD */"
      MIN_TREEIFY_CAPACITY = "/* Could not access MIN_TREEIFY_CAPACITY */"
      table = "/* Could not access table */"
      entrySet = "/* Could not access entrySet */"
      size = "/* Could not access size */"
      modCount = "/* Could not access modCount */"
      threshold = "/* Could not access threshold */"
      loadFactor = "/* Could not access loadFactor */"
      keySet = "/* Could not access keySet */"
      values = "/* Could not access values */"
    hasSlashStarMapping = false
    useMetaInfCache = true
    SUN_CONFIGURE_LISTENER_CLASSNAME = "com.sun.faces.config.ConfigureListener"
    MYFACES_LIFECYCLE_LISTENER_CLASSNAME = "org.apache.myfaces.webapp.StartupServletContextListener"
    JSF_IMPL_ENABLED_PARAM = "com.ibm.ws.jsf.JSF_IMPL_ENABLED"
    JSF_IMPL_ENABLED_CUSTOM = "Custom"
    JSF_IMPL_ENABLED_NONE = "None"
    staticDocRoot = class com.ibm.ws.webcontainer.util.DocumentRootUtils@1d83c6c0
      logger = class com.ibm.ws.logging.internal.WsLogger@2c1c81d0
      CLASS_NAME = "com.ibm.ws.webcontainer.util.DocumentRootUtils"
      useContentLength = false
      matchedFile = null
      matchedZipFile = null
      matchedEntry = null
      matchedURL = null
      edrRoot = null
      pfedrRoot = null
      ctxt = class com.ibm.ws.webcontainer40.osgi.webapp.WebApp40@21c06e6
      baseDir = null
      edr = null
      pfedr = null
      metaInfRes = null
      searchpfEDR = false
      searchEDR = false
      searchMetaInfRes = true
      matchFromEDR = false
      matchFromMetaInfRes = false
      matchIsADirectory = false
      appConfig = class com.ibm.ws.webcontainer.osgi.webapp.WebAppConfiguration@3fcb790
      attributeType = "staticFile"
      STATIC_FILE = "staticFile"
      JSP = "jsp"
      PFEDR = "preFragmentExtendedDocumentRoot"
      EDR = "extendedDocumentRoot"
    jspDocRoot = class com.ibm.ws.webcontainer.util.DocumentRootUtils@4660d877
      logger = class com.ibm.ws.logging.internal.WsLogger@2c1c81d0
      CLASS_NAME = "com.ibm.ws.webcontainer.util.DocumentRootUtils"
      useContentLength = false
      matchedFile = null
      matchedZipFile = null
      matchedEntry = null
      matchedURL = null
      edrRoot = null
      pfedrRoot = null
      ctxt = class com.ibm.ws.webcontainer40.osgi.webapp.WebApp40@21c06e6
      baseDir = null
      edr = null
      pfedr = null
      metaInfRes = null
      searchpfEDR = false
      searchEDR = false
      searchMetaInfRes = true
      matchFromEDR = false
      matchFromMetaInfRes = false
      matchIsADirectory = false
      appConfig = class com.ibm.ws.webcontainer.osgi.webapp.WebAppConfiguration@3fcb790
      attributeType = "jsp"
      STATIC_FILE = "staticFile"
      JSP = "jsp"
      PFEDR = "preFragmentExtendedDocumentRoot"
      EDR = "extendedDocumentRoot"
    container = class com.ibm.ws.adaptable.module.internal.AdaptableContainerImpl@3455e1cb
      root = class com.ibm.ws.adaptable.module.internal.AdaptableContainerImpl@3455e1cb
      rootOverlay = class com.ibm.ws.artifact.overlay.internal.DirectoryBasedOverlayContainerImpl@482946f9
      factoryHolder = class com.ibm.ws.adaptable.module.internal.AdaptableModuleFactoryImpl@5655e918
      delegate = class com.ibm.ws.artifact.overlay.internal.DirectoryBasedOverlayContainerImpl@482946f9
      notifier = class com.ibm.ws.adaptable.module.internal.NotifierImpl@3ff45e53
      serialVersionUID = -5950528200509051684
      $$$tc$$$ = class com.ibm.websphere.ras.TraceComponent@7a8617a3
    metaInfResourceFinder = class com.ibm.ws.webcontainer.util.MetaInfResourceFinder@26fd5a78
      jarResourceContainers = class java.util.ArrayList@30b1e51
      container = class com.ibm.ws.adaptable.module.internal.AdaptableContainerImpl@3455e1cb
    postConstructMethods = class com.ibm.ws.webcontainer.webapp.WebApp$AnnotatedMethods@6af3893c
      annotationClass = class java.lang.Class@5400899d
      noOpClassNames = class java.util.HashSet@f148638
      annotatedMethodNames = class java.util.concurrent.ConcurrentHashMap@1dcbe8a7
      EMPTY_METHODS = class java.lang.reflect.Method[0]
    preDestroyMethods = class com.ibm.ws.webcontainer.webapp.WebApp$AnnotatedMethods@69c5f764
      annotationClass = class java.lang.Class@2e2bf630
      noOpClassNames = class java.util.HashSet@1e96523a
      annotatedMethodNames = class java.util.concurrent.ConcurrentHashMap@2be56f87
      EMPTY_METHODS = class java.lang.reflect.Method[0]
    OBJ_EMPTY = class java.lang.Object[0]
    CLASS_EMPTY = class java.lang.Class[0]
    checkpointPhase = class io.openliberty.checkpoint.spi.CheckpointPhase@29a6294b
      AFTER_APP_START = class io.openliberty.checkpoint.spi.CheckpointPhase@e2a0736
      BEFORE_APP_START = class io.openliberty.checkpoint.spi.CheckpointPhase@1c6a7eee
      INACTIVE = class io.openliberty.checkpoint.spi.CheckpointPhase@29a6294b
      CHECKPOINT_PROPERTY = "io.openliberty.checkpoint"
      CHECKPOINT_ACTIVE_FILTER = "(!(io.openliberty.checkpoint=INACTIVE))"
      CHECKPOINT_RESTORED_PROPERTY = "io.openliberty.checkpoint.restored"
      CONDITION_PROCESS_RUNNING_ID = "io.openliberty.process.running"
      restored = true
      noMoreAddHooks = true
      singleThreadedHooks = class java.util.ArrayList@1caded67
      multiThreadedHooks = class java.util.ArrayList@34e0f1da
      THE_PHASE = class io.openliberty.checkpoint.spi.CheckpointPhase@29a6294b
      DEBUG = false
      $VALUES = class io.openliberty.checkpoint.spi.CheckpointPhase[3]
      name = "/* Could not access name */"
      ordinal = "/* Could not access ordinal */"
      hash = "/* Could not access hash */"
    DEFAULT_JSP_EXTENSIONS = class java.util.ArrayList@6544989d
      serialVersionUID = "/* Could not access serialVersionUID */"
      DEFAULT_CAPACITY = "/* Could not access DEFAULT_CAPACITY */"
      EMPTY_ELEMENTDATA = "/* Could not access EMPTY_ELEMENTDATA */"
      DEFAULTCAPACITY_EMPTY_ELEMENTDATA = "/* Could not access DEFAULTCAPACITY_EMPTY_ELEMENTDATA */"
      elementData = "/* Could not access elementData */"
      size = "/* Could not access size */"
      modCount = "/* Could not access modCount */"
    DEFER_SERVLET_REQUEST_LISTENER_DESTROY_ON_ERROR = true
    DO_ACCEPT_PARTIAL = true
    DO_NOT_ACCEPT_PARTIAL = false
    DO_ACCEPT_EXCLUDED = true
    DO_NOT_ACCEPT_EXCLUDED = false
    commands = class java.util.ArrayList@13085760
      serialVersionUID = "/* Could not access serialVersionUID */"
      DEFAULT_CAPACITY = "/* Could not access DEFAULT_CAPACITY */"
      EMPTY_ELEMENTDATA = "/* Could not access EMPTY_ELEMENTDATA */"
      DEFAULTCAPACITY_EMPTY_ELEMENTDATA = "/* Could not access DEFAULTCAPACITY_EMPTY_ELEMENTDATA */"
      elementData = "/* Could not access elementData */"
      size = "/* Could not access size */"
      modCount = "/* Could not access modCount */"
    requestMapper = class com.ibm.wsspi.webcontainer.util.URIMapper@55b0fcb2
      matcher = class com.ibm.wsspi.webcontainer40.util.URIMatcher40@5de777cc
    parent = class com.ibm.ws.webcontainer.osgi.webapp.WebGroup@4d447b3e
      tc = class com.ibm.websphere.ras.TraceComponent@54481cc1
      logger = class com.ibm.ws.logging.internal.WsLogger@19648fad
      CLASS_NAME = "com.ibm.ws.webcontainer.webapp.WebGroup"
      sessUrlRewritePrefix = ";jsessionid="
      qMark = "?"
      config = class com.ibm.ws.webcontainer.osgi.webapp.WebGroupConfiguration@7b3efdcb
      webApp = class com.ibm.ws.webcontainer40.osgi.webapp.WebApp40@21c06e6
      commands = class java.util.ArrayList@187470ca
      requestMapper = null
      parent = class com.ibm.ws.webcontainer.osgi.DynamicVirtualHost@40c2d026
      name = "/g-note/*"
      isAlive = true
      subElements = class java.util.HashMap@7c6fb11
      attributes = null
      config = null
      serialVersionUID = -8271459000149267764
      $$$tc$$$ = class com.ibm.websphere.ras.TraceComponent@2dc6e332
    name = "g-note"
    isAlive = true
    subElements = null
    attributes = class java.util.concurrent.ConcurrentHashMap@c05927b
      serialVersionUID = "/* Could not access serialVersionUID */"
      MAXIMUM_CAPACITY = "/* Could not access MAXIMUM_CAPACITY */"
      DEFAULT_CAPACITY = "/* Could not access DEFAULT_CAPACITY */"
      MAX_ARRAY_SIZE = "/* Could not access MAX_ARRAY_SIZE */"
      DEFAULT_CONCURRENCY_LEVEL = "/* Could not access DEFAULT_CONCURRENCY_LEVEL */"
      LOAD_FACTOR = "/* Could not access LOAD_FACTOR */"
      TREEIFY_THRESHOLD = "/* Could not access TREEIFY_THRESHOLD */"
      UNTREEIFY_THRESHOLD = "/* Could not access UNTREEIFY_THRESHOLD */"
      MIN_TREEIFY_CAPACITY = "/* Could not access MIN_TREEIFY_CAPACITY */"
      MIN_TRANSFER_STRIDE = "/* Could not access MIN_TRANSFER_STRIDE */"
      RESIZE_STAMP_BITS = "/* Could not access RESIZE_STAMP_BITS */"
      MAX_RESIZERS = "/* Could not access MAX_RESIZERS */"
      RESIZE_STAMP_SHIFT = "/* Could not access RESIZE_STAMP_SHIFT */"
      MOVED = "/* Could not access MOVED */"
      TREEBIN = "/* Could not access TREEBIN */"
      RESERVED = "/* Could not access RESERVED */"
      HASH_BITS = "/* Could not access HASH_BITS */"
      NCPU = "/* Could not access NCPU */"
      serialPersistentFields = "/* Could not access serialPersistentFields */"
      table = "/* Could not access table */"
      nextTable = "/* Could not access nextTable */"
      baseCount = "/* Could not access baseCount */"
      sizeCtl = "/* Could not access sizeCtl */"
      transferIndex = "/* Could not access transferIndex */"
      cellsBusy = "/* Could not access cellsBusy */"
      counterCells = "/* Could not access counterCells */"
      keySet = "/* Could not access keySet */"
      values = "/* Could not access values */"
      entrySet = "/* Could not access entrySet */"
      U = "/* Could not access U */"
      SIZECTL = "/* Could not access SIZECTL */"
      TRANSFERINDEX = "/* Could not access TRANSFERINDEX */"
      BASECOUNT = "/* Could not access BASECOUNT */"
      CELLSBUSY = "/* Could not access CELLSBUSY */"
      CELLVALUE = "/* Could not access CELLVALUE */"
      ABASE = "/* Could not access ABASE */"
      ASHIFT = "/* Could not access ASHIFT */"
      keySet = "/* Could not access keySet */"
      values = "/* Could not access values */"
    config = null
    serialVersionUID = -8271459000149267764
    $$$tc$$$ = class com.ibm.websphere.ras.TraceComponent@2dc6e332
      strings[0] = "TraceComponent[com.ibm.ws.container.AbstractContainer,class com.ibm.ws.container.AbstractContainer,[],null,null]"
  target = class com.ibm.websphere.jaxrs.server.IBMRestServlet@b29d3f1
    serialVersionUID = -7916305366621576524
    asyncCancelScheduler = class java.util.concurrent.ScheduledThreadPoolExecutor@9466e66
      continueExistingPeriodicTasksAfterShutdown = "/* Could not access continueExistingPeriodicTasksAfterShutdown */"
      executeExistingDelayedTasksAfterShutdown = "/* Could not access executeExistingDelayedTasksAfterShutdown */"
      removeOnCancel = "/* Could not access removeOnCancel */"
      sequencer = "/* Could not access sequencer */"
      DEFAULT_KEEPALIVE_MILLIS = "/* Could not access DEFAULT_KEEPALIVE_MILLIS */"
      ctl = "/* Could not access ctl */"
      COUNT_BITS = "/* Could not access COUNT_BITS */"
      COUNT_MASK = "/* Could not access COUNT_MASK */"
      RUNNING = "/* Could not access RUNNING */"
      SHUTDOWN = "/* Could not access SHUTDOWN */"
      STOP = "/* Could not access STOP */"
      TIDYING = "/* Could not access TIDYING */"
      TERMINATED = "/* Could not access TERMINATED */"
      workQueue = "/* Could not access workQueue */"
      mainLock = "/* Could not access mainLock */"
      workers = "/* Could not access workers */"
      termination = "/* Could not access termination */"
      container = "/* Could not access container */"
      largestPoolSize = "/* Could not access largestPoolSize */"
      completedTaskCount = "/* Could not access completedTaskCount */"
      threadFactory = "/* Could not access threadFactory */"
      handler = "/* Could not access handler */"
      keepAliveTime = "/* Could not access keepAliveTime */"
      allowCoreThreadTimeOut = "/* Could not access allowCoreThreadTimeOut */"
      corePoolSize = "/* Could not access corePoolSize */"
      maximumPoolSize = "/* Could not access maximumPoolSize */"
      defaultHandler = "/* Could not access defaultHandler */"
      shutdownPerm = "/* Could not access shutdownPerm */"
      ONLY_ONE = "/* Could not access ONLY_ONE */"
      $assertionsDisabled = "/* Could not access $assertionsDisabled */"
    serialVersionUID = 6655984720159438370
    $$$tc$$$ = class com.ibm.websphere.ras.TraceComponent@6a260e2d
      strings[0] = "TraceComponent[org.jboss.resteasy.plugins.server.servlet.HttpServlet30Dispatcher,class org.jboss.resteasy.plugins.server.servlet.HttpServlet30Dispatcher,[],null,null]"
    servletContainerDispatcher = class org.jboss.resteasy.plugins.server.servlet.ServletContainerDispatcher@47e5d3bd
      dispatcher = null
      providerFactory = null
      servletMappingPrefix = "/api/gnotes/v1"
      deployment = class org.jboss.resteasy.core.ResteasyDeploymentImpl@23f62de9
      requestFactory = class com.ibm.websphere.jaxrs.server.IBMRestServlet@b29d3f1
      responseFactory = class com.ibm.websphere.jaxrs.server.IBMRestServlet@b29d3f1
      servletConfig = class com.ibm.ws.webcontainer.servlet.ServletConfig@19500c78
      serialVersionUID = 4272780606645704855
      $$$tc$$$ = class com.ibm.websphere.ras.TraceComponent@107e3524
    serialVersionUID = -1908385981247679754
    $$$tc$$$ = class com.ibm.websphere.ras.TraceComponent@5af2c63a
      strings[0] = "TraceComponent[org.jboss.resteasy.plugins.server.servlet.HttpServletDispatcher,class org.jboss.resteasy.plugins.server.servlet.HttpServletDispatcher,[],null,null]"
    serialVersionUID = 8466325577512134784
    METHOD_DELETE = "DELETE"
    METHOD_HEAD = "HEAD"
    METHOD_GET = "GET"
    METHOD_OPTIONS = "OPTIONS"
    METHOD_POST = "POST"
    METHOD_PUT = "PUT"
    METHOD_TRACE = "TRACE"
    HEADER_IFMODSINCE = "If-Modified-Since"
    HEADER_LASTMOD = "Last-Modified"
    LEGACY_DO_HEAD = "jakarta.servlet.http.legacyDoHead"
    LSTRING_FILE = "jakarta.servlet.http.LocalStrings"
    lStrings = class java.util.PropertyResourceBundle@fbb7350
      encoding = "/* Could not access encoding */"
      lookup = "/* Could not access lookup */"
      INITIAL_CACHE_SIZE = "/* Could not access INITIAL_CACHE_SIZE */"
      NONEXISTENT_BUNDLE = "/* Could not access NONEXISTENT_BUNDLE */"
      cacheList = "/* Could not access cacheList */"
      referenceQueue = "/* Could not access referenceQueue */"
      parent = "/* Could not access parent */"
      locale = "/* Could not access locale */"
      name = "/* Could not access name */"
      expired = "/* Could not access expired */"
      cacheKey = "/* Could not access cacheKey */"
      keySet = "/* Could not access keySet */"
      UNKNOWN_FORMAT = "/* Could not access UNKNOWN_FORMAT */"
      TRACE_ON = "/* Could not access TRACE_ON */"
      $assertionsDisabled = "/* Could not access $assertionsDisabled */"
    legacyHeadHandling = false
    serialVersionUID = -8592279577370996712
    LSTRING_FILE = "jakarta.servlet.LocalStrings"
    lStrings = class java.util.PropertyResourceBundle@5f53d117
    config = class com.ibm.ws.webcontainer.servlet.ServletConfig@19500c78
  cacheWrappers = null
  targetLoader = class com.ibm.ws.classloading.internal.ThreadContextClassLoader@4a39943f
    tc = class com.ibm.websphere.ras.TraceComponent@123dad97
      strings[0] = "TraceComponent[com.ibm.ws.classloading.internal.ThreadContextClassLoader,class com.ibm.ws.classloading.internal.ThreadContextClassLoader,[ClassLoadingService],com.ibm.ws.classloading.internal.resources.ClassLoadingServiceMessages,null]"
    bundle = class java.util.concurrent.atomic.AtomicReference@561e1054
      serialVersionUID = "/* Could not access serialVersionUID */"
      VALUE = "/* Could not access VALUE */"
      value = "/* Could not access value */"
    key = "WebModule:g-note#g-note.war"
    refCount = class java.util.concurrent.atomic.AtomicInteger@6caaa0fc
      serialVersionUID = "/* Could not access serialVersionUID */"
      U = "/* Could not access U */"
      VALUE = "/* Could not access VALUE */"
      value = "/* Could not access value */"
      serialVersionUID = "/* Could not access serialVersionUID */"
    appLoader = class com.ibm.ws.classloading.internal.AppClassLoader@74a6d176
      tc = class com.ibm.websphere.ras.TraceComponent@599847cb
      forbiddenClassNames = class java.util.Collections$UnmodifiableSet@4255a88c
      FORBIDDEN_PROPERTIES = "forbidden.properties"
      NOTHING_FORBIDDEN_PROPERTY = "io.openliberty.classloading.nothing.forbidden"
      disableSharedClassesCache = false
      PARENT_FIRST_SEARCH_ORDER = class java.util.Collections$UnmodifiableRandomAccessList@99eeb1
      packagesDefined = class java.util.Collections$SetFromMap@24f51f0a
      CLASS_LOADING_TRACE_PREFIX = "com.ibm.ws.class.load."
      DEFAULT_PACKAGE = "default.package"
      perPackageClassLoadingTraceComponents = class java.util.concurrent.ConcurrentHashMap@132ff853
      config = class com.ibm.ws.classloading.internal.ClassLoaderConfigurationImpl@7c513372
      privateLibraries = null
      delegateLoaders = class com.ibm.ws.classloading.internal.util.CompositeIterable@33f2a62f
      nativeLibraryFiles = class java.util.ArrayList@3ff3f214
      transformers = class java.util.ArrayList@53f268d9
      systemTransformers = class java.util.concurrent.CopyOnWriteArrayList@2087fa9f
      apiAccess = class com.ibm.ws.classloading.internal.GatewayClassLoader@733909e3
      generator = class com.ibm.ws.classloading.internal.ClassGeneratorManager@4451ce1
      protectionDomains = class java.util.concurrent.ConcurrentHashMap@264d0b76
      hook = null
      serialVersionUID = 5906478461061001036
      checkpointPhase = class io.openliberty.checkpoint.spi.CheckpointPhase@29a6294b
      tc = class com.ibm.websphere.ras.TraceComponent@72d41d51
      smartClassPath = class com.ibm.ws.classloading.internal.ContainerClassLoader$SmartClassPathImpl@20eb231d
      nativeLibraryContainers = class java.util.ArrayList@609f3379
      redefiner = class com.ibm.ws.classloading.internal.util.ClassRedefiner@3f5405e7
      jarProtocol = "wsjar:"
      mapCreationQueue = class java.util.concurrent.Executors$AutoShutdownDelegatedExecutorService@2ec782a7
      serialVersionUID = 251246017270836472
      parent = class com.ibm.ws.classloading.internal.GatewayClassLoader@733909e3
      classNameLockStore = class com.ibm.ws.kernel.boot.utils.KeyBasedLockStore@6ebdcf53
      serialVersionUID = -3020377578845918238
      $$$tc$$$ = class com.ibm.websphere.ras.TraceComponent@26ca6c1f
      pdcache = "/* Could not access pdcache */"
    clSvc = class com.ibm.ws.classloading.internal.ClassLoadingServiceImpl@72054781
      tc = class com.ibm.websphere.ras.TraceComponent@5184e6d0
      leakDetectionMap = class java.util.concurrent.ConcurrentHashMap@181ac5c1
      appClassLoaders = class java.util.Collections$SetFromMap@23d30428
      TCCL_LOCK_WAIT = 15000
      REFERENCE_GENERATORS = "generators"
      tcclLockStore = class com.ibm.ws.kernel.boot.utils.KeyBasedLockStore@13fd7d30
      bundleContext = class org.eclipse.osgi.internal.framework.BundleContextImpl@4979a9d9
      aclStore = class com.ibm.ws.classloading.internal.util.CanonicalStore@328ba262
      tcclStore = class com.ibm.ws.classloading.internal.util.CanonicalStore@7cf15d3f
      digraph = class org.eclipse.equinox.internal.region.StandardRegionDigraph@4738e4cd
      redefiner = class com.ibm.ws.classloading.internal.util.ClassRedefiner@3f5405e7
      listener = class com.ibm.ws.classloading.internal.ClassLoadingServiceImpl$2@50a328dd
      classloaders = class java.util.Collections$SynchronizedMap@264d9f53
      resourceProviders = class com.ibm.ws.classloading.internal.CompositeResourceProvider@26d319db
      rememberedBundles = class java.util.concurrent.ConcurrentHashMap@39375bdb
      collectedBundles = class java.lang.ref.ReferenceQueue@709b69e0
      generatorRefs = class com.ibm.wsspi.kernel.service.utils.ConcurrentServiceReferenceSet@3ae6c7a7
      generatorManager = class com.ibm.ws.classloading.internal.ClassGeneratorManager@4451ce1
      appExtLibs = class java.util.concurrent.CopyOnWriteArrayList@7af6631
      globalConfig = class com.ibm.ws.classloading.configuration.GlobalClassloadingConfiguration@2c50cb4d
      systemTransformers = class java.util.concurrent.CopyOnWriteArrayList@2087fa9f
      metaInfServicesProviders = class java.util.concurrent.ConcurrentHashMap@c89587a
      metaInfServicesRefs = class com.ibm.wsspi.kernel.service.utils.ConcurrentServiceReferenceMap@70eb2934
      protectionDomainMap = class java.util.HashMap@5acb9ec7
      metadataIdentifierService = class com.ibm.ws.container.service.metadata.internal.MetaDataServiceImpl@38622874
      globalSharedLibrary = class java.util.concurrent.atomic.AtomicReference@4507d403
      serialVersionUID = 4413923811772628187
    serialVersionUID = 7417331337980111787
    tc = class com.ibm.websphere.ras.TraceComponent@4e7526a0
      strings[0] = "TraceComponent[com.ibm.ws.classloading.internal.UnifiedClassLoader,class com.ibm.ws.classloading.internal.UnifiedClassLoader,[ClassLoadingService],com.ibm.ws.classloading.internal.resources.ClassLoadingServiceMessages,null]"
    followOnClassLoaders = class java.util.ArrayList@fbb4518
      serialVersionUID = "/* Could not access serialVersionUID */"
      DEFAULT_CAPACITY = "/* Could not access DEFAULT_CAPACITY */"
      EMPTY_ELEMENTDATA = "/* Could not access EMPTY_ELEMENTDATA */"
      DEFAULTCAPACITY_EMPTY_ELEMENTDATA = "/* Could not access DEFAULTCAPACITY_EMPTY_ELEMENTDATA */"
      elementData = "/* Could not access elementData */"
      size = "/* Could not access size */"
      modCount = "/* Could not access modCount */"
    serialVersionUID = 4255658571728280816
    parent = class com.ibm.ws.classloading.internal.GatewayClassLoader@46fd304f
      config = class com.ibm.ws.classloading.internal.GatewayConfigurationImpl@52014eca
      wiringMonitor = class com.ibm.ws.classloading.internal.GatewayClassLoader$1@4f9a841f
      bundle = class org.eclipse.osgi.internal.framework.EquinoxBundle@3967a60a
      wiring = class org.eclipse.osgi.container.ModuleWiring@63311854
      cl = null
      bLoader = class org.eclipse.osgi.internal.loader.BundleLoader@6328dae2
      resourceProviders = class com.ibm.ws.classloading.internal.CompositeResourceProvider@26d319db
      serialVersionUID = -5503641212193211983
      $$$tc$$$ = class com.ibm.websphere.ras.TraceComponent@3e987d2e
    classNameLockStore = class com.ibm.ws.kernel.boot.utils.KeyBasedLockStore@2981680b
      refQueue = class java.lang.ref.ReferenceQueue@5767d5f4
      lockMap = class java.util.concurrent.ConcurrentHashMap@cc5b0df
      lockCreator = class com.ibm.ws.kernel.boot.classloader.NameBasedClassLoaderLock$1@27c24097
    serialVersionUID = -3020377578845918238
    $$$tc$$$ = class com.ibm.websphere.ras.TraceComponent@26ca6c1f
      strings[0] = "TraceComponent[com.ibm.ws.classloading.internal.LibertyLoader,class com.ibm.ws.classloading.internal.LibertyLoader,[ClassLoadingService],com.ibm.ws.classloading.internal.resources.ClassLoadingServiceMessages,null]"
    pdcache = "/* Could not access pdcache */"
  evtSource = class com.ibm.ws.webcontainer.webapp.WebAppEventSource@7f9bc0df
    _invocationListeners = class com.ibm.ws.webcontainer.util.EventListeners@7a7b8e82
      EMPTY_LISTENERS = interface java.util.EventListener[0]
      logger = class com.ibm.ws.logging.internal.WsLogger@2c1c81d0
      CLASS_NAME = "com.ibm.ws.webcontainer.util.EventListeners"
      listeners = interface java.util.EventListener[0]
    _servletListeners = class com.ibm.ws.webcontainer.util.EventListeners@2e8548b1
      EMPTY_LISTENERS = interface java.util.EventListener[0]
      logger = class com.ibm.ws.logging.internal.WsLogger@2c1c81d0
      CLASS_NAME = "com.ibm.ws.webcontainer.util.EventListeners"
      listeners = interface java.util.EventListener[0]
    _errorListeners = class com.ibm.ws.webcontainer.util.EventListeners@e3e8afa
      EMPTY_LISTENERS = interface java.util.EventListener[0]
      logger = class com.ibm.ws.logging.internal.WsLogger@2c1c81d0
      CLASS_NAME = "com.ibm.ws.webcontainer.util.EventListeners"
      listeners = interface java.util.EventListener[0]
    _applicationListeners = class com.ibm.ws.webcontainer.util.EventListeners@5ec1d61b
      EMPTY_LISTENERS = interface java.util.EventListener[0]
      logger = class com.ibm.ws.logging.internal.WsLogger@2c1c81d0
      CLASS_NAME = "com.ibm.ws.webcontainer.util.EventListeners"
      listeners = interface java.util.EventListener[0]
    _filterInvocationListeners = class com.ibm.ws.webcontainer.util.EventListeners@78684cdf
      EMPTY_LISTENERS = interface java.util.EventListener[0]
      logger = class com.ibm.ws.logging.internal.WsLogger@2c1c81d0
      CLASS_NAME = "com.ibm.ws.webcontainer.util.EventListeners"
      listeners = interface java.util.EventListener[0]
    _filterListeners = class com.ibm.ws.webcontainer.util.EventListeners@7c2c53a3
      EMPTY_LISTENERS = interface java.util.EventListener[0]
      logger = class com.ibm.ws.logging.internal.WsLogger@2c1c81d0
      CLASS_NAME = "com.ibm.ws.webcontainer.util.EventListeners"
      listeners = interface java.util.EventListener[0]
    _filterErrorListeners = class com.ibm.ws.webcontainer.util.EventListeners@63f6f86
      EMPTY_LISTENERS = interface java.util.EventListener[0]
      logger = class com.ibm.ws.logging.internal.WsLogger@2c1c81d0
      CLASS_NAME = "com.ibm.ws.webcontainer.util.EventListeners"
      listeners = interface java.util.EventListener[0]
  event = class com.ibm.websphere.servlet.event.ServletEvent@50df5e33
    serialVersionUID = 3906650803920713522
    _servletName = "estm.dsic.jee.rest.RestApplication"
    _servletClassName = "com.ibm.websphere.jaxrs.server.IBMRestServlet"
    $$$tc$$$ = class com.ibm.websphere.ras.TraceComponent@4a853a21
      strings[0] = "TraceComponent[com.ibm.websphere.servlet.event.ServletEvent,class com.ibm.websphere.servlet.event.ServletEvent,[],null,null]"
    serialVersionUID = 3546927969739289392
    _context = class com.ibm.ws.webcontainer40.facade.ServletContextFacade40@7542fe35
    _servletNames = class com.ibm.ws.webcontainer.util.EmptyEnumeration@6210fc72
      serialVersionUID = 3546642126931963953
      _instance = class com.ibm.ws.webcontainer.util.EmptyEnumeration@6210fc72
    $$$tc$$$ = class com.ibm.websphere.ras.TraceComponent@1c94e7f1
      strings[0] = "TraceComponent[com.ibm.websphere.servlet.event.ApplicationEvent,class com.ibm.websphere.servlet.event.ApplicationEvent,[],null,null]"
    serialVersionUID = "/* Could not access serialVersionUID */"
    source = "/* Could not access source */"
  unavailableMessage = null
  unavailableUntil = -1
  isSTM = false
  internalServlet = false
  webAppInvocationCollaborators = null
  platformHelper = class com.ibm.ws.webcontainer.PlatformHelper@14bb52de
  webAppNameSpaceCollab = class com.ibm.ws.webcontainer.osgi.collaborator.WebAppNameSpaceCollaboratorImpl@3587e5ae
    cmdai = class com.ibm.ws.threadContext.ComponentMetaDataAccessorImpl@1059fc98
      tc = class com.ibm.websphere.ras.TraceComponent@73971756
      cmdai = class com.ibm.ws.threadContext.ComponentMetaDataAccessorImpl@1059fc98
      threadContext = class com.ibm.ws.threadContext.ThreadContextImpl@41d12050
      defaultCMD = null
  txCollab = class com.ibm.ws.transaction.services.WebAppTransactionCollaboratorImpl@1f030beb
    tc = class com.ibm.websphere.ras.TraceComponent@587ae4ab
      strings[0] = "TraceComponent[com.ibm.ws.transaction.services.WebAppTransactionCollaboratorImpl,class com.ibm.ws.transaction.services.WebAppTransactionCollaboratorImpl,[transaction],com.ibm.ws.transaction.services.TransactionMessages,null]"
    ltCurrentRef = class com.ibm.wsspi.kernel.service.utils.AtomicServiceReference@b24e761
      referenceName = "ltCurrent"
      tuple = class java.util.concurrent.atomic.AtomicReference@45c49bc0
      serialVersionUID = 2226592364007985000
      $$$tc$$$ = class com.ibm.websphere.ras.TraceComponent@48fa0591
    tranMgrRef = class com.ibm.wsspi.kernel.service.utils.AtomicServiceReference@2309caef
      referenceName = "tranMgr"
      tuple = class java.util.concurrent.atomic.AtomicReference@1737ea52
      serialVersionUID = 2226592364007985000
      $$$tc$$$ = class com.ibm.websphere.ras.TraceComponent@48fa0591
    userTranRef = class com.ibm.wsspi.kernel.service.utils.AtomicServiceReference@5e3be52f
      referenceName = "userTran"
      tuple = class java.util.concurrent.atomic.AtomicReference@1ceb29e3
      serialVersionUID = 2226592364007985000
      $$$tc$$$ = class com.ibm.websphere.ras.TraceComponent@48fa0591
    uowCallbackRef = class com.ibm.wsspi.kernel.service.utils.AtomicServiceReference@3cea0b8b
      referenceName = "uowCallback"
      tuple = class java.util.concurrent.atomic.AtomicReference@56d70c49
      serialVersionUID = 2226592364007985000
      $$$tc$$$ = class com.ibm.websphere.ras.TraceComponent@48fa0591
    serialVersionUID = -8319003162899973281
  connCollab = class com.ibm.ws.webcontainer.collaborator.ConnectionHandleCollaborator@6b839789
    tc = class com.ibm.websphere.ras.TraceComponent@91c7813
      strings[0] = "TraceComponent[com.ibm.ws.webcontainer.collaborator.ConnectionHandleCollaborator,class com.ibm.ws.webcontainer.collaborator.ConnectionHandleCollaborator,[webcontainer],com.ibm.ws.webcontainer.resources.LShimMessages,null]"
    threadContext = class com.ibm.ws.threadContext.ThreadContextImpl@7d6a02ce
      ivInitialStackEntry = null
      tc = class com.ibm.ejs.ras.TraceComponent@b3d0243
      count = 8
      index = 2
      SUSPECTED_MISUSAGE_THRESHOLD = 200
      TRACE_VTHREAD_LOCALS = "/* Could not access TRACE_VTHREAD_LOCALS */"
      threadLocalHashCode = "/* Could not access threadLocalHashCode */"
      nextHashCode = "/* Could not access nextHashCode */"
      HASH_INCREMENT = "/* Could not access HASH_INCREMENT */"
      $assertionsDisabled = "/* Could not access $assertionsDisabled */"
  suppressServletExceptionLogging = false
  throwExceptionEnum = class java.util.RegularEnumSet@2f402e02
    serialVersionUID = "/* Could not access serialVersionUID */"
    elements = "/* Could not access elements */"
    serialVersionUID = "/* Could not access serialVersionUID */"
    elementType = "/* Could not access elementType */"
    universe = "/* Could not access universe */"
  discernUnavailableServlet = false
  reInitServletonInitUnavailableException = true
  destroyServletonServiceUnavailableException = false
  servlet23 = true
  PARAMS_HEAD_TRACE = class java.lang.Class[2]
    Class[0] = class java.lang.Class@2bfa3aa
      ANNOTATION = "/* Could not access ANNOTATION */"
      ENUM = "/* Could not access ENUM */"
      SYNTHETIC = "/* Could not access SYNTHETIC */"
      cachedConstructor = "/* Could not access cachedConstructor */"
      name = "/* Could not access name */"
      module = "/* Could not access module */"
      packageName = "/* Could not access packageName */"
      componentType = "/* Could not access componentType */"
      allPermDomain = "/* Could not access allPermDomain */"
      reflectionData = "/* Could not access reflectionData */"
      classRedefinedCount = "/* Could not access classRedefinedCount */"
      genericInfo = "/* Could not access genericInfo */"
      EMPTY_CLASS_ARRAY = "/* Could not access EMPTY_CLASS_ARRAY */"
      serialVersionUID = "/* Could not access serialVersionUID */"
      serialPersistentFields = "/* Could not access serialPersistentFields */"
      reflectionFactory = "/* Could not access reflectionFactory */"
      enumConstants = "/* Could not access enumConstants */"
      enumConstantDirectory = "/* Could not access enumConstantDirectory */"
      annotationData = "/* Could not access annotationData */"
      annotationType = "/* Could not access annotationType */"
      classValueMap = "/* Could not access classValueMap */"
    Class[1] = class java.lang.Class@4a614320
      ANNOTATION = "/* Could not access ANNOTATION */"
      ENUM = "/* Could not access ENUM */"
      SYNTHETIC = "/* Could not access SYNTHETIC */"
      cachedConstructor = "/* Could not access cachedConstructor */"
      name = "/* Could not access name */"
      module = "/* Could not access module */"
      packageName = "/* Could not access packageName */"
      componentType = "/* Could not access componentType */"
      allPermDomain = "/* Could not access allPermDomain */"
      reflectionData = "/* Could not access reflectionData */"
      classRedefinedCount = "/* Could not access classRedefinedCount */"
      genericInfo = "/* Could not access genericInfo */"
      EMPTY_CLASS_ARRAY = "/* Could not access EMPTY_CLASS_ARRAY */"
      serialVersionUID = "/* Could not access serialVersionUID */"
      serialPersistentFields = "/* Could not access serialPersistentFields */"
      reflectionFactory = "/* Could not access reflectionFactory */"
      enumConstants = "/* Could not access enumConstants */"
      enumConstantDirectory = "/* Could not access enumConstantDirectory */"
      annotationData = "/* Could not access annotationData */"
      annotationType = "/* Could not access annotationType */"
      classValueMap = "/* Could not access classValueMap */"
  defaultHeadMethodInUse = false
  defaultTraceMethodInUse = false
  checkedForDefaultMethods = null
  defaultTraceRequestBehavior = false
  defaultHeadRequestBehavior = false
  useOriginalRequestState = false
  warningStatusSet = false
  serialVersionUID = -8592279577370996712
  LSTRING_FILE = "jakarta.servlet.LocalStrings"
  lStrings = class java.util.PropertyResourceBundle@5f53d117
    encoding = "/* Could not access encoding */"
    lookup = "/* Could not access lookup */"
    INITIAL_CACHE_SIZE = "/* Could not access INITIAL_CACHE_SIZE */"
    NONEXISTENT_BUNDLE = "/* Could not access NONEXISTENT_BUNDLE */"
    cacheList = "/* Could not access cacheList */"
    referenceQueue = "/* Could not access referenceQueue */"
    parent = "/* Could not access parent */"
    locale = "/* Could not access locale */"
    name = "/* Could not access name */"
    expired = "/* Could not access expired */"
    cacheKey = "/* Could not access cacheKey */"
    keySet = "/* Could not access keySet */"
    UNKNOWN_FORMAT = "/* Could not access UNKNOWN_FORMAT */"
    TRACE_ON = "/* Could not access TRACE_ON */"
    $assertionsDisabled = "/* Could not access $assertionsDisabled */"
  config = null

