------Start of DE processing------ = [09/03/2024 12:34:48:385 WEST]
Exception = java.util.concurrent.RejectedExecutionException
Source = com.ibm.ws.cdi.liberty.CDIRuntimeImpl
probeid = 478
Stack Dump = java.util.concurrent.RejectedExecutionException: CWWKE1202E: Une tâche ne peut pas être soumise car l'exécuteur managedExecutorService[DefaultManagedExecutorService] (concurrencyPolicy[defaultConcurrencyPolicy]) a été arrêté.
	at com.ibm.ws.threading.internal.PolicyExecutorImpl.enqueue(PolicyExecutorImpl.java:611)
	at com.ibm.ws.threading.internal.PolicyExecutorImpl.invokeAll(PolicyExecutorImpl.java:791)
	at com.ibm.ws.concurrent.internal.ManagedExecutorServiceImpl.invokeAll(ManagedExecutorServiceImpl.java:605)
	at org.jboss.weld.executor.AbstractExecutorServices.invokeAllAndCheckForExceptions(AbstractExecutorServices.java:59)
	at org.jboss.weld.executor.AbstractExecutorServices.invokeAllAndCheckForExceptions(AbstractExecutorServices.java:67)
	at org.jboss.weld.bootstrap.ConcurrentBeanDeployer.doAfterBeanDiscovery(ConcurrentBeanDeployer.java:88)
	at org.jboss.weld.bootstrap.BeanDeployment.afterBeanDiscovery(BeanDeployment.java:268)
	at org.jboss.weld.bootstrap.WeldStartup.deployBeans(WeldStartup.java:478)
	at org.jboss.weld.bootstrap.WeldBootstrap.deployBeans(WeldBootstrap.java:87)
	at com.ibm.ws.cdi.impl.CDIContainerImpl.startInitialization(CDIContainerImpl.java:177)
	at com.ibm.ws.cdi.liberty.CDIRuntimeImpl.applicationStarting(CDIRuntimeImpl.java:479)
	at com.ibm.ws.container.service.state.internal.ApplicationStateManager.fireStarting(ApplicationStateManager.java:53)
	at com.ibm.ws.container.service.state.internal.StateChangeServiceImpl.fireApplicationStarting(StateChangeServiceImpl.java:52)
	at com.ibm.ws.app.manager.module.internal.SimpleDeployedAppInfoBase.preDeployApp(SimpleDeployedAppInfoBase.java:550)
	at com.ibm.ws.app.manager.module.internal.SimpleDeployedAppInfoBase.installApp(SimpleDeployedAppInfoBase.java:511)
	at com.ibm.ws.app.manager.module.internal.DeployedAppInfoBase.deployApp(DeployedAppInfoBase.java:351)
	at com.ibm.ws.app.manager.war.internal.WARApplicationHandlerImpl.install(WARApplicationHandlerImpl.java:67)
	at com.ibm.ws.app.manager.internal.statemachine.StartAction.execute(StartAction.java:184)
	at com.ibm.ws.app.manager.internal.statemachine.ApplicationStateMachineImpl.enterState(ApplicationStateMachineImpl.java:1369)
	at com.ibm.ws.app.manager.internal.statemachine.ApplicationStateMachineImpl.run(ApplicationStateMachineImpl.java:912)
	at com.ibm.ws.threading.internal.ExecutorServiceImpl$RunnableWrapper.run(ExecutorServiceImpl.java:280)
	at java.base/java.util.concurrent.ThreadPoolExecutor.runWorker(ThreadPoolExecutor.java:1144)
	at java.base/java.util.concurrent.ThreadPoolExecutor$Worker.run(ThreadPoolExecutor.java:642)
	at java.base/java.lang.Thread.run(Thread.java:1583)

Dump of callerThis
Object type = com.ibm.ws.cdi.liberty.CDIRuntimeImpl
  tc = class com.ibm.websphere.ras.TraceComponent@77001f93
    strings[0] = "TraceComponent[com.ibm.ws.cdi.liberty.CDIRuntimeImpl,class com.ibm.ws.cdi.liberty.CDIRuntimeImpl,[JCDI],com.ibm.ws.cdi.internal.resources.CDI,null]"
  metaDataSlotServiceSR = class com.ibm.wsspi.kernel.service.utils.AtomicServiceReference@6cc88159
    referenceName = "metaDataSlotService"
    tuple = class java.util.concurrent.atomic.AtomicReference@3abb4155
      serialVersionUID = "/* Could not access serialVersionUID */"
      VALUE = "/* Could not access VALUE */"
      value = "/* Could not access value */"
    serialVersionUID = 2226592364007985000
    $$$tc$$$ = class com.ibm.websphere.ras.TraceComponent@10eae999
  ejbEndpointServiceSR = class com.ibm.wsspi.kernel.service.utils.AtomicServiceReference@5e433b73
    referenceName = "ejbEndpointService"
    tuple = class java.util.concurrent.atomic.AtomicReference@28b66d4d
      serialVersionUID = "/* Could not access serialVersionUID */"
      VALUE = "/* Could not access VALUE */"
      value = "/* Could not access value */"
    serialVersionUID = 2226592364007985000
    $$$tc$$$ = class com.ibm.websphere.ras.TraceComponent@10eae999
  classLoadingSRRef = class com.ibm.wsspi.kernel.service.utils.AtomicServiceReference@33b7dc2f
    referenceName = "classLoadingService"
    tuple = class java.util.concurrent.atomic.AtomicReference@2f728544
      serialVersionUID = "/* Could not access serialVersionUID */"
      VALUE = "/* Could not access VALUE */"
      value = "/* Could not access value */"
    serialVersionUID = 2226592364007985000
    $$$tc$$$ = class com.ibm.websphere.ras.TraceComponent@10eae999
  ejbServices = class com.ibm.wsspi.kernel.service.utils.AtomicServiceReference@23569c35
    referenceName = "ejbServices"
    tuple = class java.util.concurrent.atomic.AtomicReference@6e69b86
      serialVersionUID = "/* Could not access serialVersionUID */"
      VALUE = "/* Could not access VALUE */"
      value = "/* Could not access value */"
    serialVersionUID = 2226592364007985000
    $$$tc$$$ = class com.ibm.websphere.ras.TraceComponent@10eae999
  transactionService = class com.ibm.wsspi.kernel.service.utils.AtomicServiceReference@b3c134f
    referenceName = "transactionService"
    tuple = class java.util.concurrent.atomic.AtomicReference@42a6d1e5
      serialVersionUID = "/* Could not access serialVersionUID */"
      VALUE = "/* Could not access VALUE */"
      value = "/* Could not access value */"
    serialVersionUID = 2226592364007985000
    $$$tc$$$ = class com.ibm.websphere.ras.TraceComponent@10eae999
  securityServices = class com.ibm.wsspi.kernel.service.utils.AtomicServiceReference@4c6339f8
    referenceName = "securityServices"
    tuple = class java.util.concurrent.atomic.AtomicReference@1ed5bf69
      serialVersionUID = "/* Could not access serialVersionUID */"
      VALUE = "/* Could not access VALUE */"
      value = "/* Could not access value */"
    serialVersionUID = 2226592364007985000
    $$$tc$$$ = class com.ibm.websphere.ras.TraceComponent@10eae999
  extensionsSR = class com.ibm.wsspi.kernel.service.utils.ConcurrentServiceReferenceSet@4138c2ff
    referenceName = "extensionService"
    contextRef = class java.util.concurrent.atomic.AtomicReference@147d250d
      serialVersionUID = "/* Could not access serialVersionUID */"
      VALUE = "/* Could not access VALUE */"
      value = "/* Could not access value */"
    elementMap = class java.util.LinkedHashMap@705fcf68
      serialVersionUID = "/* Could not access serialVersionUID */"
      head = "/* Could not access head */"
      tail = "/* Could not access tail */"
      accessOrder = "/* Could not access accessOrder */"
      PUT_NORM = "/* Could not access PUT_NORM */"
      PUT_FIRST = "/* Could not access PUT_FIRST */"
      PUT_LAST = "/* Could not access PUT_LAST */"
      putMode = "/* Could not access putMode */"
      serialVersionUID = "/* Could not access serialVersionUID */"
      DEFAULT_INITIAL_CAPACITY = "/* Could not access DEFAULT_INITIAL_CAPACITY */"
      MAXIMUM_CAPACITY = "/* Could not access MAXIMUM_CAPACITY */"
      DEFAULT_LOAD_FACTOR = "/* Could not access DEFAULT_LOAD_FACTOR */"
      TREEIFY_THRESHOLD = "/* Could not access TREEIFY_THRESHOLD */"
      UNTREEIFY_THRESHOLD = "/* Could not access UNTREEIFY_THRESHOLD */"
      MIN_TREEIFY_CAPACITY = "/* Could not access MIN_TREEIFY_CAPACITY */"
      table = "/* Could not access table */"
      entrySet = "/* Could not access entrySet */"
      size = "/* Could not access size */"
      modCount = "/* Could not access modCount */"
      threshold = "/* Could not access threshold */"
      loadFactor = "/* Could not access loadFactor */"
      keySet = "/* Could not access keySet */"
      values = "/* Could not access values */"
    elementSet = class java.util.concurrent.ConcurrentSkipListSet@656cdb01
      serialVersionUID = "/* Could not access serialVersionUID */"
      m = "/* Could not access m */"
    elementSetUnsorted = false
    serialVersionUID = 756240983881166148
    $$$tc$$$ = class com.ibm.websphere.ras.TraceComponent@3a731332
  spiExtensionsSR = class com.ibm.wsspi.kernel.service.utils.ConcurrentServiceReferenceSet@561849d9
    referenceName = "spiExtensionService"
    contextRef = class java.util.concurrent.atomic.AtomicReference@55f8eeba
      serialVersionUID = "/* Could not access serialVersionUID */"
      VALUE = "/* Could not access VALUE */"
      value = "/* Could not access value */"
    elementMap = class java.util.LinkedHashMap@64b00ec4
      serialVersionUID = "/* Could not access serialVersionUID */"
      head = "/* Could not access head */"
      tail = "/* Could not access tail */"
      accessOrder = "/* Could not access accessOrder */"
      PUT_NORM = "/* Could not access PUT_NORM */"
      PUT_FIRST = "/* Could not access PUT_FIRST */"
      PUT_LAST = "/* Could not access PUT_LAST */"
      putMode = "/* Could not access putMode */"
      serialVersionUID = "/* Could not access serialVersionUID */"
      DEFAULT_INITIAL_CAPACITY = "/* Could not access DEFAULT_INITIAL_CAPACITY */"
      MAXIMUM_CAPACITY = "/* Could not access MAXIMUM_CAPACITY */"
      DEFAULT_LOAD_FACTOR = "/* Could not access DEFAULT_LOAD_FACTOR */"
      TREEIFY_THRESHOLD = "/* Could not access TREEIFY_THRESHOLD */"
      UNTREEIFY_THRESHOLD = "/* Could not access UNTREEIFY_THRESHOLD */"
      MIN_TREEIFY_CAPACITY = "/* Could not access MIN_TREEIFY_CAPACITY */"
      table = "/* Could not access table */"
      entrySet = "/* Could not access entrySet */"
      size = "/* Could not access size */"
      modCount = "/* Could not access modCount */"
      threshold = "/* Could not access threshold */"
      loadFactor = "/* Could not access loadFactor */"
      keySet = "/* Could not access keySet */"
      values = "/* Could not access values */"
    elementSet = class java.util.concurrent.ConcurrentSkipListSet@1340dcce
      serialVersionUID = "/* Could not access serialVersionUID */"
      m = "/* Could not access m */"
    elementSetUnsorted = false
    serialVersionUID = 756240983881166148
    $$$tc$$$ = class com.ibm.websphere.ras.TraceComponent@3a731332
      strings[0] = "TraceComponent[com.ibm.wsspi.kernel.service.utils.ConcurrentServiceReferenceSet,class com.ibm.wsspi.kernel.service.utils.ConcurrentServiceReferenceSet,[kernelUtils],com.ibm.ws.kernel.service.utils.resources.ServiceMessages,null]"
  containerFactorySRRef = class com.ibm.wsspi.kernel.service.utils.AtomicServiceReference@3dd59e3e
    referenceName = "containerFactory"
    tuple = class java.util.concurrent.atomic.AtomicReference@753c7587
      serialVersionUID = "/* Could not access serialVersionUID */"
      VALUE = "/* Could not access VALUE */"
      value = "/* Could not access value */"
    serialVersionUID = 2226592364007985000
    $$$tc$$$ = class com.ibm.websphere.ras.TraceComponent@10eae999
  adaptableModuleFactorySRRef = class com.ibm.wsspi.kernel.service.utils.AtomicServiceReference@682cdc85
    referenceName = "adaptableModuleFactory"
    tuple = class java.util.concurrent.atomic.AtomicReference@63212b7d
      serialVersionUID = "/* Could not access serialVersionUID */"
      VALUE = "/* Could not access VALUE */"
      value = "/* Could not access value */"
    serialVersionUID = 2226592364007985000
    $$$tc$$$ = class com.ibm.websphere.ras.TraceComponent@10eae999
  injectionEngineServiceRef = class com.ibm.wsspi.kernel.service.utils.AtomicServiceReference@6f84d445
    referenceName = "injectionEngine"
    tuple = class java.util.concurrent.atomic.AtomicReference@6e29655
      serialVersionUID = "/* Could not access serialVersionUID */"
      VALUE = "/* Could not access VALUE */"
      value = "/* Could not access value */"
    serialVersionUID = 2226592364007985000
    $$$tc$$$ = class com.ibm.websphere.ras.TraceComponent@10eae999
      strings[0] = "TraceComponent[com.ibm.wsspi.kernel.service.utils.AtomicServiceReference,class com.ibm.wsspi.kernel.service.utils.AtomicServiceReference,[kernelUtils],com.ibm.ws.kernel.service.utils.resources.ServiceMessages,null]"
  scheduledExecutorServiceRef = class com.ibm.wsspi.kernel.service.utils.AtomicServiceReference@7bc60eed
    referenceName = "scheduledExecutorService"
    tuple = class java.util.concurrent.atomic.AtomicReference@47b4ea0d
      serialVersionUID = "/* Could not access serialVersionUID */"
      VALUE = "/* Could not access VALUE */"
      value = "/* Could not access value */"
    serialVersionUID = 2226592364007985000
    $$$tc$$$ = class com.ibm.websphere.ras.TraceComponent@10eae999
  executorServiceRef = class com.ibm.wsspi.kernel.service.utils.AtomicServiceReference@6af34bc5
    referenceName = "executorService"
    tuple = class java.util.concurrent.atomic.AtomicReference@f69369c
      serialVersionUID = "/* Could not access serialVersionUID */"
      VALUE = "/* Could not access VALUE */"
      value = "/* Could not access value */"
    serialVersionUID = 2226592364007985000
    $$$tc$$$ = class com.ibm.websphere.ras.TraceComponent@10eae999
  managedExecutorServiceRef = class com.ibm.wsspi.kernel.service.utils.AtomicServiceReference@64b57aea
    referenceName = "managedExecutorService"
    tuple = class java.util.concurrent.atomic.AtomicReference@6cd75b65
      serialVersionUID = "/* Could not access serialVersionUID */"
      VALUE = "/* Could not access VALUE */"
      value = "/* Could not access value */"
    serialVersionUID = 2226592364007985000
    $$$tc$$$ = class com.ibm.websphere.ras.TraceComponent@10eae999
  resourceRefConfigFactoryRef = class com.ibm.wsspi.kernel.service.utils.AtomicServiceReference@2ddabcc5
    referenceName = "resourceRefConfigFactory"
    tuple = class java.util.concurrent.atomic.AtomicReference@3d0561c7
      serialVersionUID = "/* Could not access serialVersionUID */"
      VALUE = "/* Could not access VALUE */"
      value = "/* Could not access value */"
    serialVersionUID = 2226592364007985000
    $$$tc$$$ = class com.ibm.websphere.ras.TraceComponent@10eae999
  deferredMetaDataFactoryRef = class com.ibm.wsspi.kernel.service.utils.AtomicServiceReference@66207ef5
    referenceName = "cdiDeferredMetaDataFactoryImpl"
    tuple = class java.util.concurrent.atomic.AtomicReference@5e5df96a
      serialVersionUID = "/* Could not access serialVersionUID */"
      VALUE = "/* Could not access VALUE */"
      value = "/* Could not access value */"
    serialVersionUID = 2226592364007985000
    $$$tc$$$ = class com.ibm.websphere.ras.TraceComponent@10eae999
  beansXmlParser = class io.openliberty.cdi40.internal.weld.CDI40BeansXmlParserImpl@167dac97
    tc = class com.ibm.websphere.ras.TraceComponent@172d406b
      strings[0] = "TraceComponent[io.openliberty.cdi40.internal.weld.CDI40BeansXmlParserImpl,class io.openliberty.cdi40.internal.weld.CDI40BeansXmlParserImpl,[JCDI],com.ibm.ws.cdi.internal.resources.CDI,null]"
    cdiContainerConfig = class io.openliberty.cdi40.internal.weld.CDI40AggregatedConfigurationImpl@442640e2
    serialVersionUID = 1591115226053693575
  bceFinder = class io.openliberty.cdi40.internal.weld.CDI40BceFinder@5950e698
    BCE_EXTENSION = "jakarta.enterprise.inject.build.compatible.spi.BuildCompatibleExtension"
    META_INF_SERVICES_BCE_EXTENSION = "META-INF/services/jakarta.enterprise.inject.build.compatible.spi.BuildCompatibleExtension"
    WEB_INF_CLASSES_META_INF_SERVICES_BCE_EXTENSION = "WEB-INF/classes/META-INF/services/jakarta.enterprise.inject.build.compatible.spi.BuildCompatibleExtension"
    serialVersionUID = 8570119591201212767
    $$$tc$$$ = class com.ibm.websphere.ras.TraceComponent@2c372d51
      strings[0] = "TraceComponent[io.openliberty.cdi40.internal.weld.CDI40BceFinder,class io.openliberty.cdi40.internal.weld.CDI40BceFinder,[JCDI],com.ibm.ws.cdi.internal.resources.CDI,null]"
  cdiContainerEventManager = class io.openliberty.cdi40.internal.weld.CDI40ContainerEventManagerImpl@211445e3
    tc = class com.ibm.websphere.ras.TraceComponent@24a0cffa
      strings[0] = "TraceComponent[io.openliberty.cdi40.internal.weld.CDI40ContainerEventManagerImpl,class io.openliberty.cdi40.internal.weld.CDI40ContainerEventManagerImpl,[JCDI],com.ibm.ws.cdi.internal.resources.CDI,null]"
    LIBERTY_EE_ENVIRONMENT = class io.openliberty.cdi40.internal.weld.CDI40ContainerEventManagerImpl$LibertyEEEnvironment@2af5b211
      requiredBeanDeploymentArchiveServices = class java.util.HashSet@711f69f5
      requiredDeploymentServices = class java.util.HashSet@47088a1c
      serialVersionUID = -3640258028692295283
      $$$tc$$$ = class com.ibm.websphere.ras.TraceComponent@1b10556c
    serialVersionUID = -4728261810637111019
  weldDevelopmentMode = null
  cdiContainerConfig = class io.openliberty.cdi40.internal.weld.CDI40AggregatedConfigurationImpl@442640e2
    serialVersionUID = 2467610951074149464
    $$$tc$$$ = class com.ibm.websphere.ras.TraceComponent@52d4b85e
      strings[0] = "TraceComponent[io.openliberty.cdi40.internal.weld.CDI40AggregatedConfigurationImpl,class io.openliberty.cdi40.internal.weld.CDI40AggregatedConfigurationImpl,[JCDI],com.ibm.ws.cdi.internal.resources.CDI,null]"
    tc = class com.ibm.websphere.ras.TraceComponent@56eb2ad5
      strings[0] = "TraceComponent[com.ibm.ws.cdi.internal.config.AggregatedConfiguration,class com.ibm.ws.cdi.internal.config.AggregatedConfiguration,[JCDI],com.ibm.ws.cdi.internal.resources.CDI,null]"
    ENABLE_IMPLICIT_BEAN_ARCHIVES = "enableImplicitBeanArchives"
    EMPTY_BEANS_XML_CDI3_COMPATIBILITY = "emptyBeansXmlCDI3Compatibility"
    ENABLE_IMPLICIT_BEAN_ARCHIVES_DEFAULT = true
    EMPTY_BEANS_XML_CDI3_COMPATIBILITY_DEFAULT = false
    cdi12EnableImplicitBeanArchives = null
    cdiEnableImplicitBeanArchives = null
    cdiEmptyBeansXmlCDI3Compatibility = null
    enableImplicitBeanArchives = true
    emptyBeansXmlCDI3Compatibility = false
    serialVersionUID = 2383387866469920840
  extensionArchiveProviders = class java.util.ArrayList@3fc455e5
    serialVersionUID = "/* Could not access serialVersionUID */"
    DEFAULT_CAPACITY = "/* Could not access DEFAULT_CAPACITY */"
    EMPTY_ELEMENTDATA = "/* Could not access EMPTY_ELEMENTDATA */"
    DEFAULTCAPACITY_EMPTY_ELEMENTDATA = "/* Could not access DEFAULTCAPACITY_EMPTY_ELEMENTDATA */"
    elementData = "/* Could not access elementData */"
    size = "/* Could not access size */"
    modCount = "/* Could not access modCount */"
  extensionArchiveFactories = class java.util.ArrayList@617e10a3
    serialVersionUID = "/* Could not access serialVersionUID */"
    DEFAULT_CAPACITY = "/* Could not access DEFAULT_CAPACITY */"
    EMPTY_ELEMENTDATA = "/* Could not access EMPTY_ELEMENTDATA */"
    DEFAULTCAPACITY_EMPTY_ELEMENTDATA = "/* Could not access DEFAULTCAPACITY_EMPTY_ELEMENTDATA */"
    elementData = "/* Could not access elementData */"
    size = "/* Could not access size */"
    modCount = "/* Could not access modCount */"
  applicationSlot = class com.ibm.ws.runtime.metadata.MetaDataSlotImpl@62c66a32
    id = 0
    destroyed = false
    metadataIntf = class java.lang.Class@1d90b891
      ANNOTATION = "/* Could not access ANNOTATION */"
      ENUM = "/* Could not access ENUM */"
      SYNTHETIC = "/* Could not access SYNTHETIC */"
      cachedConstructor = "/* Could not access cachedConstructor */"
      name = "/* Could not access name */"
      module = "/* Could not access module */"
      packageName = "/* Could not access packageName */"
      componentType = "/* Could not access componentType */"
      allPermDomain = "/* Could not access allPermDomain */"
      reflectionData = "/* Could not access reflectionData */"
      classRedefinedCount = "/* Could not access classRedefinedCount */"
      genericInfo = "/* Could not access genericInfo */"
      EMPTY_CLASS_ARRAY = "/* Could not access EMPTY_CLASS_ARRAY */"
      serialVersionUID = "/* Could not access serialVersionUID */"
      serialPersistentFields = "/* Could not access serialPersistentFields */"
      reflectionFactory = "/* Could not access reflectionFactory */"
      enumConstants = "/* Could not access enumConstants */"
      enumConstantDirectory = "/* Could not access enumConstantDirectory */"
      annotationData = "/* Could not access annotationData */"
      annotationType = "/* Could not access annotationType */"
      classValueMap = "/* Could not access classValueMap */"
    manager = class com.ibm.ws.container.service.metadata.internal.ApplicationMetaDataManager@5b3e625c
      serialVersionUID = 1843747281024490904
      $$$tc$$$ = class com.ibm.websphere.ras.TraceComponent@7450f20c
      listeners = class com.ibm.wsspi.kernel.service.utils.ConcurrentServiceReferenceSet@3083dc4d
      metaDataIDs = class com.ibm.ws.container.service.metadata.internal.IndexList@1d457c86
      metaDatas = class java.util.ArrayList@3f1b68b
      slotIDs = class com.ibm.ws.container.service.metadata.internal.IndexList@5fd0a7f6
      serialVersionUID = 5464421863354792977
      $$$tc$$$ = class com.ibm.websphere.ras.TraceComponent@7440681f
    bundle = class org.eclipse.osgi.internal.framework.EquinoxBundle@64314074
      equinoxContainer = class org.eclipse.osgi.internal.framework.EquinoxContainer@2711991
      module = class org.eclipse.osgi.internal.framework.EquinoxBundle$EquinoxModule@446a0295
      monitor = class java.lang.Object@11652081
      context = class org.eclipse.osgi.internal.framework.BundleContextImpl@614c9ccb
      signedContent = null
      $SWITCH_TABLE$org$eclipse$osgi$container$Module$State = {1,2,3,4,5,6,7} /* array length = 7 */
  isClientProcess = false
  runtimeFactory = class com.ibm.ws.cdi.internal.archive.liberty.RuntimeFactory@96713c2
    services = class com.ibm.ws.cdi.liberty.CDIRuntimeImpl@76f2a238
    applications = class java.util.concurrent.ConcurrentHashMap@357b52c4
      serialVersionUID = "/* Could not access serialVersionUID */"
      MAXIMUM_CAPACITY = "/* Could not access MAXIMUM_CAPACITY */"
      DEFAULT_CAPACITY = "/* Could not access DEFAULT_CAPACITY */"
      MAX_ARRAY_SIZE = "/* Could not access MAX_ARRAY_SIZE */"
      DEFAULT_CONCURRENCY_LEVEL = "/* Could not access DEFAULT_CONCURRENCY_LEVEL */"
      LOAD_FACTOR = "/* Could not access LOAD_FACTOR */"
      TREEIFY_THRESHOLD = "/* Could not access TREEIFY_THRESHOLD */"
      UNTREEIFY_THRESHOLD = "/* Could not access UNTREEIFY_THRESHOLD */"
      MIN_TREEIFY_CAPACITY = "/* Could not access MIN_TREEIFY_CAPACITY */"
      MIN_TRANSFER_STRIDE = "/* Could not access MIN_TRANSFER_STRIDE */"
      RESIZE_STAMP_BITS = "/* Could not access RESIZE_STAMP_BITS */"
      MAX_RESIZERS = "/* Could not access MAX_RESIZERS */"
      RESIZE_STAMP_SHIFT = "/* Could not access RESIZE_STAMP_SHIFT */"
      MOVED = "/* Could not access MOVED */"
      TREEBIN = "/* Could not access TREEBIN */"
      RESERVED = "/* Could not access RESERVED */"
      HASH_BITS = "/* Could not access HASH_BITS */"
      NCPU = "/* Could not access NCPU */"
      serialPersistentFields = "/* Could not access serialPersistentFields */"
      table = "/* Could not access table */"
      nextTable = "/* Could not access nextTable */"
      baseCount = "/* Could not access baseCount */"
      sizeCtl = "/* Could not access sizeCtl */"
      transferIndex = "/* Could not access transferIndex */"
      cellsBusy = "/* Could not access cellsBusy */"
      counterCells = "/* Could not access counterCells */"
      keySet = "/* Could not access keySet */"
      values = "/* Could not access values */"
      entrySet = "/* Could not access entrySet */"
      U = "/* Could not access U */"
      SIZECTL = "/* Could not access SIZECTL */"
      TRANSFERINDEX = "/* Could not access TRANSFERINDEX */"
      BASECOUNT = "/* Could not access BASECOUNT */"
      CELLSBUSY = "/* Could not access CELLSBUSY */"
      CELLVALUE = "/* Could not access CELLVALUE */"
      ABASE = "/* Could not access ABASE */"
      ASHIFT = "/* Could not access ASHIFT */"
      keySet = "/* Could not access keySet */"
      values = "/* Could not access values */"
    serialVersionUID = -4454616462077940377
    $$$tc$$$ = class com.ibm.websphere.ras.TraceComponent@6e26ea7e
      strings[0] = "TraceComponent[com.ibm.ws.cdi.internal.archive.liberty.RuntimeFactory,class com.ibm.ws.cdi.internal.archive.liberty.RuntimeFactory,[JCDI],com.ibm.ws.cdi.internal.resources.CDI,null]"
  proxyServices = class com.ibm.ws.cdi.proxy.ProxyServicesImpl@188df145
    SUPPRESS_ACCESS_CHECKS_PERMISSION = class java.lang.reflect.ReflectPermission@772eb9c7
      serialVersionUID = "/* Could not access serialVersionUID */"
      serialVersionUID = "/* Could not access serialVersionUID */"
      wildcard = "/* Could not access wildcard */"
      path = "/* Could not access path */"
      exitVM = "/* Could not access exitVM */"
      serialVersionUID = "/* Could not access serialVersionUID */"
      name = "/* Could not access name */"
    DECLARED_MEMBERS_PERMISSION = class java.lang.RuntimePermission@a86af62
      serialVersionUID = "/* Could not access serialVersionUID */"
      serialVersionUID = "/* Could not access serialVersionUID */"
      wildcard = "/* Could not access wildcard */"
      path = "/* Could not access path */"
      exitVM = "/* Could not access exitVM */"
      serialVersionUID = "/* Could not access serialVersionUID */"
      name = "/* Could not access name */"
    GET_CLASS_LOADER_PERMISSION = class java.lang.RuntimePermission@4ac15d5
      serialVersionUID = "/* Could not access serialVersionUID */"
      serialVersionUID = "/* Could not access serialVersionUID */"
      wildcard = "/* Could not access wildcard */"
      path = "/* Could not access path */"
      exitVM = "/* Could not access exitVM */"
      serialVersionUID = "/* Could not access serialVersionUID */"
      name = "/* Could not access name */"
    WELD_PACKAGES = class org.eclipse.osgi.util.ManifestElement[1]
      ManifestElement[0] = class org.eclipse.osgi.util.ManifestElement@1c304356
    CLASS_LOADER_FOR_SYSTEM_CLASSES = class org.eclipse.osgi.internal.loader.EquinoxClassLoader@20231fc5
      EQUINOX_REGISTERED_AS_PARALLEL = true
      configuration = class org.eclipse.osgi.internal.framework.EquinoxConfiguration@1376c841
      debug = class org.eclipse.osgi.internal.debug.Debug@19ac5b1b
      delegate = class org.eclipse.osgi.internal.loader.BundleLoader@1a777a58
      generation = class org.eclipse.osgi.storage.BundleInfo$Generation@4a288f77
      manager = class org.eclipse.osgi.internal.loader.classpath.ClasspathManager@6fb972b3
      isRegisteredAsParallel = true
      ALLPERMISSIONS = class java.security.AllPermissionCollection@143698dc
      REGISTERED_AS_PARALLEL = true
      classNameLocks = class java.util.HashMap@353285b8
      pkgLock = class java.lang.Object@3b6ff75e
    loaderMap = class com.ibm.ws.cdi.proxy.ProxyServicesImpl$1@5f91337
      this$0 = class com.ibm.ws.cdi.proxy.ProxyServicesImpl@188df145
      serialVersionUID = 7414824288598027114
      $$$tc$$$ = class com.ibm.websphere.ras.TraceComponent@34c54300
      EMPTY_CACHE = "/* Could not access EMPTY_CACHE */"
      hashCodeForCache = "/* Could not access hashCodeForCache */"
      nextHashCode = "/* Could not access nextHashCode */"
      HASH_INCREMENT = "/* Could not access HASH_INCREMENT */"
      HASH_MASK = "/* Could not access HASH_MASK */"
      identity = "/* Could not access identity */"
      version = "/* Could not access version */"
      CRITICAL_SECTION = "/* Could not access CRITICAL_SECTION */"
      UNSAFE = "/* Could not access UNSAFE */"
    serialVersionUID = -5246223089013259243
    $$$tc$$$ = class com.ibm.websphere.ras.TraceComponent@3e5b472c
      strings[0] = "TraceComponent[com.ibm.ws.cdi.proxy.ProxyServicesImpl,class com.ibm.ws.cdi.proxy.ProxyServicesImpl,[],null,null]"
  serialVersionUID = 7930911400118500928
  cdiContainer = class com.ibm.ws.cdi.impl.CDIContainerImpl@494b8f9c
    tc = class com.ibm.websphere.ras.TraceComponent@624cb150
      strings[0] = "TraceComponent[com.ibm.ws.cdi.impl.CDIContainerImpl,class com.ibm.ws.cdi.impl.CDIContainerImpl,[JCDI],com.ibm.ws.cdi.internal.resources.CDI,null]"
    CLASSLOADER = class org.eclipse.osgi.internal.loader.EquinoxClassLoader@19eaa98c
      EQUINOX_REGISTERED_AS_PARALLEL = true
      configuration = class org.eclipse.osgi.internal.framework.EquinoxConfiguration@1376c841
      debug = class org.eclipse.osgi.internal.debug.Debug@19ac5b1b
      delegate = class org.eclipse.osgi.internal.loader.BundleLoader@1f67266a
      generation = class org.eclipse.osgi.storage.BundleInfo$Generation@3f37bd22
      manager = class org.eclipse.osgi.internal.loader.classpath.ClasspathManager@1e09e039
      isRegisteredAsParallel = true
      ALLPERMISSIONS = class java.security.AllPermissionCollection@143698dc
      REGISTERED_AS_PARALLEL = true
      classNameLocks = class java.util.HashMap@5a1831a1
      pkgLock = class java.lang.Object@7cea08fe
    EXTENSION_API_CLASSES = "api.classes"
    EXTENSION_BEAN_DEFINING_ANNOTATIONS = "bean.defining.annotations"
    EXTENSION_APP_BDAS_VISIBLE = "application.bdas.visible"
    EXTENSION_CLASSES_ONLY_MODE = "extension.classes.only"
    EXTENSION_API_CLASSES_SEPARATOR = ";"
    runtimeExtensionMap = class java.util.HashMap@20e1fc1
      serialVersionUID = "/* Could not access serialVersionUID */"
      DEFAULT_INITIAL_CAPACITY = "/* Could not access DEFAULT_INITIAL_CAPACITY */"
      MAXIMUM_CAPACITY = "/* Could not access MAXIMUM_CAPACITY */"
      DEFAULT_LOAD_FACTOR = "/* Could not access DEFAULT_LOAD_FACTOR */"
      TREEIFY_THRESHOLD = "/* Could not access TREEIFY_THRESHOLD */"
      UNTREEIFY_THRESHOLD = "/* Could not access UNTREEIFY_THRESHOLD */"
      MIN_TREEIFY_CAPACITY = "/* Could not access MIN_TREEIFY_CAPACITY */"
      table = "/* Could not access table */"
      entrySet = "/* Could not access entrySet */"
      size = "/* Could not access size */"
      modCount = "/* Could not access modCount */"
      threshold = "/* Could not access threshold */"
      loadFactor = "/* Could not access loadFactor */"
      keySet = "/* Could not access keySet */"
      values = "/* Could not access values */"
    probeExtensionArchive = null
    currentDeployment = class java.lang.ThreadLocal@4f23c41c
      TRACE_VTHREAD_LOCALS = "/* Could not access TRACE_VTHREAD_LOCALS */"
      threadLocalHashCode = "/* Could not access threadLocalHashCode */"
      nextHashCode = "/* Could not access nextHashCode */"
      HASH_INCREMENT = "/* Could not access HASH_INCREMENT */"
      $assertionsDisabled = "/* Could not access $assertionsDisabled */"
    cdiRuntime = class com.ibm.ws.cdi.liberty.CDIRuntimeImpl@76f2a238
    WELD_DISABLE_BEANSXML_VALIDATING = "org.jboss.weld.xml.disableValidating"
    serialVersionUID = 4644788022379001770
  serialVersionUID = 7975911090376029176
  $$$tc$$$ = class com.ibm.websphere.ras.TraceComponent@113412d1
    strings[0] = "TraceComponent[com.ibm.ws.cdi.impl.AbstractCDIRuntime,class com.ibm.ws.cdi.impl.AbstractCDIRuntime,[JCDI],com.ibm.ws.cdi.internal.resources.CDI,null]"

Dump of objectArray[0]
Object type = com.ibm.ws.container.service.app.deploy.internal.ApplicationInfoImpl
  appName = "g-note"
  appMetaData = class com.ibm.ws.container.service.app.deploy.internal.ApplicationMetaDataImpl@580e1565
    j2eeName = class com.ibm.ws.container.service.metadata.internal.J2EENameImpl@272b0c77
      serialVersionUID = 7488184044073147667
      application = "g-note"
      module = null
      component = null
      string = "g-note"
      j2eeNameBytes = null
      $$$tc$$$ = class com.ibm.websphere.ras.TraceComponent@56422870
    serialVersionUID = -7906531148367236579
    $$$tc$$$ = class com.ibm.websphere.ras.TraceComponent@28fece43
      strings[0] = "TraceComponent[com.ibm.ws.container.service.app.deploy.internal.ApplicationMetaDataImpl,class com.ibm.ws.container.service.app.deploy.internal.ApplicationMetaDataImpl,[container.service],com.ibm.ws.container.service.resources.Messages,null]"
    tc = class com.ibm.websphere.ras.TraceComponent@48df3e69
      strings[0] = "TraceComponent[com.ibm.ws.runtime.metadata.MetaDataImpl,class com.ibm.ws.runtime.metadata.MetaDataImpl,[Runtime],null,null]"
    NUM_STATIC_SLOTS = 4
    ID_UNINITIALIZED = -1
    id = 0
    metaDataInterface = class java.lang.Class@1d90b891
      ANNOTATION = "/* Could not access ANNOTATION */"
      ENUM = "/* Could not access ENUM */"
      SYNTHETIC = "/* Could not access SYNTHETIC */"
      cachedConstructor = "/* Could not access cachedConstructor */"
      name = "/* Could not access name */"
      module = "/* Could not access module */"
      packageName = "/* Could not access packageName */"
      componentType = "/* Could not access componentType */"
      allPermDomain = "/* Could not access allPermDomain */"
      reflectionData = "/* Could not access reflectionData */"
      classRedefinedCount = "/* Could not access classRedefinedCount */"
      genericInfo = "/* Could not access genericInfo */"
      EMPTY_CLASS_ARRAY = "/* Could not access EMPTY_CLASS_ARRAY */"
      serialVersionUID = "/* Could not access serialVersionUID */"
      serialPersistentFields = "/* Could not access serialPersistentFields */"
      reflectionFactory = "/* Could not access reflectionFactory */"
      enumConstants = "/* Could not access enumConstants */"
      enumConstantDirectory = "/* Could not access enumConstantDirectory */"
      annotationData = "/* Could not access annotationData */"
      annotationType = "/* Could not access annotationType */"
      classValueMap = "/* Could not access classValueMap */"
    staticSlots = class java.lang.Object[4]
      Object[0] = class com.ibm.ws.cdi.impl.weld.WebSphereCDIDeploymentImpl@6370fc08
      Object[1] = class com.ibm.ws.injectionengine.osgi.internal.OSGiInjectionScopeData@1dae9cfb
      Object[2] = null
      Object[3] = null
    dynamicSlots = class java.lang.Object[4]
      Object[0] = null
      Object[1] = "g-note"
      Object[2] = null
      Object[3] = null
  appContainer = class com.ibm.ws.adaptable.module.internal.AdaptableContainerImpl@fec61fc
    root = class com.ibm.ws.adaptable.module.internal.AdaptableContainerImpl@fec61fc
    rootOverlay = class com.ibm.ws.artifact.overlay.internal.DirectoryBasedOverlayContainerImpl@4d9ec77b
      tc = class com.ibm.websphere.ras.TraceComponent@2905a8e0
      base = class com.ibm.ws.artifact.loose.internal.LooseArchive@1cb229c1
      maskSet = class java.util.HashSet@79a6ff87
      cfHolder = class com.ibm.ws.artifact.overlay.internal.OverlayContainerFactoryImpl@7f595a41
      fileOverlayContainer = class com.ibm.ws.artifact.file.internal.FileContainer@3937eadb
      overlayDirectory = class java.io.File@34c6201d
      cacheDirForOverlay = class java.io.File@7ad2abc5
      overlayNotifier = class com.ibm.ws.artifact.overlay.internal.DirectoryBasedOverlayNotifier@a0db21
      enclosingContainer = null
      entryInEnclosingContainer = null
      nestedOverlays = class java.util.concurrent.ConcurrentHashMap@4f6c6d8c
      cacheStore = class com.ibm.ws.artifact.overlay.internal.OverlayCache@490b2788
      parentOverlay = null
      isPassThroughMode = true
      serialVersionUID = -8445278173803874173
    factoryHolder = class com.ibm.ws.adaptable.module.internal.AdaptableModuleFactoryImpl@419e3e19
      adapterFactoryService = class com.ibm.ws.adaptable.module.internal.AdapterFactoryServiceImpl@23ab36b3
      containerFactory = class com.ibm.ws.artifact.internal.ArtifactContainerFactoryService@f073f47
      overlayContainerFactory = class com.ibm.ws.artifact.overlay.internal.OverlayContainerFactoryImpl@7f595a41
      serialVersionUID = 4200251809856292987
      $$$tc$$$ = class com.ibm.websphere.ras.TraceComponent@5d6080e1
    delegate = class com.ibm.ws.artifact.overlay.internal.DirectoryBasedOverlayContainerImpl@4d9ec77b
    notifier = class com.ibm.ws.adaptable.module.internal.NotifierImpl@6913be72
      root = class com.ibm.ws.adaptable.module.internal.AdaptableContainerImpl@fec61fc
      delegateNotifier = class com.ibm.ws.artifact.overlay.internal.DirectoryBasedOverlayNotifier@a0db21
      delegateRoot = class com.ibm.ws.artifact.overlay.internal.DirectoryBasedOverlayContainerImpl@4d9ec77b
      listenerDelegates = class java.util.HashMap@7f9737f6
      serialVersionUID = 6839382523957017880
      $$$tc$$$ = class com.ibm.websphere.ras.TraceComponent@6f9c46dd
    serialVersionUID = -5950528200509051684
    $$$tc$$$ = class com.ibm.websphere.ras.TraceComponent@24420cfd
      strings[0] = "TraceComponent[com.ibm.ws.adaptable.module.internal.AdaptableContainerImpl,class com.ibm.ws.adaptable.module.internal.AdaptableContainerImpl,[archive.adaptable],null,null]"
  configHelper = class com.ibm.ws.app.manager.module.ApplicationNestedConfigHelper@8cd86fb
    appInfo = class com.ibm.ws.app.manager.internal.ApplicationInstallInfo@5e3bd599
    serialVersionUID = -3174031738676705046
    $$$tc$$$ = class com.ibm.websphere.ras.TraceComponent@26fa56d5
      strings[0] = "TraceComponent[com.ibm.ws.app.manager.module.ApplicationNestedConfigHelper,class com.ibm.ws.app.manager.module.ApplicationNestedConfigHelper,[applications, app.manager],null,null]"
  applicationInformation = class com.ibm.ws.app.manager.internal.ApplicationInstallInfo@5e3bd599
    _config = class com.ibm.ws.app.manager.internal.ApplicationConfig@d0d07f5
      tc = class com.ibm.websphere.ras.TraceComponent@59107b35
      _configPid = "com.ibm.ws.app.manager_0"
      _config = class com.ibm.ws.config.admin.ConfigurationDictionary@6802d441
      _applicationManager = class com.ibm.ws.app.manager.ApplicationManager@5e492301
      _location = "g-note.war"
      _type = "war"
      _name = "g-note"
      _notificationBroadcasterSupport = class javax.management.NotificationBroadcasterSupport@420754be
      ONE_TIME_JANDEX_MSGS_DISPLAYED = true
      serialVersionUID = -2151423388299667431
    _handlerInfo = class java.util.concurrent.atomic.AtomicReference@d1a8cd0
      serialVersionUID = "/* Could not access serialVersionUID */"
      VALUE = "/* Could not access VALUE */"
      value = "/* Could not access value */"
    _container = class java.util.concurrent.atomic.AtomicReference@3d44059c
      serialVersionUID = "/* Could not access serialVersionUID */"
      VALUE = "/* Could not access VALUE */"
      value = "/* Could not access value */"
    _resolvedLocation = class java.util.concurrent.atomic.AtomicReference@49d0dc68
      serialVersionUID = "/* Could not access serialVersionUID */"
      VALUE = "/* Could not access VALUE */"
      value = "/* Could not access value */"
    _handler = class com.ibm.ws.app.manager.war.internal.WARApplicationHandlerImpl@2c875808
      futureMonitor = class com.ibm.ws.threading.internal.FutureMonitorImpl@1fa07e48
      deployedAppFactory = class com.ibm.ws.app.manager.war.internal.WARDeployedAppInfoFactoryImpl@12666610
      serialVersionUID = 4622845147410944782
      $$$tc$$$ = class com.ibm.websphere.ras.TraceComponent@4dd5b8f3
    _ami = class java.util.concurrent.atomic.AtomicReference@75a23d44
      serialVersionUID = "/* Could not access serialVersionUID */"
      VALUE = "/* Could not access VALUE */"
      value = "/* Could not access value */"
    _updateHandler = class com.ibm.ws.app.manager.internal.statemachine.ApplicationStateMachineImpl@6857ae89
      _tc = class com.ibm.websphere.ras.TraceComponent@3e1ad4da
      EMPTY_FUTURE_ARRAY = interface java.util.concurrent.Future[0]
      asmSequenceNumber = class java.util.concurrent.atomic.AtomicLong@7232f233
      _qscaCounter = class java.util.concurrent.atomic.AtomicInteger@16c6c0c1
      _failedThrowable = null
      _interruptibleLock = class com.ibm.ws.app.manager.internal.statemachine.ApplicationStateMachineImpl$2@7f66dfa6
      _interruptible = false
      _performingQueuedActions = true
      _queuedActions = class java.util.concurrent.ConcurrentLinkedQueue@32e8c6fb
      _callbackState = class java.util.concurrent.atomic.AtomicReference@572e09ff
      blockAppStartingFutures = class java.util.Collections$SetFromMap@774e0b13
      waitingForAppHandlerFuture = class java.util.concurrent.atomic.AtomicReference@3e9c61b3
      waitingForExplicitStartFuture = class java.util.concurrent.atomic.AtomicReference@4a37b785
      startAfterFutures = class java.util.Collections$SetFromMap@6d713ecd
      completionListener = class java.util.concurrent.atomic.AtomicReference@6ae0a6e3
      _notifyAppStopped = class java.util.concurrent.ConcurrentLinkedQueue@372cc3f5
      _notifyAppStarting = class java.util.concurrent.ConcurrentLinkedQueue@40d0d10a
      _notifyAppInstallCalled = class java.util.concurrent.ConcurrentLinkedQueue@2433088b
      _notifyAppStarted = class java.util.concurrent.ConcurrentLinkedQueue@4b8b6550
      _notifyAppRemoved = class java.util.concurrent.ConcurrentLinkedQueue@1ae934bf
      _stateLock = class com.ibm.ws.app.manager.internal.statemachine.ApplicationStateMachineImpl$3@5c77ee69
      _internalState = class java.util.concurrent.atomic.AtomicReference@60bcd23c
      _currentAction = class java.util.concurrent.atomic.AtomicReference@700d9a9e
      _rfa = class java.util.concurrent.atomic.AtomicReference@231214ec
      _appInstallInfo = class java.util.concurrent.atomic.AtomicReference@4075b241
      _update = class java.util.concurrent.atomic.AtomicBoolean@46dea541
      _appConfig = class java.util.concurrent.atomic.AtomicReference@5a1b0e6e
      _nextAppConfig = class java.util.concurrent.atomic.AtomicReference@691dd4b5
      _appContainer = class java.util.concurrent.atomic.AtomicReference@417846d
      _resolvedLocation = class java.util.concurrent.atomic.AtomicReference@37d0cd03
      _handler = class java.util.concurrent.atomic.AtomicReference@35bacde9
      _asmSeqNo = 0
      _ctx = class org.eclipse.osgi.internal.framework.BundleContextImpl@6a181969
      _locAdmin = class com.ibm.ws.kernel.service.location.internal.WsLocationAdminImpl@32851f97
      _futureMonitor = class com.ibm.ws.threading.internal.FutureMonitorImpl@1fa07e48
      _artifactFactory = class com.ibm.ws.artifact.internal.ArtifactContainerFactoryService@f073f47
      _moduleFactory = class com.ibm.ws.adaptable.module.internal.AdaptableModuleFactoryImpl@419e3e19
      _executorService = class com.ibm.ws.threading.internal.ExecutorServiceImpl@5f8d6077
      _scheduledExecutorService = class com.ibm.ws.threading.internal.ScheduledExecutorImpl@404b7c8e
      _asmHelper = class com.ibm.ws.app.manager.internal.ApplicationConfigurator$NamedApplication@75059f82
      _appMonitor = class com.ibm.ws.app.manager.internal.monitor.ApplicationMonitor@a89c146
      _configurator = class com.ibm.ws.app.manager.internal.ApplicationConfigurator@56f1e7b3
      enterStateCalled = class java.util.concurrent.atomic.AtomicBoolean@3b00adc1
      serialVersionUID = 4458043999335554711
      serialVersionUID = -8760483717533387753
      $$$tc$$$ = class com.ibm.websphere.ras.TraceComponent@4ddc5749
    serialVersionUID = 2630639237123415755
    $$$tc$$$ = class com.ibm.websphere.ras.TraceComponent@4d6774f1
      strings[0] = "TraceComponent[com.ibm.ws.app.manager.internal.ApplicationInstallInfo,class com.ibm.ws.app.manager.internal.ApplicationInstallInfo,[applications, app.manager],com.ibm.ws.app.manager.internal.resources.AppManagerMessages,null]"
  serialVersionUID = 5227817860647895780
  $$$tc$$$ = class com.ibm.websphere.ras.TraceComponent@641642b2
    strings[0] = "TraceComponent[com.ibm.ws.container.service.app.deploy.internal.ApplicationInfoImpl,class com.ibm.ws.container.service.app.deploy.internal.ApplicationInfoImpl,[container.service],com.ibm.ws.container.service.resources.Messages,null]"

