------Start of DE processing------ = [08/03/2024 11:50:42:462 WEST]
Exception = com.ibm.ws.container.service.state.StateChangeException
Source = com.ibm.ws.app.manager.module.internal.SimpleDeployedAppInfoBase
probeid = 551
Stack Dump = com.ibm.ws.container.service.state.StateChangeException: org.jboss.weld.exceptions.DefinitionException: WELD-000075: Normal scoped managed bean implementation class has a public field:  [EnhancedAnnotatedFieldImpl] public estm.dsic.jee.rest.dao.UserDao.auth
	at com.ibm.ws.container.service.state.internal.ApplicationStateManager.fireStarting(ApplicationStateManager.java:57)
	at com.ibm.ws.container.service.state.internal.StateChangeServiceImpl.fireApplicationStarting(StateChangeServiceImpl.java:52)
	at com.ibm.ws.app.manager.module.internal.SimpleDeployedAppInfoBase.preDeployApp(SimpleDeployedAppInfoBase.java:550)
	at com.ibm.ws.app.manager.module.internal.SimpleDeployedAppInfoBase.installApp(SimpleDeployedAppInfoBase.java:511)
	at com.ibm.ws.app.manager.module.internal.DeployedAppInfoBase.deployApp(DeployedAppInfoBase.java:351)
	at com.ibm.ws.app.manager.war.internal.WARApplicationHandlerImpl.install(WARApplicationHandlerImpl.java:67)
	at com.ibm.ws.app.manager.internal.statemachine.StartAction.execute(StartAction.java:184)
	at com.ibm.ws.app.manager.internal.statemachine.ApplicationStateMachineImpl.enterState(ApplicationStateMachineImpl.java:1369)
	at com.ibm.ws.app.manager.internal.statemachine.ApplicationStateMachineImpl.performAction(ApplicationStateMachineImpl.java:1233)
	at com.ibm.ws.app.manager.internal.statemachine.ApplicationStateMachineImpl.run(ApplicationStateMachineImpl.java:920)
	at com.ibm.ws.threading.internal.ExecutorServiceImpl$RunnableWrapper.run(ExecutorServiceImpl.java:280)
	at java.base/java.util.concurrent.ThreadPoolExecutor.runWorker(ThreadPoolExecutor.java:1144)
	at java.base/java.util.concurrent.ThreadPoolExecutor$Worker.run(ThreadPoolExecutor.java:642)
	at java.base/java.lang.Thread.run(Thread.java:1583)
Caused by: org.jboss.weld.exceptions.DefinitionException: WELD-000075: Normal scoped managed bean implementation class has a public field:  [EnhancedAnnotatedFieldImpl] public estm.dsic.jee.rest.dao.UserDao.auth
	at org.jboss.weld.bean.ManagedBean.checkBeanImplementation(ManagedBean.java:235)
	at org.jboss.weld.bean.AbstractClassBean.internalInitialize(AbstractClassBean.java:74)
	at org.jboss.weld.bean.ManagedBean.internalInitialize(ManagedBean.java:107)
	at org.jboss.weld.bean.RIBean.initialize(RIBean.java:69)
	at org.jboss.weld.bootstrap.ConcurrentBeanDeployer$4.doWork(ConcurrentBeanDeployer.java:96)
	at org.jboss.weld.bootstrap.ConcurrentBeanDeployer$4.doWork(ConcurrentBeanDeployer.java:93)
	at org.jboss.weld.executor.IterativeWorkerTaskFactory$1.call(IterativeWorkerTaskFactory.java:62)
	at org.jboss.weld.executor.IterativeWorkerTaskFactory$1.call(IterativeWorkerTaskFactory.java:55)
	at com.ibm.ws.threading.internal.PolicyTaskFutureImpl.run(PolicyTaskFutureImpl.java:765)
	at com.ibm.ws.threading.internal.PolicyExecutorImpl.runTask(PolicyExecutorImpl.java:1297)
	at com.ibm.ws.threading.internal.PolicyExecutorImpl.invokeAll(PolicyExecutorImpl.java:820)
	at com.ibm.ws.concurrent.internal.ManagedExecutorServiceImpl.invokeAll(ManagedExecutorServiceImpl.java:605)
	at org.jboss.weld.executor.AbstractExecutorServices.invokeAllAndCheckForExceptions(AbstractExecutorServices.java:59)
	at org.jboss.weld.executor.AbstractExecutorServices.invokeAllAndCheckForExceptions(AbstractExecutorServices.java:67)
	at org.jboss.weld.bootstrap.ConcurrentBeanDeployer.initializeBeans(ConcurrentBeanDeployer.java:93)
	at org.jboss.weld.bootstrap.BeanDeployer.deploy(BeanDeployer.java:371)
	at org.jboss.weld.bootstrap.BeanDeployment.deployBeans(BeanDeployment.java:264)
	at org.jboss.weld.bootstrap.WeldStartup.deployBeans(WeldStartup.java:449)
	at org.jboss.weld.bootstrap.WeldBootstrap.deployBeans(WeldBootstrap.java:87)
	at com.ibm.ws.cdi.impl.CDIContainerImpl.startInitialization(CDIContainerImpl.java:177)
	at com.ibm.ws.cdi.liberty.CDIRuntimeImpl.applicationStarting(CDIRuntimeImpl.java:479)
	at com.ibm.ws.container.service.state.internal.ApplicationStateManager.fireStarting(ApplicationStateManager.java:53)
	... 13 more

Dump of callerThis
Object type = com.ibm.ws.app.manager.war.internal.WARDeployedAppInfo
  CONTEXT_ROOT = "context-root"
  webContainerModuleInfo = class com.ibm.ws.app.manager.module.internal.SimpleDeployedAppInfoBase$WebModuleContainerInfo@63747bba
    contextRoot = "/g-note"
    defaultContextRoot = "g-note"
    serialVersionUID = 4617657913043497664
    $$$tc$$$ = class com.ibm.websphere.ras.TraceComponent@623ce2f0
      strings[0] = "TraceComponent[com.ibm.ws.app.manager.module.internal.SimpleDeployedAppInfoBase$WebModuleContainerInfo,class com.ibm.ws.app.manager.module.internal.SimpleDeployedAppInfoBase$WebModuleContainerInfo,[applications, app.manager],null,null]"
    moduleHandler = class com.ibm.ws.app.manager.web.internal.WebModuleHandlerImpl@212b4e4d
      serialVersionUID = 4795602325763828210
      $$$tc$$$ = class com.ibm.websphere.ras.TraceComponent@53906ed8
      futureMonitor = class com.ibm.ws.threading.internal.FutureMonitorImpl@2e15fc55
      metaDataService = class com.ibm.ws.container.service.metadata.internal.MetaDataServiceImpl@3fb3a9aa
      stateChangeService = class com.ibm.ws.container.service.state.internal.StateChangeServiceImpl@46d6e79
      moduleRuntimeContainer = class com.ibm.ws.webcontainer.osgi.WebContainer@4fc7c025
      firstFailure = null
      serialVersionUID = -4563697739413190872
      $$$tc$$$ = class com.ibm.websphere.ras.TraceComponent@47ccd57c
    moduleMetaDataExtenders = class java.util.Collections$UnmodifiableRandomAccessList@4427ce8f
      serialVersionUID = "/* Could not access serialVersionUID */"
      serialVersionUID = "/* Could not access serialVersionUID */"
      list = "/* Could not access list */"
      serialVersionUID = "/* Could not access serialVersionUID */"
      c = "/* Could not access c */"
    nestedModuleMetaDataFactories = class java.util.Collections$UnmodifiableRandomAccessList@2ba78811
      serialVersionUID = "/* Could not access serialVersionUID */"
      serialVersionUID = "/* Could not access serialVersionUID */"
      list = "/* Could not access list */"
      serialVersionUID = "/* Could not access serialVersionUID */"
      c = "/* Could not access c */"
    nestedModules = null
    moduleName = "g-note"
    moduleDD = null
    moduleInfo = class com.ibm.ws.app.manager.module.internal.WebModuleInfoImpl@4d7ac8fe
      contextRoot = "/g-note"
      isDefaultContextRootUsed = false
      defaultContextRoot = "g-note"
      serialVersionUID = -6699247856069243844
      $$$tc$$$ = class com.ibm.websphere.ras.TraceComponent@47364b9b
      tc = class com.ibm.websphere.ras.TraceComponent@3c45c5c7
      appInfo = class com.ibm.ws.container.service.app.deploy.internal.ApplicationInfoImpl@5f20f0d2
      moduleName = "g-note"
      path = "g-note.war"
      moduleContainer = class com.ibm.ws.adaptable.module.internal.AdaptableContainerImpl@25780b5b
      altDDEntry = null
      moduleClassesContainers = class java.util.ArrayList@63c7935d
      classLoaderFactory = class com.ibm.ws.app.manager.war.internal.WARDeployedAppInfo@23d537de
      containerInfoType = class com.ibm.ws.container.service.app.deploy.ContainerInfo$Type@19ee6559
      classLoader = class com.ibm.ws.classloading.internal.AppClassLoader@1fa2b2d4
      moduleMetaData = class com.ibm.ws.webcontainer.osgi.metadata.WebModuleMetaDataImpl@680c5d11
      nestedModuleMetaDataTypes = null
      nestedModuleMetaDataValues = null
      serialVersionUID = 3986734351620206554
    serialVersionUID = 5122721995888983779
    $$$tc$$$ = class com.ibm.websphere.ras.TraceComponent@eab4f24
      strings[0] = "TraceComponent[com.ibm.ws.app.manager.module.internal.SimpleDeployedAppInfoBase$ModuleContainerInfoBase,class com.ibm.ws.app.manager.module.internal.SimpleDeployedAppInfoBase$ModuleContainerInfoBase,[applications, app.manager],null,null]"
    type = class com.ibm.ws.container.service.app.deploy.ContainerInfo$Type@19ee6559
      MANIFEST_CLASSPATH = class com.ibm.ws.container.service.app.deploy.ContainerInfo$Type@12112c7b
      WEB_INF_CLASSES = class com.ibm.ws.container.service.app.deploy.ContainerInfo$Type@3db78a88
      WEB_INF_LIB = class com.ibm.ws.container.service.app.deploy.ContainerInfo$Type@69af9982
      EAR_LIB = class com.ibm.ws.container.service.app.deploy.ContainerInfo$Type@4151de9a
      WEB_MODULE = class com.ibm.ws.container.service.app.deploy.ContainerInfo$Type@19ee6559
      EJB_MODULE = class com.ibm.ws.container.service.app.deploy.ContainerInfo$Type@5ab8503f
      CLIENT_MODULE = class com.ibm.ws.container.service.app.deploy.ContainerInfo$Type@5b5a622a
      RAR_MODULE = class com.ibm.ws.container.service.app.deploy.ContainerInfo$Type@4e2c934a
      JAR_MODULE = class com.ibm.ws.container.service.app.deploy.ContainerInfo$Type@146211b
      SHARED_LIB = class com.ibm.ws.container.service.app.deploy.ContainerInfo$Type@1967b0a4
      $VALUES = class com.ibm.ws.container.service.app.deploy.ContainerInfo$Type[10]
      name = "/* Could not access name */"
      ordinal = "/* Could not access ordinal */"
      hash = "/* Could not access hash */"
    name = "g-note.war"
    container = class com.ibm.ws.adaptable.module.internal.AdaptableContainerImpl@25780b5b
      root = class com.ibm.ws.adaptable.module.internal.AdaptableContainerImpl@25780b5b
      rootOverlay = class com.ibm.ws.artifact.overlay.internal.DirectoryBasedOverlayContainerImpl@f7b8601
      factoryHolder = class com.ibm.ws.adaptable.module.internal.AdaptableModuleFactoryImpl@2e0db882
      delegate = class com.ibm.ws.artifact.overlay.internal.DirectoryBasedOverlayContainerImpl@f7b8601
      notifier = class com.ibm.ws.adaptable.module.internal.NotifierImpl@64fabba3
      serialVersionUID = -5950528200509051684
      $$$tc$$$ = class com.ibm.websphere.ras.TraceComponent@2997c463
    moduleClassLoaderFactory = class com.ibm.ws.app.manager.war.internal.WARDeployedAppInfo@23d537de
    altDDEntry = null
    classesContainerInfo = class java.util.ArrayList@63c7935d
      serialVersionUID = "/* Could not access serialVersionUID */"
      DEFAULT_CAPACITY = "/* Could not access DEFAULT_CAPACITY */"
      EMPTY_ELEMENTDATA = "/* Could not access EMPTY_ELEMENTDATA */"
      DEFAULTCAPACITY_EMPTY_ELEMENTDATA = "/* Could not access DEFAULTCAPACITY_EMPTY_ELEMENTDATA */"
      elementData = "/* Could not access elementData */"
      size = "/* Could not access size */"
      modCount = "/* Could not access modCount */"
    serialVersionUID = 4636874131959542427
    $$$tc$$$ = class com.ibm.websphere.ras.TraceComponent@47865889
      strings[0] = "TraceComponent[com.ibm.ws.app.manager.module.internal.SimpleDeployedAppInfoBase$ExtendedContainerInfo,class com.ibm.ws.app.manager.module.internal.SimpleDeployedAppInfoBase$ExtendedContainerInfo,[applications, app.manager],null,null]"
  DYNAMIC_IMPORT_PACKAGE_LIST = class java.util.Collections$UnmodifiableRandomAccessList@ff76f1d
    serialVersionUID = "/* Could not access serialVersionUID */"
    serialVersionUID = "/* Could not access serialVersionUID */"
    list = "/* Could not access list */"
    serialVersionUID = "/* Could not access serialVersionUID */"
    c = "/* Could not access c */"
  serialVersionUID = 6176035338244935179
  $$$tc$$$ = class com.ibm.websphere.ras.TraceComponent@1c4131c2
    strings[0] = "TraceComponent[com.ibm.ws.app.manager.war.internal.WARDeployedAppInfo,class com.ibm.ws.app.manager.war.internal.WARDeployedAppInfo,[webcontainer, applications, app.manager],com.ibm.ws.app.manager.war.internal.resources.Messages,null]"
  _tc = class com.ibm.websphere.ras.TraceComponent@1a59756f
    strings[0] = "TraceComponent[com.ibm.ws.app.manager.module.internal.DeployedAppInfoBase,class com.ibm.ws.app.manager.module.internal.DeployedAppInfoBase,[app.manager],com.ibm.ws.app.manager.module.internal.resources.Messages,null]"
  PERMISSION_XML = "permissions.xml"
  applicationInformation = class com.ibm.ws.app.manager.internal.ApplicationInstallInfo@54594888
    _config = class com.ibm.ws.app.manager.internal.ApplicationConfig@3c3a195e
      tc = class com.ibm.websphere.ras.TraceComponent@5225c733
      _configPid = "com.ibm.ws.app.manager_0"
      _config = class com.ibm.ws.config.admin.ConfigurationDictionary@66cae432
      _applicationManager = class com.ibm.ws.app.manager.ApplicationManager@57dc7ceb
      _location = "g-note.war"
      _type = "war"
      _name = "g-note"
      _notificationBroadcasterSupport = class javax.management.NotificationBroadcasterSupport@30209bf9
      ONE_TIME_JANDEX_MSGS_DISPLAYED = true
      serialVersionUID = -2151423388299667431
    _handlerInfo = class java.util.concurrent.atomic.AtomicReference@8f4016a
      serialVersionUID = "/* Could not access serialVersionUID */"
      VALUE = "/* Could not access VALUE */"
      value = "/* Could not access value */"
    _container = class java.util.concurrent.atomic.AtomicReference@5328daf7
      serialVersionUID = "/* Could not access serialVersionUID */"
      VALUE = "/* Could not access VALUE */"
      value = "/* Could not access value */"
    _resolvedLocation = class java.util.concurrent.atomic.AtomicReference@393ffd4b
      serialVersionUID = "/* Could not access serialVersionUID */"
      VALUE = "/* Could not access VALUE */"
      value = "/* Could not access value */"
    _handler = class com.ibm.ws.app.manager.war.internal.WARApplicationHandlerImpl@5523e3db
      futureMonitor = class com.ibm.ws.threading.internal.FutureMonitorImpl@2e15fc55
      deployedAppFactory = class com.ibm.ws.app.manager.war.internal.WARDeployedAppInfoFactoryImpl@38e7ab1d
      serialVersionUID = 4622845147410944782
      $$$tc$$$ = class com.ibm.websphere.ras.TraceComponent@224994b5
    _ami = class java.util.concurrent.atomic.AtomicReference@7df45744
      serialVersionUID = "/* Could not access serialVersionUID */"
      VALUE = "/* Could not access VALUE */"
      value = "/* Could not access value */"
    _updateHandler = class com.ibm.ws.app.manager.internal.statemachine.ApplicationStateMachineImpl@681ed56f
      _tc = class com.ibm.websphere.ras.TraceComponent@4c964d69
      EMPTY_FUTURE_ARRAY = interface java.util.concurrent.Future[0]
      asmSequenceNumber = class java.util.concurrent.atomic.AtomicLong@53679a30
      _qscaCounter = class java.util.concurrent.atomic.AtomicInteger@4586a33b
      _failedThrowable = null
      _interruptibleLock = class com.ibm.ws.app.manager.internal.statemachine.ApplicationStateMachineImpl$2@1ffa2a52
      _interruptible = false
      _performingQueuedActions = true
      _queuedActions = class java.util.concurrent.ConcurrentLinkedQueue@2c55e4bb
      _callbackState = class java.util.concurrent.atomic.AtomicReference@430c4d1b
      blockAppStartingFutures = class java.util.Collections$SetFromMap@33e3b13a
      waitingForAppHandlerFuture = class java.util.concurrent.atomic.AtomicReference@7d05b5ae
      waitingForExplicitStartFuture = class java.util.concurrent.atomic.AtomicReference@7ef6e689
      startAfterFutures = class java.util.Collections$SetFromMap@5f3318d9
      completionListener = class java.util.concurrent.atomic.AtomicReference@71f70864
      _notifyAppStopped = class java.util.concurrent.ConcurrentLinkedQueue@218f6b31
      _notifyAppStarting = class java.util.concurrent.ConcurrentLinkedQueue@68841327
      _notifyAppInstallCalled = class java.util.concurrent.ConcurrentLinkedQueue@2f363b3e
      _notifyAppStarted = class java.util.concurrent.ConcurrentLinkedQueue@664ba294
      _notifyAppRemoved = class java.util.concurrent.ConcurrentLinkedQueue@3c478b8f
      _stateLock = class com.ibm.ws.app.manager.internal.statemachine.ApplicationStateMachineImpl$3@7412ba0b
      _internalState = class java.util.concurrent.atomic.AtomicReference@6a63907c
      _currentAction = class java.util.concurrent.atomic.AtomicReference@5187d0a6
      _rfa = class java.util.concurrent.atomic.AtomicReference@519c32ea
      _appInstallInfo = class java.util.concurrent.atomic.AtomicReference@30bf1830
      _update = class java.util.concurrent.atomic.AtomicBoolean@46a99e2b
      _appConfig = class java.util.concurrent.atomic.AtomicReference@29c474b8
      _nextAppConfig = class java.util.concurrent.atomic.AtomicReference@197f1808
      _appContainer = class java.util.concurrent.atomic.AtomicReference@5149ed8f
      _resolvedLocation = class java.util.concurrent.atomic.AtomicReference@5b1b694b
      _handler = class java.util.concurrent.atomic.AtomicReference@5170a724
      _asmSeqNo = 0
      _ctx = class org.eclipse.osgi.internal.framework.BundleContextImpl@73886355
      _locAdmin = class com.ibm.ws.kernel.service.location.internal.WsLocationAdminImpl@30ae5a5a
      _futureMonitor = class com.ibm.ws.threading.internal.FutureMonitorImpl@2e15fc55
      _artifactFactory = class com.ibm.ws.artifact.internal.ArtifactContainerFactoryService@2016cc33
      _moduleFactory = class com.ibm.ws.adaptable.module.internal.AdaptableModuleFactoryImpl@2e0db882
      _executorService = class com.ibm.ws.threading.internal.ExecutorServiceImpl@32e4a433
      _scheduledExecutorService = class com.ibm.ws.threading.internal.ScheduledExecutorImpl@572d65fe
      _asmHelper = class com.ibm.ws.app.manager.internal.ApplicationConfigurator$NamedApplication@30f274ae
      _appMonitor = class com.ibm.ws.app.manager.internal.monitor.ApplicationMonitor@2e4499ed
      _configurator = class com.ibm.ws.app.manager.internal.ApplicationConfigurator@29a342b7
      enterStateCalled = class java.util.concurrent.atomic.AtomicBoolean@7a595286
      serialVersionUID = 4458043999335554711
      serialVersionUID = -8760483717533387753
      $$$tc$$$ = class com.ibm.websphere.ras.TraceComponent@4949b579
    serialVersionUID = 2630639237123415755
    $$$tc$$$ = class com.ibm.websphere.ras.TraceComponent@42e73587
      strings[0] = "TraceComponent[com.ibm.ws.app.manager.internal.ApplicationInstallInfo,class com.ibm.ws.app.manager.internal.ApplicationInstallInfo,[applications, app.manager],com.ibm.ws.app.manager.internal.resources.AppManagerMessages,null]"
  location = "C:\Users\user\Desktop\EST GI\g-note\target\liberty\wlp\usr\servers\g-noteServer\apps\g-note.war.xml"
  classLoadingService = class com.ibm.ws.classloading.internal.ClassLoadingServiceImpl@1df2ccb9
    tc = class com.ibm.websphere.ras.TraceComponent@3f341688
      strings[0] = "TraceComponent[com.ibm.ws.classloading.internal.ClassLoadingServiceImpl,class com.ibm.ws.classloading.internal.ClassLoadingServiceImpl,[ClassLoadingService],com.ibm.ws.classloading.internal.resources.ClassLoadingServiceMessages,null]"
    leakDetectionMap = class java.util.concurrent.ConcurrentHashMap@2c7aff0b
      serialVersionUID = "/* Could not access serialVersionUID */"
      MAXIMUM_CAPACITY = "/* Could not access MAXIMUM_CAPACITY */"
      DEFAULT_CAPACITY = "/* Could not access DEFAULT_CAPACITY */"
      MAX_ARRAY_SIZE = "/* Could not access MAX_ARRAY_SIZE */"
      DEFAULT_CONCURRENCY_LEVEL = "/* Could not access DEFAULT_CONCURRENCY_LEVEL */"
      LOAD_FACTOR = "/* Could not access LOAD_FACTOR */"
      TREEIFY_THRESHOLD = "/* Could not access TREEIFY_THRESHOLD */"
      UNTREEIFY_THRESHOLD = "/* Could not access UNTREEIFY_THRESHOLD */"
      MIN_TREEIFY_CAPACITY = "/* Could not access MIN_TREEIFY_CAPACITY */"
      MIN_TRANSFER_STRIDE = "/* Could not access MIN_TRANSFER_STRIDE */"
      RESIZE_STAMP_BITS = "/* Could not access RESIZE_STAMP_BITS */"
      MAX_RESIZERS = "/* Could not access MAX_RESIZERS */"
      RESIZE_STAMP_SHIFT = "/* Could not access RESIZE_STAMP_SHIFT */"
      MOVED = "/* Could not access MOVED */"
      TREEBIN = "/* Could not access TREEBIN */"
      RESERVED = "/* Could not access RESERVED */"
      HASH_BITS = "/* Could not access HASH_BITS */"
      NCPU = "/* Could not access NCPU */"
      serialPersistentFields = "/* Could not access serialPersistentFields */"
      table = "/* Could not access table */"
      nextTable = "/* Could not access nextTable */"
      baseCount = "/* Could not access baseCount */"
      sizeCtl = "/* Could not access sizeCtl */"
      transferIndex = "/* Could not access transferIndex */"
      cellsBusy = "/* Could not access cellsBusy */"
      counterCells = "/* Could not access counterCells */"
      keySet = "/* Could not access keySet */"
      values = "/* Could not access values */"
      entrySet = "/* Could not access entrySet */"
      U = "/* Could not access U */"
      SIZECTL = "/* Could not access SIZECTL */"
      TRANSFERINDEX = "/* Could not access TRANSFERINDEX */"
      BASECOUNT = "/* Could not access BASECOUNT */"
      CELLSBUSY = "/* Could not access CELLSBUSY */"
      CELLVALUE = "/* Could not access CELLVALUE */"
      ABASE = "/* Could not access ABASE */"
      ASHIFT = "/* Could not access ASHIFT */"
      keySet = "/* Could not access keySet */"
      values = "/* Could not access values */"
    appClassLoaders = class java.util.Collections$SetFromMap@59b13d3d
      m = "/* Could not access m */"
      s = "/* Could not access s */"
      serialVersionUID = "/* Could not access serialVersionUID */"
    TCCL_LOCK_WAIT = 15000
    REFERENCE_GENERATORS = "generators"
    tcclLockStore = class com.ibm.ws.kernel.boot.utils.KeyBasedLockStore@4e79ba99
      refQueue = class java.lang.ref.ReferenceQueue@5b9d9126
      lockMap = class java.util.concurrent.ConcurrentHashMap@557e7cac
      lockCreator = class com.ibm.ws.classloading.internal.ClassLoadingServiceImpl$1@22fcea
    bundleContext = class org.eclipse.osgi.internal.framework.BundleContextImpl@5f64b711
      valid = true
      bundle = class org.eclipse.osgi.internal.framework.EquinoxBundle@150a748d
      container = class org.eclipse.osgi.internal.framework.EquinoxContainer@691bd685
      debug = class org.eclipse.osgi.internal.debug.Debug@4bdd75d1
      servicesInUse = class java.util.HashMap@733ff05a
      activator = null
      contextLock = class java.lang.Object@2cdd047a
    aclStore = class com.ibm.ws.classloading.internal.util.CanonicalStore@598edb7f
      map = class java.util.concurrent.ConcurrentHashMap@5c32cedc
      q = class com.ibm.ws.classloading.internal.util.RefQueue@3b79481e
      serialVersionUID = 6715157558227169968
      $$$tc$$$ = class com.ibm.websphere.ras.TraceComponent@686308c4
    tcclStore = class com.ibm.ws.classloading.internal.util.CanonicalStore@2277f5e2
      map = class java.util.concurrent.ConcurrentHashMap@2c367abe
      q = class com.ibm.ws.classloading.internal.util.RefQueue@2f31be2a
      serialVersionUID = 6715157558227169968
      $$$tc$$$ = class com.ibm.websphere.ras.TraceComponent@686308c4
    digraph = class org.eclipse.equinox.internal.region.StandardRegionDigraph@72ff7c44
      EMPTY_EDGE_SET = class java.util.Collections$UnmodifiableSet@6668c6be
      monitor = class java.lang.Object@5d78ac16
      regions = class java.util.HashMap@71a38e03
      bundleIdToRegionMapping = class org.eclipse.equinox.internal.region.StandardBundleIdToRegionMapping@5348f8d8
      edges = class java.util.HashMap@73b59939
      bundleContext = class org.eclipse.osgi.internal.framework.BundleContextImpl@70242f38
      threadLocal = class java.lang.ThreadLocal@6b358345
      subgraphTraverser = class org.eclipse.equinox.internal.region.SubgraphTraverser@60bcbb6
      bundleCollisionHook = class org.eclipse.equinox.internal.region.hook.RegionBundleCollisionHook@12916d97
      bundleEventHook = class org.eclipse.equinox.internal.region.hook.RegionBundleEventHook@4db252ad
      bundleFindHook = class org.eclipse.equinox.internal.region.hook.RegionBundleFindHook@a5acff5
      serviceEventHook = class org.eclipse.equinox.internal.region.hook.RegionServiceEventHook@52d4e373
      serviceFindHook = class org.eclipse.equinox.internal.region.hook.RegionServiceFindHook@4b30d16b
      resolverHookFactory = class org.eclipse.equinox.internal.region.hook.RegionResolverHookFactory@1448d59a
      origin = null
      originUpdateCount = -1
      updateCount = class java.util.concurrent.atomic.AtomicLong@48b18581
      defaultRegion = null
    redefiner = class com.ibm.ws.classloading.internal.util.ClassRedefiner@7151bdf0
      tc = class com.ibm.websphere.ras.TraceComponent@1edc6945
      LS = "
"
      inst = class jdk.proxy2.$Proxy4@307314b1
      serialVersionUID = 2420101865139508526
    listener = class com.ibm.ws.classloading.internal.ClassLoadingServiceImpl$2@5e2bd586
      this$0 = class com.ibm.ws.classloading.internal.ClassLoadingServiceImpl@1df2ccb9
      serialVersionUID = -5816835778307299777
      $$$tc$$$ = class com.ibm.websphere.ras.TraceComponent@2a8c8a7d
    classloaders = class java.util.Collections$SynchronizedMap@436ef344
      serialVersionUID = "/* Could not access serialVersionUID */"
      m = "/* Could not access m */"
      mutex = "/* Could not access mutex */"
      keySet = "/* Could not access keySet */"
      entrySet = "/* Could not access entrySet */"
      values = "/* Could not access values */"
    resourceProviders = class com.ibm.ws.classloading.internal.CompositeResourceProvider@4a7aba31
      lockFactory = class java.util.concurrent.locks.ReentrantReadWriteLock@4821b251
      providerMap = class com.ibm.ws.classloading.internal.util.MultiMap@6f2a6253
      serialVersionUID = -5576435894946156347
      $$$tc$$$ = class com.ibm.websphere.ras.TraceComponent@49c2910f
    rememberedBundles = class java.util.concurrent.ConcurrentHashMap@36b830b3
      serialVersionUID = "/* Could not access serialVersionUID */"
      MAXIMUM_CAPACITY = "/* Could not access MAXIMUM_CAPACITY */"
      DEFAULT_CAPACITY = "/* Could not access DEFAULT_CAPACITY */"
      MAX_ARRAY_SIZE = "/* Could not access MAX_ARRAY_SIZE */"
      DEFAULT_CONCURRENCY_LEVEL = "/* Could not access DEFAULT_CONCURRENCY_LEVEL */"
      LOAD_FACTOR = "/* Could not access LOAD_FACTOR */"
      TREEIFY_THRESHOLD = "/* Could not access TREEIFY_THRESHOLD */"
      UNTREEIFY_THRESHOLD = "/* Could not access UNTREEIFY_THRESHOLD */"
      MIN_TREEIFY_CAPACITY = "/* Could not access MIN_TREEIFY_CAPACITY */"
      MIN_TRANSFER_STRIDE = "/* Could not access MIN_TRANSFER_STRIDE */"
      RESIZE_STAMP_BITS = "/* Could not access RESIZE_STAMP_BITS */"
      MAX_RESIZERS = "/* Could not access MAX_RESIZERS */"
      RESIZE_STAMP_SHIFT = "/* Could not access RESIZE_STAMP_SHIFT */"
      MOVED = "/* Could not access MOVED */"
      TREEBIN = "/* Could not access TREEBIN */"
      RESERVED = "/* Could not access RESERVED */"
      HASH_BITS = "/* Could not access HASH_BITS */"
      NCPU = "/* Could not access NCPU */"
      serialPersistentFields = "/* Could not access serialPersistentFields */"
      table = "/* Could not access table */"
      nextTable = "/* Could not access nextTable */"
      baseCount = "/* Could not access baseCount */"
      sizeCtl = "/* Could not access sizeCtl */"
      transferIndex = "/* Could not access transferIndex */"
      cellsBusy = "/* Could not access cellsBusy */"
      counterCells = "/* Could not access counterCells */"
      keySet = "/* Could not access keySet */"
      values = "/* Could not access values */"
      entrySet = "/* Could not access entrySet */"
      U = "/* Could not access U */"
      SIZECTL = "/* Could not access SIZECTL */"
      TRANSFERINDEX = "/* Could not access TRANSFERINDEX */"
      BASECOUNT = "/* Could not access BASECOUNT */"
      CELLSBUSY = "/* Could not access CELLSBUSY */"
      CELLVALUE = "/* Could not access CELLVALUE */"
      ABASE = "/* Could not access ABASE */"
      ASHIFT = "/* Could not access ASHIFT */"
      keySet = "/* Could not access keySet */"
      values = "/* Could not access values */"
    collectedBundles = class java.lang.ref.ReferenceQueue@36bf5407
      NULL = "/* Could not access NULL */"
      ENQUEUED = "/* Could not access ENQUEUED */"
      head = "/* Could not access head */"
      queueLength = "/* Could not access queueLength */"
      lock = "/* Could not access lock */"
      notEmpty = "/* Could not access notEmpty */"
      $assertionsDisabled = "/* Could not access $assertionsDisabled */"
    generatorRefs = class com.ibm.wsspi.kernel.service.utils.ConcurrentServiceReferenceSet@27f6547
      referenceName = "generators"
      contextRef = class java.util.concurrent.atomic.AtomicReference@77a01195
      elementMap = class java.util.LinkedHashMap@2e75e29f
      elementSet = class java.util.concurrent.ConcurrentSkipListSet@24c90a3c
      elementSetUnsorted = false
      serialVersionUID = 756240983881166148
      $$$tc$$$ = class com.ibm.websphere.ras.TraceComponent@538ea2c6
    generatorManager = class com.ibm.ws.classloading.internal.ClassGeneratorManager@1d4bec0b
      tc = class com.ibm.websphere.ras.TraceComponent@3c18dbfb
      generatorRefs = class com.ibm.wsspi.kernel.service.utils.ConcurrentServiceReferenceSet@27f6547
      serialVersionUID = 4152663586056483310
    appExtLibs = class java.util.concurrent.CopyOnWriteArrayList@6a817ab9
      serialVersionUID = "/* Could not access serialVersionUID */"
      lock = "/* Could not access lock */"
      array = "/* Could not access array */"
    globalConfig = class com.ibm.ws.classloading.configuration.GlobalClassloadingConfiguration@26d21482
      properties = class org.apache.felix.scr.impl.helper.ReadOnlyDictionary@3de02d68
      serialVersionUID = 452562347104713756
      $$$tc$$$ = class com.ibm.websphere.ras.TraceComponent@3e775227
    systemTransformers = class java.util.concurrent.CopyOnWriteArrayList@5ffe0842
      serialVersionUID = "/* Could not access serialVersionUID */"
      lock = "/* Could not access lock */"
      array = "/* Could not access array */"
    metaInfServicesProviders = class java.util.concurrent.ConcurrentHashMap@1d978c02
      serialVersionUID = "/* Could not access serialVersionUID */"
      MAXIMUM_CAPACITY = "/* Could not access MAXIMUM_CAPACITY */"
      DEFAULT_CAPACITY = "/* Could not access DEFAULT_CAPACITY */"
      MAX_ARRAY_SIZE = "/* Could not access MAX_ARRAY_SIZE */"
      DEFAULT_CONCURRENCY_LEVEL = "/* Could not access DEFAULT_CONCURRENCY_LEVEL */"
      LOAD_FACTOR = "/* Could not access LOAD_FACTOR */"
      TREEIFY_THRESHOLD = "/* Could not access TREEIFY_THRESHOLD */"
      UNTREEIFY_THRESHOLD = "/* Could not access UNTREEIFY_THRESHOLD */"
      MIN_TREEIFY_CAPACITY = "/* Could not access MIN_TREEIFY_CAPACITY */"
      MIN_TRANSFER_STRIDE = "/* Could not access MIN_TRANSFER_STRIDE */"
      RESIZE_STAMP_BITS = "/* Could not access RESIZE_STAMP_BITS */"
      MAX_RESIZERS = "/* Could not access MAX_RESIZERS */"
      RESIZE_STAMP_SHIFT = "/* Could not access RESIZE_STAMP_SHIFT */"
      MOVED = "/* Could not access MOVED */"
      TREEBIN = "/* Could not access TREEBIN */"
      RESERVED = "/* Could not access RESERVED */"
      HASH_BITS = "/* Could not access HASH_BITS */"
      NCPU = "/* Could not access NCPU */"
      serialPersistentFields = "/* Could not access serialPersistentFields */"
      table = "/* Could not access table */"
      nextTable = "/* Could not access nextTable */"
      baseCount = "/* Could not access baseCount */"
      sizeCtl = "/* Could not access sizeCtl */"
      transferIndex = "/* Could not access transferIndex */"
      cellsBusy = "/* Could not access cellsBusy */"
      counterCells = "/* Could not access counterCells */"
      keySet = "/* Could not access keySet */"
      values = "/* Could not access values */"
      entrySet = "/* Could not access entrySet */"
      U = "/* Could not access U */"
      SIZECTL = "/* Could not access SIZECTL */"
      TRANSFERINDEX = "/* Could not access TRANSFERINDEX */"
      BASECOUNT = "/* Could not access BASECOUNT */"
      CELLSBUSY = "/* Could not access CELLSBUSY */"
      CELLVALUE = "/* Could not access CELLVALUE */"
      ABASE = "/* Could not access ABASE */"
      ASHIFT = "/* Could not access ASHIFT */"
      keySet = "/* Could not access keySet */"
      values = "/* Could not access values */"
    metaInfServicesRefs = class com.ibm.wsspi.kernel.service.utils.ConcurrentServiceReferenceMap@7c2279bb
      referenceName = "MetaInfServicesProvider"
      context = class org.apache.felix.scr.impl.manager.ComponentContextImpl@25614d1c
      elementMap = class java.util.concurrent.ConcurrentHashMap@2f8f6874
      serialVersionUID = 6980924785166233786
      $$$tc$$$ = class com.ibm.websphere.ras.TraceComponent@4b6c2e17
    protectionDomainMap = class java.util.HashMap@4a6204b9
      serialVersionUID = "/* Could not access serialVersionUID */"
      DEFAULT_INITIAL_CAPACITY = "/* Could not access DEFAULT_INITIAL_CAPACITY */"
      MAXIMUM_CAPACITY = "/* Could not access MAXIMUM_CAPACITY */"
      DEFAULT_LOAD_FACTOR = "/* Could not access DEFAULT_LOAD_FACTOR */"
      TREEIFY_THRESHOLD = "/* Could not access TREEIFY_THRESHOLD */"
      UNTREEIFY_THRESHOLD = "/* Could not access UNTREEIFY_THRESHOLD */"
      MIN_TREEIFY_CAPACITY = "/* Could not access MIN_TREEIFY_CAPACITY */"
      table = "/* Could not access table */"
      entrySet = "/* Could not access entrySet */"
      size = "/* Could not access size */"
      modCount = "/* Could not access modCount */"
      threshold = "/* Could not access threshold */"
      loadFactor = "/* Could not access loadFactor */"
      keySet = "/* Could not access keySet */"
      values = "/* Could not access values */"
    metadataIdentifierService = class com.ibm.ws.container.service.metadata.internal.MetaDataServiceImpl@3fb3a9aa
    globalSharedLibrary = class java.util.concurrent.atomic.AtomicReference@65f1a9af
      serialVersionUID = "/* Could not access serialVersionUID */"
      VALUE = "/* Could not access VALUE */"
      value = "/* Could not access value */"
    serialVersionUID = 4413923811772628187
  globalSharedLibrary = class com.ibm.ws.library.internal.SharedLibraryImpl@64e9f850
    tc = class com.ibm.websphere.ras.TraceComponent@2db59573
      strings[0] = "TraceComponent[com.ibm.ws.library.internal.SharedLibraryImpl,class com.ibm.ws.library.internal.SharedLibraryImpl,[SharedLibrary],com.ibm.ws.classloading.internal.resources.ClassLoadingServiceMessages,null]"
    deleted = false
    libraryListenersTracker = class org.osgi.util.tracker.ServiceTracker@52a86c78
      DEBUG = false
      context = class org.eclipse.osgi.internal.framework.BundleContextImpl@5f64b711
      filter = class org.eclipse.osgi.internal.framework.FilterImpl$And@1a329bf2
      customizer = class org.osgi.util.tracker.ServiceTracker@52a86c78
      listenerFilter = "(&(objectClass=com.ibm.wsspi.library.LibraryChangeListener)(|(library=global)(libraryRef=*com.ibm.ws.classloading.sharedlibrary_3*)))"
      trackClass = null
      trackReference = null
      tracked = class org.osgi.util.tracker.ServiceTracker$Tracked@671653ea
      cachedReference = null
      cachedService = null
    libraryReg = class org.eclipse.osgi.internal.serviceregistry.ServiceRegistrationImpl@4e81ba8
      registry = class org.eclipse.osgi.internal.serviceregistry.ServiceRegistry@7ca164e3
      context = class org.eclipse.osgi.internal.framework.BundleContextImpl@5f64b711
      bundle = class org.eclipse.osgi.internal.framework.EquinoxBundle@150a748d
      clazzes = class java.lang.String[1]
      service = class com.ibm.ws.library.internal.SharedLibraryImpl@64e9f850
      reference = class org.eclipse.osgi.internal.serviceregistry.ServiceReferenceImpl@17816ae7
      contextsUsing = class java.util.ArrayList@139e31ef
      properties = class java.util.Collections$UnmodifiableMap@58fc98f3
      serviceid = 350
      serviceranking = 1
      registrationLock = class java.lang.Object@42faa269
      state = 0
      REGISTERED = 0
      UNREGISTERING = 1
      UNREGISTERED = 2
      FRAMEWORK_SET_SERVICE_PROPERTIES_COUNT = 4
      $assertionsDisabled = true
    ctx = class org.eclipse.osgi.internal.framework.BundleContextImpl@5f64b711
    classLoadingService = class com.ibm.ws.classloading.internal.ClassLoadingServiceImpl@1df2ccb9
    configAdmin = class com.ibm.ws.config.admin.internal.ConfigurationAdminImpl@4a1aa611
      tc = class com.ibm.websphere.ras.TraceComponent@485db561
      bundle = class org.eclipse.osgi.internal.framework.EquinoxBundle@150a748d
      caFactory = class com.ibm.ws.config.admin.internal.ConfigAdminServiceFactory@3df79cc
      serialVersionUID = -2875522750804142523
    resolvedBasePath = "C:/Users/user/Desktop/EST GI/g-note/target/liberty/wlp/usr/servers/g-noteServer/"
    generationLock = class com.ibm.ws.library.internal.SharedLibraryImpl$1@672bc6f
      this$0 = class com.ibm.ws.library.internal.SharedLibraryImpl@64e9f850
      serialVersionUID = 2483639803450672373
      $$$tc$$$ = class com.ibm.websphere.ras.TraceComponent@5d6ea5c6
    currentGeneration = class com.ibm.ws.library.internal.LibraryGeneration@23c75822
      tc = class com.ibm.websphere.ras.TraceComponent@5d85a96d
      nextInt = class java.util.concurrent.atomic.AtomicInteger@3c461f6a
      libraryId = "global"
      genId = 1
      libraryProps = class java.util.Hashtable@be5ad65
      filesetRefs = class java.util.Collections$UnmodifiableRandomAccessList@2dd83ba9
      apiTypeVisibility = class java.util.RegularEnumSet@3a8a5754
      files = class java.util.Collections$EmptyList@3615e338
      folders = class java.util.ArrayList@363bb220
      fileAndFolderContainers = class java.util.LinkedList@1013af07
      filesets = class java.util.concurrent.ArrayBlockingQueue@7cfadbdf
      filesetListenerRegs = class java.util.concurrent.ConcurrentLinkedQueue@142203e3
      cancelled = false
      library = class com.ibm.ws.library.internal.SharedLibraryImpl@64e9f850
      serialVersionUID = 6965220007121905717
    nextGeneration = class com.ibm.ws.library.internal.LibraryGeneration@23c75822
    artifactContainerFactory = class com.ibm.ws.library.internal.SharedLibraryFactory$1@329d2b8e
      this$0 = class com.ibm.ws.library.internal.SharedLibraryFactory@36cbdd9f
      serialVersionUID = 7730244564205089330
      $$$tc$$$ = class com.ibm.websphere.ras.TraceComponent@64b3a993
    packageExporter = class com.ibm.ws.library.internal.LibraryPackageExporter@2d2829e2
      EXPORTER_POSTFIX = "_library_exporter"
      REGION_EXPORT_TO_LIBERTY = "liberty.library.export.to.liberty"
      REGION_EXPORT_TO_OSGI_APPS = "liberty.library.export.to.osgi.app"
      REGION_KERNEL = "org.eclipse.equinox.region.kernel"
      counter = class java.util.concurrent.atomic.AtomicLong@70fd0ddc
      context = class org.eclipse.osgi.internal.framework.BundleContextImpl@5f64b711
      digraph = class org.eclipse.equinox.internal.region.StandardRegionDigraph@72ff7c44
      bundleToLibrary = class java.util.concurrent.ConcurrentHashMap@22cbe25c
      libraryToVisibility = class java.util.concurrent.ConcurrentHashMap@6692e609
      serialVersionUID = 8074378969667956573
      $$$tc$$$ = class com.ibm.websphere.ras.TraceComponent@21c3b47d
    serialVersionUID = 5714743499247904517
  sharedLibDeploymentInfo = class com.ibm.ws.app.manager.module.internal.DeployedAppInfoBase$SharedLibDeploymentInfo@6e0858d4
    locAdmin = class com.ibm.ws.kernel.service.location.internal.WsLocationAdminImpl@30ae5a5a
    artifactFactory = class com.ibm.ws.artifact.internal.ArtifactContainerFactoryService@2016cc33
    moduleFactory = class com.ibm.ws.adaptable.module.internal.AdaptableModuleFactoryImpl@2e0db882
    classesContainerInfo = class java.util.ArrayList@589de257
      serialVersionUID = "/* Could not access serialVersionUID */"
      DEFAULT_CAPACITY = "/* Could not access DEFAULT_CAPACITY */"
      EMPTY_ELEMENTDATA = "/* Could not access EMPTY_ELEMENTDATA */"
      DEFAULTCAPACITY_EMPTY_ELEMENTDATA = "/* Could not access DEFAULTCAPACITY_EMPTY_ELEMENTDATA */"
      elementData = "/* Could not access elementData */"
      size = "/* Could not access size */"
      modCount = "/* Could not access modCount */"
    serialVersionUID = 5154735746662585226
    $$$tc$$$ = class com.ibm.websphere.ras.TraceComponent@2cfae988
      strings[0] = "TraceComponent[com.ibm.ws.app.manager.module.internal.DeployedAppInfoBase$SharedLibDeploymentInfo,class com.ibm.ws.app.manager.module.internal.DeployedAppInfoBase$SharedLibDeploymentInfo,[applications, app.manager],null,null]"
  configAdmin = class com.ibm.ws.config.admin.internal.ConfigurationAdminImpl@5a334d8f
    tc = class com.ibm.websphere.ras.TraceComponent@485db561
      strings[0] = "TraceComponent[com.ibm.ws.config.admin.internal.ConfigurationAdminImpl,class com.ibm.ws.config.admin.internal.ConfigurationAdminImpl,[config],com.ibm.ws.config.internal.resources.ConfigMessages,null]"
    bundle = class org.eclipse.osgi.internal.framework.EquinoxBundle@52428464
      equinoxContainer = class org.eclipse.osgi.internal.framework.EquinoxContainer@691bd685
      module = class org.eclipse.osgi.internal.framework.EquinoxBundle$EquinoxModule@75efeb36
      monitor = class java.lang.Object@40085e5b
      context = class org.eclipse.osgi.internal.framework.BundleContextImpl@37f36b0e
      signedContent = null
      $SWITCH_TABLE$org$eclipse$osgi$container$Module$State = {1,2,3,4,5,6,7} /* array length = 7 */
    caFactory = class com.ibm.ws.config.admin.internal.ConfigAdminServiceFactory@3df79cc
      tc = class com.ibm.websphere.ras.TraceComponent@5affdfd3
      configurationPermission = class org.osgi.service.cm.ConfigurationPermission@62b7fa9a
      INDEX_DICTIONARY = 0
      INDEX_LOCATION = 1
      INDEX_METATYPE_PROCESSED = 2
      INDEX_IN_OVERRIDES_FILE = 3
      INDEX_REFERENCES = 4
      INDEX_UNIQUES = 5
      bundleContext = class org.eclipse.osgi.internal.framework.BundleContextImpl@7022ba7b
      msTracker = class com.ibm.ws.config.admin.internal.ManagedServiceTracker@558f33c1
      msfTracker = class com.ibm.ws.config.admin.internal.ManagedServiceFactoryTracker@2de631a5
      pluginManager = class com.ibm.ws.config.admin.internal.PluginManager@45a936a3
      configurationStore = class com.ibm.ws.config.admin.internal.ConfigurationStore@189777a6
      updateQueue = class com.ibm.ws.config.admin.internal.UpdateQueue@34aa5e4e
      ced = class com.ibm.ws.config.admin.internal.ConfigEventDispatcher@28dd2a67
      idMap = class java.util.Collections$SynchronizedMap@24cd1df1
      referenceMap = class java.util.Collections$SynchronizedMap@7447489
      variableRegistryTracker = class org.osgi.util.tracker.ServiceTracker@617a1201
      variableRegistry = class com.ibm.ws.kernel.service.location.internal.VariableRegistryHelper@2035925b
      configurationAdminRef = class org.eclipse.osgi.internal.serviceregistry.ServiceRegistrationImpl@62f9a106
      serialVersionUID = 6695202270027014725
    serialVersionUID = -2875522750804142523
  libraryConfigHelper = class com.ibm.ws.classloading.ClassLoaderConfigHelper@512fd574
    tc = class com.ibm.websphere.ras.TraceComponent@23daf854
      strings[0] = "TraceComponent[com.ibm.ws.classloading.ClassLoaderConfigHelper,class com.ibm.ws.classloading.ClassLoaderConfigHelper,[ClassLoadingService],com.ibm.ws.classloading.internal.resources.ClassLoadingServiceMessages,null]"
    DEFAULT_API_TYPES = class java.util.RegularEnumSet@45a22155
      serialVersionUID = "/* Could not access serialVersionUID */"
      elements = "/* Could not access elements */"
      serialVersionUID = "/* Could not access serialVersionUID */"
      elementType = "/* Could not access elementType */"
      universe = "/* Could not access universe */"
    sharedLibraries = class java.util.Collections$EmptyList@3615e338
      serialVersionUID = "/* Could not access serialVersionUID */"
      modCount = "/* Could not access modCount */"
    commonLibraries = class java.util.Collections$EmptyList@3615e338
    classProviders = class java.util.Collections$EmptyList@3615e338
    sharedLibrariesPids = null
    commonLibrariesPids = null
    isDelegateLast = false
    apiTypes = class java.util.RegularEnumSet@45a22155
    classLoaderConfigProps = null
    serialVersionUID = 7643888529935916418
  isDelegateLast = false
  permissionManager = class com.ibm.ws.classloading.java2sec.PermissionManager@7a2f9c79
    tc = class com.ibm.websphere.ras.TraceComponent@7be3c6e0
      strings[0] = "TraceComponent[com.ibm.ws.classloading.java2sec.PermissionManager,class com.ibm.ws.classloading.java2sec.PermissionManager,[Java2SecurityUtil],com.ibm.ws.classloading.internal.resources.Java2SecurityUtilMessages,null]"
    bundleContext = class org.eclipse.osgi.internal.framework.BundleContextImpl@5f64b711
    classLoadingService = class com.ibm.ws.classloading.internal.ClassLoadingServiceImpl@1df2ccb9
    DEFAULT_SERVER_RESTRICTABLE_PERMISSIONS = class java.security.Permission[4]
      Permission[0] = class java.lang.RuntimePermission@26b17278
      Permission[1] = class java.lang.RuntimePermission@516af382
      Permission[2] = class java.security.SecurityPermission@508a822a
      Permission[3] = class javax.security.auth.AuthPermission@3c7eeaed
    DEFAULT_CLIENT_RESTRICTABLE_PERMISSIONS = class java.security.Permission[3]
      Permission[0] = class java.lang.RuntimePermission@7fe319f5
      Permission[1] = class java.security.SecurityPermission@7205ea99
      Permission[2] = class javax.security.auth.AuthPermission@580bf325
    isServer = true
    wsjarUrlStreamHandlerAvailable = true
    LOGGING_PERMISSION = "java.util.logging.LoggingPermission"
    restrictablePermissions = class java.util.ArrayList@34083330
      serialVersionUID = "/* Could not access serialVersionUID */"
      DEFAULT_CAPACITY = "/* Could not access DEFAULT_CAPACITY */"
      EMPTY_ELEMENTDATA = "/* Could not access EMPTY_ELEMENTDATA */"
      DEFAULTCAPACITY_EMPTY_ELEMENTDATA = "/* Could not access DEFAULTCAPACITY_EMPTY_ELEMENTDATA */"
      elementData = "/* Could not access elementData */"
      size = "/* Could not access size */"
      modCount = "/* Could not access modCount */"
    javaAllCodeBasePermissions = class java.util.ArrayList@3db539df
      serialVersionUID = "/* Could not access serialVersionUID */"
      DEFAULT_CAPACITY = "/* Could not access DEFAULT_CAPACITY */"
      EMPTY_ELEMENTDATA = "/* Could not access EMPTY_ELEMENTDATA */"
      DEFAULTCAPACITY_EMPTY_ELEMENTDATA = "/* Could not access DEFAULTCAPACITY_EMPTY_ELEMENTDATA */"
      elementData = "/* Could not access elementData */"
      size = "/* Could not access size */"
      modCount = "/* Could not access modCount */"
    expandProps = true
    grantedPermissions = class java.util.ArrayList@281cb1c0
      serialVersionUID = "/* Could not access serialVersionUID */"
      DEFAULT_CAPACITY = "/* Could not access DEFAULT_CAPACITY */"
      EMPTY_ELEMENTDATA = "/* Could not access EMPTY_ELEMENTDATA */"
      DEFAULTCAPACITY_EMPTY_ELEMENTDATA = "/* Could not access DEFAULTCAPACITY_EMPTY_ELEMENTDATA */"
      elementData = "/* Could not access elementData */"
      size = "/* Could not access size */"
      modCount = "/* Could not access modCount */"
    KEY_PERMISSION = "permission"
    INCORRECT_PERMISSION_CONFIGURATION = "INCORRECT_PERMISSION_CONFIGURATION"
    PERMISSION_CLASSNOTFOUND = "PERMISSION_CLASSNOTFOUND"
    SERVER_XML = "server.xml"
    CLIENT_XML = "client.xml"
    JAVA_POLICY = "java.policy"
    os_name = "Windows 10"
    os_version = "10.0"
    originationFile = "server.xml"
    permissions = class com.ibm.wsspi.kernel.service.utils.ConcurrentServiceReferenceSet@7e7ccac6
      referenceName = "permission"
      contextRef = class java.util.concurrent.atomic.AtomicReference@b461db8
      elementMap = class java.util.LinkedHashMap@2f807ee4
      elementSet = class java.util.concurrent.ConcurrentSkipListSet@18c751ce
      elementSetUnsorted = false
      serialVersionUID = 756240983881166148
      $$$tc$$$ = class com.ibm.websphere.ras.TraceComponent@538ea2c6
    codeBasePermissionMap = class java.util.HashMap@b98e78a
      serialVersionUID = "/* Could not access serialVersionUID */"
      DEFAULT_INITIAL_CAPACITY = "/* Could not access DEFAULT_INITIAL_CAPACITY */"
      MAXIMUM_CAPACITY = "/* Could not access MAXIMUM_CAPACITY */"
      DEFAULT_LOAD_FACTOR = "/* Could not access DEFAULT_LOAD_FACTOR */"
      TREEIFY_THRESHOLD = "/* Could not access TREEIFY_THRESHOLD */"
      UNTREEIFY_THRESHOLD = "/* Could not access UNTREEIFY_THRESHOLD */"
      MIN_TREEIFY_CAPACITY = "/* Could not access MIN_TREEIFY_CAPACITY */"
      table = "/* Could not access table */"
      entrySet = "/* Could not access entrySet */"
      size = "/* Could not access size */"
      modCount = "/* Could not access modCount */"
      threshold = "/* Could not access threshold */"
      loadFactor = "/* Could not access loadFactor */"
      keySet = "/* Could not access keySet */"
      values = "/* Could not access values */"
    permissionXMLPermissionMap = class java.util.HashMap@1f775ce7
      serialVersionUID = "/* Could not access serialVersionUID */"
      DEFAULT_INITIAL_CAPACITY = "/* Could not access DEFAULT_INITIAL_CAPACITY */"
      MAXIMUM_CAPACITY = "/* Could not access MAXIMUM_CAPACITY */"
      DEFAULT_LOAD_FACTOR = "/* Could not access DEFAULT_LOAD_FACTOR */"
      TREEIFY_THRESHOLD = "/* Could not access TREEIFY_THRESHOLD */"
      UNTREEIFY_THRESHOLD = "/* Could not access UNTREEIFY_THRESHOLD */"
      MIN_TREEIFY_CAPACITY = "/* Could not access MIN_TREEIFY_CAPACITY */"
      table = "/* Could not access table */"
      entrySet = "/* Could not access entrySet */"
      size = "/* Could not access size */"
      modCount = "/* Could not access modCount */"
      threshold = "/* Could not access threshold */"
      loadFactor = "/* Could not access loadFactor */"
      keySet = "/* Could not access keySet */"
      values = "/* Could not access values */"
    serialVersionUID = 8583289148510585888
  permissionsConfig = null
  serialVersionUID = 1131686356392279747
  appInfo = class com.ibm.ws.container.service.app.deploy.internal.ApplicationInfoImpl@5f20f0d2
    appName = "g-note"
    appMetaData = class com.ibm.ws.container.service.app.deploy.internal.ApplicationMetaDataImpl@6645f35
      j2eeName = class com.ibm.ws.container.service.metadata.internal.J2EENameImpl@12d4d5d6
      serialVersionUID = -7906531148367236579
      $$$tc$$$ = class com.ibm.websphere.ras.TraceComponent@79f4b218
      tc = class com.ibm.websphere.ras.TraceComponent@71d0fc55
      NUM_STATIC_SLOTS = 4
      ID_UNINITIALIZED = -1
      id = 0
      metaDataInterface = class java.lang.Class@287dc695
      staticSlots = class java.lang.Object[4]
      dynamicSlots = class java.lang.Object[4]
    appContainer = class com.ibm.ws.adaptable.module.internal.AdaptableContainerImpl@25780b5b
    configHelper = class com.ibm.ws.app.manager.module.ApplicationNestedConfigHelper@699fbbe9
      appInfo = class com.ibm.ws.app.manager.internal.ApplicationInstallInfo@54594888
      serialVersionUID = -3174031738676705046
      $$$tc$$$ = class com.ibm.websphere.ras.TraceComponent@2340f617
    applicationInformation = class com.ibm.ws.app.manager.internal.ApplicationInstallInfo@54594888
    serialVersionUID = 5227817860647895780
    $$$tc$$$ = class com.ibm.websphere.ras.TraceComponent@32ea7fd0
      strings[0] = "TraceComponent[com.ibm.ws.container.service.app.deploy.internal.ApplicationInfoImpl,class com.ibm.ws.container.service.app.deploy.internal.ApplicationInfoImpl,[container.service],com.ibm.ws.container.service.resources.Messages,null]"
  appInfoRegistration = null
  modulesDeployed = class java.util.ArrayList@16d2d563
    serialVersionUID = "/* Could not access serialVersionUID */"
    DEFAULT_CAPACITY = "/* Could not access DEFAULT_CAPACITY */"
    EMPTY_ELEMENTDATA = "/* Could not access EMPTY_ELEMENTDATA */"
    DEFAULTCAPACITY_EMPTY_ELEMENTDATA = "/* Could not access DEFAULTCAPACITY_EMPTY_ELEMENTDATA */"
    elementData = "/* Could not access elementData */"
    size = "/* Could not access size */"
    modCount = "/* Could not access modCount */"
  starting = true
  started = false
  deployedAppServices = class com.ibm.ws.app.manager.module.internal.DeployedAppServicesImpl@7a601fef
    SERVER_APPS_DIR = "${server.output.dir}/apps/"
    EXPANDED_APPS_DIR = "${server.output.dir}/apps/expanded/"
    bundleContext = class org.eclipse.osgi.internal.framework.BundleContextImpl@37f36b0e
      valid = true
      bundle = class org.eclipse.osgi.internal.framework.EquinoxBundle@52428464
      container = class org.eclipse.osgi.internal.framework.EquinoxContainer@691bd685
      debug = class org.eclipse.osgi.internal.debug.Debug@4bdd75d1
      servicesInUse = class java.util.HashMap@66f52cca
      activator = null
      contextLock = class java.lang.Object@61e069ea
    applicationInfoFactory = class com.ibm.ws.container.service.app.deploy.internal.ApplicationInfoFactoryImpl@39f936b8
    futureMonitor = class com.ibm.ws.threading.internal.FutureMonitorImpl@2e15fc55
    classLoadingService = class com.ibm.ws.classloading.internal.ClassLoadingServiceImpl@1df2ccb9
    globalSharedLibrary = class com.ibm.ws.library.internal.SharedLibraryImpl@64e9f850
    globalSharedLibraryPid = "com.ibm.ws.classloading.sharedlibrary_3"
    configAdmin = class com.ibm.ws.config.admin.internal.ConfigurationAdminImpl@5a334d8f
    metaDataService = class com.ibm.ws.container.service.metadata.internal.MetaDataServiceImpl@3fb3a9aa
    stateChangeService = class com.ibm.ws.container.service.state.internal.StateChangeServiceImpl@46d6e79
    allModuleTypes = class java.lang.String[4]
      String[0] = "ejb"
      String[1] = "web"
      String[2] = "client"
      String[3] = "connector"
    moduleMetaDataExtenders = class java.util.concurrent.ConcurrentHashMap@3f321973
      serialVersionUID = "/* Could not access serialVersionUID */"
      MAXIMUM_CAPACITY = "/* Could not access MAXIMUM_CAPACITY */"
      DEFAULT_CAPACITY = "/* Could not access DEFAULT_CAPACITY */"
      MAX_ARRAY_SIZE = "/* Could not access MAX_ARRAY_SIZE */"
      DEFAULT_CONCURRENCY_LEVEL = "/* Could not access DEFAULT_CONCURRENCY_LEVEL */"
      LOAD_FACTOR = "/* Could not access LOAD_FACTOR */"
      TREEIFY_THRESHOLD = "/* Could not access TREEIFY_THRESHOLD */"
      UNTREEIFY_THRESHOLD = "/* Could not access UNTREEIFY_THRESHOLD */"
      MIN_TREEIFY_CAPACITY = "/* Could not access MIN_TREEIFY_CAPACITY */"
      MIN_TRANSFER_STRIDE = "/* Could not access MIN_TRANSFER_STRIDE */"
      RESIZE_STAMP_BITS = "/* Could not access RESIZE_STAMP_BITS */"
      MAX_RESIZERS = "/* Could not access MAX_RESIZERS */"
      RESIZE_STAMP_SHIFT = "/* Could not access RESIZE_STAMP_SHIFT */"
      MOVED = "/* Could not access MOVED */"
      TREEBIN = "/* Could not access TREEBIN */"
      RESERVED = "/* Could not access RESERVED */"
      HASH_BITS = "/* Could not access HASH_BITS */"
      NCPU = "/* Could not access NCPU */"
      serialPersistentFields = "/* Could not access serialPersistentFields */"
      table = "/* Could not access table */"
      nextTable = "/* Could not access nextTable */"
      baseCount = "/* Could not access baseCount */"
      sizeCtl = "/* Could not access sizeCtl */"
      transferIndex = "/* Could not access transferIndex */"
      cellsBusy = "/* Could not access cellsBusy */"
      counterCells = "/* Could not access counterCells */"
      keySet = "/* Could not access keySet */"
      values = "/* Could not access values */"
      entrySet = "/* Could not access entrySet */"
      U = "/* Could not access U */"
      SIZECTL = "/* Could not access SIZECTL */"
      TRANSFERINDEX = "/* Could not access TRANSFERINDEX */"
      BASECOUNT = "/* Could not access BASECOUNT */"
      CELLSBUSY = "/* Could not access CELLSBUSY */"
      CELLVALUE = "/* Could not access CELLVALUE */"
      ABASE = "/* Could not access ABASE */"
      ASHIFT = "/* Could not access ASHIFT */"
      keySet = "/* Could not access keySet */"
      values = "/* Could not access values */"
    nestedModuleMetaDataFactories = class java.util.concurrent.ConcurrentHashMap@60b028b3
      serialVersionUID = "/* Could not access serialVersionUID */"
      MAXIMUM_CAPACITY = "/* Could not access MAXIMUM_CAPACITY */"
      DEFAULT_CAPACITY = "/* Could not access DEFAULT_CAPACITY */"
      MAX_ARRAY_SIZE = "/* Could not access MAX_ARRAY_SIZE */"
      DEFAULT_CONCURRENCY_LEVEL = "/* Could not access DEFAULT_CONCURRENCY_LEVEL */"
      LOAD_FACTOR = "/* Could not access LOAD_FACTOR */"
      TREEIFY_THRESHOLD = "/* Could not access TREEIFY_THRESHOLD */"
      UNTREEIFY_THRESHOLD = "/* Could not access UNTREEIFY_THRESHOLD */"
      MIN_TREEIFY_CAPACITY = "/* Could not access MIN_TREEIFY_CAPACITY */"
      MIN_TRANSFER_STRIDE = "/* Could not access MIN_TRANSFER_STRIDE */"
      RESIZE_STAMP_BITS = "/* Could not access RESIZE_STAMP_BITS */"
      MAX_RESIZERS = "/* Could not access MAX_RESIZERS */"
      RESIZE_STAMP_SHIFT = "/* Could not access RESIZE_STAMP_SHIFT */"
      MOVED = "/* Could not access MOVED */"
      TREEBIN = "/* Could not access TREEBIN */"
      RESERVED = "/* Could not access RESERVED */"
      HASH_BITS = "/* Could not access HASH_BITS */"
      NCPU = "/* Could not access NCPU */"
      serialPersistentFields = "/* Could not access serialPersistentFields */"
      table = "/* Could not access table */"
      nextTable = "/* Could not access nextTable */"
      baseCount = "/* Could not access baseCount */"
      sizeCtl = "/* Could not access sizeCtl */"
      transferIndex = "/* Could not access transferIndex */"
      cellsBusy = "/* Could not access cellsBusy */"
      counterCells = "/* Could not access counterCells */"
      keySet = "/* Could not access keySet */"
      values = "/* Could not access values */"
      entrySet = "/* Could not access entrySet */"
      U = "/* Could not access U */"
      SIZECTL = "/* Could not access SIZECTL */"
      TRANSFERINDEX = "/* Could not access TRANSFERINDEX */"
      BASECOUNT = "/* Could not access BASECOUNT */"
      CELLSBUSY = "/* Could not access CELLSBUSY */"
      CELLVALUE = "/* Could not access CELLVALUE */"
      ABASE = "/* Could not access ABASE */"
      ASHIFT = "/* Could not access ASHIFT */"
      keySet = "/* Could not access keySet */"
      values = "/* Could not access values */"
    permissionManager = class com.ibm.ws.classloading.java2sec.PermissionManager@7a2f9c79
    locAdmin = class com.ibm.ws.kernel.service.location.internal.WsLocationAdminImpl@30ae5a5a
      tc = class com.ibm.websphere.ras.TraceComponent@405e9368
      LOC_INTERNAL_LIB_DIR = "wlp.lib.dir"
      LOC_INTERNAL_WORKAREA_DIR = "wlp.workarea.dir"
      LOC_AREA_NAME_APPS = "shared/apps/"
      LOC_AREA_NAME_CONFIG = "shared/config/"
      LOC_AREA_NAME_RESC = "shared/resources/"
      LOC_AREA_NAME_STATE = "logs/state/"
      LOC_AREA_NAME_SERVERS = "servers/"
      LOC_AREA_NAME_CLIENTS = "clients/"
      LOC_AREA_NAME_WORKING = "workarea/"
      LOC_AREA_NAME_LOGS = "logs/"
      LOC_AREA_NAME_EXTENSION = "extension/"
      instance = class com.ibm.ws.kernel.service.location.internal.WsLocationAdminImpl@30ae5a5a
      installRoot = class com.ibm.ws.kernel.service.location.internal.SymbolicRootResource@5a176fbd
      installParentRoot = class com.ibm.ws.kernel.service.location.internal.SymbolicRootResource@47475b5d
      userRoot = class com.ibm.ws.kernel.service.location.internal.SymbolicRootResource@5f6b1385
      usrExtensionRoot = class com.ibm.ws.kernel.service.location.internal.SymbolicRootResource@653ddc66
      serverConfigDir = class com.ibm.ws.kernel.service.location.internal.SymbolicRootResource@4b63dfb
      serverOutputDir = class com.ibm.ws.kernel.service.location.internal.SymbolicRootResource@4b63dfb
      bootstrapLib = class com.ibm.ws.kernel.service.location.internal.LocalFileResource@79560383
      serverWorkarea = class com.ibm.ws.kernel.service.location.internal.LocalFileResource@7e26d017
      serverState = class com.ibm.ws.kernel.service.location.internal.LocalFileResource@7573ed59
      sharedAppsRoot = class com.ibm.ws.kernel.service.location.internal.SymbolicRootResource@401f4fe9
      sharedConfigRoot = class com.ibm.ws.kernel.service.location.internal.SymbolicRootResource@91c0672
      sharedResourceRoot = class com.ibm.ws.kernel.service.location.internal.SymbolicRootResource@41f2d92e
      tmpRoot = class com.ibm.ws.kernel.service.location.internal.SymbolicRootResource@2b81fd6c
      serverName = "g-noteServer"
      resourcePaths = class java.util.ArrayList@11db8ff2
      resourceGroups = class java.util.HashMap@789d242d
      commonRoot = class com.ibm.ws.kernel.service.location.internal.VirtualRootResource@2ff1a9b9
      serverCfgDirStr = "C:/Users/user/Desktop/EST GI/g-note/target/liberty/wlp/usr/servers/g-noteServer/"
      variableSourceDirs = "C:/Users/user/Desktop/EST GI/g-note/target/liberty/wlp/usr/servers/g-noteServer/variables/"
      serialVersionUID = 7963438175177362522
    artifactFactory = class com.ibm.ws.artifact.internal.ArtifactContainerFactoryService@2016cc33
      CATEGORY_PROP_NAME = "category"
      ENTRY_KEY = "com.ibm.wsspi.artifact.ArtifactEntry"
      helperMap = class com.ibm.wsspi.kernel.service.utils.ConcurrentServiceReferenceSetMap@5840ce1a
      contributorMap = class com.ibm.wsspi.kernel.service.utils.ConcurrentServiceReferenceSetMap@b50cf1e
      helperCategoryMap = class com.ibm.wsspi.kernel.service.utils.ConcurrentServiceReferenceSetMap@75e3ba2f
      contributorCategoryMap = class com.ibm.wsspi.kernel.service.utils.ConcurrentServiceReferenceSetMap@3928aae8
      categories = class java.util.Collections$SynchronizedSet@674693c9
      baseProperties = class org.apache.felix.scr.impl.helper.ReadOnlyDictionary@6a639800
      registration = class com.ibm.ws.kernel.service.util.ServiceRegistrationModifier@23975a1
      serialVersionUID = 6566424214406946230
      $$$tc$$$ = class com.ibm.websphere.ras.TraceComponent@5cf4b7c0
    moduleFactory = class com.ibm.ws.adaptable.module.internal.AdaptableModuleFactoryImpl@2e0db882
      adapterFactoryService = class com.ibm.ws.adaptable.module.internal.AdapterFactoryServiceImpl@114c415c
      containerFactory = class com.ibm.ws.artifact.internal.ArtifactContainerFactoryService@2016cc33
      overlayContainerFactory = class com.ibm.ws.artifact.overlay.internal.OverlayContainerFactoryImpl@1419d7fe
      serialVersionUID = 4200251809856292987
      $$$tc$$$ = class com.ibm.websphere.ras.TraceComponent@1e82a7d6
    serialVersionUID = 8537801607979767986
    $$$tc$$$ = class com.ibm.websphere.ras.TraceComponent@b8fd244
      strings[0] = "TraceComponent[com.ibm.ws.app.manager.module.internal.DeployedAppServicesImpl,class com.ibm.ws.app.manager.module.internal.DeployedAppServicesImpl,[applications, app.manager],null,null]"
  futureMonitor = class com.ibm.ws.threading.internal.FutureMonitorImpl@2e15fc55
    _monitor = class java.util.concurrent.ConcurrentLinkedQueue@64d6a1e2
      serialVersionUID = "/* Could not access serialVersionUID */"
      head = "/* Could not access head */"
      tail = "/* Could not access tail */"
      MAX_HOPS = "/* Could not access MAX_HOPS */"
      HEAD = "/* Could not access HEAD */"
      TAIL = "/* Could not access TAIL */"
      ITEM = "/* Could not access ITEM */"
      NEXT = "/* Could not access NEXT */"
    _executor = class com.ibm.ws.threading.internal.DeferrableScheduledExecutorImpl@3fb1499f
      PERIOD_MILLISECONDS = 15000
      executor = class com.ibm.ws.threading.internal.ScheduledExecutorImpl@572d65fe
      serialVersionUID = 4761900424000004220
      $$$tc$$$ = class com.ibm.websphere.ras.TraceComponent@4fc7c7f9
    _threadRunning = class java.util.concurrent.atomic.AtomicBoolean@6a37228a
      serialVersionUID = "/* Could not access serialVersionUID */"
      VALUE = "/* Could not access VALUE */"
      value = "/* Could not access value */"
    _thread = class com.ibm.ws.threading.internal.FutureMonitorImpl$1@8e90f3c
      this$0 = class com.ibm.ws.threading.internal.FutureMonitorImpl@2e15fc55
      serialVersionUID = 2422512430832938099
      $$$tc$$$ = class com.ibm.websphere.ras.TraceComponent@21cae9c2
    serialVersionUID = 2765238413969174390
    $$$tc$$$ = class com.ibm.websphere.ras.TraceComponent@1aa6dcf2
      strings[0] = "TraceComponent[com.ibm.ws.threading.internal.FutureMonitorImpl,class com.ibm.ws.threading.internal.FutureMonitorImpl,[Threading],com.ibm.ws.threading.internal.resources.ThreadingMessages,null]"
  appInfoFactory = class com.ibm.ws.container.service.app.deploy.internal.ApplicationInfoFactoryImpl@39f936b8
    j2eeNameFactory = class com.ibm.wsspi.kernel.service.utils.AtomicServiceReference@3985db41
      referenceName = "j2eeNameFactory"
      tuple = class java.util.concurrent.atomic.AtomicReference@3d0b389f
      serialVersionUID = 2226592364007985000
      $$$tc$$$ = class com.ibm.websphere.ras.TraceComponent@7edfb40
    names = class java.util.HashSet@1be19031
      serialVersionUID = "/* Could not access serialVersionUID */"
      map = "/* Could not access map */"
      PRESENT = "/* Could not access PRESENT */"
    serialVersionUID = 6232436640731165768
    $$$tc$$$ = class com.ibm.websphere.ras.TraceComponent@47c1dc3e
      strings[0] = "TraceComponent[com.ibm.ws.container.service.app.deploy.internal.ApplicationInfoFactoryImpl,class com.ibm.ws.container.service.app.deploy.internal.ApplicationInfoFactoryImpl,[container.service],com.ibm.ws.container.service.resources.Messages,null]"
  metaDataService = class com.ibm.ws.container.service.metadata.internal.MetaDataServiceImpl@3fb3a9aa
    applicationMetaDataManager = class com.ibm.ws.container.service.metadata.internal.ApplicationMetaDataManager@31f84888
      serialVersionUID = 1843747281024490904
      $$$tc$$$ = class com.ibm.websphere.ras.TraceComponent@62839a82
      listeners = class com.ibm.wsspi.kernel.service.utils.ConcurrentServiceReferenceSet@559a1f8d
      metaDataIDs = class com.ibm.ws.container.service.metadata.internal.IndexList@654819d
      metaDatas = class java.util.ArrayList@12983756
      slotIDs = class com.ibm.ws.container.service.metadata.internal.IndexList@73fab00a
      serialVersionUID = 5464421863354792977
      $$$tc$$$ = class com.ibm.websphere.ras.TraceComponent@18e609b3
    moduleMetaDataManager = class com.ibm.ws.container.service.metadata.internal.ModuleMetaDataManager@3eaa69ec
      serialVersionUID = 2513574389899327209
      $$$tc$$$ = class com.ibm.websphere.ras.TraceComponent@6eb720c3
      listeners = class com.ibm.wsspi.kernel.service.utils.ConcurrentServiceReferenceSet@5eb02e83
      metaDataIDs = class com.ibm.ws.container.service.metadata.internal.IndexList@3c436df3
      metaDatas = class java.util.ArrayList@c45188
      slotIDs = class com.ibm.ws.container.service.metadata.internal.IndexList@17ba4213
      serialVersionUID = 5464421863354792977
      $$$tc$$$ = class com.ibm.websphere.ras.TraceComponent@18e609b3
    componentMetaDataManager = class com.ibm.ws.container.service.metadata.internal.ComponentMetaDataManager@27353053
      serialVersionUID = 8629793739641703882
      $$$tc$$$ = class com.ibm.websphere.ras.TraceComponent@5e0dd242
      listeners = class com.ibm.wsspi.kernel.service.utils.ConcurrentServiceReferenceSet@4ca4ee2a
      metaDataIDs = class com.ibm.ws.container.service.metadata.internal.IndexList@55815790
      metaDatas = class java.util.ArrayList@69b6ab25
      slotIDs = class com.ibm.ws.container.service.metadata.internal.IndexList@188188de
      serialVersionUID = 5464421863354792977
      $$$tc$$$ = class com.ibm.websphere.ras.TraceComponent@18e609b3
    methodMetaDataManager = class com.ibm.ws.container.service.metadata.internal.MethodMetaDataManager@7c2fae60
      serialVersionUID = -8002489041502300640
      $$$tc$$$ = class com.ibm.websphere.ras.TraceComponent@50f23eb9
      listeners = class com.ibm.wsspi.kernel.service.utils.ConcurrentServiceReferenceSet@4dc0362f
      metaDataIDs = class com.ibm.ws.container.service.metadata.internal.IndexList@8af5f5e
      metaDatas = class java.util.ArrayList@4d59d720
      slotIDs = class com.ibm.ws.container.service.metadata.internal.IndexList@715d1c22
      serialVersionUID = 5464421863354792977
      $$$tc$$$ = class com.ibm.websphere.ras.TraceComponent@18e609b3
    appModuleNameToModuleContainer = class java.util.concurrent.ConcurrentHashMap@10a4ef3e
      serialVersionUID = "/* Could not access serialVersionUID */"
      MAXIMUM_CAPACITY = "/* Could not access MAXIMUM_CAPACITY */"
      DEFAULT_CAPACITY = "/* Could not access DEFAULT_CAPACITY */"
      MAX_ARRAY_SIZE = "/* Could not access MAX_ARRAY_SIZE */"
      DEFAULT_CONCURRENCY_LEVEL = "/* Could not access DEFAULT_CONCURRENCY_LEVEL */"
      LOAD_FACTOR = "/* Could not access LOAD_FACTOR */"
      TREEIFY_THRESHOLD = "/* Could not access TREEIFY_THRESHOLD */"
      UNTREEIFY_THRESHOLD = "/* Could not access UNTREEIFY_THRESHOLD */"
      MIN_TREEIFY_CAPACITY = "/* Could not access MIN_TREEIFY_CAPACITY */"
      MIN_TRANSFER_STRIDE = "/* Could not access MIN_TRANSFER_STRIDE */"
      RESIZE_STAMP_BITS = "/* Could not access RESIZE_STAMP_BITS */"
      MAX_RESIZERS = "/* Could not access MAX_RESIZERS */"
      RESIZE_STAMP_SHIFT = "/* Could not access RESIZE_STAMP_SHIFT */"
      MOVED = "/* Could not access MOVED */"
      TREEBIN = "/* Could not access TREEBIN */"
      RESERVED = "/* Could not access RESERVED */"
      HASH_BITS = "/* Could not access HASH_BITS */"
      NCPU = "/* Could not access NCPU */"
      serialPersistentFields = "/* Could not access serialPersistentFields */"
      table = "/* Could not access table */"
      nextTable = "/* Could not access nextTable */"
      baseCount = "/* Could not access baseCount */"
      sizeCtl = "/* Could not access sizeCtl */"
      transferIndex = "/* Could not access transferIndex */"
      cellsBusy = "/* Could not access cellsBusy */"
      counterCells = "/* Could not access counterCells */"
      keySet = "/* Could not access keySet */"
      values = "/* Could not access values */"
      entrySet = "/* Could not access entrySet */"
      U = "/* Could not access U */"
      SIZECTL = "/* Could not access SIZECTL */"
      TRANSFERINDEX = "/* Could not access TRANSFERINDEX */"
      BASECOUNT = "/* Could not access BASECOUNT */"
      CELLSBUSY = "/* Could not access CELLSBUSY */"
      CELLVALUE = "/* Could not access CELLVALUE */"
      ABASE = "/* Could not access ABASE */"
      ASHIFT = "/* Could not access ASHIFT */"
      keySet = "/* Could not access keySet */"
      values = "/* Could not access values */"
    jeeNameToComponentMetaData = class java.util.concurrent.ConcurrentHashMap@7dac01cf
      serialVersionUID = "/* Could not access serialVersionUID */"
      MAXIMUM_CAPACITY = "/* Could not access MAXIMUM_CAPACITY */"
      DEFAULT_CAPACITY = "/* Could not access DEFAULT_CAPACITY */"
      MAX_ARRAY_SIZE = "/* Could not access MAX_ARRAY_SIZE */"
      DEFAULT_CONCURRENCY_LEVEL = "/* Could not access DEFAULT_CONCURRENCY_LEVEL */"
      LOAD_FACTOR = "/* Could not access LOAD_FACTOR */"
      TREEIFY_THRESHOLD = "/* Could not access TREEIFY_THRESHOLD */"
      UNTREEIFY_THRESHOLD = "/* Could not access UNTREEIFY_THRESHOLD */"
      MIN_TREEIFY_CAPACITY = "/* Could not access MIN_TREEIFY_CAPACITY */"
      MIN_TRANSFER_STRIDE = "/* Could not access MIN_TRANSFER_STRIDE */"
      RESIZE_STAMP_BITS = "/* Could not access RESIZE_STAMP_BITS */"
      MAX_RESIZERS = "/* Could not access MAX_RESIZERS */"
      RESIZE_STAMP_SHIFT = "/* Could not access RESIZE_STAMP_SHIFT */"
      MOVED = "/* Could not access MOVED */"
      TREEBIN = "/* Could not access TREEBIN */"
      RESERVED = "/* Could not access RESERVED */"
      HASH_BITS = "/* Could not access HASH_BITS */"
      NCPU = "/* Could not access NCPU */"
      serialPersistentFields = "/* Could not access serialPersistentFields */"
      table = "/* Could not access table */"
      nextTable = "/* Could not access nextTable */"
      baseCount = "/* Could not access baseCount */"
      sizeCtl = "/* Could not access sizeCtl */"
      transferIndex = "/* Could not access transferIndex */"
      cellsBusy = "/* Could not access cellsBusy */"
      counterCells = "/* Could not access counterCells */"
      keySet = "/* Could not access keySet */"
      values = "/* Could not access values */"
      entrySet = "/* Could not access entrySet */"
      U = "/* Could not access U */"
      SIZECTL = "/* Could not access SIZECTL */"
      TRANSFERINDEX = "/* Could not access TRANSFERINDEX */"
      BASECOUNT = "/* Could not access BASECOUNT */"
      CELLSBUSY = "/* Could not access CELLSBUSY */"
      CELLVALUE = "/* Could not access CELLVALUE */"
      ABASE = "/* Could not access ABASE */"
      ASHIFT = "/* Could not access ASHIFT */"
      keySet = "/* Could not access keySet */"
      values = "/* Could not access values */"
    deferredMetaDataFactories = class com.ibm.wsspi.kernel.service.utils.ConcurrentServiceReferenceSet@73950181
      referenceName = "deferredMetaDataFactory"
      contextRef = class java.util.concurrent.atomic.AtomicReference@6c5b2139
      elementMap = class java.util.LinkedHashMap@481ff007
      elementSet = class java.util.concurrent.ConcurrentSkipListSet@79c4191f
      elementSetUnsorted = false
      serialVersionUID = 756240983881166148
      $$$tc$$$ = class com.ibm.websphere.ras.TraceComponent@538ea2c6
    deferredMetaDataInitializers = class com.ibm.wsspi.kernel.service.utils.ConcurrentServiceReferenceMap@7248fd3d
      referenceName = "deferredMetaDataFactory"
      context = class org.apache.felix.scr.impl.manager.ComponentContextImpl@70ee6d47
      elementMap = class java.util.concurrent.ConcurrentHashMap@64bdccfc
      serialVersionUID = 6980924785166233786
      $$$tc$$$ = class com.ibm.websphere.ras.TraceComponent@4b6c2e17
    serialVersionUID = -2494605732980966097
    $$$tc$$$ = class com.ibm.websphere.ras.TraceComponent@4ee68f32
      strings[0] = "TraceComponent[com.ibm.ws.container.service.metadata.internal.MetaDataServiceImpl,class com.ibm.ws.container.service.metadata.internal.MetaDataServiceImpl,[Runtime],null,null]"
  stateChangeService = class com.ibm.ws.container.service.state.internal.StateChangeServiceImpl@46d6e79
    applicationStateManager = class com.ibm.ws.container.service.state.internal.ApplicationStateManager@57f5f58b
      serialVersionUID = -6685368059484454124
      $$$tc$$$ = class com.ibm.websphere.ras.TraceComponent@7f186387
      listeners = class com.ibm.wsspi.kernel.service.utils.ConcurrentServiceReferenceSet@c295c78
      serialVersionUID = 2284273176985484160
      $$$tc$$$ = class com.ibm.websphere.ras.TraceComponent@2d561fc9
    moduleStateManager = class com.ibm.ws.container.service.state.internal.ModuleStateManager@2f899a59
      serialVersionUID = -5540260902341249963
      $$$tc$$$ = class com.ibm.websphere.ras.TraceComponent@4c82d10b
      listeners = class com.ibm.wsspi.kernel.service.utils.ConcurrentServiceReferenceSet@239e584
      serialVersionUID = 2284273176985484160
      $$$tc$$$ = class com.ibm.websphere.ras.TraceComponent@2d561fc9
    serialVersionUID = -537917915330350560
    $$$tc$$$ = class com.ibm.websphere.ras.TraceComponent@62bbc75a
      strings[0] = "TraceComponent[com.ibm.ws.container.service.state.internal.StateChangeServiceImpl,class com.ibm.ws.container.service.state.internal.StateChangeServiceImpl,[Runtime],null,null]"
  moduleClassesInfo = class com.ibm.ws.app.manager.module.internal.SimpleDeployedAppInfoBase$ModuleClassesInfoProvider@414ca5a
    entryContainerInfosMap = class java.util.HashMap@74376834
      serialVersionUID = "/* Could not access serialVersionUID */"
      DEFAULT_INITIAL_CAPACITY = "/* Could not access DEFAULT_INITIAL_CAPACITY */"
      MAXIMUM_CAPACITY = "/* Could not access MAXIMUM_CAPACITY */"
      DEFAULT_LOAD_FACTOR = "/* Could not access DEFAULT_LOAD_FACTOR */"
      TREEIFY_THRESHOLD = "/* Could not access TREEIFY_THRESHOLD */"
      UNTREEIFY_THRESHOLD = "/* Could not access UNTREEIFY_THRESHOLD */"
      MIN_TREEIFY_CAPACITY = "/* Could not access MIN_TREEIFY_CAPACITY */"
      table = "/* Could not access table */"
      entrySet = "/* Could not access entrySet */"
      size = "/* Could not access size */"
      modCount = "/* Could not access modCount */"
      threshold = "/* Could not access threshold */"
      loadFactor = "/* Could not access loadFactor */"
      keySet = "/* Could not access keySet */"
      values = "/* Could not access values */"
    serialVersionUID = -70332790531324534
    $$$tc$$$ = class com.ibm.websphere.ras.TraceComponent@4a682f4f
      strings[0] = "TraceComponent[com.ibm.ws.app.manager.module.internal.SimpleDeployedAppInfoBase$ModuleClassesInfoProvider,class com.ibm.ws.app.manager.module.internal.SimpleDeployedAppInfoBase$ModuleClassesInfoProvider,[applications, app.manager],null,null]"
  moduleContainerInfos = class java.util.ArrayList@74a86096
    serialVersionUID = "/* Could not access serialVersionUID */"
    DEFAULT_CAPACITY = "/* Could not access DEFAULT_CAPACITY */"
    EMPTY_ELEMENTDATA = "/* Could not access EMPTY_ELEMENTDATA */"
    DEFAULTCAPACITY_EMPTY_ELEMENTDATA = "/* Could not access DEFAULTCAPACITY_EMPTY_ELEMENTDATA */"
    elementData = "/* Could not access elementData */"
    size = "/* Could not access size */"
    modCount = "/* Could not access modCount */"
  activeModuleHandlers = class java.util.IdentityHashMap@56746950
    DEFAULT_CAPACITY = "/* Could not access DEFAULT_CAPACITY */"
    MINIMUM_CAPACITY = "/* Could not access MINIMUM_CAPACITY */"
    MAXIMUM_CAPACITY = "/* Could not access MAXIMUM_CAPACITY */"
    table = "/* Could not access table */"
    size = "/* Could not access size */"
    modCount = "/* Could not access modCount */"
    NULL_KEY = "/* Could not access NULL_KEY */"
    entrySet = "/* Could not access entrySet */"
    serialVersionUID = "/* Could not access serialVersionUID */"
    keySet = "/* Could not access keySet */"
    values = "/* Could not access values */"
  serialVersionUID = -2685719801501752993
  $$$tc$$$ = class com.ibm.websphere.ras.TraceComponent@d36fcf3
    strings[0] = "TraceComponent[com.ibm.ws.app.manager.module.internal.SimpleDeployedAppInfoBase,class com.ibm.ws.app.manager.module.internal.SimpleDeployedAppInfoBase,[applications, app.manager],null,null]"

Dump of objectArray[0]
Object type = com.ibm.ws.threading.internal.NonCancelableResultFuture
  _done = false
  _result = null
  _failure = null
  _listeners = class java.util.concurrent.ConcurrentLinkedQueue@48f772a0
    serialVersionUID = "/* Could not access serialVersionUID */"
    head = "/* Could not access head */"
    tail = "/* Could not access tail */"
    MAX_HOPS = "/* Could not access MAX_HOPS */"
    HEAD = "/* Could not access HEAD */"
    TAIL = "/* Could not access TAIL */"
    ITEM = "/* Could not access ITEM */"
    NEXT = "/* Could not access NEXT */"
  _notifiedListeners = class java.util.concurrent.atomic.AtomicBoolean@77e54578
    serialVersionUID = "/* Could not access serialVersionUID */"
    VALUE = "/* Could not access VALUE */"
    value = "/* Could not access value */"
  serialVersionUID = -296387658814354272
  $$$tc$$$ = class com.ibm.websphere.ras.TraceComponent@2e387380
    strings[0] = "TraceComponent[com.ibm.ws.threading.internal.NonCancelableResultFuture,class com.ibm.ws.threading.internal.NonCancelableResultFuture,[Threading],com.ibm.ws.threading.internal.resources.ThreadingMessages,null]"

