------Start of DE processing------ = [09/03/2024 13:08:42:617 WEST]
Exception = com.ibm.wsspi.injectionengine.InjectionException
Source = com.ibm.ws.cdi.impl.weld.injection.WebSphereInjectionServicesImpl
probeid = 201
Stack Dump = com.ibm.wsspi.injectionengine.InjectionException: The java:comp/env/gestionnotes reference of type jakarta.persistence.EntityManager for the null component in the g-note.war module of the g-note application cannot be resolved.
	at com.ibm.wsspi.injectionengine.InjectionBinding.getInjectionObject(InjectionBinding.java:1497)
	at com.ibm.wsspi.injectionengine.InjectionBinding.getInjectableObject(InjectionBinding.java:1376)
	at com.ibm.wsspi.injectionengine.InjectionTarget.inject(InjectionTarget.java:106)
	at com.ibm.ws.cdi.impl.weld.injection.WebSphereInjectionServicesImpl.inject(WebSphereInjectionServicesImpl.java:200)
	at com.ibm.ws.cdi.impl.weld.injection.WebSphereInjectionServicesImpl.inject(WebSphereInjectionServicesImpl.java:152)
	at com.ibm.ws.cdi.impl.weld.injection.WebSphereInjectionServicesImpl.access$000(WebSphereInjectionServicesImpl.java:76)
	at com.ibm.ws.cdi.impl.weld.injection.WebSphereInjectionServicesImpl$1.run(WebSphereInjectionServicesImpl.java:136)
	at com.ibm.ws.cdi.impl.weld.injection.WebSphereInjectionServicesImpl$1.run(WebSphereInjectionServicesImpl.java:132)
	at java.base/java.security.AccessController.doPrivileged(AccessController.java:571)
	at com.ibm.ws.cdi.impl.weld.injection.WebSphereInjectionServicesImpl.callInject(WebSphereInjectionServicesImpl.java:132)
	at com.ibm.ws.cdi.impl.weld.injection.WebSphereInjectionServicesImpl.injectJavaEEResources(WebSphereInjectionServicesImpl.java:114)
	at com.ibm.ws.cdi.impl.weld.injection.WebSphereInjectionServicesImpl.aroundInject(WebSphereInjectionServicesImpl.java:319)
	at org.jboss.weld.injection.InjectionContextImpl.run(InjectionContextImpl.java:46)
	at org.jboss.weld.injection.producer.ResourceInjector.inject(ResourceInjector.java:71)
	at org.jboss.weld.injection.producer.BasicInjectionTarget.inject(BasicInjectionTarget.java:117)
	at org.jboss.weld.bean.ManagedBean.create(ManagedBean.java:161)
	at org.jboss.weld.contexts.AbstractContext.get(AbstractContext.java:96)
	at org.jboss.weld.bean.ContextualInstanceStrategy$DefaultContextualInstanceStrategy.get(ContextualInstanceStrategy.java:100)
	at org.jboss.weld.bean.ContextualInstanceStrategy$CachingContextualInstanceStrategy.get(ContextualInstanceStrategy.java:177)
	at org.jboss.weld.bean.ContextualInstance.get(ContextualInstance.java:50)
	at org.jboss.weld.bean.proxy.ContextBeanInstance.getInstance(ContextBeanInstance.java:102)
	at org.jboss.weld.bean.proxy.ProxyMethodHandler.getInstance(ProxyMethodHandler.java:131)
	at estm.dsic.jee.rest.dao.UserDao$Proxy$_$$_WeldClientProxy.auth(Unknown Source)
	at estm.dsic.jee.rest.buisness.services.UserServices.authentification(UserServices.java:20)
	at estm.dsic.jee.rest.buisness.services.UserServices$Proxy$_$$_WeldClientProxy.authentification(Unknown Source)
	at estm.dsic.jee.rest.controllers.UserController.auth(UserController.java:29)
	at java.base/jdk.internal.reflect.DirectMethodHandleAccessor.invoke(DirectMethodHandleAccessor.java:103)
	at java.base/java.lang.reflect.Method.invoke(Method.java:580)
	at org.jboss.resteasy.core.MethodInjectorImpl.invoke(MethodInjectorImpl.java:170)
	at org.jboss.resteasy.core.MethodInjectorImpl.invoke(MethodInjectorImpl.java:130)
	at org.jboss.resteasy.core.ResourceMethodInvoker.internalInvokeOnTarget(ResourceMethodInvoker.java:660)
	at org.jboss.resteasy.core.ResourceMethodInvoker.invokeOnTargetAfterFilter(ResourceMethodInvoker.java:524)
	at org.jboss.resteasy.core.ResourceMethodInvoker.lambda$invokeOnTarget$2(ResourceMethodInvoker.java:474)
	at org.jboss.resteasy.core.interception.jaxrs.PreMatchContainerRequestContext.filter(PreMatchContainerRequestContext.java:434)
	at org.jboss.resteasy.core.ResourceMethodInvoker.invokeOnTarget(ResourceMethodInvoker.java:476)
	at org.jboss.resteasy.core.ResourceMethodInvoker.invoke(ResourceMethodInvoker.java:434)
	at org.jboss.resteasy.core.ResourceMethodInvoker.invoke(ResourceMethodInvoker.java:408)
	at org.jboss.resteasy.core.ResourceMethodInvoker.invoke(ResourceMethodInvoker.java:69)
	at org.jboss.resteasy.core.SynchronousDispatcher.invoke(SynchronousDispatcher.java:492)
	at org.jboss.resteasy.core.SynchronousDispatcher.lambda$invoke$4(SynchronousDispatcher.java:261)
	at org.jboss.resteasy.core.SynchronousDispatcher.lambda$preprocess$0(SynchronousDispatcher.java:161)
	at org.jboss.resteasy.core.interception.jaxrs.PreMatchContainerRequestContext.filter(PreMatchContainerRequestContext.java:434)
	at org.jboss.resteasy.core.SynchronousDispatcher.preprocess(SynchronousDispatcher.java:164)
	at org.jboss.resteasy.core.SynchronousDispatcher.invoke(SynchronousDispatcher.java:247)
	at org.jboss.resteasy.plugins.server.servlet.ServletContainerDispatcher.service(ServletContainerDispatcher.java:255)
	at org.jboss.resteasy.plugins.server.servlet.HttpServletDispatcher.service(HttpServletDispatcher.java:60)
	at org.jboss.resteasy.plugins.server.servlet.HttpServletDispatcher.service(HttpServletDispatcher.java:55)
	at jakarta.servlet.http.HttpServlet.service(HttpServlet.java:614)
	at com.ibm.ws.webcontainer.servlet.ServletWrapper.service(ServletWrapper.java:1260)
	at com.ibm.ws.webcontainer.servlet.ServletWrapper.handleRequest(ServletWrapper.java:748)
	at com.ibm.ws.webcontainer.servlet.ServletWrapper.handleRequest(ServletWrapper.java:445)
	at com.ibm.ws.webcontainer.filter.WebAppFilterChain.invokeTarget(WebAppFilterChain.java:197)
	at com.ibm.ws.webcontainer.filter.WebAppFilterChain.doFilter(WebAppFilterChain.java:100)
	at com.ibm.ws.security.jaspi.JaspiServletFilter.doFilter(JaspiServletFilter.java:58)
	at com.ibm.ws.webcontainer.filter.FilterInstanceWrapper.doFilter(FilterInstanceWrapper.java:203)
	at com.ibm.ws.webcontainer.filter.WebAppFilterChain.doFilter(WebAppFilterChain.java:93)
	at com.ibm.ws.webcontainer.filter.WebAppFilterManager.doFilter(WebAppFilterManager.java:1068)
	at com.ibm.ws.webcontainer.filter.WebAppFilterManager.invokeFilters(WebAppFilterManager.java:1259)
	at com.ibm.ws.webcontainer.webapp.WebApp.handleRequest(WebApp.java:5076)
	at com.ibm.ws.webcontainer.osgi.DynamicVirtualHost$2.handleRequest(DynamicVirtualHost.java:328)
	at com.ibm.ws.webcontainer.WebContainer.handleRequest(WebContainer.java:1038)
	at com.ibm.ws.webcontainer.osgi.DynamicVirtualHost$2.run(DynamicVirtualHost.java:293)
	at com.ibm.ws.http.dispatcher.internal.channel.HttpDispatcherLink$TaskWrapper.run(HttpDispatcherLink.java:1260)
	at com.ibm.ws.http.dispatcher.internal.channel.HttpDispatcherLink.wrapHandlerAndExecute(HttpDispatcherLink.java:476)
	at com.ibm.ws.http.dispatcher.internal.channel.HttpDispatcherLink.ready(HttpDispatcherLink.java:435)
	at com.ibm.ws.http.channel.internal.inbound.HttpInboundLink.handleDiscrimination(HttpInboundLink.java:569)
	at com.ibm.ws.http.channel.internal.inbound.HttpInboundLink.handleNewRequest(HttpInboundLink.java:503)
	at com.ibm.ws.http.channel.internal.inbound.HttpInboundLink.processRequest(HttpInboundLink.java:363)
	at com.ibm.ws.http.channel.internal.inbound.HttpInboundLink.ready(HttpInboundLink.java:330)
	at com.ibm.ws.tcpchannel.internal.NewConnectionInitialReadCallback.sendToDiscriminators(NewConnectionInitialReadCallback.java:169)
	at com.ibm.ws.tcpchannel.internal.NewConnectionInitialReadCallback.complete(NewConnectionInitialReadCallback.java:77)
	at com.ibm.ws.tcpchannel.internal.WorkQueueManager.requestComplete(WorkQueueManager.java:516)
	at com.ibm.ws.tcpchannel.internal.WorkQueueManager.attemptIO(WorkQueueManager.java:586)
	at com.ibm.ws.tcpchannel.internal.WorkQueueManager.workerRun(WorkQueueManager.java:970)
	at com.ibm.ws.tcpchannel.internal.WorkQueueManager$Worker.run(WorkQueueManager.java:1059)
	at com.ibm.ws.threading.internal.ExecutorServiceImpl$RunnableWrapper.run(ExecutorServiceImpl.java:280)
	at java.base/java.util.concurrent.ThreadPoolExecutor.runWorker(ThreadPoolExecutor.java:1144)
	at java.base/java.util.concurrent.ThreadPoolExecutor$Worker.run(ThreadPoolExecutor.java:642)
	at java.base/java.lang.Thread.run(Thread.java:1583)

Dump of callerThis
Object type = com.ibm.ws.cdi.impl.weld.injection.WebSphereInjectionServicesImpl
  tc = class com.ibm.websphere.ras.TraceComponent@36459c1c
    strings[0] = "TraceComponent[com.ibm.ws.cdi.impl.weld.injection.WebSphereInjectionServicesImpl,class com.ibm.ws.cdi.impl.weld.injection.WebSphereInjectionServicesImpl,[JCDI],com.ibm.ws.cdi.internal.resources.CDI,null]"
  ANNOTATIONS_KNOWN_TO_WELD = class java.util.HashSet@521678f
    serialVersionUID = "/* Could not access serialVersionUID */"
    map = "/* Could not access map */"
    PRESENT = "/* Could not access PRESENT */"
  referenceContextMap = class java.util.concurrent.ConcurrentHashMap@5d510488
    serialVersionUID = "/* Could not access serialVersionUID */"
    MAXIMUM_CAPACITY = "/* Could not access MAXIMUM_CAPACITY */"
    DEFAULT_CAPACITY = "/* Could not access DEFAULT_CAPACITY */"
    MAX_ARRAY_SIZE = "/* Could not access MAX_ARRAY_SIZE */"
    DEFAULT_CONCURRENCY_LEVEL = "/* Could not access DEFAULT_CONCURRENCY_LEVEL */"
    LOAD_FACTOR = "/* Could not access LOAD_FACTOR */"
    TREEIFY_THRESHOLD = "/* Could not access TREEIFY_THRESHOLD */"
    UNTREEIFY_THRESHOLD = "/* Could not access UNTREEIFY_THRESHOLD */"
    MIN_TREEIFY_CAPACITY = "/* Could not access MIN_TREEIFY_CAPACITY */"
    MIN_TRANSFER_STRIDE = "/* Could not access MIN_TRANSFER_STRIDE */"
    RESIZE_STAMP_BITS = "/* Could not access RESIZE_STAMP_BITS */"
    MAX_RESIZERS = "/* Could not access MAX_RESIZERS */"
    RESIZE_STAMP_SHIFT = "/* Could not access RESIZE_STAMP_SHIFT */"
    MOVED = "/* Could not access MOVED */"
    TREEBIN = "/* Could not access TREEBIN */"
    RESERVED = "/* Could not access RESERVED */"
    HASH_BITS = "/* Could not access HASH_BITS */"
    NCPU = "/* Could not access NCPU */"
    serialPersistentFields = "/* Could not access serialPersistentFields */"
    table = "/* Could not access table */"
    nextTable = "/* Could not access nextTable */"
    baseCount = "/* Could not access baseCount */"
    sizeCtl = "/* Could not access sizeCtl */"
    transferIndex = "/* Could not access transferIndex */"
    cellsBusy = "/* Could not access cellsBusy */"
    counterCells = "/* Could not access counterCells */"
    keySet = "/* Could not access keySet */"
    values = "/* Could not access values */"
    entrySet = "/* Could not access entrySet */"
    U = "/* Could not access U */"
    SIZECTL = "/* Could not access SIZECTL */"
    TRANSFERINDEX = "/* Could not access TRANSFERINDEX */"
    BASECOUNT = "/* Could not access BASECOUNT */"
    CELLSBUSY = "/* Could not access CELLSBUSY */"
    CELLVALUE = "/* Could not access CELLVALUE */"
    ABASE = "/* Could not access ABASE */"
    ASHIFT = "/* Could not access ASHIFT */"
    keySet = "/* Could not access keySet */"
    values = "/* Could not access values */"
  referenceContexts = class java.util.Collections$SetFromMap@28683476
    m = "/* Could not access m */"
    s = "/* Could not access s */"
    serialVersionUID = "/* Could not access serialVersionUID */"
  injectionTargetListeners = class java.util.concurrent.ConcurrentHashMap@79b29957
    serialVersionUID = "/* Could not access serialVersionUID */"
    MAXIMUM_CAPACITY = "/* Could not access MAXIMUM_CAPACITY */"
    DEFAULT_CAPACITY = "/* Could not access DEFAULT_CAPACITY */"
    MAX_ARRAY_SIZE = "/* Could not access MAX_ARRAY_SIZE */"
    DEFAULT_CONCURRENCY_LEVEL = "/* Could not access DEFAULT_CONCURRENCY_LEVEL */"
    LOAD_FACTOR = "/* Could not access LOAD_FACTOR */"
    TREEIFY_THRESHOLD = "/* Could not access TREEIFY_THRESHOLD */"
    UNTREEIFY_THRESHOLD = "/* Could not access UNTREEIFY_THRESHOLD */"
    MIN_TREEIFY_CAPACITY = "/* Could not access MIN_TREEIFY_CAPACITY */"
    MIN_TRANSFER_STRIDE = "/* Could not access MIN_TRANSFER_STRIDE */"
    RESIZE_STAMP_BITS = "/* Could not access RESIZE_STAMP_BITS */"
    MAX_RESIZERS = "/* Could not access MAX_RESIZERS */"
    RESIZE_STAMP_SHIFT = "/* Could not access RESIZE_STAMP_SHIFT */"
    MOVED = "/* Could not access MOVED */"
    TREEBIN = "/* Could not access TREEBIN */"
    RESERVED = "/* Could not access RESERVED */"
    HASH_BITS = "/* Could not access HASH_BITS */"
    NCPU = "/* Could not access NCPU */"
    serialPersistentFields = "/* Could not access serialPersistentFields */"
    table = "/* Could not access table */"
    nextTable = "/* Could not access nextTable */"
    baseCount = "/* Could not access baseCount */"
    sizeCtl = "/* Could not access sizeCtl */"
    transferIndex = "/* Could not access transferIndex */"
    cellsBusy = "/* Could not access cellsBusy */"
    counterCells = "/* Could not access counterCells */"
    keySet = "/* Could not access keySet */"
    values = "/* Could not access values */"
    entrySet = "/* Could not access entrySet */"
    U = "/* Could not access U */"
    SIZECTL = "/* Could not access SIZECTL */"
    TRANSFERINDEX = "/* Could not access TRANSFERINDEX */"
    BASECOUNT = "/* Could not access BASECOUNT */"
    CELLSBUSY = "/* Could not access CELLSBUSY */"
    CELLVALUE = "/* Could not access CELLVALUE */"
    ABASE = "/* Could not access ABASE */"
    ASHIFT = "/* Could not access ASHIFT */"
    keySet = "/* Could not access keySet */"
    values = "/* Could not access values */"
  deployment = class com.ibm.ws.cdi.impl.weld.WebSphereCDIDeploymentImpl@772194f1
    tc = class com.ibm.websphere.ras.TraceComponent@73062245
      strings[0] = "TraceComponent[com.ibm.ws.cdi.impl.weld.WebSphereCDIDeploymentImpl,class com.ibm.ws.cdi.impl.weld.WebSphereCDIDeploymentImpl,[JCDI],com.ibm.ws.cdi.internal.resources.CDI,null]"
    id = "g-note"
    deploymentDBAs = class java.util.HashMap@2281bbd9
      serialVersionUID = "/* Could not access serialVersionUID */"
      DEFAULT_INITIAL_CAPACITY = "/* Could not access DEFAULT_INITIAL_CAPACITY */"
      MAXIMUM_CAPACITY = "/* Could not access MAXIMUM_CAPACITY */"
      DEFAULT_LOAD_FACTOR = "/* Could not access DEFAULT_LOAD_FACTOR */"
      TREEIFY_THRESHOLD = "/* Could not access TREEIFY_THRESHOLD */"
      UNTREEIFY_THRESHOLD = "/* Could not access UNTREEIFY_THRESHOLD */"
      MIN_TREEIFY_CAPACITY = "/* Could not access MIN_TREEIFY_CAPACITY */"
      table = "/* Could not access table */"
      entrySet = "/* Could not access entrySet */"
      size = "/* Could not access size */"
      modCount = "/* Could not access modCount */"
      threshold = "/* Could not access threshold */"
      loadFactor = "/* Could not access loadFactor */"
      keySet = "/* Could not access keySet */"
      values = "/* Could not access values */"
    applicationBDAs = class java.util.HashSet@4b23f07b
      serialVersionUID = "/* Could not access serialVersionUID */"
      map = "/* Could not access map */"
      PRESENT = "/* Could not access PRESENT */"
    extensionBDAs = class java.util.HashMap@26b6a069
      serialVersionUID = "/* Could not access serialVersionUID */"
      DEFAULT_INITIAL_CAPACITY = "/* Could not access DEFAULT_INITIAL_CAPACITY */"
      MAXIMUM_CAPACITY = "/* Could not access MAXIMUM_CAPACITY */"
      DEFAULT_LOAD_FACTOR = "/* Could not access DEFAULT_LOAD_FACTOR */"
      TREEIFY_THRESHOLD = "/* Could not access TREEIFY_THRESHOLD */"
      UNTREEIFY_THRESHOLD = "/* Could not access UNTREEIFY_THRESHOLD */"
      MIN_TREEIFY_CAPACITY = "/* Could not access MIN_TREEIFY_CAPACITY */"
      table = "/* Could not access table */"
      entrySet = "/* Could not access entrySet */"
      size = "/* Could not access size */"
      modCount = "/* Could not access modCount */"
      threshold = "/* Could not access threshold */"
      loadFactor = "/* Could not access loadFactor */"
      keySet = "/* Could not access keySet */"
      values = "/* Could not access values */"
    orderedBDAs = class java.util.ArrayList@5dcb2e52
      serialVersionUID = "/* Could not access serialVersionUID */"
      DEFAULT_CAPACITY = "/* Could not access DEFAULT_CAPACITY */"
      EMPTY_ELEMENTDATA = "/* Could not access EMPTY_ELEMENTDATA */"
      DEFAULTCAPACITY_EMPTY_ELEMENTDATA = "/* Could not access DEFAULTCAPACITY_EMPTY_ELEMENTDATA */"
      elementData = "/* Could not access elementData */"
      size = "/* Could not access size */"
      modCount = "/* Could not access modCount */"
    bootstrap = class org.jboss.weld.bootstrap.WeldBootstrap@72bb0941
      weldStartup = null
      weldRuntime = class org.jboss.weld.bootstrap.WeldRuntime@7239741a
      beansXmlValidator = null
    classloader = class com.ibm.ws.classloading.internal.AppClassLoader@320c8ff9
      tc = class com.ibm.websphere.ras.TraceComponent@2b96a523
      forbiddenClassNames = class java.util.Collections$UnmodifiableSet@6e4fcd37
      FORBIDDEN_PROPERTIES = "forbidden.properties"
      NOTHING_FORBIDDEN_PROPERTY = "io.openliberty.classloading.nothing.forbidden"
      disableSharedClassesCache = false
      PARENT_FIRST_SEARCH_ORDER = class java.util.Collections$UnmodifiableRandomAccessList@6d2f10da
      packagesDefined = class java.util.Collections$SetFromMap@68453607
      CLASS_LOADING_TRACE_PREFIX = "com.ibm.ws.class.load."
      DEFAULT_PACKAGE = "default.package"
      perPackageClassLoadingTraceComponents = class java.util.concurrent.ConcurrentHashMap@6f838c2d
      config = class com.ibm.ws.classloading.internal.ClassLoaderConfigurationImpl@7f35d29f
      privateLibraries = null
      delegateLoaders = class com.ibm.ws.classloading.internal.util.CompositeIterable@6a89a463
      nativeLibraryFiles = class java.util.ArrayList@2bbd423b
      transformers = class java.util.ArrayList@582c4185
      systemTransformers = class java.util.concurrent.CopyOnWriteArrayList@9dcc135
      apiAccess = class com.ibm.ws.classloading.internal.GatewayClassLoader@77f44fb9
      generator = class com.ibm.ws.classloading.internal.ClassGeneratorManager@2ed1d6d1
      protectionDomains = class java.util.concurrent.ConcurrentHashMap@6fbcf5aa
      hook = null
      serialVersionUID = 5906478461061001036
      checkpointPhase = class io.openliberty.checkpoint.spi.CheckpointPhase@3a9c0759
      tc = class com.ibm.websphere.ras.TraceComponent@2b45325
      smartClassPath = class com.ibm.ws.classloading.internal.ContainerClassLoader$SmartClassPathImpl@1adb2985
      nativeLibraryContainers = class java.util.ArrayList@12428ed1
      redefiner = class com.ibm.ws.classloading.internal.util.ClassRedefiner@72099e11
      jarProtocol = "wsjar:"
      mapCreationQueue = class java.util.concurrent.Executors$AutoShutdownDelegatedExecutorService@28f5f9c6
      serialVersionUID = 251246017270836472
      parent = class com.ibm.ws.classloading.internal.GatewayClassLoader@77f44fb9
      classNameLockStore = class com.ibm.ws.kernel.boot.utils.KeyBasedLockStore@6b216a5c
      serialVersionUID = -3020377578845918238
      $$$tc$$$ = class com.ibm.websphere.ras.TraceComponent@2ee19007
      pdcache = "/* Could not access pdcache */"
    extensionClassLoaders = class java.util.HashSet@264f8f45
      serialVersionUID = "/* Could not access serialVersionUID */"
      map = "/* Could not access map */"
      PRESENT = "/* Could not access PRESENT */"
    cdiEnabled = true
    cdiStatusMap = class java.util.HashMap@35e9d60d
      serialVersionUID = "/* Could not access serialVersionUID */"
      DEFAULT_INITIAL_CAPACITY = "/* Could not access DEFAULT_INITIAL_CAPACITY */"
      MAXIMUM_CAPACITY = "/* Could not access MAXIMUM_CAPACITY */"
      DEFAULT_LOAD_FACTOR = "/* Could not access DEFAULT_LOAD_FACTOR */"
      TREEIFY_THRESHOLD = "/* Could not access TREEIFY_THRESHOLD */"
      UNTREEIFY_THRESHOLD = "/* Could not access UNTREEIFY_THRESHOLD */"
      MIN_TREEIFY_CAPACITY = "/* Could not access MIN_TREEIFY_CAPACITY */"
      table = "/* Could not access table */"
      entrySet = "/* Could not access entrySet */"
      size = "/* Could not access size */"
      modCount = "/* Could not access modCount */"
      threshold = "/* Could not access threshold */"
      loadFactor = "/* Could not access loadFactor */"
      keySet = "/* Could not access keySet */"
      values = "/* Could not access values */"
    classBDAMap = class java.util.concurrent.ConcurrentHashMap@3154d75c
      serialVersionUID = "/* Could not access serialVersionUID */"
      MAXIMUM_CAPACITY = "/* Could not access MAXIMUM_CAPACITY */"
      DEFAULT_CAPACITY = "/* Could not access DEFAULT_CAPACITY */"
      MAX_ARRAY_SIZE = "/* Could not access MAX_ARRAY_SIZE */"
      DEFAULT_CONCURRENCY_LEVEL = "/* Could not access DEFAULT_CONCURRENCY_LEVEL */"
      LOAD_FACTOR = "/* Could not access LOAD_FACTOR */"
      TREEIFY_THRESHOLD = "/* Could not access TREEIFY_THRESHOLD */"
      UNTREEIFY_THRESHOLD = "/* Could not access UNTREEIFY_THRESHOLD */"
      MIN_TREEIFY_CAPACITY = "/* Could not access MIN_TREEIFY_CAPACITY */"
      MIN_TRANSFER_STRIDE = "/* Could not access MIN_TRANSFER_STRIDE */"
      RESIZE_STAMP_BITS = "/* Could not access RESIZE_STAMP_BITS */"
      MAX_RESIZERS = "/* Could not access MAX_RESIZERS */"
      RESIZE_STAMP_SHIFT = "/* Could not access RESIZE_STAMP_SHIFT */"
      MOVED = "/* Could not access MOVED */"
      TREEBIN = "/* Could not access TREEBIN */"
      RESERVED = "/* Could not access RESERVED */"
      HASH_BITS = "/* Could not access HASH_BITS */"
      NCPU = "/* Could not access NCPU */"
      serialPersistentFields = "/* Could not access serialPersistentFields */"
      table = "/* Could not access table */"
      nextTable = "/* Could not access nextTable */"
      baseCount = "/* Could not access baseCount */"
      sizeCtl = "/* Could not access sizeCtl */"
      transferIndex = "/* Could not access transferIndex */"
      cellsBusy = "/* Could not access cellsBusy */"
      counterCells = "/* Could not access counterCells */"
      keySet = "/* Could not access keySet */"
      values = "/* Could not access values */"
      entrySet = "/* Could not access entrySet */"
      U = "/* Could not access U */"
      SIZECTL = "/* Could not access SIZECTL */"
      TRANSFERINDEX = "/* Could not access TRANSFERINDEX */"
      BASECOUNT = "/* Could not access BASECOUNT */"
      CELLSBUSY = "/* Could not access CELLSBUSY */"
      CELLVALUE = "/* Could not access CELLVALUE */"
      ABASE = "/* Could not access ABASE */"
      ASHIFT = "/* Could not access ASHIFT */"
      keySet = "/* Could not access keySet */"
      values = "/* Could not access values */"
    application = class com.ibm.ws.cdi.internal.archive.liberty.ApplicationImpl@1b0f2136
      tc = class com.ibm.websphere.ras.TraceComponent@6df64ae7
      applicationInfo = class com.ibm.ws.container.service.app.deploy.internal.ApplicationInfoImpl@2cc58ce7
      earApplicationInfo = null
      factory = class com.ibm.ws.cdi.internal.archive.liberty.RuntimeFactory@7a52e049
      type = class com.ibm.ws.cdi.internal.interfaces.ApplicationType@78fadd15
      moduleArchives = class java.util.HashMap$Values@2358c937
      libraryArchives = class java.util.HashMap$Values@1deadb14
      tccl = class com.ibm.ws.classloading.internal.ThreadContextClassLoader@415d6c41
      serialVersionUID = -1774035872069118191
    serviceRegistry = class org.jboss.weld.bootstrap.api.helpers.SimpleServiceRegistry@4160a0b5
      services = class java.util.HashMap@6d1355ef
    extensions = class java.util.HashSet@3a425f2a
      serialVersionUID = "/* Could not access serialVersionUID */"
      map = "/* Could not access map */"
      PRESENT = "/* Could not access PRESENT */"
    injectionServices = class com.ibm.ws.cdi.impl.weld.injection.WebSphereInjectionServicesImpl@40168208
    cdiRuntime = class com.ibm.ws.cdi.liberty.CDIRuntimeImpl@2d3b9109
      tc = class com.ibm.websphere.ras.TraceComponent@2f8955bb
      metaDataSlotServiceSR = class com.ibm.wsspi.kernel.service.utils.AtomicServiceReference@236dc205
      ejbEndpointServiceSR = class com.ibm.wsspi.kernel.service.utils.AtomicServiceReference@522fbcb8
      classLoadingSRRef = class com.ibm.wsspi.kernel.service.utils.AtomicServiceReference@65df3abf
      ejbServices = class com.ibm.wsspi.kernel.service.utils.AtomicServiceReference@1de3fd44
      transactionService = class com.ibm.wsspi.kernel.service.utils.AtomicServiceReference@50537917
      securityServices = class com.ibm.wsspi.kernel.service.utils.AtomicServiceReference@7fb6c5d9
      extensionsSR = class com.ibm.wsspi.kernel.service.utils.ConcurrentServiceReferenceSet@63200252
      spiExtensionsSR = class com.ibm.wsspi.kernel.service.utils.ConcurrentServiceReferenceSet@61abcaaf
      containerFactorySRRef = class com.ibm.wsspi.kernel.service.utils.AtomicServiceReference@2afb9c4c
      adaptableModuleFactorySRRef = class com.ibm.wsspi.kernel.service.utils.AtomicServiceReference@63aa1cc7
      injectionEngineServiceRef = class com.ibm.wsspi.kernel.service.utils.AtomicServiceReference@7bb072
      scheduledExecutorServiceRef = class com.ibm.wsspi.kernel.service.utils.AtomicServiceReference@3fbaec60
      executorServiceRef = class com.ibm.wsspi.kernel.service.utils.AtomicServiceReference@49d51e27
      managedExecutorServiceRef = class com.ibm.wsspi.kernel.service.utils.AtomicServiceReference@7aaa6ffe
      resourceRefConfigFactoryRef = class com.ibm.wsspi.kernel.service.utils.AtomicServiceReference@270fa8f9
      deferredMetaDataFactoryRef = class com.ibm.wsspi.kernel.service.utils.AtomicServiceReference@4fbe8994
      beansXmlParser = class io.openliberty.cdi40.internal.weld.CDI40BeansXmlParserImpl@2efb9262
      bceFinder = class io.openliberty.cdi40.internal.weld.CDI40BceFinder@787cddc
      cdiContainerEventManager = class io.openliberty.cdi40.internal.weld.CDI40ContainerEventManagerImpl@5d15e5b5
      weldDevelopmentMode = null
      cdiContainerConfig = class io.openliberty.cdi40.internal.weld.CDI40AggregatedConfigurationImpl@66dc25aa
      extensionArchiveProviders = class java.util.ArrayList@14c6d391
      extensionArchiveFactories = class java.util.ArrayList@2d1605f8
      applicationSlot = class com.ibm.ws.runtime.metadata.MetaDataSlotImpl@5f5c65a2
      isClientProcess = false
      runtimeFactory = class com.ibm.ws.cdi.internal.archive.liberty.RuntimeFactory@7a52e049
      proxyServices = class com.ibm.ws.cdi.proxy.ProxyServicesImpl@6776133e
      serialVersionUID = 7930911400118500928
      cdiContainer = class com.ibm.ws.cdi.impl.CDIContainerImpl@5b3b1b07
      serialVersionUID = 7975911090376029176
      $$$tc$$$ = class com.ibm.websphere.ras.TraceComponent@514daead
    cdi = class com.ibm.ws.cdi.impl.CDIImpl@4fdf0309
      cdiService = class com.ibm.ws.cdi.liberty.CDIRuntimeImpl@2d3b9109
      serialVersionUID = -7939958868102936626
      $$$tc$$$ = class com.ibm.websphere.ras.TraceComponent@af64ba7
      knownClassNames = class org.jboss.weld.util.collections.ImmutableTinySet$Tripleton@53d4b74a
      instanceCache = class org.jboss.weld.util.cache.ReentrantMapBackedComputingCache@54684f3f
      lock = class java.lang.Object@347bac64
      providerSetManually = true
      discoveredProviders = null
      configuredProvider = class com.ibm.ws.cdi.liberty.CDIRuntimeImpl@2d3b9109
    serialVersionUID = 4603914438338371166
  serialVersionUID = 2515575801175940133

Dump of objectArray[0]
Object type = estm.dsic.jee.rest.dao.UserDao$Proxy$_$$_WeldSubclass
  weld$$$141 = class java.lang.reflect.Method@55a0fab6
    parameterData = "/* Could not access parameterData */"
    declaredAnnotations = "/* Could not access declaredAnnotations */"
  weld$$$140 = class java.lang.reflect.Method@76ac9a01
    parameterData = "/* Could not access parameterData */"
    declaredAnnotations = "/* Could not access declaredAnnotations */"
  weld$$$132 = class java.lang.reflect.Method@5d063f2c
    parameterData = "/* Could not access parameterData */"
    declaredAnnotations = "/* Could not access declaredAnnotations */"
  weld$$$143 = class java.lang.reflect.Method@6299b78e
    parameterData = "/* Could not access parameterData */"
    declaredAnnotations = "/* Could not access declaredAnnotations */"
  weld$$$131 = class java.lang.reflect.Method@30be8421
    parameterData = "/* Could not access parameterData */"
    declaredAnnotations = "/* Could not access declaredAnnotations */"
  weld$$$142 = class java.lang.reflect.Method@22506ca5
    parameterData = "/* Could not access parameterData */"
    declaredAnnotations = "/* Could not access declaredAnnotations */"
  weld$$$134 = class java.lang.reflect.Method@4ec3d89c
    parameterData = "/* Could not access parameterData */"
    declaredAnnotations = "/* Could not access declaredAnnotations */"
  weld$$$145 = class java.lang.reflect.Method@6149230d
    parameterData = "/* Could not access parameterData */"
    declaredAnnotations = "/* Could not access declaredAnnotations */"
  weld$$$133 = class java.lang.reflect.Method@25123c89
    parameterData = "/* Could not access parameterData */"
    declaredAnnotations = "/* Could not access declaredAnnotations */"
  weld$$$144 = class java.lang.reflect.Method@40659ca
    parameterData = "/* Could not access parameterData */"
    declaredAnnotations = "/* Could not access declaredAnnotations */"
  weld$$$136 = class java.lang.reflect.Method@54d176ee
    parameterData = "/* Could not access parameterData */"
    declaredAnnotations = "/* Could not access declaredAnnotations */"
  constructed = true
  weld$$$135 = class java.lang.reflect.Method@7ca86632
    parameterData = "/* Could not access parameterData */"
    declaredAnnotations = "/* Could not access declaredAnnotations */"
  weld$$$146 = class java.lang.reflect.Method@486aeb5a
    parameterData = "/* Could not access parameterData */"
    declaredAnnotations = "/* Could not access declaredAnnotations */"
  weld$$$138 = class java.lang.reflect.Method@7e142394
    parameterData = "/* Could not access parameterData */"
    declaredAnnotations = "/* Could not access declaredAnnotations */"
  weld$$$137 = class java.lang.reflect.Method@21ad5cbe
    parameterData = "/* Could not access parameterData */"
    declaredAnnotations = "/* Could not access declaredAnnotations */"
  weld$$$139 = class java.lang.reflect.Method@1e0b374f
    parameterData = "/* Could not access parameterData */"
    declaredAnnotations = "/* Could not access declaredAnnotations */"
  methodHandler = class org.jboss.weld.bean.proxy.CombinedInterceptorAndDecoratorStackMethodHandler@1243fef
    NULL_INSTANCE = class org.jboss.weld.bean.proxy.CombinedInterceptorAndDecoratorStackMethodHandler$1@5e73b4dc
      NULL_INSTANCE = class org.jboss.weld.bean.proxy.CombinedInterceptorAndDecoratorStackMethodHandler$1@5e73b4dc
      interceptorMethodHandler = null
      outerDecorator = null
    interceptorMethodHandler = class org.jboss.weld.interceptor.proxy.InterceptorMethodHandler@15705b00
      serialVersionUID = 1
      ctx = class org.jboss.weld.interceptor.proxy.InterceptionContext@5286a7ae
      cachedChains = class java.util.concurrent.ConcurrentHashMap@727d3156
    outerDecorator = null
  em = null

Dump of objectArray[1]
Object type = java.lang.Class
  ANNOTATION = "/* Could not access ANNOTATION */"
  ENUM = "/* Could not access ENUM */"
  SYNTHETIC = "/* Could not access SYNTHETIC */"
  cachedConstructor = "/* Could not access cachedConstructor */"
  name = "/* Could not access name */"
  module = "/* Could not access module */"
  packageName = "/* Could not access packageName */"
  componentType = "/* Could not access componentType */"
  allPermDomain = "/* Could not access allPermDomain */"
  reflectionData = "/* Could not access reflectionData */"
  classRedefinedCount = "/* Could not access classRedefinedCount */"
  genericInfo = "/* Could not access genericInfo */"
  EMPTY_CLASS_ARRAY = "/* Could not access EMPTY_CLASS_ARRAY */"
  serialVersionUID = "/* Could not access serialVersionUID */"
  serialPersistentFields = "/* Could not access serialPersistentFields */"
  reflectionFactory = "/* Could not access reflectionFactory */"
  enumConstants = "/* Could not access enumConstants */"
  enumConstantDirectory = "/* Could not access enumConstantDirectory */"
  annotationData = "/* Could not access annotationData */"
  annotationType = "/* Could not access annotationType */"
  classValueMap = "/* Could not access classValueMap */"

Dump of objectArray[2]
Object type = org.jboss.weld.injection.producer.ResourceInjector$1
  val$instance = class estm.dsic.jee.rest.dao.UserDao$Proxy$_$$_WeldSubclass@5de8c349
    weld$$$141 = class java.lang.reflect.Method@55a0fab6
      parameterData = "/* Could not access parameterData */"
      declaredAnnotations = "/* Could not access declaredAnnotations */"
    weld$$$140 = class java.lang.reflect.Method@76ac9a01
      parameterData = "/* Could not access parameterData */"
      declaredAnnotations = "/* Could not access declaredAnnotations */"
    weld$$$132 = class java.lang.reflect.Method@5d063f2c
      parameterData = "/* Could not access parameterData */"
      declaredAnnotations = "/* Could not access declaredAnnotations */"
    weld$$$143 = class java.lang.reflect.Method@6299b78e
      parameterData = "/* Could not access parameterData */"
      declaredAnnotations = "/* Could not access declaredAnnotations */"
    weld$$$131 = class java.lang.reflect.Method@30be8421
      parameterData = "/* Could not access parameterData */"
      declaredAnnotations = "/* Could not access declaredAnnotations */"
    weld$$$142 = class java.lang.reflect.Method@22506ca5
      parameterData = "/* Could not access parameterData */"
      declaredAnnotations = "/* Could not access declaredAnnotations */"
    weld$$$134 = class java.lang.reflect.Method@4ec3d89c
      parameterData = "/* Could not access parameterData */"
      declaredAnnotations = "/* Could not access declaredAnnotations */"
    weld$$$145 = class java.lang.reflect.Method@6149230d
      parameterData = "/* Could not access parameterData */"
      declaredAnnotations = "/* Could not access declaredAnnotations */"
    weld$$$133 = class java.lang.reflect.Method@25123c89
      parameterData = "/* Could not access parameterData */"
      declaredAnnotations = "/* Could not access declaredAnnotations */"
    weld$$$144 = class java.lang.reflect.Method@40659ca
      parameterData = "/* Could not access parameterData */"
      declaredAnnotations = "/* Could not access declaredAnnotations */"
    weld$$$136 = class java.lang.reflect.Method@54d176ee
      parameterData = "/* Could not access parameterData */"
      declaredAnnotations = "/* Could not access declaredAnnotations */"
    constructed = true
    weld$$$135 = class java.lang.reflect.Method@7ca86632
      parameterData = "/* Could not access parameterData */"
      declaredAnnotations = "/* Could not access declaredAnnotations */"
    weld$$$146 = class java.lang.reflect.Method@486aeb5a
      parameterData = "/* Could not access parameterData */"
      declaredAnnotations = "/* Could not access declaredAnnotations */"
    weld$$$138 = class java.lang.reflect.Method@7e142394
      parameterData = "/* Could not access parameterData */"
      declaredAnnotations = "/* Could not access declaredAnnotations */"
    weld$$$137 = class java.lang.reflect.Method@21ad5cbe
      parameterData = "/* Could not access parameterData */"
      declaredAnnotations = "/* Could not access declaredAnnotations */"
    weld$$$139 = class java.lang.reflect.Method@1e0b374f
      parameterData = "/* Could not access parameterData */"
      declaredAnnotations = "/* Could not access declaredAnnotations */"
    methodHandler = class org.jboss.weld.bean.proxy.CombinedInterceptorAndDecoratorStackMethodHandler@1243fef
      NULL_INSTANCE = class org.jboss.weld.bean.proxy.CombinedInterceptorAndDecoratorStackMethodHandler$1@5e73b4dc
      interceptorMethodHandler = class org.jboss.weld.interceptor.proxy.InterceptorMethodHandler@15705b00
      outerDecorator = null
    em = null
  val$ctx = class org.jboss.weld.contexts.CreationalContextImpl@4afbc4b5
    serialVersionUID = 7375854583908262422
    SERIALIZATION_PROXY = class org.jboss.weld.contexts.CreationalContextImpl$SerializationProxy@309e2ed7
      serialVersionUID = 5261112077771498097
    incompleteInstances = class java.util.HashMap@3d3a2a2a
      serialVersionUID = "/* Could not access serialVersionUID */"
      DEFAULT_INITIAL_CAPACITY = "/* Could not access DEFAULT_INITIAL_CAPACITY */"
      MAXIMUM_CAPACITY = "/* Could not access MAXIMUM_CAPACITY */"
      DEFAULT_LOAD_FACTOR = "/* Could not access DEFAULT_LOAD_FACTOR */"
      TREEIFY_THRESHOLD = "/* Could not access TREEIFY_THRESHOLD */"
      UNTREEIFY_THRESHOLD = "/* Could not access UNTREEIFY_THRESHOLD */"
      MIN_TREEIFY_CAPACITY = "/* Could not access MIN_TREEIFY_CAPACITY */"
      table = "/* Could not access table */"
      entrySet = "/* Could not access entrySet */"
      size = "/* Could not access size */"
      modCount = "/* Could not access modCount */"
      threshold = "/* Could not access threshold */"
      loadFactor = "/* Could not access loadFactor */"
      keySet = "/* Could not access keySet */"
      values = "/* Could not access values */"
    contextual = class org.jboss.weld.bean.ManagedBean@70f0d5ce
    dependentInstances = class java.util.Collections$SynchronizedRandomAccessList@6e142046
      serialVersionUID = "/* Could not access serialVersionUID */"
      serialVersionUID = "/* Could not access serialVersionUID */"
      list = "/* Could not access list */"
      serialVersionUID = "/* Could not access serialVersionUID */"
      c = "/* Could not access c */"
      mutex = "/* Could not access mutex */"
    parentDependentInstances = class java.util.Collections$SynchronizedRandomAccessList@1e39fdf3
      serialVersionUID = "/* Could not access serialVersionUID */"
      serialVersionUID = "/* Could not access serialVersionUID */"
      list = "/* Could not access list */"
      serialVersionUID = "/* Could not access serialVersionUID */"
      c = "/* Could not access c */"
      mutex = "/* Could not access mutex */"
    parentCreationalContext = null
    destroyed = null
    resourceReferences = null
    constructorInterceptionSuppressed = false
    aroundConstructCallbacks = null
    aroundConstructInterceptionContext = null
  val$manager = class org.jboss.weld.manager.BeanManagerImpl@5ae44db2
    serialVersionUID = 3021562879133838561
    CREATIONAL_CONTEXT = "creationalContext"
    services = class org.jboss.weld.bootstrap.api.helpers.SimpleServiceRegistry@572580fb
      services = class java.util.HashMap@21b77f19
    contexts = class java.util.concurrent.ConcurrentHashMap@436f38c6
      serialVersionUID = "/* Could not access serialVersionUID */"
      MAXIMUM_CAPACITY = "/* Could not access MAXIMUM_CAPACITY */"
      DEFAULT_CAPACITY = "/* Could not access DEFAULT_CAPACITY */"
      MAX_ARRAY_SIZE = "/* Could not access MAX_ARRAY_SIZE */"
      DEFAULT_CONCURRENCY_LEVEL = "/* Could not access DEFAULT_CONCURRENCY_LEVEL */"
      LOAD_FACTOR = "/* Could not access LOAD_FACTOR */"
      TREEIFY_THRESHOLD = "/* Could not access TREEIFY_THRESHOLD */"
      UNTREEIFY_THRESHOLD = "/* Could not access UNTREEIFY_THRESHOLD */"
      MIN_TREEIFY_CAPACITY = "/* Could not access MIN_TREEIFY_CAPACITY */"
      MIN_TRANSFER_STRIDE = "/* Could not access MIN_TRANSFER_STRIDE */"
      RESIZE_STAMP_BITS = "/* Could not access RESIZE_STAMP_BITS */"
      MAX_RESIZERS = "/* Could not access MAX_RESIZERS */"
      RESIZE_STAMP_SHIFT = "/* Could not access RESIZE_STAMP_SHIFT */"
      MOVED = "/* Could not access MOVED */"
      TREEBIN = "/* Could not access TREEBIN */"
      RESERVED = "/* Could not access RESERVED */"
      HASH_BITS = "/* Could not access HASH_BITS */"
      NCPU = "/* Could not access NCPU */"
      serialPersistentFields = "/* Could not access serialPersistentFields */"
      table = "/* Could not access table */"
      nextTable = "/* Could not access nextTable */"
      baseCount = "/* Could not access baseCount */"
      sizeCtl = "/* Could not access sizeCtl */"
      transferIndex = "/* Could not access transferIndex */"
      cellsBusy = "/* Could not access cellsBusy */"
      counterCells = "/* Could not access counterCells */"
      keySet = "/* Could not access keySet */"
      values = "/* Could not access values */"
      entrySet = "/* Could not access entrySet */"
      U = "/* Could not access U */"
      SIZECTL = "/* Could not access SIZECTL */"
      TRANSFERINDEX = "/* Could not access TRANSFERINDEX */"
      BASECOUNT = "/* Could not access BASECOUNT */"
      CELLSBUSY = "/* Could not access CELLSBUSY */"
      CELLVALUE = "/* Could not access CELLVALUE */"
      ABASE = "/* Could not access ABASE */"
      ASHIFT = "/* Could not access ASHIFT */"
      keySet = "/* Could not access keySet */"
      values = "/* Could not access values */"
    clientProxyProvider = class org.jboss.weld.bean.proxy.ClientProxyProvider@78f33008
      BEAN_NOT_PROXYABLE_MARKER = class java.lang.Object@1b871357
      beanTypeClosureProxyPool = class org.jboss.weld.util.cache.ReentrantMapBackedComputingCache@5a5b52f8
      requestedTypeClosureProxyPool = class org.jboss.weld.util.cache.ReentrantMapBackedComputingCache@1c9f50dd
      contextId = "g-note"
      services = class org.jboss.weld.bootstrap.api.helpers.ServiceRegistries$1@30d9b35c
    enterpriseBeans = class java.util.concurrent.ConcurrentHashMap@26641869
      serialVersionUID = "/* Could not access serialVersionUID */"
      MAXIMUM_CAPACITY = "/* Could not access MAXIMUM_CAPACITY */"
      DEFAULT_CAPACITY = "/* Could not access DEFAULT_CAPACITY */"
      MAX_ARRAY_SIZE = "/* Could not access MAX_ARRAY_SIZE */"
      DEFAULT_CONCURRENCY_LEVEL = "/* Could not access DEFAULT_CONCURRENCY_LEVEL */"
      LOAD_FACTOR = "/* Could not access LOAD_FACTOR */"
      TREEIFY_THRESHOLD = "/* Could not access TREEIFY_THRESHOLD */"
      UNTREEIFY_THRESHOLD = "/* Could not access UNTREEIFY_THRESHOLD */"
      MIN_TREEIFY_CAPACITY = "/* Could not access MIN_TREEIFY_CAPACITY */"
      MIN_TRANSFER_STRIDE = "/* Could not access MIN_TRANSFER_STRIDE */"
      RESIZE_STAMP_BITS = "/* Could not access RESIZE_STAMP_BITS */"
      MAX_RESIZERS = "/* Could not access MAX_RESIZERS */"
      RESIZE_STAMP_SHIFT = "/* Could not access RESIZE_STAMP_SHIFT */"
      MOVED = "/* Could not access MOVED */"
      TREEBIN = "/* Could not access TREEBIN */"
      RESERVED = "/* Could not access RESERVED */"
      HASH_BITS = "/* Could not access HASH_BITS */"
      NCPU = "/* Could not access NCPU */"
      serialPersistentFields = "/* Could not access serialPersistentFields */"
      table = "/* Could not access table */"
      nextTable = "/* Could not access nextTable */"
      baseCount = "/* Could not access baseCount */"
      sizeCtl = "/* Could not access sizeCtl */"
      transferIndex = "/* Could not access transferIndex */"
      cellsBusy = "/* Could not access cellsBusy */"
      counterCells = "/* Could not access counterCells */"
      keySet = "/* Could not access keySet */"
      values = "/* Could not access values */"
      entrySet = "/* Could not access entrySet */"
      U = "/* Could not access U */"
      SIZECTL = "/* Could not access SIZECTL */"
      TRANSFERINDEX = "/* Could not access TRANSFERINDEX */"
      BASECOUNT = "/* Could not access BASECOUNT */"
      CELLSBUSY = "/* Could not access CELLSBUSY */"
      CELLVALUE = "/* Could not access CELLVALUE */"
      ABASE = "/* Could not access ABASE */"
      ASHIFT = "/* Could not access ASHIFT */"
      keySet = "/* Could not access keySet */"
      values = "/* Could not access values */"
    enabled = class org.jboss.weld.bootstrap.enablement.ModuleEnablement@5d3d7606
      EMPTY_ENABLEMENT = class org.jboss.weld.bootstrap.enablement.ModuleEnablement@15c5d059
      interceptors = class org.jboss.weld.util.collections.ImmutableArrayList@25d5fb51
      decorators = class java.util.Collections$EmptyList@5e3527ba
      interceptorMap = class java.util.Collections$UnmodifiableMap@3ed07810
      decoratorMap = class java.util.Collections$EmptyMap@10543756
      globalAlternatives = class java.util.Collections$EmptyMap@10543756
      localAlternativeClasses = class java.util.Collections$EmptySet@31b793d5
      localAlternativeStereotypes = class java.util.Collections$EmptySet@31b793d5
      decoratorComparator = class org.jboss.weld.bootstrap.enablement.ModuleEnablement$EnablementComparator@3f941b48
      interceptorComparator = class org.jboss.weld.bootstrap.enablement.ModuleEnablement$EnablementComparator@46853fb
    beanResolver = class org.jboss.weld.resolution.TypeSafeBeanResolver@672ecc6f
      beanManager = class org.jboss.weld.manager.BeanManagerImpl@5ae44db2
      disambiguatedBeans = class org.jboss.weld.util.cache.ReentrantMapBackedComputingCache@dd0a967
      store = class org.jboss.weld.metadata.cache.MetaAnnotationStore@38169562
      beansByType = class org.jboss.weld.resolution.AbstractTypeSafeBeanResolver$1@1a8dae6f
      resolved = class org.jboss.weld.util.cache.ReentrantMapBackedComputingCache@75a5162a
      allBeans = class org.jboss.weld.util.collections.Iterables$$Lambda/0x0000026d3b9d5f10@7d361268
      resolverFunction = class org.jboss.weld.resolution.TypeSafeResolver$ResolvableToBeanCollection@71872529
    decoratorResolver = class org.jboss.weld.resolution.TypeSafeDecoratorResolver@63cc3f2
      rules = class org.jboss.weld.resolution.DelegateInjectionPointAssignabilityRules@5b47510d
      beanManager = class org.jboss.weld.manager.BeanManagerImpl@5ae44db2
      disambiguatedBeans = class org.jboss.weld.util.cache.ReentrantMapBackedComputingCache@162fad5f
      store = class org.jboss.weld.metadata.cache.MetaAnnotationStore@38169562
      beansByType = class org.jboss.weld.resolution.AbstractTypeSafeBeanResolver$1@5ec97cde
      resolved = class org.jboss.weld.util.cache.ReentrantMapBackedComputingCache@28ac77a4
      allBeans = class org.jboss.weld.util.collections.Iterables$$Lambda/0x0000026d3b9d5f10@49029485
      resolverFunction = class org.jboss.weld.resolution.TypeSafeResolver$ResolvableToBeanCollection@22ac9daf
    interceptorResolver = class org.jboss.weld.resolution.TypeSafeInterceptorResolver@1d340c
      manager = class org.jboss.weld.manager.BeanManagerImpl@5ae44db2
      resolved = class org.jboss.weld.util.cache.ReentrantMapBackedComputingCache@53cfb6ef
      allBeans = class org.jboss.weld.util.collections.Iterables$$Lambda/0x0000026d3b9d5f10@2e67f3aa
      resolverFunction = class org.jboss.weld.resolution.TypeSafeResolver$ResolvableToBeanCollection@17c45ad6
    nameBasedResolver = class org.jboss.weld.resolution.NameBasedResolver@36a6ef4f
      resolvedNames = class org.jboss.weld.util.cache.ReentrantMapBackedComputingCache@67b0cf65
    weldELResolver = class org.jboss.weld.module.web.el.WeldELResolver@27fa0040
      beanManager = class org.jboss.weld.manager.BeanManagerImpl@5ae44db2
      rootNamespace = class org.jboss.weld.util.LazyValueHolder$1@640cb923
      TYPE = "type"
      RESOLVABLE_AT_DESIGN_TIME = "resolvableAtDesignTime"
    accessibleLenientObserverNotifier = class org.jboss.weld.module.jta.TransactionalObserverNotifier@4739641e
      FACTORY = class org.jboss.weld.module.jta.TransactionalObserverNotifier$1@7177fd1c
      transactionServices = class com.ibm.ws.cdi.impl.weld.TransactionServicesImpl@5f214513
      contextId = "g-note"
      NO_EXCEPTION_MARKER = class java.lang.RuntimeException@4e4a17fe
      resolver = class org.jboss.weld.resolution.TypeSafeObserverResolver@5da292fc
      sharedObjectCache = class org.jboss.weld.resources.SharedObjectCache@76010808
      strict = false
      currentEventMetadata = class org.jboss.weld.event.CurrentEventMetadata@353c6b67
      eventTypeCheckCache = null
      asyncEventExecutor = class com.ibm.ws.concurrent.internal.ManagedExecutorServiceImpl@7a905802
      timerExecutor = class com.ibm.ws.threading.internal.ScheduledExecutorImpl@7f0eb0e
      securityServices = class io.openliberty.cdi40.internal.weld.DefaultCDI40SecurityService@7e0ba71b
      requestContextHolder = class org.jboss.weld.util.LazyValueHolder$1@23ae1487
    globalLenientObserverNotifier = class org.jboss.weld.module.jta.TransactionalObserverNotifier@2eed85a1
      FACTORY = class org.jboss.weld.module.jta.TransactionalObserverNotifier$1@7177fd1c
      transactionServices = class com.ibm.ws.cdi.impl.weld.TransactionServicesImpl@5f214513
      contextId = "g-note"
      NO_EXCEPTION_MARKER = class java.lang.RuntimeException@4e4a17fe
      resolver = class org.jboss.weld.resolution.TypeSafeObserverResolver@7b6df60b
      sharedObjectCache = class org.jboss.weld.resources.SharedObjectCache@76010808
      strict = false
      currentEventMetadata = class org.jboss.weld.event.CurrentEventMetadata@353c6b67
      eventTypeCheckCache = null
      asyncEventExecutor = class com.ibm.ws.concurrent.internal.ManagedExecutorServiceImpl@7a905802
      timerExecutor = class com.ibm.ws.threading.internal.ScheduledExecutorImpl@7f0eb0e
      securityServices = class io.openliberty.cdi40.internal.weld.DefaultCDI40SecurityService@7e0ba71b
      requestContextHolder = class org.jboss.weld.util.LazyValueHolder$1@60e03a0
    globalStrictObserverNotifier = class org.jboss.weld.module.jta.TransactionalObserverNotifier@2fb0cba4
      FACTORY = class org.jboss.weld.module.jta.TransactionalObserverNotifier$1@7177fd1c
      transactionServices = class com.ibm.ws.cdi.impl.weld.TransactionServicesImpl@5f214513
      contextId = "g-note"
      NO_EXCEPTION_MARKER = class java.lang.RuntimeException@4e4a17fe
      resolver = class org.jboss.weld.resolution.TypeSafeObserverResolver@7b6df60b
      sharedObjectCache = class org.jboss.weld.resources.SharedObjectCache@76010808
      strict = true
      currentEventMetadata = class org.jboss.weld.event.CurrentEventMetadata@353c6b67
      eventTypeCheckCache = class org.jboss.weld.util.cache.ReentrantMapBackedComputingCache@6060b90e
      asyncEventExecutor = class com.ibm.ws.concurrent.internal.ManagedExecutorServiceImpl@7a905802
      timerExecutor = class com.ibm.ws.threading.internal.ScheduledExecutorImpl@7f0eb0e
      securityServices = class io.openliberty.cdi40.internal.weld.DefaultCDI40SecurityService@7e0ba71b
      requestContextHolder = class org.jboss.weld.util.LazyValueHolder$1@6a42cb7f
    enabledBeans = class java.util.concurrent.CopyOnWriteArrayList@583f2612
      serialVersionUID = "/* Could not access serialVersionUID */"
      lock = "/* Could not access lock */"
      array = "/* Could not access array */"
    sharedBeans = class java.util.concurrent.CopyOnWriteArrayList@54aab09f
      serialVersionUID = "/* Could not access serialVersionUID */"
      lock = "/* Could not access lock */"
      array = "/* Could not access array */"
    specializedBeans = class java.util.concurrent.CopyOnWriteArrayList@1628f726
      serialVersionUID = "/* Could not access serialVersionUID */"
      lock = "/* Could not access lock */"
      array = "/* Could not access array */"
    decorators = class java.util.concurrent.CopyOnWriteArrayList@3fecf3ac
      serialVersionUID = "/* Could not access serialVersionUID */"
      lock = "/* Could not access lock */"
      array = "/* Could not access array */"
    interceptors = class java.util.concurrent.CopyOnWriteArrayList@1ec24df5
      serialVersionUID = "/* Could not access serialVersionUID */"
      lock = "/* Could not access lock */"
      array = "/* Could not access array */"
    namespaces = class java.util.concurrent.CopyOnWriteArrayList@1fed28fa
      serialVersionUID = "/* Could not access serialVersionUID */"
      lock = "/* Could not access lock */"
      array = "/* Could not access array */"
    observers = class java.util.concurrent.CopyOnWriteArrayList@4e2d7de6
      serialVersionUID = "/* Could not access serialVersionUID */"
      lock = "/* Could not access lock */"
      array = "/* Could not access array */"
    beanSet = null
    managers = class java.util.HashSet@1604961c
      serialVersionUID = "/* Could not access serialVersionUID */"
      map = "/* Could not access map */"
      PRESENT = "/* Could not access PRESENT */"
    accessibleManagers = class java.util.HashSet@1aa5dccc
      serialVersionUID = "/* Could not access serialVersionUID */"
      map = "/* Could not access map */"
      PRESENT = "/* Could not access PRESENT */"
    id = "g-note#g-note.war"
    contextId = "g-note"
    interceptorModelRegistry = class java.util.concurrent.ConcurrentHashMap@6c798d9a
      serialVersionUID = "/* Could not access serialVersionUID */"
      MAXIMUM_CAPACITY = "/* Could not access MAXIMUM_CAPACITY */"
      DEFAULT_CAPACITY = "/* Could not access DEFAULT_CAPACITY */"
      MAX_ARRAY_SIZE = "/* Could not access MAX_ARRAY_SIZE */"
      DEFAULT_CONCURRENCY_LEVEL = "/* Could not access DEFAULT_CONCURRENCY_LEVEL */"
      LOAD_FACTOR = "/* Could not access LOAD_FACTOR */"
      TREEIFY_THRESHOLD = "/* Could not access TREEIFY_THRESHOLD */"
      UNTREEIFY_THRESHOLD = "/* Could not access UNTREEIFY_THRESHOLD */"
      MIN_TREEIFY_CAPACITY = "/* Could not access MIN_TREEIFY_CAPACITY */"
      MIN_TRANSFER_STRIDE = "/* Could not access MIN_TRANSFER_STRIDE */"
      RESIZE_STAMP_BITS = "/* Could not access RESIZE_STAMP_BITS */"
      MAX_RESIZERS = "/* Could not access MAX_RESIZERS */"
      RESIZE_STAMP_SHIFT = "/* Could not access RESIZE_STAMP_SHIFT */"
      MOVED = "/* Could not access MOVED */"
      TREEBIN = "/* Could not access TREEBIN */"
      RESERVED = "/* Could not access RESERVED */"
      HASH_BITS = "/* Could not access HASH_BITS */"
      NCPU = "/* Could not access NCPU */"
      serialPersistentFields = "/* Could not access serialPersistentFields */"
      table = "/* Could not access table */"
      nextTable = "/* Could not access nextTable */"
      baseCount = "/* Could not access baseCount */"
      sizeCtl = "/* Could not access sizeCtl */"
      transferIndex = "/* Could not access transferIndex */"
      cellsBusy = "/* Could not access cellsBusy */"
      counterCells = "/* Could not access counterCells */"
      keySet = "/* Could not access keySet */"
      values = "/* Could not access values */"
      entrySet = "/* Could not access entrySet */"
      U = "/* Could not access U */"
      SIZECTL = "/* Could not access SIZECTL */"
      TRANSFERINDEX = "/* Could not access TRANSFERINDEX */"
      BASECOUNT = "/* Could not access BASECOUNT */"
      CELLSBUSY = "/* Could not access CELLSBUSY */"
      CELLVALUE = "/* Could not access CELLVALUE */"
      ABASE = "/* Could not access ABASE */"
      ASHIFT = "/* Could not access ASHIFT */"
      keySet = "/* Could not access keySet */"
      values = "/* Could not access values */"
    interceptorMetadataReader = class org.jboss.weld.interceptor.reader.InterceptorMetadataReader@499e0fbe
      manager = class org.jboss.weld.manager.BeanManagerImpl@5ae44db2
      plainInterceptorMetadataCache = class org.jboss.weld.util.cache.ReentrantMapBackedComputingCache@258b7f30
      cdiInterceptorMetadataCache = class org.jboss.weld.util.cache.ReentrantMapBackedComputingCache@8ba338f
      interceptorToInterceptorMetadataFunction = class org.jboss.weld.interceptor.reader.InterceptorMetadataReader$$Lambda/0x0000026d3b9d7bd8@4801f9a
    containerLifecycleEvents = class org.jboss.weld.bootstrap.events.ContainerLifecycleEvents@7b18c4e7
      everythingObserved = false
      processAnnotatedTypeObserved = true
      processBeanObserved = true
      processBeanAttributesObserved = true
      processInjectionPointObserved = false
      processInjectionTargetObserved = true
      processProducerObserved = false
      processObserverMethodObserved = false
      discovery = class org.jboss.weld.bootstrap.events.RequiredAnnotationDiscovery@136713bb
      preloader = class org.jboss.weld.bootstrap.events.ContainerLifecycleEventPreloader@132b4fbd
    registry = class org.jboss.weld.bootstrap.SpecializationAndEnablementRegistry@4f6f34f4
      specializedBeanResolvers = class org.jboss.weld.util.cache.ReentrantMapBackedComputingCache@3cf3f203
      environmentByManager = class java.util.concurrent.ConcurrentHashMap@593e845a
      specializedBeans = class org.jboss.weld.util.cache.ReentrantMapBackedComputingCache@7aaed319
      specializedBeansMap = class java.util.concurrent.ConcurrentHashMap@6cbf600
    currentInjectionPoint = class org.jboss.weld.injection.CurrentInjectionPoint@6fda75de
      threadLocalStack = class org.jboss.weld.injection.ThreadLocalStack$1@6d9b3a43
      NULL_REFERENCE = class org.jboss.weld.injection.ThreadLocalStack$2@6f4c3b4c
    clientProxyOptimization = false
    validationFailureCallbacks = class java.util.concurrent.CopyOnWriteArrayList@56807464
      serialVersionUID = "/* Could not access serialVersionUID */"
      lock = "/* Could not access lock */"
      array = "/* Could not access array */"
    requestInitializedEvent = class org.jboss.weld.util.LazyValueHolder$1@6b02bdaf
      val$supplier = class org.jboss.weld.manager.BeanManagerImpl$$Lambda/0x0000026d3b9df070@7a517d36
      value = class org.jboss.weld.event.FastEvent@7e29d129
    requestBeforeDestroyedEvent = class org.jboss.weld.util.LazyValueHolder$1@5dfcfcaf
      val$supplier = class org.jboss.weld.manager.BeanManagerImpl$$Lambda/0x0000026d3b9df290@37163aa8
      value = class org.jboss.weld.event.FastEvent@7ccc6ab9
    requestDestroyedEvent = class org.jboss.weld.util.LazyValueHolder$1@61b4164b
      val$supplier = class org.jboss.weld.manager.BeanManagerImpl$$Lambda/0x0000026d3b9df4b0@75d4fcbd
      value = class org.jboss.weld.event.FastEvent@8eae208
  this$0 = class org.jboss.weld.injection.producer.ResourceInjector@431f1714
    resourceInjectionsHierarchy = class java.util.Collections$EmptyList@5e3527ba
      serialVersionUID = "/* Could not access serialVersionUID */"
      modCount = "/* Could not access modCount */"
    injectableFields = class org.jboss.weld.util.collections.ImmutableTinyList$Singleton@34c27d4d
      serialVersionUID = 1
      element = class java.util.Collections$EmptySet@31b793d5
      modCount = "/* Could not access modCount */"
    initializerMethods = class org.jboss.weld.util.collections.ImmutableTinyList$Singleton@4ad341bf
      serialVersionUID = 1
      element = class java.util.Collections$EmptySet@31b793d5
      modCount = "/* Could not access modCount */"
  beanManager = class org.jboss.weld.manager.BeanManagerImpl@5ae44db2
  injectionTarget = class org.jboss.weld.injection.producer.BeanInjectionTarget@317df681
    bean = class org.jboss.weld.bean.ManagedBean@70f0d5ce
      proxiable = true
      passivationCapableBean = false
      passivationCapableDependency = true
      hasPostConstructCallback = false
      annotatedType = class org.jboss.weld.annotated.slim.backed.BackedAnnotatedType@3697ff49
      enhancedAnnotatedItem = null
      producer = class org.jboss.weld.injection.producer.BeanInjectionTarget@317df681
      type = class java.lang.Class@4ad10586
      preInitialized = false
      proxyRequired = true
      producer = null
      ignoreFinalMethods = false
      beanManager = class org.jboss.weld.manager.BeanManagerImpl@5ae44db2
      initialized = true
      qualifiers = class org.jboss.weld.util.collections.ImmutableTinySet$Tripleton@eed2f54
      contextualInstanceStrategy = class org.jboss.weld.bean.ContextualInstanceStrategy$CachingContextualInstanceStrategy@3340d661
      attributes = class org.jboss.weld.bean.attributes.ImmutableBeanAttributes@2c11c51a
      identifier = class org.jboss.weld.bean.StringBeanIdentifier@6aa0bce8
    beanManager = class org.jboss.weld.manager.BeanManagerImpl@5ae44db2
    type = class org.jboss.weld.annotated.slim.backed.BackedAnnotatedType@3697ff49
    injectionPoints = class java.util.Collections$EmptySet@31b793d5
      serialVersionUID = "/* Could not access serialVersionUID */"
    instantiator = class org.jboss.weld.injection.producer.InterceptorApplyingInstantiator@1638a8bb
      interceptionModel = class org.jboss.weld.interceptor.builder.InterceptionModelImpl@11bbd9fe
      annotatedType = class org.jboss.weld.annotated.slim.backed.BackedAnnotatedType@3697ff49
      delegate = class org.jboss.weld.injection.producer.SubclassedComponentInstantiator@6b7bdc0c
    injector = class org.jboss.weld.injection.producer.ResourceInjector@431f1714
    invoker = class org.jboss.weld.injection.producer.DefaultLifecycleCallbackInvoker@4636dd7a
      accessiblePostConstructMethods = class java.util.Collections$EmptyList@5e3527ba
      accessiblePreDestroyMethods = class java.util.Collections$EmptyList@5e3527ba
  annotatedType = class org.jboss.weld.annotated.slim.backed.BackedAnnotatedType@3697ff49
    javaClass = class java.lang.Class@4ad10586
      ANNOTATION = "/* Could not access ANNOTATION */"
      ENUM = "/* Could not access ENUM */"
      SYNTHETIC = "/* Could not access SYNTHETIC */"
      cachedConstructor = "/* Could not access cachedConstructor */"
      name = "/* Could not access name */"
      module = "/* Could not access module */"
      packageName = "/* Could not access packageName */"
      componentType = "/* Could not access componentType */"
      allPermDomain = "/* Could not access allPermDomain */"
      reflectionData = "/* Could not access reflectionData */"
      classRedefinedCount = "/* Could not access classRedefinedCount */"
      genericInfo = "/* Could not access genericInfo */"
      EMPTY_CLASS_ARRAY = "/* Could not access EMPTY_CLASS_ARRAY */"
      serialVersionUID = "/* Could not access serialVersionUID */"
      serialPersistentFields = "/* Could not access serialPersistentFields */"
      reflectionFactory = "/* Could not access reflectionFactory */"
      enumConstants = "/* Could not access enumConstants */"
      enumConstantDirectory = "/* Could not access enumConstantDirectory */"
      annotationData = "/* Could not access annotationData */"
      annotationType = "/* Could not access annotationType */"
      classValueMap = "/* Could not access classValueMap */"
    constructors = class org.jboss.weld.annotated.slim.backed.BackedAnnotatedType$BackedAnnotatedConstructors@33179ad7
      this$0 = class org.jboss.weld.annotated.slim.backed.BackedAnnotatedType@3697ff49
      this$0 = class org.jboss.weld.annotated.slim.backed.BackedAnnotatedType@3697ff49
      value = null
    methods = class org.jboss.weld.annotated.slim.backed.BackedAnnotatedType$BackedAnnotatedMethods@7cce9ae3
      this$0 = class org.jboss.weld.annotated.slim.backed.BackedAnnotatedType@3697ff49
      this$0 = class org.jboss.weld.annotated.slim.backed.BackedAnnotatedType@3697ff49
      value = null
    fields = class org.jboss.weld.annotated.slim.backed.BackedAnnotatedType$BackedAnnotatedFields@2d4936ec
      this$0 = class org.jboss.weld.annotated.slim.backed.BackedAnnotatedType@3697ff49
      this$0 = class org.jboss.weld.annotated.slim.backed.BackedAnnotatedType@3697ff49
      value = null
    sharedObjectCache = class org.jboss.weld.resources.SharedObjectCache@76010808
      sharedSets = class org.jboss.weld.util.cache.ReentrantMapBackedComputingCache@5c042a26
      sharedMaps = class org.jboss.weld.util.cache.ReentrantMapBackedComputingCache@69aa1616
      typeClosureHolders = class org.jboss.weld.util.cache.ReentrantMapBackedComputingCache@5dd76042
    reflectionCache = class org.jboss.weld.resources.HotspotReflectionCache@794ff53d
      annotationTypeLock = class java.lang.Class@71d44a3
      store = class org.jboss.weld.metadata.TypeStore@61756a41
      ANNOTATIONS_FUNCTION = class org.jboss.weld.resources.DefaultReflectionCache$$Lambda/0x0000026d3b9bf6a0@7ef34d74
      DECLARED_ANNOTATIONS_FUNCTION = class org.jboss.weld.resources.DefaultReflectionCache$$Lambda/0x0000026d3b9bf8e0@64a6aa04
      annotations = class org.jboss.weld.util.cache.ReentrantMapBackedComputingCache@50c9a12
      declaredAnnotations = class org.jboss.weld.util.cache.ReentrantMapBackedComputingCache@4f61cf90
      backedAnnotatedTypeAnnotations = class org.jboss.weld.util.cache.ReentrantMapBackedComputingCache@2b9da3e5
      annotationClasses = class org.jboss.weld.util.cache.ReentrantMapBackedComputingCache@7abaca18
    identifier = class org.jboss.weld.annotated.slim.AnnotatedTypeIdentifier@71de6175
      NULL_BDA_ID = "org.jboss.weld.annotated.slim.AnnotatedTypeIdentifier.null"
      SYNTHETIC_ANNOTATION_SUFFIX = "syntheticAnnotation"
      serialVersionUID = -264184070652700144
      contextId = "g-note"
      bdaId = "g-note#g-note.war"
      className = "estm.dsic.jee.rest.dao.UserDao"
      suffix = null
      modified = false
      hashCode = 1521092674
    typeClosure = class org.jboss.weld.annotated.enhanced.TypeClosureLazyValueHolder@15c4d7f4
      type = class java.lang.Class@4ad10586
      value = class org.jboss.weld.util.collections.ImmutableTinySet$Tripleton@37558962
    baseType = class java.lang.Class@4ad10586
  target = class estm.dsic.jee.rest.dao.UserDao$Proxy$_$$_WeldSubclass@5de8c349

