------Start of DE processing------ = [06/03/2024 08:51:37:336 WEST]
Exception = java.lang.NoClassDefFoundError
Source = com.ibm.wsspi.injectionengine.MethodMap.getAllDeclaredMethods
probeid = 106
Stack Dump = java.lang.NoClassDefFoundError: Us
	at java.base/java.lang.Class.getDeclaredMethods0(Native Method)
	at java.base/java.lang.Class.privateGetDeclaredMethods(Class.java:3578)
	at java.base/java.lang.Class.getDeclaredMethods(Class.java:2676)
	at com.ibm.wsspi.injectionengine.MethodMap.getMethods(MethodMap.java:150)
	at com.ibm.wsspi.injectionengine.MethodMap.getAllDeclaredMethods(MethodMap.java:86)
	at com.ibm.ws.injectionengine.InjectionProcessorManager.getAllDeclaredMethods(InjectionProcessorManager.java:446)
	at com.ibm.ws.injectionengine.InjectionProcessorManager.processAnnotations(InjectionProcessorManager.java:232)
	at com.ibm.ws.injectionengine.AbstractInjectionEngine.processInjectionMetaData(AbstractInjectionEngine.java:482)
	at com.ibm.ws.injectionengine.osgi.internal.OSGiInjectionEngineImpl.processInjectionMetaData(OSGiInjectionEngineImpl.java:242)
	at com.ibm.ws.injectionengine.ReferenceContextImpl.processImpl(ReferenceContextImpl.java:590)
	at com.ibm.ws.injectionengine.ReferenceContextImpl.process(ReferenceContextImpl.java:289)
	at com.ibm.ws.injectionengine.osgi.internal.OSGiReferenceContextImpl.process(OSGiReferenceContextImpl.java:32)
	at com.ibm.ws.cdi.impl.weld.WebSphereCDIDeploymentImpl.initializeInjectionServices(WebSphereCDIDeploymentImpl.java:666)
	at com.ibm.ws.cdi.impl.CDIContainerImpl.startInitialization(CDIContainerImpl.java:153)
	at com.ibm.ws.cdi.liberty.CDIRuntimeImpl.applicationStarting(CDIRuntimeImpl.java:479)
	at com.ibm.ws.container.service.state.internal.ApplicationStateManager.fireStarting(ApplicationStateManager.java:53)
	at com.ibm.ws.container.service.state.internal.StateChangeServiceImpl.fireApplicationStarting(StateChangeServiceImpl.java:52)
	at com.ibm.ws.app.manager.module.internal.SimpleDeployedAppInfoBase.preDeployApp(SimpleDeployedAppInfoBase.java:550)
	at com.ibm.ws.app.manager.module.internal.SimpleDeployedAppInfoBase.installApp(SimpleDeployedAppInfoBase.java:511)
	at com.ibm.ws.app.manager.module.internal.DeployedAppInfoBase.deployApp(DeployedAppInfoBase.java:351)
	at com.ibm.ws.app.manager.war.internal.WARApplicationHandlerImpl.install(WARApplicationHandlerImpl.java:67)
	at com.ibm.ws.app.manager.internal.statemachine.StartAction.execute(StartAction.java:184)
	at com.ibm.ws.app.manager.internal.statemachine.ApplicationStateMachineImpl.enterState(ApplicationStateMachineImpl.java:1369)
	at com.ibm.ws.app.manager.internal.statemachine.ApplicationStateMachineImpl.performAction(ApplicationStateMachineImpl.java:1233)
	at com.ibm.ws.app.manager.internal.statemachine.ApplicationStateMachineImpl.run(ApplicationStateMachineImpl.java:920)
	at com.ibm.ws.threading.internal.ExecutorServiceImpl$RunnableWrapper.run(ExecutorServiceImpl.java:280)
	at java.base/java.util.concurrent.ThreadPoolExecutor.runWorker(ThreadPoolExecutor.java:1144)
	at java.base/java.util.concurrent.ThreadPoolExecutor$Worker.run(ThreadPoolExecutor.java:642)
	at java.base/java.lang.Thread.run(Thread.java:1583)
Caused by: java.lang.ClassNotFoundException: Us
	at com.ibm.ws.classloading.internal.AppClassLoader.findClassCommonLibraryClassLoaders(AppClassLoader.java:742)
	at com.ibm.ws.classloading.internal.AppClassLoader.findClass(AppClassLoader.java:327)
	at com.ibm.ws.classloading.internal.AppClassLoader.findOrDelegateLoadClass(AppClassLoader.java:714)
	at com.ibm.ws.classloading.internal.AppClassLoader.loadClass(AppClassLoader.java:586)
	at com.ibm.ws.classloading.internal.AppClassLoader.loadClass(AppClassLoader.java:553)
	at java.base/java.lang.ClassLoader.loadClass(ClassLoader.java:526)
	... 29 more

Dump of callerThis
null
==> Performing default dump from com.ibm.ws.injectionengine.ffdc.InjectionDiagnosticModule  = Wed Mar 06 08:51:37 WEST 2024
 = *** Start InjectionDiagnosticModule Dump ***
 = > InjectionDiagnosticModule: dump Object array : 3
 = 
 =    Non-Formattable :
 =       > java.lang.Class@416a5cbb
 =            class estm.dsic.jee.rest.controllers.NoteController
 =       > java.lang.Class@416a5cbb
 =            class estm.dsic.jee.rest.controllers.NoteController
 =       > java.util.LinkedHashSet@7564573b
 =            []
 = < InjectionDiagnosticModule: dump Object array complete
 = 
 = *** Start InjectionEngine Dump    ---> com.ibm.ws.injectionengine.osgi.internal.OSGiInjectionEngineImpl@47c3ab9f
 = 
 =    Default Factories : 
 =       Indirect    = com.ibm.ws.injectionengine.osgi.internal.IndirectJndiLookupReferenceFactoryImpl@416a93ac
 =       ResIndirect = com.ibm.ws.injectionengine.osgi.internal.IndirectJndiLookupReferenceFactoryImpl@fb5f75b
 =       ResRef      = com.ibm.ws.injectionengine.osgi.internal.ResRefReferenceFactoryImpl@6be9d93c
 =       ResAuto     = com.ibm.ws.injectionengine.osgi.internal.ResAutoLinkReferenceFactoryImpl@312c188d
 =       EJBLink     = com.ibm.ws.injectionengine.osgi.internal.EJBLinkReferenceFactoryImpl@244e1af7
 =       MBLink      = com.ibm.ws.injectionengine.factory.MBLinkReferenceFactoryImpl@4e12e0a
 = 
 =    Actual Factories : 
 =       com.ibm.ws.ejbcontainer.injection.factory.MBLinkReferenceFactoryImpl@21e43793
 = 
 =    Registered Processors : 
 =       jakarta.mail.MailSessionDefinition : io.openliberty.mail.internal.injection.MailSessionDefinitionInjectionProcessorProvider@705dab52
 =       jakarta.inject.Inject : com.ibm.ws.cdi.impl.inject.InjectProcessorProvider@24109e0c
 =       jakarta.xml.ws.WebServiceRef : com.ibm.ws.jaxws.client.injection.WebServiceRefProcessorProvider@298c65fa
 =       jakarta.annotation.Resource : com.ibm.ws.injectionengine.processor.ResourceProcessorProvider@29d487f7
 =       jakarta.jms.JMSConnectionFactoryDefinition : com.ibm.ws.jca.processor.jms.connectionfactory.JMSConnectionFactoryDefinitionProcessorProvider@344eaea4
 =       jakarta.resource.ConnectionFactoryDefinition : com.ibm.ws.jca17.processor.ConnectionFactoryDefinitionProcessorProvider@148eb6df
 =       jakarta.enterprise.concurrent.ManagedScheduledExecutorDefinition : io.openliberty.concurrent.internal.processor.ManagedScheduledExecutorDefinitionProvider@5ee7a201
 =       jakarta.persistence.PersistenceUnit : com.ibm.ws.jpa.container.osgi.internal.JPAPUnitProcessorProvider@53016d15
 =       jakarta.resource.AdministeredObjectDefinition : com.ibm.ws.jca17.processor.AdministeredObjectDefinitionProcessorProvider@127bc25f
 =       jakarta.enterprise.concurrent.ManagedExecutorDefinition : io.openliberty.concurrent.internal.processor.ManagedExecutorDefinitionProvider@7322a681
 =       jakarta.ejb.EJB : com.ibm.ws.ejb.injection.processor.EJBProcessorProvider@1036e54e
 =       jakarta.enterprise.concurrent.ManagedThreadFactoryDefinition : io.openliberty.concurrent.internal.processor.ManagedThreadFactoryDefinitionProvider@48874b98
 =       jakarta.annotation.sql.DataSourceDefinition : com.ibm.ws.injectionengine.processor.DataSourceDefinitionProcessorProvider@4a201ed
 =       jakarta.persistence.PersistenceContext : com.ibm.ws.jpa.container.osgi.internal.JPAPCtxtProcessorProvider@6252a956
 =       jakarta.enterprise.concurrent.ContextServiceDefinition : io.openliberty.concurrent.internal.processor.ContextServiceDefinitionProvider@45e92cc7
 =       jakarta.jms.JMSDestinationDefinition : com.ibm.ws.jca.processor.jms.destination.JMSDestinationDefinitionProcessorProvider@37c06469
 = 
 =    Registered Object Factories : 
 = 
 =    Registered No-Override Object Factories : 
 =       jakarta.annotation.Resource
 =          jakarta.transaction.TransactionSynchronizationRegistry : com.ibm.ws.transaction.services.TransactionSynchronizationRegistryObjectFactoryInfo@23f9a615
 =          jakarta.enterprise.inject.spi.BeanManager : com.ibm.ws.cdi.jndi.liberty.BeanManagerObjectFactoryInfo@5416b325
 =          jakarta.transaction.UserTransaction : com.ibm.ws.transaction.services.TransactionObjectFactoryInfo@58152274
 =          jakarta.ejb.EJBContext : com.ibm.ws.injectionengine.ObjectFactoryInfoImpl@6cc2f633[class com.ibm.ws.ejbcontainer.injection.factory.EJBContextObjectFactory, null]
 =          org.omg.CORBA.ORB : com.ibm.ws.ejbcontainer.remote.internal.ORBObjectFactoryInfo@2652cb0
 =          jakarta.ejb.TimerService : com.ibm.ws.injectionengine.ObjectFactoryInfoImpl@630b2842[class com.ibm.ws.ejbcontainer.injection.factory.TimerServiceObjectFactory, null]
 =          jakarta.ejb.SessionContext : com.ibm.ws.injectionengine.ObjectFactoryInfoImpl@127ca0d5[class com.ibm.ws.ejbcontainer.injection.factory.EJBContextObjectFactory, null]
 =          com.ibm.websphere.ejbcontainer.SessionContextExtension : com.ibm.ws.injectionengine.ObjectFactoryInfoImpl@69f4bfc7[class com.ibm.ws.ejbcontainer.injection.factory.EJBContextObjectFactory, null]
 =          jakarta.validation.Validator : com.ibm.ws.beanvalidation.ValidatorObjectFactoryInfo@425f0ee5
 =          com.ibm.websphere.ejbcontainer.EJBContextExtension : com.ibm.ws.injectionengine.ObjectFactoryInfoImpl@782c77d4[class com.ibm.ws.ejbcontainer.injection.factory.EJBContextObjectFactory, null]
 =          jakarta.ejb.MessageDrivenContext : com.ibm.ws.injectionengine.ObjectFactoryInfoImpl@fa10a0c[class com.ibm.ws.ejbcontainer.injection.factory.EJBContextObjectFactory, null]
 =          jakarta.xml.ws.WebServiceContext : com.ibm.ws.jaxws.injection.WebServiceContextObjectFactoryInfo@43e796b8
 =          jakarta.ejb.EntityContext : com.ibm.ws.injectionengine.ObjectFactoryInfoImpl@79758007[class com.ibm.ws.ejbcontainer.injection.factory.EJBContextObjectFactory, null]
 =          com.ibm.wsspi.uow.UOWManager : com.ibm.ws.transaction.services.UOWManagerObjectFactoryInfo@62fcca2a
 =          com.ibm.websphere.ejbcontainer.MessageDrivenContextExtension : com.ibm.ws.injectionengine.ObjectFactoryInfoImpl@658a5d13[class com.ibm.ws.ejbcontainer.injection.factory.EJBContextObjectFactory, null]
 =          jakarta.validation.ValidatorFactory : com.ibm.ws.beanvalidation.ValidatorFactoryObjectFactoryInfo@1a27454c
 = 
 =    Registered Override Reference Factories : 
 = 
 =    Registered MetaDataListeners : 
 =       com.ibm.ws.cdi.impl.CDIContainerImpl@4f878bb7
 =       com.ibm.ws.jaxws.support.JaxWsInjectionMetaDataListener@4baea5f7
 =       com.ibm.ws.ejbcontainer.osgi.internal.EJBRuntimeImpl@7c7b0b54
 = 
 =    isEmbeddable    : false
 = 
 = *** InjectionEngine Dump Complete ***
 = 
 = *** InjectionDiagnosticModule Dump Complete ***
+ Data for directive [Default] obtained. = 
==> Dump complete for com.ibm.ws.injectionengine.ffdc.InjectionDiagnosticModule  = Wed Mar 06 08:51:37 WEST 2024
